#
# There is insufficient memory for the Java Runtime Environment to continue.
# Native memory allocation (malloc) failed to allocate 2191040 bytes for Chunk::new
# Possible reasons:
#   The system is out of physical RAM or swap space
#   The process is running with CompressedOops enabled, and the Java Heap may be blocking the growth of the native heap
# Possible solutions:
#   Reduce memory load on the system
#   Increase physical memory or swap space
#   Check if swap backing store is full
#   Decrease Java heap size (-Xmx/-Xms)
#   Decrease number of Java threads
#   Decrease Java thread stack sizes (-Xss)
#   Set larger code cache with -XX:ReservedCodeCacheSize=
#   JVM is running with Unscaled Compressed Oops mode in which the Java heap is
#     placed in the first 4GB address space. The Java Heap base address is the
#     maximum limit for the native heap growth. Please use -XX:HeapBaseMinAddress
#     to set the Java Heap base and to place the Java Heap above 4GB virtual address.
# This output file may be truncated or incomplete.
#
#  Out of Memory Error (arena.cpp:168), pid=8320, tid=11020
#
# JRE version: Java(TM) SE Runtime Environment (21.0.4+8) (build 21.0.4+8-LTS-274)
# Java VM: Java HotSpot(TM) 64-Bit Server VM (21.0.4+8-LTS-274, mixed mode, sharing, tiered, compressed oops, compressed class ptrs, g1 gc, windows-amd64)
# No core dump will be written. Minidumps are not enabled by default on client versions of Windows
#

---------------  S U M M A R Y ------------

Command Line: -javaagent:C:\Users\Ric\AppData\Local\Programs\IntelliJ IDEA Community Edition\lib\idea_rt.jar=1589:C:\Users\Ric\AppData\Local\Programs\IntelliJ IDEA Community Edition\bin -Dfile.encoding=UTF-8 -Dsun.stdout.encoding=UTF-8 -Dsun.stderr.encoding=UTF-8 com.hasinarezida.biblio.BiblioApplication

Host: Intel(R) Core(TM) i5-3210M CPU @ 2.50GHz, 4 cores, 3G,  Windows 10 , 64 bit Build 19041 (10.0.19041.4717)
Time: Tue Sep 10 15:48:56 2024 E. Africa Standard Time elapsed time: 31.553877 seconds (0d 0h 0m 31s)

---------------  T H R E A D  ---------------

Current thread (0x000001ca67972b60):  JavaThread "C2 CompilerThread0" daemon [_thread_in_native, id=11020, stack(0x00000093d8400000,0x00000093d8500000) (1024K)]


Current CompileTask:
C2:  31554 4582       4       jdk.internal.loader.ClassLoaders$AppClassLoader::loadClass (40 bytes)

Stack: [0x00000093d8400000,0x00000093d8500000]
Native frames: (J=compiled Java code, j=interpreted, Vv=VM code, C=native code)
V  [jvm.dll+0x6c8e59]
V  [jvm.dll+0x853181]
V  [jvm.dll+0x8556ae]
V  [jvm.dll+0x855d83]
V  [jvm.dll+0x27d526]
V  [jvm.dll+0xc4aad]
V  [jvm.dll+0xc4fe3]
V  [jvm.dll+0x3b400c]
V  [jvm.dll+0x1df439]
V  [jvm.dll+0x2463d2]
V  [jvm.dll+0x24585f]
V  [jvm.dll+0x1c69de]
V  [jvm.dll+0x254d49]
V  [jvm.dll+0x2532da]
V  [jvm.dll+0x3ed426]
V  [jvm.dll+0x7fd65b]
V  [jvm.dll+0x6c753d]
C  [ucrtbase.dll+0x21bb2]
C  [KERNEL32.DLL+0x17374]
C  [ntdll.dll+0x4cc91]


---------------  P R O C E S S  ---------------

Threads class SMR info:
_java_thread_list=0x000001ca6e02c010, length=20, elements={
0x000001ca4adf6200, 0x000001ca67963a10, 0x000001ca679667f0, 0x000001ca6796a520,
0x000001ca6796af80, 0x000001ca6796c180, 0x000001ca6796d380, 0x000001ca67972b60,
0x000001ca679781c0, 0x000001ca67b993a0, 0x000001ca67f3d380, 0x000001ca6c044880,
0x000001ca6c7cd710, 0x000001ca6c3857a0, 0x000001ca6d4a6750, 0x000001ca6e8183f0,
0x000001ca6d4d17b0, 0x000001ca6e89d5e0, 0x000001ca6e8d5de0, 0x000001ca6e89bcb0
}

Java Threads: ( => current thread )
  0x000001ca4adf6200 JavaThread "main"                              [_thread_blocked, id=11316, stack(0x00000093d7600000,0x00000093d7700000) (1024K)]
  0x000001ca67963a10 JavaThread "Reference Handler"          daemon [_thread_blocked, id=11408, stack(0x00000093d7e00000,0x00000093d7f00000) (1024K)]
  0x000001ca679667f0 JavaThread "Finalizer"                  daemon [_thread_blocked, id=8224, stack(0x00000093d7f00000,0x00000093d8000000) (1024K)]
  0x000001ca6796a520 JavaThread "Signal Dispatcher"          daemon [_thread_blocked, id=8156, stack(0x00000093d8000000,0x00000093d8100000) (1024K)]
  0x000001ca6796af80 JavaThread "Attach Listener"            daemon [_thread_blocked, id=13132, stack(0x00000093d8100000,0x00000093d8200000) (1024K)]
  0x000001ca6796c180 JavaThread "Service Thread"             daemon [_thread_blocked, id=2236, stack(0x00000093d8200000,0x00000093d8300000) (1024K)]
  0x000001ca6796d380 JavaThread "Monitor Deflation Thread"   daemon [_thread_blocked, id=10592, stack(0x00000093d8300000,0x00000093d8400000) (1024K)]
=>0x000001ca67972b60 JavaThread "C2 CompilerThread0"         daemon [_thread_in_native, id=11020, stack(0x00000093d8400000,0x00000093d8500000) (1024K)]
  0x000001ca679781c0 JavaThread "C1 CompilerThread0"         daemon [_thread_blocked, id=8628, stack(0x00000093d8500000,0x00000093d8600000) (1024K)]
  0x000001ca67b993a0 JavaThread "Common-Cleaner"             daemon [_thread_blocked, id=12760, stack(0x00000093d8600000,0x00000093d8700000) (1024K)]
  0x000001ca67f3d380 JavaThread "Monitor Ctrl-Break"         daemon [_thread_in_native, id=1220, stack(0x00000093d8700000,0x00000093d8800000) (1024K)]
  0x000001ca6c044880 JavaThread "Notification Thread"        daemon [_thread_blocked, id=12460, stack(0x00000093d8800000,0x00000093d8900000) (1024K)]
  0x000001ca6c7cd710 JavaThread "Thread-0"                          [_thread_blocked, id=13220, stack(0x00000093d8c00000,0x00000093d8d00000) (1024K)]
  0x000001ca6c3857a0 JavaThread "restartedMain"                     [_thread_in_vm, id=8944, stack(0x00000093d8d00000,0x00000093d8e00000) (1024K)]
  0x000001ca6d4a6750 JavaThread "PostgreSQL-JDBC-Cleaner"    daemon [_thread_blocked, id=13060, stack(0x00000093d8f00000,0x00000093d9000000) (1024K)]
  0x000001ca6e8183f0 JavaThread "HikariPool-1 housekeeper"   daemon [_thread_blocked, id=1552, stack(0x00000093d9000000,0x00000093d9100000) (1024K)]
  0x000001ca6d4d17b0 JavaThread "HikariPool-1 connection adder" daemon [_thread_blocked, id=7928, stack(0x00000093d9100000,0x00000093d9200000) (1024K)]
  0x000001ca6e89d5e0 JavaThread "Catalina-utility-1"                [_thread_blocked, id=13208, stack(0x00000093d9200000,0x00000093d9300000) (1024K)]
  0x000001ca6e8d5de0 JavaThread "Catalina-utility-2"                [_thread_blocked, id=2348, stack(0x00000093d9300000,0x00000093d9400000) (1024K)]
  0x000001ca6e89bcb0 JavaThread "container-0"                       [_thread_blocked, id=5808, stack(0x00000093d9400000,0x00000093d9500000) (1024K)]
Total: 20

Other Threads:
  0x000001ca4aca05b0 VMThread "VM Thread"                           [id=12084, stack(0x00000093d7d00000,0x00000093d7e00000) (1024K)]
  0x000001ca4aea08d0 WatcherThread "VM Periodic Task Thread"        [id=9052, stack(0x00000093d7c00000,0x00000093d7d00000) (1024K)]
  0x000001ca4aca1090 WorkerThread "GC Thread#0"                     [id=11884, stack(0x00000093d7700000,0x00000093d7800000) (1024K)]
  0x000001ca4ac9f730 WorkerThread "GC Thread#1"                     [id=8928, stack(0x00000093d8900000,0x00000093d8a00000) (1024K)]
  0x000001ca4aca0cf0 WorkerThread "GC Thread#2"                     [id=6660, stack(0x00000093d8a00000,0x00000093d8b00000) (1024K)]
  0x000001ca6c3e71e0 WorkerThread "GC Thread#3"                     [id=9072, stack(0x00000093d8b00000,0x00000093d8c00000) (1024K)]
  0x000001ca4ae375f0 ConcurrentGCThread "G1 Main Marker"            [id=7500, stack(0x00000093d7800000,0x00000093d7900000) (1024K)]
  0x000001ca4ac9fad0 WorkerThread "G1 Conc#0"                       [id=8956, stack(0x00000093d7900000,0x00000093d7a00000) (1024K)]
  0x000001ca4ae8f4d0 ConcurrentGCThread "G1 Refine#0"               [id=8780, stack(0x00000093d7a00000,0x00000093d7b00000) (1024K)]
  0x000001ca4ae8ff50 ConcurrentGCThread "G1 Service"                [id=11540, stack(0x00000093d7b00000,0x00000093d7c00000) (1024K)]
Total: 10

Threads with active compile tasks:
C2 CompilerThread0    31672 4582       4       jdk.internal.loader.ClassLoaders$AppClassLoader::loadClass (40 bytes)
Total: 1

VM state: not at safepoint (normal execution)

VM Mutex/Monitor currently owned by a thread: None

Heap address: 0x00000000c2800000, size: 984 MB, Compressed Oops mode: 32-bit

CDS archive(s) mapped at: [0x000001ca00000000-0x000001ca00c90000-0x000001ca00c90000), size 13172736, SharedBaseAddress: 0x000001ca00000000, ArchiveRelocationMode: 1.
Compressed class space mapped at: 0x000001ca01000000-0x000001ca41000000, reserved size: 1073741824
Narrow klass base: 0x000001ca00000000, Narrow klass shift: 0, Narrow klass range: 0x100000000

GC Precious Log:
 CardTable entry size: 512
 Card Set container configuration: InlinePtr #cards 5 size 8 Array Of Cards #cards 12 size 40 Howl #buckets 4 coarsen threshold 1843 Howl Bitmap #cards 512 size 80 coarsen threshold 460 Card regions per heap region 1 cards per card region 2048
 CPUs: 4 total, 4 available
 Memory: 3933M
 Large Page Support: Disabled
 NUMA Support: Disabled
 Compressed Oops: Enabled (32-bit)
 Heap Region Size: 1M
 Heap Min Capacity: 8M
 Heap Initial Capacity: 62M
 Heap Max Capacity: 984M
 Pre-touch: Disabled
 Parallel Workers: 4
 Concurrent Workers: 1
 Concurrent Refinement Workers: 4
 Periodic GC: Disabled

Heap:
 garbage-first heap   total 55296K, used 30024K [0x00000000c2800000, 0x0000000100000000)
  region size 1024K, 12 young (12288K), 3 survivors (3072K)
 Metaspace       used 43775K, committed 44352K, reserved 1114112K
  class space    used 5728K, committed 5952K, reserved 1048576K

Heap Regions: E=young(eden), S=young(survivor), O=old, HS=humongous(starts), HC=humongous(continues), CS=collection set, F=free, TAMS=top-at-mark-start, PB=parsable bottom
|   0|0x00000000c2800000, 0x00000000c2900000, 0x00000000c2900000|100%|HS|  |TAMS 0x00000000c2800000| PB 0x00000000c2800000| Complete 
|   1|0x00000000c2900000, 0x00000000c2a00000, 0x00000000c2a00000|100%| O|  |TAMS 0x00000000c2900000| PB 0x00000000c2900000| Untracked 
|   2|0x00000000c2a00000, 0x00000000c2b00000, 0x00000000c2b00000|100%| O|  |TAMS 0x00000000c2a00000| PB 0x00000000c2a00000| Untracked 
|   3|0x00000000c2b00000, 0x00000000c2c00000, 0x00000000c2c00000|100%| O|  |TAMS 0x00000000c2b00000| PB 0x00000000c2b00000| Untracked 
|   4|0x00000000c2c00000, 0x00000000c2d00000, 0x00000000c2d00000|100%| O|  |TAMS 0x00000000c2c00000| PB 0x00000000c2c00000| Untracked 
|   5|0x00000000c2d00000, 0x00000000c2e00000, 0x00000000c2e00000|100%| O|  |TAMS 0x00000000c2d00000| PB 0x00000000c2d00000| Untracked 
|   6|0x00000000c2e00000, 0x00000000c2f00000, 0x00000000c2f00000|100%| O|  |TAMS 0x00000000c2e00000| PB 0x00000000c2e00000| Untracked 
|   7|0x00000000c2f00000, 0x00000000c3000000, 0x00000000c3000000|100%| O|  |TAMS 0x00000000c2f00000| PB 0x00000000c2f00000| Untracked 
|   8|0x00000000c3000000, 0x00000000c3100000, 0x00000000c3100000|100%| O|  |TAMS 0x00000000c3000000| PB 0x00000000c3000000| Untracked 
|   9|0x00000000c3100000, 0x00000000c3200000, 0x00000000c3200000|100%| O|  |TAMS 0x00000000c3100000| PB 0x00000000c3100000| Untracked 
|  10|0x00000000c3200000, 0x00000000c3300000, 0x00000000c3300000|100%| O|  |TAMS 0x00000000c3200000| PB 0x00000000c3200000| Untracked 
|  11|0x00000000c3300000, 0x00000000c3400000, 0x00000000c3400000|100%| O|  |TAMS 0x00000000c3300000| PB 0x00000000c3300000| Untracked 
|  12|0x00000000c3400000, 0x00000000c3500000, 0x00000000c3500000|100%| O|  |TAMS 0x00000000c3400000| PB 0x00000000c3400000| Untracked 
|  13|0x00000000c3500000, 0x00000000c3600000, 0x00000000c3600000|100%| O|Cm|TAMS 0x00000000c3500000| PB 0x00000000c3500000| Complete 
|  14|0x00000000c3600000, 0x00000000c3700000, 0x00000000c3700000|100%| O|  |TAMS 0x00000000c3600000| PB 0x00000000c3600000| Untracked 
|  15|0x00000000c3700000, 0x00000000c3800000, 0x00000000c3800000|100%| O|  |TAMS 0x00000000c3700000| PB 0x00000000c3700000| Untracked 
|  16|0x00000000c3800000, 0x00000000c3900000, 0x00000000c3900000|100%| O|  |TAMS 0x00000000c3800000| PB 0x00000000c3800000| Untracked 
|  17|0x00000000c3900000, 0x00000000c3a00000, 0x00000000c3a00000|100%| O|  |TAMS 0x00000000c3900000| PB 0x00000000c3900000| Untracked 
|  18|0x00000000c3a00000, 0x00000000c3a86020, 0x00000000c3b00000| 52%| O|  |TAMS 0x00000000c3a00000| PB 0x00000000c3a00000| Untracked 
|  19|0x00000000c3b00000, 0x00000000c3b00000, 0x00000000c3c00000|  0%| F|  |TAMS 0x00000000c3b00000| PB 0x00000000c3b00000| Untracked 
|  20|0x00000000c3c00000, 0x00000000c3c00000, 0x00000000c3d00000|  0%| F|  |TAMS 0x00000000c3c00000| PB 0x00000000c3c00000| Untracked 
|  21|0x00000000c3d00000, 0x00000000c3d00000, 0x00000000c3e00000|  0%| F|  |TAMS 0x00000000c3d00000| PB 0x00000000c3d00000| Untracked 
|  22|0x00000000c3e00000, 0x00000000c3e00000, 0x00000000c3f00000|  0%| F|  |TAMS 0x00000000c3e00000| PB 0x00000000c3e00000| Untracked 
|  23|0x00000000c3f00000, 0x00000000c3fcc198, 0x00000000c4000000| 79%| S|CS|TAMS 0x00000000c3f00000| PB 0x00000000c3f00000| Complete 
|  24|0x00000000c4000000, 0x00000000c4100000, 0x00000000c4100000|100%| S|CS|TAMS 0x00000000c4000000| PB 0x00000000c4000000| Complete 
|  25|0x00000000c4100000, 0x00000000c4200000, 0x00000000c4200000|100%| S|CS|TAMS 0x00000000c4100000| PB 0x00000000c4100000| Complete 
|  26|0x00000000c4200000, 0x00000000c4200000, 0x00000000c4300000|  0%| F|  |TAMS 0x00000000c4200000| PB 0x00000000c4200000| Untracked 
|  27|0x00000000c4300000, 0x00000000c4300000, 0x00000000c4400000|  0%| F|  |TAMS 0x00000000c4300000| PB 0x00000000c4300000| Untracked 
|  28|0x00000000c4400000, 0x00000000c4400000, 0x00000000c4500000|  0%| F|  |TAMS 0x00000000c4400000| PB 0x00000000c4400000| Untracked 
|  29|0x00000000c4500000, 0x00000000c4500000, 0x00000000c4600000|  0%| F|  |TAMS 0x00000000c4500000| PB 0x00000000c4500000| Untracked 
|  30|0x00000000c4600000, 0x00000000c4600000, 0x00000000c4700000|  0%| F|  |TAMS 0x00000000c4600000| PB 0x00000000c4600000| Untracked 
|  31|0x00000000c4700000, 0x00000000c4700000, 0x00000000c4800000|  0%| F|  |TAMS 0x00000000c4700000| PB 0x00000000c4700000| Untracked 
|  32|0x00000000c4800000, 0x00000000c4800000, 0x00000000c4900000|  0%| F|  |TAMS 0x00000000c4800000| PB 0x00000000c4800000| Untracked 
|  33|0x00000000c4900000, 0x00000000c4900000, 0x00000000c4a00000|  0%| F|  |TAMS 0x00000000c4900000| PB 0x00000000c4900000| Untracked 
|  34|0x00000000c4a00000, 0x00000000c4a00000, 0x00000000c4b00000|  0%| F|  |TAMS 0x00000000c4a00000| PB 0x00000000c4a00000| Untracked 
|  35|0x00000000c4b00000, 0x00000000c4b00000, 0x00000000c4c00000|  0%| F|  |TAMS 0x00000000c4b00000| PB 0x00000000c4b00000| Untracked 
|  36|0x00000000c4c00000, 0x00000000c4c00000, 0x00000000c4d00000|  0%| F|  |TAMS 0x00000000c4c00000| PB 0x00000000c4c00000| Untracked 
|  37|0x00000000c4d00000, 0x00000000c4d00000, 0x00000000c4e00000|  0%| F|  |TAMS 0x00000000c4d00000| PB 0x00000000c4d00000| Untracked 
|  38|0x00000000c4e00000, 0x00000000c4e00000, 0x00000000c4f00000|  0%| F|  |TAMS 0x00000000c4e00000| PB 0x00000000c4e00000| Untracked 
|  39|0x00000000c4f00000, 0x00000000c4f00000, 0x00000000c5000000|  0%| F|  |TAMS 0x00000000c4f00000| PB 0x00000000c4f00000| Untracked 
|  40|0x00000000c5000000, 0x00000000c5000000, 0x00000000c5100000|  0%| F|  |TAMS 0x00000000c5000000| PB 0x00000000c5000000| Untracked 
|  41|0x00000000c5100000, 0x00000000c5100000, 0x00000000c5200000|  0%| F|  |TAMS 0x00000000c5100000| PB 0x00000000c5100000| Untracked 
|  42|0x00000000c5200000, 0x00000000c5200000, 0x00000000c5300000|  0%| F|  |TAMS 0x00000000c5200000| PB 0x00000000c5200000| Untracked 
|  43|0x00000000c5300000, 0x00000000c5300000, 0x00000000c5400000|  0%| F|  |TAMS 0x00000000c5300000| PB 0x00000000c5300000| Untracked 
|  44|0x00000000c5400000, 0x00000000c5400000, 0x00000000c5500000|  0%| F|  |TAMS 0x00000000c5400000| PB 0x00000000c5400000| Untracked 
|  45|0x00000000c5500000, 0x00000000c556d768, 0x00000000c5600000| 42%| E|  |TAMS 0x00000000c5500000| PB 0x00000000c5500000| Complete 
|  46|0x00000000c5600000, 0x00000000c5700000, 0x00000000c5700000|100%| E|CS|TAMS 0x00000000c5600000| PB 0x00000000c5600000| Complete 
|  47|0x00000000c5700000, 0x00000000c5800000, 0x00000000c5800000|100%| E|CS|TAMS 0x00000000c5700000| PB 0x00000000c5700000| Complete 
|  48|0x00000000c5800000, 0x00000000c5900000, 0x00000000c5900000|100%| E|CS|TAMS 0x00000000c5800000| PB 0x00000000c5800000| Complete 
|  49|0x00000000c5900000, 0x00000000c5a00000, 0x00000000c5a00000|100%| E|CS|TAMS 0x00000000c5900000| PB 0x00000000c5900000| Complete 
|  50|0x00000000c5a00000, 0x00000000c5b00000, 0x00000000c5b00000|100%| E|CS|TAMS 0x00000000c5a00000| PB 0x00000000c5a00000| Complete 
|  51|0x00000000c5b00000, 0x00000000c5c00000, 0x00000000c5c00000|100%| E|CS|TAMS 0x00000000c5b00000| PB 0x00000000c5b00000| Complete 
|  52|0x00000000c5c00000, 0x00000000c5d00000, 0x00000000c5d00000|100%| E|CS|TAMS 0x00000000c5c00000| PB 0x00000000c5c00000| Complete 
|  61|0x00000000c6500000, 0x00000000c6600000, 0x00000000c6600000|100%| E|CS|TAMS 0x00000000c6500000| PB 0x00000000c6500000| Complete 

Card table byte_map: [0x000001ca64270000,0x000001ca64460000] _byte_map_base: 0x000001ca63c5c000

Marking Bits: (CMBitMap*) 0x000001ca4ae2f190
 Bits: [0x000001ca64460000, 0x000001ca653c0000)

Polling page: 0x000001ca4aec0000

Metaspace:

Usage:
  Non-class:     37.16 MB used.
      Class:      5.60 MB used.
       Both:     42.76 MB used.

Virtual space:
  Non-class space:       64.00 MB reserved,      37.50 MB ( 59%) committed,  1 nodes.
      Class space:        1.00 GB reserved,       5.81 MB ( <1%) committed,  1 nodes.
             Both:        1.06 GB reserved,      43.31 MB (  4%) committed. 

Chunk freelists:
   Non-Class:  10.14 MB
       Class:  10.00 MB
        Both:  20.14 MB

MaxMetaspaceSize: unlimited
CompressedClassSpaceSize: 1.00 GB
Initial GC threshold: 21.00 MB
Current GC threshold: 59.00 MB
CDS: on
 - commit_granule_bytes: 65536.
 - commit_granule_words: 8192.
 - virtual_space_node_default_size: 8388608.
 - enlarge_chunks_in_place: 1.
 - use_allocation_guard: 0.


Internal statistics:

num_allocs_failed_limit: 6.
num_arena_births: 748.
num_arena_deaths: 0.
num_vsnodes_births: 2.
num_vsnodes_deaths: 0.
num_space_committed: 693.
num_space_uncommitted: 0.
num_chunks_returned_to_freelist: 6.
num_chunks_taken_from_freelist: 2330.
num_chunk_merges: 3.
num_chunk_splits: 1623.
num_chunks_enlarged: 1183.
num_inconsistent_stats: 0.

CodeHeap 'non-profiled nmethods': size=120000Kb used=2273Kb max_used=2273Kb free=117726Kb
 bounds [0x000001ca5c530000, 0x000001ca5c7a0000, 0x000001ca63a60000]
CodeHeap 'profiled nmethods': size=120000Kb used=8471Kb max_used=9085Kb free=111528Kb
 bounds [0x000001ca54a60000, 0x000001ca55340000, 0x000001ca5bf90000]
CodeHeap 'non-nmethods': size=5760Kb used=1539Kb max_used=1565Kb free=4220Kb
 bounds [0x000001ca5bf90000, 0x000001ca5c200000, 0x000001ca5c530000]
 total_blobs=4865 nmethods=4257 adapters=512
 compilation: enabled
              stopped_count=0, restarted_count=0
 full_count=0

Compilation events (20 events):
Event: 31.458 Thread 0x000001ca679781c0 4627       3       org.hibernate.annotations.common.reflection.java.generics.TypeSwitch::<init> (5 bytes)
Event: 31.458 Thread 0x000001ca679781c0 nmethod 4627 0x000001ca54b81a10 code [0x000001ca54b81ba0, 0x000001ca54b81d08]
Event: 31.458 Thread 0x000001ca679781c0 4628       3       org.hibernate.annotations.common.reflection.java.generics.TypeSwitch::doSwitch (86 bytes)
Event: 31.459 Thread 0x000001ca679781c0 nmethod 4628 0x000001ca54ad1910 code [0x000001ca54ad1bc0, 0x000001ca54ad2d80]
Event: 31.459 Thread 0x000001ca679781c0 4629       3       org.hibernate.annotations.common.reflection.java.TypeEnvironmentMap::getOrCompute (24 bytes)
Event: 31.461 Thread 0x000001ca679781c0 nmethod 4629 0x000001ca54ad6e90 code [0x000001ca54ad7120, 0x000001ca54ad7e58]
Event: 31.461 Thread 0x000001ca679781c0 4630       3       jdk.internal.org.objectweb.asm.MethodVisitor::visitTypeInsn (17 bytes)
Event: 31.461 Thread 0x000001ca679781c0 nmethod 4630 0x000001ca54b81410 code [0x000001ca54b815c0, 0x000001ca54b817d0]
Event: 31.474 Thread 0x000001ca679781c0 4632       3       org.hibernate.annotations.common.reflection.java.generics.IdentityTypeEnvironment::bind (2 bytes)
Event: 31.474 Thread 0x000001ca679781c0 nmethod 4632 0x000001ca54caf590 code [0x000001ca54caf720, 0x000001ca54caf830]
Event: 31.474 Thread 0x000001ca679781c0 4633       3       sun.reflect.generics.repository.AbstractRepository::<init> (19 bytes)
Event: 31.474 Thread 0x000001ca679781c0 nmethod 4633 0x000001ca54caef10 code [0x000001ca54caf0c0, 0x000001ca54caf3b8]
Event: 31.483 Thread 0x000001ca679781c0 4634       2       java.lang.reflect.Modifier::isSynthetic (14 bytes)
Event: 31.484 Thread 0x000001ca679781c0 nmethod 4634 0x000001ca54c96510 code [0x000001ca54c966a0, 0x000001ca54c967a0]
Event: 31.484 Thread 0x000001ca679781c0 4635       3       sun.reflect.generics.repository.AbstractRepository::getReifier (8 bytes)
Event: 31.484 Thread 0x000001ca679781c0 nmethod 4635 0x000001ca54e58f10 code [0x000001ca54e590c0, 0x000001ca54e593b0]
Event: 31.492 Thread 0x000001ca679781c0 4636       3       org.hibernate.annotations.common.reflection.java.generics.CompoundTypeEnvironment::create (28 bytes)
Event: 31.493 Thread 0x000001ca679781c0 nmethod 4636 0x000001ca54e86590 code [0x000001ca54e86780, 0x000001ca54e86d50]
Event: 31.538 Thread 0x000001ca679781c0 4637       1       java.lang.ClassValue$ClassValueMap::getCache (5 bytes)
Event: 31.538 Thread 0x000001ca679781c0 nmethod 4637 0x000001ca5c765c90 code [0x000001ca5c765e20, 0x000001ca5c765ee8]

GC Heap History (18 events):
Event: 4.499 GC heap before
{Heap before GC invocations=0 (full 0):
 garbage-first heap   total 63488K, used 13312K [0x00000000c2800000, 0x0000000100000000)
  region size 1024K, 13 young (13312K), 0 survivors (0K)
 Metaspace       used 3416K, committed 3584K, reserved 1114112K
  class space    used 319K, committed 384K, reserved 1048576K
}
Event: 4.513 GC heap after
{Heap after GC invocations=1 (full 0):
 garbage-first heap   total 63488K, used 7104K [0x00000000c2800000, 0x0000000100000000)
  region size 1024K, 2 young (2048K), 2 survivors (2048K)
 Metaspace       used 3416K, committed 3584K, reserved 1114112K
  class space    used 319K, committed 384K, reserved 1048576K
}
Event: 5.669 GC heap before
{Heap before GC invocations=1 (full 0):
 garbage-first heap   total 63488K, used 18368K [0x00000000c2800000, 0x0000000100000000)
  region size 1024K, 14 young (14336K), 2 survivors (2048K)
 Metaspace       used 6361K, committed 6528K, reserved 1114112K
  class space    used 708K, committed 768K, reserved 1048576K
}
Event: 5.674 GC heap after
{Heap after GC invocations=2 (full 0):
 garbage-first heap   total 63488K, used 7684K [0x00000000c2800000, 0x0000000100000000)
  region size 1024K, 1 young (1024K), 1 survivors (1024K)
 Metaspace       used 6361K, committed 6528K, reserved 1114112K
  class space    used 708K, committed 768K, reserved 1048576K
}
Event: 11.930 GC heap before
{Heap before GC invocations=2 (full 0):
 garbage-first heap   total 63488K, used 34308K [0x00000000c2800000, 0x0000000100000000)
  region size 1024K, 28 young (28672K), 1 survivors (1024K)
 Metaspace       used 13954K, committed 14208K, reserved 1114112K
  class space    used 1632K, committed 1728K, reserved 1048576K
}
Event: 11.943 GC heap after
{Heap after GC invocations=3 (full 0):
 garbage-first heap   total 63488K, used 10295K [0x00000000c2800000, 0x0000000100000000)
  region size 1024K, 4 young (4096K), 4 survivors (4096K)
 Metaspace       used 13954K, committed 14208K, reserved 1114112K
  class space    used 1632K, committed 1728K, reserved 1048576K
}
Event: 17.088 GC heap before
{Heap before GC invocations=3 (full 0):
 garbage-first heap   total 63488K, used 42039K [0x00000000c2800000, 0x0000000100000000)
  region size 1024K, 36 young (36864K), 4 survivors (4096K)
 Metaspace       used 19639K, committed 19968K, reserved 1114112K
  class space    used 2353K, committed 2496K, reserved 1048576K
}
Event: 17.104 GC heap after
{Heap after GC invocations=4 (full 0):
 garbage-first heap   total 63488K, used 13427K [0x00000000c2800000, 0x0000000100000000)
  region size 1024K, 5 young (5120K), 5 survivors (5120K)
 Metaspace       used 19639K, committed 19968K, reserved 1114112K
  class space    used 2353K, committed 2496K, reserved 1048576K
}
Event: 19.087 GC heap before
{Heap before GC invocations=4 (full 0):
 garbage-first heap   total 63488K, used 25715K [0x00000000c2800000, 0x0000000100000000)
  region size 1024K, 19 young (19456K), 5 survivors (5120K)
 Metaspace       used 21197K, committed 21504K, reserved 1114112K
  class space    used 2535K, committed 2688K, reserved 1048576K
}
Event: 19.101 GC heap after
{Heap after GC invocations=5 (full 0):
 garbage-first heap   total 63488K, used 14109K [0x00000000c2800000, 0x0000000100000000)
  region size 1024K, 2 young (2048K), 2 survivors (2048K)
 Metaspace       used 21197K, committed 21504K, reserved 1114112K
  class space    used 2535K, committed 2688K, reserved 1048576K
}
Event: 21.352 GC heap before
{Heap before GC invocations=6 (full 0):
 garbage-first heap   total 55296K, used 44829K [0x00000000c2800000, 0x0000000100000000)
  region size 1024K, 32 young (32768K), 2 survivors (2048K)
 Metaspace       used 26462K, committed 26880K, reserved 1114112K
  class space    used 3299K, committed 3520K, reserved 1048576K
}
Event: 21.368 GC heap after
{Heap after GC invocations=7 (full 0):
 garbage-first heap   total 55296K, used 17144K [0x00000000c2800000, 0x0000000100000000)
  region size 1024K, 4 young (4096K), 4 survivors (4096K)
 Metaspace       used 26462K, committed 26880K, reserved 1114112K
  class space    used 3299K, committed 3520K, reserved 1048576K
}
Event: 25.645 GC heap before
{Heap before GC invocations=7 (full 0):
 garbage-first heap   total 55296K, used 42744K [0x00000000c2800000, 0x0000000100000000)
  region size 1024K, 30 young (30720K), 4 survivors (4096K)
 Metaspace       used 32280K, committed 32768K, reserved 1114112K
  class space    used 3998K, committed 4224K, reserved 1048576K
}
Event: 25.661 GC heap after
{Heap after GC invocations=8 (full 0):
 garbage-first heap   total 55296K, used 19279K [0x00000000c2800000, 0x0000000100000000)
  region size 1024K, 3 young (3072K), 3 survivors (3072K)
 Metaspace       used 32280K, committed 32768K, reserved 1114112K
  class space    used 3998K, committed 4224K, reserved 1048576K
}
Event: 26.796 GC heap before
{Heap before GC invocations=8 (full 0):
 garbage-first heap   total 55296K, used 33615K [0x00000000c2800000, 0x0000000100000000)
  region size 1024K, 18 young (18432K), 3 survivors (3072K)
 Metaspace       used 35418K, committed 35968K, reserved 1114112K
  class space    used 4416K, committed 4672K, reserved 1048576K
}
Event: 26.803 GC heap after
{Heap after GC invocations=9 (full 0):
 garbage-first heap   total 55296K, used 20350K [0x00000000c2800000, 0x0000000100000000)
  region size 1024K, 4 young (4096K), 4 survivors (4096K)
 Metaspace       used 35418K, committed 35968K, reserved 1114112K
  class space    used 4416K, committed 4672K, reserved 1048576K
}
Event: 30.789 GC heap before
{Heap before GC invocations=10 (full 0):
 garbage-first heap   total 55296K, used 43902K [0x00000000c2800000, 0x0000000100000000)
  region size 1024K, 28 young (28672K), 4 survivors (4096K)
 Metaspace       used 41442K, committed 42048K, reserved 1114112K
  class space    used 5415K, committed 5696K, reserved 1048576K
}
Event: 30.801 GC heap after
{Heap after GC invocations=11 (full 0):
 garbage-first heap   total 55296K, used 21832K [0x00000000c2800000, 0x0000000100000000)
  region size 1024K, 3 young (3072K), 3 survivors (3072K)
 Metaspace       used 41442K, committed 42048K, reserved 1114112K
  class space    used 5415K, committed 5696K, reserved 1048576K
}

Dll operation events (14 events):
Event: 0.103 Loaded shared library C:\Program Files\Java\jdk-21\bin\java.dll
Event: 0.225 Loaded shared library C:\Program Files\Java\jdk-21\bin\jsvml.dll
Event: 2.818 Loaded shared library C:\Program Files\Java\jdk-21\bin\zip.dll
Event: 2.840 Loaded shared library C:\Program Files\Java\jdk-21\bin\instrument.dll
Event: 2.859 Loaded shared library C:\Program Files\Java\jdk-21\bin\net.dll
Event: 2.865 Loaded shared library C:\Program Files\Java\jdk-21\bin\nio.dll
Event: 2.877 Loaded shared library C:\Program Files\Java\jdk-21\bin\zip.dll
Event: 3.117 Loaded shared library C:\Program Files\Java\jdk-21\bin\jimage.dll
Event: 3.634 Loaded shared library C:\Users\Ric\AppData\Local\Programs\IntelliJ IDEA Community Edition\bin\breakgen64.dll
Event: 3.680 Loaded shared library C:\Program Files\Java\jdk-21\bin\extnet.dll
Event: 5.014 Loaded shared library C:\Program Files\Java\jdk-21\bin\management.dll
Event: 5.021 Loaded shared library C:\Program Files\Java\jdk-21\bin\management_ext.dll
Event: 13.642 Loaded shared library C:\Program Files\Java\jdk-21\bin\sunmscapi.dll
Event: 27.656 Loaded shared library C:\Program Files\Java\jdk-21\bin\verify.dll

Deoptimization events (20 events):
Event: 30.688 Thread 0x000001ca6c3857a0 Uncommon trap: trap_request=0xffffffde fr.pc=0x000001ca5c6cc5a0 relative=0x0000000000001060
Event: 30.688 Thread 0x000001ca6c3857a0 Uncommon trap: reason=class_check action=maybe_recompile pc=0x000001ca5c6cc5a0 method=java.util.concurrent.ConcurrentHashMap.putVal(Ljava/lang/Object;Ljava/lang/Object;Z)Ljava/lang/Object; @ 159 c2
Event: 30.688 Thread 0x000001ca6c3857a0 DEOPT PACKING pc=0x000001ca5c6cc5a0 sp=0x00000093d8dfe090
Event: 30.688 Thread 0x000001ca6c3857a0 DEOPT UNPACKING pc=0x000001ca5bfe46a2 sp=0x00000093d8dfe010 mode 2
Event: 30.689 Thread 0x000001ca6c3857a0 Uncommon trap: trap_request=0xffffffde fr.pc=0x000001ca5c6cc5a0 relative=0x0000000000001060
Event: 30.689 Thread 0x000001ca6c3857a0 Uncommon trap: reason=class_check action=maybe_recompile pc=0x000001ca5c6cc5a0 method=java.util.concurrent.ConcurrentHashMap.putVal(Ljava/lang/Object;Ljava/lang/Object;Z)Ljava/lang/Object; @ 159 c2
Event: 30.689 Thread 0x000001ca6c3857a0 DEOPT PACKING pc=0x000001ca5c6cc5a0 sp=0x00000093d8dfe090
Event: 30.689 Thread 0x000001ca6c3857a0 DEOPT UNPACKING pc=0x000001ca5bfe46a2 sp=0x00000093d8dfe010 mode 2
Event: 30.690 Thread 0x000001ca6c3857a0 Uncommon trap: trap_request=0xffffffc6 fr.pc=0x000001ca5c5da7c4 relative=0x0000000000000824
Event: 30.690 Thread 0x000001ca6c3857a0 Uncommon trap: reason=bimorphic_or_optimized_type_check action=maybe_recompile pc=0x000001ca5c5da7c4 method=java.util.HashMap.putVal(ILjava/lang/Object;Ljava/lang/Object;ZZ)Ljava/lang/Object; @ 91 c2
Event: 30.690 Thread 0x000001ca6c3857a0 DEOPT PACKING pc=0x000001ca5c5da7c4 sp=0x00000093d8dfdfe0
Event: 30.690 Thread 0x000001ca6c3857a0 DEOPT UNPACKING pc=0x000001ca5bfe46a2 sp=0x00000093d8dfdf60 mode 2
Event: 31.292 Thread 0x000001ca6c3857a0 Uncommon trap: trap_request=0xffffffde fr.pc=0x000001ca5c53f7c0 relative=0x0000000000000540
Event: 31.292 Thread 0x000001ca6c3857a0 Uncommon trap: reason=class_check action=maybe_recompile pc=0x000001ca5c53f7c0 method=java.security.MessageDigest$Delegate.engineUpdate([BII)V @ 7 c2
Event: 31.292 Thread 0x000001ca6c3857a0 DEOPT PACKING pc=0x000001ca5c53f7c0 sp=0x00000093d8dfd540
Event: 31.292 Thread 0x000001ca6c3857a0 DEOPT UNPACKING pc=0x000001ca5bfe46a2 sp=0x00000093d8dfd4b0 mode 2
Event: 31.292 Thread 0x000001ca6c3857a0 Uncommon trap: trap_request=0xffffffde fr.pc=0x000001ca5c59be18 relative=0x00000000000008b8
Event: 31.292 Thread 0x000001ca6c3857a0 Uncommon trap: reason=class_check action=maybe_recompile pc=0x000001ca5c59be18 method=sun.security.provider.DigestBase.engineDigest([BII)I @ 97 c2
Event: 31.292 Thread 0x000001ca6c3857a0 DEOPT PACKING pc=0x000001ca5c59be18 sp=0x00000093d8dfd4d0
Event: 31.292 Thread 0x000001ca6c3857a0 DEOPT UNPACKING pc=0x000001ca5bfe46a2 sp=0x00000093d8dfd4a0 mode 2

Classes loaded (20 events):
Event: 29.759 Loading class javax/naming/event/NamespaceChangeListener
Event: 29.759 Loading class javax/naming/event/NamespaceChangeListener done
Event: 29.818 Loading class java/security/CodeSigner
Event: 29.819 Loading class java/security/CodeSigner done
Event: 30.189 Loading class java/util/regex/Pattern$1MatcherIterator
Event: 30.190 Loading class java/util/regex/Pattern$1MatcherIterator done
Event: 30.507 Loading class jdk/internal/reflect/MethodHandleIntegerFieldAccessorImpl
Event: 30.509 Loading class jdk/internal/reflect/MethodHandleIntegerFieldAccessorImpl done
Event: 31.291 Loading class sun/security/provider/MD5
Event: 31.292 Loading class sun/security/provider/MD5 done
Event: 31.292 Loading class sun/security/provider/ByteArrayAccess$LE
Event: 31.293 Loading class sun/security/provider/ByteArrayAccess$LE done
Event: 31.294 Loading class java/math/MutableBigInteger
Event: 31.298 Loading class java/math/MutableBigInteger done
Event: 31.475 Loading class sun/reflect/generics/repository/FieldRepository
Event: 31.476 Loading class sun/reflect/generics/repository/FieldRepository done
Event: 31.489 Loading class java/util/stream/ReduceOps$1
Event: 31.490 Loading class java/util/stream/ReduceOps$1 done
Event: 31.490 Loading class java/util/stream/ReduceOps$1ReducingSink
Event: 31.490 Loading class java/util/stream/ReduceOps$1ReducingSink done

Classes unloaded (0 events):
No events

Classes redefined (0 events):
No events

Internal exceptions (20 events):
Event: 21.489 Thread 0x000001ca6c3857a0 Exception <a 'java/lang/NoSuchMethodError'{0x00000000c5cd2398}: 'void java.lang.invoke.DirectMethodHandle$Holder.invokeStatic(java.lang.Object, java.lang.Object, java.lang.Object, int, java.lang.Object)'> (0x00000000c5cd2398) 
thrown [s\open\src\hotspot\share\interpreter\linkResolver.cpp, line 773]
Event: 21.490 Thread 0x000001ca6c3857a0 Exception <a 'java/lang/NoSuchMethodError'{0x00000000c5cd8bd8}: 'java.lang.Object java.lang.invoke.DirectMethodHandle$Holder.newInvokeSpecial(java.lang.Object, java.lang.Object, java.lang.Object, int)'> (0x00000000c5cd8bd8) 
thrown [s\open\src\hotspot\share\interpreter\linkResolver.cpp, line 773]
Event: 21.492 Thread 0x000001ca6c3857a0 Exception <a 'java/lang/NoSuchMethodError'{0x00000000c5cdca58}: 'java.lang.Object java.lang.invoke.DirectMethodHandle$Holder.invokeSpecial(java.lang.Object, java.lang.Object, java.lang.Object, java.lang.Object, int)'> (0x00000000c5cdca58) 
thrown [s\open\src\hotspot\share\interpreter\linkResolver.cpp, line 773]
Event: 21.492 Thread 0x000001ca6c3857a0 Exception <a 'java/lang/NoSuchMethodError'{0x00000000c5cdfee0}: 'java.lang.Object java.lang.invoke.Invokers$Holder.linkToTargetMethod(java.lang.Object, java.lang.Object, int, java.lang.Object)'> (0x00000000c5cdfee0) 
thrown [s\open\src\hotspot\share\interpreter\linkResolver.cpp, line 773]
Event: 21.755 Thread 0x000001ca6c3857a0 Exception <a 'java/lang/NoSuchMethodError'{0x00000000c5872b70}: 'java.lang.Object java.lang.invoke.DirectMethodHandle$Holder.invokeStaticInit(java.lang.Object, int, int, int, int)'> (0x00000000c5872b70) 
thrown [s\open\src\hotspot\share\interpreter\linkResolver.cpp, line 773]
Event: 21.794 Thread 0x000001ca6c3857a0 Exception <a 'java/lang/NoSuchMethodError'{0x00000000c5890c40}: 'java.lang.Object java.lang.invoke.DirectMethodHandle$Holder.invokeStaticInit(java.lang.Object, java.lang.Object, int, int, int, int)'> (0x00000000c5890c40) 
thrown [s\open\src\hotspot\share\interpreter\linkResolver.cpp, line 773]
Event: 22.098 Thread 0x000001ca6c3857a0 Exception <a 'java/lang/NoSuchMethodError'{0x00000000c5136100}: 'int java.lang.invoke.DirectMethodHandle$Holder.invokeVirtual(java.lang.Object, java.lang.Object, java.lang.Object, java.lang.Object)'> (0x00000000c5136100) 
thrown [s\open\src\hotspot\share\interpreter\linkResolver.cpp, line 773]
Event: 22.098 Thread 0x000001ca6c3857a0 Exception <a 'java/lang/NoSuchMethodError'{0x00000000c5139b68}: 'int java.lang.invoke.DelegatingMethodHandle$Holder.reinvoke_L(java.lang.Object, java.lang.Object, java.lang.Object, java.lang.Object)'> (0x00000000c5139b68) 
thrown [s\open\src\hotspot\share\interpreter\linkResolver.cpp, line 773]
Event: 22.231 Thread 0x000001ca6c3857a0 Exception <a 'java/io/FileNotFoundException'{0x00000000c4f48ce8}> (0x00000000c4f48ce8) 
thrown [s\open\src\hotspot\share\prims\jni.cpp, line 520]
Event: 22.289 Thread 0x000001ca6c3857a0 Exception <a 'java/lang/NoSuchMethodError'{0x00000000c4e9eaf0}: 'int java.lang.invoke.DirectMethodHandle$Holder.invokeInterface(java.lang.Object, java.lang.Object, java.lang.Object, java.lang.Object)'> (0x00000000c4e9eaf0) 
thrown [s\open\src\hotspot\share\interpreter\linkResolver.cpp, line 773]
Event: 22.926 Thread 0x000001ca6c3857a0 Exception <a 'java/lang/NoSuchMethodError'{0x00000000c4ac7d48}: method resolution failed> (0x00000000c4ac7d48) 
thrown [s\open\src\hotspot\share\prims\methodHandles.cpp, line 1144]
Event: 22.954 Thread 0x000001ca6c3857a0 Exception <a 'java/lang/NoSuchMethodError'{0x00000000c49148f0}: 'int java.lang.invoke.DirectMethodHandle$Holder.invokeStaticInit(java.lang.Object, java.lang.Object, java.lang.Object, java.lang.Object)'> (0x00000000c49148f0) 
thrown [s\open\src\hotspot\share\interpreter\linkResolver.cpp, line 773]
Event: 25.058 Thread 0x000001ca6c3857a0 Exception <a 'sun/nio/fs/WindowsException'{0x00000000c48febf0}> (0x00000000c48febf0) 
thrown [s\open\src\hotspot\share\prims\jni.cpp, line 520]
Event: 25.528 Thread 0x000001ca6c3857a0 Exception <a 'java/lang/NoSuchMethodError'{0x00000000c4477a48}: 'java.lang.Object java.lang.invoke.DirectMethodHandle$Holder.invokeStaticInit(java.lang.Object, java.lang.Object, java.lang.Object, java.lang.Object)'> (0x00000000c4477a48) 
thrown [s\open\src\hotspot\share\interpreter\linkResolver.cpp, line 773]
Event: 25.822 Thread 0x000001ca6c3857a0 Exception <a 'java/lang/NoSuchMethodError'{0x00000000c5b14990}: 'long java.lang.invoke.DirectMethodHandle$Holder.invokeVirtual(java.lang.Object, java.lang.Object)'> (0x00000000c5b14990) 
thrown [s\open\src\hotspot\share\interpreter\linkResolver.cpp, line 773]
Event: 25.859 Thread 0x000001ca6c3857a0 Exception <a 'java/lang/NoSuchMethodError'{0x00000000c5b4e4e0}: 'long java.lang.invoke.Invokers$Holder.invokeExact_MT(java.lang.Object, java.lang.Object)'> (0x00000000c5b4e4e0) 
thrown [s\open\src\hotspot\share\interpreter\linkResolver.cpp, line 773]
Event: 26.110 Thread 0x000001ca6c3857a0 Exception <a 'java/lang/NoSuchMethodError'{0x00000000c581af40}: 'java.lang.Object java.lang.invoke.DirectMethodHandle$Holder.newInvokeSpecial(java.lang.Object, java.lang.Object, java.lang.Object, java.lang.Object, java.lang.Object, java.lang.Object, java.lang.Object, java.lang.Object, java.lang.Object, java.lang.Object, java.lang.Object)'> (0x00000000c581af40) 
thrown [s\open\src\hotspot\share\interpreter\linkResolver.cpp, line 773]
Event: 26.392 Thread 0x000001ca6c3857a0 Exception <a 'java/lang/NoSuchMethodError'{0x00000000c55b4020}: 'void java.lang.invoke.DelegatingMethodHandle$Holder.reinvoke_L(java.lang.Object, java.lang.Object, java.lang.Object, java.lang.Object, int, java.lang.Object, java.lang.Object, java.lang.Object)'> (0x00000000c55b4020) 
thrown [s\open\src\hotspot\share\interpreter\linkResolver.cpp, line 773]
Event: 29.825 Thread 0x000001ca6c3857a0 Exception <a 'java/lang/NoSuchMethodError'{0x00000000c46c8a78}: 'int java.lang.invoke.DirectMethodHandle$Holder.invokeStatic(java.lang.Object)'> (0x00000000c46c8a78) 
thrown [s\open\src\hotspot\share\interpreter\linkResolver.cpp, line 773]
Event: 30.511 Thread 0x000001ca6c3857a0 Exception <a 'java/lang/NoSuchMethodError'{0x00000000c44f5b20}: 'int java.lang.invoke.Invokers$Holder.invokeExact_MT(java.lang.Object, java.lang.Object)'> (0x00000000c44f5b20) 
thrown [s\open\src\hotspot\share\interpreter\linkResolver.cpp, line 773]

ZGC Phase Switch (0 events):
No events

VM Operations (20 events):
Event: 25.739 Executing VM operation: HandshakeAllThreads (Deoptimize)
Event: 25.739 Executing VM operation: HandshakeAllThreads (Deoptimize) done
Event: 25.741 Executing VM operation: HandshakeAllThreads (Deoptimize)
Event: 25.741 Executing VM operation: HandshakeAllThreads (Deoptimize) done
Event: 25.990 Executing VM operation: HandshakeAllThreads (Deoptimize)
Event: 25.990 Executing VM operation: HandshakeAllThreads (Deoptimize) done
Event: 26.092 Executing VM operation: HandshakeAllThreads (Deoptimize)
Event: 26.092 Executing VM operation: HandshakeAllThreads (Deoptimize) done
Event: 26.595 Executing VM operation: HandshakeAllThreads (Deoptimize)
Event: 26.595 Executing VM operation: HandshakeAllThreads (Deoptimize) done
Event: 26.796 Executing VM operation: CollectForMetadataAllocation (Metadata GC Threshold)
Event: 26.803 Executing VM operation: CollectForMetadataAllocation (Metadata GC Threshold) done
Event: 26.871 Executing VM operation: G1PauseRemark
Event: 26.878 Executing VM operation: G1PauseRemark done
Event: 26.904 Executing VM operation: G1PauseCleanup
Event: 26.904 Executing VM operation: G1PauseCleanup done
Event: 28.926 Executing VM operation: Cleanup
Event: 28.927 Executing VM operation: Cleanup done
Event: 30.789 Executing VM operation: G1CollectForAllocation (G1 Evacuation Pause)
Event: 30.801 Executing VM operation: G1CollectForAllocation (G1 Evacuation Pause) done

Events (20 events):
Event: 26.877 Thread 0x000001ca4aca05b0 flushing nmethod 0x000001ca54c2a990
Event: 26.877 Thread 0x000001ca4aca05b0 flushing nmethod 0x000001ca54c2af10
Event: 26.877 Thread 0x000001ca4aca05b0 flushing nmethod 0x000001ca54c68490
Event: 26.877 Thread 0x000001ca4aca05b0 flushing nmethod 0x000001ca54c68e10
Event: 26.877 Thread 0x000001ca4aca05b0 flushing nmethod 0x000001ca54c6df10
Event: 26.877 Thread 0x000001ca4aca05b0 flushing nmethod 0x000001ca54c93e90
Event: 26.877 Thread 0x000001ca4aca05b0 flushing nmethod 0x000001ca54c96510
Event: 26.877 Thread 0x000001ca4aca05b0 flushing nmethod 0x000001ca54cabc10
Event: 26.877 Thread 0x000001ca4aca05b0 flushing nmethod 0x000001ca54caef10
Event: 26.877 Thread 0x000001ca4aca05b0 flushing nmethod 0x000001ca54caf290
Event: 26.877 Thread 0x000001ca4aca05b0 flushing nmethod 0x000001ca54d36010
Event: 26.877 Thread 0x000001ca4aca05b0 flushing nmethod 0x000001ca54d36990
Event: 26.877 Thread 0x000001ca4aca05b0 flushing nmethod 0x000001ca54df9e90
Event: 26.877 Thread 0x000001ca4aca05b0 flushing nmethod 0x000001ca54dfae10
Event: 26.877 Thread 0x000001ca4aca05b0 flushing nmethod 0x000001ca54dfb310
Event: 26.877 Thread 0x000001ca4aca05b0 flushing nmethod 0x000001ca54e93a90
Event: 26.877 Thread 0x000001ca4aca05b0 flushing nmethod 0x000001ca54f59d10
Event: 26.877 Thread 0x000001ca4aca05b0 flushing nmethod 0x000001ca54f77290
Event: 26.877 Thread 0x000001ca4aca05b0 flushing nmethod 0x000001ca5503ab10
Event: 26.877 Thread 0x000001ca4aca05b0 flushing nmethod 0x000001ca55071e10


Dynamic libraries:
0x00007ff79c040000 - 0x00007ff79c050000 	C:\Program Files\Java\jdk-21\bin\java.exe
0x00007ffa13c90000 - 0x00007ffa13e88000 	C:\Windows\SYSTEM32\ntdll.dll
0x00007ffa12c60000 - 0x00007ffa12d21000 	C:\Windows\System32\KERNEL32.DLL
0x00007ffa11590000 - 0x00007ffa1188d000 	C:\Windows\System32\KERNELBASE.dll
0x00007ffa11340000 - 0x00007ffa11440000 	C:\Windows\System32\ucrtbase.dll
0x00007ffa0e3e0000 - 0x00007ffa0e3fb000 	C:\Program Files\Java\jdk-21\bin\VCRUNTIME140.dll
0x00007ffa0e360000 - 0x00007ffa0e379000 	C:\Program Files\Java\jdk-21\bin\jli.dll
0x00007ffa11e30000 - 0x00007ffa11ee0000 	C:\Windows\System32\ADVAPI32.dll
0x00007ffa11f00000 - 0x00007ffa11f9e000 	C:\Windows\System32\msvcrt.dll
0x00007ffa12b30000 - 0x00007ffa12bd0000 	C:\Windows\System32\sechost.dll
0x00007ffa136b0000 - 0x00007ffa137d3000 	C:\Windows\System32\RPCRT4.dll
0x00007ffa11c90000 - 0x00007ffa11cb7000 	C:\Windows\System32\bcrypt.dll
0x00007ffa13360000 - 0x00007ffa134fd000 	C:\Windows\System32\USER32.dll
0x00007ffa11440000 - 0x00007ffa11462000 	C:\Windows\System32\win32u.dll
0x00007ffa131a0000 - 0x00007ffa131cb000 	C:\Windows\System32\GDI32.dll
0x00007ffa11470000 - 0x00007ffa11587000 	C:\Windows\System32\gdi32full.dll
0x00007ffa11bf0000 - 0x00007ffa11c8d000 	C:\Windows\System32\msvcp_win.dll
0x00007ff9fe4f0000 - 0x00007ff9fe78a000 	C:\Windows\WinSxS\amd64_microsoft.windows.common-controls_6595b64144ccf1df_6.0.19041.4355_none_60b8b9eb71f62e16\COMCTL32.dll
0x00007ffa034c0000 - 0x00007ffa034ca000 	C:\Windows\SYSTEM32\VERSION.dll
0x00007ffa13330000 - 0x00007ffa1335f000 	C:\Windows\System32\IMM32.DLL
0x00007ffa0e350000 - 0x00007ffa0e35c000 	C:\Program Files\Java\jdk-21\bin\vcruntime140_1.dll
0x00007ffa08a40000 - 0x00007ffa08ace000 	C:\Program Files\Java\jdk-21\bin\msvcp140.dll
0x00007ff9df6c0000 - 0x00007ff9e03d3000 	C:\Program Files\Java\jdk-21\bin\server\jvm.dll
0x00007ffa12ac0000 - 0x00007ffa12b2b000 	C:\Windows\System32\WS2_32.dll
0x00007ffa110e0000 - 0x00007ffa1112b000 	C:\Windows\SYSTEM32\POWRPROF.dll
0x00007ff9fe0d0000 - 0x00007ff9fe0f7000 	C:\Windows\SYSTEM32\WINMM.dll
0x00007ffa110c0000 - 0x00007ffa110d2000 	C:\Windows\SYSTEM32\UMPDC.dll
0x00007ffa0f180000 - 0x00007ffa0f192000 	C:\Windows\SYSTEM32\kernel.appcore.dll
0x00007ffa0e340000 - 0x00007ffa0e34a000 	C:\Program Files\Java\jdk-21\bin\jimage.dll
0x00007ff9f90e0000 - 0x00007ff9f92c4000 	C:\Windows\SYSTEM32\DBGHELP.DLL
0x00007ff9f9680000 - 0x00007ff9f96b4000 	C:\Windows\SYSTEM32\dbgcore.DLL
0x00007ffa11890000 - 0x00007ffa11912000 	C:\Windows\System32\bcryptPrimitives.dll
0x00007ffa0e320000 - 0x00007ffa0e32f000 	C:\Program Files\Java\jdk-21\bin\instrument.dll
0x00007ffa0a870000 - 0x00007ffa0a88f000 	C:\Program Files\Java\jdk-21\bin\java.dll
0x00007ffa11fa0000 - 0x00007ffa1270f000 	C:\Windows\System32\SHELL32.dll
0x00007ffa0f380000 - 0x00007ffa0fb1f000 	C:\Windows\SYSTEM32\windows.storage.dll
0x00007ffa12d30000 - 0x00007ffa13083000 	C:\Windows\System32\combase.dll
0x00007ffa10bb0000 - 0x00007ffa10bde000 	C:\Windows\SYSTEM32\Wldp.dll
0x00007ffa12780000 - 0x00007ffa1284d000 	C:\Windows\System32\OLEAUT32.dll
0x00007ffa13090000 - 0x00007ffa1313d000 	C:\Windows\System32\SHCORE.dll
0x00007ffa11cc0000 - 0x00007ffa11d15000 	C:\Windows\System32\shlwapi.dll
0x00007ffa11270000 - 0x00007ffa11294000 	C:\Windows\SYSTEM32\profapi.dll
0x00007ff9ec8a0000 - 0x00007ff9ec977000 	C:\Program Files\Java\jdk-21\bin\jsvml.dll
0x00007ffa08910000 - 0x00007ffa08928000 	C:\Program Files\Java\jdk-21\bin\zip.dll
0x00007ffa0e310000 - 0x00007ffa0e320000 	C:\Program Files\Java\jdk-21\bin\net.dll
0x00007ffa0aa60000 - 0x00007ffa0ab6d000 	C:\Windows\SYSTEM32\WINHTTP.dll
0x00007ffa10990000 - 0x00007ffa109fa000 	C:\Windows\system32\mswsock.dll
0x00007ffa08f90000 - 0x00007ffa08fa6000 	C:\Program Files\Java\jdk-21\bin\nio.dll
0x00007ffa08700000 - 0x00007ffa0871a000 	C:\Users\Ric\AppData\Local\Programs\IntelliJ IDEA Community Edition\bin\breakgen64.dll
0x00007ffa09c20000 - 0x00007ffa09c29000 	C:\Program Files\Java\jdk-21\bin\extnet.dll
0x00007ffa09b70000 - 0x00007ffa09b7a000 	C:\Program Files\Java\jdk-21\bin\management.dll
0x00007ffa08f60000 - 0x00007ffa08f6b000 	C:\Program Files\Java\jdk-21\bin\management_ext.dll
0x00007ffa12710000 - 0x00007ffa12718000 	C:\Windows\System32\PSAPI.DLL
0x00007ffa08cf0000 - 0x00007ffa08cfe000 	C:\Program Files\Java\jdk-21\bin\sunmscapi.dll
0x00007ffa119e0000 - 0x00007ffa11b3e000 	C:\Windows\System32\CRYPT32.dll
0x00007ffa10c20000 - 0x00007ffa10c49000 	C:\Windows\SYSTEM32\ncrypt.dll
0x00007ffa10be0000 - 0x00007ffa10c1b000 	C:\Windows\SYSTEM32\NTASN1.dll
0x00007ffa10f50000 - 0x00007ffa10f68000 	C:\Windows\SYSTEM32\CRYPTSP.dll
0x00007ffa102d0000 - 0x00007ffa10304000 	C:\Windows\system32\rsaenh.dll
0x00007ffa11220000 - 0x00007ffa1124e000 	C:\Windows\SYSTEM32\USERENV.dll
0x00007ffa10b20000 - 0x00007ffa10b2c000 	C:\Windows\SYSTEM32\CRYPTBASE.dll
0x00007ffa10690000 - 0x00007ffa106cb000 	C:\Windows\SYSTEM32\IPHLPAPI.DLL
0x00007ffa12970000 - 0x00007ffa12978000 	C:\Windows\System32\NSI.dll
0x00007ffa106d0000 - 0x00007ffa1079a000 	C:\Windows\SYSTEM32\DNSAPI.dll
0x00007ffa07e20000 - 0x00007ffa07e2a000 	C:\Windows\System32\rasadhlp.dll
0x00007ffa09200000 - 0x00007ffa09280000 	C:\Windows\System32\fwpuclnt.dll
0x00007ffa08f80000 - 0x00007ffa08f90000 	C:\Program Files\Java\jdk-21\bin\verify.dll

dbghelp: loaded successfully - version: 4.0.5 - missing functions: none
symbol engine: initialized successfully - sym options: 0x614 - pdb path: .;C:\Program Files\Java\jdk-21\bin;C:\Windows\SYSTEM32;C:\Windows\WinSxS\amd64_microsoft.windows.common-controls_6595b64144ccf1df_6.0.19041.4355_none_60b8b9eb71f62e16;C:\Program Files\Java\jdk-21\bin\server;C:\Users\Ric\AppData\Local\Programs\IntelliJ IDEA Community Edition\bin

VM Arguments:
jvm_args: -javaagent:C:\Users\Ric\AppData\Local\Programs\IntelliJ IDEA Community Edition\lib\idea_rt.jar=1589:C:\Users\Ric\AppData\Local\Programs\IntelliJ IDEA Community Edition\bin -Dfile.encoding=UTF-8 -Dsun.stdout.encoding=UTF-8 -Dsun.stderr.encoding=UTF-8 
java_command: com.hasinarezida.biblio.BiblioApplication
java_class_path (initial): C:\Users\Ric\Documents\projects\work\library\target\classes;C:\Users\Ric\.m2\repository\org\springframework\boot\spring-boot-starter-web\3.3.2\spring-boot-starter-web-3.3.2.jar;C:\Users\Ric\.m2\repository\org\springframework\boot\spring-boot-starter\3.3.2\spring-boot-starter-3.3.2.jar;C:\Users\Ric\.m2\repository\org\springframework\boot\spring-boot-starter-logging\3.3.2\spring-boot-starter-logging-3.3.2.jar;C:\Users\Ric\.m2\repository\ch\qos\logback\logback-classic\1.5.6\logback-classic-1.5.6.jar;C:\Users\Ric\.m2\repository\ch\qos\logback\logback-core\1.5.6\logback-core-1.5.6.jar;C:\Users\Ric\.m2\repository\org\apache\logging\log4j\log4j-to-slf4j\2.23.1\log4j-to-slf4j-2.23.1.jar;C:\Users\Ric\.m2\repository\org\apache\logging\log4j\log4j-api\2.23.1\log4j-api-2.23.1.jar;C:\Users\Ric\.m2\repository\org\slf4j\jul-to-slf4j\2.0.13\jul-to-slf4j-2.0.13.jar;C:\Users\Ric\.m2\repository\jakarta\annotation\jakarta.annotation-api\2.1.1\jakarta.annotation-api-2.1.1.jar;C:\Users\Ric\.m2\repository\org\yaml\snakeyaml\2.2\snakeyaml-2.2.jar;C:\Users\Ric\.m2\repository\org\springframework\boot\spring-boot-starter-json\3.3.2\spring-boot-starter-json-3.3.2.jar;C:\Users\Ric\.m2\repository\com\fasterxml\jackson\core\jackson-databind\2.17.2\jackson-databind-2.17.2.jar;C:\Users\Ric\.m2\repository\com\fasterxml\jackson\core\jackson-annotations\2.17.2\jackson-annotations-2.17.2.jar;C:\Users\Ric\.m2\repository\com\fasterxml\jackson\core\jackson-core\2.17.2\jackson-core-2.17.2.jar;C:\Users\Ric\.m2\repository\com\fasterxml\jackson\datatype\jackson-datatype-jdk8\2.17.2\jackson-datatype-jdk8-2.17.2.jar;C:\Users\Ric\.m2\repository\com\fasterxml\jackson\datatype\jackson-datatype-jsr310\2.17.2\jackson-datatype-jsr310-2.17.2.jar;C:\Users\Ric\.m2\repository\com\fasterxml\jackson\module\jackson-module-parameter-names\2.17.2\jackson-module-parameter-names-2.17.2.jar;C:\Users\Ric\.m2\repository\org\springframework\boot\spring-boot-starter-tomcat\3.3.2\spring-boot-starter-tomcat-3.3.2.jar;C:\Users\Ric\.m2\repository\org\apache\tomcat\embed\tomcat-embed-core\10.1.26\tomcat-embed-core-10.1.26.jar;C:\Users\Ric\.m2\repository\org\apache\tomcat\embed\tomcat-embed-el\10.1.26\tomcat-embed-el-10.1.26.jar;C:\Users\Ric\.m2\repository\org\apache\tomcat\embed\tomcat-embed-websocket\10.1.26\tomcat-embed-websocket-10.1.26.jar;C:\Users\Ric\.m2\repository\org\springframework\spring-web\6.1.11\spring-web-6.1.11.jar;C:\Users\Ric\.m2\repository\org\springframework\spring-beans\6.1.11\spring-beans-6.1.11.jar;C:\Users\Ric\.m2\repository\io\micrometer\micrometer-observation\1.13.2\micrometer-observation-1.13.2.jar;C:\Users\Ric\.m2\repository\io\micrometer\micrometer-commons\1.13.2\micrometer-commons-1.13.2.jar;C:\Users\Ric\.m2\repository\org\springframework\spring-webmvc\6.1.11\spring-webmvc-6.1.11.jar;C:\Users\Ric\.m2\repository\org\springframework\spring-context\6.1.11\spring-context-6.1.11.jar;C:\Users\Ric\.m2\repository\org\springframework\spring-expression\6.1.11\spring-expression-6.1.11.jar;C:\Users\Ric\.m2\repository\org\springframework\boot\spring-boot-starter-thymeleaf\3.3.2\spring-boot-starter-thymeleaf-3.3.2.jar;C:\Users\Ric\.m2\repository\org\thymeleaf\thymeleaf-spring6\3.1.2.RELEASE\thymeleaf-spring6-3.1.2.RELEASE.jar;C:\Users\Ric\.m2\repository\org\thymeleaf\thymeleaf\3.1.2.RELEASE\thymeleaf-3.1.2.RELEASE.jar;C:\Users\Ric\.m2\repository\org\attoparser\attoparser\2.0.7.RELEASE\attoparser-2.0.7.RELEASE.jar;C:\Users\Ric\.m2\repository\org\unbescape\unbescape\1.1.6.RELEASE\unbescape-1.1.6.RELEASE.jar;C:\Users\Ric\.m2\repository\org\slf4j\slf4j-api\2.0.13\slf4j-api-2.0.13.jar;C:\Users\Ric\.m2\repository\org\springframework\boot\spring-boot-starter-security\3.3.2\spring-boot-starter-security-3.3.2.jar;C:\Users\Ric\.m2\repository\org\springframework\spring-aop\6.1.11\spring-aop-6.1.11.jar;C:\Users\Ric\.m2\repository\org\springframework\security\spring-security-config\6.3.1\spring-security-config-6.3.1.jar;C:\Users\Ric\.m2\repository\org\springframework\security\spring-security-web\6.3.1\spring-security-web-6.3.1.jar;C:\Users\Ric\.m2\repository\org\springframework\boot\spring-boot-starter-data-jpa\3.3.2\spring-boot-starter-data-jpa-3.3.2.jar;C:\Users\Ric\.m2\repository\org\springframework\boot\spring-boot-starter-aop\3.3.2\spring-boot-starter-aop-3.3.2.jar;C:\Users\Ric\.m2\repository\org\aspectj\aspectjweaver\1.9.22.1\aspectjweaver-1.9.22.1.jar;C:\Users\Ric\.m2\repository\org\springframework\boot\spring-boot-starter-jdbc\3.3.2\spring-boot-starter-jdbc-3.3.2.jar;C:\Users\Ric\.m2\repository\com\zaxxer\HikariCP\5.1.0\HikariCP-5.1.0.jar;C:\Users\Ric\.m2\repository\org\springframework\spring-jdbc\6.1.11\spring-jdbc-6.1.11.jar;C:\Users\Ric\.m2\repository\org\hibernate\orm\hibernate-core\6.5.2.Final\hibernate-core-6.5.2.Final.jar;C:\Users\Ric\.m2\repository\jakarta\persistence\jakarta.persistence-api\3.1.0\jakarta.persistence-api-3.1.0.jar;C:\Users\Ric\.m2\repository\jakarta\transaction\jakarta.transaction-api\2.0.1\jakarta.transaction-api-2.0.1.jar;C:\Users\Ric\.m2\repository\org\jboss\logging\jboss-logging\3.5.3.Final\jboss-logging-3.5.3.Final.jar;C:\Users\Ric\.m2\repository\org\hibernate\common\hibernate-commons-annotations\6.0.6.Final\hibernate-commons-annotations-6.0.6.Final.jar;C:\Users\Ric\.m2\repository\io\smallrye\jandex\3.1.2\jandex-3.1.2.jar;C:\Users\Ric\.m2\repository\com\fasterxml\classmate\1.7.0\classmate-1.7.0.jar;C:\Users\Ric\.m2\repository\net\bytebuddy\byte-buddy\1.14.18\byte-buddy-1.14.18.jar;C:\Users\Ric\.m2\repository\org\glassfish\jaxb\jaxb-runtime\4.0.5\jaxb-runtime-4.0.5.jar;C:\Users\Ric\.m2\repository\org\glassfish\jaxb\jaxb-core\4.0.5\jaxb-core-4.0.5.jar;C:\Users\Ric\.m2\repository\org\eclipse\angus\angus-activation\2.0.2\angus-activation-2.0.2.jar;C:\Users\Ric\.m2\repository\org\glassfish\jaxb\txw2\4.0.5\txw2-4.0.5.jar;C:\Users\Ric\.m2\repository\com\sun\istack\istack-commons-runtime\4.1.2\istack-commons-runtime-4.1.2.jar;C:\Users\Ric\.m2\repository\jakarta\inject\jakarta.inject-api\2.0.1\jakarta.inject-api-2.0.1.jar;C:\Users\Ric\.m2\repository\org\antlr\antlr4-runtime\4.13.0\antlr4-runtime-4.13.0.jar;C:\Users\Ric\.m2\repository\org\springframework\data\spring-data-jpa\3.3.2\spring-data-jpa-3.3.2.jar;C:\Users\Ric\.m2\repository\org\springframework\data\spring-data-commons\3.3.2\spring-data-commons-3.3.2.jar;C:\Users\Ric\.m2\repository\org\springframework\spring-orm\6.1.11\spring-orm-6.1.11.jar;C:\Users\Ric\.m2\repository\org\springframework\spring-tx\6.1.11\spring-tx-6.1.11.jar;C:\Users\Ric\.m2\repository\org\springframework\spring-aspects\6.1.11\spring-aspects-6.1.11.jar;C:\Users\Ric\.m2\repository\org\postgresql\postgresql\42.7.3\postgresql-42.7.3.jar;C:\Users\Ric\.m2\repository\org\checkerframework\checker-qual\3.42.0\checker-qual-3.42.0.jar;C:\Users\Ric\.m2\repository\com\h2database\h2\2.2.224\h2-2.2.224.jar;C:\Users\Ric\.m2\repository\org\springframework\boot\spring-boot-devtools\3.3.2\spring-boot-devtools-3.3.2.jar;C:\Users\Ric\.m2\repository\org\springframework\boot\spring-boot\3.3.2\spring-boot-3.3.2.jar;C:\Users\Ric\.m2\repository\org\springframework\boot\spring-boot-autoconfigure\3.3.2\spring-boot-autoconfigure-3.3.2.jar;C:\Users\Ric\.m2\repository\jakarta\xml\bind\jakarta.xml.bind-api\4.0.2\jakarta.xml.bind-api-4.0.2.jar;C:\Users\Ric\.m2\repository\jakarta\activation\jakarta.activation-api\2.1.3\jakarta.activation-api-2.1.3.jar;C:\Users\Ric\.m2\repository\org\springframework\spring-core\6.1.11\spring-core-6.1.11.jar;C:\Users\Ric\.m2\repository\org\springframework\spring-jcl\6.1.11\spring-jcl-6.1.11.jar;C:\Users\Ric\.m2\repository\org\springframework\security\spring-security-core\6.3.1\spring-security-core-6.3.1.jar;C:\Users\Ric\.m2\repository\org\springframework\security\spring-security-crypto\6.3.1\spring-security-crypto-6.3.1.jar
Launcher Type: SUN_STANDARD

[Global flags]
     intx CICompilerCount                          = 3                                         {product} {ergonomic}
     uint ConcGCThreads                            = 1                                         {product} {ergonomic}
     uint G1ConcRefinementThreads                  = 4                                         {product} {ergonomic}
   size_t G1HeapRegionSize                         = 1048576                                   {product} {ergonomic}
    uintx GCDrainStackTargetSize                   = 64                                        {product} {ergonomic}
   size_t InitialHeapSize                          = 65011712                                  {product} {ergonomic}
   size_t MarkStackSize                            = 4194304                                   {product} {ergonomic}
   size_t MaxHeapSize                              = 1031798784                                {product} {ergonomic}
   size_t MaxNewSize                               = 618659840                                 {product} {ergonomic}
   size_t MinHeapDeltaBytes                        = 1048576                                   {product} {ergonomic}
   size_t MinHeapSize                              = 8388608                                   {product} {ergonomic}
    uintx NonNMethodCodeHeapSize                   = 5832780                                {pd product} {ergonomic}
    uintx NonProfiledCodeHeapSize                  = 122912730                              {pd product} {ergonomic}
    uintx ProfiledCodeHeapSize                     = 122912730                              {pd product} {ergonomic}
    uintx ReservedCodeCacheSize                    = 251658240                              {pd product} {ergonomic}
     bool SegmentedCodeCache                       = true                                      {product} {ergonomic}
   size_t SoftMaxHeapSize                          = 1031798784                             {manageable} {ergonomic}
     bool UseCompressedOops                        = true                           {product lp64_product} {ergonomic}
     bool UseG1GC                                  = true                                      {product} {ergonomic}
     bool UseLargePagesIndividualAllocation        = false                                  {pd product} {ergonomic}

Logging:
Log output configuration:
 #0: stdout all=warning uptime,level,tags foldmultilines=false
 #1: stderr all=off uptime,level,tags foldmultilines=false

Environment Variables:
PATH=C:\Program Files\Common Files\Oracle\Java\javapath;C:\Windows\system32;C:\Windows;C:\Windows\System32\Wbem;C:\Windows\System32\WindowsPowerShell\v1.0\;C:\Windows\System32\OpenSSH\;C:\Program Files\Microsoft SQL Server\150\Tools\Binn\;C:\Program Files\Git\bin;C:\Users\Ric\AppData\Roaming\nvm;C:\Program Files\nodejs;C:\Program Files\Docker\Docker\resources\bin;C:\Users\Ric\AppData\Local\Programs\Python\Python311\Scripts\;C:\Users\Ric\AppData\Local\Programs\Python\Python311\;C:\Users\Ric\AppData\Local\Microsoft\WindowsApps;C:\Users\Ric\.dotnet\tools;C:\Users\Ric\AppData\Local\Programs\Microsoft VS Code\bin;C:\dev\flutter\bin;C:\Users\Ric\AppData\Roaming\npm;C:\Users\Ric\AppData\Roaming\nvm;C:\Program Files\nodejs;C:\Users\Ric\AppData\Local\JetBrains\Toolbox\scripts;C:\Users\Ric\modelio\Modelio Open Source 5.4\plugins\org.apache.ant_1.10.9.v20201106-1946\META-INF;C:\Users\Ric\Documents\projects\work\biblio;C:\Program Files\PostgreSQL\16\bin;
USERNAME=Ric
OS=Windows_NT
PROCESSOR_IDENTIFIER=Intel64 Family 6 Model 58 Stepping 9, GenuineIntel
TMP=C:\Users\Ric\AppData\Local\Temp
TEMP=C:\Users\Ric\AppData\Local\Temp




Periodic native trim disabled

---------------  S Y S T E M  ---------------

OS:
 Windows 10 , 64 bit Build 19041 (10.0.19041.4717)
OS uptime: 0 days 23:31 hours
Hyper-V role detected

CPU: total 4 (initial active 4) (2 cores per cpu, 2 threads per core) family 6 model 58 stepping 9 microcode 0x21, cx8, cmov, fxsr, ht, mmx, sse, sse2, sse3, ssse3, sse4.1, sse4.2, popcnt, tsc, tscinvbit, avx, aes, erms, clmul, vzeroupper, clflush, hv, rdtscp, f16c
Processor Information for all 4 processors :
  Max Mhz: 2501, Current Mhz: 2100, Mhz Limit: 2075

Memory: 4k page, system-wide physical 3933M (140M free)
TotalPageFile size 8109M (AvailPageFile size 27M)
current process WorkingSet (physical memory assigned to process): 195M, peak: 212M
current process commit charge ("private bytes"): 234M, peak: 245M

vm_info: Java HotSpot(TM) 64-Bit Server VM (21.0.4+8-LTS-274) for windows-amd64 JRE (21.0.4+8-LTS-274), built on 2024-06-05T05:23:33Z by "mach5one" with MS VC++ 17.6 (VS2022)

END.
