#
# There is insufficient memory for the Java Runtime Environment to continue.
# Native memory allocation (malloc) failed to allocate 418016 bytes for Chunk::new
# Possible reasons:
#   The system is out of physical RAM or swap space
#   The process is running with CompressedOops enabled, and the Java Heap may be blocking the growth of the native heap
# Possible solutions:
#   Reduce memory load on the system
#   Increase physical memory or swap space
#   Check if swap backing store is full
#   Decrease Java heap size (-Xmx/-Xms)
#   Decrease number of Java threads
#   Decrease Java thread stack sizes (-Xss)
#   Set larger code cache with -XX:ReservedCodeCacheSize=
#   JVM is running with Unscaled Compressed Oops mode in which the Java heap is
#     placed in the first 4GB address space. The Java Heap base address is the
#     maximum limit for the native heap growth. Please use -XX:HeapBaseMinAddress
#     to set the Java Heap base and to place the Java Heap above 4GB virtual address.
# This output file may be truncated or incomplete.
#
#  Out of Memory Error (arena.cpp:168), pid=13476, tid=8428
#
# JRE version: Java(TM) SE Runtime Environment (21.0.4+8) (build 21.0.4+8-LTS-274)
# Java VM: Java HotSpot(TM) 64-Bit Server VM (21.0.4+8-LTS-274, mixed mode, sharing, tiered, compressed oops, compressed class ptrs, g1 gc, windows-amd64)
# No core dump will be written. Minidumps are not enabled by default on client versions of Windows
#

---------------  S U M M A R Y ------------

Command Line: -javaagent:C:\Users\Ric\AppData\Local\Programs\IntelliJ IDEA Community Edition\lib\idea_rt.jar=8575:C:\Users\Ric\AppData\Local\Programs\IntelliJ IDEA Community Edition\bin -Dfile.encoding=UTF-8 -Dsun.stdout.encoding=UTF-8 -Dsun.stderr.encoding=UTF-8 com.hasinarezida.biblio.BiblioApplication

Host: Intel(R) Core(TM) i5-3210M CPU @ 2.50GHz, 4 cores, 3G,  Windows 10 , 64 bit Build 19041 (10.0.19041.4717)
Time: Wed Sep  4 10:52:21 2024 E. Africa Standard Time elapsed time: 12.424432 seconds (0d 0h 0m 12s)

---------------  T H R E A D  ---------------

Current thread (0x00000235f3a97e80):  JavaThread "C2 CompilerThread0" daemon [_thread_in_native, id=8428, stack(0x000000a1a5400000,0x000000a1a5500000) (1024K)]


Current CompileTask:
C2:  12424 2145       4       jdk.internal.org.objectweb.asm.Frame::execute (2305 bytes)

Stack: [0x000000a1a5400000,0x000000a1a5500000]
Native frames: (J=compiled Java code, j=interpreted, Vv=VM code, C=native code)
V  [jvm.dll+0x6c8e59]
V  [jvm.dll+0x853181]
V  [jvm.dll+0x8556ae]
V  [jvm.dll+0x855d83]
V  [jvm.dll+0x27d526]
V  [jvm.dll+0xc4aad]
V  [jvm.dll+0xc4fe3]
V  [jvm.dll+0x3b400c]
V  [jvm.dll+0x1df439]
V  [jvm.dll+0x2463d2]
V  [jvm.dll+0x24585f]
V  [jvm.dll+0x1c69de]
V  [jvm.dll+0x254d49]
V  [jvm.dll+0x2532da]
V  [jvm.dll+0x3ed426]
V  [jvm.dll+0x7fd65b]
V  [jvm.dll+0x6c753d]
C  [ucrtbase.dll+0x21bb2]
C  [KERNEL32.DLL+0x17374]
C  [ntdll.dll+0x4cc91]


---------------  P R O C E S S  ---------------

Threads class SMR info:
_java_thread_list=0x00000235f839be40, length=15, elements={
0x00000235d8e64e90, 0x00000235f3a816d0, 0x00000235f3a84460, 0x00000235f3a86840,
0x00000235f3a87450, 0x00000235f3a88800, 0x00000235f3a8ad00, 0x00000235f3a97e80,
0x00000235f3aa32c0, 0x00000235f8070dd0, 0x00000235f806ed00, 0x00000235f8071460,
0x00000235f806dfe0, 0x00000235f806f390, 0x00000235f806e670
}

Java Threads: ( => current thread )
  0x00000235d8e64e90 JavaThread "main"                              [_thread_blocked, id=10596, stack(0x000000a1a4600000,0x000000a1a4700000) (1024K)]
  0x00000235f3a816d0 JavaThread "Reference Handler"          daemon [_thread_blocked, id=12460, stack(0x000000a1a4e00000,0x000000a1a4f00000) (1024K)]
  0x00000235f3a84460 JavaThread "Finalizer"                  daemon [_thread_blocked, id=12392, stack(0x000000a1a4f00000,0x000000a1a5000000) (1024K)]
  0x00000235f3a86840 JavaThread "Signal Dispatcher"          daemon [_thread_blocked, id=8936, stack(0x000000a1a5000000,0x000000a1a5100000) (1024K)]
  0x00000235f3a87450 JavaThread "Attach Listener"            daemon [_thread_blocked, id=14060, stack(0x000000a1a5100000,0x000000a1a5200000) (1024K)]
  0x00000235f3a88800 JavaThread "Service Thread"             daemon [_thread_blocked, id=8116, stack(0x000000a1a5200000,0x000000a1a5300000) (1024K)]
  0x00000235f3a8ad00 JavaThread "Monitor Deflation Thread"   daemon [_thread_blocked, id=5056, stack(0x000000a1a5300000,0x000000a1a5400000) (1024K)]
=>0x00000235f3a97e80 JavaThread "C2 CompilerThread0"         daemon [_thread_in_native, id=8428, stack(0x000000a1a5400000,0x000000a1a5500000) (1024K)]
  0x00000235f3aa32c0 JavaThread "C1 CompilerThread0"         daemon [_thread_in_native, id=4176, stack(0x000000a1a5500000,0x000000a1a5600000) (1024K)]
  0x00000235f8070dd0 JavaThread "Common-Cleaner"             daemon [_thread_blocked, id=13004, stack(0x000000a1a5600000,0x000000a1a5700000) (1024K)]
  0x00000235f806ed00 JavaThread "Monitor Ctrl-Break"         daemon [_thread_in_native, id=4596, stack(0x000000a1a5700000,0x000000a1a5800000) (1024K)]
  0x00000235f8071460 JavaThread "Notification Thread"        daemon [_thread_blocked, id=13176, stack(0x000000a1a5800000,0x000000a1a5900000) (1024K)]
  0x00000235f806dfe0 JavaThread "Thread-0"                          [_thread_blocked, id=13944, stack(0x000000a1a5c00000,0x000000a1a5d00000) (1024K)]
  0x00000235f806f390 JavaThread "restartedMain"                     [_thread_in_Java, id=12264, stack(0x000000a1a5d00000,0x000000a1a5e00000) (1024K)]
  0x00000235f806e670 JavaThread "background-preinit"                [_thread_in_vm, id=10564, stack(0x000000a1a5e00000,0x000000a1a5f00000) (1024K)]
Total: 15

Other Threads:
  0x00000235d8f21460 VMThread "VM Thread"                           [id=4676, stack(0x000000a1a4d00000,0x000000a1a4e00000) (1024K)]
  0x00000235f3a6dc50 WatcherThread "VM Periodic Task Thread"        [id=9308, stack(0x000000a1a4c00000,0x000000a1a4d00000) (1024K)]
  0x00000235d8e9e290 WorkerThread "GC Thread#0"                     [id=11492, stack(0x000000a1a4700000,0x000000a1a4800000) (1024K)]
  0x00000235f877c350 WorkerThread "GC Thread#1"                     [id=12784, stack(0x000000a1a5900000,0x000000a1a5a00000) (1024K)]
  0x00000235f8792d70 WorkerThread "GC Thread#2"                     [id=1124, stack(0x000000a1a5a00000,0x000000a1a5b00000) (1024K)]
  0x00000235f8793110 WorkerThread "GC Thread#3"                     [id=9008, stack(0x000000a1a5b00000,0x000000a1a5c00000) (1024K)]
  0x00000235d8ea76c0 ConcurrentGCThread "G1 Main Marker"            [id=10648, stack(0x000000a1a4800000,0x000000a1a4900000) (1024K)]
  0x00000235d8ea81c0 WorkerThread "G1 Conc#0"                       [id=8976, stack(0x000000a1a4900000,0x000000a1a4a00000) (1024K)]
  0x00000235d8eff980 ConcurrentGCThread "G1 Refine#0"               [id=9248, stack(0x000000a1a4a00000,0x000000a1a4b00000) (1024K)]
  0x00000235d8f004f0 ConcurrentGCThread "G1 Service"                [id=14044, stack(0x000000a1a4b00000,0x000000a1a4c00000) (1024K)]
Total: 10

Threads with active compile tasks:
C2 CompilerThread0    12585 2145       4       jdk.internal.org.objectweb.asm.Frame::execute (2305 bytes)
C1 CompilerThread0    12585 2230       3       java.lang.reflect.Proxy::isProxyClass (22 bytes)
Total: 2

VM state: not at safepoint (normal execution)

VM Mutex/Monitor currently owned by a thread: None

Heap address: 0x00000000c2800000, size: 984 MB, Compressed Oops mode: 32-bit

CDS archive(s) mapped at: [0x0000023580000000-0x0000023580c90000-0x0000023580c90000), size 13172736, SharedBaseAddress: 0x0000023580000000, ArchiveRelocationMode: 1.
Compressed class space mapped at: 0x0000023581000000-0x00000235c1000000, reserved size: 1073741824
Narrow klass base: 0x0000023580000000, Narrow klass shift: 0, Narrow klass range: 0x100000000

GC Precious Log:
 CardTable entry size: 512
 Card Set container configuration: InlinePtr #cards 5 size 8 Array Of Cards #cards 12 size 40 Howl #buckets 4 coarsen threshold 1843 Howl Bitmap #cards 512 size 80 coarsen threshold 460 Card regions per heap region 1 cards per card region 2048
 CPUs: 4 total, 4 available
 Memory: 3933M
 Large Page Support: Disabled
 NUMA Support: Disabled
 Compressed Oops: Enabled (32-bit)
 Heap Region Size: 1M
 Heap Min Capacity: 8M
 Heap Initial Capacity: 62M
 Heap Max Capacity: 984M
 Pre-touch: Disabled
 Parallel Workers: 4
 Concurrent Workers: 1
 Concurrent Refinement Workers: 4
 Periodic GC: Disabled

Heap:
 garbage-first heap   total 63488K, used 26080K [0x00000000c2800000, 0x0000000100000000)
  region size 1024K, 21 young (21504K), 3 survivors (3072K)
 Metaspace       used 17422K, committed 17728K, reserved 1114112K
  class space    used 2109K, committed 2240K, reserved 1048576K

Heap Regions: E=young(eden), S=young(survivor), O=old, HS=humongous(starts), HC=humongous(continues), CS=collection set, F=free, TAMS=top-at-mark-start, PB=parsable bottom
|   0|0x00000000c2800000, 0x00000000c2900000, 0x00000000c2900000|100%|HS|  |TAMS 0x00000000c2800000| PB 0x00000000c2800000| Complete 
|   1|0x00000000c2900000, 0x00000000c2a00000, 0x00000000c2a00000|100%| O|  |TAMS 0x00000000c2900000| PB 0x00000000c2900000| Untracked 
|   2|0x00000000c2a00000, 0x00000000c2b00000, 0x00000000c2b00000|100%| O|  |TAMS 0x00000000c2a00000| PB 0x00000000c2a00000| Untracked 
|   3|0x00000000c2b00000, 0x00000000c2c00000, 0x00000000c2c00000|100%| O|  |TAMS 0x00000000c2b00000| PB 0x00000000c2b00000| Untracked 
|   4|0x00000000c2c00000, 0x00000000c2d00000, 0x00000000c2d00000|100%| O|  |TAMS 0x00000000c2c00000| PB 0x00000000c2c00000| Untracked 
|   5|0x00000000c2d00000, 0x00000000c2e00000, 0x00000000c2e00000|100%| O|  |TAMS 0x00000000c2d00000| PB 0x00000000c2d00000| Untracked 
|   6|0x00000000c2e00000, 0x00000000c2ea7008, 0x00000000c2f00000| 65%| O|  |TAMS 0x00000000c2e00000| PB 0x00000000c2e00000| Untracked 
|   7|0x00000000c2f00000, 0x00000000c2f00000, 0x00000000c3000000|  0%| F|  |TAMS 0x00000000c2f00000| PB 0x00000000c2f00000| Untracked 
|   8|0x00000000c3000000, 0x00000000c3000000, 0x00000000c3100000|  0%| F|  |TAMS 0x00000000c3000000| PB 0x00000000c3000000| Untracked 
|   9|0x00000000c3100000, 0x00000000c3100000, 0x00000000c3200000|  0%| F|  |TAMS 0x00000000c3100000| PB 0x00000000c3100000| Untracked 
|  10|0x00000000c3200000, 0x00000000c3200000, 0x00000000c3300000|  0%| F|  |TAMS 0x00000000c3200000| PB 0x00000000c3200000| Untracked 
|  11|0x00000000c3300000, 0x00000000c3300000, 0x00000000c3400000|  0%| F|  |TAMS 0x00000000c3300000| PB 0x00000000c3300000| Untracked 
|  12|0x00000000c3400000, 0x00000000c3400000, 0x00000000c3500000|  0%| F|  |TAMS 0x00000000c3400000| PB 0x00000000c3400000| Untracked 
|  13|0x00000000c3500000, 0x00000000c3500000, 0x00000000c3600000|  0%| F|  |TAMS 0x00000000c3500000| PB 0x00000000c3500000| Untracked 
|  14|0x00000000c3600000, 0x00000000c3600000, 0x00000000c3700000|  0%| F|  |TAMS 0x00000000c3600000| PB 0x00000000c3600000| Untracked 
|  15|0x00000000c3700000, 0x00000000c3700000, 0x00000000c3800000|  0%| F|  |TAMS 0x00000000c3700000| PB 0x00000000c3700000| Untracked 
|  16|0x00000000c3800000, 0x00000000c3800000, 0x00000000c3900000|  0%| F|  |TAMS 0x00000000c3800000| PB 0x00000000c3800000| Untracked 
|  17|0x00000000c3900000, 0x00000000c3900000, 0x00000000c3a00000|  0%| F|  |TAMS 0x00000000c3900000| PB 0x00000000c3900000| Untracked 
|  18|0x00000000c3a00000, 0x00000000c3a00000, 0x00000000c3b00000|  0%| F|  |TAMS 0x00000000c3a00000| PB 0x00000000c3a00000| Untracked 
|  19|0x00000000c3b00000, 0x00000000c3b00000, 0x00000000c3c00000|  0%| F|  |TAMS 0x00000000c3b00000| PB 0x00000000c3b00000| Untracked 
|  20|0x00000000c3c00000, 0x00000000c3c00000, 0x00000000c3d00000|  0%| F|  |TAMS 0x00000000c3c00000| PB 0x00000000c3c00000| Untracked 
|  21|0x00000000c3d00000, 0x00000000c3d00000, 0x00000000c3e00000|  0%| F|  |TAMS 0x00000000c3d00000| PB 0x00000000c3d00000| Untracked 
|  22|0x00000000c3e00000, 0x00000000c3e00000, 0x00000000c3f00000|  0%| F|  |TAMS 0x00000000c3e00000| PB 0x00000000c3e00000| Untracked 
|  23|0x00000000c3f00000, 0x00000000c3f00000, 0x00000000c4000000|  0%| F|  |TAMS 0x00000000c3f00000| PB 0x00000000c3f00000| Untracked 
|  24|0x00000000c4000000, 0x00000000c4000000, 0x00000000c4100000|  0%| F|  |TAMS 0x00000000c4000000| PB 0x00000000c4000000| Untracked 
|  25|0x00000000c4100000, 0x00000000c4100000, 0x00000000c4200000|  0%| F|  |TAMS 0x00000000c4100000| PB 0x00000000c4100000| Untracked 
|  26|0x00000000c4200000, 0x00000000c4200000, 0x00000000c4300000|  0%| F|  |TAMS 0x00000000c4200000| PB 0x00000000c4200000| Untracked 
|  27|0x00000000c4300000, 0x00000000c4300000, 0x00000000c4400000|  0%| F|  |TAMS 0x00000000c4300000| PB 0x00000000c4300000| Untracked 
|  28|0x00000000c4400000, 0x00000000c4400000, 0x00000000c4500000|  0%| F|  |TAMS 0x00000000c4400000| PB 0x00000000c4400000| Untracked 
|  29|0x00000000c4500000, 0x00000000c4500000, 0x00000000c4600000|  0%| F|  |TAMS 0x00000000c4500000| PB 0x00000000c4500000| Untracked 
|  30|0x00000000c4600000, 0x00000000c4600000, 0x00000000c4700000|  0%| F|  |TAMS 0x00000000c4600000| PB 0x00000000c4600000| Untracked 
|  31|0x00000000c4700000, 0x00000000c4700000, 0x00000000c4800000|  0%| F|  |TAMS 0x00000000c4700000| PB 0x00000000c4700000| Untracked 
|  32|0x00000000c4800000, 0x00000000c4800000, 0x00000000c4900000|  0%| F|  |TAMS 0x00000000c4800000| PB 0x00000000c4800000| Untracked 
|  33|0x00000000c4900000, 0x00000000c4900000, 0x00000000c4a00000|  0%| F|  |TAMS 0x00000000c4900000| PB 0x00000000c4900000| Untracked 
|  34|0x00000000c4a00000, 0x00000000c4ad1040, 0x00000000c4b00000| 81%| S|CS|TAMS 0x00000000c4a00000| PB 0x00000000c4a00000| Complete 
|  35|0x00000000c4b00000, 0x00000000c4c00000, 0x00000000c4c00000|100%| S|CS|TAMS 0x00000000c4b00000| PB 0x00000000c4b00000| Complete 
|  36|0x00000000c4c00000, 0x00000000c4d00000, 0x00000000c4d00000|100%| S|CS|TAMS 0x00000000c4c00000| PB 0x00000000c4c00000| Complete 
|  37|0x00000000c4d00000, 0x00000000c4d00000, 0x00000000c4e00000|  0%| F|  |TAMS 0x00000000c4d00000| PB 0x00000000c4d00000| Untracked 
|  38|0x00000000c4e00000, 0x00000000c4e00000, 0x00000000c4f00000|  0%| F|  |TAMS 0x00000000c4e00000| PB 0x00000000c4e00000| Untracked 
|  39|0x00000000c4f00000, 0x00000000c4f00000, 0x00000000c5000000|  0%| F|  |TAMS 0x00000000c4f00000| PB 0x00000000c4f00000| Untracked 
|  40|0x00000000c5000000, 0x00000000c5000000, 0x00000000c5100000|  0%| F|  |TAMS 0x00000000c5000000| PB 0x00000000c5000000| Untracked 
|  41|0x00000000c5100000, 0x00000000c5100000, 0x00000000c5200000|  0%| F|  |TAMS 0x00000000c5100000| PB 0x00000000c5100000| Untracked 
|  42|0x00000000c5200000, 0x00000000c5200000, 0x00000000c5300000|  0%| F|  |TAMS 0x00000000c5200000| PB 0x00000000c5200000| Untracked 
|  43|0x00000000c5300000, 0x00000000c5300000, 0x00000000c5400000|  0%| F|  |TAMS 0x00000000c5300000| PB 0x00000000c5300000| Untracked 
|  44|0x00000000c5400000, 0x00000000c54ba598, 0x00000000c5500000| 72%| E|  |TAMS 0x00000000c5400000| PB 0x00000000c5400000| Complete 
|  45|0x00000000c5500000, 0x00000000c5600000, 0x00000000c5600000|100%| E|CS|TAMS 0x00000000c5500000| PB 0x00000000c5500000| Complete 
|  46|0x00000000c5600000, 0x00000000c5700000, 0x00000000c5700000|100%| E|CS|TAMS 0x00000000c5600000| PB 0x00000000c5600000| Complete 
|  47|0x00000000c5700000, 0x00000000c5800000, 0x00000000c5800000|100%| E|CS|TAMS 0x00000000c5700000| PB 0x00000000c5700000| Complete 
|  48|0x00000000c5800000, 0x00000000c5900000, 0x00000000c5900000|100%| E|  |TAMS 0x00000000c5800000| PB 0x00000000c5800000| Complete 
|  49|0x00000000c5900000, 0x00000000c5a00000, 0x00000000c5a00000|100%| E|CS|TAMS 0x00000000c5900000| PB 0x00000000c5900000| Complete 
|  50|0x00000000c5a00000, 0x00000000c5b00000, 0x00000000c5b00000|100%| E|CS|TAMS 0x00000000c5a00000| PB 0x00000000c5a00000| Complete 
|  51|0x00000000c5b00000, 0x00000000c5c00000, 0x00000000c5c00000|100%| E|CS|TAMS 0x00000000c5b00000| PB 0x00000000c5b00000| Complete 
|  52|0x00000000c5c00000, 0x00000000c5d00000, 0x00000000c5d00000|100%| E|CS|TAMS 0x00000000c5c00000| PB 0x00000000c5c00000| Complete 
|  53|0x00000000c5d00000, 0x00000000c5e00000, 0x00000000c5e00000|100%| E|CS|TAMS 0x00000000c5d00000| PB 0x00000000c5d00000| Complete 
|  54|0x00000000c5e00000, 0x00000000c5f00000, 0x00000000c5f00000|100%| E|CS|TAMS 0x00000000c5e00000| PB 0x00000000c5e00000| Complete 
|  55|0x00000000c5f00000, 0x00000000c6000000, 0x00000000c6000000|100%| E|CS|TAMS 0x00000000c5f00000| PB 0x00000000c5f00000| Complete 
|  56|0x00000000c6000000, 0x00000000c6100000, 0x00000000c6100000|100%| E|CS|TAMS 0x00000000c6000000| PB 0x00000000c6000000| Complete 
|  57|0x00000000c6100000, 0x00000000c6200000, 0x00000000c6200000|100%| E|CS|TAMS 0x00000000c6100000| PB 0x00000000c6100000| Complete 
|  58|0x00000000c6200000, 0x00000000c6300000, 0x00000000c6300000|100%| E|CS|TAMS 0x00000000c6200000| PB 0x00000000c6200000| Complete 
|  59|0x00000000c6300000, 0x00000000c6400000, 0x00000000c6400000|100%| E|CS|TAMS 0x00000000c6300000| PB 0x00000000c6300000| Complete 
|  60|0x00000000c6400000, 0x00000000c6500000, 0x00000000c6500000|100%| E|CS|TAMS 0x00000000c6400000| PB 0x00000000c6400000| Complete 
|  61|0x00000000c6500000, 0x00000000c6600000, 0x00000000c6600000|100%| E|CS|TAMS 0x00000000c6500000| PB 0x00000000c6500000| Complete 

Card table byte_map: [0x00000235f04d0000,0x00000235f06c0000] _byte_map_base: 0x00000235efebc000

Marking Bits: (CMBitMap*) 0x00000235d8e9e990
 Bits: [0x00000235f06c0000, 0x00000235f1620000)

Polling page: 0x00000235d6de0000

Metaspace:

Usage:
  Non-class:     14.99 MB used.
      Class:      2.07 MB used.
       Both:     17.06 MB used.

Virtual space:
  Non-class space:       64.00 MB reserved,      15.12 MB ( 24%) committed,  1 nodes.
      Class space:        1.00 GB reserved,       2.25 MB ( <1%) committed,  1 nodes.
             Both:        1.06 GB reserved,      17.38 MB (  2%) committed. 

Chunk freelists:
   Non-Class:  912.00 KB
       Class:  13.61 MB
        Both:  14.50 MB

MaxMetaspaceSize: unlimited
CompressedClassSpaceSize: 1.00 GB
Initial GC threshold: 21.00 MB
Current GC threshold: 21.00 MB
CDS: on
 - commit_granule_bytes: 65536.
 - commit_granule_words: 8192.
 - virtual_space_node_default_size: 8388608.
 - enlarge_chunks_in_place: 1.
 - use_allocation_guard: 0.


Internal statistics:

num_allocs_failed_limit: 0.
num_arena_births: 276.
num_arena_deaths: 0.
num_vsnodes_births: 2.
num_vsnodes_deaths: 0.
num_space_committed: 278.
num_space_uncommitted: 0.
num_chunks_returned_to_freelist: 0.
num_chunks_taken_from_freelist: 843.
num_chunk_merges: 0.
num_chunk_splits: 558.
num_chunks_enlarged: 397.
num_inconsistent_stats: 0.

CodeHeap 'non-profiled nmethods': size=120000Kb used=753Kb max_used=753Kb free=119247Kb
 bounds [0x00000235e8db0000, 0x00000235e9020000, 0x00000235f02e0000]
CodeHeap 'profiled nmethods': size=120000Kb used=4326Kb max_used=4326Kb free=115673Kb
 bounds [0x00000235e12e0000, 0x00000235e1720000, 0x00000235e8810000]
CodeHeap 'non-nmethods': size=5760Kb used=1433Kb max_used=1446Kb free=4326Kb
 bounds [0x00000235e8810000, 0x00000235e8a80000, 0x00000235e8db0000]
 total_blobs=2753 nmethods=2231 adapters=426
 compilation: enabled
              stopped_count=0, restarted_count=0
 full_count=0

Compilation events (20 events):
Event: 12.402 Thread 0x00000235f3aa32c0 nmethod 2164 0x00000235e8e69d10 code [0x00000235e8e69ea0, 0x00000235e8e69f68]
Event: 12.402 Thread 0x00000235f3aa32c0 2166       3       sun.reflect.annotation.AnnotationParser::toArray (18 bytes)
Event: 12.402 Thread 0x00000235f3aa32c0 nmethod 2166 0x00000235e16f4c10 code [0x00000235e16f4de0, 0x00000235e16f5178]
Event: 12.402 Thread 0x00000235f3aa32c0 2167       3       sun.reflect.generics.parser.SignatureParser::parseTypeSignature (130 bytes)
Event: 12.403 Thread 0x00000235f3aa32c0 nmethod 2167 0x00000235e16f5290 code [0x00000235e16f5460, 0x00000235e16f5910]
Event: 12.403 Thread 0x00000235f3aa32c0 2168       3       sun.reflect.annotation.AnnotationParser::parseMemberValue (230 bytes)
Event: 12.407 Thread 0x00000235f3aa32c0 nmethod 2168 0x00000235e16f5a10 code [0x00000235e16f5f20, 0x00000235e16f8430]
Event: 12.407 Thread 0x00000235f3aa32c0 2172       3       java.util.Arrays::equals (57 bytes)
Event: 12.408 Thread 0x00000235f3aa32c0 nmethod 2172 0x00000235e16f9090 code [0x00000235e16f9280, 0x00000235e16f9828]
Event: 12.408 Thread 0x00000235f3aa32c0 2171       3       java.lang.reflect.Executable::equalParamTypes (36 bytes)
Event: 12.408 Thread 0x00000235f3aa32c0 nmethod 2171 0x00000235e16f9a10 code [0x00000235e16f9bc0, 0x00000235e16f9e78]
Event: 12.408 Thread 0x00000235f3aa32c0 2170       3       org.springframework.core.annotation.AnnotationTypeMapping$MirrorSets::size (6 bytes)
Event: 12.409 Thread 0x00000235f3aa32c0 nmethod 2170 0x00000235e16f9f90 code [0x00000235e16fa120, 0x00000235e16fa238]
Event: 12.409 Thread 0x00000235f3aa32c0 2169       3       java.nio.ByteBuffer::limit (6 bytes)
Event: 12.409 Thread 0x00000235f3aa32c0 nmethod 2169 0x00000235e16fa310 code [0x00000235e16fa4c0, 0x00000235e16fa688]
Event: 12.410 Thread 0x00000235f3aa32c0 2173   !   3       jdk.proxy2.$Proxy12::annotationType (29 bytes)
Event: 12.411 Thread 0x00000235f3aa32c0 nmethod 2173 0x00000235e16fa710 code [0x00000235e16fa8e0, 0x00000235e16face0]
Event: 12.414 Thread 0x00000235f3aa32c0 2174       3       java.lang.StringLatin1::indexOfNonWhitespace (49 bytes)
Event: 12.414 Thread 0x00000235f3aa32c0 nmethod 2174 0x00000235e16fae90 code [0x00000235e16fb060, 0x00000235e16fb478]
Event: 12.415 Thread 0x00000235f3aa32c0 2175       3       jdk.internal.loader.AbstractClassLoaderValue$Sub::equals (55 bytes)

GC Heap History (6 events):
Event: 3.834 GC heap before
{Heap before GC invocations=0 (full 0):
 garbage-first heap   total 63488K, used 13312K [0x00000000c2800000, 0x0000000100000000)
  region size 1024K, 13 young (13312K), 0 survivors (0K)
 Metaspace       used 3397K, committed 3520K, reserved 1114112K
  class space    used 316K, committed 384K, reserved 1048576K
}
Event: 3.889 GC heap after
{Heap after GC invocations=1 (full 0):
 garbage-first heap   total 63488K, used 6784K [0x00000000c2800000, 0x0000000100000000)
  region size 1024K, 2 young (2048K), 2 survivors (2048K)
 Metaspace       used 3397K, committed 3520K, reserved 1114112K
  class space    used 316K, committed 384K, reserved 1048576K
}
Event: 9.377 GC heap before
{Heap before GC invocations=1 (full 0):
 garbage-first heap   total 63488K, used 18048K [0x00000000c2800000, 0x0000000100000000)
  region size 1024K, 13 young (13312K), 2 survivors (2048K)
 Metaspace       used 6069K, committed 6336K, reserved 1114112K
  class space    used 672K, committed 768K, reserved 1048576K
}
Event: 9.385 GC heap after
{Heap after GC invocations=2 (full 0):
 garbage-first heap   total 63488K, used 7476K [0x00000000c2800000, 0x0000000100000000)
  region size 1024K, 1 young (1024K), 1 survivors (1024K)
 Metaspace       used 6069K, committed 6336K, reserved 1114112K
  class space    used 672K, committed 768K, reserved 1048576K
}
Event: 11.609 GC heap before
{Heap before GC invocations=2 (full 0):
 garbage-first heap   total 63488K, used 31028K [0x00000000c2800000, 0x0000000100000000)
  region size 1024K, 25 young (25600K), 1 survivors (1024K)
 Metaspace       used 12561K, committed 12800K, reserved 1114112K
  class space    used 1472K, committed 1600K, reserved 1048576K
}
Event: 11.618 GC heap after
{Heap after GC invocations=3 (full 0):
 garbage-first heap   total 63488K, used 9696K [0x00000000c2800000, 0x0000000100000000)
  region size 1024K, 3 young (3072K), 3 survivors (3072K)
 Metaspace       used 12561K, committed 12800K, reserved 1114112K
  class space    used 1472K, committed 1600K, reserved 1048576K
}

Dll operation events (12 events):
Event: 0.234 Loaded shared library C:\Program Files\Java\jdk-21\bin\java.dll
Event: 0.760 Loaded shared library C:\Program Files\Java\jdk-21\bin\jsvml.dll
Event: 1.988 Loaded shared library C:\Program Files\Java\jdk-21\bin\zip.dll
Event: 2.066 Loaded shared library C:\Program Files\Java\jdk-21\bin\instrument.dll
Event: 2.101 Loaded shared library C:\Program Files\Java\jdk-21\bin\net.dll
Event: 2.110 Loaded shared library C:\Program Files\Java\jdk-21\bin\nio.dll
Event: 2.176 Loaded shared library C:\Program Files\Java\jdk-21\bin\zip.dll
Event: 2.227 Loaded shared library C:\Program Files\Java\jdk-21\bin\jimage.dll
Event: 2.828 Loaded shared library C:\Users\Ric\AppData\Local\Programs\IntelliJ IDEA Community Edition\bin\breakgen64.dll
Event: 2.937 Loaded shared library C:\Program Files\Java\jdk-21\bin\extnet.dll
Event: 4.796 Loaded shared library C:\Program Files\Java\jdk-21\bin\management.dll
Event: 4.807 Loaded shared library C:\Program Files\Java\jdk-21\bin\management_ext.dll

Deoptimization events (20 events):
Event: 12.206 Thread 0x00000235f806f390 Uncommon trap: trap_request=0xffffff45 fr.pc=0x00000235e8e4bcd0 relative=0x0000000000001350
Event: 12.206 Thread 0x00000235f806f390 Uncommon trap: reason=unstable_if action=reinterpret pc=0x00000235e8e4bcd0 method=java.util.zip.ZipCoder.hash(Ljava/lang/String;)I @ 23 c2
Event: 12.206 Thread 0x00000235f806f390 DEOPT PACKING pc=0x00000235e8e4bcd0 sp=0x000000a1a5dfdfe0
Event: 12.207 Thread 0x00000235f806f390 DEOPT UNPACKING pc=0x00000235e88646a2 sp=0x000000a1a5dfde48 mode 2
Event: 12.215 Thread 0x00000235f806f390 Uncommon trap: trap_request=0xffffff45 fr.pc=0x00000235e8dd3b4c relative=0x000000000000004c
Event: 12.215 Thread 0x00000235f806f390 Uncommon trap: reason=unstable_if action=reinterpret pc=0x00000235e8dd3b4c method=sun.nio.fs.WindowsPathParser.isSlash(C)Z @ 9 c2
Event: 12.215 Thread 0x00000235f806f390 DEOPT PACKING pc=0x00000235e8dd3b4c sp=0x000000a1a5dfe130
Event: 12.215 Thread 0x00000235f806f390 DEOPT UNPACKING pc=0x00000235e88646a2 sp=0x000000a1a5dfe0b8 mode 2
Event: 12.333 Thread 0x00000235f806e670 Uncommon trap: trap_request=0xffffff45 fr.pc=0x00000235e8e5fadc relative=0x000000000000029c
Event: 12.333 Thread 0x00000235f806e670 Uncommon trap: reason=unstable_if action=reinterpret pc=0x00000235e8e5fadc method=java.util.LinkedHashMap.get(Ljava/lang/Object;)Ljava/lang/Object; @ 16 c2
Event: 12.333 Thread 0x00000235f806e670 DEOPT PACKING pc=0x00000235e8e5fadc sp=0x000000a1a5efe4f0
Event: 12.333 Thread 0x00000235f806e670 DEOPT UNPACKING pc=0x00000235e88646a2 sp=0x000000a1a5efe498 mode 2
Event: 12.384 Thread 0x00000235f806f390 Uncommon trap: trap_request=0xffffff45 fr.pc=0x00000235e8e40bb8 relative=0x0000000000000118
Event: 12.384 Thread 0x00000235f806f390 Uncommon trap: reason=unstable_if action=reinterpret pc=0x00000235e8e40bb8 method=java.util.Arrays.equals([Ljava/lang/Object;[Ljava/lang/Object;)Z @ 44 c2
Event: 12.384 Thread 0x00000235f806f390 DEOPT PACKING pc=0x00000235e8e40bb8 sp=0x000000a1a5dfd760
Event: 12.384 Thread 0x00000235f806f390 DEOPT UNPACKING pc=0x00000235e88646a2 sp=0x000000a1a5dfd700 mode 2
Event: 12.388 Thread 0x00000235f806e670 Uncommon trap: trap_request=0xffffff45 fr.pc=0x00000235e8e40164 relative=0x00000000000004a4
Event: 12.388 Thread 0x00000235f806e670 Uncommon trap: reason=unstable_if action=reinterpret pc=0x00000235e8e40164 method=java.lang.AbstractStringBuilder.isLatin1()Z @ 10 c2
Event: 12.388 Thread 0x00000235f806e670 DEOPT PACKING pc=0x00000235e8e40164 sp=0x000000a1a5efde10
Event: 12.388 Thread 0x00000235f806e670 DEOPT UNPACKING pc=0x00000235e88646a2 sp=0x000000a1a5efdd60 mode 2

Classes loaded (20 events):
Event: 12.356 Loading class javax/management/MBeanRegistration done
Event: 12.373 Loading class javax/security/auth/login/LoginException
Event: 12.374 Loading class javax/security/auth/login/LoginException done
Event: 12.402 Loading class java/security/NoSuchAlgorithmException
Event: 12.403 Loading class java/security/NoSuchAlgorithmException done
Event: 12.403 Loading class java/security/NoSuchProviderException
Event: 12.403 Loading class java/security/NoSuchProviderException done
Event: 12.404 Loading class sun/security/jca/Providers
Event: 12.405 Loading class sun/security/jca/Providers done
Event: 12.405 Loading class sun/security/jca/ProviderList
Event: 12.406 Loading class sun/security/jca/ProviderList done
Event: 12.407 Loading class sun/security/jca/ProviderConfig
Event: 12.408 Loading class sun/security/jca/ProviderConfig done
Event: 12.408 Loading class sun/security/jca/ProviderList$3
Event: 12.410 Loading class sun/security/jca/ProviderList$3 done
Event: 12.410 Loading class sun/security/jca/ProviderList$1
Event: 12.411 Loading class sun/security/jca/ProviderList$1 done
Event: 12.412 Loading class java/security/Provider$ServiceKey
Event: 12.414 Loading class java/security/Provider$ServiceKey done
Event: 12.414 Loading class java/security/Provider$EngineDescription

Classes unloaded (0 events):
No events

Classes redefined (0 events):
No events

Internal exceptions (20 events):
Event: 10.395 Thread 0x00000235f806f390 Exception <a 'java/lang/NoSuchMethodError'{0x00000000c5dd8090}: 'void java.lang.invoke.DirectMethodHandle$Holder.invokeInterface(java.lang.Object, java.lang.Object, java.lang.Object)'> (0x00000000c5dd8090) 
thrown [s\open\src\hotspot\share\interpreter\linkResolver.cpp, line 773]
Event: 10.476 Thread 0x00000235f806f390 Exception <a 'java/lang/NoSuchMethodError'{0x00000000c5c79c70}: 'void java.lang.invoke.DirectMethodHandle$Holder.invokeStaticInit(java.lang.Object, java.lang.Object, java.lang.Object)'> (0x00000000c5c79c70) 
thrown [s\open\src\hotspot\share\interpreter\linkResolver.cpp, line 773]
Event: 10.493 Thread 0x00000235f806f390 Exception <a 'java/lang/NoSuchMethodError'{0x00000000c5cc1500}: 'java.lang.Object java.lang.invoke.DirectMethodHandle$Holder.invokeVirtual(java.lang.Object, java.lang.Object, java.lang.Object)'> (0x00000000c5cc1500) 
thrown [s\open\src\hotspot\share\interpreter\linkResolver.cpp, line 773]
Event: 10.519 Thread 0x00000235f806f390 Exception <a 'java/lang/NoSuchMethodError'{0x00000000c5ce1c98}: 'java.lang.Object java.lang.invoke.DirectMethodHandle$Holder.invokeStatic(java.lang.Object, long, java.lang.Object)'> (0x00000000c5ce1c98) 
thrown [s\open\src\hotspot\share\interpreter\linkResolver.cpp, line 773]
Event: 10.520 Thread 0x00000235f806f390 Exception <a 'java/lang/NoSuchMethodError'{0x00000000c5ce52f0}: 'java.lang.Object java.lang.invoke.DirectMethodHandle$Holder.invokeStaticInit(java.lang.Object, long, java.lang.Object)'> (0x00000000c5ce52f0) 
thrown [s\open\src\hotspot\share\interpreter\linkResolver.cpp, line 773]
Event: 10.521 Thread 0x00000235f806f390 Exception <a 'java/lang/NoSuchMethodError'{0x00000000c5ceaa58}: 'java.lang.Object java.lang.invoke.DirectMethodHandle$Holder.newInvokeSpecial(java.lang.Object, long)'> (0x00000000c5ceaa58) 
thrown [s\open\src\hotspot\share\interpreter\linkResolver.cpp, line 773]
Event: 10.592 Thread 0x00000235f806f390 Exception <a 'java/lang/NoSuchMethodError'{0x00000000c5b45960}: 'void java.lang.invoke.DirectMethodHandle$Holder.invokeVirtual(java.lang.Object, java.lang.Object, java.lang.Object, java.lang.Object)'> (0x00000000c5b45960) 
thrown [s\open\src\hotspot\share\interpreter\linkResolver.cpp, line 773]
Event: 10.764 Thread 0x00000235f806f390 Exception <a 'java/lang/IncompatibleClassChangeError'{0x00000000c59d33b0}: Found class java.lang.Object, but interface was expected> (0x00000000c59d33b0) 
thrown [s\open\src\hotspot\share\interpreter\linkResolver.cpp, line 840]
Event: 10.770 Thread 0x00000235f806e670 Exception <a 'java/lang/NoClassDefFoundError'{0x00000000c59bb308}: jakarta/validation/Validation> (0x00000000c59bb308) 
thrown [s\open\src\hotspot\share\classfile\systemDictionary.cpp, line 301]
Event: 10.781 Thread 0x00000235f806f390 Exception <a 'java/lang/NoSuchMethodError'{0x00000000c59ee650}: 'java.lang.Object java.lang.invoke.DirectMethodHandle$Holder.invokeStaticInit(java.lang.Object, int)'> (0x00000000c59ee650) 
thrown [s\open\src\hotspot\share\interpreter\linkResolver.cpp, line 773]
Event: 10.791 Thread 0x00000235f806f390 Exception <a 'java/lang/NoSuchMethodError'{0x00000000c582cd80}: 'java.lang.Object java.lang.invoke.DirectMethodHandle$Holder.invokeStatic(java.lang.Object, int, java.lang.Object)'> (0x00000000c582cd80) 
thrown [s\open\src\hotspot\share\interpreter\linkResolver.cpp, line 773]
Event: 10.792 Thread 0x00000235f806f390 Exception <a 'java/lang/NoSuchMethodError'{0x00000000c58303d0}: 'java.lang.Object java.lang.invoke.DirectMethodHandle$Holder.invokeStaticInit(java.lang.Object, int, java.lang.Object)'> (0x00000000c58303d0) 
thrown [s\open\src\hotspot\share\interpreter\linkResolver.cpp, line 773]
Event: 12.216 Thread 0x00000235f806f390 Exception <a 'java/lang/NoSuchMethodError'{0x00000000c59ee3b8}: 'int java.lang.invoke.DirectMethodHandle$Holder.invokeSpecial(java.lang.Object, java.lang.Object, java.lang.Object, java.lang.Object, java.lang.Object)'> (0x00000000c59ee3b8) 
thrown [s\open\src\hotspot\share\interpreter\linkResolver.cpp, line 773]
Event: 12.227 Thread 0x00000235f806f390 Exception <a 'java/lang/NoSuchMethodError'{0x00000000c59f6548}: 'void java.lang.invoke.DirectMethodHandle$Holder.invokeVirtual(java.lang.Object, java.lang.Object)'> (0x00000000c59f6548) 
thrown [s\open\src\hotspot\share\interpreter\linkResolver.cpp, line 773]
Event: 12.255 Thread 0x00000235f806e670 Exception <a 'java/lang/NoSuchMethodError'{0x00000000c589b538}: 'long java.lang.invoke.DirectMethodHandle$Holder.invokeSpecial(java.lang.Object, java.lang.Object)'> (0x00000000c589b538) 
thrown [s\open\src\hotspot\share\interpreter\linkResolver.cpp, line 773]
Event: 12.260 Thread 0x00000235f806e670 Exception <a 'java/lang/NoSuchMethodError'{0x00000000c58a4e18}: 'long java.lang.invoke.DirectMethodHandle$Holder.invokeStatic(java.lang.Object, java.lang.Object)'> (0x00000000c58a4e18) 
thrown [s\open\src\hotspot\share\interpreter\linkResolver.cpp, line 773]
Event: 12.261 Thread 0x00000235f806e670 Exception <a 'java/lang/NoSuchMethodError'{0x00000000c58a7ed0}: 'long java.lang.invoke.DirectMethodHandle$Holder.invokeStaticInit(java.lang.Object, java.lang.Object)'> (0x00000000c58a7ed0) 
thrown [s\open\src\hotspot\share\interpreter\linkResolver.cpp, line 773]
Event: 12.265 Thread 0x00000235f806e670 Exception <a 'java/lang/NoSuchMethodError'{0x00000000c58b3fb8}: 'long java.lang.invoke.DirectMethodHandle$Holder.invokeInterface(java.lang.Object, java.lang.Object)'> (0x00000000c58b3fb8) 
thrown [s\open\src\hotspot\share\interpreter\linkResolver.cpp, line 773]
Event: 12.266 Thread 0x00000235f806e670 Exception <a 'java/lang/IncompatibleClassChangeError'{0x00000000c58b6fb8}: Found class java.lang.Object, but interface was expected> (0x00000000c58b6fb8) 
thrown [s\open\src\hotspot\share\interpreter\linkResolver.cpp, line 840]
Event: 12.282 Thread 0x00000235f806e670 Exception <a 'java/lang/NoSuchMethodError'{0x00000000c58fc6c8}: 'java.lang.Object java.lang.invoke.DirectMethodHandle$Holder.invokeVirtual(java.lang.Object, java.lang.Object, java.lang.Object, java.lang.Object)'> (0x00000000c58fc6c8) 
thrown [s\open\src\hotspot\share\interpreter\linkResolver.cpp, line 773]

ZGC Phase Switch (0 events):
No events

VM Operations (20 events):
Event: 10.377 Executing VM operation: HandshakeAllThreads (Deoptimize)
Event: 10.377 Executing VM operation: HandshakeAllThreads (Deoptimize) done
Event: 10.726 Executing VM operation: HandshakeAllThreads (Deoptimize)
Event: 10.726 Executing VM operation: HandshakeAllThreads (Deoptimize) done
Event: 10.726 Executing VM operation: Cleanup
Event: 10.726 Executing VM operation: Cleanup done
Event: 10.738 Executing VM operation: HandshakeAllThreads (Deoptimize)
Event: 10.738 Executing VM operation: HandshakeAllThreads (Deoptimize) done
Event: 10.738 Executing VM operation: HandshakeAllThreads (Deoptimize)
Event: 10.739 Executing VM operation: HandshakeAllThreads (Deoptimize) done
Event: 11.593 Executing VM operation: HandshakeAllThreads (Deoptimize)
Event: 11.593 Executing VM operation: HandshakeAllThreads (Deoptimize) done
Event: 11.609 Executing VM operation: G1CollectForAllocation (G1 Evacuation Pause)
Event: 11.621 Executing VM operation: G1CollectForAllocation (G1 Evacuation Pause) done
Event: 11.899 Executing VM operation: HandshakeAllThreads (Deoptimize)
Event: 11.899 Executing VM operation: HandshakeAllThreads (Deoptimize) done
Event: 12.152 Executing VM operation: HandshakeAllThreads (Deoptimize)
Event: 12.152 Executing VM operation: HandshakeAllThreads (Deoptimize) done
Event: 12.412 Executing VM operation: HandshakeAllThreads (Deoptimize)
Event: 12.412 Executing VM operation: HandshakeAllThreads (Deoptimize) done

Events (15 events):
Event: 0.505 Thread 0x00000235d8e64e90 Thread added: 0x00000235d8e64e90
Event: 0.752 Thread 0x00000235f3a816d0 Thread added: 0x00000235f3a816d0
Event: 0.752 Thread 0x00000235f3a84460 Thread added: 0x00000235f3a84460
Event: 0.753 Thread 0x00000235f3a86840 Thread added: 0x00000235f3a86840
Event: 0.753 Thread 0x00000235f3a87450 Thread added: 0x00000235f3a87450
Event: 0.753 Thread 0x00000235f3a88800 Thread added: 0x00000235f3a88800
Event: 0.754 Thread 0x00000235f3a8ad00 Thread added: 0x00000235f3a8ad00
Event: 0.754 Thread 0x00000235f3a97e80 Thread added: 0x00000235f3a97e80
Event: 0.754 Thread 0x00000235f3aa32c0 Thread added: 0x00000235f3aa32c0
Event: 1.271 Thread 0x00000235f8070dd0 Thread added: 0x00000235f8070dd0
Event: 2.833 Thread 0x00000235f806ed00 Thread added: 0x00000235f806ed00
Event: 2.834 Thread 0x00000235f8071460 Thread added: 0x00000235f8071460
Event: 8.937 Thread 0x00000235f806dfe0 Thread added: 0x00000235f806dfe0
Event: 8.965 Thread 0x00000235f806f390 Thread added: 0x00000235f806f390
Event: 10.757 Thread 0x00000235f806e670 Thread added: 0x00000235f806e670


Dynamic libraries:
0x00007ff7da310000 - 0x00007ff7da320000 	C:\Program Files\Java\jdk-21\bin\java.exe
0x00007ffc1d190000 - 0x00007ffc1d388000 	C:\Windows\SYSTEM32\ntdll.dll
0x00007ffc1c240000 - 0x00007ffc1c301000 	C:\Windows\System32\KERNEL32.DLL
0x00007ffc1a8d0000 - 0x00007ffc1abcd000 	C:\Windows\System32\KERNELBASE.dll
0x00007ffc1b0c0000 - 0x00007ffc1b1c0000 	C:\Windows\System32\ucrtbase.dll
0x00007ffc126e0000 - 0x00007ffc126fb000 	C:\Program Files\Java\jdk-21\bin\VCRUNTIME140.dll
0x00007ffc11000000 - 0x00007ffc11019000 	C:\Program Files\Java\jdk-21\bin\jli.dll
0x00007ffc1c5a0000 - 0x00007ffc1c650000 	C:\Windows\System32\ADVAPI32.dll
0x00007ffc1b8b0000 - 0x00007ffc1b94e000 	C:\Windows\System32\msvcrt.dll
0x00007ffc1c6c0000 - 0x00007ffc1c760000 	C:\Windows\System32\sechost.dll
0x00007ffc1b9a0000 - 0x00007ffc1bac3000 	C:\Windows\System32\RPCRT4.dll
0x00007ffc1ac90000 - 0x00007ffc1acb7000 	C:\Windows\System32\bcrypt.dll
0x00007ffc1c400000 - 0x00007ffc1c59d000 	C:\Windows\System32\USER32.dll
0x00007ffc1b090000 - 0x00007ffc1b0b2000 	C:\Windows\System32\win32u.dll
0x00007ffc1b970000 - 0x00007ffc1b99b000 	C:\Windows\System32\GDI32.dll
0x00007ffc1af70000 - 0x00007ffc1b087000 	C:\Windows\System32\gdi32full.dll
0x00007ffc08450000 - 0x00007ffc086ea000 	C:\Windows\WinSxS\amd64_microsoft.windows.common-controls_6595b64144ccf1df_6.0.19041.4355_none_60b8b9eb71f62e16\COMCTL32.dll
0x00007ffc1ad70000 - 0x00007ffc1ae0d000 	C:\Windows\System32\msvcp_win.dll
0x00007ffc0cb50000 - 0x00007ffc0cb5a000 	C:\Windows\SYSTEM32\VERSION.dll
0x00007ffc1ccb0000 - 0x00007ffc1ccdf000 	C:\Windows\System32\IMM32.DLL
0x00007ffc16be0000 - 0x00007ffc16bec000 	C:\Program Files\Java\jdk-21\bin\vcruntime140_1.dll
0x00007ffc10f70000 - 0x00007ffc10ffe000 	C:\Program Files\Java\jdk-21\bin\msvcp140.dll
0x00007ffbebe60000 - 0x00007ffbecb73000 	C:\Program Files\Java\jdk-21\bin\server\jvm.dll
0x00007ffc1c650000 - 0x00007ffc1c6bb000 	C:\Windows\System32\WS2_32.dll
0x00007ffc1a690000 - 0x00007ffc1a6db000 	C:\Windows\SYSTEM32\POWRPROF.dll
0x00007ffc07f80000 - 0x00007ffc07fa7000 	C:\Windows\SYSTEM32\WINMM.dll
0x00007ffc1a670000 - 0x00007ffc1a682000 	C:\Windows\SYSTEM32\UMPDC.dll
0x00007ffc18680000 - 0x00007ffc18692000 	C:\Windows\SYSTEM32\kernel.appcore.dll
0x00007ffc13880000 - 0x00007ffc1388a000 	C:\Program Files\Java\jdk-21\bin\jimage.dll
0x00007ffc024c0000 - 0x00007ffc026a4000 	C:\Windows\SYSTEM32\DBGHELP.DLL
0x00007ffc02310000 - 0x00007ffc02344000 	C:\Windows\SYSTEM32\dbgcore.DLL
0x00007ffc1a840000 - 0x00007ffc1a8c2000 	C:\Windows\System32\bcryptPrimitives.dll
0x00007ffc17030000 - 0x00007ffc1703f000 	C:\Program Files\Java\jdk-21\bin\instrument.dll
0x00007ffc10f50000 - 0x00007ffc10f6f000 	C:\Program Files\Java\jdk-21\bin\java.dll
0x00007ffc1bad0000 - 0x00007ffc1c23f000 	C:\Windows\System32\SHELL32.dll
0x00007ffc18880000 - 0x00007ffc1901f000 	C:\Windows\SYSTEM32\windows.storage.dll
0x00007ffc1c940000 - 0x00007ffc1cc93000 	C:\Windows\System32\combase.dll
0x00007ffc1a110000 - 0x00007ffc1a13e000 	C:\Windows\SYSTEM32\Wldp.dll
0x00007ffc1c760000 - 0x00007ffc1c82d000 	C:\Windows\System32\OLEAUT32.dll
0x00007ffc1c830000 - 0x00007ffc1c8dd000 	C:\Windows\System32\SHCORE.dll
0x00007ffc1c310000 - 0x00007ffc1c365000 	C:\Windows\System32\shlwapi.dll
0x00007ffc1a770000 - 0x00007ffc1a794000 	C:\Windows\SYSTEM32\profapi.dll
0x00007ffbf1a60000 - 0x00007ffbf1b37000 	C:\Program Files\Java\jdk-21\bin\jsvml.dll
0x00007ffc054e0000 - 0x00007ffc054f8000 	C:\Program Files\Java\jdk-21\bin\zip.dll
0x00007ffc12280000 - 0x00007ffc12290000 	C:\Program Files\Java\jdk-21\bin\net.dll
0x00007ffc13ed0000 - 0x00007ffc13fdd000 	C:\Windows\SYSTEM32\WINHTTP.dll
0x00007ffc19ef0000 - 0x00007ffc19f5a000 	C:\Windows\system32\mswsock.dll
0x00007ffc056c0000 - 0x00007ffc056d6000 	C:\Program Files\Java\jdk-21\bin\nio.dll
0x00007ffc13a80000 - 0x00007ffc13a9a000 	C:\Users\Ric\AppData\Local\Programs\IntelliJ IDEA Community Edition\bin\breakgen64.dll
0x00007ffc056b0000 - 0x00007ffc056b9000 	C:\Program Files\Java\jdk-21\bin\extnet.dll
0x00007ffc022d0000 - 0x00007ffc022da000 	C:\Program Files\Java\jdk-21\bin\management.dll
0x00007ffc016e0000 - 0x00007ffc016eb000 	C:\Program Files\Java\jdk-21\bin\management_ext.dll
0x00007ffc1b5d0000 - 0x00007ffc1b5d8000 	C:\Windows\System32\PSAPI.DLL
0x00007ffc01240000 - 0x00007ffc0124e000 	C:\Program Files\Java\jdk-21\bin\sunmscapi.dll
0x00007ffc1ae10000 - 0x00007ffc1af6e000 	C:\Windows\System32\CRYPT32.dll
0x00007ffc1a180000 - 0x00007ffc1a1a9000 	C:\Windows\SYSTEM32\ncrypt.dll
0x00007ffc1a140000 - 0x00007ffc1a17b000 	C:\Windows\SYSTEM32\NTASN1.dll

dbghelp: loaded successfully - version: 4.0.5 - missing functions: none
symbol engine: initialized successfully - sym options: 0x614 - pdb path: .;C:\Program Files\Java\jdk-21\bin;C:\Windows\SYSTEM32;C:\Windows\WinSxS\amd64_microsoft.windows.common-controls_6595b64144ccf1df_6.0.19041.4355_none_60b8b9eb71f62e16;C:\Program Files\Java\jdk-21\bin\server;C:\Users\Ric\AppData\Local\Programs\IntelliJ IDEA Community Edition\bin

VM Arguments:
jvm_args: -javaagent:C:\Users\Ric\AppData\Local\Programs\IntelliJ IDEA Community Edition\lib\idea_rt.jar=8575:C:\Users\Ric\AppData\Local\Programs\IntelliJ IDEA Community Edition\bin -Dfile.encoding=UTF-8 -Dsun.stdout.encoding=UTF-8 -Dsun.stderr.encoding=UTF-8 
java_command: com.hasinarezida.biblio.BiblioApplication
java_class_path (initial): C:\Users\Ric\Documents\projects\work\library\target\classes;C:\Users\Ric\.m2\repository\org\springframework\boot\spring-boot-starter-web\3.3.2\spring-boot-starter-web-3.3.2.jar;C:\Users\Ric\.m2\repository\org\springframework\boot\spring-boot-starter\3.3.2\spring-boot-starter-3.3.2.jar;C:\Users\Ric\.m2\repository\org\springframework\boot\spring-boot-starter-logging\3.3.2\spring-boot-starter-logging-3.3.2.jar;C:\Users\Ric\.m2\repository\ch\qos\logback\logback-classic\1.5.6\logback-classic-1.5.6.jar;C:\Users\Ric\.m2\repository\ch\qos\logback\logback-core\1.5.6\logback-core-1.5.6.jar;C:\Users\Ric\.m2\repository\org\apache\logging\log4j\log4j-to-slf4j\2.23.1\log4j-to-slf4j-2.23.1.jar;C:\Users\Ric\.m2\repository\org\apache\logging\log4j\log4j-api\2.23.1\log4j-api-2.23.1.jar;C:\Users\Ric\.m2\repository\org\slf4j\jul-to-slf4j\2.0.13\jul-to-slf4j-2.0.13.jar;C:\Users\Ric\.m2\repository\jakarta\annotation\jakarta.annotation-api\2.1.1\jakarta.annotation-api-2.1.1.jar;C:\Users\Ric\.m2\repository\org\yaml\snakeyaml\2.2\snakeyaml-2.2.jar;C:\Users\Ric\.m2\repository\org\springframework\boot\spring-boot-starter-json\3.3.2\spring-boot-starter-json-3.3.2.jar;C:\Users\Ric\.m2\repository\com\fasterxml\jackson\core\jackson-databind\2.17.2\jackson-databind-2.17.2.jar;C:\Users\Ric\.m2\repository\com\fasterxml\jackson\core\jackson-annotations\2.17.2\jackson-annotations-2.17.2.jar;C:\Users\Ric\.m2\repository\com\fasterxml\jackson\core\jackson-core\2.17.2\jackson-core-2.17.2.jar;C:\Users\Ric\.m2\repository\com\fasterxml\jackson\datatype\jackson-datatype-jdk8\2.17.2\jackson-datatype-jdk8-2.17.2.jar;C:\Users\Ric\.m2\repository\com\fasterxml\jackson\datatype\jackson-datatype-jsr310\2.17.2\jackson-datatype-jsr310-2.17.2.jar;C:\Users\Ric\.m2\repository\com\fasterxml\jackson\module\jackson-module-parameter-names\2.17.2\jackson-module-parameter-names-2.17.2.jar;C:\Users\Ric\.m2\repository\org\springframework\boot\spring-boot-starter-tomcat\3.3.2\spring-boot-starter-tomcat-3.3.2.jar;C:\Users\Ric\.m2\repository\org\apache\tomcat\embed\tomcat-embed-core\10.1.26\tomcat-embed-core-10.1.26.jar;C:\Users\Ric\.m2\repository\org\apache\tomcat\embed\tomcat-embed-el\10.1.26\tomcat-embed-el-10.1.26.jar;C:\Users\Ric\.m2\repository\org\apache\tomcat\embed\tomcat-embed-websocket\10.1.26\tomcat-embed-websocket-10.1.26.jar;C:\Users\Ric\.m2\repository\org\springframework\spring-web\6.1.11\spring-web-6.1.11.jar;C:\Users\Ric\.m2\repository\org\springframework\spring-beans\6.1.11\spring-beans-6.1.11.jar;C:\Users\Ric\.m2\repository\io\micrometer\micrometer-observation\1.13.2\micrometer-observation-1.13.2.jar;C:\Users\Ric\.m2\repository\io\micrometer\micrometer-commons\1.13.2\micrometer-commons-1.13.2.jar;C:\Users\Ric\.m2\repository\org\springframework\spring-webmvc\6.1.11\spring-webmvc-6.1.11.jar;C:\Users\Ric\.m2\repository\org\springframework\spring-context\6.1.11\spring-context-6.1.11.jar;C:\Users\Ric\.m2\repository\org\springframework\spring-expression\6.1.11\spring-expression-6.1.11.jar;C:\Users\Ric\.m2\repository\org\springframework\boot\spring-boot-starter-thymeleaf\3.3.2\spring-boot-starter-thymeleaf-3.3.2.jar;C:\Users\Ric\.m2\repository\org\thymeleaf\thymeleaf-spring6\3.1.2.RELEASE\thymeleaf-spring6-3.1.2.RELEASE.jar;C:\Users\Ric\.m2\repository\org\thymeleaf\thymeleaf\3.1.2.RELEASE\thymeleaf-3.1.2.RELEASE.jar;C:\Users\Ric\.m2\repository\org\attoparser\attoparser\2.0.7.RELEASE\attoparser-2.0.7.RELEASE.jar;C:\Users\Ric\.m2\repository\org\unbescape\unbescape\1.1.6.RELEASE\unbescape-1.1.6.RELEASE.jar;C:\Users\Ric\.m2\repository\org\slf4j\slf4j-api\2.0.13\slf4j-api-2.0.13.jar;C:\Users\Ric\.m2\repository\org\springframework\boot\spring-boot-starter-security\3.3.2\spring-boot-starter-security-3.3.2.jar;C:\Users\Ric\.m2\repository\org\springframework\spring-aop\6.1.11\spring-aop-6.1.11.jar;C:\Users\Ric\.m2\repository\org\springframework\security\spring-security-config\6.3.1\spring-security-config-6.3.1.jar;C:\Users\Ric\.m2\repository\org\springframework\security\spring-security-web\6.3.1\spring-security-web-6.3.1.jar;C:\Users\Ric\.m2\repository\org\springframework\boot\spring-boot-starter-data-jpa\3.3.2\spring-boot-starter-data-jpa-3.3.2.jar;C:\Users\Ric\.m2\repository\org\springframework\boot\spring-boot-starter-aop\3.3.2\spring-boot-starter-aop-3.3.2.jar;C:\Users\Ric\.m2\repository\org\aspectj\aspectjweaver\1.9.22.1\aspectjweaver-1.9.22.1.jar;C:\Users\Ric\.m2\repository\org\springframework\boot\spring-boot-starter-jdbc\3.3.2\spring-boot-starter-jdbc-3.3.2.jar;C:\Users\Ric\.m2\repository\com\zaxxer\HikariCP\5.1.0\HikariCP-5.1.0.jar;C:\Users\Ric\.m2\repository\org\springframework\spring-jdbc\6.1.11\spring-jdbc-6.1.11.jar;C:\Users\Ric\.m2\repository\org\hibernate\orm\hibernate-core\6.5.2.Final\hibernate-core-6.5.2.Final.jar;C:\Users\Ric\.m2\repository\jakarta\persistence\jakarta.persistence-api\3.1.0\jakarta.persistence-api-3.1.0.jar;C:\Users\Ric\.m2\repository\jakarta\transaction\jakarta.transaction-api\2.0.1\jakarta.transaction-api-2.0.1.jar;C:\Users\Ric\.m2\repository\org\jboss\logging\jboss-logging\3.5.3.Final\jboss-logging-3.5.3.Final.jar;C:\Users\Ric\.m2\repository\org\hibernate\common\hibernate-commons-annotations\6.0.6.Final\hibernate-commons-annotations-6.0.6.Final.jar;C:\Users\Ric\.m2\repository\io\smallrye\jandex\3.1.2\jandex-3.1.2.jar;C:\Users\Ric\.m2\repository\com\fasterxml\classmate\1.7.0\classmate-1.7.0.jar;C:\Users\Ric\.m2\repository\net\bytebuddy\byte-buddy\1.14.18\byte-buddy-1.14.18.jar;C:\Users\Ric\.m2\repository\org\glassfish\jaxb\jaxb-runtime\4.0.5\jaxb-runtime-4.0.5.jar;C:\Users\Ric\.m2\repository\org\glassfish\jaxb\jaxb-core\4.0.5\jaxb-core-4.0.5.jar;C:\Users\Ric\.m2\repository\org\eclipse\angus\angus-activation\2.0.2\angus-activation-2.0.2.jar;C:\Users\Ric\.m2\repository\org\glassfish\jaxb\txw2\4.0.5\txw2-4.0.5.jar;C:\Users\Ric\.m2\repository\com\sun\istack\istack-commons-runtime\4.1.2\istack-commons-runtime-4.1.2.jar;C:\Users\Ric\.m2\repository\jakarta\inject\jakarta.inject-api\2.0.1\jakarta.inject-api-2.0.1.jar;C:\Users\Ric\.m2\repository\org\antlr\antlr4-runtime\4.13.0\antlr4-runtime-4.13.0.jar;C:\Users\Ric\.m2\repository\org\springframework\data\spring-data-jpa\3.3.2\spring-data-jpa-3.3.2.jar;C:\Users\Ric\.m2\repository\org\springframework\data\spring-data-commons\3.3.2\spring-data-commons-3.3.2.jar;C:\Users\Ric\.m2\repository\org\springframework\spring-orm\6.1.11\spring-orm-6.1.11.jar;C:\Users\Ric\.m2\repository\org\springframework\spring-tx\6.1.11\spring-tx-6.1.11.jar;C:\Users\Ric\.m2\repository\org\springframework\spring-aspects\6.1.11\spring-aspects-6.1.11.jar;C:\Users\Ric\.m2\repository\org\postgresql\postgresql\42.7.3\postgresql-42.7.3.jar;C:\Users\Ric\.m2\repository\org\checkerframework\checker-qual\3.42.0\checker-qual-3.42.0.jar;C:\Users\Ric\.m2\repository\com\h2database\h2\2.2.224\h2-2.2.224.jar;C:\Users\Ric\.m2\repository\org\springframework\boot\spring-boot-devtools\3.3.2\spring-boot-devtools-3.3.2.jar;C:\Users\Ric\.m2\repository\org\springframework\boot\spring-boot\3.3.2\spring-boot-3.3.2.jar;C:\Users\Ric\.m2\repository\org\springframework\boot\spring-boot-autoconfigure\3.3.2\spring-boot-autoconfigure-3.3.2.jar;C:\Users\Ric\.m2\repository\jakarta\xml\bind\jakarta.xml.bind-api\4.0.2\jakarta.xml.bind-api-4.0.2.jar;C:\Users\Ric\.m2\repository\jakarta\activation\jakarta.activation-api\2.1.3\jakarta.activation-api-2.1.3.jar;C:\Users\Ric\.m2\repository\org\springframework\spring-core\6.1.11\spring-core-6.1.11.jar;C:\Users\Ric\.m2\repository\org\springframework\spring-jcl\6.1.11\spring-jcl-6.1.11.jar;C:\Users\Ric\.m2\repository\org\springframework\security\spring-security-core\6.3.1\spring-security-core-6.3.1.jar;C:\Users\Ric\.m2\repository\org\springframework\security\spring-security-crypto\6.3.1\spring-security-crypto-6.3.1.jar
Launcher Type: SUN_STANDARD

[Global flags]
     intx CICompilerCount                          = 3                                         {product} {ergonomic}
     uint ConcGCThreads                            = 1                                         {product} {ergonomic}
     uint G1ConcRefinementThreads                  = 4                                         {product} {ergonomic}
   size_t G1HeapRegionSize                         = 1048576                                   {product} {ergonomic}
    uintx GCDrainStackTargetSize                   = 64                                        {product} {ergonomic}
   size_t InitialHeapSize                          = 65011712                                  {product} {ergonomic}
   size_t MarkStackSize                            = 4194304                                   {product} {ergonomic}
   size_t MaxHeapSize                              = 1031798784                                {product} {ergonomic}
   size_t MaxNewSize                               = 618659840                                 {product} {ergonomic}
   size_t MinHeapDeltaBytes                        = 1048576                                   {product} {ergonomic}
   size_t MinHeapSize                              = 8388608                                   {product} {ergonomic}
    uintx NonNMethodCodeHeapSize                   = 5832780                                {pd product} {ergonomic}
    uintx NonProfiledCodeHeapSize                  = 122912730                              {pd product} {ergonomic}
    uintx ProfiledCodeHeapSize                     = 122912730                              {pd product} {ergonomic}
    uintx ReservedCodeCacheSize                    = 251658240                              {pd product} {ergonomic}
     bool SegmentedCodeCache                       = true                                      {product} {ergonomic}
   size_t SoftMaxHeapSize                          = 1031798784                             {manageable} {ergonomic}
     bool UseCompressedOops                        = true                           {product lp64_product} {ergonomic}
     bool UseG1GC                                  = true                                      {product} {ergonomic}
     bool UseLargePagesIndividualAllocation        = false                                  {pd product} {ergonomic}

Logging:
Log output configuration:
 #0: stdout all=warning uptime,level,tags foldmultilines=false
 #1: stderr all=off uptime,level,tags foldmultilines=false

Environment Variables:
PATH=C:\Program Files\Common Files\Oracle\Java\javapath;C:\Windows\system32;C:\Windows;C:\Windows\System32\Wbem;C:\Windows\System32\WindowsPowerShell\v1.0\;C:\Windows\System32\OpenSSH\;C:\Program Files\Microsoft SQL Server\150\Tools\Binn\;C:\Program Files\Git\bin;C:\Users\Ric\AppData\Roaming\nvm;C:\Program Files\nodejs;C:\Program Files\Docker\Docker\resources\bin;C:\Users\Ric\AppData\Local\Programs\Python\Python311\Scripts\;C:\Users\Ric\AppData\Local\Programs\Python\Python311\;C:\Users\Ric\AppData\Local\Microsoft\WindowsApps;C:\Users\Ric\.dotnet\tools;C:\Users\Ric\AppData\Local\Programs\Microsoft VS Code\bin;C:\dev\flutter\bin;C:\Users\Ric\AppData\Roaming\npm;C:\Users\Ric\AppData\Roaming\nvm;C:\Program Files\nodejs;C:\Users\Ric\AppData\Local\JetBrains\Toolbox\scripts;C:\Users\Ric\modelio\Modelio Open Source 5.4\plugins\org.apache.ant_1.10.9.v20201106-1946\META-INF;C:\Users\Ric\Documents\projects\work\biblio;C:\Program Files\PostgreSQL\16\bin;
USERNAME=Ric
OS=Windows_NT
PROCESSOR_IDENTIFIER=Intel64 Family 6 Model 58 Stepping 9, GenuineIntel
TMP=C:\Users\Ric\AppData\Local\Temp
TEMP=C:\Users\Ric\AppData\Local\Temp




Periodic native trim disabled

---------------  S Y S T E M  ---------------

OS:
 Windows 10 , 64 bit Build 19041 (10.0.19041.4717)
OS uptime: 0 days 12:26 hours
Hyper-V role detected

CPU: total 4 (initial active 4) (2 cores per cpu, 2 threads per core) family 6 model 58 stepping 9 microcode 0x21, cx8, cmov, fxsr, ht, mmx, sse, sse2, sse3, ssse3, sse4.1, sse4.2, popcnt, tsc, tscinvbit, avx, aes, erms, clmul, vzeroupper, clflush, hv, rdtscp, f16c
Processor Information for all 4 processors :
  Max Mhz: 2501, Current Mhz: 2100, Mhz Limit: 2075

Memory: 4k page, system-wide physical 3933M (229M free)
TotalPageFile size 8109M (AvailPageFile size 0M)
current process WorkingSet (physical memory assigned to process): 109M, peak: 109M
current process commit charge ("private bytes"): 169M, peak: 169M

vm_info: Java HotSpot(TM) 64-Bit Server VM (21.0.4+8-LTS-274) for windows-amd64 JRE (21.0.4+8-LTS-274), built on 2024-06-05T05:23:33Z by "mach5one" with MS VC++ 17.6 (VS2022)

END.
