#
# There is insufficient memory for the Java Runtime Environment to continue.
# Native memory allocation (malloc) failed to allocate 177600 bytes for Chunk::new
# Possible reasons:
#   The system is out of physical RAM or swap space
#   The process is running with CompressedOops enabled, and the Java Heap may be blocking the growth of the native heap
# Possible solutions:
#   Reduce memory load on the system
#   Increase physical memory or swap space
#   Check if swap backing store is full
#   Decrease Java heap size (-Xmx/-Xms)
#   Decrease number of Java threads
#   Decrease Java thread stack sizes (-Xss)
#   Set larger code cache with -XX:ReservedCodeCacheSize=
#   JVM is running with Unscaled Compressed Oops mode in which the Java heap is
#     placed in the first 4GB address space. The Java Heap base address is the
#     maximum limit for the native heap growth. Please use -XX:HeapBaseMinAddress
#     to set the Java Heap base and to place the Java Heap above 4GB virtual address.
# This output file may be truncated or incomplete.
#
#  Out of Memory Error (arena.cpp:168), pid=12712, tid=12488
#
# JRE version: Java(TM) SE Runtime Environment (21.0.4+8) (build 21.0.4+8-LTS-274)
# Java VM: Java HotSpot(TM) 64-Bit Server VM (21.0.4+8-LTS-274, mixed mode, sharing, tiered, compressed oops, compressed class ptrs, g1 gc, windows-amd64)
# No core dump will be written. Minidumps are not enabled by default on client versions of Windows
#

---------------  S U M M A R Y ------------

Command Line: -javaagent:C:\Users\Ric\AppData\Local\Programs\IntelliJ IDEA Community Edition\lib\idea_rt.jar=3597:C:\Users\Ric\AppData\Local\Programs\IntelliJ IDEA Community Edition\bin -Dfile.encoding=UTF-8 -Dsun.stdout.encoding=UTF-8 -Dsun.stderr.encoding=UTF-8 com.hasinarezida.biblio.BiblioApplication

Host: Intel(R) Core(TM) i5-3210M CPU @ 2.50GHz, 4 cores, 3G,  Windows 10 , 64 bit Build 19041 (10.0.19041.4717)
Time: Sun Sep  8 17:19:40 2024 E. Africa Standard Time elapsed time: 223.354404 seconds (0d 0h 3m 43s)

---------------  T H R E A D  ---------------

Current thread (0x0000026f49adc320):  JavaThread "C2 CompilerThread0" daemon [_thread_in_native, id=12488, stack(0x000000d023100000,0x000000d023200000) (1024K)]


Current CompileTask:
C2: 223355 6744       4       java.util.HashSet::iterator (13 bytes)

Stack: [0x000000d023100000,0x000000d023200000]
Native frames: (J=compiled Java code, j=interpreted, Vv=VM code, C=native code)
V  [jvm.dll+0x6c8e59]
V  [jvm.dll+0x853181]
V  [jvm.dll+0x8556ae]
V  [jvm.dll+0x855d83]
V  [jvm.dll+0x27d526]
V  [jvm.dll+0xc4aad]
V  [jvm.dll+0xc4fe3]
V  [jvm.dll+0x3b400c]
V  [jvm.dll+0x3809a5]
V  [jvm.dll+0x37fe1a]
V  [jvm.dll+0x246280]
V  [jvm.dll+0x24585f]
V  [jvm.dll+0x1c69de]
V  [jvm.dll+0x254d49]
V  [jvm.dll+0x2532da]
V  [jvm.dll+0x3ed426]
V  [jvm.dll+0x7fd65b]
V  [jvm.dll+0x6c753d]
C  [ucrtbase.dll+0x21bb2]
C  [KERNEL32.DLL+0x17374]
C  [ntdll.dll+0x4cc91]


---------------  P R O C E S S  ---------------

Threads class SMR info:
_java_thread_list=0x0000026f9434cd90, length=31, elements={
0x0000026f49ac63f0, 0x0000026f49ac8180, 0x0000026f49aca8f0, 0x0000026f49acb390,
0x0000026f49ad0360, 0x0000026f49ad11c0, 0x0000026f49adc320, 0x0000026f49ae2180,
0x0000026f49ad3fb0, 0x0000026f49ad3290, 0x0000026f49ad1850, 0x0000026f90f7f8a0,
0x0000026f90f84760, 0x0000026f90f805c0, 0x0000026f90f82690, 0x0000026f90f82000,
0x0000026f90f812e0, 0x0000026f90f83a40, 0x0000026f90f833b0, 0x0000026f90f85480,
0x0000026f90f7e4f0, 0x0000026f90f85b10, 0x0000026f90f7eb80, 0x0000026f90f7f210,
0x0000026f49ad3920, 0x0000026f49ad1ee0, 0x0000026f93f8e740, 0x0000026f93f8edd0,
0x0000026f93f87e40, 0x0000026f93f8b950, 0x0000026f93f88b60
}

Java Threads: ( => current thread )
  0x0000026f49ac63f0 JavaThread "Reference Handler"          daemon [_thread_blocked, id=6592, stack(0x000000d022b00000,0x000000d022c00000) (1024K)]
  0x0000026f49ac8180 JavaThread "Finalizer"                  daemon [_thread_blocked, id=6040, stack(0x000000d022c00000,0x000000d022d00000) (1024K)]
  0x0000026f49aca8f0 JavaThread "Signal Dispatcher"          daemon [_thread_blocked, id=12576, stack(0x000000d022d00000,0x000000d022e00000) (1024K)]
  0x0000026f49acb390 JavaThread "Attach Listener"            daemon [_thread_blocked, id=3108, stack(0x000000d022e00000,0x000000d022f00000) (1024K)]
  0x0000026f49ad0360 JavaThread "Service Thread"             daemon [_thread_blocked, id=8056, stack(0x000000d022f00000,0x000000d023000000) (1024K)]
  0x0000026f49ad11c0 JavaThread "Monitor Deflation Thread"   daemon [_thread_blocked, id=2224, stack(0x000000d023000000,0x000000d023100000) (1024K)]
=>0x0000026f49adc320 JavaThread "C2 CompilerThread0"         daemon [_thread_in_native, id=12488, stack(0x000000d023100000,0x000000d023200000) (1024K)]
  0x0000026f49ae2180 JavaThread "C1 CompilerThread0"         daemon [_thread_blocked, id=7624, stack(0x000000d023200000,0x000000d023300000) (1024K)]
  0x0000026f49ad3fb0 JavaThread "Common-Cleaner"             daemon [_thread_blocked, id=9768, stack(0x000000d023300000,0x000000d023400000) (1024K)]
  0x0000026f49ad3290 JavaThread "Monitor Ctrl-Break"         daemon [_thread_in_native, id=6692, stack(0x000000d023400000,0x000000d023500000) (1024K)]
  0x0000026f49ad1850 JavaThread "Notification Thread"        daemon [_thread_blocked, id=11288, stack(0x000000d023500000,0x000000d023600000) (1024K)]
  0x0000026f90f7f8a0 JavaThread "PostgreSQL-JDBC-Cleaner"    daemon [_thread_blocked, id=9628, stack(0x000000d023c00000,0x000000d023d00000) (1024K)]
  0x0000026f90f84760 JavaThread "HikariPool-1 housekeeper"   daemon [_thread_blocked, id=2780, stack(0x000000d023d00000,0x000000d023e00000) (1024K)]
  0x0000026f90f805c0 JavaThread "Catalina-utility-1"                [_thread_blocked, id=2816, stack(0x000000d023f00000,0x000000d024000000) (1024K)]
  0x0000026f90f82690 JavaThread "Catalina-utility-2"                [_thread_blocked, id=12664, stack(0x000000d024000000,0x000000d024100000) (1024K)]
  0x0000026f90f82000 JavaThread "container-0"                       [_thread_blocked, id=9296, stack(0x000000d024100000,0x000000d024200000) (1024K)]
  0x0000026f90f812e0 JavaThread "File Watcher"               daemon [_thread_blocked, id=8432, stack(0x000000d023e00000,0x000000d023f00000) (1024K)]
  0x0000026f90f83a40 JavaThread "Live Reload Server"         daemon [_thread_in_native, id=7744, stack(0x000000d024300000,0x000000d024400000) (1024K)]
  0x0000026f90f833b0 JavaThread "http-nio-8080-exec-1"       daemon [_thread_blocked, id=11916, stack(0x000000d024200000,0x000000d024300000) (1024K)]
  0x0000026f90f85480 JavaThread "http-nio-8080-exec-2"       daemon [_thread_blocked, id=6252, stack(0x000000d024400000,0x000000d024500000) (1024K)]
  0x0000026f90f7e4f0 JavaThread "http-nio-8080-exec-3"       daemon [_thread_blocked, id=10352, stack(0x000000d024500000,0x000000d024600000) (1024K)]
  0x0000026f90f85b10 JavaThread "http-nio-8080-exec-4"       daemon [_thread_blocked, id=8348, stack(0x000000d024600000,0x000000d024700000) (1024K)]
  0x0000026f90f7eb80 JavaThread "http-nio-8080-exec-5"       daemon [_thread_blocked, id=5984, stack(0x000000d024700000,0x000000d024800000) (1024K)]
  0x0000026f90f7f210 JavaThread "http-nio-8080-exec-6"       daemon [_thread_blocked, id=2020, stack(0x000000d024800000,0x000000d024900000) (1024K)]
  0x0000026f49ad3920 JavaThread "http-nio-8080-exec-7"       daemon [_thread_blocked, id=4220, stack(0x000000d024900000,0x000000d024a00000) (1024K)]
  0x0000026f49ad1ee0 JavaThread "http-nio-8080-exec-8"       daemon [_thread_blocked, id=2388, stack(0x000000d024a00000,0x000000d024b00000) (1024K)]
  0x0000026f93f8e740 JavaThread "http-nio-8080-exec-9"       daemon [_thread_blocked, id=10472, stack(0x000000d024b00000,0x000000d024c00000) (1024K)]
  0x0000026f93f8edd0 JavaThread "http-nio-8080-exec-10"      daemon [_thread_blocked, id=11776, stack(0x000000d024c00000,0x000000d024d00000) (1024K)]
  0x0000026f93f87e40 JavaThread "http-nio-8080-Poller"       daemon [_thread_in_native, id=10292, stack(0x000000d024d00000,0x000000d024e00000) (1024K)]
  0x0000026f93f8b950 JavaThread "http-nio-8080-Acceptor"     daemon [_thread_in_native, id=10124, stack(0x000000d024e00000,0x000000d024f00000) (1024K)]
  0x0000026f93f88b60 JavaThread "DestroyJavaVM"                     [_thread_blocked, id=11800, stack(0x000000d022300000,0x000000d022400000) (1024K)]
Total: 31

Other Threads:
  0x0000026f2ef669e0 VMThread "VM Thread"                           [id=10692, stack(0x000000d022a00000,0x000000d022b00000) (1024K)]
  0x0000026f49aada20 WatcherThread "VM Periodic Task Thread"        [id=3356, stack(0x000000d022900000,0x000000d022a00000) (1024K)]
  0x0000026f2eedf9e0 WorkerThread "GC Thread#0"                     [id=10144, stack(0x000000d022400000,0x000000d022500000) (1024K)]
  0x0000026f8f7c5f90 WorkerThread "GC Thread#1"                     [id=3560, stack(0x000000d023600000,0x000000d023700000) (1024K)]
  0x0000026f8f7d87c0 WorkerThread "GC Thread#2"                     [id=1004, stack(0x000000d023700000,0x000000d023800000) (1024K)]
  0x0000026f8f7b8f90 WorkerThread "GC Thread#3"                     [id=8164, stack(0x000000d023800000,0x000000d023900000) (1024K)]
  0x0000026f2eee8500 ConcurrentGCThread "G1 Main Marker"            [id=8728, stack(0x000000d022500000,0x000000d022600000) (1024K)]
  0x0000026f2eee95b0 WorkerThread "G1 Conc#0"                       [id=2812, stack(0x000000d022600000,0x000000d022700000) (1024K)]
  0x0000026f2ef42780 ConcurrentGCThread "G1 Refine#0"               [id=7412, stack(0x000000d022700000,0x000000d022800000) (1024K)]
  0x0000026f2ef42d10 ConcurrentGCThread "G1 Service"                [id=8392, stack(0x000000d022800000,0x000000d022900000) (1024K)]
Total: 10

Threads with active compile tasks:
C2 CompilerThread0   223438 6744       4       java.util.HashSet::iterator (13 bytes)
Total: 1

VM state: not at safepoint (normal execution)

VM Mutex/Monitor currently owned by a thread: None

Heap address: 0x00000000c2800000, size: 984 MB, Compressed Oops mode: 32-bit

CDS archive(s) mapped at: [0x0000026f4a000000-0x0000026f4ac90000-0x0000026f4ac90000), size 13172736, SharedBaseAddress: 0x0000026f4a000000, ArchiveRelocationMode: 1.
Compressed class space mapped at: 0x0000026f4b000000-0x0000026f8b000000, reserved size: 1073741824
Narrow klass base: 0x0000026f4a000000, Narrow klass shift: 0, Narrow klass range: 0x100000000

GC Precious Log:
 CardTable entry size: 512
 Card Set container configuration: InlinePtr #cards 5 size 8 Array Of Cards #cards 12 size 40 Howl #buckets 4 coarsen threshold 1843 Howl Bitmap #cards 512 size 80 coarsen threshold 460 Card regions per heap region 1 cards per card region 2048
 CPUs: 4 total, 4 available
 Memory: 3933M
 Large Page Support: Disabled
 NUMA Support: Disabled
 Compressed Oops: Enabled (32-bit)
 Heap Region Size: 1M
 Heap Min Capacity: 8M
 Heap Initial Capacity: 62M
 Heap Max Capacity: 984M
 Pre-touch: Disabled
 Parallel Workers: 4
 Concurrent Workers: 1
 Concurrent Refinement Workers: 4
 Periodic GC: Disabled

Heap:
 garbage-first heap   total 58368K, used 33552K [0x00000000c2800000, 0x0000000100000000)
  region size 1024K, 3 young (3072K), 2 survivors (2048K)
 Metaspace       used 72273K, committed 73024K, reserved 1114112K
  class space    used 10015K, committed 10368K, reserved 1048576K

Heap Regions: E=young(eden), S=young(survivor), O=old, HS=humongous(starts), HC=humongous(continues), CS=collection set, F=free, TAMS=top-at-mark-start, PB=parsable bottom
|   0|0x00000000c2800000, 0x00000000c2900000, 0x00000000c2900000|100%|HS|  |TAMS 0x00000000c2800000| PB 0x00000000c2800000| Complete 
|   1|0x00000000c2900000, 0x00000000c2a00000, 0x00000000c2a00000|100%| O|  |TAMS 0x00000000c2900000| PB 0x00000000c2900000| Untracked 
|   2|0x00000000c2a00000, 0x00000000c2b00000, 0x00000000c2b00000|100%| O|  |TAMS 0x00000000c2a00000| PB 0x00000000c2a00000| Untracked 
|   3|0x00000000c2b00000, 0x00000000c2c00000, 0x00000000c2c00000|100%| O|  |TAMS 0x00000000c2b00000| PB 0x00000000c2b00000| Untracked 
|   4|0x00000000c2c00000, 0x00000000c2d00000, 0x00000000c2d00000|100%| O|  |TAMS 0x00000000c2c00000| PB 0x00000000c2c00000| Untracked 
|   5|0x00000000c2d00000, 0x00000000c2e00000, 0x00000000c2e00000|100%| O|  |TAMS 0x00000000c2d00000| PB 0x00000000c2d00000| Untracked 
|   6|0x00000000c2e00000, 0x00000000c2f00000, 0x00000000c2f00000|100%| O|  |TAMS 0x00000000c2e00000| PB 0x00000000c2e00000| Untracked 
|   7|0x00000000c2f00000, 0x00000000c3000000, 0x00000000c3000000|100%| O|  |TAMS 0x00000000c2f00000| PB 0x00000000c2f00000| Untracked 
|   8|0x00000000c3000000, 0x00000000c3100000, 0x00000000c3100000|100%| O|  |TAMS 0x00000000c3000000| PB 0x00000000c3000000| Untracked 
|   9|0x00000000c3100000, 0x00000000c3200000, 0x00000000c3200000|100%| O|  |TAMS 0x00000000c3100000| PB 0x00000000c3100000| Untracked 
|  10|0x00000000c3200000, 0x00000000c3300000, 0x00000000c3300000|100%| O|  |TAMS 0x00000000c3200000| PB 0x00000000c3200000| Untracked 
|  11|0x00000000c3300000, 0x00000000c3400000, 0x00000000c3400000|100%| O|  |TAMS 0x00000000c3300000| PB 0x00000000c3300000| Untracked 
|  12|0x00000000c3400000, 0x00000000c3500000, 0x00000000c3500000|100%| O|  |TAMS 0x00000000c3400000| PB 0x00000000c3400000| Untracked 
|  13|0x00000000c3500000, 0x00000000c3600000, 0x00000000c3600000|100%| O|  |TAMS 0x00000000c3500000| PB 0x00000000c3500000| Untracked 
|  14|0x00000000c3600000, 0x00000000c3700000, 0x00000000c3700000|100%| O|  |TAMS 0x00000000c3600000| PB 0x00000000c3600000| Untracked 
|  15|0x00000000c3700000, 0x00000000c3800000, 0x00000000c3800000|100%| O|  |TAMS 0x00000000c3700000| PB 0x00000000c3700000| Untracked 
|  16|0x00000000c3800000, 0x00000000c3800000, 0x00000000c3900000|  0%| F|  |TAMS 0x00000000c3800000| PB 0x00000000c3800000| Untracked 
|  17|0x00000000c3900000, 0x00000000c3a00000, 0x00000000c3a00000|100%| O|  |TAMS 0x00000000c3900000| PB 0x00000000c3900000| Untracked 
|  18|0x00000000c3a00000, 0x00000000c3b00000, 0x00000000c3b00000|100%| O|  |TAMS 0x00000000c3a00000| PB 0x00000000c3a00000| Untracked 
|  19|0x00000000c3b00000, 0x00000000c3c00000, 0x00000000c3c00000|100%| O|  |TAMS 0x00000000c3b00000| PB 0x00000000c3b00000| Untracked 
|  20|0x00000000c3c00000, 0x00000000c3d00000, 0x00000000c3d00000|100%| O|  |TAMS 0x00000000c3c00000| PB 0x00000000c3c00000| Untracked 
|  21|0x00000000c3d00000, 0x00000000c3e00000, 0x00000000c3e00000|100%| O|  |TAMS 0x00000000c3d00000| PB 0x00000000c3d00000| Untracked 
|  22|0x00000000c3e00000, 0x00000000c3f00000, 0x00000000c3f00000|100%| O|  |TAMS 0x00000000c3e00000| PB 0x00000000c3e00000| Untracked 
|  23|0x00000000c3f00000, 0x00000000c4000000, 0x00000000c4000000|100%| O|  |TAMS 0x00000000c3f00000| PB 0x00000000c3f00000| Untracked 
|  24|0x00000000c4000000, 0x00000000c4100000, 0x00000000c4100000|100%| O|  |TAMS 0x00000000c4000000| PB 0x00000000c4000000| Untracked 
|  25|0x00000000c4100000, 0x00000000c4200000, 0x00000000c4200000|100%| O|  |TAMS 0x00000000c4100000| PB 0x00000000c4100000| Untracked 
|  26|0x00000000c4200000, 0x00000000c4300000, 0x00000000c4300000|100%| O|  |TAMS 0x00000000c4200000| PB 0x00000000c4200000| Untracked 
|  27|0x00000000c4300000, 0x00000000c4400000, 0x00000000c4400000|100%| O|  |TAMS 0x00000000c4300000| PB 0x00000000c4300000| Untracked 
|  28|0x00000000c4400000, 0x00000000c4500000, 0x00000000c4500000|100%| O|  |TAMS 0x00000000c4400000| PB 0x00000000c4400000| Untracked 
|  29|0x00000000c4500000, 0x00000000c4600000, 0x00000000c4600000|100%| O|  |TAMS 0x00000000c4500000| PB 0x00000000c4500000| Untracked 
|  30|0x00000000c4600000, 0x00000000c4700000, 0x00000000c4700000|100%| O|  |TAMS 0x00000000c4600000| PB 0x00000000c4600000| Untracked 
|  31|0x00000000c4700000, 0x00000000c4800000, 0x00000000c4800000|100%| O|  |TAMS 0x00000000c4700000| PB 0x00000000c4700000| Untracked 
|  32|0x00000000c4800000, 0x00000000c4832ba0, 0x00000000c4900000| 19%| O|  |TAMS 0x00000000c4800000| PB 0x00000000c4800000| Untracked 
|  33|0x00000000c4900000, 0x00000000c4900000, 0x00000000c4a00000|  0%| F|  |TAMS 0x00000000c4900000| PB 0x00000000c4900000| Untracked 
|  34|0x00000000c4a00000, 0x00000000c4a00000, 0x00000000c4b00000|  0%| F|  |TAMS 0x00000000c4a00000| PB 0x00000000c4a00000| Untracked 
|  35|0x00000000c4b00000, 0x00000000c4b00000, 0x00000000c4c00000|  0%| F|  |TAMS 0x00000000c4b00000| PB 0x00000000c4b00000| Untracked 
|  36|0x00000000c4c00000, 0x00000000c4c91758, 0x00000000c4d00000| 56%| S|CS|TAMS 0x00000000c4c00000| PB 0x00000000c4c00000| Complete 
|  37|0x00000000c4d00000, 0x00000000c4e00000, 0x00000000c4e00000|100%| S|CS|TAMS 0x00000000c4d00000| PB 0x00000000c4d00000| Complete 
|  38|0x00000000c4e00000, 0x00000000c4e00000, 0x00000000c4f00000|  0%| F|  |TAMS 0x00000000c4e00000| PB 0x00000000c4e00000| Untracked 
|  39|0x00000000c4f00000, 0x00000000c4f00000, 0x00000000c5000000|  0%| F|  |TAMS 0x00000000c4f00000| PB 0x00000000c4f00000| Untracked 
|  40|0x00000000c5000000, 0x00000000c5000000, 0x00000000c5100000|  0%| F|  |TAMS 0x00000000c5000000| PB 0x00000000c5000000| Untracked 
|  41|0x00000000c5100000, 0x00000000c5100000, 0x00000000c5200000|  0%| F|  |TAMS 0x00000000c5100000| PB 0x00000000c5100000| Untracked 
|  42|0x00000000c5200000, 0x00000000c5200000, 0x00000000c5300000|  0%| F|  |TAMS 0x00000000c5200000| PB 0x00000000c5200000| Untracked 
|  43|0x00000000c5300000, 0x00000000c5300000, 0x00000000c5400000|  0%| F|  |TAMS 0x00000000c5300000| PB 0x00000000c5300000| Untracked 
|  44|0x00000000c5400000, 0x00000000c5400000, 0x00000000c5500000|  0%| F|  |TAMS 0x00000000c5400000| PB 0x00000000c5400000| Untracked 
|  45|0x00000000c5500000, 0x00000000c5500000, 0x00000000c5600000|  0%| F|  |TAMS 0x00000000c5500000| PB 0x00000000c5500000| Untracked 
|  46|0x00000000c5600000, 0x00000000c5600000, 0x00000000c5700000|  0%| F|  |TAMS 0x00000000c5600000| PB 0x00000000c5600000| Untracked 
|  47|0x00000000c5700000, 0x00000000c5700000, 0x00000000c5800000|  0%| F|  |TAMS 0x00000000c5700000| PB 0x00000000c5700000| Untracked 
|  48|0x00000000c5800000, 0x00000000c5800000, 0x00000000c5900000|  0%| F|  |TAMS 0x00000000c5800000| PB 0x00000000c5800000| Untracked 
|  49|0x00000000c5900000, 0x00000000c5900000, 0x00000000c5a00000|  0%| F|  |TAMS 0x00000000c5900000| PB 0x00000000c5900000| Untracked 
|  50|0x00000000c5a00000, 0x00000000c5a00000, 0x00000000c5b00000|  0%| F|  |TAMS 0x00000000c5a00000| PB 0x00000000c5a00000| Untracked 
|  51|0x00000000c5b00000, 0x00000000c5b00000, 0x00000000c5c00000|  0%| F|  |TAMS 0x00000000c5b00000| PB 0x00000000c5b00000| Untracked 
|  52|0x00000000c5c00000, 0x00000000c5c00000, 0x00000000c5d00000|  0%| F|  |TAMS 0x00000000c5c00000| PB 0x00000000c5c00000| Untracked 
|  53|0x00000000c5d00000, 0x00000000c5d00000, 0x00000000c5e00000|  0%| F|  |TAMS 0x00000000c5d00000| PB 0x00000000c5d00000| Untracked 
|  54|0x00000000c5e00000, 0x00000000c5e00000, 0x00000000c5f00000|  0%| F|  |TAMS 0x00000000c5e00000| PB 0x00000000c5e00000| Untracked 
|  55|0x00000000c5f00000, 0x00000000c5f00000, 0x00000000c6000000|  0%| F|  |TAMS 0x00000000c5f00000| PB 0x00000000c5f00000| Untracked 
|  61|0x00000000c6500000, 0x00000000c65915a0, 0x00000000c6600000| 56%| E|  |TAMS 0x00000000c6500000| PB 0x00000000c6500000| Complete 

Card table byte_map: [0x0000026f46510000,0x0000026f46700000] _byte_map_base: 0x0000026f45efc000

Marking Bits: (CMBitMap*) 0x0000026f2eedfef0
 Bits: [0x0000026f46700000, 0x0000026f47660000)

Polling page: 0x0000026f2cca0000

Metaspace:

Usage:
  Non-class:     60.80 MB used.
      Class:      9.78 MB used.
       Both:     70.58 MB used.

Virtual space:
  Non-class space:       64.00 MB reserved,      61.19 MB ( 96%) committed,  1 nodes.
      Class space:        1.00 GB reserved,      10.12 MB ( <1%) committed,  1 nodes.
             Both:        1.06 GB reserved,      71.31 MB (  7%) committed. 

Chunk freelists:
   Non-Class:  2.41 MB
       Class:  5.84 MB
        Both:  8.25 MB

MaxMetaspaceSize: unlimited
CompressedClassSpaceSize: 1.00 GB
Initial GC threshold: 21.00 MB
Current GC threshold: 111.06 MB
CDS: on
 - commit_granule_bytes: 65536.
 - commit_granule_words: 8192.
 - virtual_space_node_default_size: 8388608.
 - enlarge_chunks_in_place: 1.
 - use_allocation_guard: 0.


Internal statistics:

num_allocs_failed_limit: 12.
num_arena_births: 986.
num_arena_deaths: 0.
num_vsnodes_births: 2.
num_vsnodes_deaths: 0.
num_space_committed: 1141.
num_space_uncommitted: 0.
num_chunks_returned_to_freelist: 12.
num_chunks_taken_from_freelist: 3633.
num_chunk_merges: 12.
num_chunk_splits: 2619.
num_chunks_enlarged: 2031.
num_inconsistent_stats: 0.

CodeHeap 'non-profiled nmethods': size=120000Kb used=3245Kb max_used=3245Kb free=116754Kb
 bounds [0x0000026f3edf0000, 0x0000026f3f120000, 0x0000026f46320000]
CodeHeap 'profiled nmethods': size=120000Kb used=10844Kb max_used=10912Kb free=109155Kb
 bounds [0x0000026f37320000, 0x0000026f37dd0000, 0x0000026f3e850000]
CodeHeap 'non-nmethods': size=5760Kb used=1655Kb max_used=1688Kb free=4104Kb
 bounds [0x0000026f3e850000, 0x0000026f3eac0000, 0x0000026f3edf0000]
 total_blobs=6611 nmethods=5916 adapters=598
 compilation: enabled
              stopped_count=0, restarted_count=0
 full_count=0

Compilation events (20 events):
Event: 212.401 Thread 0x0000026f49ae2180 nmethod 6734 0x0000026f379ed010 code [0x0000026f379ed1c0, 0x0000026f379ed300]
Event: 212.401 Thread 0x0000026f49ae2180 6735       3       java.util.concurrent.ThreadPoolExecutor$Worker::tryAcquire (20 bytes)
Event: 212.402 Thread 0x0000026f49ae2180 nmethod 6735 0x0000026f379ecb90 code [0x0000026f379ecd40, 0x0000026f379ecf80]
Event: 212.402 Thread 0x0000026f49ae2180 6736       3       java.util.concurrent.ThreadPoolExecutor::afterExecute (1 bytes)
Event: 212.402 Thread 0x0000026f49ae2180 nmethod 6736 0x0000026f373a6090 code [0x0000026f373a6220, 0x0000026f373a6328]
Event: 217.391 Thread 0x0000026f49ae2180 6737       3       java.util.concurrent.ScheduledThreadPoolExecutor$DelayedWorkQueue::take (5 bytes)
Event: 217.391 Thread 0x0000026f49ae2180 nmethod 6737 0x0000026f379ec790 code [0x0000026f379ec940, 0x0000026f379eca98]
Event: 217.391 Thread 0x0000026f49ae2180 6738   !   3       java.util.concurrent.ScheduledThreadPoolExecutor$DelayedWorkQueue::take (203 bytes)
Event: 217.398 Thread 0x0000026f49ae2180 nmethod 6738 0x0000026f37431710 code [0x0000026f37431ae0, 0x0000026f37433450]
Event: 218.395 Thread 0x0000026f49ae2180 6739       3       java.util.concurrent.locks.LockSupport::park (24 bytes)
Event: 218.395 Thread 0x0000026f49ae2180 nmethod 6739 0x0000026f379ec190 code [0x0000026f379ec360, 0x0000026f379ec6a8]
Event: 220.393 Thread 0x0000026f49ae2180 6740       3       java.util.concurrent.ScheduledThreadPoolExecutor$ScheduledFutureTask::run (57 bytes)
Event: 220.395 Thread 0x0000026f49ae2180 nmethod 6740 0x0000026f379eb910 code [0x0000026f379ebb40, 0x0000026f379ebfe8]
Event: 220.395 Thread 0x0000026f49ae2180 6741   !   3       java.util.concurrent.FutureTask::runAndReset (125 bytes)
Event: 220.428 Thread 0x0000026f49ae2180 nmethod 6741 0x0000026f37c08b10 code [0x0000026f37c08fa0, 0x0000026f37c0b818]
Event: 220.429 Thread 0x0000026f49ae2180 6742       3       java.util.concurrent.Executors$RunnableAdapter::call (14 bytes)
Event: 220.429 Thread 0x0000026f49ae2180 nmethod 6742 0x0000026f379eb490 code [0x0000026f379eb640, 0x0000026f379eb828]
Event: 221.967 Thread 0x0000026f49ae2180 6743       3       java.util.concurrent.ScheduledThreadPoolExecutor$DelayedWorkQueue::siftDown (119 bytes)
Event: 221.969 Thread 0x0000026f49ae2180 nmethod 6743 0x0000026f37c07410 code [0x0000026f37c07680, 0x0000026f37c08658]
Event: 223.300 Thread 0x0000026f49adc320 6744       4       java.util.HashSet::iterator (13 bytes)

GC Heap History (20 events):
Event: 13.161 GC heap before
{Heap before GC invocations=8 (full 0):
 garbage-first heap   total 55296K, used 33646K [0x00000000c2800000, 0x0000000100000000)
  region size 1024K, 19 young (19456K), 3 survivors (3072K)
 Metaspace       used 35465K, committed 35968K, reserved 1114112K
  class space    used 4424K, committed 4672K, reserved 1048576K
}
Event: 13.169 GC heap after
{Heap after GC invocations=9 (full 0):
 garbage-first heap   total 55296K, used 20623K [0x00000000c2800000, 0x0000000100000000)
  region size 1024K, 2 young (2048K), 2 survivors (2048K)
 Metaspace       used 35465K, committed 35968K, reserved 1114112K
  class space    used 4424K, committed 4672K, reserved 1048576K
}
Event: 14.919 GC heap before
{Heap before GC invocations=10 (full 0):
 garbage-first heap   total 55296K, used 45199K [0x00000000c2800000, 0x0000000100000000)
  region size 1024K, 27 young (27648K), 2 survivors (2048K)
 Metaspace       used 41851K, committed 42432K, reserved 1114112K
  class space    used 5476K, committed 5760K, reserved 1048576K
}
Event: 14.928 GC heap after
{Heap after GC invocations=11 (full 0):
 garbage-first heap   total 55296K, used 22100K [0x00000000c2800000, 0x0000000100000000)
  region size 1024K, 3 young (3072K), 3 survivors (3072K)
 Metaspace       used 41851K, committed 42432K, reserved 1114112K
  class space    used 5476K, committed 5760K, reserved 1048576K
}
Event: 16.542 GC heap before
{Heap before GC invocations=11 (full 0):
 garbage-first heap   total 55296K, used 46676K [0x00000000c2800000, 0x0000000100000000)
  region size 1024K, 28 young (28672K), 3 survivors (3072K)
 Metaspace       used 49492K, committed 50048K, reserved 1114112K
  class space    used 6546K, committed 6784K, reserved 1048576K
}
Event: 16.555 GC heap after
{Heap after GC invocations=12 (full 0):
 garbage-first heap   total 55296K, used 23013K [0x00000000c2800000, 0x0000000100000000)
  region size 1024K, 3 young (3072K), 3 survivors (3072K)
 Metaspace       used 49492K, committed 50048K, reserved 1114112K
  class space    used 6546K, committed 6784K, reserved 1048576K
}
Event: 18.554 GC heap before
{Heap before GC invocations=12 (full 0):
 garbage-first heap   total 55296K, used 46565K [0x00000000c2800000, 0x0000000100000000)
  region size 1024K, 27 young (27648K), 3 survivors (3072K)
 Metaspace       used 54956K, committed 55552K, reserved 1114112K
  class space    used 7428K, committed 7680K, reserved 1048576K
}
Event: 18.565 GC heap after
{Heap after GC invocations=13 (full 0):
 garbage-first heap   total 55296K, used 24085K [0x00000000c2800000, 0x0000000100000000)
  region size 1024K, 3 young (3072K), 3 survivors (3072K)
 Metaspace       used 54956K, committed 55552K, reserved 1114112K
  class space    used 7428K, committed 7680K, reserved 1048576K
}
Event: 20.073 GC heap before
{Heap before GC invocations=13 (full 0):
 garbage-first heap   total 55296K, used 44565K [0x00000000c2800000, 0x0000000100000000)
  region size 1024K, 25 young (25600K), 3 survivors (3072K)
 Metaspace       used 59819K, committed 60416K, reserved 1114112K
  class space    used 8093K, committed 8384K, reserved 1048576K
}
Event: 20.087 GC heap after
{Heap after GC invocations=14 (full 0):
 garbage-first heap   total 55296K, used 26559K [0x00000000c2800000, 0x0000000100000000)
  region size 1024K, 4 young (4096K), 4 survivors (4096K)
 Metaspace       used 59819K, committed 60416K, reserved 1114112K
  class space    used 8093K, committed 8384K, reserved 1048576K
}
Event: 20.872 GC heap before
{Heap before GC invocations=15 (full 0):
 garbage-first heap   total 55296K, used 46015K [0x00000000c2800000, 0x0000000100000000)
  region size 1024K, 23 young (23552K), 4 survivors (4096K)
 Metaspace       used 61686K, committed 62400K, reserved 1114112K
  class space    used 8576K, committed 8896K, reserved 1048576K
}
Event: 20.886 GC heap after
{Heap after GC invocations=16 (full 0):
 garbage-first heap   total 55296K, used 27952K [0x00000000c2800000, 0x0000000100000000)
  region size 1024K, 2 young (2048K), 2 survivors (2048K)
 Metaspace       used 61686K, committed 62400K, reserved 1114112K
  class space    used 8576K, committed 8896K, reserved 1048576K
}
Event: 22.144 GC heap before
{Heap before GC invocations=16 (full 0):
 garbage-first heap   total 55296K, used 47408K [0x00000000c2800000, 0x0000000100000000)
  region size 1024K, 22 young (22528K), 2 survivors (2048K)
 Metaspace       used 65127K, committed 65792K, reserved 1114112K
  class space    used 9035K, committed 9344K, reserved 1048576K
}
Event: 22.158 GC heap after
{Heap after GC invocations=17 (full 0):
 garbage-first heap   total 55296K, used 29424K [0x00000000c2800000, 0x0000000100000000)
  region size 1024K, 2 young (2048K), 2 survivors (2048K)
 Metaspace       used 65127K, committed 65792K, reserved 1114112K
  class space    used 9035K, committed 9344K, reserved 1048576K
}
Event: 23.031 GC heap before
{Heap before GC invocations=17 (full 0):
 garbage-first heap   total 55296K, used 48880K [0x00000000c2800000, 0x0000000100000000)
  region size 1024K, 21 young (21504K), 2 survivors (2048K)
 Metaspace       used 67352K, committed 68032K, reserved 1114112K
  class space    used 9356K, committed 9664K, reserved 1048576K
}
Event: 23.042 GC heap after
{Heap after GC invocations=18 (full 0):
 garbage-first heap   total 55296K, used 32048K [0x00000000c2800000, 0x0000000100000000)
  region size 1024K, 3 young (3072K), 3 survivors (3072K)
 Metaspace       used 67352K, committed 68032K, reserved 1114112K
  class space    used 9356K, committed 9664K, reserved 1048576K
}
Event: 35.349 GC heap before
{Heap before GC invocations=19 (full 0):
 garbage-first heap   total 58368K, used 47408K [0x00000000c2800000, 0x0000000100000000)
  region size 1024K, 18 young (18432K), 3 survivors (3072K)
 Metaspace       used 70842K, committed 71552K, reserved 1114112K
  class space    used 9846K, committed 10176K, reserved 1048576K
}
Event: 35.361 GC heap after
{Heap after GC invocations=20 (full 0):
 garbage-first heap   total 58368K, used 33470K [0x00000000c2800000, 0x0000000100000000)
  region size 1024K, 2 young (2048K), 2 survivors (2048K)
 Metaspace       used 70842K, committed 71552K, reserved 1114112K
  class space    used 9846K, committed 10176K, reserved 1048576K
}
Event: 217.888 GC heap before
{Heap before GC invocations=20 (full 0):
 garbage-first heap   total 58368K, used 49854K [0x00000000c2800000, 0x0000000100000000)
  region size 1024K, 19 young (19456K), 2 survivors (2048K)
 Metaspace       used 72261K, committed 73024K, reserved 1114112K
  class space    used 10015K, committed 10368K, reserved 1048576K
}
Event: 218.049 GC heap after
{Heap after GC invocations=21 (full 0):
 garbage-first heap   total 58368K, used 33552K [0x00000000c2800000, 0x0000000100000000)
  region size 1024K, 2 young (2048K), 2 survivors (2048K)
 Metaspace       used 72261K, committed 73024K, reserved 1114112K
  class space    used 10015K, committed 10368K, reserved 1048576K
}

Dll operation events (14 events):
Event: 0.038 Loaded shared library C:\Program Files\Java\jdk-21\bin\java.dll
Event: 0.113 Loaded shared library C:\Program Files\Java\jdk-21\bin\jsvml.dll
Event: 0.381 Loaded shared library C:\Program Files\Java\jdk-21\bin\zip.dll
Event: 0.392 Loaded shared library C:\Program Files\Java\jdk-21\bin\instrument.dll
Event: 0.406 Loaded shared library C:\Program Files\Java\jdk-21\bin\net.dll
Event: 0.411 Loaded shared library C:\Program Files\Java\jdk-21\bin\nio.dll
Event: 0.417 Loaded shared library C:\Program Files\Java\jdk-21\bin\zip.dll
Event: 0.697 Loaded shared library C:\Users\Ric\AppData\Local\Programs\IntelliJ IDEA Community Edition\bin\breakgen64.dll
Event: 0.724 Loaded shared library C:\Program Files\Java\jdk-21\bin\extnet.dll
Event: 0.832 Loaded shared library C:\Program Files\Java\jdk-21\bin\jimage.dll
Event: 1.653 Loaded shared library C:\Program Files\Java\jdk-21\bin\management.dll
Event: 1.660 Loaded shared library C:\Program Files\Java\jdk-21\bin\management_ext.dll
Event: 4.372 Loaded shared library C:\Program Files\Java\jdk-21\bin\sunmscapi.dll
Event: 13.674 Loaded shared library C:\Program Files\Java\jdk-21\bin\verify.dll

Deoptimization events (20 events):
Event: 23.148 Thread 0x0000026f49ad2c00 DEOPT PACKING pc=0x0000026f3edfb0c8 sp=0x000000d023afd040
Event: 23.148 Thread 0x0000026f49ad2c00 DEOPT UNPACKING pc=0x0000026f3e8a46a2 sp=0x000000d023afcf70 mode 2
Event: 23.330 Thread 0x0000026f49ad2c00 Uncommon trap: trap_request=0xffffff45 fr.pc=0x0000026f3ee7e838 relative=0x00000000000000f8
Event: 23.330 Thread 0x0000026f49ad2c00 Uncommon trap: reason=unstable_if action=reinterpret pc=0x0000026f3ee7e838 method=java.lang.ref.ReferenceQueue.poll()Ljava/lang/ref/Reference; @ 4 c2
Event: 23.330 Thread 0x0000026f49ad2c00 DEOPT PACKING pc=0x0000026f3ee7e838 sp=0x000000d023afeb80
Event: 23.330 Thread 0x0000026f49ad2c00 DEOPT UNPACKING pc=0x0000026f3e8a46a2 sp=0x000000d023afea48 mode 2
Event: 23.379 Thread 0x0000026f49ad2c00 Uncommon trap: trap_request=0xffffff45 fr.pc=0x0000026f3ef8f9e8 relative=0x0000000000001108
Event: 23.379 Thread 0x0000026f49ad2c00 Uncommon trap: reason=unstable_if action=reinterpret pc=0x0000026f3ef8f9e8 method=java.lang.String.<init>(Ljava/nio/charset/Charset;[BII)V @ 6 c2
Event: 23.379 Thread 0x0000026f49ad2c00 DEOPT PACKING pc=0x0000026f3ef8f9e8 sp=0x000000d023afe100
Event: 23.379 Thread 0x0000026f49ad2c00 DEOPT UNPACKING pc=0x0000026f3e8a46a2 sp=0x000000d023afe0b0 mode 2
Event: 23.415 Thread 0x0000026f49ad2c00 DEOPT PACKING pc=0x0000026f374a74ee sp=0x000000d023afe950
Event: 23.415 Thread 0x0000026f49ad2c00 DEOPT UNPACKING pc=0x0000026f3e8a4e42 sp=0x000000d023afde28 mode 0
Event: 34.803 Thread 0x0000026f90f85480 Uncommon trap: trap_request=0xffffff45 fr.pc=0x0000026f3f0eeb24 relative=0x0000000000001264
Event: 34.803 Thread 0x0000026f90f85480 Uncommon trap: reason=unstable_if action=reinterpret pc=0x0000026f3f0eeb24 method=java.util.concurrent.ConcurrentHashMap.putVal(Ljava/lang/Object;Ljava/lang/Object;Z)Ljava/lang/Object; @ 97 c2
Event: 34.803 Thread 0x0000026f90f85480 DEOPT PACKING pc=0x0000026f3f0eeb24 sp=0x000000d0244fe2b0
Event: 34.803 Thread 0x0000026f90f85480 DEOPT UNPACKING pc=0x0000026f3e8a46a2 sp=0x000000d0244fe238 mode 2
Event: 34.959 Thread 0x0000026f90f85480 Uncommon trap: trap_request=0xffffff45 fr.pc=0x0000026f3ef21a78 relative=0x00000000000001d8
Event: 34.959 Thread 0x0000026f90f85480 Uncommon trap: reason=unstable_if action=reinterpret pc=0x0000026f3ef21a78 method=java.lang.String.indexOf(Ljava/lang/String;)I @ 10 c2
Event: 34.959 Thread 0x0000026f90f85480 DEOPT PACKING pc=0x0000026f3ef21a78 sp=0x000000d0244fde30
Event: 34.959 Thread 0x0000026f90f85480 DEOPT UNPACKING pc=0x0000026f3e8a46a2 sp=0x000000d0244fddc0 mode 2

Classes loaded (20 events):
Event: 35.049 Loading class java/time/format/DateTimeFormatterBuilder$ZoneTextPrinterParser
Event: 35.050 Loading class java/time/format/DateTimeFormatterBuilder$ZoneTextPrinterParser done
Event: 35.050 Loading class java/time/format/DateTimeFormatterBuilder$ReducedPrinterParser
Event: 35.052 Loading class java/time/format/DateTimeFormatterBuilder$ReducedPrinterParser done
Event: 35.059 Loading class java/io/PushbackInputStream
Event: 35.059 Loading class java/io/PushbackInputStream done
Event: 35.062 Loading class java/util/OptionalLong
Event: 35.063 Loading class java/util/OptionalLong done
Event: 35.063 Loading class java/util/OptionalDouble
Event: 35.063 Loading class java/util/OptionalDouble done
Event: 35.080 Loading class org/w3c/dom/Node
Event: 35.081 Loading class org/w3c/dom/Node done
Event: 35.081 Loading class org/w3c/dom/Document
Event: 35.082 Loading class org/w3c/dom/Document done
Event: 35.429 Loading class java/util/AbstractMap$SimpleEntry
Event: 35.429 Loading class java/util/AbstractMap$SimpleEntry done
Event: 35.599 Loading class java/util/stream/LongStream
Event: 35.600 Loading class java/util/stream/LongStream done
Event: 35.600 Loading class java/util/stream/DoubleStream
Event: 35.601 Loading class java/util/stream/DoubleStream done

Classes unloaded (0 events):
No events

Classes redefined (0 events):
No events

Internal exceptions (20 events):
Event: 17.761 Thread 0x0000026f49ad2c00 Exception <a 'java/lang/NoSuchMethodError'{0x00000000c4a2c4e0}: 'java.lang.Object java.lang.invoke.DirectMethodHandle$Holder.newInvokeSpecial(java.lang.Object, java.lang.Object, java.lang.Object, java.lang.Object, java.lang.Object, java.lang.Object)'> (0x00000000c4a2c4e0) 
thrown [s\open\src\hotspot\share\interpreter\linkResolver.cpp, line 773]
Event: 17.814 Thread 0x0000026f49ad2c00 Exception <a 'java/lang/NoSuchMethodError'{0x00000000c4ab9820}: 'java.lang.Object java.lang.invoke.DirectMethodHandle$Holder.newInvokeSpecial(java.lang.Object, java.lang.Object, java.lang.Object, java.lang.Object, java.lang.Object, java.lang.Object, java.lang.Object, int)'> (0x00000000c4ab9820) 
thrown [s\open\src\hotspot\share\interpreter\linkResolver.cpp, line 773]
Event: 17.816 Thread 0x0000026f49ad2c00 Exception <a 'java/lang/NoSuchMethodError'{0x00000000c4abdd80}: 'java.lang.Object java.lang.invoke.DirectMethodHandle$Holder.invokeSpecial(java.lang.Object, java.lang.Object, java.lang.Object, java.lang.Object, java.lang.Object, java.lang.Object, java.lang.Object, java.lang.Object, int)'> (0x00000000c4abdd80) 
thrown [s\open\src\hotspot\share\interpreter\linkResolver.cpp, line 773]
Event: 17.816 Thread 0x0000026f49ad2c00 Exception <a 'java/lang/NoSuchMethodError'{0x00000000c4ac1d98}: 'java.lang.Object java.lang.invoke.Invokers$Holder.linkToTargetMethod(java.lang.Object, java.lang.Object, java.lang.Object, java.lang.Object, java.lang.Object, java.lang.Object, int, java.lang.Object)'> (0x00000000c4ac1d98) 
thrown [s\open\src\hotspot\share\interpreter\linkResolver.cpp, line 773]
Event: 17.884 Thread 0x0000026f49ad2c00 Exception <a 'java/lang/NoSuchMethodError'{0x00000000c49806f8}: 'void java.lang.invoke.DirectMethodHandle$Holder.invokeInterface(java.lang.Object, java.lang.Object)'> (0x00000000c49806f8) 
thrown [s\open\src\hotspot\share\interpreter\linkResolver.cpp, line 773]
Event: 18.589 Thread 0x0000026f49ad2c00 Exception <a 'java/lang/NoSuchMethodError'{0x00000000c656f9d8}: 'void java.lang.invoke.Invokers$Holder.invokeExact_MT(java.lang.Object, java.lang.Object, java.lang.Object, java.lang.Object)'> (0x00000000c656f9d8) 
thrown [s\open\src\hotspot\share\interpreter\linkResolver.cpp, line 773]
Event: 18.725 Thread 0x0000026f49ad2c00 Implicit null exception at 0x0000026f3f058b1a to 0x0000026f3f058b54
Event: 18.822 Thread 0x0000026f49ad2c00 Exception <a 'java/lang/IncompatibleClassChangeError'{0x00000000c59795a8}: Found class java.lang.Object, but interface was expected> (0x00000000c59795a8) 
thrown [s\open\src\hotspot\share\interpreter\linkResolver.cpp, line 840]
Event: 18.856 Thread 0x0000026f49ad2c00 Exception <a 'java/lang/IncompatibleClassChangeError'{0x00000000c59fa968}: Found class java.lang.Object, but interface was expected> (0x00000000c59fa968) 
thrown [s\open\src\hotspot\share\interpreter\linkResolver.cpp, line 840]
Event: 18.943 Thread 0x0000026f49ad2c00 Exception <a 'java/lang/IncompatibleClassChangeError'{0x00000000c576a998}: Found class java.lang.Object, but interface was expected> (0x00000000c576a998) 
thrown [s\open\src\hotspot\share\interpreter\linkResolver.cpp, line 840]
Event: 19.514 Thread 0x0000026f49ad2c00 Exception <a 'java/lang/IncompatibleClassChangeError'{0x00000000c51ef768}: Found class java.lang.Object, but interface was expected> (0x00000000c51ef768) 
thrown [s\open\src\hotspot\share\interpreter\linkResolver.cpp, line 840]
Event: 19.755 Thread 0x0000026f49ad2c00 Exception <a 'java/lang/IncompatibleClassChangeError'{0x00000000c4ebd440}: Found class java.lang.Object, but interface was expected> (0x00000000c4ebd440) 
thrown [s\open\src\hotspot\share\interpreter\linkResolver.cpp, line 840]
Event: 21.577 Thread 0x0000026f49ad2c00 Exception <a 'java/lang/NoSuchMethodError'{0x00000000c5443fc8}: 'java.lang.Object java.lang.invoke.DirectMethodHandle$Holder.newInvokeSpecial(java.lang.Object, java.lang.Object, java.lang.Object, java.lang.Object, java.lang.Object, java.lang.Object, java.lang.Object, java.lang.Object)'> (0x00000000c5443fc8) 
thrown [s\open\src\hotspot\share\interpreter\linkResolver.cpp, line 773]
Event: 22.335 Thread 0x0000026f49ad2c00 Exception <a 'java/lang/IncompatibleClassChangeError'{0x00000000c5968960}: Found class java.lang.Object, but interface was expected> (0x00000000c5968960) 
thrown [s\open\src\hotspot\share\interpreter\linkResolver.cpp, line 840]
Event: 22.605 Thread 0x0000026f49ad2c00 Exception <a 'java/lang/NoSuchMethodError'{0x00000000c54bad20}: 'void java.lang.invoke.DirectMethodHandle$Holder.invokeVirtual(java.lang.Object, java.lang.Object, long)'> (0x00000000c54bad20) 
thrown [s\open\src\hotspot\share\interpreter\linkResolver.cpp, line 773]
Event: 22.904 Thread 0x0000026f49ad2c00 Exception <a 'java/lang/IncompatibleClassChangeError'{0x00000000c4e242b0}: Found class java.lang.Object, but interface was expected> (0x00000000c4e242b0) 
thrown [s\open\src\hotspot\share\interpreter\linkResolver.cpp, line 840]
Event: 22.928 Thread 0x0000026f49ad2c00 Implicit null exception at 0x0000026f3ef2ce68 to 0x0000026f3ef2d0c4
Event: 23.333 Thread 0x0000026f49ad2c00 Exception <a 'java/lang/NoSuchMethodError'{0x00000000c5d171f0}: 'java.lang.Object java.lang.invoke.DirectMethodHandle$Holder.newInvokeSpecial(java.lang.Object, java.lang.Object, int, java.lang.Object, java.lang.Object)'> (0x00000000c5d171f0) 
thrown [s\open\src\hotspot\share\interpreter\linkResolver.cpp, line 773]
Event: 34.838 Thread 0x0000026f90f85480 Exception <a 'java/lang/NoSuchMethodError'{0x00000000c5821990}: 'java.lang.Object java.lang.invoke.DirectMethodHandle$Holder.invokeSpecial(java.lang.Object, java.lang.Object, java.lang.Object, java.lang.Object, java.lang.Object, long)'> (0x00000000c5821990) 
thrown [s\open\src\hotspot\share\interpreter\linkResolver.cpp, line 773]
Event: 34.839 Thread 0x0000026f90f85480 Exception <a 'java/lang/NoSuchMethodError'{0x00000000c5825150}: 'java.lang.Object java.lang.invoke.Invokers$Holder.linkToTargetMethod(java.lang.Object, java.lang.Object, java.lang.Object, long, java.lang.Object)'> (0x00000000c5825150) 
thrown [s\open\src\hotspot\share\interpreter\linkResolver.cpp, line 773]

ZGC Phase Switch (0 events):
No events

VM Operations (20 events):
Event: 120.304 Executing VM operation: HandshakeAllThreads (HandshakeForDeflation)
Event: 120.304 Executing VM operation: HandshakeAllThreads (HandshakeForDeflation) done
Event: 120.304 Executing VM operation: RendezvousGCThreads
Event: 120.304 Executing VM operation: RendezvousGCThreads done
Event: 123.338 Executing VM operation: Cleanup
Event: 123.338 Executing VM operation: Cleanup done
Event: 138.475 Executing VM operation: Cleanup
Event: 138.475 Executing VM operation: Cleanup done
Event: 199.956 Executing VM operation: Cleanup
Event: 199.959 Executing VM operation: Cleanup done
Event: 202.979 Executing VM operation: Cleanup
Event: 202.979 Executing VM operation: Cleanup done
Event: 212.072 Executing VM operation: Cleanup
Event: 212.072 Executing VM operation: Cleanup done
Event: 217.880 Executing VM operation: G1CollectForAllocation (G1 Evacuation Pause)
Event: 218.049 Executing VM operation: G1CollectForAllocation (G1 Evacuation Pause) done
Event: 220.046 Executing VM operation: Cleanup
Event: 220.046 Executing VM operation: Cleanup done
Event: 222.060 Executing VM operation: Cleanup
Event: 222.060 Executing VM operation: Cleanup done

Events (20 events):
Event: 23.280 Thread 0x0000026f90f812e0 Thread added: 0x0000026f90f812e0
Event: 23.295 Thread 0x0000026f90f833b0 Thread added: 0x0000026f90f833b0
Event: 23.295 Thread 0x0000026f90f833b0 Thread exited: 0x0000026f90f833b0
Event: 23.295 Thread 0x0000026f90f83a40 Thread added: 0x0000026f90f83a40
Event: 23.353 Thread 0x0000026f90f833b0 Thread added: 0x0000026f90f833b0
Event: 23.353 Thread 0x0000026f90f85480 Thread added: 0x0000026f90f85480
Event: 23.353 Thread 0x0000026f90f7e4f0 Thread added: 0x0000026f90f7e4f0
Event: 23.354 Thread 0x0000026f90f85b10 Thread added: 0x0000026f90f85b10
Event: 23.354 Thread 0x0000026f90f7eb80 Thread added: 0x0000026f90f7eb80
Event: 23.354 Thread 0x0000026f90f7f210 Thread added: 0x0000026f90f7f210
Event: 23.354 Thread 0x0000026f49ad3920 Thread added: 0x0000026f49ad3920
Event: 23.355 Thread 0x0000026f49ad1ee0 Thread added: 0x0000026f49ad1ee0
Event: 23.355 Thread 0x0000026f93f8e740 Thread added: 0x0000026f93f8e740
Event: 23.355 Thread 0x0000026f93f8edd0 Thread added: 0x0000026f93f8edd0
Event: 23.385 Thread 0x0000026f93f87e40 Thread added: 0x0000026f93f87e40
Event: 23.388 Thread 0x0000026f93f8b950 Thread added: 0x0000026f93f8b950
Event: 23.436 Thread 0x0000026f49ad2c00 Thread exited: 0x0000026f49ad2c00
Event: 23.441 Thread 0x0000026f49ad2570 Thread exited: 0x0000026f49ad2570
Event: 23.441 Thread 0x0000026f2eea7490 Thread exited: 0x0000026f2eea7490
Event: 23.442 Thread 0x0000026f93f88b60 Thread added: 0x0000026f93f88b60


Dynamic libraries:
0x00007ff6f3340000 - 0x00007ff6f3350000 	C:\Program Files\Java\jdk-21\bin\java.exe
0x00007ffd18550000 - 0x00007ffd18748000 	C:\Windows\SYSTEM32\ntdll.dll
0x00007ffd18440000 - 0x00007ffd18501000 	C:\Windows\System32\KERNEL32.DLL
0x00007ffd15d60000 - 0x00007ffd1605d000 	C:\Windows\System32\KERNELBASE.dll
0x00007ffd16220000 - 0x00007ffd16320000 	C:\Windows\System32\ucrtbase.dll
0x00007ffd11f30000 - 0x00007ffd11f4b000 	C:\Program Files\Java\jdk-21\bin\VCRUNTIME140.dll
0x00007ffd11cd0000 - 0x00007ffd11ce9000 	C:\Program Files\Java\jdk-21\bin\jli.dll
0x00007ffd18390000 - 0x00007ffd18440000 	C:\Windows\System32\ADVAPI32.dll
0x00007ffd16c80000 - 0x00007ffd16d1e000 	C:\Windows\System32\msvcrt.dll
0x00007ffd17160000 - 0x00007ffd17200000 	C:\Windows\System32\sechost.dll
0x00007ffd18260000 - 0x00007ffd18383000 	C:\Windows\System32\RPCRT4.dll
0x00007ffd16320000 - 0x00007ffd16347000 	C:\Windows\System32\bcrypt.dll
0x00007ffd16aa0000 - 0x00007ffd16c3d000 	C:\Windows\System32\USER32.dll
0x00007ffd160d0000 - 0x00007ffd160f2000 	C:\Windows\System32\win32u.dll
0x00007ffd02bd0000 - 0x00007ffd02e6a000 	C:\Windows\WinSxS\amd64_microsoft.windows.common-controls_6595b64144ccf1df_6.0.19041.4355_none_60b8b9eb71f62e16\COMCTL32.dll
0x00007ffd16770000 - 0x00007ffd1679b000 	C:\Windows\System32\GDI32.dll
0x00007ffd16100000 - 0x00007ffd16217000 	C:\Windows\System32\gdi32full.dll
0x00007ffd16450000 - 0x00007ffd164ed000 	C:\Windows\System32\msvcp_win.dll
0x00007ffd07ea0000 - 0x00007ffd07eaa000 	C:\Windows\SYSTEM32\VERSION.dll
0x00007ffd16c40000 - 0x00007ffd16c6f000 	C:\Windows\System32\IMM32.DLL
0x00007ffd11f20000 - 0x00007ffd11f2c000 	C:\Program Files\Java\jdk-21\bin\vcruntime140_1.dll
0x00007ffd0ee20000 - 0x00007ffd0eeae000 	C:\Program Files\Java\jdk-21\bin\msvcp140.dll
0x00007ffce5690000 - 0x00007ffce63a3000 	C:\Program Files\Java\jdk-21\bin\server\jvm.dll
0x00007ffd172c0000 - 0x00007ffd1732b000 	C:\Windows\System32\WS2_32.dll
0x00007ffd159a0000 - 0x00007ffd159eb000 	C:\Windows\SYSTEM32\POWRPROF.dll
0x00007ffd02830000 - 0x00007ffd02857000 	C:\Windows\SYSTEM32\WINMM.dll
0x00007ffd15980000 - 0x00007ffd15992000 	C:\Windows\SYSTEM32\UMPDC.dll
0x00007ffd13a40000 - 0x00007ffd13a52000 	C:\Windows\SYSTEM32\kernel.appcore.dll
0x00007ffd11e70000 - 0x00007ffd11e7a000 	C:\Program Files\Java\jdk-21\bin\jimage.dll
0x00007ffcfdcb0000 - 0x00007ffcfde94000 	C:\Windows\SYSTEM32\DBGHELP.DLL
0x00007ffcfdb70000 - 0x00007ffcfdba4000 	C:\Windows\SYSTEM32\dbgcore.DLL
0x00007ffd164f0000 - 0x00007ffd16572000 	C:\Windows\System32\bcryptPrimitives.dll
0x00007ffd11df0000 - 0x00007ffd11dff000 	C:\Program Files\Java\jdk-21\bin\instrument.dll
0x00007ffd0f0c0000 - 0x00007ffd0f0df000 	C:\Program Files\Java\jdk-21\bin\java.dll
0x00007ffd17330000 - 0x00007ffd17a9f000 	C:\Windows\System32\SHELL32.dll
0x00007ffd13c40000 - 0x00007ffd143df000 	C:\Windows\SYSTEM32\windows.storage.dll
0x00007ffd16d20000 - 0x00007ffd17073000 	C:\Windows\System32\combase.dll
0x00007ffd154d0000 - 0x00007ffd154fe000 	C:\Windows\SYSTEM32\Wldp.dll
0x00007ffd169c0000 - 0x00007ffd16a8d000 	C:\Windows\System32\OLEAUT32.dll
0x00007ffd17200000 - 0x00007ffd172ad000 	C:\Windows\System32\SHCORE.dll
0x00007ffd16580000 - 0x00007ffd165d5000 	C:\Windows\System32\shlwapi.dll
0x00007ffd15b30000 - 0x00007ffd15b54000 	C:\Windows\SYSTEM32\profapi.dll
0x00007ffd0d690000 - 0x00007ffd0d767000 	C:\Program Files\Java\jdk-21\bin\jsvml.dll
0x00007ffd0efc0000 - 0x00007ffd0efd8000 	C:\Program Files\Java\jdk-21\bin\zip.dll
0x00007ffd0fe60000 - 0x00007ffd0fe70000 	C:\Program Files\Java\jdk-21\bin\net.dll
0x00007ffd11980000 - 0x00007ffd11a8d000 	C:\Windows\SYSTEM32\WINHTTP.dll
0x00007ffd152b0000 - 0x00007ffd1531a000 	C:\Windows\system32\mswsock.dll
0x00007ffd0f040000 - 0x00007ffd0f056000 	C:\Program Files\Java\jdk-21\bin\nio.dll
0x00007ffd0efa0000 - 0x00007ffd0efba000 	C:\Users\Ric\AppData\Local\Programs\IntelliJ IDEA Community Edition\bin\breakgen64.dll
0x00007ffd0f4a0000 - 0x00007ffd0f4a9000 	C:\Program Files\Java\jdk-21\bin\extnet.dll
0x00007ffd0e3c0000 - 0x00007ffd0e3ca000 	C:\Program Files\Java\jdk-21\bin\management.dll
0x00007ffd0e3b0000 - 0x00007ffd0e3bb000 	C:\Program Files\Java\jdk-21\bin\management_ext.dll
0x00007ffd172b0000 - 0x00007ffd172b8000 	C:\Windows\System32\PSAPI.DLL
0x00007ffd0e3a0000 - 0x00007ffd0e3ae000 	C:\Program Files\Java\jdk-21\bin\sunmscapi.dll
0x00007ffd15c00000 - 0x00007ffd15d5e000 	C:\Windows\System32\CRYPT32.dll
0x00007ffd15540000 - 0x00007ffd15569000 	C:\Windows\SYSTEM32\ncrypt.dll
0x00007ffd15500000 - 0x00007ffd1553b000 	C:\Windows\SYSTEM32\NTASN1.dll
0x00007ffd15860000 - 0x00007ffd15878000 	C:\Windows\SYSTEM32\CRYPTSP.dll
0x00007ffd14bf0000 - 0x00007ffd14c24000 	C:\Windows\system32\rsaenh.dll
0x00007ffd15aa0000 - 0x00007ffd15ace000 	C:\Windows\SYSTEM32\USERENV.dll
0x00007ffd15440000 - 0x00007ffd1544c000 	C:\Windows\SYSTEM32\CRYPTBASE.dll
0x00007ffd14fb0000 - 0x00007ffd14feb000 	C:\Windows\SYSTEM32\IPHLPAPI.DLL
0x00007ffd16c70000 - 0x00007ffd16c78000 	C:\Windows\System32\NSI.dll
0x00007ffd14ff0000 - 0x00007ffd150ba000 	C:\Windows\SYSTEM32\DNSAPI.dll
0x00007ffd0c3f0000 - 0x00007ffd0c3fa000 	C:\Windows\System32\rasadhlp.dll
0x00007ffd0c540000 - 0x00007ffd0c5c0000 	C:\Windows\System32\fwpuclnt.dll
0x00007ffd0d480000 - 0x00007ffd0d490000 	C:\Program Files\Java\jdk-21\bin\verify.dll
0x00007ffcfb130000 - 0x00007ffcfb137000 	C:\Windows\system32\wshunix.dll

dbghelp: loaded successfully - version: 4.0.5 - missing functions: none
symbol engine: initialized successfully - sym options: 0x614 - pdb path: .;C:\Program Files\Java\jdk-21\bin;C:\Windows\SYSTEM32;C:\Windows\WinSxS\amd64_microsoft.windows.common-controls_6595b64144ccf1df_6.0.19041.4355_none_60b8b9eb71f62e16;C:\Program Files\Java\jdk-21\bin\server;C:\Users\Ric\AppData\Local\Programs\IntelliJ IDEA Community Edition\bin

VM Arguments:
jvm_args: -javaagent:C:\Users\Ric\AppData\Local\Programs\IntelliJ IDEA Community Edition\lib\idea_rt.jar=3597:C:\Users\Ric\AppData\Local\Programs\IntelliJ IDEA Community Edition\bin -Dfile.encoding=UTF-8 -Dsun.stdout.encoding=UTF-8 -Dsun.stderr.encoding=UTF-8 
java_command: com.hasinarezida.biblio.BiblioApplication
java_class_path (initial): C:\Users\Ric\Documents\projects\work\library\target\classes;C:\Users\Ric\.m2\repository\org\springframework\boot\spring-boot-starter-web\3.3.2\spring-boot-starter-web-3.3.2.jar;C:\Users\Ric\.m2\repository\org\springframework\boot\spring-boot-starter\3.3.2\spring-boot-starter-3.3.2.jar;C:\Users\Ric\.m2\repository\org\springframework\boot\spring-boot-starter-logging\3.3.2\spring-boot-starter-logging-3.3.2.jar;C:\Users\Ric\.m2\repository\ch\qos\logback\logback-classic\1.5.6\logback-classic-1.5.6.jar;C:\Users\Ric\.m2\repository\ch\qos\logback\logback-core\1.5.6\logback-core-1.5.6.jar;C:\Users\Ric\.m2\repository\org\apache\logging\log4j\log4j-to-slf4j\2.23.1\log4j-to-slf4j-2.23.1.jar;C:\Users\Ric\.m2\repository\org\apache\logging\log4j\log4j-api\2.23.1\log4j-api-2.23.1.jar;C:\Users\Ric\.m2\repository\org\slf4j\jul-to-slf4j\2.0.13\jul-to-slf4j-2.0.13.jar;C:\Users\Ric\.m2\repository\jakarta\annotation\jakarta.annotation-api\2.1.1\jakarta.annotation-api-2.1.1.jar;C:\Users\Ric\.m2\repository\org\yaml\snakeyaml\2.2\snakeyaml-2.2.jar;C:\Users\Ric\.m2\repository\org\springframework\boot\spring-boot-starter-json\3.3.2\spring-boot-starter-json-3.3.2.jar;C:\Users\Ric\.m2\repository\com\fasterxml\jackson\core\jackson-databind\2.17.2\jackson-databind-2.17.2.jar;C:\Users\Ric\.m2\repository\com\fasterxml\jackson\core\jackson-annotations\2.17.2\jackson-annotations-2.17.2.jar;C:\Users\Ric\.m2\repository\com\fasterxml\jackson\core\jackson-core\2.17.2\jackson-core-2.17.2.jar;C:\Users\Ric\.m2\repository\com\fasterxml\jackson\datatype\jackson-datatype-jdk8\2.17.2\jackson-datatype-jdk8-2.17.2.jar;C:\Users\Ric\.m2\repository\com\fasterxml\jackson\datatype\jackson-datatype-jsr310\2.17.2\jackson-datatype-jsr310-2.17.2.jar;C:\Users\Ric\.m2\repository\com\fasterxml\jackson\module\jackson-module-parameter-names\2.17.2\jackson-module-parameter-names-2.17.2.jar;C:\Users\Ric\.m2\repository\org\springframework\boot\spring-boot-starter-tomcat\3.3.2\spring-boot-starter-tomcat-3.3.2.jar;C:\Users\Ric\.m2\repository\org\apache\tomcat\embed\tomcat-embed-core\10.1.26\tomcat-embed-core-10.1.26.jar;C:\Users\Ric\.m2\repository\org\apache\tomcat\embed\tomcat-embed-el\10.1.26\tomcat-embed-el-10.1.26.jar;C:\Users\Ric\.m2\repository\org\apache\tomcat\embed\tomcat-embed-websocket\10.1.26\tomcat-embed-websocket-10.1.26.jar;C:\Users\Ric\.m2\repository\org\springframework\spring-web\6.1.11\spring-web-6.1.11.jar;C:\Users\Ric\.m2\repository\org\springframework\spring-beans\6.1.11\spring-beans-6.1.11.jar;C:\Users\Ric\.m2\repository\io\micrometer\micrometer-observation\1.13.2\micrometer-observation-1.13.2.jar;C:\Users\Ric\.m2\repository\io\micrometer\micrometer-commons\1.13.2\micrometer-commons-1.13.2.jar;C:\Users\Ric\.m2\repository\org\springframework\spring-webmvc\6.1.11\spring-webmvc-6.1.11.jar;C:\Users\Ric\.m2\repository\org\springframework\spring-context\6.1.11\spring-context-6.1.11.jar;C:\Users\Ric\.m2\repository\org\springframework\spring-expression\6.1.11\spring-expression-6.1.11.jar;C:\Users\Ric\.m2\repository\org\springframework\boot\spring-boot-starter-thymeleaf\3.3.2\spring-boot-starter-thymeleaf-3.3.2.jar;C:\Users\Ric\.m2\repository\org\thymeleaf\thymeleaf-spring6\3.1.2.RELEASE\thymeleaf-spring6-3.1.2.RELEASE.jar;C:\Users\Ric\.m2\repository\org\thymeleaf\thymeleaf\3.1.2.RELEASE\thymeleaf-3.1.2.RELEASE.jar;C:\Users\Ric\.m2\repository\org\attoparser\attoparser\2.0.7.RELEASE\attoparser-2.0.7.RELEASE.jar;C:\Users\Ric\.m2\repository\org\unbescape\unbescape\1.1.6.RELEASE\unbescape-1.1.6.RELEASE.jar;C:\Users\Ric\.m2\repository\org\slf4j\slf4j-api\2.0.13\slf4j-api-2.0.13.jar;C:\Users\Ric\.m2\repository\org\springframework\boot\spring-boot-starter-security\3.3.2\spring-boot-starter-security-3.3.2.jar;C:\Users\Ric\.m2\repository\org\springframework\spring-aop\6.1.11\spring-aop-6.1.11.jar;C:\Users\Ric\.m2\repository\org\springframework\security\spring-security-config\6.3.1\spring-security-config-6.3.1.jar;C:\Users\Ric\.m2\repository\org\springframework\security\spring-security-web\6.3.1\spring-security-web-6.3.1.jar;C:\Users\Ric\.m2\repository\org\springframework\boot\spring-boot-starter-data-jpa\3.3.2\spring-boot-starter-data-jpa-3.3.2.jar;C:\Users\Ric\.m2\repository\org\springframework\boot\spring-boot-starter-aop\3.3.2\spring-boot-starter-aop-3.3.2.jar;C:\Users\Ric\.m2\repository\org\aspectj\aspectjweaver\1.9.22.1\aspectjweaver-1.9.22.1.jar;C:\Users\Ric\.m2\repository\org\springframework\boot\spring-boot-starter-jdbc\3.3.2\spring-boot-starter-jdbc-3.3.2.jar;C:\Users\Ric\.m2\repository\com\zaxxer\HikariCP\5.1.0\HikariCP-5.1.0.jar;C:\Users\Ric\.m2\repository\org\springframework\spring-jdbc\6.1.11\spring-jdbc-6.1.11.jar;C:\Users\Ric\.m2\repository\org\hibernate\orm\hibernate-core\6.5.2.Final\hibernate-core-6.5.2.Final.jar;C:\Users\Ric\.m2\repository\jakarta\persistence\jakarta.persistence-api\3.1.0\jakarta.persistence-api-3.1.0.jar;C:\Users\Ric\.m2\repository\jakarta\transaction\jakarta.transaction-api\2.0.1\jakarta.transaction-api-2.0.1.jar;C:\Users\Ric\.m2\repository\org\jboss\logging\jboss-logging\3.5.3.Final\jboss-logging-3.5.3.Final.jar;C:\Users\Ric\.m2\repository\org\hibernate\common\hibernate-commons-annotations\6.0.6.Final\hibernate-commons-annotations-6.0.6.Final.jar;C:\Users\Ric\.m2\repository\io\smallrye\jandex\3.1.2\jandex-3.1.2.jar;C:\Users\Ric\.m2\repository\com\fasterxml\classmate\1.7.0\classmate-1.7.0.jar;C:\Users\Ric\.m2\repository\net\bytebuddy\byte-buddy\1.14.18\byte-buddy-1.14.18.jar;C:\Users\Ric\.m2\repository\org\glassfish\jaxb\jaxb-runtime\4.0.5\jaxb-runtime-4.0.5.jar;C:\Users\Ric\.m2\repository\org\glassfish\jaxb\jaxb-core\4.0.5\jaxb-core-4.0.5.jar;C:\Users\Ric\.m2\repository\org\eclipse\angus\angus-activation\2.0.2\angus-activation-2.0.2.jar;C:\Users\Ric\.m2\repository\org\glassfish\jaxb\txw2\4.0.5\txw2-4.0.5.jar;C:\Users\Ric\.m2\repository\com\sun\istack\istack-commons-runtime\4.1.2\istack-commons-runtime-4.1.2.jar;C:\Users\Ric\.m2\repository\jakarta\inject\jakarta.inject-api\2.0.1\jakarta.inject-api-2.0.1.jar;C:\Users\Ric\.m2\repository\org\antlr\antlr4-runtime\4.13.0\antlr4-runtime-4.13.0.jar;C:\Users\Ric\.m2\repository\org\springframework\data\spring-data-jpa\3.3.2\spring-data-jpa-3.3.2.jar;C:\Users\Ric\.m2\repository\org\springframework\data\spring-data-commons\3.3.2\spring-data-commons-3.3.2.jar;C:\Users\Ric\.m2\repository\org\springframework\spring-orm\6.1.11\spring-orm-6.1.11.jar;C:\Users\Ric\.m2\repository\org\springframework\spring-tx\6.1.11\spring-tx-6.1.11.jar;C:\Users\Ric\.m2\repository\org\springframework\spring-aspects\6.1.11\spring-aspects-6.1.11.jar;C:\Users\Ric\.m2\repository\org\postgresql\postgresql\42.7.3\postgresql-42.7.3.jar;C:\Users\Ric\.m2\repository\org\checkerframework\checker-qual\3.42.0\checker-qual-3.42.0.jar;C:\Users\Ric\.m2\repository\com\h2database\h2\2.2.224\h2-2.2.224.jar;C:\Users\Ric\.m2\repository\org\springframework\boot\spring-boot-devtools\3.3.2\spring-boot-devtools-3.3.2.jar;C:\Users\Ric\.m2\repository\org\springframework\boot\spring-boot\3.3.2\spring-boot-3.3.2.jar;C:\Users\Ric\.m2\repository\org\springframework\boot\spring-boot-autoconfigure\3.3.2\spring-boot-autoconfigure-3.3.2.jar;C:\Users\Ric\.m2\repository\jakarta\xml\bind\jakarta.xml.bind-api\4.0.2\jakarta.xml.bind-api-4.0.2.jar;C:\Users\Ric\.m2\repository\jakarta\activation\jakarta.activation-api\2.1.3\jakarta.activation-api-2.1.3.jar;C:\Users\Ric\.m2\repository\org\springframework\spring-core\6.1.11\spring-core-6.1.11.jar;C:\Users\Ric\.m2\repository\org\springframework\spring-jcl\6.1.11\spring-jcl-6.1.11.jar;C:\Users\Ric\.m2\repository\org\springframework\security\spring-security-core\6.3.1\spring-security-core-6.3.1.jar;C:\Users\Ric\.m2\repository\org\springframework\security\spring-security-crypto\6.3.1\spring-security-crypto-6.3.1.jar
Launcher Type: SUN_STANDARD

[Global flags]
     intx CICompilerCount                          = 3                                         {product} {ergonomic}
     uint ConcGCThreads                            = 1                                         {product} {ergonomic}
     uint G1ConcRefinementThreads                  = 4                                         {product} {ergonomic}
   size_t G1HeapRegionSize                         = 1048576                                   {product} {ergonomic}
    uintx GCDrainStackTargetSize                   = 64                                        {product} {ergonomic}
   size_t InitialHeapSize                          = 65011712                                  {product} {ergonomic}
   size_t MarkStackSize                            = 4194304                                   {product} {ergonomic}
   size_t MaxHeapSize                              = 1031798784                                {product} {ergonomic}
   size_t MaxNewSize                               = 618659840                                 {product} {ergonomic}
   size_t MinHeapDeltaBytes                        = 1048576                                   {product} {ergonomic}
   size_t MinHeapSize                              = 8388608                                   {product} {ergonomic}
    uintx NonNMethodCodeHeapSize                   = 5832780                                {pd product} {ergonomic}
    uintx NonProfiledCodeHeapSize                  = 122912730                              {pd product} {ergonomic}
    uintx ProfiledCodeHeapSize                     = 122912730                              {pd product} {ergonomic}
    uintx ReservedCodeCacheSize                    = 251658240                              {pd product} {ergonomic}
     bool SegmentedCodeCache                       = true                                      {product} {ergonomic}
   size_t SoftMaxHeapSize                          = 1031798784                             {manageable} {ergonomic}
     bool UseCompressedOops                        = true                           {product lp64_product} {ergonomic}
     bool UseG1GC                                  = true                                      {product} {ergonomic}
     bool UseLargePagesIndividualAllocation        = false                                  {pd product} {ergonomic}

Logging:
Log output configuration:
 #0: stdout all=warning uptime,level,tags foldmultilines=false
 #1: stderr all=off uptime,level,tags foldmultilines=false

Environment Variables:
PATH=C:\Program Files\Common Files\Oracle\Java\javapath;C:\Windows\system32;C:\Windows;C:\Windows\System32\Wbem;C:\Windows\System32\WindowsPowerShell\v1.0\;C:\Windows\System32\OpenSSH\;C:\Program Files\Microsoft SQL Server\150\Tools\Binn\;C:\Program Files\Git\bin;C:\Users\Ric\AppData\Roaming\nvm;C:\Program Files\nodejs;C:\Program Files\Docker\Docker\resources\bin;C:\Users\Ric\AppData\Local\Programs\Python\Python311\Scripts\;C:\Users\Ric\AppData\Local\Programs\Python\Python311\;C:\Users\Ric\AppData\Local\Microsoft\WindowsApps;C:\Users\Ric\.dotnet\tools;C:\Users\Ric\AppData\Local\Programs\Microsoft VS Code\bin;C:\dev\flutter\bin;C:\Users\Ric\AppData\Roaming\npm;C:\Users\Ric\AppData\Roaming\nvm;C:\Program Files\nodejs;C:\Users\Ric\AppData\Local\JetBrains\Toolbox\scripts;C:\Users\Ric\modelio\Modelio Open Source 5.4\plugins\org.apache.ant_1.10.9.v20201106-1946\META-INF;C:\Users\Ric\Documents\projects\work\biblio;C:\Program Files\PostgreSQL\16\bin;
USERNAME=Ric
OS=Windows_NT
PROCESSOR_IDENTIFIER=Intel64 Family 6 Model 58 Stepping 9, GenuineIntel
TMP=C:\Users\Ric\AppData\Local\Temp
TEMP=C:\Users\Ric\AppData\Local\Temp




Periodic native trim disabled

---------------  S Y S T E M  ---------------

OS:
 Windows 10 , 64 bit Build 19041 (10.0.19041.4717)
OS uptime: 3 days 1:41 hours
Hyper-V role detected

CPU: total 4 (initial active 4) (2 cores per cpu, 2 threads per core) family 6 model 58 stepping 9 microcode 0x21, cx8, cmov, fxsr, ht, mmx, sse, sse2, sse3, ssse3, sse4.1, sse4.2, popcnt, tsc, tscinvbit, avx, aes, erms, clmul, vzeroupper, clflush, hv, rdtscp, f16c
Processor Information for all 4 processors :
  Max Mhz: 2501, Current Mhz: 2100, Mhz Limit: 2075

Memory: 4k page, system-wide physical 3933M (269M free)
TotalPageFile size 8109M (AvailPageFile size 0M)
current process WorkingSet (physical memory assigned to process): 56M, peak: 248M
current process commit charge ("private bytes"): 261M, peak: 285M

vm_info: Java HotSpot(TM) 64-Bit Server VM (21.0.4+8-LTS-274) for windows-amd64 JRE (21.0.4+8-LTS-274), built on 2024-06-05T05:23:33Z by "mach5one" with MS VC++ 17.6 (VS2022)

END.
