#
# There is insufficient memory for the Java Runtime Environment to continue.
# Native memory allocation (malloc) failed to allocate 1494432 bytes for Chunk::new
# Possible reasons:
#   The system is out of physical RAM or swap space
#   The process is running with CompressedOops enabled, and the Java Heap may be blocking the growth of the native heap
# Possible solutions:
#   Reduce memory load on the system
#   Increase physical memory or swap space
#   Check if swap backing store is full
#   Decrease Java heap size (-Xmx/-Xms)
#   Decrease number of Java threads
#   Decrease Java thread stack sizes (-Xss)
#   Set larger code cache with -XX:ReservedCodeCacheSize=
#   JVM is running with Unscaled Compressed Oops mode in which the Java heap is
#     placed in the first 4GB address space. The Java Heap base address is the
#     maximum limit for the native heap growth. Please use -XX:HeapBaseMinAddress
#     to set the Java Heap base and to place the Java Heap above 4GB virtual address.
# This output file may be truncated or incomplete.
#
#  Out of Memory Error (arena.cpp:168), pid=5128, tid=2544
#
# JRE version: Java(TM) SE Runtime Environment (21.0.4+8) (build 21.0.4+8-LTS-274)
# Java VM: Java HotSpot(TM) 64-Bit Server VM (21.0.4+8-LTS-274, mixed mode, sharing, tiered, compressed oops, compressed class ptrs, g1 gc, windows-amd64)
# No core dump will be written. Minidumps are not enabled by default on client versions of Windows
#

---------------  S U M M A R Y ------------

Command Line: -javaagent:C:\Users\Ric\AppData\Local\Programs\IntelliJ IDEA Community Edition\lib\idea_rt.jar=4935:C:\Users\Ric\AppData\Local\Programs\IntelliJ IDEA Community Edition\bin -Dfile.encoding=UTF-8 -Dsun.stdout.encoding=UTF-8 -Dsun.stderr.encoding=UTF-8 com.hasinarezida.biblio.BiblioApplication

Host: Intel(R) Core(TM) i5-3210M CPU @ 2.50GHz, 4 cores, 3G,  Windows 10 , 64 bit Build 19041 (10.0.19041.4717)
Time: Mon Sep  9 11:28:46 2024 E. Africa Standard Time elapsed time: 14.240417 seconds (0d 0h 0m 14s)

---------------  T H R E A D  ---------------

Current thread (0x000001e9467c46c0):  JavaThread "C2 CompilerThread0" daemon [_thread_in_native, id=2544, stack(0x00000093bfb00000,0x00000093bfc00000) (1024K)]


Current CompileTask:
C2:  14240 4663   !   4       jdk.internal.loader.BuiltinClassLoader::loadClassOrNull (143 bytes)

Stack: [0x00000093bfb00000,0x00000093bfc00000]
Native frames: (J=compiled Java code, j=interpreted, Vv=VM code, C=native code)
V  [jvm.dll+0x6c8e59]
V  [jvm.dll+0x853181]
V  [jvm.dll+0x8556ae]
V  [jvm.dll+0x855d83]
V  [jvm.dll+0x27d526]
V  [jvm.dll+0xc4aad]
V  [jvm.dll+0xc4fe3]
V  [jvm.dll+0x3b400c]
V  [jvm.dll+0x1df439]
V  [jvm.dll+0x2463d2]
V  [jvm.dll+0x24585f]
V  [jvm.dll+0x1c69de]
V  [jvm.dll+0x254d49]
V  [jvm.dll+0x2532da]
V  [jvm.dll+0x3ed426]
V  [jvm.dll+0x7fd65b]
V  [jvm.dll+0x6c753d]
C  [ucrtbase.dll+0x21bb2]
C  [KERNEL32.DLL+0x17374]
C  [ntdll.dll+0x4cc91]


---------------  P R O C E S S  ---------------

Threads class SMR info:
_java_thread_list=0x000001e98ce722e0, length=20, elements={
0x000001e92bb98020, 0x000001e9467b6bf0, 0x000001e9467b97d0, 0x000001e9467ba4b0,
0x000001e9467baf10, 0x000001e9467bb970, 0x000001e9467be3e0, 0x000001e9467c46c0,
0x000001e9467c2e00, 0x000001e9469fb8b0, 0x000001e98c188780, 0x000001e98c188df0,
0x000001e98c55ea80, 0x000001e98c875f20, 0x000001e98dc2e9b0, 0x000001e98c6d19f0,
0x000001e98c6d3ac0, 0x000001e98c6d2da0, 0x000001e98c6d47e0, 0x000001e98c6d2080
}

Java Threads: ( => current thread )
  0x000001e92bb98020 JavaThread "main"                              [_thread_blocked, id=10616, stack(0x00000093bed00000,0x00000093bee00000) (1024K)]
  0x000001e9467b6bf0 JavaThread "Reference Handler"          daemon [_thread_blocked, id=3032, stack(0x00000093bf500000,0x00000093bf600000) (1024K)]
  0x000001e9467b97d0 JavaThread "Finalizer"                  daemon [_thread_blocked, id=3700, stack(0x00000093bf600000,0x00000093bf700000) (1024K)]
  0x000001e9467ba4b0 JavaThread "Signal Dispatcher"          daemon [_thread_blocked, id=9492, stack(0x00000093bf700000,0x00000093bf800000) (1024K)]
  0x000001e9467baf10 JavaThread "Attach Listener"            daemon [_thread_blocked, id=3912, stack(0x00000093bf800000,0x00000093bf900000) (1024K)]
  0x000001e9467bb970 JavaThread "Service Thread"             daemon [_thread_blocked, id=4396, stack(0x00000093bf900000,0x00000093bfa00000) (1024K)]
  0x000001e9467be3e0 JavaThread "Monitor Deflation Thread"   daemon [_thread_blocked, id=3132, stack(0x00000093bfa00000,0x00000093bfb00000) (1024K)]
=>0x000001e9467c46c0 JavaThread "C2 CompilerThread0"         daemon [_thread_in_native, id=2544, stack(0x00000093bfb00000,0x00000093bfc00000) (1024K)]
  0x000001e9467c2e00 JavaThread "C1 CompilerThread0"         daemon [_thread_blocked, id=9088, stack(0x00000093bfc00000,0x00000093bfd00000) (1024K)]
  0x000001e9469fb8b0 JavaThread "Common-Cleaner"             daemon [_thread_blocked, id=5020, stack(0x00000093bfd00000,0x00000093bfe00000) (1024K)]
  0x000001e98c188780 JavaThread "Monitor Ctrl-Break"         daemon [_thread_in_native, id=1548, stack(0x00000093bfe00000,0x00000093bff00000) (1024K)]
  0x000001e98c188df0 JavaThread "Notification Thread"        daemon [_thread_blocked, id=8528, stack(0x00000093bff00000,0x00000093c0000000) (1024K)]
  0x000001e98c55ea80 JavaThread "Thread-0"                          [_thread_blocked, id=1132, stack(0x00000093c0300000,0x00000093c0400000) (1024K)]
  0x000001e98c875f20 JavaThread "restartedMain"                     [_thread_in_native, id=11012, stack(0x00000093c0400000,0x00000093c0500000) (1024K)]
  0x000001e98dc2e9b0 JavaThread "PostgreSQL-JDBC-Cleaner"    daemon [_thread_blocked, id=2268, stack(0x00000093c0600000,0x00000093c0700000) (1024K)]
  0x000001e98c6d19f0 JavaThread "HikariPool-1 housekeeper"   daemon [_thread_blocked, id=6864, stack(0x00000093c0700000,0x00000093c0800000) (1024K)]
  0x000001e98c6d3ac0 JavaThread "HikariPool-1 connection adder" daemon [_thread_blocked, id=1080, stack(0x00000093c0800000,0x00000093c0900000) (1024K)]
  0x000001e98c6d2da0 JavaThread "Catalina-utility-1"                [_thread_blocked, id=1384, stack(0x00000093c0900000,0x00000093c0a00000) (1024K)]
  0x000001e98c6d47e0 JavaThread "Catalina-utility-2"                [_thread_blocked, id=9856, stack(0x00000093c0a00000,0x00000093c0b00000) (1024K)]
  0x000001e98c6d2080 JavaThread "container-0"                       [_thread_blocked, id=8260, stack(0x00000093c0b00000,0x00000093c0c00000) (1024K)]
Total: 20

Other Threads:
  0x000001e92bc5ae30 VMThread "VM Thread"                           [id=8196, stack(0x00000093bf400000,0x00000093bf500000) (1024K)]
  0x000001e92bc435b0 WatcherThread "VM Periodic Task Thread"        [id=5984, stack(0x00000093bf300000,0x00000093bf400000) (1024K)]
  0x000001e92bbcf510 WorkerThread "GC Thread#0"                     [id=5684, stack(0x00000093bee00000,0x00000093bef00000) (1024K)]
  0x000001e98c3a6dc0 WorkerThread "GC Thread#1"                     [id=6448, stack(0x00000093c0000000,0x00000093c0100000) (1024K)]
  0x000001e98c483940 WorkerThread "GC Thread#2"                     [id=9832, stack(0x00000093c0100000,0x00000093c0200000) (1024K)]
  0x000001e98c483ce0 WorkerThread "GC Thread#3"                     [id=6124, stack(0x00000093c0200000,0x00000093c0300000) (1024K)]
  0x000001e92bbd7fb0 ConcurrentGCThread "G1 Main Marker"            [id=5820, stack(0x00000093bef00000,0x00000093bf000000) (1024K)]
  0x000001e92bbd9060 WorkerThread "G1 Conc#0"                       [id=9208, stack(0x00000093bf000000,0x00000093bf100000) (1024K)]
  0x000001e92bc31480 ConcurrentGCThread "G1 Refine#0"               [id=8108, stack(0x00000093bf100000,0x00000093bf200000) (1024K)]
  0x000001e92bc32410 ConcurrentGCThread "G1 Service"                [id=7884, stack(0x00000093bf200000,0x00000093bf300000) (1024K)]
Total: 10

Threads with active compile tasks:
C2 CompilerThread0    14301 4663   !   4       jdk.internal.loader.BuiltinClassLoader::loadClassOrNull (143 bytes)
Total: 1

VM state: not at safepoint (normal execution)

VM Mutex/Monitor currently owned by a thread: None

Heap address: 0x00000000c2800000, size: 984 MB, Compressed Oops mode: 32-bit

CDS archive(s) mapped at: [0x000001e947000000-0x000001e947c90000-0x000001e947c90000), size 13172736, SharedBaseAddress: 0x000001e947000000, ArchiveRelocationMode: 1.
Compressed class space mapped at: 0x000001e948000000-0x000001e988000000, reserved size: 1073741824
Narrow klass base: 0x000001e947000000, Narrow klass shift: 0, Narrow klass range: 0x100000000

GC Precious Log:
 CardTable entry size: 512
 Card Set container configuration: InlinePtr #cards 5 size 8 Array Of Cards #cards 12 size 40 Howl #buckets 4 coarsen threshold 1843 Howl Bitmap #cards 512 size 80 coarsen threshold 460 Card regions per heap region 1 cards per card region 2048
 CPUs: 4 total, 4 available
 Memory: 3933M
 Large Page Support: Disabled
 NUMA Support: Disabled
 Compressed Oops: Enabled (32-bit)
 Heap Region Size: 1M
 Heap Min Capacity: 8M
 Heap Initial Capacity: 62M
 Heap Max Capacity: 984M
 Pre-touch: Disabled
 Parallel Workers: 4
 Concurrent Workers: 1
 Concurrent Refinement Workers: 4
 Periodic GC: Disabled

Heap:
 garbage-first heap   total 55296K, used 34380K [0x00000000c2800000, 0x0000000100000000)
  region size 1024K, 17 young (17408K), 3 survivors (3072K)
 Metaspace       used 45027K, committed 45632K, reserved 1114112K
  class space    used 5874K, committed 6144K, reserved 1048576K

Heap Regions: E=young(eden), S=young(survivor), O=old, HS=humongous(starts), HC=humongous(continues), CS=collection set, F=free, TAMS=top-at-mark-start, PB=parsable bottom
|   0|0x00000000c2800000, 0x00000000c2900000, 0x00000000c2900000|100%|HS|  |TAMS 0x00000000c2800000| PB 0x00000000c2800000| Complete 
|   1|0x00000000c2900000, 0x00000000c2a00000, 0x00000000c2a00000|100%| O|  |TAMS 0x00000000c2900000| PB 0x00000000c2900000| Untracked 
|   2|0x00000000c2a00000, 0x00000000c2b00000, 0x00000000c2b00000|100%| O|  |TAMS 0x00000000c2a00000| PB 0x00000000c2a00000| Untracked 
|   3|0x00000000c2b00000, 0x00000000c2c00000, 0x00000000c2c00000|100%| O|  |TAMS 0x00000000c2b00000| PB 0x00000000c2b00000| Untracked 
|   4|0x00000000c2c00000, 0x00000000c2d00000, 0x00000000c2d00000|100%| O|  |TAMS 0x00000000c2c00000| PB 0x00000000c2c00000| Untracked 
|   5|0x00000000c2d00000, 0x00000000c2e00000, 0x00000000c2e00000|100%| O|  |TAMS 0x00000000c2d00000| PB 0x00000000c2d00000| Untracked 
|   6|0x00000000c2e00000, 0x00000000c2f00000, 0x00000000c2f00000|100%| O|  |TAMS 0x00000000c2e00000| PB 0x00000000c2e00000| Untracked 
|   7|0x00000000c2f00000, 0x00000000c3000000, 0x00000000c3000000|100%| O|  |TAMS 0x00000000c2f00000| PB 0x00000000c2f00000| Untracked 
|   8|0x00000000c3000000, 0x00000000c3100000, 0x00000000c3100000|100%| O|  |TAMS 0x00000000c3000000| PB 0x00000000c3000000| Untracked 
|   9|0x00000000c3100000, 0x00000000c3200000, 0x00000000c3200000|100%| O|  |TAMS 0x00000000c3100000| PB 0x00000000c3100000| Untracked 
|  10|0x00000000c3200000, 0x00000000c3300000, 0x00000000c3300000|100%| O|  |TAMS 0x00000000c3200000| PB 0x00000000c3200000| Untracked 
|  11|0x00000000c3300000, 0x00000000c3400000, 0x00000000c3400000|100%| O|  |TAMS 0x00000000c3300000| PB 0x00000000c3300000| Untracked 
|  12|0x00000000c3400000, 0x00000000c3500000, 0x00000000c3500000|100%| O|  |TAMS 0x00000000c3400000| PB 0x00000000c3400000| Untracked 
|  13|0x00000000c3500000, 0x00000000c3600000, 0x00000000c3600000|100%| O|  |TAMS 0x00000000c3500000| PB 0x00000000c3500000| Untracked 
|  14|0x00000000c3600000, 0x00000000c3700000, 0x00000000c3700000|100%| O|  |TAMS 0x00000000c3600000| PB 0x00000000c3600000| Untracked 
|  15|0x00000000c3700000, 0x00000000c3800000, 0x00000000c3800000|100%| O|  |TAMS 0x00000000c3700000| PB 0x00000000c3700000| Untracked 
|  16|0x00000000c3800000, 0x00000000c3900000, 0x00000000c3900000|100%| O|  |TAMS 0x00000000c3800000| PB 0x00000000c3800000| Untracked 
|  17|0x00000000c3900000, 0x00000000c3a00000, 0x00000000c3a00000|100%| O|Cm|TAMS 0x00000000c3900000| PB 0x00000000c3900000| Complete 
|  18|0x00000000c3a00000, 0x00000000c3ae2cb0, 0x00000000c3b00000| 88%| O|  |TAMS 0x00000000c3a00000| PB 0x00000000c3a00000| Untracked 
|  19|0x00000000c3b00000, 0x00000000c3b00000, 0x00000000c3c00000|  0%| F|  |TAMS 0x00000000c3b00000| PB 0x00000000c3b00000| Untracked 
|  20|0x00000000c3c00000, 0x00000000c3c00000, 0x00000000c3d00000|  0%| F|  |TAMS 0x00000000c3c00000| PB 0x00000000c3c00000| Untracked 
|  21|0x00000000c3d00000, 0x00000000c3d00000, 0x00000000c3e00000|  0%| F|  |TAMS 0x00000000c3d00000| PB 0x00000000c3d00000| Untracked 
|  22|0x00000000c3e00000, 0x00000000c3e00000, 0x00000000c3f00000|  0%| F|  |TAMS 0x00000000c3e00000| PB 0x00000000c3e00000| Untracked 
|  23|0x00000000c3f00000, 0x00000000c3f00000, 0x00000000c4000000|  0%| F|  |TAMS 0x00000000c3f00000| PB 0x00000000c3f00000| Untracked 
|  24|0x00000000c4000000, 0x00000000c40b0400, 0x00000000c4100000| 68%| S|CS|TAMS 0x00000000c4000000| PB 0x00000000c4000000| Complete 
|  25|0x00000000c4100000, 0x00000000c4200000, 0x00000000c4200000|100%| S|CS|TAMS 0x00000000c4100000| PB 0x00000000c4100000| Complete 
|  26|0x00000000c4200000, 0x00000000c4300000, 0x00000000c4300000|100%| S|CS|TAMS 0x00000000c4200000| PB 0x00000000c4200000| Complete 
|  27|0x00000000c4300000, 0x00000000c4300000, 0x00000000c4400000|  0%| F|  |TAMS 0x00000000c4300000| PB 0x00000000c4300000| Untracked 
|  28|0x00000000c4400000, 0x00000000c4400000, 0x00000000c4500000|  0%| F|  |TAMS 0x00000000c4400000| PB 0x00000000c4400000| Untracked 
|  29|0x00000000c4500000, 0x00000000c4500000, 0x00000000c4600000|  0%| F|  |TAMS 0x00000000c4500000| PB 0x00000000c4500000| Untracked 
|  30|0x00000000c4600000, 0x00000000c4600000, 0x00000000c4700000|  0%| F|  |TAMS 0x00000000c4600000| PB 0x00000000c4600000| Untracked 
|  31|0x00000000c4700000, 0x00000000c4700000, 0x00000000c4800000|  0%| F|  |TAMS 0x00000000c4700000| PB 0x00000000c4700000| Untracked 
|  32|0x00000000c4800000, 0x00000000c4800000, 0x00000000c4900000|  0%| F|  |TAMS 0x00000000c4800000| PB 0x00000000c4800000| Untracked 
|  33|0x00000000c4900000, 0x00000000c4900000, 0x00000000c4a00000|  0%| F|  |TAMS 0x00000000c4900000| PB 0x00000000c4900000| Untracked 
|  34|0x00000000c4a00000, 0x00000000c4a00000, 0x00000000c4b00000|  0%| F|  |TAMS 0x00000000c4a00000| PB 0x00000000c4a00000| Untracked 
|  35|0x00000000c4b00000, 0x00000000c4b00000, 0x00000000c4c00000|  0%| F|  |TAMS 0x00000000c4b00000| PB 0x00000000c4b00000| Untracked 
|  36|0x00000000c4c00000, 0x00000000c4c00000, 0x00000000c4d00000|  0%| F|  |TAMS 0x00000000c4c00000| PB 0x00000000c4c00000| Untracked 
|  37|0x00000000c4d00000, 0x00000000c4d00000, 0x00000000c4e00000|  0%| F|  |TAMS 0x00000000c4d00000| PB 0x00000000c4d00000| Untracked 
|  38|0x00000000c4e00000, 0x00000000c4e00000, 0x00000000c4f00000|  0%| F|  |TAMS 0x00000000c4e00000| PB 0x00000000c4e00000| Untracked 
|  39|0x00000000c4f00000, 0x00000000c4f00000, 0x00000000c5000000|  0%| F|  |TAMS 0x00000000c4f00000| PB 0x00000000c4f00000| Untracked 
|  40|0x00000000c5000000, 0x00000000c509aca8, 0x00000000c5100000| 60%| E|  |TAMS 0x00000000c5000000| PB 0x00000000c5000000| Complete 
|  41|0x00000000c5100000, 0x00000000c5200000, 0x00000000c5200000|100%| E|CS|TAMS 0x00000000c5100000| PB 0x00000000c5100000| Complete 
|  42|0x00000000c5200000, 0x00000000c5300000, 0x00000000c5300000|100%| E|CS|TAMS 0x00000000c5200000| PB 0x00000000c5200000| Complete 
|  43|0x00000000c5300000, 0x00000000c5400000, 0x00000000c5400000|100%| E|CS|TAMS 0x00000000c5300000| PB 0x00000000c5300000| Complete 
|  44|0x00000000c5400000, 0x00000000c5500000, 0x00000000c5500000|100%| E|CS|TAMS 0x00000000c5400000| PB 0x00000000c5400000| Complete 
|  45|0x00000000c5500000, 0x00000000c5600000, 0x00000000c5600000|100%| E|CS|TAMS 0x00000000c5500000| PB 0x00000000c5500000| Complete 
|  46|0x00000000c5600000, 0x00000000c5700000, 0x00000000c5700000|100%| E|  |TAMS 0x00000000c5600000| PB 0x00000000c5600000| Complete 
|  47|0x00000000c5700000, 0x00000000c5800000, 0x00000000c5800000|100%| E|CS|TAMS 0x00000000c5700000| PB 0x00000000c5700000| Complete 
|  48|0x00000000c5800000, 0x00000000c5900000, 0x00000000c5900000|100%| E|CS|TAMS 0x00000000c5800000| PB 0x00000000c5800000| Complete 
|  49|0x00000000c5900000, 0x00000000c5a00000, 0x00000000c5a00000|100%| E|CS|TAMS 0x00000000c5900000| PB 0x00000000c5900000| Complete 
|  50|0x00000000c5a00000, 0x00000000c5b00000, 0x00000000c5b00000|100%| E|CS|TAMS 0x00000000c5a00000| PB 0x00000000c5a00000| Complete 
|  51|0x00000000c5b00000, 0x00000000c5c00000, 0x00000000c5c00000|100%| E|CS|TAMS 0x00000000c5b00000| PB 0x00000000c5b00000| Complete 
|  52|0x00000000c5c00000, 0x00000000c5d00000, 0x00000000c5d00000|100%| E|CS|TAMS 0x00000000c5c00000| PB 0x00000000c5c00000| Complete 
|  61|0x00000000c6500000, 0x00000000c6600000, 0x00000000c6600000|100%| E|CS|TAMS 0x00000000c6500000| PB 0x00000000c6500000| Complete 

Card table byte_map: [0x000001e943200000,0x000001e9433f0000] _byte_map_base: 0x000001e942bec000

Marking Bits: (CMBitMap*) 0x000001e92bbcfa20
 Bits: [0x000001e9433f0000, 0x000001e944350000)

Polling page: 0x000001e929b10000

Metaspace:

Usage:
  Non-class:     38.24 MB used.
      Class:      5.74 MB used.
       Both:     43.97 MB used.

Virtual space:
  Non-class space:       64.00 MB reserved,      38.56 MB ( 60%) committed,  1 nodes.
      Class space:        1.00 GB reserved,       6.00 MB ( <1%) committed,  1 nodes.
             Both:        1.06 GB reserved,      44.56 MB (  4%) committed. 

Chunk freelists:
   Non-Class:  9.17 MB
       Class:  9.95 MB
        Both:  19.12 MB

MaxMetaspaceSize: unlimited
CompressedClassSpaceSize: 1.00 GB
Initial GC threshold: 21.00 MB
Current GC threshold: 59.31 MB
CDS: on
 - commit_granule_bytes: 65536.
 - commit_granule_words: 8192.
 - virtual_space_node_default_size: 8388608.
 - enlarge_chunks_in_place: 1.
 - use_allocation_guard: 0.


Internal statistics:

num_allocs_failed_limit: 6.
num_arena_births: 734.
num_arena_deaths: 0.
num_vsnodes_births: 2.
num_vsnodes_deaths: 0.
num_space_committed: 713.
num_space_uncommitted: 0.
num_chunks_returned_to_freelist: 6.
num_chunks_taken_from_freelist: 2352.
num_chunk_merges: 6.
num_chunk_splits: 1656.
num_chunks_enlarged: 1233.
num_inconsistent_stats: 0.

CodeHeap 'non-profiled nmethods': size=120000Kb used=2214Kb max_used=2214Kb free=117785Kb
 bounds [0x000001e93bae0000, 0x000001e93bd50000, 0x000001e943010000]
CodeHeap 'profiled nmethods': size=120000Kb used=8770Kb max_used=9246Kb free=111229Kb
 bounds [0x000001e934010000, 0x000001e934920000, 0x000001e93b540000]
CodeHeap 'non-nmethods': size=5760Kb used=1547Kb max_used=1562Kb free=4212Kb
 bounds [0x000001e93b540000, 0x000001e93b7b0000, 0x000001e93bae0000]
 total_blobs=4919 nmethods=4305 adapters=518
 compilation: enabled
              stopped_count=0, restarted_count=0
 full_count=0

Compilation events (20 events):
Event: 14.053 Thread 0x000001e9467c2e00 4681       3       net.bytebuddy.description.type.TypeDescription$ForLoadedType::of (30 bytes)
Event: 14.054 Thread 0x000001e9467c2e00 nmethod 4681 0x000001e934057910 code [0x000001e934057b00, 0x000001e934058188]
Event: 14.054 Thread 0x000001e9467c2e00 4683       3       net.bytebuddy.description.type.TypeDescription$Generic$OfNonGenericType::getSort (4 bytes)
Event: 14.054 Thread 0x000001e9467c2e00 nmethod 4683 0x000001e93401ef10 code [0x000001e93401f0a0, 0x000001e93401f1b8]
Event: 14.054 Thread 0x000001e9467c2e00 4682       3       sun.invoke.util.ValueConversions::boxInteger (5 bytes)
Event: 14.054 Thread 0x000001e9467c2e00 nmethod 4682 0x000001e93446ec10 code [0x000001e93446ede0, 0x000001e93446f150]
Event: 14.054 Thread 0x000001e9467c2e00 4679       3       net.bytebuddy.description.ModifierReviewable$AbstractBase::isPublic (6 bytes)
Event: 14.054 Thread 0x000001e9467c2e00 nmethod 4679 0x000001e9345b2e10 code [0x000001e9345b2fc0, 0x000001e9345b3248]
Event: 14.055 Thread 0x000001e9467c2e00 4680       3       net.bytebuddy.description.type.TypeDescription$Generic$LazyProjection$ForLoadedReturnType::asErasure (11 bytes)
Event: 14.055 Thread 0x000001e9467c2e00 nmethod 4680 0x000001e9345b2290 code [0x000001e9345b24a0, 0x000001e9345b2bd8]
Event: 14.220 Thread 0x000001e9467c2e00 4686       3       jdk.internal.misc.Unsafe::getAndAddInt (27 bytes)
Event: 14.221 Thread 0x000001e9467c2e00 nmethod 4686 0x000001e934250390 code [0x000001e934250540, 0x000001e934250770]
Event: 14.222 Thread 0x000001e9467c2e00 4687       3       java.lang.invoke.DirectMethodHandle::getFunction (53 bytes)
Event: 14.223 Thread 0x000001e9467c2e00 nmethod 4687 0x000001e93424fd10 code [0x000001e93424fee0, 0x000001e934250230]
Event: 14.223 Thread 0x000001e9467c2e00 4688       1       java.lang.reflect.Field::getRoot (5 bytes)
Event: 14.224 Thread 0x000001e9467c2e00 nmethod 4688 0x000001e93bb09310 code [0x000001e93bb094a0, 0x000001e93bb09568]
Event: 14.224 Thread 0x000001e9467c2e00 4689       3       java.lang.reflect.Field::setFieldAccessor (20 bytes)
Event: 14.224 Thread 0x000001e9467c2e00 nmethod 4689 0x000001e93424f790 code [0x000001e93424f940, 0x000001e93424fc10]
Event: 14.224 Thread 0x000001e9467c2e00 4690       3       java.lang.invoke.MethodHandles$Lookup::checkField (58 bytes)
Event: 14.225 Thread 0x000001e9467c2e00 nmethod 4690 0x000001e934229310 code [0x000001e934229500, 0x000001e934229960]

GC Heap History (18 events):
Event: 1.336 GC heap before
{Heap before GC invocations=0 (full 0):
 garbage-first heap   total 63488K, used 14336K [0x00000000c2800000, 0x0000000100000000)
  region size 1024K, 13 young (13312K), 0 survivors (0K)
 Metaspace       used 3476K, committed 3648K, reserved 1114112K
  class space    used 326K, committed 384K, reserved 1048576K
}
Event: 1.349 GC heap after
{Heap after GC invocations=1 (full 0):
 garbage-first heap   total 63488K, used 6592K [0x00000000c2800000, 0x0000000100000000)
  region size 1024K, 2 young (2048K), 2 survivors (2048K)
 Metaspace       used 3476K, committed 3648K, reserved 1114112K
  class space    used 326K, committed 384K, reserved 1048576K
}
Event: 2.113 GC heap before
{Heap before GC invocations=1 (full 0):
 garbage-first heap   total 63488K, used 18880K [0x00000000c2800000, 0x0000000100000000)
  region size 1024K, 14 young (14336K), 2 survivors (2048K)
 Metaspace       used 6381K, committed 6528K, reserved 1114112K
  class space    used 711K, committed 768K, reserved 1048576K
}
Event: 2.117 GC heap after
{Heap after GC invocations=2 (full 0):
 garbage-first heap   total 63488K, used 7732K [0x00000000c2800000, 0x0000000100000000)
  region size 1024K, 1 young (1024K), 1 survivors (1024K)
 Metaspace       used 6381K, committed 6528K, reserved 1114112K
  class space    used 711K, committed 768K, reserved 1048576K
}
Event: 3.914 GC heap before
{Heap before GC invocations=2 (full 0):
 garbage-first heap   total 63488K, used 34356K [0x00000000c2800000, 0x0000000100000000)
  region size 1024K, 28 young (28672K), 1 survivors (1024K)
 Metaspace       used 13993K, committed 14208K, reserved 1114112K
  class space    used 1634K, committed 1728K, reserved 1048576K
}
Event: 3.922 GC heap after
{Heap after GC invocations=3 (full 0):
 garbage-first heap   total 63488K, used 10320K [0x00000000c2800000, 0x0000000100000000)
  region size 1024K, 4 young (4096K), 4 survivors (4096K)
 Metaspace       used 13993K, committed 14208K, reserved 1114112K
  class space    used 1634K, committed 1728K, reserved 1048576K
}
Event: 6.462 GC heap before
{Heap before GC invocations=3 (full 0):
 garbage-first heap   total 63488K, used 42064K [0x00000000c2800000, 0x0000000100000000)
  region size 1024K, 36 young (36864K), 4 survivors (4096K)
 Metaspace       used 19591K, committed 19904K, reserved 1114112K
  class space    used 2345K, committed 2496K, reserved 1048576K
}
Event: 6.473 GC heap after
{Heap after GC invocations=4 (full 0):
 garbage-first heap   total 63488K, used 13214K [0x00000000c2800000, 0x0000000100000000)
  region size 1024K, 5 young (5120K), 5 survivors (5120K)
 Metaspace       used 19591K, committed 19904K, reserved 1114112K
  class space    used 2345K, committed 2496K, reserved 1048576K
}
Event: 7.528 GC heap before
{Heap before GC invocations=4 (full 0):
 garbage-first heap   total 63488K, used 27550K [0x00000000c2800000, 0x0000000100000000)
  region size 1024K, 20 young (20480K), 5 survivors (5120K)
 Metaspace       used 21233K, committed 21504K, reserved 1114112K
  class space    used 2535K, committed 2688K, reserved 1048576K
}
Event: 7.537 GC heap after
{Heap after GC invocations=5 (full 0):
 garbage-first heap   total 63488K, used 14534K [0x00000000c2800000, 0x0000000100000000)
  region size 1024K, 2 young (2048K), 2 survivors (2048K)
 Metaspace       used 21233K, committed 21504K, reserved 1114112K
  class space    used 2535K, committed 2688K, reserved 1048576K
}
Event: 9.228 GC heap before
{Heap before GC invocations=6 (full 0):
 garbage-first heap   total 55296K, used 45254K [0x00000000c2800000, 0x0000000100000000)
  region size 1024K, 32 young (32768K), 2 survivors (2048K)
 Metaspace       used 26452K, committed 26944K, reserved 1114112K
  class space    used 3300K, committed 3520K, reserved 1048576K
}
Event: 9.243 GC heap after
{Heap after GC invocations=7 (full 0):
 garbage-first heap   total 55296K, used 17172K [0x00000000c2800000, 0x0000000100000000)
  region size 1024K, 4 young (4096K), 4 survivors (4096K)
 Metaspace       used 26452K, committed 26944K, reserved 1114112K
  class space    used 3300K, committed 3520K, reserved 1048576K
}
Event: 11.409 GC heap before
{Heap before GC invocations=7 (full 0):
 garbage-first heap   total 55296K, used 44820K [0x00000000c2800000, 0x0000000100000000)
  region size 1024K, 31 young (31744K), 4 survivors (4096K)
 Metaspace       used 32366K, committed 32896K, reserved 1114112K
  class space    used 4015K, committed 4224K, reserved 1048576K
}
Event: 11.421 GC heap after
{Heap after GC invocations=8 (full 0):
 garbage-first heap   total 55296K, used 19376K [0x00000000c2800000, 0x0000000100000000)
  region size 1024K, 3 young (3072K), 3 survivors (3072K)
 Metaspace       used 32366K, committed 32896K, reserved 1114112K
  class space    used 4015K, committed 4224K, reserved 1048576K
}
Event: 12.226 GC heap before
{Heap before GC invocations=8 (full 0):
 garbage-first heap   total 55296K, used 32688K [0x00000000c2800000, 0x0000000100000000)
  region size 1024K, 18 young (18432K), 3 survivors (3072K)
 Metaspace       used 35580K, committed 36096K, reserved 1114112K
  class space    used 4460K, committed 4672K, reserved 1048576K
}
Event: 12.233 GC heap after
{Heap after GC invocations=9 (full 0):
 garbage-first heap   total 55296K, used 20757K [0x00000000c2800000, 0x0000000100000000)
  region size 1024K, 2 young (2048K), 2 survivors (2048K)
 Metaspace       used 35580K, committed 36096K, reserved 1114112K
  class space    used 4460K, committed 4672K, reserved 1048576K
}
Event: 13.639 GC heap before
{Heap before GC invocations=10 (full 0):
 garbage-first heap   total 55296K, used 45333K [0x00000000c2800000, 0x0000000100000000)
  region size 1024K, 27 young (27648K), 2 survivors (2048K)
 Metaspace       used 41820K, committed 42368K, reserved 1114112K
  class space    used 5483K, committed 5760K, reserved 1048576K
}
Event: 13.645 GC heap after
{Heap after GC invocations=11 (full 0):
 garbage-first heap   total 55296K, used 22092K [0x00000000c2800000, 0x0000000100000000)
  region size 1024K, 3 young (3072K), 3 survivors (3072K)
 Metaspace       used 41820K, committed 42368K, reserved 1114112K
  class space    used 5483K, committed 5760K, reserved 1048576K
}

Dll operation events (14 events):
Event: 0.021 Loaded shared library C:\Program Files\Java\jdk-21\bin\java.dll
Event: 0.082 Loaded shared library C:\Program Files\Java\jdk-21\bin\jsvml.dll
Event: 0.407 Loaded shared library C:\Program Files\Java\jdk-21\bin\zip.dll
Event: 0.416 Loaded shared library C:\Program Files\Java\jdk-21\bin\instrument.dll
Event: 0.427 Loaded shared library C:\Program Files\Java\jdk-21\bin\net.dll
Event: 0.430 Loaded shared library C:\Program Files\Java\jdk-21\bin\nio.dll
Event: 0.438 Loaded shared library C:\Program Files\Java\jdk-21\bin\zip.dll
Event: 0.769 Loaded shared library C:\Program Files\Java\jdk-21\bin\jimage.dll
Event: 0.879 Loaded shared library C:\Users\Ric\AppData\Local\Programs\IntelliJ IDEA Community Edition\bin\breakgen64.dll
Event: 0.922 Loaded shared library C:\Program Files\Java\jdk-21\bin\extnet.dll
Event: 1.744 Loaded shared library C:\Program Files\Java\jdk-21\bin\management.dll
Event: 1.749 Loaded shared library C:\Program Files\Java\jdk-21\bin\management_ext.dll
Event: 4.874 Loaded shared library C:\Program Files\Java\jdk-21\bin\sunmscapi.dll
Event: 12.475 Loaded shared library C:\Program Files\Java\jdk-21\bin\verify.dll

Deoptimization events (20 events):
Event: 13.906 Thread 0x000001e98c875f20 DEOPT PACKING pc=0x000001e93baf00c0 sp=0x00000093c04fdd30
Event: 13.906 Thread 0x000001e98c875f20 DEOPT UNPACKING pc=0x000001e93b5946a2 sp=0x00000093c04fdca0 mode 2
Event: 13.906 Thread 0x000001e98c875f20 Uncommon trap: trap_request=0xffffffde fr.pc=0x000001e93bb5bb18 relative=0x00000000000008b8
Event: 13.906 Thread 0x000001e98c875f20 Uncommon trap: reason=class_check action=maybe_recompile pc=0x000001e93bb5bb18 method=sun.security.provider.DigestBase.engineDigest([BII)I @ 97 c2
Event: 13.906 Thread 0x000001e98c875f20 DEOPT PACKING pc=0x000001e93bb5bb18 sp=0x00000093c04fdcc0
Event: 13.906 Thread 0x000001e98c875f20 DEOPT UNPACKING pc=0x000001e93b5946a2 sp=0x00000093c04fdc90 mode 2
Event: 13.906 Thread 0x000001e98c875f20 Uncommon trap: trap_request=0xffffffde fr.pc=0x000001e93baf00c0 relative=0x0000000000000540
Event: 13.906 Thread 0x000001e98c875f20 Uncommon trap: reason=class_check action=maybe_recompile pc=0x000001e93baf00c0 method=java.security.MessageDigest$Delegate.engineUpdate([BII)V @ 7 c2
Event: 13.906 Thread 0x000001e98c875f20 DEOPT PACKING pc=0x000001e93baf00c0 sp=0x00000093c04fdd30
Event: 13.906 Thread 0x000001e98c875f20 DEOPT UNPACKING pc=0x000001e93b5946a2 sp=0x00000093c04fdca0 mode 2
Event: 13.906 Thread 0x000001e98c875f20 Uncommon trap: trap_request=0xffffffde fr.pc=0x000001e93bb5bb18 relative=0x00000000000008b8
Event: 13.906 Thread 0x000001e98c875f20 Uncommon trap: reason=class_check action=maybe_recompile pc=0x000001e93bb5bb18 method=sun.security.provider.DigestBase.engineDigest([BII)I @ 97 c2
Event: 13.906 Thread 0x000001e98c875f20 DEOPT PACKING pc=0x000001e93bb5bb18 sp=0x00000093c04fdcc0
Event: 13.906 Thread 0x000001e98c875f20 DEOPT UNPACKING pc=0x000001e93b5946a2 sp=0x00000093c04fdc90 mode 2
Event: 14.035 Thread 0x000001e98c875f20 DEOPT PACKING pc=0x000001e93406f635 sp=0x00000093c04fd5b0
Event: 14.036 Thread 0x000001e98c875f20 DEOPT UNPACKING pc=0x000001e93b594e42 sp=0x00000093c04fca20 mode 0
Event: 14.057 Thread 0x000001e98c875f20 DEOPT PACKING pc=0x000001e93406f635 sp=0x00000093c04fd540
Event: 14.057 Thread 0x000001e98c875f20 DEOPT UNPACKING pc=0x000001e93b594e42 sp=0x00000093c04fc9b0 mode 0
Event: 14.060 Thread 0x000001e98c875f20 DEOPT PACKING pc=0x000001e93406f635 sp=0x00000093c04fd540
Event: 14.060 Thread 0x000001e98c875f20 DEOPT UNPACKING pc=0x000001e93b594e42 sp=0x00000093c04fc9b0 mode 0

Classes loaded (20 events):
Event: 13.820 Loading class java/util/stream/ReduceOps$1
Event: 13.822 Loading class java/util/stream/ReduceOps$1 done
Event: 13.822 Loading class java/util/stream/ReduceOps$1ReducingSink
Event: 13.823 Loading class java/util/stream/ReduceOps$1ReducingSink done
Event: 14.024 Loading class java/io/StringWriter
Event: 14.025 Loading class java/io/StringWriter done
Event: 14.184 Loading class javax/naming/RefAddr
Event: 14.184 Loading class javax/naming/RefAddr done
Event: 14.184 Loading class javax/naming/StringRefAddr
Event: 14.184 Loading class javax/naming/StringRefAddr done
Event: 14.229 Loading class java/util/concurrent/CompletionStage
Event: 14.230 Loading class java/util/concurrent/CompletionStage done
Event: 14.231 Loading class java/util/concurrent/CompletableFuture
Event: 14.233 Loading class java/util/concurrent/CompletableFuture done
Event: 14.233 Loading class java/util/concurrent/CompletableFuture$AltResult
Event: 14.233 Loading class java/util/concurrent/CompletableFuture$AltResult done
Event: 14.234 Loading class java/util/concurrent/CompletableFuture$Completion
Event: 14.234 Loading class java/util/concurrent/CompletableFuture$AsynchronousCompletionTask
Event: 14.235 Loading class java/util/concurrent/CompletableFuture$AsynchronousCompletionTask done
Event: 14.235 Loading class java/util/concurrent/CompletableFuture$Completion done

Classes unloaded (0 events):
No events

Classes redefined (0 events):
No events

Internal exceptions (20 events):
Event: 9.420 Thread 0x000001e98c875f20 Exception <a 'java/lang/NoSuchMethodError'{0x00000000c5b28e68}: 'java.lang.Object java.lang.invoke.DirectMethodHandle$Holder.invokeSpecial(java.lang.Object, java.lang.Object, java.lang.Object, java.lang.Object, int)'> (0x00000000c5b28e68) 
thrown [s\open\src\hotspot\share\interpreter\linkResolver.cpp, line 773]
Event: 9.420 Thread 0x000001e98c875f20 Exception <a 'java/lang/NoSuchMethodError'{0x00000000c5b2c2f0}: 'java.lang.Object java.lang.invoke.Invokers$Holder.linkToTargetMethod(java.lang.Object, java.lang.Object, int, java.lang.Object)'> (0x00000000c5b2c2f0) 
thrown [s\open\src\hotspot\share\interpreter\linkResolver.cpp, line 773]
Event: 9.743 Thread 0x000001e98c875f20 Exception <a 'java/lang/NoSuchMethodError'{0x00000000c58e96a8}: 'java.lang.Object java.lang.invoke.DirectMethodHandle$Holder.invokeStaticInit(java.lang.Object, int, int, int, int)'> (0x00000000c58e96a8) 
thrown [s\open\src\hotspot\share\interpreter\linkResolver.cpp, line 773]
Event: 9.761 Thread 0x000001e98c875f20 Exception <a 'java/lang/NoSuchMethodError'{0x00000000c57000e0}: 'java.lang.Object java.lang.invoke.DirectMethodHandle$Holder.invokeStaticInit(java.lang.Object, java.lang.Object, int, int, int, int)'> (0x00000000c57000e0) 
thrown [s\open\src\hotspot\share\interpreter\linkResolver.cpp, line 773]
Event: 10.017 Thread 0x000001e98c875f20 Exception <a 'sun/nio/fs/WindowsException'{0x00000000c518f4a8}> (0x00000000c518f4a8) 
thrown [s\open\src\hotspot\share\prims\jni.cpp, line 520]
Event: 10.018 Thread 0x000001e98c875f20 Exception <a 'sun/nio/fs/WindowsException'{0x00000000c518fbf0}> (0x00000000c518fbf0) 
thrown [s\open\src\hotspot\share\prims\jni.cpp, line 520]
Event: 10.023 Thread 0x000001e98c875f20 Exception <a 'java/lang/NoSuchMethodError'{0x00000000c51a6400}: 'int java.lang.invoke.DirectMethodHandle$Holder.invokeVirtual(java.lang.Object, java.lang.Object, java.lang.Object, java.lang.Object)'> (0x00000000c51a6400) 
thrown [s\open\src\hotspot\share\interpreter\linkResolver.cpp, line 773]
Event: 10.024 Thread 0x000001e98c875f20 Exception <a 'java/lang/NoSuchMethodError'{0x00000000c51a9e68}: 'int java.lang.invoke.DelegatingMethodHandle$Holder.reinvoke_L(java.lang.Object, java.lang.Object, java.lang.Object, java.lang.Object)'> (0x00000000c51a9e68) 
thrown [s\open\src\hotspot\share\interpreter\linkResolver.cpp, line 773]
Event: 10.293 Thread 0x000001e98c875f20 Exception <a 'java/io/FileNotFoundException'{0x00000000c4fb88a8}> (0x00000000c4fb88a8) 
thrown [s\open\src\hotspot\share\prims\jni.cpp, line 520]
Event: 10.433 Thread 0x000001e98c875f20 Exception <a 'java/lang/NoSuchMethodError'{0x00000000c4d0fdc0}: 'int java.lang.invoke.DirectMethodHandle$Holder.invokeInterface(java.lang.Object, java.lang.Object, java.lang.Object, java.lang.Object)'> (0x00000000c4d0fdc0) 
thrown [s\open\src\hotspot\share\interpreter\linkResolver.cpp, line 773]
Event: 10.664 Thread 0x000001e98c875f20 Exception <a 'java/lang/NoSuchMethodError'{0x00000000c49388e8}: method resolution failed> (0x00000000c49388e8) 
thrown [s\open\src\hotspot\share\prims\methodHandles.cpp, line 1144]
Event: 10.682 Thread 0x000001e98c875f20 Exception <a 'java/lang/NoSuchMethodError'{0x00000000c4986990}: 'int java.lang.invoke.DirectMethodHandle$Holder.invokeStaticInit(java.lang.Object, java.lang.Object, java.lang.Object, java.lang.Object)'> (0x00000000c4986990) 
thrown [s\open\src\hotspot\share\interpreter\linkResolver.cpp, line 773]
Event: 10.967 Thread 0x000001e98c875f20 Exception <a 'sun/nio/fs/WindowsException'{0x00000000c477afc8}> (0x00000000c477afc8) 
thrown [s\open\src\hotspot\share\prims\jni.cpp, line 520]
Event: 11.372 Thread 0x000001e98c875f20 Exception <a 'java/lang/NoSuchMethodError'{0x00000000c44deee0}: 'java.lang.Object java.lang.invoke.DirectMethodHandle$Holder.invokeStaticInit(java.lang.Object, java.lang.Object, java.lang.Object, java.lang.Object)'> (0x00000000c44deee0) 
thrown [s\open\src\hotspot\share\interpreter\linkResolver.cpp, line 773]
Event: 11.528 Thread 0x000001e98c875f20 Exception <a 'java/lang/NoSuchMethodError'{0x00000000c5c69630}: 'long java.lang.invoke.DirectMethodHandle$Holder.invokeVirtual(java.lang.Object, java.lang.Object)'> (0x00000000c5c69630) 
thrown [s\open\src\hotspot\share\interpreter\linkResolver.cpp, line 773]
Event: 11.536 Thread 0x000001e98c875f20 Exception <a 'java/io/FileNotFoundException'{0x00000000c5c921a0}> (0x00000000c5c921a0) 
thrown [s\open\src\hotspot\share\prims\jni.cpp, line 520]
Event: 11.614 Thread 0x000001e98c875f20 Exception <a 'java/lang/NoSuchMethodError'{0x00000000c5a9f578}: 'java.lang.Object java.lang.invoke.DirectMethodHandle$Holder.newInvokeSpecial(java.lang.Object, java.lang.Object, java.lang.Object, java.lang.Object, java.lang.Object, java.lang.Object, java.lang.Object, java.lang.Object, java.lang.Object, java.lang.Object, java.lang.Object)'> (0x00000000c5a9f578) 
thrown [s\open\src\hotspot\share\interpreter\linkResolver.cpp, line 773]
Event: 11.847 Thread 0x000001e98c875f20 Exception <a 'java/lang/NoSuchMethodError'{0x00000000c56499e8}: 'void java.lang.invoke.DelegatingMethodHandle$Holder.reinvoke_L(java.lang.Object, java.lang.Object, java.lang.Object, java.lang.Object, int, java.lang.Object, java.lang.Object, java.lang.Object)'> (0x00000000c56499e8) 
thrown [s\open\src\hotspot\share\interpreter\linkResolver.cpp, line 773]
Event: 13.074 Thread 0x000001e98c875f20 Exception <a 'java/lang/NoSuchMethodError'{0x00000000c4934ae0}: 'int java.lang.invoke.DirectMethodHandle$Holder.invokeStatic(java.lang.Object)'> (0x00000000c4934ae0) 
thrown [s\open\src\hotspot\share\interpreter\linkResolver.cpp, line 773]
Event: 13.316 Thread 0x000001e98c875f20 Exception <a 'java/lang/NoSuchMethodError'{0x00000000c47628c8}: 'int java.lang.invoke.Invokers$Holder.invokeExact_MT(java.lang.Object, java.lang.Object)'> (0x00000000c47628c8) 
thrown [s\open\src\hotspot\share\interpreter\linkResolver.cpp, line 773]

ZGC Phase Switch (0 events):
No events

VM Operations (20 events):
Event: 11.426 Executing VM operation: HandshakeAllThreads (Deoptimize)
Event: 11.426 Executing VM operation: HandshakeAllThreads (Deoptimize) done
Event: 11.427 Executing VM operation: HandshakeAllThreads (Deoptimize)
Event: 11.427 Executing VM operation: HandshakeAllThreads (Deoptimize) done
Event: 11.541 Executing VM operation: HandshakeAllThreads (Deoptimize)
Event: 11.541 Executing VM operation: HandshakeAllThreads (Deoptimize) done
Event: 11.603 Executing VM operation: HandshakeAllThreads (Deoptimize)
Event: 11.603 Executing VM operation: HandshakeAllThreads (Deoptimize) done
Event: 11.998 Executing VM operation: HandshakeAllThreads (Deoptimize)
Event: 11.998 Executing VM operation: HandshakeAllThreads (Deoptimize) done
Event: 12.226 Executing VM operation: CollectForMetadataAllocation (Metadata GC Threshold)
Event: 12.233 Executing VM operation: CollectForMetadataAllocation (Metadata GC Threshold) done
Event: 12.279 Executing VM operation: G1PauseRemark
Event: 12.284 Executing VM operation: G1PauseRemark done
Event: 12.303 Executing VM operation: G1PauseCleanup
Event: 12.303 Executing VM operation: G1PauseCleanup done
Event: 13.313 Executing VM operation: Cleanup
Event: 13.313 Executing VM operation: Cleanup done
Event: 13.639 Executing VM operation: G1CollectForAllocation (G1 Evacuation Pause)
Event: 13.645 Executing VM operation: G1CollectForAllocation (G1 Evacuation Pause) done

Events (20 events):
Event: 12.283 Thread 0x000001e92bc5ae30 flushing nmethod 0x000001e934262610
Event: 12.283 Thread 0x000001e92bc5ae30 flushing nmethod 0x000001e934262990
Event: 12.283 Thread 0x000001e92bc5ae30 flushing nmethod 0x000001e934296690
Event: 12.283 Thread 0x000001e92bc5ae30 flushing nmethod 0x000001e93429b990
Event: 12.283 Thread 0x000001e92bc5ae30 flushing nmethod 0x000001e9342d6490
Event: 12.283 Thread 0x000001e92bc5ae30 flushing nmethod 0x000001e934304f10
Event: 12.283 Thread 0x000001e92bc5ae30 flushing nmethod 0x000001e93430a710
Event: 12.283 Thread 0x000001e92bc5ae30 flushing nmethod 0x000001e9343afe10
Event: 12.283 Thread 0x000001e92bc5ae30 flushing nmethod 0x000001e9343b1c90
Event: 12.283 Thread 0x000001e92bc5ae30 flushing nmethod 0x000001e9343c0590
Event: 12.283 Thread 0x000001e92bc5ae30 flushing nmethod 0x000001e9343fec90
Event: 12.283 Thread 0x000001e92bc5ae30 flushing nmethod 0x000001e934418d90
Event: 12.283 Thread 0x000001e92bc5ae30 flushing nmethod 0x000001e934435510
Event: 12.283 Thread 0x000001e92bc5ae30 flushing nmethod 0x000001e934435e10
Event: 12.283 Thread 0x000001e92bc5ae30 flushing nmethod 0x000001e934437310
Event: 12.283 Thread 0x000001e92bc5ae30 flushing nmethod 0x000001e934464790
Event: 12.283 Thread 0x000001e92bc5ae30 flushing nmethod 0x000001e934465410
Event: 12.283 Thread 0x000001e92bc5ae30 flushing nmethod 0x000001e934469490
Event: 12.283 Thread 0x000001e92bc5ae30 flushing nmethod 0x000001e9345d3390
Event: 12.283 Thread 0x000001e92bc5ae30 flushing nmethod 0x000001e9344e8b90


Dynamic libraries:
0x00007ff7a9c30000 - 0x00007ff7a9c40000 	C:\Program Files\Java\jdk-21\bin\java.exe
0x00007ffd3ee30000 - 0x00007ffd3f028000 	C:\Windows\SYSTEM32\ntdll.dll
0x00007ffd3d070000 - 0x00007ffd3d131000 	C:\Windows\System32\KERNEL32.DLL
0x00007ffd3c910000 - 0x00007ffd3cc0d000 	C:\Windows\System32\KERNELBASE.dll
0x00007ffd3c4e0000 - 0x00007ffd3c5e0000 	C:\Windows\System32\ucrtbase.dll
0x00007ffd3a340000 - 0x00007ffd3a35b000 	C:\Program Files\Java\jdk-21\bin\VCRUNTIME140.dll
0x00007ffd3a360000 - 0x00007ffd3a379000 	C:\Program Files\Java\jdk-21\bin\jli.dll
0x00007ffd3d380000 - 0x00007ffd3d430000 	C:\Windows\System32\ADVAPI32.dll
0x00007ffd3dcc0000 - 0x00007ffd3dd5e000 	C:\Windows\System32\msvcrt.dll
0x00007ffd3ea80000 - 0x00007ffd3eb20000 	C:\Windows\System32\sechost.dll
0x00007ffd3e830000 - 0x00007ffd3e953000 	C:\Windows\System32\RPCRT4.dll
0x00007ffd3c870000 - 0x00007ffd3c897000 	C:\Windows\System32\bcrypt.dll
0x00007ffd3d430000 - 0x00007ffd3d5cd000 	C:\Windows\System32\USER32.dll
0x00007ffd3c790000 - 0x00007ffd3c7b2000 	C:\Windows\System32\win32u.dll
0x00007ffd3ed60000 - 0x00007ffd3ed8b000 	C:\Windows\System32\GDI32.dll
0x00007ffd3c670000 - 0x00007ffd3c787000 	C:\Windows\System32\gdi32full.dll
0x00007ffd3b770000 - 0x00007ffd3ba0a000 	C:\Windows\WinSxS\amd64_microsoft.windows.common-controls_6595b64144ccf1df_6.0.19041.4355_none_60b8b9eb71f62e16\COMCTL32.dll
0x00007ffd3cc10000 - 0x00007ffd3ccad000 	C:\Windows\System32\msvcp_win.dll
0x00007ffd2d250000 - 0x00007ffd2d25a000 	C:\Windows\SYSTEM32\VERSION.dll
0x00007ffd3d350000 - 0x00007ffd3d37f000 	C:\Windows\System32\IMM32.DLL
0x00007ffd3a250000 - 0x00007ffd3a25c000 	C:\Program Files\Java\jdk-21\bin\vcruntime140_1.dll
0x00007ffd32320000 - 0x00007ffd323ae000 	C:\Program Files\Java\jdk-21\bin\msvcp140.dll
0x00007ffd0af70000 - 0x00007ffd0bc83000 	C:\Program Files\Java\jdk-21\bin\server\jvm.dll
0x00007ffd3d5d0000 - 0x00007ffd3d63b000 	C:\Windows\System32\WS2_32.dll
0x00007ffd3c280000 - 0x00007ffd3c2cb000 	C:\Windows\SYSTEM32\POWRPROF.dll
0x00007ffd28790000 - 0x00007ffd287b7000 	C:\Windows\SYSTEM32\WINMM.dll
0x00007ffd3c260000 - 0x00007ffd3c272000 	C:\Windows\SYSTEM32\UMPDC.dll
0x00007ffd39550000 - 0x00007ffd39562000 	C:\Windows\SYSTEM32\kernel.appcore.dll
0x00007ffd3a240000 - 0x00007ffd3a24a000 	C:\Program Files\Java\jdk-21\bin\jimage.dll
0x00007ffd3bcf0000 - 0x00007ffd3bed4000 	C:\Windows\SYSTEM32\DBGHELP.DLL
0x00007ffd3bb00000 - 0x00007ffd3bb34000 	C:\Windows\SYSTEM32\dbgcore.DLL
0x00007ffd3c5e0000 - 0x00007ffd3c662000 	C:\Windows\System32\bcryptPrimitives.dll
0x00007ffd3a210000 - 0x00007ffd3a21f000 	C:\Program Files\Java\jdk-21\bin\instrument.dll
0x00007ffd3a080000 - 0x00007ffd3a09f000 	C:\Program Files\Java\jdk-21\bin\java.dll
0x00007ffd3e0c0000 - 0x00007ffd3e82f000 	C:\Windows\System32\SHELL32.dll
0x00007ffd39810000 - 0x00007ffd39faf000 	C:\Windows\SYSTEM32\windows.storage.dll
0x00007ffd3dd60000 - 0x00007ffd3e0b3000 	C:\Windows\System32\combase.dll
0x00007ffd3b6d0000 - 0x00007ffd3b6fe000 	C:\Windows\SYSTEM32\Wldp.dll
0x00007ffd3cf80000 - 0x00007ffd3d04d000 	C:\Windows\System32\OLEAUT32.dll
0x00007ffd3ec20000 - 0x00007ffd3eccd000 	C:\Windows\System32\SHCORE.dll
0x00007ffd3ed90000 - 0x00007ffd3ede5000 	C:\Windows\System32\shlwapi.dll
0x00007ffd3c410000 - 0x00007ffd3c434000 	C:\Windows\SYSTEM32\profapi.dll
0x00007ffd32240000 - 0x00007ffd32317000 	C:\Program Files\Java\jdk-21\bin\jsvml.dll
0x00007ffd39fc0000 - 0x00007ffd39fd8000 	C:\Program Files\Java\jdk-21\bin\zip.dll
0x00007ffd3a140000 - 0x00007ffd3a150000 	C:\Program Files\Java\jdk-21\bin\net.dll
0x00007ffd35e20000 - 0x00007ffd35f2d000 	C:\Windows\SYSTEM32\WINHTTP.dll
0x00007ffd3b610000 - 0x00007ffd3b67a000 	C:\Windows\system32\mswsock.dll
0x00007ffd3a060000 - 0x00007ffd3a076000 	C:\Program Files\Java\jdk-21\bin\nio.dll
0x00007ffd37e80000 - 0x00007ffd37e9a000 	C:\Users\Ric\AppData\Local\Programs\IntelliJ IDEA Community Edition\bin\breakgen64.dll
0x00007ffd37e70000 - 0x00007ffd37e79000 	C:\Program Files\Java\jdk-21\bin\extnet.dll
0x00007ffd395e0000 - 0x00007ffd395ea000 	C:\Program Files\Java\jdk-21\bin\management.dll
0x00007ffd395d0000 - 0x00007ffd395db000 	C:\Program Files\Java\jdk-21\bin\management_ext.dll
0x00007ffd3ecd0000 - 0x00007ffd3ecd8000 	C:\Windows\System32\PSAPI.DLL
0x00007ffd395c0000 - 0x00007ffd395ce000 	C:\Program Files\Java\jdk-21\bin\sunmscapi.dll
0x00007ffd3cd00000 - 0x00007ffd3ce5e000 	C:\Windows\System32\CRYPT32.dll
0x00007ffd3b740000 - 0x00007ffd3b769000 	C:\Windows\SYSTEM32\ncrypt.dll
0x00007ffd3b700000 - 0x00007ffd3b73b000 	C:\Windows\SYSTEM32\NTASN1.dll
0x00007ffd3c1d0000 - 0x00007ffd3c1e8000 	C:\Windows\SYSTEM32\CRYPTSP.dll
0x00007ffd3ae30000 - 0x00007ffd3ae64000 	C:\Windows\system32\rsaenh.dll
0x00007ffd3c3c0000 - 0x00007ffd3c3ee000 	C:\Windows\SYSTEM32\USERENV.dll
0x00007ffd3b5e0000 - 0x00007ffd3b5ec000 	C:\Windows\SYSTEM32\CRYPTBASE.dll
0x00007ffd3b190000 - 0x00007ffd3b1cb000 	C:\Windows\SYSTEM32\IPHLPAPI.DLL
0x00007ffd3ec10000 - 0x00007ffd3ec18000 	C:\Windows\System32\NSI.dll
0x00007ffd3b1d0000 - 0x00007ffd3b29a000 	C:\Windows\SYSTEM32\DNSAPI.dll
0x00007ffd30da0000 - 0x00007ffd30daa000 	C:\Windows\System32\rasadhlp.dll
0x00007ffd31f40000 - 0x00007ffd31fc0000 	C:\Windows\System32\fwpuclnt.dll
0x00007ffd34a80000 - 0x00007ffd34a90000 	C:\Program Files\Java\jdk-21\bin\verify.dll

dbghelp: loaded successfully - version: 4.0.5 - missing functions: none
symbol engine: initialized successfully - sym options: 0x614 - pdb path: .;C:\Program Files\Java\jdk-21\bin;C:\Windows\SYSTEM32;C:\Windows\WinSxS\amd64_microsoft.windows.common-controls_6595b64144ccf1df_6.0.19041.4355_none_60b8b9eb71f62e16;C:\Program Files\Java\jdk-21\bin\server;C:\Users\Ric\AppData\Local\Programs\IntelliJ IDEA Community Edition\bin

VM Arguments:
jvm_args: -javaagent:C:\Users\Ric\AppData\Local\Programs\IntelliJ IDEA Community Edition\lib\idea_rt.jar=4935:C:\Users\Ric\AppData\Local\Programs\IntelliJ IDEA Community Edition\bin -Dfile.encoding=UTF-8 -Dsun.stdout.encoding=UTF-8 -Dsun.stderr.encoding=UTF-8 
java_command: com.hasinarezida.biblio.BiblioApplication
java_class_path (initial): C:\Users\Ric\Documents\projects\work\library\target\classes;C:\Users\Ric\.m2\repository\org\springframework\boot\spring-boot-starter-web\3.3.2\spring-boot-starter-web-3.3.2.jar;C:\Users\Ric\.m2\repository\org\springframework\boot\spring-boot-starter\3.3.2\spring-boot-starter-3.3.2.jar;C:\Users\Ric\.m2\repository\org\springframework\boot\spring-boot-starter-logging\3.3.2\spring-boot-starter-logging-3.3.2.jar;C:\Users\Ric\.m2\repository\ch\qos\logback\logback-classic\1.5.6\logback-classic-1.5.6.jar;C:\Users\Ric\.m2\repository\ch\qos\logback\logback-core\1.5.6\logback-core-1.5.6.jar;C:\Users\Ric\.m2\repository\org\apache\logging\log4j\log4j-to-slf4j\2.23.1\log4j-to-slf4j-2.23.1.jar;C:\Users\Ric\.m2\repository\org\apache\logging\log4j\log4j-api\2.23.1\log4j-api-2.23.1.jar;C:\Users\Ric\.m2\repository\org\slf4j\jul-to-slf4j\2.0.13\jul-to-slf4j-2.0.13.jar;C:\Users\Ric\.m2\repository\jakarta\annotation\jakarta.annotation-api\2.1.1\jakarta.annotation-api-2.1.1.jar;C:\Users\Ric\.m2\repository\org\yaml\snakeyaml\2.2\snakeyaml-2.2.jar;C:\Users\Ric\.m2\repository\org\springframework\boot\spring-boot-starter-json\3.3.2\spring-boot-starter-json-3.3.2.jar;C:\Users\Ric\.m2\repository\com\fasterxml\jackson\core\jackson-databind\2.17.2\jackson-databind-2.17.2.jar;C:\Users\Ric\.m2\repository\com\fasterxml\jackson\core\jackson-annotations\2.17.2\jackson-annotations-2.17.2.jar;C:\Users\Ric\.m2\repository\com\fasterxml\jackson\core\jackson-core\2.17.2\jackson-core-2.17.2.jar;C:\Users\Ric\.m2\repository\com\fasterxml\jackson\datatype\jackson-datatype-jdk8\2.17.2\jackson-datatype-jdk8-2.17.2.jar;C:\Users\Ric\.m2\repository\com\fasterxml\jackson\datatype\jackson-datatype-jsr310\2.17.2\jackson-datatype-jsr310-2.17.2.jar;C:\Users\Ric\.m2\repository\com\fasterxml\jackson\module\jackson-module-parameter-names\2.17.2\jackson-module-parameter-names-2.17.2.jar;C:\Users\Ric\.m2\repository\org\springframework\boot\spring-boot-starter-tomcat\3.3.2\spring-boot-starter-tomcat-3.3.2.jar;C:\Users\Ric\.m2\repository\org\apache\tomcat\embed\tomcat-embed-core\10.1.26\tomcat-embed-core-10.1.26.jar;C:\Users\Ric\.m2\repository\org\apache\tomcat\embed\tomcat-embed-el\10.1.26\tomcat-embed-el-10.1.26.jar;C:\Users\Ric\.m2\repository\org\apache\tomcat\embed\tomcat-embed-websocket\10.1.26\tomcat-embed-websocket-10.1.26.jar;C:\Users\Ric\.m2\repository\org\springframework\spring-web\6.1.11\spring-web-6.1.11.jar;C:\Users\Ric\.m2\repository\org\springframework\spring-beans\6.1.11\spring-beans-6.1.11.jar;C:\Users\Ric\.m2\repository\io\micrometer\micrometer-observation\1.13.2\micrometer-observation-1.13.2.jar;C:\Users\Ric\.m2\repository\io\micrometer\micrometer-commons\1.13.2\micrometer-commons-1.13.2.jar;C:\Users\Ric\.m2\repository\org\springframework\spring-webmvc\6.1.11\spring-webmvc-6.1.11.jar;C:\Users\Ric\.m2\repository\org\springframework\spring-context\6.1.11\spring-context-6.1.11.jar;C:\Users\Ric\.m2\repository\org\springframework\spring-expression\6.1.11\spring-expression-6.1.11.jar;C:\Users\Ric\.m2\repository\org\springframework\boot\spring-boot-starter-thymeleaf\3.3.2\spring-boot-starter-thymeleaf-3.3.2.jar;C:\Users\Ric\.m2\repository\org\thymeleaf\thymeleaf-spring6\3.1.2.RELEASE\thymeleaf-spring6-3.1.2.RELEASE.jar;C:\Users\Ric\.m2\repository\org\thymeleaf\thymeleaf\3.1.2.RELEASE\thymeleaf-3.1.2.RELEASE.jar;C:\Users\Ric\.m2\repository\org\attoparser\attoparser\2.0.7.RELEASE\attoparser-2.0.7.RELEASE.jar;C:\Users\Ric\.m2\repository\org\unbescape\unbescape\1.1.6.RELEASE\unbescape-1.1.6.RELEASE.jar;C:\Users\Ric\.m2\repository\org\slf4j\slf4j-api\2.0.13\slf4j-api-2.0.13.jar;C:\Users\Ric\.m2\repository\org\springframework\boot\spring-boot-starter-security\3.3.2\spring-boot-starter-security-3.3.2.jar;C:\Users\Ric\.m2\repository\org\springframework\spring-aop\6.1.11\spring-aop-6.1.11.jar;C:\Users\Ric\.m2\repository\org\springframework\security\spring-security-config\6.3.1\spring-security-config-6.3.1.jar;C:\Users\Ric\.m2\repository\org\springframework\security\spring-security-web\6.3.1\spring-security-web-6.3.1.jar;C:\Users\Ric\.m2\repository\org\springframework\boot\spring-boot-starter-data-jpa\3.3.2\spring-boot-starter-data-jpa-3.3.2.jar;C:\Users\Ric\.m2\repository\org\springframework\boot\spring-boot-starter-aop\3.3.2\spring-boot-starter-aop-3.3.2.jar;C:\Users\Ric\.m2\repository\org\aspectj\aspectjweaver\1.9.22.1\aspectjweaver-1.9.22.1.jar;C:\Users\Ric\.m2\repository\org\springframework\boot\spring-boot-starter-jdbc\3.3.2\spring-boot-starter-jdbc-3.3.2.jar;C:\Users\Ric\.m2\repository\com\zaxxer\HikariCP\5.1.0\HikariCP-5.1.0.jar;C:\Users\Ric\.m2\repository\org\springframework\spring-jdbc\6.1.11\spring-jdbc-6.1.11.jar;C:\Users\Ric\.m2\repository\org\hibernate\orm\hibernate-core\6.5.2.Final\hibernate-core-6.5.2.Final.jar;C:\Users\Ric\.m2\repository\jakarta\persistence\jakarta.persistence-api\3.1.0\jakarta.persistence-api-3.1.0.jar;C:\Users\Ric\.m2\repository\jakarta\transaction\jakarta.transaction-api\2.0.1\jakarta.transaction-api-2.0.1.jar;C:\Users\Ric\.m2\repository\org\jboss\logging\jboss-logging\3.5.3.Final\jboss-logging-3.5.3.Final.jar;C:\Users\Ric\.m2\repository\org\hibernate\common\hibernate-commons-annotations\6.0.6.Final\hibernate-commons-annotations-6.0.6.Final.jar;C:\Users\Ric\.m2\repository\io\smallrye\jandex\3.1.2\jandex-3.1.2.jar;C:\Users\Ric\.m2\repository\com\fasterxml\classmate\1.7.0\classmate-1.7.0.jar;C:\Users\Ric\.m2\repository\net\bytebuddy\byte-buddy\1.14.18\byte-buddy-1.14.18.jar;C:\Users\Ric\.m2\repository\org\glassfish\jaxb\jaxb-runtime\4.0.5\jaxb-runtime-4.0.5.jar;C:\Users\Ric\.m2\repository\org\glassfish\jaxb\jaxb-core\4.0.5\jaxb-core-4.0.5.jar;C:\Users\Ric\.m2\repository\org\eclipse\angus\angus-activation\2.0.2\angus-activation-2.0.2.jar;C:\Users\Ric\.m2\repository\org\glassfish\jaxb\txw2\4.0.5\txw2-4.0.5.jar;C:\Users\Ric\.m2\repository\com\sun\istack\istack-commons-runtime\4.1.2\istack-commons-runtime-4.1.2.jar;C:\Users\Ric\.m2\repository\jakarta\inject\jakarta.inject-api\2.0.1\jakarta.inject-api-2.0.1.jar;C:\Users\Ric\.m2\repository\org\antlr\antlr4-runtime\4.13.0\antlr4-runtime-4.13.0.jar;C:\Users\Ric\.m2\repository\org\springframework\data\spring-data-jpa\3.3.2\spring-data-jpa-3.3.2.jar;C:\Users\Ric\.m2\repository\org\springframework\data\spring-data-commons\3.3.2\spring-data-commons-3.3.2.jar;C:\Users\Ric\.m2\repository\org\springframework\spring-orm\6.1.11\spring-orm-6.1.11.jar;C:\Users\Ric\.m2\repository\org\springframework\spring-tx\6.1.11\spring-tx-6.1.11.jar;C:\Users\Ric\.m2\repository\org\springframework\spring-aspects\6.1.11\spring-aspects-6.1.11.jar;C:\Users\Ric\.m2\repository\org\postgresql\postgresql\42.7.3\postgresql-42.7.3.jar;C:\Users\Ric\.m2\repository\org\checkerframework\checker-qual\3.42.0\checker-qual-3.42.0.jar;C:\Users\Ric\.m2\repository\com\h2database\h2\2.2.224\h2-2.2.224.jar;C:\Users\Ric\.m2\repository\org\springframework\boot\spring-boot-devtools\3.3.2\spring-boot-devtools-3.3.2.jar;C:\Users\Ric\.m2\repository\org\springframework\boot\spring-boot\3.3.2\spring-boot-3.3.2.jar;C:\Users\Ric\.m2\repository\org\springframework\boot\spring-boot-autoconfigure\3.3.2\spring-boot-autoconfigure-3.3.2.jar;C:\Users\Ric\.m2\repository\jakarta\xml\bind\jakarta.xml.bind-api\4.0.2\jakarta.xml.bind-api-4.0.2.jar;C:\Users\Ric\.m2\repository\jakarta\activation\jakarta.activation-api\2.1.3\jakarta.activation-api-2.1.3.jar;C:\Users\Ric\.m2\repository\org\springframework\spring-core\6.1.11\spring-core-6.1.11.jar;C:\Users\Ric\.m2\repository\org\springframework\spring-jcl\6.1.11\spring-jcl-6.1.11.jar;C:\Users\Ric\.m2\repository\org\springframework\security\spring-security-core\6.3.1\spring-security-core-6.3.1.jar;C:\Users\Ric\.m2\repository\org\springframework\security\spring-security-crypto\6.3.1\spring-security-crypto-6.3.1.jar
Launcher Type: SUN_STANDARD

[Global flags]
     intx CICompilerCount                          = 3                                         {product} {ergonomic}
     uint ConcGCThreads                            = 1                                         {product} {ergonomic}
     uint G1ConcRefinementThreads                  = 4                                         {product} {ergonomic}
   size_t G1HeapRegionSize                         = 1048576                                   {product} {ergonomic}
    uintx GCDrainStackTargetSize                   = 64                                        {product} {ergonomic}
   size_t InitialHeapSize                          = 65011712                                  {product} {ergonomic}
   size_t MarkStackSize                            = 4194304                                   {product} {ergonomic}
   size_t MaxHeapSize                              = 1031798784                                {product} {ergonomic}
   size_t MaxNewSize                               = 618659840                                 {product} {ergonomic}
   size_t MinHeapDeltaBytes                        = 1048576                                   {product} {ergonomic}
   size_t MinHeapSize                              = 8388608                                   {product} {ergonomic}
    uintx NonNMethodCodeHeapSize                   = 5832780                                {pd product} {ergonomic}
    uintx NonProfiledCodeHeapSize                  = 122912730                              {pd product} {ergonomic}
    uintx ProfiledCodeHeapSize                     = 122912730                              {pd product} {ergonomic}
    uintx ReservedCodeCacheSize                    = 251658240                              {pd product} {ergonomic}
     bool SegmentedCodeCache                       = true                                      {product} {ergonomic}
   size_t SoftMaxHeapSize                          = 1031798784                             {manageable} {ergonomic}
     bool UseCompressedOops                        = true                           {product lp64_product} {ergonomic}
     bool UseG1GC                                  = true                                      {product} {ergonomic}
     bool UseLargePagesIndividualAllocation        = false                                  {pd product} {ergonomic}

Logging:
Log output configuration:
 #0: stdout all=warning uptime,level,tags foldmultilines=false
 #1: stderr all=off uptime,level,tags foldmultilines=false

Environment Variables:
PATH=C:\Program Files\Common Files\Oracle\Java\javapath;C:\Windows\system32;C:\Windows;C:\Windows\System32\Wbem;C:\Windows\System32\WindowsPowerShell\v1.0\;C:\Windows\System32\OpenSSH\;C:\Program Files\Microsoft SQL Server\150\Tools\Binn\;C:\Program Files\Git\bin;C:\Users\Ric\AppData\Roaming\nvm;C:\Program Files\nodejs;C:\Program Files\Docker\Docker\resources\bin;C:\Users\Ric\AppData\Local\Programs\Python\Python311\Scripts\;C:\Users\Ric\AppData\Local\Programs\Python\Python311\;C:\Users\Ric\AppData\Local\Microsoft\WindowsApps;C:\Users\Ric\.dotnet\tools;C:\Users\Ric\AppData\Local\Programs\Microsoft VS Code\bin;C:\dev\flutter\bin;C:\Users\Ric\AppData\Roaming\npm;C:\Users\Ric\AppData\Roaming\nvm;C:\Program Files\nodejs;C:\Users\Ric\AppData\Local\JetBrains\Toolbox\scripts;C:\Users\Ric\modelio\Modelio Open Source 5.4\plugins\org.apache.ant_1.10.9.v20201106-1946\META-INF;C:\Users\Ric\Documents\projects\work\biblio;C:\Program Files\PostgreSQL\16\bin;
USERNAME=Ric
OS=Windows_NT
PROCESSOR_IDENTIFIER=Intel64 Family 6 Model 58 Stepping 9, GenuineIntel
TMP=C:\Users\Ric\AppData\Local\Temp
TEMP=C:\Users\Ric\AppData\Local\Temp




Periodic native trim disabled

---------------  S Y S T E M  ---------------

OS:
 Windows 10 , 64 bit Build 19041 (10.0.19041.4717)
OS uptime: 0 days 2:18 hours
Hyper-V role detected

CPU: total 4 (initial active 4) (2 cores per cpu, 2 threads per core) family 6 model 58 stepping 9 microcode 0x21, cx8, cmov, fxsr, ht, mmx, sse, sse2, sse3, ssse3, sse4.1, sse4.2, popcnt, tsc, tscinvbit, avx, aes, erms, clmul, vzeroupper, clflush, hv, rdtscp, f16c
Processor Information for all 4 processors :
  Max Mhz: 2501, Current Mhz: 2501, Mhz Limit: 2501

Memory: 4k page, system-wide physical 3933M (266M free)
TotalPageFile size 8109M (AvailPageFile size 5M)
current process WorkingSet (physical memory assigned to process): 217M, peak: 218M
current process commit charge ("private bytes"): 247M, peak: 248M

vm_info: Java HotSpot(TM) 64-Bit Server VM (21.0.4+8-LTS-274) for windows-amd64 JRE (21.0.4+8-LTS-274), built on 2024-06-05T05:23:33Z by "mach5one" with MS VC++ 17.6 (VS2022)

END.
