#
# There is insufficient memory for the Java Runtime Environment to continue.
# Native memory allocation (malloc) failed to allocate 76104 bytes for Chunk::new
# Possible reasons:
#   The system is out of physical RAM or swap space
#   The process is running with CompressedOops enabled, and the Java Heap may be blocking the growth of the native heap
# Possible solutions:
#   Reduce memory load on the system
#   Increase physical memory or swap space
#   Check if swap backing store is full
#   Decrease Java heap size (-Xmx/-Xms)
#   Decrease number of Java threads
#   Decrease Java thread stack sizes (-Xss)
#   Set larger code cache with -XX:ReservedCodeCacheSize=
#   JVM is running with Unscaled Compressed Oops mode in which the Java heap is
#     placed in the first 4GB address space. The Java Heap base address is the
#     maximum limit for the native heap growth. Please use -XX:HeapBaseMinAddress
#     to set the Java Heap base and to place the Java Heap above 4GB virtual address.
# This output file may be truncated or incomplete.
#
#  Out of Memory Error (arena.cpp:168), pid=7092, tid=7072
#
# JRE version: Java(TM) SE Runtime Environment (21.0.4+8) (build 21.0.4+8-LTS-274)
# Java VM: Java HotSpot(TM) 64-Bit Server VM (21.0.4+8-LTS-274, mixed mode, sharing, tiered, compressed oops, compressed class ptrs, g1 gc, windows-amd64)
# No core dump will be written. Minidumps are not enabled by default on client versions of Windows
#

---------------  S U M M A R Y ------------

Command Line: -javaagent:C:\Users\Ric\AppData\Local\Programs\IntelliJ IDEA Community Edition\lib\idea_rt.jar=12229:C:\Users\Ric\AppData\Local\Programs\IntelliJ IDEA Community Edition\bin -Dfile.encoding=UTF-8 -Dsun.stdout.encoding=UTF-8 -Dsun.stderr.encoding=UTF-8 com.hasinarezida.biblio.BiblioApplication

Host: Intel(R) Core(TM) i5-3210M CPU @ 2.50GHz, 4 cores, 3G,  Windows 10 , 64 bit Build 19041 (10.0.19041.4717)
Time: Sun Sep  8 14:48:30 2024 E. Africa Standard Time elapsed time: 35.954755 seconds (0d 0h 0m 35s)

---------------  T H R E A D  ---------------

Current thread (0x000002169c196700):  JavaThread "C2 CompilerThread0" daemon [_thread_in_native, id=7072, stack(0x000000fb02300000,0x000000fb02400000) (1024K)]


Current CompileTask:
C2:  35954 6476       4       org.springframework.core.ResolvableType::forType (112 bytes)

Stack: [0x000000fb02300000,0x000000fb02400000]
Native frames: (J=compiled Java code, j=interpreted, Vv=VM code, C=native code)
V  [jvm.dll+0x6c8e59]
V  [jvm.dll+0x853181]
V  [jvm.dll+0x8556ae]
V  [jvm.dll+0x855d83]
V  [jvm.dll+0x27d526]
V  [jvm.dll+0xc4aad]
V  [jvm.dll+0xc4fe3]
V  [jvm.dll+0x5f4024]
V  [jvm.dll+0x24f102]
V  [jvm.dll+0x247c0c]
V  [jvm.dll+0x245754]
V  [jvm.dll+0x1c69de]
V  [jvm.dll+0x254d49]
V  [jvm.dll+0x2532da]
V  [jvm.dll+0x3ed426]
V  [jvm.dll+0x7fd65b]
V  [jvm.dll+0x6c753d]
C  [ucrtbase.dll+0x21bb2]
C  [KERNEL32.DLL+0x17374]
C  [ntdll.dll+0x4cc91]


---------------  P R O C E S S  ---------------

Threads class SMR info:
_java_thread_list=0x00000216e51ce130, length=31, elements={
0x000002169c183f80, 0x000002169c189920, 0x000002169c18af30, 0x000002169c18bc10,
0x000002169c18ce10, 0x000002169c18e010, 0x000002169c196700, 0x000002169c1e5820,
0x000002169c3702b0, 0x000002169c9156e0, 0x000002169c915d50, 0x000002169cd84e50,
0x000002169cd85b70, 0x000002169cd83410, 0x000002169cd83aa0, 0x000002169cd854e0,
0x000002169cd847c0, 0x00000216e3fbf5c0, 0x00000216e3fc30d0, 0x00000216e3fc5830,
0x00000216e3fbe8a0, 0x00000216e3fc4480, 0x00000216e3fc5ec0, 0x00000216e3fc4b10,
0x00000216e3fbfc50, 0x00000216e3fc3760, 0x00000216e3fc51a0, 0x00000216e3fc02e0,
0x00000216e3fc3df0, 0x00000216e3fc0970, 0x00000216e3fbef30
}

Java Threads: ( => current thread )
  0x000002169c183f80 JavaThread "Reference Handler"          daemon [_thread_blocked, id=11184, stack(0x000000fb01d00000,0x000000fb01e00000) (1024K)]
  0x000002169c189920 JavaThread "Finalizer"                  daemon [_thread_blocked, id=6440, stack(0x000000fb01e00000,0x000000fb01f00000) (1024K)]
  0x000002169c18af30 JavaThread "Signal Dispatcher"          daemon [_thread_blocked, id=10208, stack(0x000000fb01f00000,0x000000fb02000000) (1024K)]
  0x000002169c18bc10 JavaThread "Attach Listener"            daemon [_thread_blocked, id=4876, stack(0x000000fb02000000,0x000000fb02100000) (1024K)]
  0x000002169c18ce10 JavaThread "Service Thread"             daemon [_thread_blocked, id=5760, stack(0x000000fb02100000,0x000000fb02200000) (1024K)]
  0x000002169c18e010 JavaThread "Monitor Deflation Thread"   daemon [_thread_blocked, id=1472, stack(0x000000fb02200000,0x000000fb02300000) (1024K)]
=>0x000002169c196700 JavaThread "C2 CompilerThread0"         daemon [_thread_in_native, id=7072, stack(0x000000fb02300000,0x000000fb02400000) (1024K)]
  0x000002169c1e5820 JavaThread "C1 CompilerThread0"         daemon [_thread_blocked, id=1492, stack(0x000000fb02400000,0x000000fb02500000) (1024K)]
  0x000002169c3702b0 JavaThread "Common-Cleaner"             daemon [_thread_blocked, id=10792, stack(0x000000fb02500000,0x000000fb02600000) (1024K)]
  0x000002169c9156e0 JavaThread "Monitor Ctrl-Break"         daemon [_thread_in_native, id=10568, stack(0x000000fb02700000,0x000000fb02800000) (1024K)]
  0x000002169c915d50 JavaThread "Notification Thread"        daemon [_thread_blocked, id=11396, stack(0x000000fb02800000,0x000000fb02900000) (1024K)]
  0x000002169cd84e50 JavaThread "PostgreSQL-JDBC-Cleaner"    daemon [_thread_blocked, id=7396, stack(0x000000fb02e00000,0x000000fb02f00000) (1024K)]
  0x000002169cd85b70 JavaThread "HikariPool-1 housekeeper"   daemon [_thread_blocked, id=10044, stack(0x000000fb02f00000,0x000000fb03000000) (1024K)]
  0x000002169cd83410 JavaThread "Catalina-utility-1"                [_thread_blocked, id=3148, stack(0x000000fb03100000,0x000000fb03200000) (1024K)]
  0x000002169cd83aa0 JavaThread "Catalina-utility-2"                [_thread_blocked, id=1340, stack(0x000000fb03200000,0x000000fb03300000) (1024K)]
  0x000002169cd854e0 JavaThread "container-0"                       [_thread_blocked, id=3404, stack(0x000000fb03300000,0x000000fb03400000) (1024K)]
  0x000002169cd847c0 JavaThread "File Watcher"               daemon [_thread_blocked, id=5568, stack(0x000000fb03000000,0x000000fb03100000) (1024K)]
  0x00000216e3fbf5c0 JavaThread "Live Reload Server"         daemon [_thread_in_native, id=11268, stack(0x000000fb03500000,0x000000fb03600000) (1024K)]
  0x00000216e3fc30d0 JavaThread "http-nio-8080-exec-1"       daemon [_thread_blocked, id=2208, stack(0x000000fb03400000,0x000000fb03500000) (1024K)]
  0x00000216e3fc5830 JavaThread "http-nio-8080-exec-2"       daemon [_thread_blocked, id=11100, stack(0x000000fb03600000,0x000000fb03700000) (1024K)]
  0x00000216e3fbe8a0 JavaThread "http-nio-8080-exec-3"       daemon [_thread_in_Java, id=8280, stack(0x000000fb03700000,0x000000fb03800000) (1024K)]
  0x00000216e3fc4480 JavaThread "http-nio-8080-exec-4"       daemon [_thread_blocked, id=4280, stack(0x000000fb03800000,0x000000fb03900000) (1024K)]
  0x00000216e3fc5ec0 JavaThread "http-nio-8080-exec-5"       daemon [_thread_blocked, id=3832, stack(0x000000fb03900000,0x000000fb03a00000) (1024K)]
  0x00000216e3fc4b10 JavaThread "http-nio-8080-exec-6"       daemon [_thread_blocked, id=8680, stack(0x000000fb03a00000,0x000000fb03b00000) (1024K)]
  0x00000216e3fbfc50 JavaThread "http-nio-8080-exec-7"       daemon [_thread_blocked, id=876, stack(0x000000fb03b00000,0x000000fb03c00000) (1024K)]
  0x00000216e3fc3760 JavaThread "http-nio-8080-exec-8"       daemon [_thread_blocked, id=8652, stack(0x000000fb03c00000,0x000000fb03d00000) (1024K)]
  0x00000216e3fc51a0 JavaThread "http-nio-8080-exec-9"       daemon [_thread_blocked, id=11956, stack(0x000000fb03d00000,0x000000fb03e00000) (1024K)]
  0x00000216e3fc02e0 JavaThread "http-nio-8080-exec-10"      daemon [_thread_blocked, id=9064, stack(0x000000fb03e00000,0x000000fb03f00000) (1024K)]
  0x00000216e3fc3df0 JavaThread "http-nio-8080-Poller"       daemon [_thread_in_native, id=7620, stack(0x000000fb03f00000,0x000000fb04000000) (1024K)]
  0x00000216e3fc0970 JavaThread "http-nio-8080-Acceptor"     daemon [_thread_in_native, id=4376, stack(0x000000fb04000000,0x000000fb04100000) (1024K)]
  0x00000216e3fbef30 JavaThread "DestroyJavaVM"                     [_thread_blocked, id=6492, stack(0x000000fb01500000,0x000000fb01600000) (1024K)]
Total: 31

Other Threads:
  0x00000216ff9e4050 VMThread "VM Thread"                           [id=10384, stack(0x000000fb01c00000,0x000000fb01d00000) (1024K)]
  0x00000216ff9d0ff0 WatcherThread "VM Periodic Task Thread"        [id=2924, stack(0x000000fb01b00000,0x000000fb01c00000) (1024K)]
  0x00000216ff95d510 WorkerThread "GC Thread#0"                     [id=3388, stack(0x000000fb01600000,0x000000fb01700000) (1024K)]
  0x000002169cb79a10 WorkerThread "GC Thread#1"                     [id=7900, stack(0x000000fb02600000,0x000000fb02700000) (1024K)]
  0x000002169caa44b0 WorkerThread "GC Thread#2"                     [id=11540, stack(0x000000fb02900000,0x000000fb02a00000) (1024K)]
  0x000002169ca33e20 WorkerThread "GC Thread#3"                     [id=12976, stack(0x000000fb02a00000,0x000000fb02b00000) (1024K)]
  0x00000216ff965f80 ConcurrentGCThread "G1 Main Marker"            [id=2580, stack(0x000000fb01700000,0x000000fb01800000) (1024K)]
  0x00000216ff966b40 WorkerThread "G1 Conc#0"                       [id=2412, stack(0x000000fb01800000,0x000000fb01900000) (1024K)]
  0x00000216ff9beec0 ConcurrentGCThread "G1 Refine#0"               [id=6724, stack(0x000000fb01900000,0x000000fb01a00000) (1024K)]
  0x00000216ff9bf940 ConcurrentGCThread "G1 Service"                [id=11544, stack(0x000000fb01a00000,0x000000fb01b00000) (1024K)]
Total: 10

Threads with active compile tasks:
C2 CompilerThread0    36103 6476       4       org.springframework.core.ResolvableType::forType (112 bytes)
Total: 1

VM state: not at safepoint (normal execution)

VM Mutex/Monitor currently owned by a thread: None

Heap address: 0x00000000c2800000, size: 984 MB, Compressed Oops mode: 32-bit

CDS archive(s) mapped at: [0x000002169d000000-0x000002169dc90000-0x000002169dc90000), size 13172736, SharedBaseAddress: 0x000002169d000000, ArchiveRelocationMode: 1.
Compressed class space mapped at: 0x000002169e000000-0x00000216de000000, reserved size: 1073741824
Narrow klass base: 0x000002169d000000, Narrow klass shift: 0, Narrow klass range: 0x100000000

GC Precious Log:
 CardTable entry size: 512
 Card Set container configuration: InlinePtr #cards 5 size 8 Array Of Cards #cards 12 size 40 Howl #buckets 4 coarsen threshold 1843 Howl Bitmap #cards 512 size 80 coarsen threshold 460 Card regions per heap region 1 cards per card region 2048
 CPUs: 4 total, 4 available
 Memory: 3933M
 Large Page Support: Disabled
 NUMA Support: Disabled
 Compressed Oops: Enabled (32-bit)
 Heap Region Size: 1M
 Heap Min Capacity: 8M
 Heap Initial Capacity: 62M
 Heap Max Capacity: 984M
 Pre-touch: Disabled
 Parallel Workers: 4
 Concurrent Workers: 1
 Concurrent Refinement Workers: 4
 Periodic GC: Disabled

Heap:
 garbage-first heap   total 58368K, used 45662K [0x00000000c2800000, 0x0000000100000000)
  region size 1024K, 17 young (17408K), 3 survivors (3072K)
 Metaspace       used 70490K, committed 71232K, reserved 1114112K
  class space    used 9810K, committed 10176K, reserved 1048576K

Heap Regions: E=young(eden), S=young(survivor), O=old, HS=humongous(starts), HC=humongous(continues), CS=collection set, F=free, TAMS=top-at-mark-start, PB=parsable bottom
|   0|0x00000000c2800000, 0x00000000c2900000, 0x00000000c2900000|100%|HS|  |TAMS 0x00000000c2800000| PB 0x00000000c2800000| Complete 
|   1|0x00000000c2900000, 0x00000000c2a00000, 0x00000000c2a00000|100%| O|  |TAMS 0x00000000c2900000| PB 0x00000000c2900000| Untracked 
|   2|0x00000000c2a00000, 0x00000000c2b00000, 0x00000000c2b00000|100%| O|  |TAMS 0x00000000c2a00000| PB 0x00000000c2a00000| Untracked 
|   3|0x00000000c2b00000, 0x00000000c2c00000, 0x00000000c2c00000|100%| O|  |TAMS 0x00000000c2b00000| PB 0x00000000c2b00000| Untracked 
|   4|0x00000000c2c00000, 0x00000000c2d00000, 0x00000000c2d00000|100%| O|  |TAMS 0x00000000c2c00000| PB 0x00000000c2c00000| Untracked 
|   5|0x00000000c2d00000, 0x00000000c2e00000, 0x00000000c2e00000|100%| O|  |TAMS 0x00000000c2d00000| PB 0x00000000c2d00000| Untracked 
|   6|0x00000000c2e00000, 0x00000000c2f00000, 0x00000000c2f00000|100%| O|  |TAMS 0x00000000c2e00000| PB 0x00000000c2e00000| Untracked 
|   7|0x00000000c2f00000, 0x00000000c3000000, 0x00000000c3000000|100%| O|  |TAMS 0x00000000c2f00000| PB 0x00000000c2f00000| Untracked 
|   8|0x00000000c3000000, 0x00000000c3100000, 0x00000000c3100000|100%| O|  |TAMS 0x00000000c3000000| PB 0x00000000c3000000| Untracked 
|   9|0x00000000c3100000, 0x00000000c3200000, 0x00000000c3200000|100%| O|  |TAMS 0x00000000c3100000| PB 0x00000000c3100000| Untracked 
|  10|0x00000000c3200000, 0x00000000c3300000, 0x00000000c3300000|100%| O|  |TAMS 0x00000000c3200000| PB 0x00000000c3200000| Untracked 
|  11|0x00000000c3300000, 0x00000000c3400000, 0x00000000c3400000|100%| O|  |TAMS 0x00000000c3300000| PB 0x00000000c3300000| Untracked 
|  12|0x00000000c3400000, 0x00000000c3500000, 0x00000000c3500000|100%| O|  |TAMS 0x00000000c3400000| PB 0x00000000c3400000| Untracked 
|  13|0x00000000c3500000, 0x00000000c3600000, 0x00000000c3600000|100%| O|  |TAMS 0x00000000c3500000| PB 0x00000000c3500000| Untracked 
|  14|0x00000000c3600000, 0x00000000c3700000, 0x00000000c3700000|100%| O|  |TAMS 0x00000000c3600000| PB 0x00000000c3600000| Untracked 
|  15|0x00000000c3700000, 0x00000000c3800000, 0x00000000c3800000|100%| O|  |TAMS 0x00000000c3700000| PB 0x00000000c3700000| Untracked 
|  16|0x00000000c3800000, 0x00000000c3900000, 0x00000000c3900000|100%| O|  |TAMS 0x00000000c3800000| PB 0x00000000c3800000| Untracked 
|  17|0x00000000c3900000, 0x00000000c3a00000, 0x00000000c3a00000|100%| O|  |TAMS 0x00000000c3900000| PB 0x00000000c3900000| Untracked 
|  18|0x00000000c3a00000, 0x00000000c3b00000, 0x00000000c3b00000|100%| O|  |TAMS 0x00000000c3a00000| PB 0x00000000c3a00000| Untracked 
|  19|0x00000000c3b00000, 0x00000000c3c00000, 0x00000000c3c00000|100%| O|  |TAMS 0x00000000c3b00000| PB 0x00000000c3b00000| Untracked 
|  20|0x00000000c3c00000, 0x00000000c3d00000, 0x00000000c3d00000|100%| O|  |TAMS 0x00000000c3c00000| PB 0x00000000c3c00000| Untracked 
|  21|0x00000000c3d00000, 0x00000000c3e00000, 0x00000000c3e00000|100%| O|  |TAMS 0x00000000c3d00000| PB 0x00000000c3d00000| Untracked 
|  22|0x00000000c3e00000, 0x00000000c3f00000, 0x00000000c3f00000|100%| O|  |TAMS 0x00000000c3e00000| PB 0x00000000c3e00000| Untracked 
|  23|0x00000000c3f00000, 0x00000000c4000000, 0x00000000c4000000|100%| O|  |TAMS 0x00000000c3f00000| PB 0x00000000c3f00000| Untracked 
|  24|0x00000000c4000000, 0x00000000c4100000, 0x00000000c4100000|100%| O|  |TAMS 0x00000000c4000000| PB 0x00000000c4000000| Untracked 
|  25|0x00000000c4100000, 0x00000000c4200000, 0x00000000c4200000|100%| O|Cm|TAMS 0x00000000c4100000| PB 0x00000000c4100000| Complete 
|  26|0x00000000c4200000, 0x00000000c4300000, 0x00000000c4300000|100%| O|  |TAMS 0x00000000c4200000| PB 0x00000000c4200000| Untracked 
|  27|0x00000000c4300000, 0x00000000c4400000, 0x00000000c4400000|100%| O|  |TAMS 0x00000000c4300000| PB 0x00000000c4300000| Untracked 
|  28|0x00000000c4400000, 0x00000000c4500000, 0x00000000c4500000|100%| O|  |TAMS 0x00000000c4400000| PB 0x00000000c4400000| Untracked 
|  29|0x00000000c4500000, 0x00000000c4572c40, 0x00000000c4600000| 44%| O|  |TAMS 0x00000000c4500000| PB 0x00000000c4500000| Untracked 
|  30|0x00000000c4600000, 0x00000000c4600000, 0x00000000c4700000|  0%| F|  |TAMS 0x00000000c4600000| PB 0x00000000c4600000| Untracked 
|  31|0x00000000c4700000, 0x00000000c4700000, 0x00000000c4800000|  0%| F|  |TAMS 0x00000000c4700000| PB 0x00000000c4700000| Untracked 
|  32|0x00000000c4800000, 0x00000000c4800000, 0x00000000c4900000|  0%| F|  |TAMS 0x00000000c4800000| PB 0x00000000c4800000| Untracked 
|  33|0x00000000c4900000, 0x00000000c4900000, 0x00000000c4a00000|  0%| F|  |TAMS 0x00000000c4900000| PB 0x00000000c4900000| Untracked 
|  34|0x00000000c4a00000, 0x00000000c4a00000, 0x00000000c4b00000|  0%| F|  |TAMS 0x00000000c4a00000| PB 0x00000000c4a00000| Untracked 
|  35|0x00000000c4b00000, 0x00000000c4b24ec8, 0x00000000c4c00000| 14%| S|CS|TAMS 0x00000000c4b00000| PB 0x00000000c4b00000| Complete 
|  36|0x00000000c4c00000, 0x00000000c4d00000, 0x00000000c4d00000|100%| S|CS|TAMS 0x00000000c4c00000| PB 0x00000000c4c00000| Complete 
|  37|0x00000000c4d00000, 0x00000000c4e00000, 0x00000000c4e00000|100%| S|CS|TAMS 0x00000000c4d00000| PB 0x00000000c4d00000| Complete 
|  38|0x00000000c4e00000, 0x00000000c4e00000, 0x00000000c4f00000|  0%| F|  |TAMS 0x00000000c4e00000| PB 0x00000000c4e00000| Untracked 
|  39|0x00000000c4f00000, 0x00000000c4f00000, 0x00000000c5000000|  0%| F|  |TAMS 0x00000000c4f00000| PB 0x00000000c4f00000| Untracked 
|  40|0x00000000c5000000, 0x00000000c5000000, 0x00000000c5100000|  0%| F|  |TAMS 0x00000000c5000000| PB 0x00000000c5000000| Untracked 
|  41|0x00000000c5100000, 0x00000000c5100000, 0x00000000c5200000|  0%| F|  |TAMS 0x00000000c5100000| PB 0x00000000c5100000| Untracked 
|  42|0x00000000c5200000, 0x00000000c5200000, 0x00000000c5300000|  0%| F|  |TAMS 0x00000000c5200000| PB 0x00000000c5200000| Untracked 
|  43|0x00000000c5300000, 0x00000000c5318c40, 0x00000000c5400000|  9%| E|  |TAMS 0x00000000c5300000| PB 0x00000000c5300000| Complete 
|  44|0x00000000c5400000, 0x00000000c5500000, 0x00000000c5500000|100%| E|CS|TAMS 0x00000000c5400000| PB 0x00000000c5400000| Complete 
|  45|0x00000000c5500000, 0x00000000c5600000, 0x00000000c5600000|100%| E|CS|TAMS 0x00000000c5500000| PB 0x00000000c5500000| Complete 
|  46|0x00000000c5600000, 0x00000000c5700000, 0x00000000c5700000|100%| E|CS|TAMS 0x00000000c5600000| PB 0x00000000c5600000| Complete 
|  47|0x00000000c5700000, 0x00000000c5800000, 0x00000000c5800000|100%| E|CS|TAMS 0x00000000c5700000| PB 0x00000000c5700000| Complete 
|  48|0x00000000c5800000, 0x00000000c5900000, 0x00000000c5900000|100%| E|CS|TAMS 0x00000000c5800000| PB 0x00000000c5800000| Complete 
|  49|0x00000000c5900000, 0x00000000c5a00000, 0x00000000c5a00000|100%| E|CS|TAMS 0x00000000c5900000| PB 0x00000000c5900000| Complete 
|  50|0x00000000c5a00000, 0x00000000c5b00000, 0x00000000c5b00000|100%| E|CS|TAMS 0x00000000c5a00000| PB 0x00000000c5a00000| Complete 
|  51|0x00000000c5b00000, 0x00000000c5c00000, 0x00000000c5c00000|100%| E|CS|TAMS 0x00000000c5b00000| PB 0x00000000c5b00000| Complete 
|  52|0x00000000c5c00000, 0x00000000c5d00000, 0x00000000c5d00000|100%| E|CS|TAMS 0x00000000c5c00000| PB 0x00000000c5c00000| Complete 
|  53|0x00000000c5d00000, 0x00000000c5e00000, 0x00000000c5e00000|100%| E|CS|TAMS 0x00000000c5d00000| PB 0x00000000c5d00000| Complete 
|  54|0x00000000c5e00000, 0x00000000c5f00000, 0x00000000c5f00000|100%| E|CS|TAMS 0x00000000c5e00000| PB 0x00000000c5e00000| Complete 
|  55|0x00000000c5f00000, 0x00000000c6000000, 0x00000000c6000000|100%| E|CS|TAMS 0x00000000c5f00000| PB 0x00000000c5f00000| Complete 
|  61|0x00000000c6500000, 0x00000000c6600000, 0x00000000c6600000|100%| E|CS|TAMS 0x00000000c6500000| PB 0x00000000c6500000| Complete 

Card table byte_map: [0x0000021698ac0000,0x0000021698cb0000] _byte_map_base: 0x00000216984ac000

Marking Bits: (CMBitMap*) 0x00000216ff95db20
 Bits: [0x0000021698cb0000, 0x0000021699c10000)

Polling page: 0x00000216ff6c0000

Metaspace:

Usage:
  Non-class:     59.26 MB used.
      Class:      9.58 MB used.
       Both:     68.84 MB used.

Virtual space:
  Non-class space:       64.00 MB reserved,      59.62 MB ( 93%) committed,  1 nodes.
      Class space:        1.00 GB reserved,       9.94 MB ( <1%) committed,  1 nodes.
             Both:        1.06 GB reserved,      69.56 MB (  6%) committed. 

Chunk freelists:
   Non-Class:  4.00 MB
       Class:  6.03 MB
        Both:  10.03 MB

MaxMetaspaceSize: unlimited
CompressedClassSpaceSize: 1.00 GB
Initial GC threshold: 21.00 MB
Current GC threshold: 110.94 MB
CDS: on
 - commit_granule_bytes: 65536.
 - commit_granule_words: 8192.
 - virtual_space_node_default_size: 8388608.
 - enlarge_chunks_in_place: 1.
 - use_allocation_guard: 0.


Internal statistics:

num_allocs_failed_limit: 12.
num_arena_births: 992.
num_arena_deaths: 0.
num_vsnodes_births: 2.
num_vsnodes_deaths: 0.
num_space_committed: 1113.
num_space_uncommitted: 0.
num_chunks_returned_to_freelist: 12.
num_chunks_taken_from_freelist: 3601.
num_chunk_merges: 12.
num_chunk_splits: 2589.
num_chunks_enlarged: 1990.
num_inconsistent_stats: 0.

CodeHeap 'non-profiled nmethods': size=120000Kb used=3350Kb max_used=3350Kb free=116649Kb
 bounds [0x0000021691290000, 0x00000216915e0000, 0x00000216987c0000]
CodeHeap 'profiled nmethods': size=120000Kb used=10421Kb max_used=10751Kb free=109578Kb
 bounds [0x00000216897c0000, 0x000002168a250000, 0x0000021690cf0000]
CodeHeap 'non-nmethods': size=5760Kb used=1652Kb max_used=1686Kb free=4107Kb
 bounds [0x0000021690cf0000, 0x0000021690f60000, 0x0000021691290000]
 total_blobs=6371 nmethods=5680 adapters=594
 compilation: enabled
              stopped_count=0, restarted_count=0
 full_count=0

Compilation events (20 events):
Event: 35.907 Thread 0x000002169c1e5820 6486       3       java.lang.String::toLowerCase (8 bytes)
Event: 35.908 Thread 0x000002169c1e5820 nmethod 6486 0x0000021689de7510 code [0x0000021689de76e0, 0x0000021689de7a70]
Event: 35.908 Thread 0x000002169c1e5820 6488       3       org.thymeleaf.engine.AttributeNames$AttributeNamesRepository::binarySearch (287 bytes)
Event: 35.912 Thread 0x000002169c1e5820 nmethod 6488 0x0000021689bf1290 code [0x0000021689bf16e0, 0x0000021689bf3410]
Event: 35.912 Thread 0x000002169c1e5820 6490       3       org.thymeleaf.engine.AttributeNames$AttributeNamesRepository::binarySearch (83 bytes)
Event: 35.913 Thread 0x000002169c1e5820 nmethod 6490 0x0000021689978810 code [0x0000021689978a00, 0x0000021689978f98]
Event: 35.913 Thread 0x000002169c1e5820 6487       3       java.util.concurrent.locks.AbstractQueuedSynchronizer::hasQueuedPredecessors (58 bytes)
Event: 35.914 Thread 0x000002169c1e5820 nmethod 6487 0x0000021689f5ac90 code [0x0000021689f5ae40, 0x0000021689f5b128]
Event: 35.914 Thread 0x000002169c1e5820 6492       3       java.util.concurrent.locks.ReentrantReadWriteLock$ReadLock::lock (9 bytes)
Event: 35.914 Thread 0x000002169c1e5820 nmethod 6492 0x000002168a08cc90 code [0x000002168a08ce40, 0x000002168a08cf88]
Event: 35.914 Thread 0x000002169c1e5820 6493       3       java.util.concurrent.locks.AbstractQueuedSynchronizer::acquireShared (20 bytes)
Event: 35.914 Thread 0x000002169c1e5820 nmethod 6493 0x000002168a04ae10 code [0x000002168a04afc0, 0x000002168a04b238]
Event: 35.914 Thread 0x000002169c1e5820 6489       1       org.thymeleaf.templatemode.TemplateMode::isText (5 bytes)
Event: 35.915 Thread 0x000002169c1e5820 nmethod 6489 0x00000216915d3990 code [0x00000216915d3b20, 0x00000216915d3bf0]
Event: 35.921 Thread 0x000002169c1e5820 6494       3       java.util.concurrent.locks.ReentrantReadWriteLock$WriteLock::lock (9 bytes)
Event: 35.921 Thread 0x000002169c1e5820 nmethod 6494 0x000002168993fe10 code [0x000002168993ffc0, 0x0000021689940108]
Event: 35.921 Thread 0x000002169c1e5820 6495       3       java.util.concurrent.locks.ReentrantReadWriteLock$Sync::tryAcquire (92 bytes)
Event: 35.922 Thread 0x000002169c1e5820 nmethod 6495 0x0000021689969190 code [0x00000216899693a0, 0x0000021689969a20]
Event: 35.922 Thread 0x000002169c1e5820 6496       3       java.util.concurrent.locks.ReentrantReadWriteLock$WriteLock::unlock (10 bytes)
Event: 35.922 Thread 0x000002169c1e5820 nmethod 6496 0x0000021689918690 code [0x0000021689918860, 0x0000021689918b40]

GC Heap History (20 events):
Event: 14.928 GC heap before
{Heap before GC invocations=7 (full 0):
 garbage-first heap   total 55296K, used 42809K [0x00000000c2800000, 0x0000000100000000)
  region size 1024K, 30 young (30720K), 4 survivors (4096K)
 Metaspace       used 32328K, committed 32832K, reserved 1114112K
  class space    used 4018K, committed 4224K, reserved 1048576K
}
Event: 14.942 GC heap after
{Heap after GC invocations=8 (full 0):
 garbage-first heap   total 55296K, used 19415K [0x00000000c2800000, 0x0000000100000000)
  region size 1024K, 3 young (3072K), 3 survivors (3072K)
 Metaspace       used 32328K, committed 32832K, reserved 1114112K
  class space    used 4018K, committed 4224K, reserved 1048576K
}
Event: 16.351 GC heap before
{Heap before GC invocations=8 (full 0):
 garbage-first heap   total 55296K, used 33751K [0x00000000c2800000, 0x0000000100000000)
  region size 1024K, 18 young (18432K), 3 survivors (3072K)
 Metaspace       used 35506K, committed 36096K, reserved 1114112K
  class space    used 4442K, committed 4736K, reserved 1048576K
}
Event: 16.359 GC heap after
{Heap after GC invocations=9 (full 0):
 garbage-first heap   total 55296K, used 20750K [0x00000000c2800000, 0x0000000100000000)
  region size 1024K, 2 young (2048K), 2 survivors (2048K)
 Metaspace       used 35506K, committed 36096K, reserved 1114112K
  class space    used 4442K, committed 4736K, reserved 1048576K
}
Event: 18.448 GC heap before
{Heap before GC invocations=10 (full 0):
 garbage-first heap   total 55296K, used 45326K [0x00000000c2800000, 0x0000000100000000)
  region size 1024K, 27 young (27648K), 2 survivors (2048K)
 Metaspace       used 41922K, committed 42560K, reserved 1114112K
  class space    used 5496K, committed 5760K, reserved 1048576K
}
Event: 18.454 GC heap after
{Heap after GC invocations=11 (full 0):
 garbage-first heap   total 55296K, used 22057K [0x00000000c2800000, 0x0000000100000000)
  region size 1024K, 3 young (3072K), 3 survivors (3072K)
 Metaspace       used 41922K, committed 42560K, reserved 1114112K
  class space    used 5496K, committed 5760K, reserved 1048576K
}
Event: 22.481 GC heap before
{Heap before GC invocations=11 (full 0):
 garbage-first heap   total 55296K, used 46633K [0x00000000c2800000, 0x0000000100000000)
  region size 1024K, 28 young (28672K), 3 survivors (3072K)
 Metaspace       used 49488K, committed 50112K, reserved 1114112K
  class space    used 6562K, committed 6848K, reserved 1048576K
}
Event: 22.493 GC heap after
{Heap after GC invocations=12 (full 0):
 garbage-first heap   total 55296K, used 23089K [0x00000000c2800000, 0x0000000100000000)
  region size 1024K, 3 young (3072K), 3 survivors (3072K)
 Metaspace       used 49488K, committed 50112K, reserved 1114112K
  class space    used 6562K, committed 6848K, reserved 1048576K
}
Event: 24.079 GC heap before
{Heap before GC invocations=12 (full 0):
 garbage-first heap   total 55296K, used 46641K [0x00000000c2800000, 0x0000000100000000)
  region size 1024K, 27 young (27648K), 3 survivors (3072K)
 Metaspace       used 54917K, committed 55552K, reserved 1114112K
  class space    used 7434K, committed 7680K, reserved 1048576K
}
Event: 24.089 GC heap after
{Heap after GC invocations=13 (full 0):
 garbage-first heap   total 55296K, used 24348K [0x00000000c2800000, 0x0000000100000000)
  region size 1024K, 3 young (3072K), 3 survivors (3072K)
 Metaspace       used 54917K, committed 55552K, reserved 1114112K
  class space    used 7434K, committed 7680K, reserved 1048576K
}
Event: 25.478 GC heap before
{Heap before GC invocations=13 (full 0):
 garbage-first heap   total 55296K, used 45852K [0x00000000c2800000, 0x0000000100000000)
  region size 1024K, 25 young (25600K), 3 survivors (3072K)
 Metaspace       used 59365K, committed 60096K, reserved 1114112K
  class space    used 7989K, committed 8320K, reserved 1048576K
}
Event: 25.488 GC heap after
{Heap after GC invocations=14 (full 0):
 garbage-first heap   total 55296K, used 26846K [0x00000000c2800000, 0x0000000100000000)
  region size 1024K, 4 young (4096K), 4 survivors (4096K)
 Metaspace       used 59365K, committed 60096K, reserved 1114112K
  class space    used 7989K, committed 8320K, reserved 1048576K
}
Event: 25.525 GC heap before
{Heap before GC invocations=14 (full 0):
 garbage-first heap   total 55296K, used 26846K [0x00000000c2800000, 0x0000000100000000)
  region size 1024K, 5 young (5120K), 4 survivors (4096K)
 Metaspace       used 59627K, committed 60288K, reserved 1114112K
  class space    used 8036K, committed 8320K, reserved 1048576K
}
Event: 25.533 GC heap after
{Heap after GC invocations=15 (full 0):
 garbage-first heap   total 55296K, used 27238K [0x00000000c2800000, 0x0000000100000000)
  region size 1024K, 1 young (1024K), 1 survivors (1024K)
 Metaspace       used 59627K, committed 60288K, reserved 1114112K
  class space    used 8036K, committed 8320K, reserved 1048576K
}
Event: 26.516 GC heap before
{Heap before GC invocations=16 (full 0):
 garbage-first heap   total 55296K, used 48742K [0x00000000c2800000, 0x0000000100000000)
  region size 1024K, 23 young (23552K), 1 survivors (1024K)
 Metaspace       used 62519K, committed 63168K, reserved 1114112K
  class space    used 8711K, committed 9024K, reserved 1048576K
}
Event: 26.521 GC heap after
{Heap after GC invocations=17 (full 0):
 garbage-first heap   total 55296K, used 28437K [0x00000000c2800000, 0x0000000100000000)
  region size 1024K, 2 young (2048K), 2 survivors (2048K)
 Metaspace       used 62519K, committed 63168K, reserved 1114112K
  class space    used 8711K, committed 9024K, reserved 1048576K
}
Event: 27.787 GC heap before
{Heap before GC invocations=17 (full 0):
 garbage-first heap   total 55296K, used 48917K [0x00000000c2800000, 0x0000000100000000)
  region size 1024K, 22 young (22528K), 2 survivors (2048K)
 Metaspace       used 65458K, committed 66176K, reserved 1114112K
  class space    used 9094K, committed 9408K, reserved 1048576K
}
Event: 27.803 GC heap after
{Heap after GC invocations=18 (full 0):
 garbage-first heap   total 55296K, used 30209K [0x00000000c2800000, 0x0000000100000000)
  region size 1024K, 3 young (3072K), 3 survivors (3072K)
 Metaspace       used 65458K, committed 66176K, reserved 1114112K
  class space    used 9094K, committed 9408K, reserved 1048576K
}
Event: 28.809 GC heap before
{Heap before GC invocations=18 (full 0):
 garbage-first heap   total 55296K, used 46593K [0x00000000c2800000, 0x0000000100000000)
  region size 1024K, 19 young (19456K), 3 survivors (3072K)
 Metaspace       used 67445K, committed 68160K, reserved 1114112K
  class space    used 9388K, committed 9728K, reserved 1048576K
}
Event: 28.819 GC heap after
{Heap after GC invocations=19 (full 0):
 garbage-first heap   total 55296K, used 32350K [0x00000000c2800000, 0x0000000100000000)
  region size 1024K, 3 young (3072K), 3 survivors (3072K)
 Metaspace       used 67445K, committed 68160K, reserved 1114112K
  class space    used 9388K, committed 9728K, reserved 1048576K
}

Dll operation events (14 events):
Event: 0.038 Loaded shared library C:\Program Files\Java\jdk-21\bin\java.dll
Event: 0.128 Loaded shared library C:\Program Files\Java\jdk-21\bin\jsvml.dll
Event: 0.802 Loaded shared library C:\Program Files\Java\jdk-21\bin\zip.dll
Event: 0.818 Loaded shared library C:\Program Files\Java\jdk-21\bin\instrument.dll
Event: 0.836 Loaded shared library C:\Program Files\Java\jdk-21\bin\net.dll
Event: 0.842 Loaded shared library C:\Program Files\Java\jdk-21\bin\nio.dll
Event: 0.851 Loaded shared library C:\Program Files\Java\jdk-21\bin\zip.dll
Event: 1.192 Loaded shared library C:\Program Files\Java\jdk-21\bin\jimage.dll
Event: 1.372 Loaded shared library C:\Users\Ric\AppData\Local\Programs\IntelliJ IDEA Community Edition\bin\breakgen64.dll
Event: 1.425 Loaded shared library C:\Program Files\Java\jdk-21\bin\extnet.dll
Event: 2.616 Loaded shared library C:\Program Files\Java\jdk-21\bin\management.dll
Event: 2.622 Loaded shared library C:\Program Files\Java\jdk-21\bin\management_ext.dll
Event: 5.833 Loaded shared library C:\Program Files\Java\jdk-21\bin\sunmscapi.dll
Event: 16.932 Loaded shared library C:\Program Files\Java\jdk-21\bin\verify.dll

Deoptimization events (20 events):
Event: 28.774 Thread 0x000002169cc56f40 DEOPT PACKING pc=0x000002169140e3f8 sp=0x000000fb02cfdb30
Event: 28.774 Thread 0x000002169cc56f40 DEOPT UNPACKING pc=0x0000021690d446a2 sp=0x000000fb02cfdb18 mode 2
Event: 28.787 Thread 0x000002169cc56f40 Uncommon trap: trap_request=0xffffff45 fr.pc=0x000002169129b9c8 relative=0x00000000000000a8
Event: 28.787 Thread 0x000002169cc56f40 Uncommon trap: reason=unstable_if action=reinterpret pc=0x000002169129b9c8 method=java.lang.String.isLatin1()Z @ 10 c2
Event: 28.787 Thread 0x000002169cc56f40 DEOPT PACKING pc=0x000002169129b9c8 sp=0x000000fb02cfd010
Event: 28.787 Thread 0x000002169cc56f40 DEOPT UNPACKING pc=0x0000021690d446a2 sp=0x000000fb02cfcf40 mode 2
Event: 29.062 Thread 0x000002169cc56f40 Uncommon trap: trap_request=0xffffff45 fr.pc=0x0000021691323938 relative=0x00000000000000f8
Event: 29.062 Thread 0x000002169cc56f40 Uncommon trap: reason=unstable_if action=reinterpret pc=0x0000021691323938 method=java.lang.ref.ReferenceQueue.poll()Ljava/lang/ref/Reference; @ 4 c2
Event: 29.062 Thread 0x000002169cc56f40 DEOPT PACKING pc=0x0000021691323938 sp=0x000000fb02cfeb50
Event: 29.062 Thread 0x000002169cc56f40 DEOPT UNPACKING pc=0x0000021690d446a2 sp=0x000000fb02cfea18 mode 2
Event: 29.297 Thread 0x000002169cc56f40 DEOPT PACKING pc=0x00000216899623ee sp=0x000000fb02cfe920
Event: 29.297 Thread 0x000002169cc56f40 DEOPT UNPACKING pc=0x0000021690d44e42 sp=0x000000fb02cfddf8 mode 0
Event: 35.463 Thread 0x00000216e3fc30d0 Uncommon trap: trap_request=0xffffff45 fr.pc=0x000002169143c3a4 relative=0x0000000000000204
Event: 35.463 Thread 0x00000216e3fc30d0 Uncommon trap: reason=unstable_if action=reinterpret pc=0x000002169143c3a4 method=java.lang.String.indexOf(Ljava/lang/String;)I @ 10 c2
Event: 35.463 Thread 0x00000216e3fc30d0 DEOPT PACKING pc=0x000002169143c3a4 sp=0x000000fb034fdee0
Event: 35.463 Thread 0x00000216e3fc30d0 DEOPT UNPACKING pc=0x0000021690d446a2 sp=0x000000fb034fde18 mode 2
Event: 35.463 Thread 0x00000216e3fc30d0 Uncommon trap: trap_request=0xffffff45 fr.pc=0x00000216913cfd78 relative=0x00000000000001d8
Event: 35.463 Thread 0x00000216e3fc30d0 Uncommon trap: reason=unstable_if action=reinterpret pc=0x00000216913cfd78 method=java.lang.String.indexOf(Ljava/lang/String;)I @ 10 c2
Event: 35.463 Thread 0x00000216e3fc30d0 DEOPT PACKING pc=0x00000216913cfd78 sp=0x000000fb034fde80
Event: 35.463 Thread 0x00000216e3fc30d0 DEOPT UNPACKING pc=0x0000021690d446a2 sp=0x000000fb034fde20 mode 2

Classes loaded (20 events):
Event: 35.264 Loading class java/util/concurrent/Semaphore$NonfairSync
Event: 35.264 Loading class java/util/concurrent/Semaphore$Sync
Event: 35.264 Loading class java/util/concurrent/Semaphore$Sync done
Event: 35.265 Loading class java/util/concurrent/Semaphore$NonfairSync done
Event: 35.265 Loading class sun/nio/ch/SocketAdaptor
Event: 35.267 Loading class sun/nio/ch/SocketAdaptor done
Event: 35.267 Loading class sun/nio/ch/SocketChannelImpl$DefaultOptionsHolder
Event: 35.267 Loading class sun/nio/ch/SocketChannelImpl$DefaultOptionsHolder done
Event: 35.271 Loading class sun/nio/ch/SelectionKeyImpl
Event: 35.271 Loading class java/nio/channels/spi/AbstractSelectionKey
Event: 35.272 Loading class java/nio/channels/SelectionKey
Event: 35.272 Loading class java/nio/channels/SelectionKey done
Event: 35.272 Loading class java/nio/channels/spi/AbstractSelectionKey done
Event: 35.272 Loading class sun/nio/ch/SelectionKeyImpl done
Event: 35.272 Loading class java/lang/invoke/ConstantBootstraps
Event: 35.273 Loading class java/lang/invoke/ConstantBootstraps done
Event: 35.460 Loading class java/util/ArrayList$SubList$2
Event: 35.460 Loading class java/util/ArrayList$SubList$2 done
Event: 35.840 Loading class java/util/concurrent/locks/ReentrantReadWriteLock$FairSync
Event: 35.842 Loading class java/util/concurrent/locks/ReentrantReadWriteLock$FairSync done

Classes unloaded (0 events):
No events

Classes redefined (0 events):
No events

Internal exceptions (20 events):
Event: 23.713 Thread 0x000002169cc56f40 Exception <a 'java/lang/NoSuchMethodError'{0x00000000c4a116b8}: 'java.lang.Object java.lang.invoke.DirectMethodHandle$Holder.newInvokeSpecial(java.lang.Object, java.lang.Object, java.lang.Object, java.lang.Object, java.lang.Object, java.lang.Object)'> (0x00000000c4a116b8) 
thrown [s\open\src\hotspot\share\interpreter\linkResolver.cpp, line 773]
Event: 23.748 Thread 0x000002169cc56f40 Exception <a 'java/lang/NoSuchMethodError'{0x00000000c4aa1f88}: 'java.lang.Object java.lang.invoke.DirectMethodHandle$Holder.newInvokeSpecial(java.lang.Object, java.lang.Object, java.lang.Object, java.lang.Object, java.lang.Object, java.lang.Object, java.lang.Object, int)'> (0x00000000c4aa1f88) 
thrown [s\open\src\hotspot\share\interpreter\linkResolver.cpp, line 773]
Event: 23.748 Thread 0x000002169cc56f40 Exception <a 'java/lang/NoSuchMethodError'{0x00000000c4aa64e8}: 'java.lang.Object java.lang.invoke.DirectMethodHandle$Holder.invokeSpecial(java.lang.Object, java.lang.Object, java.lang.Object, java.lang.Object, java.lang.Object, java.lang.Object, java.lang.Object, java.lang.Object, int)'> (0x00000000c4aa64e8) 
thrown [s\open\src\hotspot\share\interpreter\linkResolver.cpp, line 773]
Event: 23.749 Thread 0x000002169cc56f40 Exception <a 'java/lang/NoSuchMethodError'{0x00000000c4aaa500}: 'java.lang.Object java.lang.invoke.Invokers$Holder.linkToTargetMethod(java.lang.Object, java.lang.Object, java.lang.Object, java.lang.Object, java.lang.Object, java.lang.Object, int, java.lang.Object)'> (0x00000000c4aaa500) 
thrown [s\open\src\hotspot\share\interpreter\linkResolver.cpp, line 773]
Event: 23.795 Thread 0x000002169cc56f40 Exception <a 'java/lang/NoSuchMethodError'{0x00000000c496a9b0}: 'void java.lang.invoke.DirectMethodHandle$Holder.invokeInterface(java.lang.Object, java.lang.Object)'> (0x00000000c496a9b0) 
thrown [s\open\src\hotspot\share\interpreter\linkResolver.cpp, line 773]
Event: 24.112 Thread 0x000002169cc56f40 Exception <a 'java/lang/NoSuchMethodError'{0x00000000c655d728}: 'void java.lang.invoke.Invokers$Holder.invokeExact_MT(java.lang.Object, java.lang.Object, java.lang.Object, java.lang.Object)'> (0x00000000c655d728) 
thrown [s\open\src\hotspot\share\interpreter\linkResolver.cpp, line 773]
Event: 24.379 Thread 0x000002169cc56f40 Exception <a 'java/lang/IncompatibleClassChangeError'{0x00000000c5956fd0}: Found class java.lang.Object, but interface was expected> (0x00000000c5956fd0) 
thrown [s\open\src\hotspot\share\interpreter\linkResolver.cpp, line 840]
Event: 24.405 Thread 0x000002169cc56f40 Exception <a 'java/lang/IncompatibleClassChangeError'{0x00000000c59e7db0}: Found class java.lang.Object, but interface was expected> (0x00000000c59e7db0) 
thrown [s\open\src\hotspot\share\interpreter\linkResolver.cpp, line 840]
Event: 24.480 Thread 0x000002169cc56f40 Exception <a 'java/lang/IncompatibleClassChangeError'{0x00000000c575b928}: Found class java.lang.Object, but interface was expected> (0x00000000c575b928) 
thrown [s\open\src\hotspot\share\interpreter\linkResolver.cpp, line 840]
Event: 24.862 Thread 0x000002169cc56f40 Exception <a 'java/lang/IncompatibleClassChangeError'{0x00000000c51cee90}: Found class java.lang.Object, but interface was expected> (0x00000000c51cee90) 
thrown [s\open\src\hotspot\share\interpreter\linkResolver.cpp, line 840]
Event: 25.003 Thread 0x000002169cc56f40 Exception <a 'java/lang/IncompatibleClassChangeError'{0x00000000c4e872f8}: Found class java.lang.Object, but interface was expected> (0x00000000c4e872f8) 
thrown [s\open\src\hotspot\share\interpreter\linkResolver.cpp, line 840]
Event: 26.791 Thread 0x000002169cc56f40 Exception <a 'java/lang/NoSuchMethodError'{0x00000000c59bda10}: 'java.lang.Object java.lang.invoke.DirectMethodHandle$Holder.newInvokeSpecial(java.lang.Object, java.lang.Object, java.lang.Object, java.lang.Object, java.lang.Object, java.lang.Object, java.lang.Object, java.lang.Object)'> (0x00000000c59bda10) 
thrown [s\open\src\hotspot\share\interpreter\linkResolver.cpp, line 773]
Event: 27.786 Thread 0x000002169cc56f40 Exception <a 'java/lang/IncompatibleClassChangeError'{0x00000000c4afbed8}: Found class java.lang.Object, but interface was expected> (0x00000000c4afbed8) 
thrown [s\open\src\hotspot\share\interpreter\linkResolver.cpp, line 840]
Event: 28.098 Thread 0x000002169cc56f40 Exception <a 'java/lang/NoSuchMethodError'{0x00000000c5828288}: 'void java.lang.invoke.DirectMethodHandle$Holder.invokeVirtual(java.lang.Object, java.lang.Object, long)'> (0x00000000c5828288) 
thrown [s\open\src\hotspot\share\interpreter\linkResolver.cpp, line 773]
Event: 28.511 Thread 0x000002169cc56f40 Exception <a 'java/lang/IncompatibleClassChangeError'{0x00000000c538c140}: Found class java.lang.Object, but interface was expected> (0x00000000c538c140) 
thrown [s\open\src\hotspot\share\interpreter\linkResolver.cpp, line 840]
Event: 28.530 Thread 0x000002169cc56f40 Implicit null exception at 0x00000216913c3368 to 0x00000216913c35c0
Event: 29.065 Thread 0x000002169cc56f40 Exception <a 'java/lang/NoSuchMethodError'{0x00000000c5e43520}: 'java.lang.Object java.lang.invoke.DirectMethodHandle$Holder.newInvokeSpecial(java.lang.Object, java.lang.Object, int, java.lang.Object, java.lang.Object)'> (0x00000000c5e43520) 
thrown [s\open\src\hotspot\share\interpreter\linkResolver.cpp, line 773]
Event: 35.351 Thread 0x00000216e3fc5830 Exception <a 'java/lang/NoSuchMethodError'{0x00000000c5a6ff48}: 'java.lang.Object java.lang.invoke.DirectMethodHandle$Holder.invokeSpecial(java.lang.Object, java.lang.Object, java.lang.Object, java.lang.Object, java.lang.Object, long)'> (0x00000000c5a6ff48) 
thrown [s\open\src\hotspot\share\interpreter\linkResolver.cpp, line 773]
Event: 35.352 Thread 0x00000216e3fc5830 Exception <a 'java/lang/NoSuchMethodError'{0x00000000c5a73708}: 'java.lang.Object java.lang.invoke.Invokers$Holder.linkToTargetMethod(java.lang.Object, java.lang.Object, java.lang.Object, long, java.lang.Object)'> (0x00000000c5a73708) 
thrown [s\open\src\hotspot\share\interpreter\linkResolver.cpp, line 773]
Event: 35.459 Thread 0x00000216e3fc30d0 Exception <a 'java/lang/NoSuchMethodError'{0x00000000c59fb430}: 'java.lang.Object java.lang.invoke.DirectMethodHandle$Holder.invokeStatic(java.lang.Object, int, int)'> (0x00000000c59fb430) 
thrown [s\open\src\hotspot\share\interpreter\linkResolver.cpp, line 773]

ZGC Phase Switch (0 events):
No events

VM Operations (20 events):
Event: 28.954 Executing VM operation: G1PauseCleanup
Event: 28.954 Executing VM operation: G1PauseCleanup done
Event: 29.061 Executing VM operation: HandshakeAllThreads (Deoptimize)
Event: 29.061 Executing VM operation: HandshakeAllThreads (Deoptimize) done
Event: 30.048 Executing VM operation: Cleanup
Event: 30.048 Executing VM operation: Cleanup done
Event: 31.053 Executing VM operation: Cleanup
Event: 31.053 Executing VM operation: Cleanup done
Event: 34.064 Executing VM operation: Cleanup
Event: 34.064 Executing VM operation: Cleanup done
Event: 35.386 Executing VM operation: HandshakeAllThreads (Deoptimize)
Event: 35.386 Executing VM operation: HandshakeAllThreads (Deoptimize) done
Event: 35.386 Executing VM operation: Cleanup
Event: 35.386 Executing VM operation: Cleanup done
Event: 35.718 Executing VM operation: HandshakeAllThreads (Deoptimize)
Event: 35.718 Executing VM operation: HandshakeAllThreads (Deoptimize) done
Event: 35.723 Executing VM operation: HandshakeAllThreads (Deoptimize)
Event: 35.723 Executing VM operation: HandshakeAllThreads (Deoptimize) done
Event: 35.745 Executing VM operation: HandshakeAllThreads (Deoptimize)
Event: 35.745 Executing VM operation: HandshakeAllThreads (Deoptimize) done

Events (20 events):
Event: 29.025 Thread 0x000002169cd847c0 Thread added: 0x000002169cd847c0
Event: 29.036 Thread 0x00000216e3fc30d0 Thread added: 0x00000216e3fc30d0
Event: 29.036 Thread 0x00000216e3fc30d0 Thread exited: 0x00000216e3fc30d0
Event: 29.037 Thread 0x00000216e3fbf5c0 Thread added: 0x00000216e3fbf5c0
Event: 29.159 Thread 0x00000216e3fc30d0 Thread added: 0x00000216e3fc30d0
Event: 29.159 Thread 0x00000216e3fc5830 Thread added: 0x00000216e3fc5830
Event: 29.159 Thread 0x00000216e3fbe8a0 Thread added: 0x00000216e3fbe8a0
Event: 29.159 Thread 0x00000216e3fc4480 Thread added: 0x00000216e3fc4480
Event: 29.159 Thread 0x00000216e3fc5ec0 Thread added: 0x00000216e3fc5ec0
Event: 29.160 Thread 0x00000216e3fc4b10 Thread added: 0x00000216e3fc4b10
Event: 29.160 Thread 0x00000216e3fbfc50 Thread added: 0x00000216e3fbfc50
Event: 29.160 Thread 0x00000216e3fc3760 Thread added: 0x00000216e3fc3760
Event: 29.160 Thread 0x00000216e3fc51a0 Thread added: 0x00000216e3fc51a0
Event: 29.160 Thread 0x00000216e3fc02e0 Thread added: 0x00000216e3fc02e0
Event: 29.216 Thread 0x00000216e3fc3df0 Thread added: 0x00000216e3fc3df0
Event: 29.220 Thread 0x00000216e3fc0970 Thread added: 0x00000216e3fc0970
Event: 29.414 Thread 0x000002169cc56f40 Thread exited: 0x000002169cc56f40
Event: 29.421 Thread 0x000002169cec6fc0 Thread exited: 0x000002169cec6fc0
Event: 29.421 Thread 0x00000216ff9249e0 Thread exited: 0x00000216ff9249e0
Event: 29.421 Thread 0x00000216e3fbef30 Thread added: 0x00000216e3fbef30


Dynamic libraries:
0x00007ff6f3340000 - 0x00007ff6f3350000 	C:\Program Files\Java\jdk-21\bin\java.exe
0x00007ffd18550000 - 0x00007ffd18748000 	C:\Windows\SYSTEM32\ntdll.dll
0x00007ffd18440000 - 0x00007ffd18501000 	C:\Windows\System32\KERNEL32.DLL
0x00007ffd15d60000 - 0x00007ffd1605d000 	C:\Windows\System32\KERNELBASE.dll
0x00007ffd16220000 - 0x00007ffd16320000 	C:\Windows\System32\ucrtbase.dll
0x00007ffd11f30000 - 0x00007ffd11f4b000 	C:\Program Files\Java\jdk-21\bin\VCRUNTIME140.dll
0x00007ffd11cd0000 - 0x00007ffd11ce9000 	C:\Program Files\Java\jdk-21\bin\jli.dll
0x00007ffd18390000 - 0x00007ffd18440000 	C:\Windows\System32\ADVAPI32.dll
0x00007ffd16c80000 - 0x00007ffd16d1e000 	C:\Windows\System32\msvcrt.dll
0x00007ffd17160000 - 0x00007ffd17200000 	C:\Windows\System32\sechost.dll
0x00007ffd18260000 - 0x00007ffd18383000 	C:\Windows\System32\RPCRT4.dll
0x00007ffd16320000 - 0x00007ffd16347000 	C:\Windows\System32\bcrypt.dll
0x00007ffd16aa0000 - 0x00007ffd16c3d000 	C:\Windows\System32\USER32.dll
0x00007ffd02bd0000 - 0x00007ffd02e6a000 	C:\Windows\WinSxS\amd64_microsoft.windows.common-controls_6595b64144ccf1df_6.0.19041.4355_none_60b8b9eb71f62e16\COMCTL32.dll
0x00007ffd160d0000 - 0x00007ffd160f2000 	C:\Windows\System32\win32u.dll
0x00007ffd16770000 - 0x00007ffd1679b000 	C:\Windows\System32\GDI32.dll
0x00007ffd16100000 - 0x00007ffd16217000 	C:\Windows\System32\gdi32full.dll
0x00007ffd16450000 - 0x00007ffd164ed000 	C:\Windows\System32\msvcp_win.dll
0x00007ffd07ea0000 - 0x00007ffd07eaa000 	C:\Windows\SYSTEM32\VERSION.dll
0x00007ffd16c40000 - 0x00007ffd16c6f000 	C:\Windows\System32\IMM32.DLL
0x00007ffd11f20000 - 0x00007ffd11f2c000 	C:\Program Files\Java\jdk-21\bin\vcruntime140_1.dll
0x00007ffd0ee20000 - 0x00007ffd0eeae000 	C:\Program Files\Java\jdk-21\bin\msvcp140.dll
0x00007ffce5690000 - 0x00007ffce63a3000 	C:\Program Files\Java\jdk-21\bin\server\jvm.dll
0x00007ffd172c0000 - 0x00007ffd1732b000 	C:\Windows\System32\WS2_32.dll
0x00007ffd159a0000 - 0x00007ffd159eb000 	C:\Windows\SYSTEM32\POWRPROF.dll
0x00007ffd02830000 - 0x00007ffd02857000 	C:\Windows\SYSTEM32\WINMM.dll
0x00007ffd15980000 - 0x00007ffd15992000 	C:\Windows\SYSTEM32\UMPDC.dll
0x00007ffd13a40000 - 0x00007ffd13a52000 	C:\Windows\SYSTEM32\kernel.appcore.dll
0x00007ffd11e70000 - 0x00007ffd11e7a000 	C:\Program Files\Java\jdk-21\bin\jimage.dll
0x00007ffcfdcb0000 - 0x00007ffcfde94000 	C:\Windows\SYSTEM32\DBGHELP.DLL
0x00007ffcfdb70000 - 0x00007ffcfdba4000 	C:\Windows\SYSTEM32\dbgcore.DLL
0x00007ffd164f0000 - 0x00007ffd16572000 	C:\Windows\System32\bcryptPrimitives.dll
0x00007ffd0f4a0000 - 0x00007ffd0f4af000 	C:\Program Files\Java\jdk-21\bin\instrument.dll
0x00007ffd0efc0000 - 0x00007ffd0efdf000 	C:\Program Files\Java\jdk-21\bin\java.dll
0x00007ffd17330000 - 0x00007ffd17a9f000 	C:\Windows\System32\SHELL32.dll
0x00007ffd13c40000 - 0x00007ffd143df000 	C:\Windows\SYSTEM32\windows.storage.dll
0x00007ffd16d20000 - 0x00007ffd17073000 	C:\Windows\System32\combase.dll
0x00007ffd154d0000 - 0x00007ffd154fe000 	C:\Windows\SYSTEM32\Wldp.dll
0x00007ffd169c0000 - 0x00007ffd16a8d000 	C:\Windows\System32\OLEAUT32.dll
0x00007ffd17200000 - 0x00007ffd172ad000 	C:\Windows\System32\SHCORE.dll
0x00007ffd16580000 - 0x00007ffd165d5000 	C:\Windows\System32\shlwapi.dll
0x00007ffd15b30000 - 0x00007ffd15b54000 	C:\Windows\SYSTEM32\profapi.dll
0x00007ffd0d690000 - 0x00007ffd0d767000 	C:\Program Files\Java\jdk-21\bin\jsvml.dll
0x00007ffd0efa0000 - 0x00007ffd0efb8000 	C:\Program Files\Java\jdk-21\bin\zip.dll
0x00007ffd0f040000 - 0x00007ffd0f050000 	C:\Program Files\Java\jdk-21\bin\net.dll
0x00007ffd11980000 - 0x00007ffd11a8d000 	C:\Windows\SYSTEM32\WINHTTP.dll
0x00007ffd152b0000 - 0x00007ffd1531a000 	C:\Windows\system32\mswsock.dll
0x00007ffd0ea40000 - 0x00007ffd0ea56000 	C:\Program Files\Java\jdk-21\bin\nio.dll
0x00007ffd0e3b0000 - 0x00007ffd0e3ca000 	C:\Users\Ric\AppData\Local\Programs\IntelliJ IDEA Community Edition\bin\breakgen64.dll
0x00007ffd0e3a0000 - 0x00007ffd0e3a9000 	C:\Program Files\Java\jdk-21\bin\extnet.dll
0x00007ffd0d680000 - 0x00007ffd0d68a000 	C:\Program Files\Java\jdk-21\bin\management.dll
0x00007ffd0d670000 - 0x00007ffd0d67b000 	C:\Program Files\Java\jdk-21\bin\management_ext.dll
0x00007ffd172b0000 - 0x00007ffd172b8000 	C:\Windows\System32\PSAPI.DLL
0x00007ffd0d660000 - 0x00007ffd0d66e000 	C:\Program Files\Java\jdk-21\bin\sunmscapi.dll
0x00007ffd15c00000 - 0x00007ffd15d5e000 	C:\Windows\System32\CRYPT32.dll
0x00007ffd15540000 - 0x00007ffd15569000 	C:\Windows\SYSTEM32\ncrypt.dll
0x00007ffd15500000 - 0x00007ffd1553b000 	C:\Windows\SYSTEM32\NTASN1.dll
0x00007ffd15860000 - 0x00007ffd15878000 	C:\Windows\SYSTEM32\CRYPTSP.dll
0x00007ffd14bf0000 - 0x00007ffd14c24000 	C:\Windows\system32\rsaenh.dll
0x00007ffd15aa0000 - 0x00007ffd15ace000 	C:\Windows\SYSTEM32\USERENV.dll
0x00007ffd15440000 - 0x00007ffd1544c000 	C:\Windows\SYSTEM32\CRYPTBASE.dll
0x00007ffd14fb0000 - 0x00007ffd14feb000 	C:\Windows\SYSTEM32\IPHLPAPI.DLL
0x00007ffd16c70000 - 0x00007ffd16c78000 	C:\Windows\System32\NSI.dll
0x00007ffd14ff0000 - 0x00007ffd150ba000 	C:\Windows\SYSTEM32\DNSAPI.dll
0x00007ffd0c3f0000 - 0x00007ffd0c3fa000 	C:\Windows\System32\rasadhlp.dll
0x00007ffd0c540000 - 0x00007ffd0c5c0000 	C:\Windows\System32\fwpuclnt.dll
0x00007ffd0d390000 - 0x00007ffd0d3a0000 	C:\Program Files\Java\jdk-21\bin\verify.dll
0x00007ffcfb130000 - 0x00007ffcfb137000 	C:\Windows\system32\wshunix.dll

dbghelp: loaded successfully - version: 4.0.5 - missing functions: none
symbol engine: initialized successfully - sym options: 0x614 - pdb path: .;C:\Program Files\Java\jdk-21\bin;C:\Windows\SYSTEM32;C:\Windows\WinSxS\amd64_microsoft.windows.common-controls_6595b64144ccf1df_6.0.19041.4355_none_60b8b9eb71f62e16;C:\Program Files\Java\jdk-21\bin\server;C:\Users\Ric\AppData\Local\Programs\IntelliJ IDEA Community Edition\bin

VM Arguments:
jvm_args: -javaagent:C:\Users\Ric\AppData\Local\Programs\IntelliJ IDEA Community Edition\lib\idea_rt.jar=12229:C:\Users\Ric\AppData\Local\Programs\IntelliJ IDEA Community Edition\bin -Dfile.encoding=UTF-8 -Dsun.stdout.encoding=UTF-8 -Dsun.stderr.encoding=UTF-8 
java_command: com.hasinarezida.biblio.BiblioApplication
java_class_path (initial): C:\Users\Ric\Documents\projects\work\library\target\classes;C:\Users\Ric\.m2\repository\org\springframework\boot\spring-boot-starter-web\3.3.2\spring-boot-starter-web-3.3.2.jar;C:\Users\Ric\.m2\repository\org\springframework\boot\spring-boot-starter\3.3.2\spring-boot-starter-3.3.2.jar;C:\Users\Ric\.m2\repository\org\springframework\boot\spring-boot-starter-logging\3.3.2\spring-boot-starter-logging-3.3.2.jar;C:\Users\Ric\.m2\repository\ch\qos\logback\logback-classic\1.5.6\logback-classic-1.5.6.jar;C:\Users\Ric\.m2\repository\ch\qos\logback\logback-core\1.5.6\logback-core-1.5.6.jar;C:\Users\Ric\.m2\repository\org\apache\logging\log4j\log4j-to-slf4j\2.23.1\log4j-to-slf4j-2.23.1.jar;C:\Users\Ric\.m2\repository\org\apache\logging\log4j\log4j-api\2.23.1\log4j-api-2.23.1.jar;C:\Users\Ric\.m2\repository\org\slf4j\jul-to-slf4j\2.0.13\jul-to-slf4j-2.0.13.jar;C:\Users\Ric\.m2\repository\jakarta\annotation\jakarta.annotation-api\2.1.1\jakarta.annotation-api-2.1.1.jar;C:\Users\Ric\.m2\repository\org\yaml\snakeyaml\2.2\snakeyaml-2.2.jar;C:\Users\Ric\.m2\repository\org\springframework\boot\spring-boot-starter-json\3.3.2\spring-boot-starter-json-3.3.2.jar;C:\Users\Ric\.m2\repository\com\fasterxml\jackson\core\jackson-databind\2.17.2\jackson-databind-2.17.2.jar;C:\Users\Ric\.m2\repository\com\fasterxml\jackson\core\jackson-annotations\2.17.2\jackson-annotations-2.17.2.jar;C:\Users\Ric\.m2\repository\com\fasterxml\jackson\core\jackson-core\2.17.2\jackson-core-2.17.2.jar;C:\Users\Ric\.m2\repository\com\fasterxml\jackson\datatype\jackson-datatype-jdk8\2.17.2\jackson-datatype-jdk8-2.17.2.jar;C:\Users\Ric\.m2\repository\com\fasterxml\jackson\datatype\jackson-datatype-jsr310\2.17.2\jackson-datatype-jsr310-2.17.2.jar;C:\Users\Ric\.m2\repository\com\fasterxml\jackson\module\jackson-module-parameter-names\2.17.2\jackson-module-parameter-names-2.17.2.jar;C:\Users\Ric\.m2\repository\org\springframework\boot\spring-boot-starter-tomcat\3.3.2\spring-boot-starter-tomcat-3.3.2.jar;C:\Users\Ric\.m2\repository\org\apache\tomcat\embed\tomcat-embed-core\10.1.26\tomcat-embed-core-10.1.26.jar;C:\Users\Ric\.m2\repository\org\apache\tomcat\embed\tomcat-embed-el\10.1.26\tomcat-embed-el-10.1.26.jar;C:\Users\Ric\.m2\repository\org\apache\tomcat\embed\tomcat-embed-websocket\10.1.26\tomcat-embed-websocket-10.1.26.jar;C:\Users\Ric\.m2\repository\org\springframework\spring-web\6.1.11\spring-web-6.1.11.jar;C:\Users\Ric\.m2\repository\org\springframework\spring-beans\6.1.11\spring-beans-6.1.11.jar;C:\Users\Ric\.m2\repository\io\micrometer\micrometer-observation\1.13.2\micrometer-observation-1.13.2.jar;C:\Users\Ric\.m2\repository\io\micrometer\micrometer-commons\1.13.2\micrometer-commons-1.13.2.jar;C:\Users\Ric\.m2\repository\org\springframework\spring-webmvc\6.1.11\spring-webmvc-6.1.11.jar;C:\Users\Ric\.m2\repository\org\springframework\spring-context\6.1.11\spring-context-6.1.11.jar;C:\Users\Ric\.m2\repository\org\springframework\spring-expression\6.1.11\spring-expression-6.1.11.jar;C:\Users\Ric\.m2\repository\org\springframework\boot\spring-boot-starter-thymeleaf\3.3.2\spring-boot-starter-thymeleaf-3.3.2.jar;C:\Users\Ric\.m2\repository\org\thymeleaf\thymeleaf-spring6\3.1.2.RELEASE\thymeleaf-spring6-3.1.2.RELEASE.jar;C:\Users\Ric\.m2\repository\org\thymeleaf\thymeleaf\3.1.2.RELEASE\thymeleaf-3.1.2.RELEASE.jar;C:\Users\Ric\.m2\repository\org\attoparser\attoparser\2.0.7.RELEASE\attoparser-2.0.7.RELEASE.jar;C:\Users\Ric\.m2\repository\org\unbescape\unbescape\1.1.6.RELEASE\unbescape-1.1.6.RELEASE.jar;C:\Users\Ric\.m2\repository\org\slf4j\slf4j-api\2.0.13\slf4j-api-2.0.13.jar;C:\Users\Ric\.m2\repository\org\springframework\boot\spring-boot-starter-security\3.3.2\spring-boot-starter-security-3.3.2.jar;C:\Users\Ric\.m2\repository\org\springframework\spring-aop\6.1.11\spring-aop-6.1.11.jar;C:\Users\Ric\.m2\repository\org\springframework\security\spring-security-config\6.3.1\spring-security-config-6.3.1.jar;C:\Users\Ric\.m2\repository\org\springframework\security\spring-security-web\6.3.1\spring-security-web-6.3.1.jar;C:\Users\Ric\.m2\repository\org\springframework\boot\spring-boot-starter-data-jpa\3.3.2\spring-boot-starter-data-jpa-3.3.2.jar;C:\Users\Ric\.m2\repository\org\springframework\boot\spring-boot-starter-aop\3.3.2\spring-boot-starter-aop-3.3.2.jar;C:\Users\Ric\.m2\repository\org\aspectj\aspectjweaver\1.9.22.1\aspectjweaver-1.9.22.1.jar;C:\Users\Ric\.m2\repository\org\springframework\boot\spring-boot-starter-jdbc\3.3.2\spring-boot-starter-jdbc-3.3.2.jar;C:\Users\Ric\.m2\repository\com\zaxxer\HikariCP\5.1.0\HikariCP-5.1.0.jar;C:\Users\Ric\.m2\repository\org\springframework\spring-jdbc\6.1.11\spring-jdbc-6.1.11.jar;C:\Users\Ric\.m2\repository\org\hibernate\orm\hibernate-core\6.5.2.Final\hibernate-core-6.5.2.Final.jar;C:\Users\Ric\.m2\repository\jakarta\persistence\jakarta.persistence-api\3.1.0\jakarta.persistence-api-3.1.0.jar;C:\Users\Ric\.m2\repository\jakarta\transaction\jakarta.transaction-api\2.0.1\jakarta.transaction-api-2.0.1.jar;C:\Users\Ric\.m2\repository\org\jboss\logging\jboss-logging\3.5.3.Final\jboss-logging-3.5.3.Final.jar;C:\Users\Ric\.m2\repository\org\hibernate\common\hibernate-commons-annotations\6.0.6.Final\hibernate-commons-annotations-6.0.6.Final.jar;C:\Users\Ric\.m2\repository\io\smallrye\jandex\3.1.2\jandex-3.1.2.jar;C:\Users\Ric\.m2\repository\com\fasterxml\classmate\1.7.0\classmate-1.7.0.jar;C:\Users\Ric\.m2\repository\net\bytebuddy\byte-buddy\1.14.18\byte-buddy-1.14.18.jar;C:\Users\Ric\.m2\repository\org\glassfish\jaxb\jaxb-runtime\4.0.5\jaxb-runtime-4.0.5.jar;C:\Users\Ric\.m2\repository\org\glassfish\jaxb\jaxb-core\4.0.5\jaxb-core-4.0.5.jar;C:\Users\Ric\.m2\repository\org\eclipse\angus\angus-activation\2.0.2\angus-activation-2.0.2.jar;C:\Users\Ric\.m2\repository\org\glassfish\jaxb\txw2\4.0.5\txw2-4.0.5.jar;C:\Users\Ric\.m2\repository\com\sun\istack\istack-commons-runtime\4.1.2\istack-commons-runtime-4.1.2.jar;C:\Users\Ric\.m2\repository\jakarta\inject\jakarta.inject-api\2.0.1\jakarta.inject-api-2.0.1.jar;C:\Users\Ric\.m2\repository\org\antlr\antlr4-runtime\4.13.0\antlr4-runtime-4.13.0.jar;C:\Users\Ric\.m2\repository\org\springframework\data\spring-data-jpa\3.3.2\spring-data-jpa-3.3.2.jar;C:\Users\Ric\.m2\repository\org\springframework\data\spring-data-commons\3.3.2\spring-data-commons-3.3.2.jar;C:\Users\Ric\.m2\repository\org\springframework\spring-orm\6.1.11\spring-orm-6.1.11.jar;C:\Users\Ric\.m2\repository\org\springframework\spring-tx\6.1.11\spring-tx-6.1.11.jar;C:\Users\Ric\.m2\repository\org\springframework\spring-aspects\6.1.11\spring-aspects-6.1.11.jar;C:\Users\Ric\.m2\repository\org\postgresql\postgresql\42.7.3\postgresql-42.7.3.jar;C:\Users\Ric\.m2\repository\org\checkerframework\checker-qual\3.42.0\checker-qual-3.42.0.jar;C:\Users\Ric\.m2\repository\com\h2database\h2\2.2.224\h2-2.2.224.jar;C:\Users\Ric\.m2\repository\org\springframework\boot\spring-boot-devtools\3.3.2\spring-boot-devtools-3.3.2.jar;C:\Users\Ric\.m2\repository\org\springframework\boot\spring-boot\3.3.2\spring-boot-3.3.2.jar;C:\Users\Ric\.m2\repository\org\springframework\boot\spring-boot-autoconfigure\3.3.2\spring-boot-autoconfigure-3.3.2.jar;C:\Users\Ric\.m2\repository\jakarta\xml\bind\jakarta.xml.bind-api\4.0.2\jakarta.xml.bind-api-4.0.2.jar;C:\Users\Ric\.m2\repository\jakarta\activation\jakarta.activation-api\2.1.3\jakarta.activation-api-2.1.3.jar;C:\Users\Ric\.m2\repository\org\springframework\spring-core\6.1.11\spring-core-6.1.11.jar;C:\Users\Ric\.m2\repository\org\springframework\spring-jcl\6.1.11\spring-jcl-6.1.11.jar;C:\Users\Ric\.m2\repository\org\springframework\security\spring-security-core\6.3.1\spring-security-core-6.3.1.jar;C:\Users\Ric\.m2\repository\org\springframework\security\spring-security-crypto\6.3.1\spring-security-crypto-6.3.1.jar
Launcher Type: SUN_STANDARD

[Global flags]
     intx CICompilerCount                          = 3                                         {product} {ergonomic}
     uint ConcGCThreads                            = 1                                         {product} {ergonomic}
     uint G1ConcRefinementThreads                  = 4                                         {product} {ergonomic}
   size_t G1HeapRegionSize                         = 1048576                                   {product} {ergonomic}
    uintx GCDrainStackTargetSize                   = 64                                        {product} {ergonomic}
   size_t InitialHeapSize                          = 65011712                                  {product} {ergonomic}
   size_t MarkStackSize                            = 4194304                                   {product} {ergonomic}
   size_t MaxHeapSize                              = 1031798784                                {product} {ergonomic}
   size_t MaxNewSize                               = 618659840                                 {product} {ergonomic}
   size_t MinHeapDeltaBytes                        = 1048576                                   {product} {ergonomic}
   size_t MinHeapSize                              = 8388608                                   {product} {ergonomic}
    uintx NonNMethodCodeHeapSize                   = 5832780                                {pd product} {ergonomic}
    uintx NonProfiledCodeHeapSize                  = 122912730                              {pd product} {ergonomic}
    uintx ProfiledCodeHeapSize                     = 122912730                              {pd product} {ergonomic}
    uintx ReservedCodeCacheSize                    = 251658240                              {pd product} {ergonomic}
     bool SegmentedCodeCache                       = true                                      {product} {ergonomic}
   size_t SoftMaxHeapSize                          = 1031798784                             {manageable} {ergonomic}
     bool UseCompressedOops                        = true                           {product lp64_product} {ergonomic}
     bool UseG1GC                                  = true                                      {product} {ergonomic}
     bool UseLargePagesIndividualAllocation        = false                                  {pd product} {ergonomic}

Logging:
Log output configuration:
 #0: stdout all=warning uptime,level,tags foldmultilines=false
 #1: stderr all=off uptime,level,tags foldmultilines=false

Environment Variables:
PATH=C:\Program Files\Common Files\Oracle\Java\javapath;C:\Windows\system32;C:\Windows;C:\Windows\System32\Wbem;C:\Windows\System32\WindowsPowerShell\v1.0\;C:\Windows\System32\OpenSSH\;C:\Program Files\Microsoft SQL Server\150\Tools\Binn\;C:\Program Files\Git\bin;C:\Users\Ric\AppData\Roaming\nvm;C:\Program Files\nodejs;C:\Program Files\Docker\Docker\resources\bin;C:\Users\Ric\AppData\Local\Programs\Python\Python311\Scripts\;C:\Users\Ric\AppData\Local\Programs\Python\Python311\;C:\Users\Ric\AppData\Local\Microsoft\WindowsApps;C:\Users\Ric\.dotnet\tools;C:\Users\Ric\AppData\Local\Programs\Microsoft VS Code\bin;C:\dev\flutter\bin;C:\Users\Ric\AppData\Roaming\npm;C:\Users\Ric\AppData\Roaming\nvm;C:\Program Files\nodejs;C:\Users\Ric\AppData\Local\JetBrains\Toolbox\scripts;C:\Users\Ric\modelio\Modelio Open Source 5.4\plugins\org.apache.ant_1.10.9.v20201106-1946\META-INF;C:\Users\Ric\Documents\projects\work\biblio;C:\Program Files\PostgreSQL\16\bin;
USERNAME=Ric
OS=Windows_NT
PROCESSOR_IDENTIFIER=Intel64 Family 6 Model 58 Stepping 9, GenuineIntel
TMP=C:\Users\Ric\AppData\Local\Temp
TEMP=C:\Users\Ric\AppData\Local\Temp




Periodic native trim disabled

---------------  S Y S T E M  ---------------

OS:
 Windows 10 , 64 bit Build 19041 (10.0.19041.4717)
OS uptime: 2 days 23:09 hours
Hyper-V role detected

CPU: total 4 (initial active 4) (2 cores per cpu, 2 threads per core) family 6 model 58 stepping 9 microcode 0x21, cx8, cmov, fxsr, ht, mmx, sse, sse2, sse3, ssse3, sse4.1, sse4.2, popcnt, tsc, tscinvbit, avx, aes, erms, clmul, vzeroupper, clflush, hv, rdtscp, f16c
Processor Information for all 4 processors :
  Max Mhz: 2501, Current Mhz: 2100, Mhz Limit: 2075

Memory: 4k page, system-wide physical 3933M (310M free)
TotalPageFile size 8109M (AvailPageFile size 22M)
current process WorkingSet (physical memory assigned to process): 222M, peak: 236M
current process commit charge ("private bytes"): 269M, peak: 284M

vm_info: Java HotSpot(TM) 64-Bit Server VM (21.0.4+8-LTS-274) for windows-amd64 JRE (21.0.4+8-LTS-274), built on 2024-06-05T05:23:33Z by "mach5one" with MS VC++ 17.6 (VS2022)

END.
