#
# There is insufficient memory for the Java Runtime Environment to continue.
# Native memory allocation (mmap) failed to map 65536 bytes for Failed to commit metaspace.
# Possible reasons:
#   The system is out of physical RAM or swap space
#   The process is running with CompressedOops enabled, and the Java Heap may be blocking the growth of the native heap
# Possible solutions:
#   Reduce memory load on the system
#   Increase physical memory or swap space
#   Check if swap backing store is full
#   Decrease Java heap size (-Xmx/-Xms)
#   Decrease number of Java threads
#   Decrease Java thread stack sizes (-Xss)
#   Set larger code cache with -XX:ReservedCodeCacheSize=
#   JVM is running with Unscaled Compressed Oops mode in which the Java heap is
#     placed in the first 4GB address space. The Java Heap base address is the
#     maximum limit for the native heap growth. Please use -XX:HeapBaseMinAddress
#     to set the Java Heap base and to place the Java Heap above 4GB virtual address.
# This output file may be truncated or incomplete.
#
#  Out of Memory Error (virtualSpaceNode.cpp:112), pid=7616, tid=4488
#
# JRE version: Java(TM) SE Runtime Environment (21.0.4+8) (build 21.0.4+8-LTS-274)
# Java VM: Java HotSpot(TM) 64-Bit Server VM (21.0.4+8-LTS-274, mixed mode, sharing, tiered, compressed oops, compressed class ptrs, g1 gc, windows-amd64)
# No core dump will be written. Minidumps are not enabled by default on client versions of Windows
#

---------------  S U M M A R Y ------------

Command Line: -javaagent:C:\Users\Ric\AppData\Local\Programs\IntelliJ IDEA Community Edition\lib\idea_rt.jar=2045:C:\Users\Ric\AppData\Local\Programs\IntelliJ IDEA Community Edition\bin -Dfile.encoding=UTF-8 -Dsun.stdout.encoding=UTF-8 -Dsun.stderr.encoding=UTF-8 com.hasinarezida.biblio.BiblioApplication

Host: Intel(R) Core(TM) i5-3210M CPU @ 2.50GHz, 4 cores, 3G,  Windows 10 , 64 bit Build 19041 (10.0.19041.4717)
Time: Mon Sep  9 21:11:10 2024 E. Africa Standard Time elapsed time: 13.179192 seconds (0d 0h 0m 13s)

---------------  T H R E A D  ---------------

Current thread (0x0000021df4b62a00):  JavaThread "restartedMain"        [_thread_in_vm, id=4488, stack(0x0000005e7fc00000,0x0000005e7fd00000) (1024K)]

Stack: [0x0000005e7fc00000,0x0000005e7fd00000]
Native frames: (J=compiled Java code, j=interpreted, Vv=VM code, C=native code)
V  [jvm.dll+0x6c8e59]
V  [jvm.dll+0x853181]
V  [jvm.dll+0x8556ae]
V  [jvm.dll+0x855d83]
V  [jvm.dll+0x27d526]
V  [jvm.dll+0x84edae]
V  [jvm.dll+0x66cc05]
V  [jvm.dll+0x1e3afc]
V  [jvm.dll+0x1e38ce]
V  [jvm.dll+0x66f533]
V  [jvm.dll+0x66f352]
V  [jvm.dll+0x66d5de]
V  [jvm.dll+0x3bc11f]
V  [jvm.dll+0x20c9ab]
V  [jvm.dll+0x5ac1c6]
V  [jvm.dll+0x7cd4b6]
V  [jvm.dll+0x46faf6]
V  [jvm.dll+0x475978]
C  [java.dll+0x17ec]

Java frames: (J=compiled Java code, j=interpreted, Vv=VM code)
J 1161  java.lang.ClassLoader.defineClass1(Ljava/lang/ClassLoader;Ljava/lang/String;[BIILjava/security/ProtectionDomain;Ljava/lang/String;)Ljava/lang/Class; java.base@21.0.4 (0 bytes) @ 0x0000021de4f11df1 [0x0000021de4f11d20+0x00000000000000d1]
J 1167 c1 java.lang.ClassLoader.defineClass(Ljava/lang/String;[BIILjava/security/ProtectionDomain;)Ljava/lang/Class; java.base@21.0.4 (43 bytes) @ 0x0000021ddd5ea7fc [0x0000021ddd5ea4a0+0x000000000000035c]
J 1166 c1 java.security.SecureClassLoader.defineClass(Ljava/lang/String;[BIILjava/security/CodeSource;)Ljava/lang/Class; java.base@21.0.4 (16 bytes) @ 0x0000021ddd5ea09c [0x0000021ddd5e9fc0+0x00000000000000dc]
J 917 c1 jdk.internal.loader.BuiltinClassLoader.defineClass(Ljava/lang/String;Ljdk/internal/loader/Resource;)Ljava/lang/Class; java.base@21.0.4 (121 bytes) @ 0x0000021ddd572824 [0x0000021ddd5718a0+0x0000000000000f84]
J 1035 c1 jdk.internal.loader.BuiltinClassLoader.findClassOnClassPathOrNull(Ljava/lang/String;)Ljava/lang/Class; java.base@21.0.4 (64 bytes) @ 0x0000021ddd5ab004 [0x0000021ddd5aa300+0x0000000000000d04]
J 3019 c2 jdk.internal.loader.BuiltinClassLoader.loadClassOrNull(Ljava/lang/String;Z)Ljava/lang/Class; java.base@21.0.4 (143 bytes) @ 0x0000021de4fd8634 [0x0000021de4fd7fa0+0x0000000000000694]
J 813 c1 jdk.internal.loader.ClassLoaders$AppClassLoader.loadClass(Ljava/lang/String;Z)Ljava/lang/Class; java.base@21.0.4 (40 bytes) @ 0x0000021ddd526844 [0x0000021ddd526660+0x00000000000001e4]
J 802 c1 java.lang.ClassLoader.loadClass(Ljava/lang/String;)Ljava/lang/Class; java.base@21.0.4 (7 bytes) @ 0x0000021ddd51edd4 [0x0000021ddd51ecc0+0x0000000000000114]
v  ~StubRoutines::call_stub 0x0000021de491100d
j  org.hibernate.type.descriptor.jdbc.BlobJdbcType.<clinit>()V+40
v  ~StubRoutines::call_stub 0x0000021de491100d
j  org.hibernate.type.descriptor.jdbc.internal.JdbcTypeBaseline.prime(Lorg/hibernate/type/descriptor/jdbc/internal/JdbcTypeBaseline$BaselineTarget;)V+316
j  org.hibernate.type.descriptor.jdbc.spi.JdbcTypeRegistry.<init>(Lorg/hibernate/type/spi/TypeConfiguration;)V+54
j  org.hibernate.type.spi.TypeConfiguration.<init>()V+74
j  org.hibernate.boot.internal.BootstrapContextImpl.<init>(Lorg/hibernate/boot/registry/StandardServiceRegistry;Lorg/hibernate/boot/spi/MetadataBuildingOptions;)V+197
j  org.hibernate.boot.internal.MetadataBuilderImpl.<init>(Lorg/hibernate/boot/MetadataSources;Lorg/hibernate/boot/registry/StandardServiceRegistry;)V+31
j  org.hibernate.boot.MetadataSources.getMetadataBuilder(Lorg/hibernate/boot/registry/StandardServiceRegistry;)Lorg/hibernate/boot/MetadataBuilder;+7
j  org.hibernate.jpa.boot.internal.EntityManagerFactoryBuilderImpl.<init>(Lorg/hibernate/jpa/boot/spi/PersistenceUnitDescriptor;Ljava/util/Map;Ljava/lang/ClassLoader;Lorg/hibernate/boot/registry/classloading/spi/ClassLoaderService;Ljava/util/function/Consumer;)V+193
j  org.hibernate.jpa.boot.internal.EntityManagerFactoryBuilderImpl.<init>(Lorg/hibernate/jpa/boot/spi/PersistenceUnitDescriptor;Ljava/util/Map;)V+6
j  org.springframework.orm.jpa.vendor.SpringHibernateJpaPersistenceProvider.createContainerEntityManagerFactory(Ljakarta/persistence/spi/PersistenceUnitInfo;Ljava/util/Map;)Ljakarta/persistence/EntityManagerFactory;+56
j  org.springframework.orm.jpa.LocalContainerEntityManagerFactoryBean.createNativeEntityManagerFactory()Ljakarta/persistence/EntityManagerFactory;+111
j  org.springframework.orm.jpa.AbstractEntityManagerFactoryBean.buildNativeEntityManagerFactory()Ljakarta/persistence/EntityManagerFactory;+1
j  org.springframework.orm.jpa.AbstractEntityManagerFactoryBean.afterPropertiesSet()V+192
j  org.springframework.orm.jpa.LocalContainerEntityManagerFactoryBean.afterPropertiesSet()V+84
j  org.springframework.beans.factory.support.AbstractAutowireCapableBeanFactory.invokeInitMethods(Ljava/lang/String;Ljava/lang/Object;Lorg/springframework/beans/factory/support/RootBeanDefinition;)V+56
j  org.springframework.beans.factory.support.AbstractAutowireCapableBeanFactory.initializeBean(Ljava/lang/String;Ljava/lang/Object;Lorg/springframework/beans/factory/support/RootBeanDefinition;)Ljava/lang/Object;+34
j  org.springframework.beans.factory.support.AbstractAutowireCapableBeanFactory.doCreateBean(Ljava/lang/String;Lorg/springframework/beans/factory/support/RootBeanDefinition;[Ljava/lang/Object;)Ljava/lang/Object;+228
j  org.springframework.beans.factory.support.AbstractAutowireCapableBeanFactory.createBean(Ljava/lang/String;Lorg/springframework/beans/factory/support/RootBeanDefinition;[Ljava/lang/Object;)Ljava/lang/Object;+153
j  org.springframework.beans.factory.support.AbstractBeanFactory.lambda$doGetBean$0(Ljava/lang/String;Lorg/springframework/beans/factory/support/RootBeanDefinition;[Ljava/lang/Object;)Ljava/lang/Object;+4
j  org.springframework.beans.factory.support.AbstractBeanFactory$$Lambda+0x0000021d811d3e58.getObject()Ljava/lang/Object;+16
j  org.springframework.beans.factory.support.DefaultSingletonBeanRegistry.getSingleton(Ljava/lang/String;Lorg/springframework/beans/factory/ObjectFactory;)Ljava/lang/Object;+114
J 2737 c1 org.springframework.beans.factory.support.AbstractBeanFactory.doGetBean(Ljava/lang/String;Ljava/lang/Class;[Ljava/lang/Object;Z)Ljava/lang/Object; (787 bytes) @ 0x0000021ddd937394 [0x0000021ddd935140+0x0000000000002254]
J 2808 c1 org.springframework.beans.factory.support.AbstractBeanFactory.getBean(Ljava/lang/String;Ljava/lang/Class;)Ljava/lang/Object; (9 bytes) @ 0x0000021ddd97a9cc [0x0000021ddd97a8c0+0x000000000000010c]
j  org.springframework.context.support.AbstractApplicationContext.finishBeanFactoryInitialization(Lorg/springframework/beans/factory/config/ConfigurableListableBeanFactory;)V+109
j  org.springframework.context.support.AbstractApplicationContext.refresh()V+94
j  org.springframework.boot.web.servlet.context.ServletWebServerApplicationContext.refresh()V+1
j  org.springframework.boot.SpringApplication.refresh(Lorg/springframework/context/ConfigurableApplicationContext;)V+1
j  org.springframework.boot.SpringApplication.refreshContext(Lorg/springframework/context/ConfigurableApplicationContext;)V+16
j  org.springframework.boot.SpringApplication.run([Ljava/lang/String;)Lorg/springframework/context/ConfigurableApplicationContext;+110
j  org.springframework.boot.SpringApplication.run([Ljava/lang/Class;[Ljava/lang/String;)Lorg/springframework/context/ConfigurableApplicationContext;+9
j  org.springframework.boot.SpringApplication.run(Ljava/lang/Class;[Ljava/lang/String;)Lorg/springframework/context/ConfigurableApplicationContext;+9
j  com.hasinarezida.biblio.BiblioApplication.main([Ljava/lang/String;)V+3
j  java.lang.invoke.LambdaForm$DMH+0x0000021d81006000.invokeStatic(Ljava/lang/Object;Ljava/lang/Object;)V+10 java.base@21.0.4
j  java.lang.invoke.LambdaForm$MH+0x0000021d81094c00.invoke(Ljava/lang/Object;Ljava/lang/Object;Ljava/lang/Object;)Ljava/lang/Object;+33 java.base@21.0.4
j  java.lang.invoke.Invokers$Holder.invokeExact_MT(Ljava/lang/Object;Ljava/lang/Object;Ljava/lang/Object;Ljava/lang/Object;)Ljava/lang/Object;+20 java.base@21.0.4
j  jdk.internal.reflect.DirectMethodHandleAccessor.invokeImpl(Ljava/lang/Object;[Ljava/lang/Object;)Ljava/lang/Object;+55 java.base@21.0.4
j  jdk.internal.reflect.DirectMethodHandleAccessor.invoke(Ljava/lang/Object;[Ljava/lang/Object;)Ljava/lang/Object;+23 java.base@21.0.4
j  java.lang.reflect.Method.invoke(Ljava/lang/Object;[Ljava/lang/Object;)Ljava/lang/Object;+102 java.base@21.0.4
j  org.springframework.boot.devtools.restart.RestartLauncher.run()V+47
v  ~StubRoutines::call_stub 0x0000021de491100d

Compiled method (n/a)   13243 1161     n 0       java.lang.ClassLoader::defineClass1 (native)
 total in heap  [0x0000021de4f11b90,0x0000021de4f121d0] = 1600
 relocation     [0x0000021de4f11ce8,0x0000021de4f11d20] = 56
 main code      [0x0000021de4f11d20,0x0000021de4f121cf] = 1199
 stub code      [0x0000021de4f121cf,0x0000021de4f121d0] = 1

[Constant Pool (empty)]

[MachCode]
[Entry Point]
  # {method} {0x0000021d8043ce68} 'defineClass1' '(Ljava/lang/ClassLoader;Ljava/lang/String;[BIILjava/security/ProtectionDomain;Ljava/lang/String;)Ljava/lang/Class;' in 'java/lang/ClassLoader'
  # parm0:    rdx:rdx   = 'java/lang/ClassLoader'
  # parm1:    r8:r8     = 'java/lang/String'
  # parm2:    r9:r9     = '[B'
  # parm3:    rdi       = int
  # parm4:    rsi       = int
  # parm5:    rcx:rcx   = 'java/security/ProtectionDomain'
  # parm6:    [sp+0xa0]   = 'java/lang/String'  (sp of caller)
  0x0000021de4f11d20: 448b 5208 | 49bb 0000 | 0080 1d02 | 0000 4d03 | d349 3bc2 | 0f84 0600 

  0x0000021de4f11d38: ;   {runtime_call ic_miss_stub}
  0x0000021de4f11d38: 0000 e941 | caa4 ff90 
[Verified Entry Point]
  0x0000021de4f11d40: 8984 2400 | 80ff ff55 | 488b ec48 | 81ec 9000 | 0000 6690 | 4181 7f20 | 0500 0000 

  0x0000021de4f11d5c: ;   {runtime_call StubRoutines (final stubs)}
  0x0000021de4f11d5c: 7405 e8fd | 30a3 ff48 | 837d 1000 | 488d 4510 | 480f 4445 | 1048 8944 | 2440 4889 | 4c24 7048 
  0x0000021de4f11d7c: 83f9 0048 | 8d44 2470 | 480f 4444 | 2470 4889 | 4424 3848 | 8974 2430 | 4889 7c24 | 284c 894c 
  0x0000021de4f11d9c: 2458 4983 | f900 488d | 4424 5848 | 0f44 4424 | 5848 8944 | 2420 4c89 | 4424 5049 | 83f8 004c 
  0x0000021de4f11dbc: 8d4c 2450 | 4c0f 444c | 2450 4889 | 5424 4848 | 83fa 004c | 8d44 2448 | 4c0f 4444 

  0x0000021de4f11dd8: ;   {oop(a 'java/lang/Class'{0x00000000c2b30630} = 'java/lang/ClassLoader')}
  0x0000021de4f11dd8: 2448 49be | 3006 b3c2 | 0000 0000 | 4c89 7424 | 784c 8d74 | 2478 498b | d6c5 f877 

  0x0000021de4f11df4: ;   {internal_word}
  0x0000021de4f11df4: 49ba f11d | f1e4 1d02 | 0000 4d89 | 97a0 0300 | 0049 89a7 | 9803 0000 

  0x0000021de4f11e0c: ;   {external_word}
  0x0000021de4f11e0c: 49ba e0f7 | 4de1 f97f | 0000 4180 | 3a00 0f84 | 4e00 0000 | 5241 5041 

  0x0000021de4f11e24: ;   {metadata({method} {0x0000021d8043ce68} 'defineClass1' '(Ljava/lang/ClassLoader;Ljava/lang/String;[BIILjava/security/ProtectionDomain;Ljava/lang/String;)Ljava/lang/Class;' in 'java/lang/ClassLoader')}
  0x0000021de4f11e24: 5148 ba60 | ce43 801d | 0200 0049 | 8bcf 4883 | ec20 40f6 | c40f 0f84 | 1900 0000 | 4883 ec08 
  0x0000021de4f11e44: ;   {runtime_call}
  0x0000021de4f11e44: 48b8 d0ec | fee0 f97f | 0000 ffd0 | 4883 c408 | e90c 0000 

  0x0000021de4f11e58: ;   {runtime_call}
  0x0000021de4f11e58: 0048 b8d0 | ecfe e0f9 | 7f00 00ff | d048 83c4 | 2041 5941 | 585a 498d | 8fb8 0300 | 0041 c787 
  0x0000021de4f11e78: 4c04 0000 | 0400 0000 

  0x0000021de4f11e80: ;   {runtime_call}
  0x0000021de4f11e80: 48b8 ac16 | 5802 fa7f | 0000 ffd0 | c5f8 7741 | c787 4c04 | 0000 0500 | 0000 f083 | 4424 c000 
  0x0000021de4f11ea0: 493b af50 | 0400 000f | 870e 0000 | 0041 83bf | 4804 0000 | 000f 842b | 0000 00c5 | f877 4889 
  0x0000021de4f11ec0: 45f8 498b | cf4c 8be4 | 4883 ec20 | 4883 e4f0 

  0x0000021de4f11ed0: ;   {runtime_call}
  0x0000021de4f11ed0: 48b8 c0a0 | cae0 f97f | 0000 ffd0 | 498b e44d | 33e4 488b | 45f8 41c7 | 874c 0400 | 0008 0000 
  0x0000021de4f11ef0: 0041 83bf | c804 0000 | 020f 84a3 

  0x0000021de4f11efc: ;   {external_word}
  0x0000021de4f11efc: 0200 0049 | bae0 f74d | e1f9 7f00 | 0041 803a | 000f 844c | 0000 0048 

  0x0000021de4f11f14: ;   {metadata({method} {0x0000021d8043ce68} 'defineClass1' '(Ljava/lang/ClassLoader;Ljava/lang/String;[BIILjava/security/ProtectionDomain;Ljava/lang/String;)Ljava/lang/Class;' in 'java/lang/ClassLoader')}
  0x0000021de4f11f14: 8945 f848 | ba60 ce43 | 801d 0200 | 0049 8bcf | 4883 ec20 | 40f6 c40f | 0f84 1900 | 0000 4883 
  0x0000021de4f11f34: ;   {runtime_call}
  0x0000021de4f11f34: ec08 48b8 | d0ec fee0 | f97f 0000 | ffd0 4883 | c408 e90c 

  0x0000021de4f11f48: ;   {runtime_call}
  0x0000021de4f11f48: 0000 0048 | b8d0 ecfe | e0f9 7f00 | 00ff d048 | 83c4 2048 | 8b45 f849 | c787 9803 | 0000 0000 
  0x0000021de4f11f68: 0000 49c7 | 87a0 0300 | 0000 0000 | 00c5 f877 | 4885 c00f | 84fe 0100 | 00a8 030f | 8508 0000 
  0x0000021de4f11f88: 0048 8b00 | e9ee 0100 | 00a8 010f | 8509 0000 | 0048 8b40 | fee9 dd01 | 0000 488b | 40ff 4180 
  0x0000021de4f11fa8: 7f40 000f | 84ce 0100 | 0048 83f8 | 000f 84c4 | 0100 0049 | 8b4f 2848 | 83f9 000f | 8414 0000 
  0x0000021de4f11fc8: 0048 83e9 | 0849 894f | 2849 034f | 3848 8901 | e9a2 0100 | 0048 81ec | d000 0000 | 4889 0424 
  0x0000021de4f11fe8: 4889 4c24 | 0848 8954 | 2410 4889 | 7424 1848 | 897c 2420 | 4c89 4424 | 284c 894c | 2430 4c89 
  0x0000021de4f12008: 5424 384c | 895c 2440 | c5fb 1144 | 2450 c5fb | 114c 2458 | c5fb 1154 | 2460 c5fb | 115c 2468 
  0x0000021de4f12028: c5fb 1164 | 2470 c5fb | 116c 2478 | c5fb 11b4 | 2480 0000 | 00c5 fb11 | bc24 8800 | 0000 c57b 
  0x0000021de4f12048: ;   {no_reloc}
  0x0000021de4f12048: 1184 2490 | 0000 00c5 | 7b11 8c24 | 9800 0000 | c57b 1194 | 24a0 0000 | 00c5 7b11 | 9c24 a800 
  0x0000021de4f12068: 0000 c57b | 11a4 24b0 | 0000 00c5 | 7b11 ac24 | b800 0000 | c57b 11b4 | 24c0 0000 | 00c5 7b11 
  0x0000021de4f12088: bc24 c800 | 0000 498b | d748 8bc8 | 4883 ec20 | 40f6 c40f | 0f84 1900 | 0000 4883 

  0x0000021de4f120a4: ;   {runtime_call}
  0x0000021de4f120a4: ec08 48b8 | c0e2 bde0 | f97f 0000 | ffd0 4883 | c408 e90c 

  0x0000021de4f120b8: ;   {runtime_call}
  0x0000021de4f120b8: 0000 0048 | b8c0 e2bd | e0f9 7f00 | 00ff d048 | 83c4 20c5 | 7b10 bc24 | c800 0000 | c57b 10b4 
  0x0000021de4f120d8: 24c0 0000 | 00c5 7b10 | ac24 b800 | 0000 c57b | 10a4 24b0 | 0000 00c5 | 7b10 9c24 | a800 0000 
  0x0000021de4f120f8: c57b 1094 | 24a0 0000 | 00c5 7b10 | 8c24 9800 | 0000 c57b | 1084 2490 | 0000 00c5 | fb10 bc24 
  0x0000021de4f12118: 8800 0000 | c5fb 10b4 | 2480 0000 | 00c5 fb10 | 6c24 78c5 | fb10 6424 | 70c5 fb10 | 5c24 68c5 
  0x0000021de4f12138: fb10 5424 | 60c5 fb10 | 4c24 58c5 | fb10 4424 | 504c 8b5c | 2440 4c8b | 5424 384c | 8b4c 2430 
  0x0000021de4f12158: 4c8b 4424 | 2848 8b7c | 2420 488b | 7424 1848 | 8b54 2410 | 488b 4c24 | 0848 8b04 | 2448 81c4 
  0x0000021de4f12178: d000 0000 | c5f8 7749 | 8b8f 2804 | 0000 c781 | 0001 0000 | 0000 0000 | c949 837f | 0800 0f85 
  0x0000021de4f12198: 0100 0000 

  0x0000021de4f1219c: ;   {runtime_call StubRoutines (initial stubs)}
  0x0000021de4f1219c: c3e9 5eed | 9fff c5f8 | 7748 8945 | f84c 8be4 | 4883 ec20 | 4883 e4f0 

  0x0000021de4f121b4: ;   {runtime_call}
  0x0000021de4f121b4: 48b8 c024 | ffe0 f97f | 0000 ffd0 | 498b e44d | 33e4 488b | 45f8 e930 | fdff fff4 
[/MachCode]


Compiled method (c1)   13256 1167       3       java.lang.ClassLoader::defineClass (43 bytes)
 total in heap  [0x0000021ddd5ea290,0x0000021ddd5eabe8] = 2392
 relocation     [0x0000021ddd5ea3e8,0x0000021ddd5ea488] = 160
 main code      [0x0000021ddd5ea4a0,0x0000021ddd5ea940] = 1184
 stub code      [0x0000021ddd5ea940,0x0000021ddd5ea9b8] = 120
 metadata       [0x0000021ddd5ea9b8,0x0000021ddd5ea9e8] = 48
 scopes data    [0x0000021ddd5ea9e8,0x0000021ddd5eaad8] = 240
 scopes pcs     [0x0000021ddd5eaad8,0x0000021ddd5eabb8] = 224
 dependencies   [0x0000021ddd5eabb8,0x0000021ddd5eabc0] = 8
 nul chk table  [0x0000021ddd5eabc0,0x0000021ddd5eabe8] = 40

[Constant Pool (empty)]

[MachCode]
[Entry Point]
  # {method} {0x0000021d8043d1e8} 'defineClass' '(Ljava/lang/String;[BIILjava/security/ProtectionDomain;)Ljava/lang/Class;' in 'java/lang/ClassLoader'
  # this:     rdx:rdx   = 'java/lang/ClassLoader'
  # parm0:    r8:r8     = 'java/lang/String'
  # parm1:    r9:r9     = '[B'
  # parm2:    rdi       = int
  # parm3:    rsi       = int
  # parm4:    rcx:rcx   = 'java/security/ProtectionDomain'
  #           [sp+0xc0]  (sp of caller)
  0x0000021ddd5ea4a0: 448b 5208 | 49bb 0000 | 0080 1d02 | 0000 4d03 | d34c 3bd0 

  0x0000021ddd5ea4b4: ;   {runtime_call ic_miss_stub}
  0x0000021ddd5ea4b4: 0f85 c642 | 3707 660f | 1f44 0000 
[Verified Entry Point]
  0x0000021ddd5ea4c0: 8984 2400 | 80ff ff55 | 4881 ecb0 | 0000 0090 | 4181 7f20 | 0500 0000 

  0x0000021ddd5ea4d8: ;   {runtime_call StubRoutines (final stubs)}
  0x0000021ddd5ea4d8: 7405 e881 | a935 0748 | 8954 2478 

  0x0000021ddd5ea4e4: ;   {metadata(method data for {method} {0x0000021d8043d1e8} 'defineClass' '(Ljava/lang/String;[BIILjava/security/ProtectionDomain;)Ljava/lang/Class;' in 'java/lang/ClassLoader')}
  0x0000021ddd5ea4e4: 48bb 88a9 | 2cf0 1d02 | 0000 8b83 | cc00 0000 | 83c0 0289 | 83cc 0000 | 0025 fe07 | 0000 85c0 
  0x0000021ddd5ea504: 0f84 5803 | 0000 89b4 | 2494 0000 | 0089 bc24 | 9000 0000 | 4c89 8c24 | 8800 0000 

  0x0000021ddd5ea520: ;   {metadata(method data for {method} {0x0000021d8043d1e8} 'defineClass' '(Ljava/lang/String;[BIILjava/security/ProtectionDomain;)Ljava/lang/Class;' in 'java/lang/ClassLoader')}
  0x0000021ddd5ea520: 488b da48 | b888 a92c | f01d 0200 | 0048 8380 | 1001 0000 | 0149 8bd8 | 4c8b c34c | 8bc9 488b 
  0x0000021ddd5ea540: ca48 8bd1 | 4889 9c24 | 8000 0000 

  0x0000021ddd5ea54c: ;   {optimized virtual_call}
  0x0000021ddd5ea54c: 6666 90e8 

  0x0000021ddd5ea550: ; ImmutableOopMap {[120]=Oop [128]=Oop [136]=Oop }
                      ;*invokevirtual preDefineClass {reexecute=0 rethrow=0 return_oop=0}
                      ; - java.lang.ClassLoader::defineClass@4 (line 1025)
  0x0000021ddd5ea550: cc84 ffff 

  0x0000021ddd5ea554: ;   {other}
  0x0000021ddd5ea554: 0f1f 8400 | c402 0000 | 4889 8424 | 9800 0000 | 488b 5424 

  0x0000021ddd5ea568: ;   {metadata(method data for {method} {0x0000021d8043d1e8} 'defineClass' '(Ljava/lang/String;[BIILjava/security/ProtectionDomain;)Ljava/lang/Class;' in 'java/lang/ClassLoader')}
  0x0000021ddd5ea568: 7849 b888 | a92c f01d | 0200 0049 | 8380 4801 

  0x0000021ddd5ea578: ;   {metadata(method data for {method} {0x0000021d8043ced0} 'defineClassSourceLocation' '(Ljava/security/ProtectionDomain;)Ljava/lang/String;' in 'java/lang/ClassLoader')}
  0x0000021ddd5ea578: 0000 0149 | b870 922c | f01d 0200 | 0041 8b90 | cc00 0000 | 83c2 0241 | 8990 cc00 | 0000 81e2 
  0x0000021ddd5ea598: feff 1f00 | 85d2 0f84 | df02 0000 

  0x0000021ddd5ea5a4: ; implicit exception: dispatches to 0x0000021ddd5ea8a4
  0x0000021ddd5ea5a4: 483b 004c 

  0x0000021ddd5ea5a8: ;   {metadata(method data for {method} {0x0000021d8043ced0} 'defineClassSourceLocation' '(Ljava/security/ProtectionDomain;)Ljava/lang/String;' in 'java/lang/ClassLoader')}
  0x0000021ddd5ea5a8: 8bc0 48ba | 7092 2cf0 | 1d02 0000 | 4883 8210 | 0100 0001 | 448b 4010 

  0x0000021ddd5ea5c0: ;   {metadata(method data for {method} {0x0000021d8043ced0} 'defineClassSourceLocation' '(Ljava/security/ProtectionDomain;)Ljava/lang/String;' in 'java/lang/ClassLoader')}
  0x0000021ddd5ea5c0: 4d85 c048 | ba70 922c | f01d 0200 | 0048 be58 | 0100 0000 | 0000 0075 | 0a48 be48 | 0100 0000 
  0x0000021ddd5ea5e0: 0000 0048 | 8b3c 3248 | 8d7f 0148 | 893c 320f | 850f 0000 

  0x0000021ddd5ea5f4: ;   {oop(nullptr)}
  0x0000021ddd5ea5f4: 0048 bb00 | 0000 0000 | 0000 00e9 | a301 0000 

  0x0000021ddd5ea604: ; implicit exception: dispatches to 0x0000021ddd5ea8a9
  0x0000021ddd5ea604: 493b 0049 

  0x0000021ddd5ea608: ;   {metadata(method data for {method} {0x0000021d8043ced0} 'defineClassSourceLocation' '(Ljava/security/ProtectionDomain;)Ljava/lang/String;' in 'java/lang/ClassLoader')}
  0x0000021ddd5ea608: 8bd0 48be | 7092 2cf0 | 1d02 0000 | 4883 8668 | 0100 0001 | 418b 500c 

  0x0000021ddd5ea620: ;   {metadata(method data for {method} {0x0000021d8043ced0} 'defineClassSourceLocation' '(Ljava/security/ProtectionDomain;)Ljava/lang/String;' in 'java/lang/ClassLoader')}
  0x0000021ddd5ea620: 4885 d248 | be70 922c | f01d 0200 | 0048 bfb0 | 0100 0000 | 0000 0075 | 0a48 bfa0 | 0100 0000 
  0x0000021ddd5ea640: 0000 0048 | 8b1c 3e48 | 8d5b 0148 | 891c 3e0f | 850f 0000 

  0x0000021ddd5ea654: ;   {oop(nullptr)}
  0x0000021ddd5ea654: 0048 bb00 | 0000 0000 | 0000 00e9 | 4301 0000 

  0x0000021ddd5ea664: ;   {metadata(method data for {method} {0x0000021d8043ced0} 'defineClassSourceLocation' '(Ljava/security/ProtectionDomain;)Ljava/lang/String;' in 'java/lang/ClassLoader')}
  0x0000021ddd5ea664: 48be 7092 | 2cf0 1d02 | 0000 4883 | 86c0 0100 | 0001 483b | 024c 8bc2 

  0x0000021ddd5ea67c: ;   {metadata(method data for {method} {0x0000021d8043ced0} 'defineClassSourceLocation' '(Ljava/security/ProtectionDomain;)Ljava/lang/String;' in 'java/lang/ClassLoader')}
  0x0000021ddd5ea67c: 48be 7092 | 2cf0 1d02 | 0000 4883 | 86f8 0100 

  0x0000021ddd5ea68c: ;   {metadata(method data for {method} {0x0000021d8001aa98} 'toString' '()Ljava/lang/String;' in 'java/net/URL')}
  0x0000021ddd5ea68c: 0001 49b8 | d88b 1ff0 | 1d02 0000 | 418b b0cc | 0000 0083 | c602 4189 | b0cc 0000 | 0081 e6fe 
  0x0000021ddd5ea6ac: ff1f 0085 | f60f 84fc | 0100 004c 

  0x0000021ddd5ea6b8: ;   {metadata(method data for {method} {0x0000021d8001aa98} 'toString' '()Ljava/lang/String;' in 'java/net/URL')}
  0x0000021ddd5ea6b8: 8bc2 48be | d88b 1ff0 | 1d02 0000 | 4883 8610 | 0100 0001 

  0x0000021ddd5ea6cc: ;   {metadata(method data for {method} {0x0000021d80430ae8} 'toExternalForm' '()Ljava/lang/String;' in 'java/net/URL')}
  0x0000021ddd5ea6cc: 49b8 608d | 1ff0 1d02 | 0000 418b | b0cc 0000 | 0083 c602 | 4189 b0cc | 0000 0081 | e6fe ff1f 
  0x0000021ddd5ea6ec: 0085 f60f | 84df 0100 | 008b 7238 

  0x0000021ddd5ea6f8: ; implicit exception: dispatches to 0x0000021ddd5ea8f5
  0x0000021ddd5ea6f8: 483b 064c 

  0x0000021ddd5ea6fc: ;   {metadata(method data for {method} {0x0000021d80430ae8} 'toExternalForm' '()Ljava/lang/String;' in 'java/net/URL')}
  0x0000021ddd5ea6fc: 8bc6 48bf | 608d 1ff0 | 1d02 0000 | 458b 4008 | 49ba 0000 | 0080 1d02 | 0000 4d03 | c24c 3b87 
  0x0000021ddd5ea71c: 2001 0000 | 750d 4883 | 8728 0100 | 0001 e960 | 0000 004c | 3b87 3001 | 0000 750d | 4883 8738 
  0x0000021ddd5ea73c: 0100 0001 | e94a 0000 | 0048 83bf | 2001 0000 | 0075 174c | 8987 2001 | 0000 48c7 | 8728 0100 
  0x0000021ddd5ea75c: 0001 0000 | 00e9 2900 | 0000 4883 | bf30 0100 | 0000 7517 | 4c89 8730 | 0100 0048 | c787 3801 
  0x0000021ddd5ea77c: 0000 0100 | 0000 e908 | 0000 0048 | 8387 1001 | 0000 014c | 8bc2 488b 

  0x0000021ddd5ea794: ;   {optimized virtual_call}
  0x0000021ddd5ea794: d666 90e8 

  0x0000021ddd5ea798: ; ImmutableOopMap {[120]=Oop [128]=Oop [136]=Oop [152]=Oop }
                      ;*invokevirtual toExternalForm {reexecute=0 rethrow=0 return_oop=0}
                      ; - java.net.URL::toExternalForm@5 (line 1203)
                      ; - java.net.URL::toString@1 (line 1189)
                      ; - java.lang.ClassLoader::defineClassSourceLocation@22 (line 927)
                      ; - java.lang.ClassLoader::defineClass@12 (line 1026)
  0x0000021ddd5ea798: e4c5 faff 

  0x0000021ddd5ea79c: ;   {other}
  0x0000021ddd5ea79c: 0f1f 8400 | 0c05 0001 | 488b d848 | 8b84 2498 | 0000 008b | b424 9400 | 0000 8bbc | 2490 0000 
  0x0000021ddd5ea7bc: 004c 8b8c | 2488 0000 | 004c 8b84 | 2480 0000 | 0048 8b54 

  0x0000021ddd5ea7d0: ;   {metadata(method data for {method} {0x0000021d8043d1e8} 'defineClass' '(Ljava/lang/String;[BIILjava/security/ProtectionDomain;)Ljava/lang/Class;' in 'java/lang/ClassLoader')}
  0x0000021ddd5ea7d0: 2478 48b9 | 88a9 2cf0 | 1d02 0000 | 4883 8180 | 0100 0001 | 4c8b da49 | 8bd3 488b | c848 891c 
  0x0000021ddd5ea7f0: 2466 0f1f 

  0x0000021ddd5ea7f4: ;   {static_call}
  0x0000021ddd5ea7f4: 4400 00e8 

  0x0000021ddd5ea7f8: ; ImmutableOopMap {[120]=Oop [152]=Oop }
                      ;*invokestatic defineClass1 {reexecute=0 rethrow=0 return_oop=0}
                      ; - java.lang.ClassLoader::defineClass@27 (line 1027)
  0x0000021ddd5ea7f8: 4475 9207 

  0x0000021ddd5ea7fc: ;   {other}
  0x0000021ddd5ea7fc: 0f1f 8400 | 6c05 0002 | 488b 5424 

  0x0000021ddd5ea808: ;   {metadata(method data for {method} {0x0000021d8043d1e8} 'defineClass' '(Ljava/lang/String;[BIILjava/security/ProtectionDomain;)Ljava/lang/Class;' in 'java/lang/ClassLoader')}
  0x0000021ddd5ea808: 7849 b888 | a92c f01d | 0200 0049 | 8380 9001 | 0000 014c | 8bc0 4c8b | 8c24 9800 | 0000 488b 
  0x0000021ddd5ea828: 5424 7848 | 8984 24a0 | 0000 000f 

  0x0000021ddd5ea834: ;   {optimized virtual_call}
  0x0000021ddd5ea834: 1f40 00e8 

  0x0000021ddd5ea838: ; ImmutableOopMap {[160]=Oop }
                      ;*invokevirtual postDefineClass {reexecute=0 rethrow=0 return_oop=0}
                      ; - java.lang.ClassLoader::defineClass@37 (line 1028)
  0x0000021ddd5ea838: e4f0 ffff 

  0x0000021ddd5ea83c: ;   {other}
  0x0000021ddd5ea83c: 0f1f 8400 | ac05 0003 | 488b 8424 | a000 0000 | 4881 c4b0 | 0000 005d 

  0x0000021ddd5ea854: ;   {poll_return}
  0x0000021ddd5ea854: 493b a750 | 0400 000f | 8799 0000 

  0x0000021ddd5ea860: ;   {metadata({method} {0x0000021d8043d1e8} 'defineClass' '(Ljava/lang/String;[BIILjava/security/ProtectionDomain;)Ljava/lang/Class;' in 'java/lang/ClassLoader')}
  0x0000021ddd5ea860: 00c3 49ba | e0d1 4380 | 1d02 0000 | 4c89 5424 | 0848 c704 | 24ff ffff 

  0x0000021ddd5ea878: ;   {runtime_call counter_overflow Runtime1 stub}
  0x0000021ddd5ea878: ffe8 8232 

  0x0000021ddd5ea87c: ; ImmutableOopMap {rdx=Oop r8=Oop r9=Oop rcx=Oop [120]=Oop }
                      ;*synchronization entry
                      ; - java.lang.ClassLoader::defineClass@-1 (line 1025)
  0x0000021ddd5ea87c: 4407 e987 

  0x0000021ddd5ea880: ;   {metadata({method} {0x0000021d8043ced0} 'defineClassSourceLocation' '(Ljava/security/ProtectionDomain;)Ljava/lang/String;' in 'java/lang/ClassLoader')}
  0x0000021ddd5ea880: fcff ff49 | bac8 ce43 | 801d 0200 | 004c 8954 | 2408 48c7 | 0424 ffff 

  0x0000021ddd5ea898: ;   {runtime_call counter_overflow Runtime1 stub}
  0x0000021ddd5ea898: ffff e861 

  0x0000021ddd5ea89c: ; ImmutableOopMap {rax=Oop [120]=Oop [128]=Oop [136]=Oop [152]=Oop }
                      ;*synchronization entry
                      ; - java.lang.ClassLoader::defineClassSourceLocation@-1 (line 924)
                      ; - java.lang.ClassLoader::defineClass@12 (line 1026)
  0x0000021ddd5ea89c: 3244 07e9 | 00fd ffff 

  0x0000021ddd5ea8a4: ;   {runtime_call throw_null_pointer_exception Runtime1 stub}
  0x0000021ddd5ea8a4: e857 e143 

  0x0000021ddd5ea8a8: ; ImmutableOopMap {rax=Oop [120]=Oop [128]=Oop [136]=Oop [152]=Oop }
                      ;*invokevirtual getCodeSource {reexecute=0 rethrow=0 return_oop=0}
                      ; - java.lang.ClassLoader::defineClassSourceLocation@1 (line 924)
                      ; - java.lang.ClassLoader::defineClass@12 (line 1026)
                      ;   {runtime_call throw_null_pointer_exception Runtime1 stub}
  0x0000021ddd5ea8a8: 07e8 52e1 

  0x0000021ddd5ea8ac: ; ImmutableOopMap {rax=Oop r8=Oop [120]=Oop [128]=Oop [136]=Oop [152]=Oop }
                      ;*invokevirtual getLocation {reexecute=0 rethrow=0 return_oop=0}
                      ; - java.lang.ClassLoader::defineClassSourceLocation@12 (line 926)
                      ; - java.lang.ClassLoader::defineClass@12 (line 1026)
                      ;   {runtime_call throw_null_pointer_exception Runtime1 stub}
  0x0000021ddd5ea8ac: 4307 e84d 

  0x0000021ddd5ea8b0: ; ImmutableOopMap {rdx=Oop [120]=Oop [128]=Oop [136]=Oop [152]=Oop }
                      ;*invokevirtual toString {reexecute=0 rethrow=0 return_oop=0}
                      ; - java.lang.ClassLoader::defineClassSourceLocation@22 (line 927)
                      ; - java.lang.ClassLoader::defineClass@12 (line 1026)
                      ;   {metadata({method} {0x0000021d8001aa98} 'toString' '()Ljava/lang/String;' in 'java/net/URL')}
  0x0000021ddd5ea8b0: e143 0749 | ba90 aa01 | 801d 0200 | 004c 8954 | 2408 48c7 | 0424 ffff 

  0x0000021ddd5ea8c8: ;   {runtime_call counter_overflow Runtime1 stub}
  0x0000021ddd5ea8c8: ffff e831 

  0x0000021ddd5ea8cc: ; ImmutableOopMap {rdx=Oop [120]=Oop [128]=Oop [136]=Oop [152]=Oop }
                      ;*synchronization entry
                      ; - java.net.URL::toString@-1 (line 1189)
                      ; - java.lang.ClassLoader::defineClassSourceLocation@22 (line 927)
                      ; - java.lang.ClassLoader::defineClass@12 (line 1026)
  0x0000021ddd5ea8cc: 3244 07e9 | e3fd ffff 

  0x0000021ddd5ea8d4: ;   {metadata({method} {0x0000021d80430ae8} 'toExternalForm' '()Ljava/lang/String;' in 'java/net/URL')}
  0x0000021ddd5ea8d4: 49ba e00a | 4380 1d02 | 0000 4c89 | 5424 0848 | c704 24ff 

  0x0000021ddd5ea8e8: ;   {runtime_call counter_overflow Runtime1 stub}
  0x0000021ddd5ea8e8: ffff ffe8 

  0x0000021ddd5ea8ec: ; ImmutableOopMap {rdx=Oop [120]=Oop [128]=Oop [136]=Oop [152]=Oop }
                      ;*synchronization entry
                      ; - java.net.URL::toExternalForm@-1 (line 1203)
                      ; - java.net.URL::toString@1 (line 1189)
                      ; - java.lang.ClassLoader::defineClassSourceLocation@22 (line 927)
                      ; - java.lang.ClassLoader::defineClass@12 (line 1026)
  0x0000021ddd5ea8ec: 1032 4407 | e900 feff 

  0x0000021ddd5ea8f4: ;   {runtime_call throw_null_pointer_exception Runtime1 stub}
  0x0000021ddd5ea8f4: ffe8 06e1 

  0x0000021ddd5ea8f8: ; ImmutableOopMap {rdx=Oop rsi=Oop [120]=Oop [128]=Oop [136]=Oop [152]=Oop }
                      ;*invokevirtual toExternalForm {reexecute=0 rethrow=0 return_oop=0}
                      ; - java.net.URL::toExternalForm@5 (line 1203)
                      ; - java.net.URL::toString@1 (line 1189)
                      ; - java.lang.ClassLoader::defineClassSourceLocation@22 (line 927)
                      ; - java.lang.ClassLoader::defineClass@12 (line 1026)
                      ;   {internal_word}
  0x0000021ddd5ea8f8: 4307 49ba | 54a8 5edd | 1d02 0000 | 4d89 9768 

  0x0000021ddd5ea908: ;   {runtime_call SafepointBlob}
  0x0000021ddd5ea908: 0400 00e9 | f0ad 3707 | 498b 8700 | 0500 0049 | c787 0005 | 0000 0000 | 0000 49c7 | 8708 0500 
  0x0000021ddd5ea928: 0000 0000 | 0048 81c4 | b000 0000 

  0x0000021ddd5ea934: ;   {runtime_call unwind_exception Runtime1 stub}
  0x0000021ddd5ea934: 5de9 c6d1 | 4307 f4f4 | f4f4 f4f4 
[Stub Code]
  0x0000021ddd5ea940: ;   {no_reloc}
  0x0000021ddd5ea940: 0f1f 4400 

  0x0000021ddd5ea944: ;   {static_stub}
  0x0000021ddd5ea944: 0048 bb00 | 0000 0000 

  0x0000021ddd5ea94c: ;   {runtime_call}
  0x0000021ddd5ea94c: 0000 00e9 | fbff ffff 

  0x0000021ddd5ea954: ;   {static_stub}
  0x0000021ddd5ea954: 48bb 0000 | 0000 0000 

  0x0000021ddd5ea95c: ;   {runtime_call}
  0x0000021ddd5ea95c: 0000 e9fb 

  0x0000021ddd5ea960: ;   {static_stub}
  0x0000021ddd5ea960: ffff ff48 | bb00 0000 | 0000 0000 

  0x0000021ddd5ea96c: ;   {runtime_call}
  0x0000021ddd5ea96c: 00e9 fbff 

  0x0000021ddd5ea970: ;   {static_stub}
  0x0000021ddd5ea970: ffff 48bb | 0000 0000 | 0000 0000 

  0x0000021ddd5ea97c: ;   {runtime_call}
  0x0000021ddd5ea97c: e9fb ffff 

  0x0000021ddd5ea980: ;   {runtime_call handle_exception_from_callee Runtime1 stub}
  0x0000021ddd5ea980: ffe8 7afe 

  0x0000021ddd5ea984: ;   {external_word}
  0x0000021ddd5ea984: 4307 48b9 | d0f7 25e1 | f97f 0000 | 4883 e4f0 

  0x0000021ddd5ea994: ;   {runtime_call}
  0x0000021ddd5ea994: 48b8 a012 | eee0 f97f | 0000 ffd0 

  0x0000021ddd5ea9a0: ;   {section_word}
  0x0000021ddd5ea9a0: f449 baa1 | a95e dd1d | 0200 0041 

  0x0000021ddd5ea9ac: ;   {runtime_call DeoptimizationBlob}
  0x0000021ddd5ea9ac: 52e9 ee9f | 3707 f4f4 | f4f4 f4f4 
[/MachCode]


Compiled method (c1)   13275 1166       3       java.security.SecureClassLoader::defineClass (16 bytes)
 total in heap  [0x0000021ddd5e9e10,0x0000021ddd5ea210] = 1024
 relocation     [0x0000021ddd5e9f68,0x0000021ddd5e9fb8] = 80
 main code      [0x0000021ddd5e9fc0,0x0000021ddd5ea118] = 344
 stub code      [0x0000021ddd5ea118,0x0000021ddd5ea168] = 80
 metadata       [0x0000021ddd5ea168,0x0000021ddd5ea170] = 8
 scopes data    [0x0000021ddd5ea170,0x0000021ddd5ea1b8] = 72
 scopes pcs     [0x0000021ddd5ea1b8,0x0000021ddd5ea208] = 80
 dependencies   [0x0000021ddd5ea208,0x0000021ddd5ea210] = 8

[Constant Pool (empty)]

[MachCode]
[Entry Point]
  # {method} {0x0000021d8004d8a0} 'defineClass' '(Ljava/lang/String;[BIILjava/security/CodeSource;)Ljava/lang/Class;' in 'java/security/SecureClassLoader'
  # this:     rdx:rdx   = 'java/security/SecureClassLoader'
  # parm0:    r8:r8     = 'java/lang/String'
  # parm1:    r9:r9     = '[B'
  # parm2:    rdi       = int
  # parm3:    rsi       = int
  # parm4:    rcx:rcx   = 'java/security/CodeSource'
  #           [sp+0x80]  (sp of caller)
  0x0000021ddd5e9fc0: 448b 5208 | 49bb 0000 | 0080 1d02 | 0000 4d03 | d34c 3bd0 

  0x0000021ddd5e9fd4: ;   {runtime_call ic_miss_stub}
  0x0000021ddd5e9fd4: 0f85 a647 | 3707 660f | 1f44 0000 
[Verified Entry Point]
  0x0000021ddd5e9fe0: 8984 2400 | 80ff ff55 | 4883 ec70 | 4181 7f20 | 0500 0000 

  0x0000021ddd5e9ff4: ;   {runtime_call StubRoutines (final stubs)}
  0x0000021ddd5e9ff4: 7405 e865 

  0x0000021ddd5e9ff8: ;   {metadata(method data for {method} {0x0000021d8004d8a0} 'defineClass' '(Ljava/lang/String;[BIILjava/security/CodeSource;)Ljava/lang/Class;' in 'java/security/SecureClassLoader')}
  0x0000021ddd5e9ff8: ae35 0748 | bb90 b021 | f01d 0200 | 008b 83cc | 0000 0083 | c002 8983 | cc00 0000 | 25fe 0700 
  0x0000021ddd5ea018: 0085 c00f | 8496 0000 | 0089 7424 | 5c89 7c24 | 584c 894c | 2450 4c89 | 4424 4848 

  0x0000021ddd5ea034: ;   {metadata(method data for {method} {0x0000021d8004d8a0} 'defineClass' '(Ljava/lang/String;[BIILjava/security/CodeSource;)Ljava/lang/Class;' in 'java/security/SecureClassLoader')}
  0x0000021ddd5ea034: 8bda 48b8 | 90b0 21f0 | 1d02 0000 | 4883 8010 | 0100 0001 | 4c8b c148 | 8bc2 488b | d048 8944 
  0x0000021ddd5ea054: ;   {optimized virtual_call}
  0x0000021ddd5ea054: 2440 90e8 

  0x0000021ddd5ea058: ; ImmutableOopMap {[64]=Oop [72]=Oop [80]=Oop }
                      ;*invokevirtual getProtectionDomain {reexecute=0 rethrow=0 return_oop=0}
                      ; - java.security.SecureClassLoader::defineClass@9 (line 150)
  0x0000021ddd5ea058: c46c f8ff 

  0x0000021ddd5ea05c: ;   {other}
  0x0000021ddd5ea05c: 0f1f 8400 | 4c02 0000 | 488b 5424 

  0x0000021ddd5ea068: ;   {metadata(method data for {method} {0x0000021d8004d8a0} 'defineClass' '(Ljava/lang/String;[BIILjava/security/CodeSource;)Ljava/lang/Class;' in 'java/security/SecureClassLoader')}
  0x0000021ddd5ea068: 4049 b890 | b021 f01d | 0200 0049 | 8380 4801 | 0000 014c | 8b44 2448 | 4c8b 4c24 | 508b 7c24 
  0x0000021ddd5ea088: 588b 7424 | 5c48 8bc8 | 488b 5424 

  0x0000021ddd5ea094: ;   {optimized virtual_call}
  0x0000021ddd5ea094: 4066 90e8 

  0x0000021ddd5ea098: ; ImmutableOopMap {}
                      ;*invokevirtual defineClass {reexecute=0 rethrow=0 return_oop=0}
                      ; - java.security.SecureClassLoader::defineClass@12 (line 150)
  0x0000021ddd5ea098: 2404 0000 

  0x0000021ddd5ea09c: ;   {other}
  0x0000021ddd5ea09c: 0f1f 8400 | 8c02 0001 | 4883 c470 

  0x0000021ddd5ea0a8: ;   {poll_return}
  0x0000021ddd5ea0a8: 5d49 3ba7 | 5004 0000 | 0f87 2200 

  0x0000021ddd5ea0b4: ;   {metadata({method} {0x0000021d8004d8a0} 'defineClass' '(Ljava/lang/String;[BIILjava/security/CodeSource;)Ljava/lang/Class;' in 'java/security/SecureClassLoader')}
  0x0000021ddd5ea0b4: 0000 c349 | ba98 d804 | 801d 0200 | 004c 8954 | 2408 48c7 | 0424 ffff 

  0x0000021ddd5ea0cc: ;   {runtime_call counter_overflow Runtime1 stub}
  0x0000021ddd5ea0cc: ffff e82d 

  0x0000021ddd5ea0d0: ; ImmutableOopMap {rdx=Oop r8=Oop r9=Oop rcx=Oop }
                      ;*synchronization entry
                      ; - java.security.SecureClassLoader::defineClass@-1 (line 150)
  0x0000021ddd5ea0d0: 3a44 07e9 | 49ff ffff 

  0x0000021ddd5ea0d8: ;   {internal_word}
  0x0000021ddd5ea0d8: 49ba a9a0 | 5edd 1d02 | 0000 4d89 | 9768 0400 

  0x0000021ddd5ea0e8: ;   {runtime_call SafepointBlob}
  0x0000021ddd5ea0e8: 00e9 12b6 | 3707 498b | 8700 0500 | 0049 c787 | 0005 0000 | 0000 0000 | 49c7 8708 | 0500 0000 
  0x0000021ddd5ea108: 0000 0048 | 83c4 705d 

  0x0000021ddd5ea110: ;   {runtime_call unwind_exception Runtime1 stub}
  0x0000021ddd5ea110: e9eb d943 | 07f4 f4f4 
[Stub Code]
  0x0000021ddd5ea118: ;   {no_reloc}
  0x0000021ddd5ea118: 48bb 0000 | 0000 0000 

  0x0000021ddd5ea120: ;   {runtime_call}
  0x0000021ddd5ea120: 0000 e9fb 

  0x0000021ddd5ea124: ;   {static_stub}
  0x0000021ddd5ea124: ffff ff48 | bb00 0000 | 0000 0000 

  0x0000021ddd5ea130: ;   {runtime_call}
  0x0000021ddd5ea130: 00e9 fbff 

  0x0000021ddd5ea134: ;   {runtime_call handle_exception_from_callee Runtime1 stub}
  0x0000021ddd5ea134: ffff e8c5 

  0x0000021ddd5ea138: ;   {external_word}
  0x0000021ddd5ea138: 0644 0748 | b9d0 f725 | e1f9 7f00 | 0048 83e4 

  0x0000021ddd5ea148: ;   {runtime_call}
  0x0000021ddd5ea148: f048 b8a0 | 12ee e0f9 | 7f00 00ff 

  0x0000021ddd5ea154: ;   {section_word}
  0x0000021ddd5ea154: d0f4 49ba | 56a1 5edd | 1d02 0000 

  0x0000021ddd5ea160: ;   {runtime_call DeoptimizationBlob}
  0x0000021ddd5ea160: 4152 e939 | a837 07f4 
[/MachCode]


---------------  P R O C E S S  ---------------

Threads class SMR info:
_java_thread_list=0x0000021df5275af0, length=20, elements={
0x0000021dd2dbaa10, 0x0000021defb81c20, 0x0000021defb870d0, 0x0000021defb87f40,
0x0000021defb88b50, 0x0000021defb895b0, 0x0000021defb8a010, 0x0000021defb8ada0,
0x0000021defb8f920, 0x0000021df4054490, 0x0000021df45447c0, 0x0000021df4544e30,
0x0000021df48eafc0, 0x0000021df4b62a00, 0x0000021df5626430, 0x0000021df65e4ed0,
0x0000021df5dbc730, 0x0000021df5ea1060, 0x0000021df5ea16f0, 0x0000021df5ea1d80
}

Java Threads: ( => current thread )
  0x0000021dd2dbaa10 JavaThread "main"                              [_thread_blocked, id=5280, stack(0x0000005e7e500000,0x0000005e7e600000) (1024K)]
  0x0000021defb81c20 JavaThread "Reference Handler"          daemon [_thread_blocked, id=5532, stack(0x0000005e7ed00000,0x0000005e7ee00000) (1024K)]
  0x0000021defb870d0 JavaThread "Finalizer"                  daemon [_thread_blocked, id=3104, stack(0x0000005e7ee00000,0x0000005e7ef00000) (1024K)]
  0x0000021defb87f40 JavaThread "Signal Dispatcher"          daemon [_thread_blocked, id=1284, stack(0x0000005e7ef00000,0x0000005e7f000000) (1024K)]
  0x0000021defb88b50 JavaThread "Attach Listener"            daemon [_thread_blocked, id=8588, stack(0x0000005e7f000000,0x0000005e7f100000) (1024K)]
  0x0000021defb895b0 JavaThread "Service Thread"             daemon [_thread_blocked, id=2020, stack(0x0000005e7f100000,0x0000005e7f200000) (1024K)]
  0x0000021defb8a010 JavaThread "Monitor Deflation Thread"   daemon [_thread_blocked, id=1232, stack(0x0000005e7f200000,0x0000005e7f300000) (1024K)]
  0x0000021defb8ada0 JavaThread "C2 CompilerThread0"         daemon [_thread_in_native, id=5220, stack(0x0000005e7f300000,0x0000005e7f400000) (1024K)]
  0x0000021defb8f920 JavaThread "C1 CompilerThread0"         daemon [_thread_blocked, id=2632, stack(0x0000005e7f400000,0x0000005e7f500000) (1024K)]
  0x0000021df4054490 JavaThread "Common-Cleaner"             daemon [_thread_blocked, id=5940, stack(0x0000005e7f500000,0x0000005e7f600000) (1024K)]
  0x0000021df45447c0 JavaThread "Monitor Ctrl-Break"         daemon [_thread_in_native, id=2936, stack(0x0000005e7f600000,0x0000005e7f700000) (1024K)]
  0x0000021df4544e30 JavaThread "Notification Thread"        daemon [_thread_blocked, id=11208, stack(0x0000005e7f700000,0x0000005e7f800000) (1024K)]
  0x0000021df48eafc0 JavaThread "Thread-0"                          [_thread_blocked, id=10376, stack(0x0000005e7fb00000,0x0000005e7fc00000) (1024K)]
=>0x0000021df4b62a00 JavaThread "restartedMain"                     [_thread_in_vm, id=4488, stack(0x0000005e7fc00000,0x0000005e7fd00000) (1024K)]
  0x0000021df5626430 JavaThread "PostgreSQL-JDBC-Cleaner"    daemon [_thread_blocked, id=7016, stack(0x0000005e7fe00000,0x0000005e7ff00000) (1024K)]
  0x0000021df65e4ed0 JavaThread "HikariPool-1 housekeeper"   daemon [_thread_blocked, id=8540, stack(0x0000005e7ff00000,0x0000005e80000000) (1024K)]
  0x0000021df5dbc730 JavaThread "HikariPool-1 connection adder" daemon [_thread_in_vm, id=7852, stack(0x0000005e00000000,0x0000005e00100000) (1024K)]
  0x0000021df5ea1060 JavaThread "Catalina-utility-1"                [_thread_blocked, id=6928, stack(0x0000005e00100000,0x0000005e00200000) (1024K)]
  0x0000021df5ea16f0 JavaThread "Catalina-utility-2"                [_thread_blocked, id=8, stack(0x0000005e00200000,0x0000005e00300000) (1024K)]
  0x0000021df5ea1d80 JavaThread "container-0"                       [_thread_blocked, id=10668, stack(0x0000005e00300000,0x0000005e00400000) (1024K)]
Total: 20

Other Threads:
  0x0000021dd5022360 VMThread "VM Thread"                           [id=8380, stack(0x0000005e7ec00000,0x0000005e7ed00000) (1024K)]
  0x0000021dd5012860 WatcherThread "VM Periodic Task Thread"        [id=3944, stack(0x0000005e7eb00000,0x0000005e7ec00000) (1024K)]
  0x0000021dd4f9d4d0 WorkerThread "GC Thread#0"                     [id=8356, stack(0x0000005e7e600000,0x0000005e7e700000) (1024K)]
  0x0000021df4702920 WorkerThread "GC Thread#1"                     [id=6156, stack(0x0000005e7f800000,0x0000005e7f900000) (1024K)]
  0x0000021df46b3ca0 WorkerThread "GC Thread#2"                     [id=3816, stack(0x0000005e7f900000,0x0000005e7fa00000) (1024K)]
  0x0000021df46b4040 WorkerThread "GC Thread#3"                     [id=11848, stack(0x0000005e7fa00000,0x0000005e7fb00000) (1024K)]
  0x0000021dd4fa5ec0 ConcurrentGCThread "G1 Main Marker"            [id=9208, stack(0x0000005e7e700000,0x0000005e7e800000) (1024K)]
  0x0000021dd4fa68d0 WorkerThread "G1 Conc#0"                       [id=2240, stack(0x0000005e7e800000,0x0000005e7e900000) (1024K)]
  0x0000021dd4ffce90 ConcurrentGCThread "G1 Refine#0"               [id=6132, stack(0x0000005e7e900000,0x0000005e7ea00000) (1024K)]
  0x0000021dd4ffdac0 ConcurrentGCThread "G1 Service"                [id=1712, stack(0x0000005e7ea00000,0x0000005e7eb00000) (1024K)]
Total: 10

Threads with active compile tasks:
C2 CompilerThread0    13282 4358   !   4       com.sun.crypto.provider.PBKDF2KeyImpl::deriveKey (302 bytes)
Total: 1

VM state: not at safepoint (normal execution)

VM Mutex/Monitor currently owned by a thread:  ([mutex/lock_event])
[0x00007ff9e14f5e18] Metaspace_lock - owner thread: 0x0000021df4b62a00

Heap address: 0x00000000c2800000, size: 984 MB, Compressed Oops mode: 32-bit

CDS archive(s) mapped at: [0x0000021d80000000-0x0000021d80c90000-0x0000021d80c90000), size 13172736, SharedBaseAddress: 0x0000021d80000000, ArchiveRelocationMode: 1.
Compressed class space mapped at: 0x0000021d81000000-0x0000021dc1000000, reserved size: 1073741824
Narrow klass base: 0x0000021d80000000, Narrow klass shift: 0, Narrow klass range: 0x100000000

GC Precious Log:
 CardTable entry size: 512
 Card Set container configuration: InlinePtr #cards 5 size 8 Array Of Cards #cards 12 size 40 Howl #buckets 4 coarsen threshold 1843 Howl Bitmap #cards 512 size 80 coarsen threshold 460 Card regions per heap region 1 cards per card region 2048
 CPUs: 4 total, 4 available
 Memory: 3933M
 Large Page Support: Disabled
 NUMA Support: Disabled
 Compressed Oops: Enabled (32-bit)
 Heap Region Size: 1M
 Heap Min Capacity: 8M
 Heap Initial Capacity: 62M
 Heap Max Capacity: 984M
 Pre-touch: Disabled
 Parallel Workers: 4
 Concurrent Workers: 1
 Concurrent Refinement Workers: 4
 Periodic GC: Disabled

Heap:
 garbage-first heap   total 55296K, used 24763K [0x00000000c2800000, 0x0000000100000000)
  region size 1024K, 7 young (7168K), 2 survivors (2048K)
 Metaspace       used 36783K, committed 37312K, reserved 1114112K
  class space    used 4642K, committed 4864K, reserved 1048576K

Heap Regions: E=young(eden), S=young(survivor), O=old, HS=humongous(starts), HC=humongous(continues), CS=collection set, F=free, TAMS=top-at-mark-start, PB=parsable bottom
|   0|0x00000000c2800000, 0x00000000c2900000, 0x00000000c2900000|100%|HS|  |TAMS 0x00000000c2800000| PB 0x00000000c2800000| Complete 
|   1|0x00000000c2900000, 0x00000000c2a00000, 0x00000000c2a00000|100%| O|  |TAMS 0x00000000c2900000| PB 0x00000000c2900000| Untracked 
|   2|0x00000000c2a00000, 0x00000000c2b00000, 0x00000000c2b00000|100%| O|  |TAMS 0x00000000c2a00000| PB 0x00000000c2a00000| Untracked 
|   3|0x00000000c2b00000, 0x00000000c2c00000, 0x00000000c2c00000|100%| O|  |TAMS 0x00000000c2b00000| PB 0x00000000c2b00000| Untracked 
|   4|0x00000000c2c00000, 0x00000000c2d00000, 0x00000000c2d00000|100%| O|  |TAMS 0x00000000c2c00000| PB 0x00000000c2c00000| Untracked 
|   5|0x00000000c2d00000, 0x00000000c2e00000, 0x00000000c2e00000|100%| O|  |TAMS 0x00000000c2d00000| PB 0x00000000c2d00000| Untracked 
|   6|0x00000000c2e00000, 0x00000000c2f00000, 0x00000000c2f00000|100%| O|  |TAMS 0x00000000c2e00000| PB 0x00000000c2e00000| Untracked 
|   7|0x00000000c2f00000, 0x00000000c3000000, 0x00000000c3000000|100%| O|  |TAMS 0x00000000c2f00000| PB 0x00000000c2f00000| Untracked 
|   8|0x00000000c3000000, 0x00000000c3100000, 0x00000000c3100000|100%| O|  |TAMS 0x00000000c3000000| PB 0x00000000c3000000| Untracked 
|   9|0x00000000c3100000, 0x00000000c3200000, 0x00000000c3200000|100%| O|  |TAMS 0x00000000c3100000| PB 0x00000000c3100000| Untracked 
|  10|0x00000000c3200000, 0x00000000c3300000, 0x00000000c3300000|100%| O|  |TAMS 0x00000000c3200000| PB 0x00000000c3200000| Untracked 
|  11|0x00000000c3300000, 0x00000000c3400000, 0x00000000c3400000|100%| O|  |TAMS 0x00000000c3300000| PB 0x00000000c3300000| Untracked 
|  12|0x00000000c3400000, 0x00000000c3500000, 0x00000000c3500000|100%| O|  |TAMS 0x00000000c3400000| PB 0x00000000c3400000| Untracked 
|  13|0x00000000c3500000, 0x00000000c3600000, 0x00000000c3600000|100%| O|  |TAMS 0x00000000c3500000| PB 0x00000000c3500000| Untracked 
|  14|0x00000000c3600000, 0x00000000c3700000, 0x00000000c3700000|100%| O|  |TAMS 0x00000000c3600000| PB 0x00000000c3600000| Untracked 
|  15|0x00000000c3700000, 0x00000000c3800000, 0x00000000c3800000|100%| O|  |TAMS 0x00000000c3700000| PB 0x00000000c3700000| Untracked 
|  16|0x00000000c3800000, 0x00000000c3900000, 0x00000000c3900000|100%| O|  |TAMS 0x00000000c3800000| PB 0x00000000c3800000| Untracked 
|  17|0x00000000c3900000, 0x00000000c3a00000, 0x00000000c3a00000|100%| O|Cm|TAMS 0x00000000c3900000| PB 0x00000000c3900000| Complete 
|  18|0x00000000c3a00000, 0x00000000c3a9c4c0, 0x00000000c3b00000| 61%| O|  |TAMS 0x00000000c3a00000| PB 0x00000000c3a00000| Untracked 
|  19|0x00000000c3b00000, 0x00000000c3b00000, 0x00000000c3c00000|  0%| F|  |TAMS 0x00000000c3b00000| PB 0x00000000c3b00000| Untracked 
|  20|0x00000000c3c00000, 0x00000000c3c00000, 0x00000000c3d00000|  0%| F|  |TAMS 0x00000000c3c00000| PB 0x00000000c3c00000| Untracked 
|  21|0x00000000c3d00000, 0x00000000c3d00000, 0x00000000c3e00000|  0%| F|  |TAMS 0x00000000c3d00000| PB 0x00000000c3d00000| Untracked 
|  22|0x00000000c3e00000, 0x00000000c3e00000, 0x00000000c3f00000|  0%| F|  |TAMS 0x00000000c3e00000| PB 0x00000000c3e00000| Untracked 
|  23|0x00000000c3f00000, 0x00000000c3f00000, 0x00000000c4000000|  0%| F|  |TAMS 0x00000000c3f00000| PB 0x00000000c3f00000| Untracked 
|  24|0x00000000c4000000, 0x00000000c4000000, 0x00000000c4100000|  0%| F|  |TAMS 0x00000000c4000000| PB 0x00000000c4000000| Untracked 
|  25|0x00000000c4100000, 0x00000000c4100000, 0x00000000c4200000|  0%| F|  |TAMS 0x00000000c4100000| PB 0x00000000c4100000| Untracked 
|  26|0x00000000c4200000, 0x00000000c4200000, 0x00000000c4300000|  0%| F|  |TAMS 0x00000000c4200000| PB 0x00000000c4200000| Untracked 
|  27|0x00000000c4300000, 0x00000000c4300000, 0x00000000c4400000|  0%| F|  |TAMS 0x00000000c4300000| PB 0x00000000c4300000| Untracked 
|  28|0x00000000c4400000, 0x00000000c4400000, 0x00000000c4500000|  0%| F|  |TAMS 0x00000000c4400000| PB 0x00000000c4400000| Untracked 
|  29|0x00000000c4500000, 0x00000000c4500000, 0x00000000c4600000|  0%| F|  |TAMS 0x00000000c4500000| PB 0x00000000c4500000| Untracked 
|  30|0x00000000c4600000, 0x00000000c4600000, 0x00000000c4700000|  0%| F|  |TAMS 0x00000000c4600000| PB 0x00000000c4600000| Untracked 
|  31|0x00000000c4700000, 0x00000000c4700000, 0x00000000c4800000|  0%| F|  |TAMS 0x00000000c4700000| PB 0x00000000c4700000| Untracked 
|  32|0x00000000c4800000, 0x00000000c4800000, 0x00000000c4900000|  0%| F|  |TAMS 0x00000000c4800000| PB 0x00000000c4800000| Untracked 
|  33|0x00000000c4900000, 0x00000000c4900000, 0x00000000c4a00000|  0%| F|  |TAMS 0x00000000c4900000| PB 0x00000000c4900000| Untracked 
|  34|0x00000000c4a00000, 0x00000000c4a00000, 0x00000000c4b00000|  0%| F|  |TAMS 0x00000000c4a00000| PB 0x00000000c4a00000| Untracked 
|  35|0x00000000c4b00000, 0x00000000c4b00000, 0x00000000c4c00000|  0%| F|  |TAMS 0x00000000c4b00000| PB 0x00000000c4b00000| Untracked 
|  36|0x00000000c4c00000, 0x00000000c4c92978, 0x00000000c4d00000| 57%| S|CS|TAMS 0x00000000c4c00000| PB 0x00000000c4c00000| Complete 
|  37|0x00000000c4d00000, 0x00000000c4e00000, 0x00000000c4e00000|100%| S|CS|TAMS 0x00000000c4d00000| PB 0x00000000c4d00000| Complete 
|  38|0x00000000c4e00000, 0x00000000c4e00000, 0x00000000c4f00000|  0%| F|  |TAMS 0x00000000c4e00000| PB 0x00000000c4e00000| Untracked 
|  39|0x00000000c4f00000, 0x00000000c4f00000, 0x00000000c5000000|  0%| F|  |TAMS 0x00000000c4f00000| PB 0x00000000c4f00000| Untracked 
|  40|0x00000000c5000000, 0x00000000c5000000, 0x00000000c5100000|  0%| F|  |TAMS 0x00000000c5000000| PB 0x00000000c5000000| Untracked 
|  41|0x00000000c5100000, 0x00000000c5100000, 0x00000000c5200000|  0%| F|  |TAMS 0x00000000c5100000| PB 0x00000000c5100000| Untracked 
|  42|0x00000000c5200000, 0x00000000c5200000, 0x00000000c5300000|  0%| F|  |TAMS 0x00000000c5200000| PB 0x00000000c5200000| Untracked 
|  43|0x00000000c5300000, 0x00000000c5300000, 0x00000000c5400000|  0%| F|  |TAMS 0x00000000c5300000| PB 0x00000000c5300000| Untracked 
|  44|0x00000000c5400000, 0x00000000c5400000, 0x00000000c5500000|  0%| F|  |TAMS 0x00000000c5400000| PB 0x00000000c5400000| Untracked 
|  45|0x00000000c5500000, 0x00000000c5500000, 0x00000000c5600000|  0%| F|  |TAMS 0x00000000c5500000| PB 0x00000000c5500000| Untracked 
|  46|0x00000000c5600000, 0x00000000c5600000, 0x00000000c5700000|  0%| F|  |TAMS 0x00000000c5600000| PB 0x00000000c5600000| Untracked 
|  47|0x00000000c5700000, 0x00000000c5700000, 0x00000000c5800000|  0%| F|  |TAMS 0x00000000c5700000| PB 0x00000000c5700000| Untracked 
|  48|0x00000000c5800000, 0x00000000c5800000, 0x00000000c5900000|  0%| F|  |TAMS 0x00000000c5800000| PB 0x00000000c5800000| Untracked 
|  49|0x00000000c5900000, 0x00000000c59e7bb0, 0x00000000c5a00000| 90%| E|  |TAMS 0x00000000c5900000| PB 0x00000000c5900000| Complete 
|  50|0x00000000c5a00000, 0x00000000c5b00000, 0x00000000c5b00000|100%| E|CS|TAMS 0x00000000c5a00000| PB 0x00000000c5a00000| Complete 
|  51|0x00000000c5b00000, 0x00000000c5c00000, 0x00000000c5c00000|100%| E|CS|TAMS 0x00000000c5b00000| PB 0x00000000c5b00000| Complete 
|  52|0x00000000c5c00000, 0x00000000c5d00000, 0x00000000c5d00000|100%| E|CS|TAMS 0x00000000c5c00000| PB 0x00000000c5c00000| Complete 
|  61|0x00000000c6500000, 0x00000000c6600000, 0x00000000c6600000|100%| E|CS|TAMS 0x00000000c6500000| PB 0x00000000c6500000| Complete 

Card table byte_map: [0x0000021dec5d0000,0x0000021dec7c0000] _byte_map_base: 0x0000021debfbc000

Marking Bits: (CMBitMap*) 0x0000021dd4f9dae0
 Bits: [0x0000021dec7c0000, 0x0000021ded720000)

Polling page: 0x0000021dd2ed0000

Metaspace:

Usage:
  Non-class:     31.39 MB used.
      Class:      4.53 MB used.
       Both:     35.92 MB used.

Virtual space:
  Non-class space:       64.00 MB reserved,      31.69 MB ( 50%) committed,  1 nodes.
      Class space:        1.00 GB reserved,       4.75 MB ( <1%) committed,  1 nodes.
             Both:        1.06 GB reserved,      36.44 MB (  3%) committed. 

Chunk freelists:
   Non-Class:  15.78 MB
       Class:  11.05 MB
        Both:  26.83 MB

MaxMetaspaceSize: unlimited
CompressedClassSpaceSize: 1.00 GB
Initial GC threshold: 21.00 MB
Current GC threshold: 59.06 MB
CDS: on
 - commit_granule_bytes: 65536.
 - commit_granule_words: 8192.
 - virtual_space_node_default_size: 8388608.
 - enlarge_chunks_in_place: 1.
 - use_allocation_guard: 0.


Internal statistics:

num_allocs_failed_limit: 6.
num_arena_births: 732.
num_arena_deaths: 0.
num_vsnodes_births: 2.
num_vsnodes_deaths: 0.
num_space_committed: 583.
num_space_uncommitted: 0.
num_chunks_returned_to_freelist: 6.
num_chunks_taken_from_freelist: 2070.
num_chunk_merges: 3.
num_chunk_splits: 1399.
num_chunks_enlarged: 983.
num_inconsistent_stats: 0.

CodeHeap 'non-profiled nmethods': size=120000Kb used=1752Kb max_used=1910Kb free=118247Kb
 bounds [0x0000021de4eb0000, 0x0000021de5120000, 0x0000021dec3e0000]
CodeHeap 'profiled nmethods': size=120000Kb used=8229Kb max_used=9100Kb free=111770Kb
 bounds [0x0000021ddd3e0000, 0x0000021dddcd0000, 0x0000021de4910000]
CodeHeap 'non-nmethods': size=5760Kb used=1504Kb max_used=1534Kb free=4256Kb
 bounds [0x0000021de4910000, 0x0000021de4b80000, 0x0000021de4eb0000]
 total_blobs=4625 nmethods=4045 adapters=484
 compilation: enabled
              stopped_count=0, restarted_count=0
 full_count=0

Compilation events (20 events):
Event: 13.000 Thread 0x0000021defb8f920 4443       2       org.postgresql.core.PGStream::sendChar (9 bytes)
Event: 13.000 Thread 0x0000021defb8f920 nmethod 4443 0x0000021ddd407e90 code [0x0000021ddd408040, 0x0000021ddd408178]
Event: 13.000 Thread 0x0000021defb8f920 4444   !   2       java.io.BufferedOutputStream::write (62 bytes)
Event: 13.001 Thread 0x0000021defb8f920 nmethod 4444 0x0000021ddd440410 code [0x0000021ddd440640, 0x0000021ddd440ac0]
Event: 13.001 Thread 0x0000021defb8f920 4445       2       java.io.BufferedOutputStream::implWrite (40 bytes)
Event: 13.001 Thread 0x0000021defb8f920 nmethod 4445 0x0000021ddd44ab10 code [0x0000021ddd44acc0, 0x0000021ddd44aea8]
Event: 13.001 Thread 0x0000021defb8f920 4446       2       org.postgresql.core.PGStream::receiveInteger4 (76 bytes)
Event: 13.002 Thread 0x0000021defb8f920 nmethod 4446 0x0000021ddd50e590 code [0x0000021ddd50e760, 0x0000021ddd50ea40]
Event: 13.025 Thread 0x0000021defb8f920 4447       2       sun.security.provider.DigestBase::engineUpdate (32 bytes)
Event: 13.025 Thread 0x0000021defb8f920 nmethod 4447 0x0000021ddd460190 code [0x0000021ddd460340, 0x0000021ddd4605a8]
Event: 13.108 Thread 0x0000021defb8f920 4448       2       java.nio.MappedByteBuffer::limit (6 bytes)
Event: 13.109 Thread 0x0000021defb8f920 nmethod 4448 0x0000021ddd40fe90 code [0x0000021ddd410020, 0x0000021ddd410150]
Event: 13.114 Thread 0x0000021defb8f920 4449 %     3       sun.security.provider.HashDrbg::addBytes @ 33 (130 bytes)
Event: 13.115 Thread 0x0000021defb8f920 nmethod 4449% 0x0000021ddd457090 code [0x0000021ddd457260, 0x0000021ddd457790]
Event: 13.130 Thread 0x0000021defb8f920 4450       1       java.security.Provider::getName (5 bytes)
Event: 13.130 Thread 0x0000021defb8f920 nmethod 4450 0x0000021de4ece390 code [0x0000021de4ece520, 0x0000021de4ece5e8]
Event: 13.136 Thread 0x0000021defb8f920 4451       2       org.postgresql.core.VisibleBufferedInputStream::skip (58 bytes)
Event: 13.137 Thread 0x0000021defb8f920 nmethod 4451 0x0000021ddd405b90 code [0x0000021ddd405d40, 0x0000021ddd405ee0]
Event: 13.137 Thread 0x0000021defb8f920 4452       2       java.util.TreeMap::rotateLeft (96 bytes)
Event: 13.137 Thread 0x0000021defb8f920 nmethod 4452 0x0000021ddd3f5590 code [0x0000021ddd3f5740, 0x0000021ddd3f5b78]

GC Heap History (16 events):
Event: 2.325 GC heap before
{Heap before GC invocations=0 (full 0):
 garbage-first heap   total 63488K, used 13312K [0x00000000c2800000, 0x0000000100000000)
  region size 1024K, 13 young (13312K), 0 survivors (0K)
 Metaspace       used 3491K, committed 3648K, reserved 1114112K
  class space    used 326K, committed 384K, reserved 1048576K
}
Event: 2.335 GC heap after
{Heap after GC invocations=1 (full 0):
 garbage-first heap   total 63488K, used 6784K [0x00000000c2800000, 0x0000000100000000)
  region size 1024K, 2 young (2048K), 2 survivors (2048K)
 Metaspace       used 3491K, committed 3648K, reserved 1114112K
  class space    used 326K, committed 384K, reserved 1048576K
}
Event: 3.196 GC heap before
{Heap before GC invocations=1 (full 0):
 garbage-first heap   total 63488K, used 19072K [0x00000000c2800000, 0x0000000100000000)
  region size 1024K, 14 young (14336K), 2 survivors (2048K)
 Metaspace       used 6408K, committed 6592K, reserved 1114112K
  class space    used 714K, committed 768K, reserved 1048576K
}
Event: 3.201 GC heap after
{Heap after GC invocations=2 (full 0):
 garbage-first heap   total 63488K, used 7700K [0x00000000c2800000, 0x0000000100000000)
  region size 1024K, 1 young (1024K), 1 survivors (1024K)
 Metaspace       used 6408K, committed 6592K, reserved 1114112K
  class space    used 714K, committed 768K, reserved 1048576K
}
Event: 5.486 GC heap before
{Heap before GC invocations=2 (full 0):
 garbage-first heap   total 63488K, used 34324K [0x00000000c2800000, 0x0000000100000000)
  region size 1024K, 28 young (28672K), 1 survivors (1024K)
 Metaspace       used 14022K, committed 14272K, reserved 1114112K
  class space    used 1638K, committed 1728K, reserved 1048576K
}
Event: 5.492 GC heap after
{Heap after GC invocations=3 (full 0):
 garbage-first heap   total 63488K, used 10155K [0x00000000c2800000, 0x0000000100000000)
  region size 1024K, 4 young (4096K), 4 survivors (4096K)
 Metaspace       used 14022K, committed 14272K, reserved 1114112K
  class space    used 1638K, committed 1728K, reserved 1048576K
}
Event: 7.046 GC heap before
{Heap before GC invocations=3 (full 0):
 garbage-first heap   total 63488K, used 41899K [0x00000000c2800000, 0x0000000100000000)
  region size 1024K, 36 young (36864K), 4 survivors (4096K)
 Metaspace       used 19586K, committed 19904K, reserved 1114112K
  class space    used 2347K, committed 2496K, reserved 1048576K
}
Event: 7.057 GC heap after
{Heap after GC invocations=4 (full 0):
 garbage-first heap   total 63488K, used 13138K [0x00000000c2800000, 0x0000000100000000)
  region size 1024K, 5 young (5120K), 5 survivors (5120K)
 Metaspace       used 19586K, committed 19904K, reserved 1114112K
  class space    used 2347K, committed 2496K, reserved 1048576K
}
Event: 8.170 GC heap before
{Heap before GC invocations=4 (full 0):
 garbage-first heap   total 63488K, used 26450K [0x00000000c2800000, 0x0000000100000000)
  region size 1024K, 20 young (20480K), 5 survivors (5120K)
 Metaspace       used 21212K, committed 21504K, reserved 1114112K
  class space    used 2536K, committed 2688K, reserved 1048576K
}
Event: 8.180 GC heap after
{Heap after GC invocations=5 (full 0):
 garbage-first heap   total 63488K, used 14262K [0x00000000c2800000, 0x0000000100000000)
  region size 1024K, 2 young (2048K), 2 survivors (2048K)
 Metaspace       used 21212K, committed 21504K, reserved 1114112K
  class space    used 2536K, committed 2688K, reserved 1048576K
}
Event: 10.045 GC heap before
{Heap before GC invocations=6 (full 0):
 garbage-first heap   total 55296K, used 44982K [0x00000000c2800000, 0x0000000100000000)
  region size 1024K, 32 young (32768K), 2 survivors (2048K)
 Metaspace       used 26420K, committed 26880K, reserved 1114112K
  class space    used 3299K, committed 3520K, reserved 1048576K
}
Event: 10.053 GC heap after
{Heap after GC invocations=7 (full 0):
 garbage-first heap   total 55296K, used 17080K [0x00000000c2800000, 0x0000000100000000)
  region size 1024K, 4 young (4096K), 4 survivors (4096K)
 Metaspace       used 26420K, committed 26880K, reserved 1114112K
  class space    used 3299K, committed 3520K, reserved 1048576K
}
Event: 11.588 GC heap before
{Heap before GC invocations=7 (full 0):
 garbage-first heap   total 55296K, used 43704K [0x00000000c2800000, 0x0000000100000000)
  region size 1024K, 30 young (30720K), 4 survivors (4096K)
 Metaspace       used 32151K, committed 32704K, reserved 1114112K
  class space    used 3990K, committed 4224K, reserved 1048576K
}
Event: 11.598 GC heap after
{Heap after GC invocations=8 (full 0):
 garbage-first heap   total 55296K, used 19128K [0x00000000c2800000, 0x0000000100000000)
  region size 1024K, 3 young (3072K), 3 survivors (3072K)
 Metaspace       used 32151K, committed 32704K, reserved 1114112K
  class space    used 3990K, committed 4224K, reserved 1048576K
}
Event: 12.883 GC heap before
{Heap before GC invocations=8 (full 0):
 garbage-first heap   total 55296K, used 34488K [0x00000000c2800000, 0x0000000100000000)
  region size 1024K, 19 young (19456K), 3 survivors (3072K)
 Metaspace       used 35583K, committed 36096K, reserved 1114112K
  class space    used 4448K, committed 4672K, reserved 1048576K
}
Event: 12.890 GC heap after
{Heap after GC invocations=9 (full 0):
 garbage-first heap   total 55296K, used 20667K [0x00000000c2800000, 0x0000000100000000)
  region size 1024K, 2 young (2048K), 2 survivors (2048K)
 Metaspace       used 35583K, committed 36096K, reserved 1114112K
  class space    used 4448K, committed 4672K, reserved 1048576K
}

Dll operation events (13 events):
Event: 0.034 Loaded shared library C:\Program Files\Java\jdk-21\bin\java.dll
Event: 0.426 Loaded shared library C:\Program Files\Java\jdk-21\bin\jsvml.dll
Event: 1.149 Loaded shared library C:\Program Files\Java\jdk-21\bin\zip.dll
Event: 1.187 Loaded shared library C:\Program Files\Java\jdk-21\bin\instrument.dll
Event: 1.204 Loaded shared library C:\Program Files\Java\jdk-21\bin\net.dll
Event: 1.209 Loaded shared library C:\Program Files\Java\jdk-21\bin\nio.dll
Event: 1.216 Loaded shared library C:\Program Files\Java\jdk-21\bin\zip.dll
Event: 1.559 Loaded shared library C:\Program Files\Java\jdk-21\bin\jimage.dll
Event: 1.770 Loaded shared library C:\Users\Ric\AppData\Local\Programs\IntelliJ IDEA Community Edition\bin\breakgen64.dll
Event: 1.801 Loaded shared library C:\Program Files\Java\jdk-21\bin\extnet.dll
Event: 2.733 Loaded shared library C:\Program Files\Java\jdk-21\bin\management.dll
Event: 2.741 Loaded shared library C:\Program Files\Java\jdk-21\bin\management_ext.dll
Event: 6.005 Loaded shared library C:\Program Files\Java\jdk-21\bin\sunmscapi.dll

Deoptimization events (20 events):
Event: 12.286 Thread 0x0000021df4b62a00 Uncommon trap: trap_request=0xffffff45 fr.pc=0x0000021de507b070 relative=0x0000000000000070
Event: 12.286 Thread 0x0000021df4b62a00 Uncommon trap: reason=unstable_if action=reinterpret pc=0x0000021de507b070 method=java.util.concurrent.ConcurrentHashMap.sumCount()J @ 11 c2
Event: 12.286 Thread 0x0000021df4b62a00 DEOPT PACKING pc=0x0000021de507b070 sp=0x0000005e7fcfd220
Event: 12.286 Thread 0x0000021df4b62a00 DEOPT UNPACKING pc=0x0000021de49646a2 sp=0x0000005e7fcfd180 mode 2
Event: 12.325 Thread 0x0000021df5dbc730 DEOPT PACKING pc=0x0000021dddc7bce3 sp=0x0000005e000fe300
Event: 12.325 Thread 0x0000021df5dbc730 DEOPT UNPACKING pc=0x0000021de4964e42 sp=0x0000005e000fd7d0 mode 0
Event: 12.454 Thread 0x0000021df4b62a00 Uncommon trap: trap_request=0xffffff45 fr.pc=0x0000021de4fa1a24 relative=0x0000000000002ea4
Event: 12.454 Thread 0x0000021df4b62a00 Uncommon trap: reason=unstable_if action=reinterpret pc=0x0000021de4fa1a24 method=java.net.URL.<init>(Ljava/net/URL;Ljava/lang/String;Ljava/net/URLStreamHandler;)V @ 57 c2
Event: 12.454 Thread 0x0000021df4b62a00 DEOPT PACKING pc=0x0000021de4fa1a24 sp=0x0000005e7fcfdf10
Event: 12.454 Thread 0x0000021df4b62a00 DEOPT UNPACKING pc=0x0000021de49646a2 sp=0x0000005e7fcfdec0 mode 2
Event: 12.469 Thread 0x0000021df5dbc730 DEOPT PACKING pc=0x0000021dddc7bce3 sp=0x0000005e000fe300
Event: 12.469 Thread 0x0000021df5dbc730 DEOPT UNPACKING pc=0x0000021de4964e42 sp=0x0000005e000fd7d0 mode 0
Event: 12.618 Thread 0x0000021df5dbc730 DEOPT PACKING pc=0x0000021dddc7bce3 sp=0x0000005e000fe300
Event: 12.618 Thread 0x0000021df5dbc730 DEOPT UNPACKING pc=0x0000021de4964e42 sp=0x0000005e000fd7d0 mode 0
Event: 12.777 Thread 0x0000021df5dbc730 DEOPT PACKING pc=0x0000021dddc7bce3 sp=0x0000005e000fe300
Event: 12.777 Thread 0x0000021df5dbc730 DEOPT UNPACKING pc=0x0000021de4964e42 sp=0x0000005e000fd7d0 mode 0
Event: 12.976 Thread 0x0000021df5dbc730 DEOPT PACKING pc=0x0000021dddc7bce3 sp=0x0000005e000fe300
Event: 12.976 Thread 0x0000021df5dbc730 DEOPT UNPACKING pc=0x0000021de4964e42 sp=0x0000005e000fd7d0 mode 0
Event: 13.116 Thread 0x0000021df5dbc730 DEOPT PACKING pc=0x0000021dddc7bce3 sp=0x0000005e000fe300
Event: 13.116 Thread 0x0000021df5dbc730 DEOPT UNPACKING pc=0x0000021de4964e42 sp=0x0000005e000fd7d0 mode 0

Classes loaded (20 events):
Event: 11.821 Loading class java/io/ObjectStreamClass$4
Event: 11.821 Loading class java/io/ObjectStreamClass$4 done
Event: 11.821 Loading class java/io/ObjectStreamClass$5
Event: 11.821 Loading class java/io/ObjectStreamClass$5 done
Event: 11.931 Loading class java/io/SerialCallbackContext
Event: 11.932 Loading class java/io/SerialCallbackContext done
Event: 11.943 Loading class sun/util/locale/LocaleExtensions
Event: 11.944 Loading class sun/util/locale/LocaleExtensions done
Event: 11.945 Loading class java/util/Locale$FilteringMode
Event: 11.946 Loading class java/util/Locale$FilteringMode done
Event: 11.946 Loading class java/util/Locale$IsoCountryCode
Event: 11.946 Loading class java/util/Locale$IsoCountryCode done
Event: 11.947 Loading class java/io/ObjectStreamClass$ExceptionInfo
Event: 11.947 Loading class java/io/ObjectStreamClass$ExceptionInfo done
Event: 11.954 Loading class jdk/internal/vm/annotation/IntrinsicCandidate
Event: 11.955 Loading class jdk/internal/vm/annotation/IntrinsicCandidate done
Event: 12.357 Loading class javax/naming/Referenceable
Event: 12.358 Loading class javax/naming/Referenceable done
Event: 12.447 Loading class java/lang/instrument/ClassFileTransformer
Event: 12.447 Loading class java/lang/instrument/ClassFileTransformer done

Classes unloaded (0 events):
No events

Classes redefined (0 events):
No events

Internal exceptions (20 events):
Event: 10.166 Thread 0x0000021df4b62a00 Exception <a 'java/lang/NoSuchMethodError'{0x00000000c5b13338}: 'void java.lang.invoke.DirectMethodHandle$Holder.invokeStatic(java.lang.Object, int, java.lang.Object)'> (0x00000000c5b13338) 
thrown [s\open\src\hotspot\share\interpreter\linkResolver.cpp, line 773]
Event: 10.175 Thread 0x0000021df4b62a00 Exception <a 'java/lang/NoSuchMethodError'{0x00000000c5b48d60}: 'void java.lang.invoke.DirectMethodHandle$Holder.invokeStatic(java.lang.Object, java.lang.Object, java.lang.Object, int, java.lang.Object)'> (0x00000000c5b48d60) 
thrown [s\open\src\hotspot\share\interpreter\linkResolver.cpp, line 773]
Event: 10.177 Thread 0x0000021df4b62a00 Exception <a 'java/lang/NoSuchMethodError'{0x00000000c5b4f5a0}: 'java.lang.Object java.lang.invoke.DirectMethodHandle$Holder.newInvokeSpecial(java.lang.Object, java.lang.Object, java.lang.Object, int)'> (0x00000000c5b4f5a0) 
thrown [s\open\src\hotspot\share\interpreter\linkResolver.cpp, line 773]
Event: 10.178 Thread 0x0000021df4b62a00 Exception <a 'java/lang/NoSuchMethodError'{0x00000000c5b53420}: 'java.lang.Object java.lang.invoke.DirectMethodHandle$Holder.invokeSpecial(java.lang.Object, java.lang.Object, java.lang.Object, java.lang.Object, int)'> (0x00000000c5b53420) 
thrown [s\open\src\hotspot\share\interpreter\linkResolver.cpp, line 773]
Event: 10.178 Thread 0x0000021df4b62a00 Exception <a 'java/lang/NoSuchMethodError'{0x00000000c5b568a8}: 'java.lang.Object java.lang.invoke.Invokers$Holder.linkToTargetMethod(java.lang.Object, java.lang.Object, int, java.lang.Object)'> (0x00000000c5b568a8) 
thrown [s\open\src\hotspot\share\interpreter\linkResolver.cpp, line 773]
Event: 10.350 Thread 0x0000021df4b62a00 Exception <a 'java/lang/NoSuchMethodError'{0x00000000c58e9ad0}: 'java.lang.Object java.lang.invoke.DirectMethodHandle$Holder.invokeStaticInit(java.lang.Object, int, int, int, int)'> (0x00000000c58e9ad0) 
thrown [s\open\src\hotspot\share\interpreter\linkResolver.cpp, line 773]
Event: 10.373 Thread 0x0000021df4b62a00 Exception <a 'java/lang/NoSuchMethodError'{0x00000000c5712be8}: 'java.lang.Object java.lang.invoke.DirectMethodHandle$Holder.invokeStaticInit(java.lang.Object, java.lang.Object, int, int, int, int)'> (0x00000000c5712be8) 
thrown [s\open\src\hotspot\share\interpreter\linkResolver.cpp, line 773]
Event: 10.647 Thread 0x0000021df4b62a00 Exception <a 'java/lang/NoSuchMethodError'{0x00000000c51b3998}: 'int java.lang.invoke.DirectMethodHandle$Holder.invokeVirtual(java.lang.Object, java.lang.Object, java.lang.Object, java.lang.Object)'> (0x00000000c51b3998) 
thrown [s\open\src\hotspot\share\interpreter\linkResolver.cpp, line 773]
Event: 10.648 Thread 0x0000021df4b62a00 Exception <a 'java/lang/NoSuchMethodError'{0x00000000c51b7400}: 'int java.lang.invoke.DelegatingMethodHandle$Holder.reinvoke_L(java.lang.Object, java.lang.Object, java.lang.Object, java.lang.Object)'> (0x00000000c51b7400) 
thrown [s\open\src\hotspot\share\interpreter\linkResolver.cpp, line 773]
Event: 10.767 Thread 0x0000021df4b62a00 Exception <a 'java/io/FileNotFoundException'{0x00000000c4e03a40}> (0x00000000c4e03a40) 
thrown [s\open\src\hotspot\share\prims\jni.cpp, line 520]
Event: 10.814 Thread 0x0000021df4b62a00 Exception <a 'java/lang/NoSuchMethodError'{0x00000000c4d59ef8}: 'int java.lang.invoke.DirectMethodHandle$Holder.invokeInterface(java.lang.Object, java.lang.Object, java.lang.Object, java.lang.Object)'> (0x00000000c4d59ef8) 
thrown [s\open\src\hotspot\share\interpreter\linkResolver.cpp, line 773]
Event: 10.954 Thread 0x0000021df4b62a00 Exception <a 'java/lang/NoSuchMethodError'{0x00000000c4971a28}: method resolution failed> (0x00000000c4971a28) 
thrown [s\open\src\hotspot\share\prims\methodHandles.cpp, line 1144]
Event: 10.971 Thread 0x0000021df4b62a00 Exception <a 'java/lang/NoSuchMethodError'{0x00000000c49be138}: 'int java.lang.invoke.DirectMethodHandle$Holder.invokeStaticInit(java.lang.Object, java.lang.Object, java.lang.Object, java.lang.Object)'> (0x00000000c49be138) 
thrown [s\open\src\hotspot\share\interpreter\linkResolver.cpp, line 773]
Event: 11.298 Thread 0x0000021df4b62a00 Exception <a 'sun/nio/fs/WindowsException'{0x00000000c4760ed0}> (0x00000000c4760ed0) 
thrown [s\open\src\hotspot\share\prims\jni.cpp, line 520]
Event: 11.603 Thread 0x0000021df4b62a00 Exception <a 'java/lang/NoSuchMethodError'{0x00000000c6515b90}: 'java.lang.Object java.lang.invoke.DirectMethodHandle$Holder.invokeStaticInit(java.lang.Object, java.lang.Object, java.lang.Object, java.lang.Object)'> (0x00000000c6515b90) 
thrown [s\open\src\hotspot\share\interpreter\linkResolver.cpp, line 773]
Event: 11.711 Thread 0x0000021df4b62a00 Exception <a 'java/lang/NoSuchMethodError'{0x00000000c5ba03e0}: 'long java.lang.invoke.DirectMethodHandle$Holder.invokeVirtual(java.lang.Object, java.lang.Object)'> (0x00000000c5ba03e0) 
thrown [s\open\src\hotspot\share\interpreter\linkResolver.cpp, line 773]
Event: 11.743 Thread 0x0000021df4b62a00 Exception <a 'java/lang/NoSuchMethodError'{0x00000000c5bd9f30}: 'long java.lang.invoke.Invokers$Holder.invokeExact_MT(java.lang.Object, java.lang.Object)'> (0x00000000c5bd9f30) 
thrown [s\open\src\hotspot\share\interpreter\linkResolver.cpp, line 773]
Event: 11.821 Thread 0x0000021df4b62a00 Exception <a 'java/lang/NoSuchMethodError'{0x00000000c5a459c8}: static Lorg/springframework/security/web/csrf/DefaultCsrfToken;.<clinit>()V> (0x00000000c5a459c8) 
thrown [s\open\src\hotspot\share\prims\jni.cpp, line 1111]
Event: 12.285 Thread 0x0000021df4b62a00 Exception <a 'java/lang/NoSuchMethodError'{0x00000000c5850050}: 'java.lang.Object java.lang.invoke.DirectMethodHandle$Holder.newInvokeSpecial(java.lang.Object, java.lang.Object, java.lang.Object, java.lang.Object, java.lang.Object, java.lang.Object, java.lang.Object, java.lang.Object, java.lang.Object, java.lang.Object, java.lang.Object)'> (0x00000000c5850050) 
thrown [s\open\src\hotspot\share\interpreter\linkResolver.cpp, line 773]
Event: 12.517 Thread 0x0000021df4b62a00 Exception <a 'java/lang/NoSuchMethodError'{0x00000000c5474358}: 'void java.lang.invoke.DelegatingMethodHandle$Holder.reinvoke_L(java.lang.Object, java.lang.Object, java.lang.Object, java.lang.Object, int, java.lang.Object, java.lang.Object, java.lang.Object)'> (0x00000000c5474358) 
thrown [s\open\src\hotspot\share\interpreter\linkResolver.cpp, line 773]

ZGC Phase Switch (0 events):
No events

VM Operations (20 events):
Event: 11.587 Executing VM operation: G1CollectForAllocation (G1 Evacuation Pause)
Event: 11.598 Executing VM operation: G1CollectForAllocation (G1 Evacuation Pause) done
Event: 11.655 Executing VM operation: HandshakeAllThreads (Deoptimize)
Event: 11.655 Executing VM operation: HandshakeAllThreads (Deoptimize) done
Event: 11.656 Executing VM operation: HandshakeAllThreads (Deoptimize)
Event: 11.656 Executing VM operation: HandshakeAllThreads (Deoptimize) done
Event: 11.960 Executing VM operation: HandshakeAllThreads (Deoptimize)
Event: 11.960 Executing VM operation: HandshakeAllThreads (Deoptimize) done
Event: 12.185 Executing VM operation: HandshakeAllThreads (Deoptimize)
Event: 12.271 Executing VM operation: HandshakeAllThreads (Deoptimize) done
Event: 12.681 Executing VM operation: HandshakeAllThreads (Deoptimize)
Event: 12.681 Executing VM operation: HandshakeAllThreads (Deoptimize) done
Event: 12.681 Executing VM operation: Cleanup
Event: 12.681 Executing VM operation: Cleanup done
Event: 12.883 Executing VM operation: CollectForMetadataAllocation (Metadata GC Threshold)
Event: 12.890 Executing VM operation: CollectForMetadataAllocation (Metadata GC Threshold) done
Event: 12.943 Executing VM operation: G1PauseRemark
Event: 12.949 Executing VM operation: G1PauseRemark done
Event: 12.973 Executing VM operation: G1PauseCleanup
Event: 12.973 Executing VM operation: G1PauseCleanup done

Events (20 events):
Event: 12.948 Thread 0x0000021dd5022360 flushing nmethod 0x0000021ddd5b5c10
Event: 12.948 Thread 0x0000021dd5022360 flushing nmethod 0x0000021ddd5c4990
Event: 12.948 Thread 0x0000021dd5022360 flushing nmethod 0x0000021ddd607290
Event: 12.948 Thread 0x0000021dd5022360 flushing nmethod 0x0000021ddd607b10
Event: 12.948 Thread 0x0000021dd5022360 flushing nmethod 0x0000021ddd617f10
Event: 12.948 Thread 0x0000021dd5022360 flushing nmethod 0x0000021ddd61ff90
Event: 12.948 Thread 0x0000021dd5022360 flushing nmethod 0x0000021ddd63cd90
Event: 12.948 Thread 0x0000021dd5022360 flushing nmethod 0x0000021ddd6ec990
Event: 12.948 Thread 0x0000021dd5022360 flushing nmethod 0x0000021ddd6ef090
Event: 12.948 Thread 0x0000021dd5022360 flushing nmethod 0x0000021ddd703d90
Event: 12.948 Thread 0x0000021dd5022360 flushing nmethod 0x0000021ddd704290
Event: 12.948 Thread 0x0000021dd5022360 flushing nmethod 0x0000021ddd76cf10
Event: 12.948 Thread 0x0000021dd5022360 flushing nmethod 0x0000021ddd7cb310
Event: 12.948 Thread 0x0000021dd5022360 flushing nmethod 0x0000021ddd7cbc10
Event: 12.948 Thread 0x0000021dd5022360 flushing nmethod 0x0000021ddd7ccc10
Event: 12.948 Thread 0x0000021dd5022360 flushing nmethod 0x0000021ddd7cd410
Event: 12.948 Thread 0x0000021dd5022360 flushing nmethod 0x0000021ddd7cea10
Event: 12.948 Thread 0x0000021dd5022360 flushing nmethod 0x0000021ddd7e1390
Event: 12.948 Thread 0x0000021dd5022360 flushing nmethod 0x0000021ddd808690
Event: 12.948 Thread 0x0000021dd5022360 flushing nmethod 0x0000021ddd853990


Dynamic libraries:
0x00007ff693ff0000 - 0x00007ff694000000 	C:\Program Files\Java\jdk-21\bin\java.exe
0x00007ffa13c90000 - 0x00007ffa13e88000 	C:\Windows\SYSTEM32\ntdll.dll
0x00007ffa12c60000 - 0x00007ffa12d21000 	C:\Windows\System32\KERNEL32.DLL
0x00007ffa11590000 - 0x00007ffa1188d000 	C:\Windows\System32\KERNELBASE.dll
0x00007ffa11340000 - 0x00007ffa11440000 	C:\Windows\System32\ucrtbase.dll
0x00007ffa07560000 - 0x00007ffa0757b000 	C:\Program Files\Java\jdk-21\bin\VCRUNTIME140.dll
0x00007ffa07580000 - 0x00007ffa07599000 	C:\Program Files\Java\jdk-21\bin\jli.dll
0x00007ffa11e30000 - 0x00007ffa11ee0000 	C:\Windows\System32\ADVAPI32.dll
0x00007ffa11f00000 - 0x00007ffa11f9e000 	C:\Windows\System32\msvcrt.dll
0x00007ffa12b30000 - 0x00007ffa12bd0000 	C:\Windows\System32\sechost.dll
0x00007ffa136b0000 - 0x00007ffa137d3000 	C:\Windows\System32\RPCRT4.dll
0x00007ffa11c90000 - 0x00007ffa11cb7000 	C:\Windows\System32\bcrypt.dll
0x00007ffa13360000 - 0x00007ffa134fd000 	C:\Windows\System32\USER32.dll
0x00007ffa11440000 - 0x00007ffa11462000 	C:\Windows\System32\win32u.dll
0x00007ff9fe4f0000 - 0x00007ff9fe78a000 	C:\Windows\WinSxS\amd64_microsoft.windows.common-controls_6595b64144ccf1df_6.0.19041.4355_none_60b8b9eb71f62e16\COMCTL32.dll
0x00007ffa131a0000 - 0x00007ffa131cb000 	C:\Windows\System32\GDI32.dll
0x00007ffa11470000 - 0x00007ffa11587000 	C:\Windows\System32\gdi32full.dll
0x00007ffa11bf0000 - 0x00007ffa11c8d000 	C:\Windows\System32\msvcp_win.dll
0x00007ffa034c0000 - 0x00007ffa034ca000 	C:\Windows\SYSTEM32\VERSION.dll
0x00007ffa13330000 - 0x00007ffa1335f000 	C:\Windows\System32\IMM32.DLL
0x00007ffa0a860000 - 0x00007ffa0a86c000 	C:\Program Files\Java\jdk-21\bin\vcruntime140_1.dll
0x00007ff9ef8e0000 - 0x00007ff9ef96e000 	C:\Program Files\Java\jdk-21\bin\msvcp140.dll
0x00007ff9e08c0000 - 0x00007ff9e15d3000 	C:\Program Files\Java\jdk-21\bin\server\jvm.dll
0x00007ffa12ac0000 - 0x00007ffa12b2b000 	C:\Windows\System32\WS2_32.dll
0x00007ffa110e0000 - 0x00007ffa1112b000 	C:\Windows\SYSTEM32\POWRPROF.dll
0x00007ff9fe0d0000 - 0x00007ff9fe0f7000 	C:\Windows\SYSTEM32\WINMM.dll
0x00007ffa110c0000 - 0x00007ffa110d2000 	C:\Windows\SYSTEM32\UMPDC.dll
0x00007ffa0f180000 - 0x00007ffa0f192000 	C:\Windows\SYSTEM32\kernel.appcore.dll
0x00007ffa08780000 - 0x00007ffa0878a000 	C:\Program Files\Java\jdk-21\bin\jimage.dll
0x00007ff9f90e0000 - 0x00007ff9f92c4000 	C:\Windows\SYSTEM32\DBGHELP.DLL
0x00007ff9f9680000 - 0x00007ff9f96b4000 	C:\Windows\SYSTEM32\dbgcore.DLL
0x00007ffa11890000 - 0x00007ffa11912000 	C:\Windows\System32\bcryptPrimitives.dll
0x00007ffa07540000 - 0x00007ffa0754f000 	C:\Program Files\Java\jdk-21\bin\instrument.dll
0x00007ffa02580000 - 0x00007ffa0259f000 	C:\Program Files\Java\jdk-21\bin\java.dll
0x00007ffa11fa0000 - 0x00007ffa1270f000 	C:\Windows\System32\SHELL32.dll
0x00007ffa0f380000 - 0x00007ffa0fb1f000 	C:\Windows\SYSTEM32\windows.storage.dll
0x00007ffa12d30000 - 0x00007ffa13083000 	C:\Windows\System32\combase.dll
0x00007ffa10bb0000 - 0x00007ffa10bde000 	C:\Windows\SYSTEM32\Wldp.dll
0x00007ffa12780000 - 0x00007ffa1284d000 	C:\Windows\System32\OLEAUT32.dll
0x00007ffa13090000 - 0x00007ffa1313d000 	C:\Windows\System32\SHCORE.dll
0x00007ffa11cc0000 - 0x00007ffa11d15000 	C:\Windows\System32\shlwapi.dll
0x00007ffa11270000 - 0x00007ffa11294000 	C:\Windows\SYSTEM32\profapi.dll
0x00007ff9ec2c0000 - 0x00007ff9ec397000 	C:\Program Files\Java\jdk-21\bin\jsvml.dll
0x00007ff9fe340000 - 0x00007ff9fe358000 	C:\Program Files\Java\jdk-21\bin\zip.dll
0x00007ffa02690000 - 0x00007ffa026a0000 	C:\Program Files\Java\jdk-21\bin\net.dll
0x00007ffa0aa60000 - 0x00007ffa0ab6d000 	C:\Windows\SYSTEM32\WINHTTP.dll
0x00007ffa10990000 - 0x00007ffa109fa000 	C:\Windows\system32\mswsock.dll
0x00007ff9fe320000 - 0x00007ff9fe336000 	C:\Program Files\Java\jdk-21\bin\nio.dll
0x00007ff9fe300000 - 0x00007ff9fe31a000 	C:\Users\Ric\AppData\Local\Programs\IntelliJ IDEA Community Edition\bin\breakgen64.dll
0x00007ffa00650000 - 0x00007ffa00659000 	C:\Program Files\Java\jdk-21\bin\extnet.dll
0x00007ffa002c0000 - 0x00007ffa002ca000 	C:\Program Files\Java\jdk-21\bin\management.dll
0x00007ff9ff5a0000 - 0x00007ff9ff5ab000 	C:\Program Files\Java\jdk-21\bin\management_ext.dll
0x00007ffa12710000 - 0x00007ffa12718000 	C:\Windows\System32\PSAPI.DLL
0x00007ff9fdcc0000 - 0x00007ff9fdcce000 	C:\Program Files\Java\jdk-21\bin\sunmscapi.dll
0x00007ffa119e0000 - 0x00007ffa11b3e000 	C:\Windows\System32\CRYPT32.dll
0x00007ffa10c20000 - 0x00007ffa10c49000 	C:\Windows\SYSTEM32\ncrypt.dll
0x00007ffa10be0000 - 0x00007ffa10c1b000 	C:\Windows\SYSTEM32\NTASN1.dll
0x00007ffa10f50000 - 0x00007ffa10f68000 	C:\Windows\SYSTEM32\CRYPTSP.dll
0x00007ffa102d0000 - 0x00007ffa10304000 	C:\Windows\system32\rsaenh.dll
0x00007ffa11220000 - 0x00007ffa1124e000 	C:\Windows\SYSTEM32\USERENV.dll
0x00007ffa10b20000 - 0x00007ffa10b2c000 	C:\Windows\SYSTEM32\CRYPTBASE.dll
0x00007ffa10690000 - 0x00007ffa106cb000 	C:\Windows\SYSTEM32\IPHLPAPI.DLL
0x00007ffa12970000 - 0x00007ffa12978000 	C:\Windows\System32\NSI.dll
0x00007ffa106d0000 - 0x00007ffa1079a000 	C:\Windows\SYSTEM32\DNSAPI.dll
0x00007ffa07e20000 - 0x00007ffa07e2a000 	C:\Windows\System32\rasadhlp.dll
0x00007ffa09200000 - 0x00007ffa09280000 	C:\Windows\System32\fwpuclnt.dll

dbghelp: loaded successfully - version: 4.0.5 - missing functions: none
symbol engine: initialized successfully - sym options: 0x614 - pdb path: .;C:\Program Files\Java\jdk-21\bin;C:\Windows\SYSTEM32;C:\Windows\WinSxS\amd64_microsoft.windows.common-controls_6595b64144ccf1df_6.0.19041.4355_none_60b8b9eb71f62e16;C:\Program Files\Java\jdk-21\bin\server;C:\Users\Ric\AppData\Local\Programs\IntelliJ IDEA Community Edition\bin

VM Arguments:
jvm_args: -javaagent:C:\Users\Ric\AppData\Local\Programs\IntelliJ IDEA Community Edition\lib\idea_rt.jar=2045:C:\Users\Ric\AppData\Local\Programs\IntelliJ IDEA Community Edition\bin -Dfile.encoding=UTF-8 -Dsun.stdout.encoding=UTF-8 -Dsun.stderr.encoding=UTF-8 
java_command: com.hasinarezida.biblio.BiblioApplication
java_class_path (initial): C:\Users\Ric\Documents\projects\work\library\target\classes;C:\Users\Ric\.m2\repository\org\springframework\boot\spring-boot-starter-web\3.3.2\spring-boot-starter-web-3.3.2.jar;C:\Users\Ric\.m2\repository\org\springframework\boot\spring-boot-starter\3.3.2\spring-boot-starter-3.3.2.jar;C:\Users\Ric\.m2\repository\org\springframework\boot\spring-boot-starter-logging\3.3.2\spring-boot-starter-logging-3.3.2.jar;C:\Users\Ric\.m2\repository\ch\qos\logback\logback-classic\1.5.6\logback-classic-1.5.6.jar;C:\Users\Ric\.m2\repository\ch\qos\logback\logback-core\1.5.6\logback-core-1.5.6.jar;C:\Users\Ric\.m2\repository\org\apache\logging\log4j\log4j-to-slf4j\2.23.1\log4j-to-slf4j-2.23.1.jar;C:\Users\Ric\.m2\repository\org\apache\logging\log4j\log4j-api\2.23.1\log4j-api-2.23.1.jar;C:\Users\Ric\.m2\repository\org\slf4j\jul-to-slf4j\2.0.13\jul-to-slf4j-2.0.13.jar;C:\Users\Ric\.m2\repository\jakarta\annotation\jakarta.annotation-api\2.1.1\jakarta.annotation-api-2.1.1.jar;C:\Users\Ric\.m2\repository\org\yaml\snakeyaml\2.2\snakeyaml-2.2.jar;C:\Users\Ric\.m2\repository\org\springframework\boot\spring-boot-starter-json\3.3.2\spring-boot-starter-json-3.3.2.jar;C:\Users\Ric\.m2\repository\com\fasterxml\jackson\core\jackson-databind\2.17.2\jackson-databind-2.17.2.jar;C:\Users\Ric\.m2\repository\com\fasterxml\jackson\core\jackson-annotations\2.17.2\jackson-annotations-2.17.2.jar;C:\Users\Ric\.m2\repository\com\fasterxml\jackson\core\jackson-core\2.17.2\jackson-core-2.17.2.jar;C:\Users\Ric\.m2\repository\com\fasterxml\jackson\datatype\jackson-datatype-jdk8\2.17.2\jackson-datatype-jdk8-2.17.2.jar;C:\Users\Ric\.m2\repository\com\fasterxml\jackson\datatype\jackson-datatype-jsr310\2.17.2\jackson-datatype-jsr310-2.17.2.jar;C:\Users\Ric\.m2\repository\com\fasterxml\jackson\module\jackson-module-parameter-names\2.17.2\jackson-module-parameter-names-2.17.2.jar;C:\Users\Ric\.m2\repository\org\springframework\boot\spring-boot-starter-tomcat\3.3.2\spring-boot-starter-tomcat-3.3.2.jar;C:\Users\Ric\.m2\repository\org\apache\tomcat\embed\tomcat-embed-core\10.1.26\tomcat-embed-core-10.1.26.jar;C:\Users\Ric\.m2\repository\org\apache\tomcat\embed\tomcat-embed-el\10.1.26\tomcat-embed-el-10.1.26.jar;C:\Users\Ric\.m2\repository\org\apache\tomcat\embed\tomcat-embed-websocket\10.1.26\tomcat-embed-websocket-10.1.26.jar;C:\Users\Ric\.m2\repository\org\springframework\spring-web\6.1.11\spring-web-6.1.11.jar;C:\Users\Ric\.m2\repository\org\springframework\spring-beans\6.1.11\spring-beans-6.1.11.jar;C:\Users\Ric\.m2\repository\io\micrometer\micrometer-observation\1.13.2\micrometer-observation-1.13.2.jar;C:\Users\Ric\.m2\repository\io\micrometer\micrometer-commons\1.13.2\micrometer-commons-1.13.2.jar;C:\Users\Ric\.m2\repository\org\springframework\spring-webmvc\6.1.11\spring-webmvc-6.1.11.jar;C:\Users\Ric\.m2\repository\org\springframework\spring-context\6.1.11\spring-context-6.1.11.jar;C:\Users\Ric\.m2\repository\org\springframework\spring-expression\6.1.11\spring-expression-6.1.11.jar;C:\Users\Ric\.m2\repository\org\springframework\boot\spring-boot-starter-thymeleaf\3.3.2\spring-boot-starter-thymeleaf-3.3.2.jar;C:\Users\Ric\.m2\repository\org\thymeleaf\thymeleaf-spring6\3.1.2.RELEASE\thymeleaf-spring6-3.1.2.RELEASE.jar;C:\Users\Ric\.m2\repository\org\thymeleaf\thymeleaf\3.1.2.RELEASE\thymeleaf-3.1.2.RELEASE.jar;C:\Users\Ric\.m2\repository\org\attoparser\attoparser\2.0.7.RELEASE\attoparser-2.0.7.RELEASE.jar;C:\Users\Ric\.m2\repository\org\unbescape\unbescape\1.1.6.RELEASE\unbescape-1.1.6.RELEASE.jar;C:\Users\Ric\.m2\repository\org\slf4j\slf4j-api\2.0.13\slf4j-api-2.0.13.jar;C:\Users\Ric\.m2\repository\org\springframework\boot\spring-boot-starter-security\3.3.2\spring-boot-starter-security-3.3.2.jar;C:\Users\Ric\.m2\repository\org\springframework\spring-aop\6.1.11\spring-aop-6.1.11.jar;C:\Users\Ric\.m2\repository\org\springframework\security\spring-security-config\6.3.1\spring-security-config-6.3.1.jar;C:\Users\Ric\.m2\repository\org\springframework\security\spring-security-web\6.3.1\spring-security-web-6.3.1.jar;C:\Users\Ric\.m2\repository\org\springframework\boot\spring-boot-starter-data-jpa\3.3.2\spring-boot-starter-data-jpa-3.3.2.jar;C:\Users\Ric\.m2\repository\org\springframework\boot\spring-boot-starter-aop\3.3.2\spring-boot-starter-aop-3.3.2.jar;C:\Users\Ric\.m2\repository\org\aspectj\aspectjweaver\1.9.22.1\aspectjweaver-1.9.22.1.jar;C:\Users\Ric\.m2\repository\org\springframework\boot\spring-boot-starter-jdbc\3.3.2\spring-boot-starter-jdbc-3.3.2.jar;C:\Users\Ric\.m2\repository\com\zaxxer\HikariCP\5.1.0\HikariCP-5.1.0.jar;C:\Users\Ric\.m2\repository\org\springframework\spring-jdbc\6.1.11\spring-jdbc-6.1.11.jar;C:\Users\Ric\.m2\repository\org\hibernate\orm\hibernate-core\6.5.2.Final\hibernate-core-6.5.2.Final.jar;C:\Users\Ric\.m2\repository\jakarta\persistence\jakarta.persistence-api\3.1.0\jakarta.persistence-api-3.1.0.jar;C:\Users\Ric\.m2\repository\jakarta\transaction\jakarta.transaction-api\2.0.1\jakarta.transaction-api-2.0.1.jar;C:\Users\Ric\.m2\repository\org\jboss\logging\jboss-logging\3.5.3.Final\jboss-logging-3.5.3.Final.jar;C:\Users\Ric\.m2\repository\org\hibernate\common\hibernate-commons-annotations\6.0.6.Final\hibernate-commons-annotations-6.0.6.Final.jar;C:\Users\Ric\.m2\repository\io\smallrye\jandex\3.1.2\jandex-3.1.2.jar;C:\Users\Ric\.m2\repository\com\fasterxml\classmate\1.7.0\classmate-1.7.0.jar;C:\Users\Ric\.m2\repository\net\bytebuddy\byte-buddy\1.14.18\byte-buddy-1.14.18.jar;C:\Users\Ric\.m2\repository\org\glassfish\jaxb\jaxb-runtime\4.0.5\jaxb-runtime-4.0.5.jar;C:\Users\Ric\.m2\repository\org\glassfish\jaxb\jaxb-core\4.0.5\jaxb-core-4.0.5.jar;C:\Users\Ric\.m2\repository\org\eclipse\angus\angus-activation\2.0.2\angus-activation-2.0.2.jar;C:\Users\Ric\.m2\repository\org\glassfish\jaxb\txw2\4.0.5\txw2-4.0.5.jar;C:\Users\Ric\.m2\repository\com\sun\istack\istack-commons-runtime\4.1.2\istack-commons-runtime-4.1.2.jar;C:\Users\Ric\.m2\repository\jakarta\inject\jakarta.inject-api\2.0.1\jakarta.inject-api-2.0.1.jar;C:\Users\Ric\.m2\repository\org\antlr\antlr4-runtime\4.13.0\antlr4-runtime-4.13.0.jar;C:\Users\Ric\.m2\repository\org\springframework\data\spring-data-jpa\3.3.2\spring-data-jpa-3.3.2.jar;C:\Users\Ric\.m2\repository\org\springframework\data\spring-data-commons\3.3.2\spring-data-commons-3.3.2.jar;C:\Users\Ric\.m2\repository\org\springframework\spring-orm\6.1.11\spring-orm-6.1.11.jar;C:\Users\Ric\.m2\repository\org\springframework\spring-tx\6.1.11\spring-tx-6.1.11.jar;C:\Users\Ric\.m2\repository\org\springframework\spring-aspects\6.1.11\spring-aspects-6.1.11.jar;C:\Users\Ric\.m2\repository\org\postgresql\postgresql\42.7.3\postgresql-42.7.3.jar;C:\Users\Ric\.m2\repository\org\checkerframework\checker-qual\3.42.0\checker-qual-3.42.0.jar;C:\Users\Ric\.m2\repository\com\h2database\h2\2.2.224\h2-2.2.224.jar;C:\Users\Ric\.m2\repository\org\springframework\boot\spring-boot-devtools\3.3.2\spring-boot-devtools-3.3.2.jar;C:\Users\Ric\.m2\repository\org\springframework\boot\spring-boot\3.3.2\spring-boot-3.3.2.jar;C:\Users\Ric\.m2\repository\org\springframework\boot\spring-boot-autoconfigure\3.3.2\spring-boot-autoconfigure-3.3.2.jar;C:\Users\Ric\.m2\repository\jakarta\xml\bind\jakarta.xml.bind-api\4.0.2\jakarta.xml.bind-api-4.0.2.jar;C:\Users\Ric\.m2\repository\jakarta\activation\jakarta.activation-api\2.1.3\jakarta.activation-api-2.1.3.jar;C:\Users\Ric\.m2\repository\org\springframework\spring-core\6.1.11\spring-core-6.1.11.jar;C:\Users\Ric\.m2\repository\org\springframework\spring-jcl\6.1.11\spring-jcl-6.1.11.jar;C:\Users\Ric\.m2\repository\org\springframework\security\spring-security-core\6.3.1\spring-security-core-6.3.1.jar;C:\Users\Ric\.m2\repository\org\springframework\security\spring-security-crypto\6.3.1\spring-security-crypto-6.3.1.jar
Launcher Type: SUN_STANDARD

[Global flags]
     intx CICompilerCount                          = 3                                         {product} {ergonomic}
     uint ConcGCThreads                            = 1                                         {product} {ergonomic}
     uint G1ConcRefinementThreads                  = 4                                         {product} {ergonomic}
   size_t G1HeapRegionSize                         = 1048576                                   {product} {ergonomic}
    uintx GCDrainStackTargetSize                   = 64                                        {product} {ergonomic}
   size_t InitialHeapSize                          = 65011712                                  {product} {ergonomic}
   size_t MarkStackSize                            = 4194304                                   {product} {ergonomic}
   size_t MaxHeapSize                              = 1031798784                                {product} {ergonomic}
   size_t MaxNewSize                               = 618659840                                 {product} {ergonomic}
   size_t MinHeapDeltaBytes                        = 1048576                                   {product} {ergonomic}
   size_t MinHeapSize                              = 8388608                                   {product} {ergonomic}
    uintx NonNMethodCodeHeapSize                   = 5832780                                {pd product} {ergonomic}
    uintx NonProfiledCodeHeapSize                  = 122912730                              {pd product} {ergonomic}
    uintx ProfiledCodeHeapSize                     = 122912730                              {pd product} {ergonomic}
    uintx ReservedCodeCacheSize                    = 251658240                              {pd product} {ergonomic}
     bool SegmentedCodeCache                       = true                                      {product} {ergonomic}
   size_t SoftMaxHeapSize                          = 1031798784                             {manageable} {ergonomic}
     bool UseCompressedOops                        = true                           {product lp64_product} {ergonomic}
     bool UseG1GC                                  = true                                      {product} {ergonomic}
     bool UseLargePagesIndividualAllocation        = false                                  {pd product} {ergonomic}

Logging:
Log output configuration:
 #0: stdout all=warning uptime,level,tags foldmultilines=false
 #1: stderr all=off uptime,level,tags foldmultilines=false

Environment Variables:
PATH=C:\Program Files\Common Files\Oracle\Java\javapath;C:\Windows\system32;C:\Windows;C:\Windows\System32\Wbem;C:\Windows\System32\WindowsPowerShell\v1.0\;C:\Windows\System32\OpenSSH\;C:\Program Files\Microsoft SQL Server\150\Tools\Binn\;C:\Program Files\Git\bin;C:\Users\Ric\AppData\Roaming\nvm;C:\Program Files\nodejs;C:\Program Files\Docker\Docker\resources\bin;C:\Users\Ric\AppData\Local\Programs\Python\Python311\Scripts\;C:\Users\Ric\AppData\Local\Programs\Python\Python311\;C:\Users\Ric\AppData\Local\Microsoft\WindowsApps;C:\Users\Ric\.dotnet\tools;C:\Users\Ric\AppData\Local\Programs\Microsoft VS Code\bin;C:\dev\flutter\bin;C:\Users\Ric\AppData\Roaming\npm;C:\Users\Ric\AppData\Roaming\nvm;C:\Program Files\nodejs;C:\Users\Ric\AppData\Local\JetBrains\Toolbox\scripts;C:\Users\Ric\modelio\Modelio Open Source 5.4\plugins\org.apache.ant_1.10.9.v20201106-1946\META-INF;C:\Users\Ric\Documents\projects\work\biblio;C:\Program Files\PostgreSQL\16\bin;
USERNAME=Ric
OS=Windows_NT
PROCESSOR_IDENTIFIER=Intel64 Family 6 Model 58 Stepping 9, GenuineIntel
TMP=C:\Users\Ric\AppData\Local\Temp
TEMP=C:\Users\Ric\AppData\Local\Temp




Periodic native trim disabled

---------------  S Y S T E M  ---------------

OS:
 Windows 10 , 64 bit Build 19041 (10.0.19041.4717)
OS uptime: 0 days 4:53 hours
Hyper-V role detected

CPU: total 4 (initial active 4) (2 cores per cpu, 2 threads per core) family 6 model 58 stepping 9 microcode 0x21, cx8, cmov, fxsr, ht, mmx, sse, sse2, sse3, ssse3, sse4.1, sse4.2, popcnt, tsc, tscinvbit, avx, aes, erms, clmul, vzeroupper, clflush, hv, rdtscp, f16c
Processor Information for all 4 processors :
  Max Mhz: 2501, Current Mhz: 2501, Mhz Limit: 2501

Memory: 4k page, system-wide physical 3933M (51M free)
TotalPageFile size 8109M (AvailPageFile size 2M)
current process WorkingSet (physical memory assigned to process): 195M, peak: 195M
current process commit charge ("private bytes"): 230M, peak: 230M

vm_info: Java HotSpot(TM) 64-Bit Server VM (21.0.4+8-LTS-274) for windows-amd64 JRE (21.0.4+8-LTS-274), built on 2024-06-05T05:23:33Z by "mach5one" with MS VC++ 17.6 (VS2022)

END.
