#
# There is insufficient memory for the Java Runtime Environment to continue.
# Native memory allocation (mmap) failed to map 65536 bytes for Failed to commit metaspace.
# Possible reasons:
#   The system is out of physical RAM or swap space
#   The process is running with CompressedOops enabled, and the Java Heap may be blocking the growth of the native heap
# Possible solutions:
#   Reduce memory load on the system
#   Increase physical memory or swap space
#   Check if swap backing store is full
#   Decrease Java heap size (-Xmx/-Xms)
#   Decrease number of Java threads
#   Decrease Java thread stack sizes (-Xss)
#   Set larger code cache with -XX:ReservedCodeCacheSize=
#   JVM is running with Unscaled Compressed Oops mode in which the Java heap is
#     placed in the first 4GB address space. The Java Heap base address is the
#     maximum limit for the native heap growth. Please use -XX:HeapBaseMinAddress
#     to set the Java Heap base and to place the Java Heap above 4GB virtual address.
# This output file may be truncated or incomplete.
#
#  Out of Memory Error (virtualSpaceNode.cpp:112), pid=2868, tid=8460
#
# JRE version: Java(TM) SE Runtime Environment (21.0.4+8) (build 21.0.4+8-LTS-274)
# Java VM: Java HotSpot(TM) 64-Bit Server VM (21.0.4+8-LTS-274, mixed mode, sharing, tiered, compressed oops, compressed class ptrs, g1 gc, windows-amd64)
# No core dump will be written. Minidumps are not enabled by default on client versions of Windows
#

---------------  S U M M A R Y ------------

Command Line: -javaagent:C:\Users\Ric\AppData\Local\Programs\IntelliJ IDEA Community Edition\lib\idea_rt.jar=5463:C:\Users\Ric\AppData\Local\Programs\IntelliJ IDEA Community Edition\bin -Dfile.encoding=UTF-8 -Dsun.stdout.encoding=UTF-8 -Dsun.stderr.encoding=UTF-8 com.hasinarezida.biblio.BiblioApplication

Host: Intel(R) Core(TM) i5-3210M CPU @ 2.50GHz, 4 cores, 3G,  Windows 10 , 64 bit Build 19041 (10.0.19041.4717)
Time: Wed Aug 28 16:12:24 2024 E. Africa Standard Time elapsed time: 2.310129 seconds (0d 0h 0m 2s)

---------------  T H R E A D  ---------------

Current thread (0x0000014e497e19f0):  JavaThread "restartedMain"        [_thread_in_vm, id=8460, stack(0x00000032f1500000,0x00000032f1600000) (1024K)]

Stack: [0x00000032f1500000,0x00000032f1600000]
Native frames: (J=compiled Java code, j=interpreted, Vv=VM code, C=native code)
V  [jvm.dll+0x6c8e59]
V  [jvm.dll+0x853181]
V  [jvm.dll+0x8556ae]
V  [jvm.dll+0x855d83]
V  [jvm.dll+0x27d526]
V  [jvm.dll+0x84edae]
V  [jvm.dll+0x66cc05]
V  [jvm.dll+0x1e3afc]
V  [jvm.dll+0x1e38ce]
V  [jvm.dll+0x66f533]
V  [jvm.dll+0x66f352]
V  [jvm.dll+0x66d5de]
V  [jvm.dll+0x268d30]
V  [jvm.dll+0x2151f7]
V  [jvm.dll+0x20ab4e]
V  [jvm.dll+0x5ac19c]
V  [jvm.dll+0x7cd4b6]
V  [jvm.dll+0x46faf6]
V  [jvm.dll+0x475978]
C  [java.dll+0x17ec]

Java frames: (J=compiled Java code, j=interpreted, Vv=VM code)
J 912  java.lang.ClassLoader.defineClass1(Ljava/lang/ClassLoader;Ljava/lang/String;[BIILjava/security/ProtectionDomain;Ljava/lang/String;)Ljava/lang/Class; java.base@21.0.4 (0 bytes) @ 0x0000014e78b10871 [0x0000014e78b107a0+0x00000000000000d1]
J 1246 c1 java.lang.ClassLoader.defineClass(Ljava/lang/String;[BIILjava/security/ProtectionDomain;)Ljava/lang/Class; java.base@21.0.4 (43 bytes) @ 0x0000014e71217dfc [0x0000014e71217aa0+0x000000000000035c]
J 1126 c1 java.security.SecureClassLoader.defineClass(Ljava/lang/String;[BIILjava/security/CodeSource;)Ljava/lang/Class; java.base@21.0.4 (16 bytes) @ 0x0000014e711dfa9c [0x0000014e711df9c0+0x00000000000000dc]
J 914 c1 jdk.internal.loader.BuiltinClassLoader.defineClass(Ljava/lang/String;Ljdk/internal/loader/Resource;)Ljava/lang/Class; java.base@21.0.4 (121 bytes) @ 0x0000014e711848a4 [0x0000014e71183920+0x0000000000000f84]
J 1007 c1 jdk.internal.loader.BuiltinClassLoader.findClassOnClassPathOrNull(Ljava/lang/String;)Ljava/lang/Class; java.base@21.0.4 (64 bytes) @ 0x0000014e711aed84 [0x0000014e711ae080+0x0000000000000d04]
J 501 c1 jdk.internal.loader.BuiltinClassLoader.loadClassOrNull(Ljava/lang/String;Z)Ljava/lang/Class; java.base@21.0.4 (143 bytes) @ 0x0000014e710a3bc4 [0x0000014e710a3160+0x0000000000000a64]
J 781 c1 jdk.internal.loader.ClassLoaders$AppClassLoader.loadClass(Ljava/lang/String;Z)Ljava/lang/Class; java.base@21.0.4 (40 bytes) @ 0x0000014e71127cc4 [0x0000014e71127ae0+0x00000000000001e4]
J 780 c1 java.lang.ClassLoader.loadClass(Ljava/lang/String;)Ljava/lang/Class; java.base@21.0.4 (7 bytes) @ 0x0000014e711277d4 [0x0000014e711276c0+0x0000000000000114]
v  ~StubRoutines::call_stub 0x0000014e7852100d
j  org.springframework.boot.cloud.CloudFoundryVcapEnvironmentPostProcessor.postProcessEnvironment(Lorg/springframework/core/env/ConfigurableEnvironment;Lorg/springframework/boot/SpringApplication;)V+0
j  org.springframework.boot.env.EnvironmentPostProcessorApplicationListener.onApplicationEnvironmentPreparedEvent(Lorg/springframework/boot/context/event/ApplicationEnvironmentPreparedEvent;)V+55
j  org.springframework.boot.env.EnvironmentPostProcessorApplicationListener.onApplicationEvent(Lorg/springframework/context/ApplicationEvent;)V+14
j  org.springframework.context.event.SimpleApplicationEventMulticaster.doInvokeListener(Lorg/springframework/context/ApplicationListener;Lorg/springframework/context/ApplicationEvent;)V+2
j  org.springframework.context.event.SimpleApplicationEventMulticaster.invokeListener(Lorg/springframework/context/ApplicationListener;Lorg/springframework/context/ApplicationEvent;)V+34
j  org.springframework.context.event.SimpleApplicationEventMulticaster.multicastEvent(Lorg/springframework/context/ApplicationEvent;Lorg/springframework/core/ResolvableType;)V+104
j  org.springframework.context.event.SimpleApplicationEventMulticaster.multicastEvent(Lorg/springframework/context/ApplicationEvent;)V+3
j  org.springframework.boot.context.event.EventPublishingRunListener.multicastInitialEvent(Lorg/springframework/context/ApplicationEvent;)V+9
j  org.springframework.boot.context.event.EventPublishingRunListener.environmentPrepared(Lorg/springframework/boot/ConfigurableBootstrapContext;Lorg/springframework/core/env/ConfigurableEnvironment;)V+18
j  org.springframework.boot.SpringApplicationRunListeners.lambda$environmentPrepared$2(Lorg/springframework/boot/ConfigurableBootstrapContext;Lorg/springframework/core/env/ConfigurableEnvironment;Lorg/springframework/boot/SpringApplicationRunListener;)V+3
j  org.springframework.boot.SpringApplicationRunListeners$$Lambda+0x0000014e050b8af0.accept(Ljava/lang/Object;)V+12
j  java.lang.Iterable.forEach(Ljava/util/function/Consumer;)V+30 java.base@21.0.4
j  org.springframework.boot.SpringApplicationRunListeners.doWithListeners(Ljava/lang/String;Ljava/util/function/Consumer;Ljava/util/function/Consumer;)V+17
j  org.springframework.boot.SpringApplicationRunListeners.doWithListeners(Ljava/lang/String;Ljava/util/function/Consumer;)V+4
j  org.springframework.boot.SpringApplicationRunListeners.environmentPrepared(Lorg/springframework/boot/ConfigurableBootstrapContext;Lorg/springframework/core/env/ConfigurableEnvironment;)V+10
j  org.springframework.boot.SpringApplication.prepareEnvironment(Lorg/springframework/boot/SpringApplicationRunListeners;Lorg/springframework/boot/DefaultBootstrapContext;Lorg/springframework/boot/ApplicationArguments;)Lorg/springframework/core/env/ConfigurableEnvironment;+27
j  org.springframework.boot.SpringApplication.run([Ljava/lang/String;)Lorg/springframework/context/ConfigurableApplicationContext;+62
j  org.springframework.boot.SpringApplication.run([Ljava/lang/Class;[Ljava/lang/String;)Lorg/springframework/context/ConfigurableApplicationContext;+9
j  org.springframework.boot.SpringApplication.run(Ljava/lang/Class;[Ljava/lang/String;)Lorg/springframework/context/ConfigurableApplicationContext;+9
j  com.hasinarezida.biblio.BiblioApplication.main([Ljava/lang/String;)V+3
j  java.lang.invoke.LambdaForm$DMH+0x0000014e05006000.invokeStatic(Ljava/lang/Object;Ljava/lang/Object;)V+10 java.base@21.0.4
j  java.lang.invoke.LambdaForm$MH+0x0000014e05091c00.invoke(Ljava/lang/Object;Ljava/lang/Object;Ljava/lang/Object;)Ljava/lang/Object;+33 java.base@21.0.4
j  java.lang.invoke.Invokers$Holder.invokeExact_MT(Ljava/lang/Object;Ljava/lang/Object;Ljava/lang/Object;Ljava/lang/Object;)Ljava/lang/Object;+20 java.base@21.0.4
j  jdk.internal.reflect.DirectMethodHandleAccessor.invokeImpl(Ljava/lang/Object;[Ljava/lang/Object;)Ljava/lang/Object;+55 java.base@21.0.4
j  jdk.internal.reflect.DirectMethodHandleAccessor.invoke(Ljava/lang/Object;[Ljava/lang/Object;)Ljava/lang/Object;+23 java.base@21.0.4
j  java.lang.reflect.Method.invoke(Ljava/lang/Object;[Ljava/lang/Object;)Ljava/lang/Object;+102 java.base@21.0.4
j  org.springframework.boot.devtools.restart.RestartLauncher.run()V+47
v  ~StubRoutines::call_stub 0x0000014e7852100d

Compiled method (n/a)    2337  912     n 0       java.lang.ClassLoader::defineClass1 (native)
 total in heap  [0x0000014e78b10610,0x0000014e78b10c50] = 1600
 relocation     [0x0000014e78b10768,0x0000014e78b107a0] = 56
 main code      [0x0000014e78b107a0,0x0000014e78b10c4f] = 1199
 stub code      [0x0000014e78b10c4f,0x0000014e78b10c50] = 1

[Constant Pool (empty)]

[MachCode]
[Entry Point]
  # {method} {0x0000014e0443ce68} 'defineClass1' '(Ljava/lang/ClassLoader;Ljava/lang/String;[BIILjava/security/ProtectionDomain;Ljava/lang/String;)Ljava/lang/Class;' in 'java/lang/ClassLoader'
  # parm0:    rdx:rdx   = 'java/lang/ClassLoader'
  # parm1:    r8:r8     = 'java/lang/String'
  # parm2:    r9:r9     = '[B'
  # parm3:    rdi       = int
  # parm4:    rsi       = int
  # parm5:    rcx:rcx   = 'java/security/ProtectionDomain'
  # parm6:    [sp+0xa0]   = 'java/lang/String'  (sp of caller)
  0x0000014e78b107a0: 448b 5208 | 49bb 0000 | 0004 4e01 | 0000 4d03 | d349 3bc2 | 0f84 0600 

  0x0000014e78b107b8: ;   {runtime_call ic_miss_stub}
  0x0000014e78b107b8: 0000 e9c1 | dfa5 ff90 
[Verified Entry Point]
  0x0000014e78b107c0: 8984 2400 | 80ff ff55 | 488b ec48 | 81ec 9000 | 0000 6690 | 4181 7f20 | 0100 0000 

  0x0000014e78b107dc: ;   {runtime_call StubRoutines (final stubs)}
  0x0000014e78b107dc: 7405 e87d | 46a4 ff48 | 837d 1000 | 488d 4510 | 480f 4445 | 1048 8944 | 2440 4889 | 4c24 7048 
  0x0000014e78b107fc: 83f9 0048 | 8d44 2470 | 480f 4444 | 2470 4889 | 4424 3848 | 8974 2430 | 4889 7c24 | 284c 894c 
  0x0000014e78b1081c: 2458 4983 | f900 488d | 4424 5848 | 0f44 4424 | 5848 8944 | 2420 4c89 | 4424 5049 | 83f8 004c 
  0x0000014e78b1083c: 8d4c 2450 | 4c0f 444c | 2450 4889 | 5424 4848 | 83fa 004c | 8d44 2448 | 4c0f 4444 

  0x0000014e78b10858: ;   {oop(a 'java/lang/Class'{0x00000000c58100e0} = 'java/lang/ClassLoader')}
  0x0000014e78b10858: 2448 49be | e000 81c5 | 0000 0000 | 4c89 7424 | 784c 8d74 | 2478 498b | d6c5 f877 

  0x0000014e78b10874: ;   {internal_word}
  0x0000014e78b10874: 49ba 7108 | b178 4e01 | 0000 4d89 | 97a0 0300 | 0049 89a7 | 9803 0000 

  0x0000014e78b1088c: ;   {external_word}
  0x0000014e78b1088c: 49ba e0f7 | ca85 fc7f | 0000 4180 | 3a00 0f84 | 4e00 0000 | 5241 5041 

  0x0000014e78b108a4: ;   {metadata({method} {0x0000014e0443ce68} 'defineClass1' '(Ljava/lang/ClassLoader;Ljava/lang/String;[BIILjava/security/ProtectionDomain;Ljava/lang/String;)Ljava/lang/Class;' in 'java/lang/ClassLoader')}
  0x0000014e78b108a4: 5148 ba60 | ce43 044e | 0100 0049 | 8bcf 4883 | ec20 40f6 | c40f 0f84 | 1900 0000 | 4883 ec08 
  0x0000014e78b108c4: ;   {runtime_call}
  0x0000014e78b108c4: 48b8 d0ec | 7b85 fc7f | 0000 ffd0 | 4883 c408 | e90c 0000 

  0x0000014e78b108d8: ;   {runtime_call}
  0x0000014e78b108d8: 0048 b8d0 | ec7b 85fc | 7f00 00ff | d048 83c4 | 2041 5941 | 585a 498d | 8fb8 0300 | 0041 c787 
  0x0000014e78b108f8: 4c04 0000 | 0400 0000 

  0x0000014e78b10900: ;   {runtime_call}
  0x0000014e78b10900: 48b8 ac16 | 5bbc fc7f | 0000 ffd0 | c5f8 7741 | c787 4c04 | 0000 0500 | 0000 f083 | 4424 c000 
  0x0000014e78b10920: 493b af50 | 0400 000f | 870e 0000 | 0041 83bf | 4804 0000 | 000f 842b | 0000 00c5 | f877 4889 
  0x0000014e78b10940: 45f8 498b | cf4c 8be4 | 4883 ec20 | 4883 e4f0 

  0x0000014e78b10950: ;   {runtime_call}
  0x0000014e78b10950: 48b8 c0a0 | 4785 fc7f | 0000 ffd0 | 498b e44d | 33e4 488b | 45f8 41c7 | 874c 0400 | 0008 0000 
  0x0000014e78b10970: 0041 83bf | c804 0000 | 020f 84a3 

  0x0000014e78b1097c: ;   {external_word}
  0x0000014e78b1097c: 0200 0049 | bae0 f7ca | 85fc 7f00 | 0041 803a | 000f 844c | 0000 0048 

  0x0000014e78b10994: ;   {metadata({method} {0x0000014e0443ce68} 'defineClass1' '(Ljava/lang/ClassLoader;Ljava/lang/String;[BIILjava/security/ProtectionDomain;Ljava/lang/String;)Ljava/lang/Class;' in 'java/lang/ClassLoader')}
  0x0000014e78b10994: 8945 f848 | ba60 ce43 | 044e 0100 | 0049 8bcf | 4883 ec20 | 40f6 c40f | 0f84 1900 | 0000 4883 
  0x0000014e78b109b4: ;   {runtime_call}
  0x0000014e78b109b4: ec08 48b8 | d0ec 7b85 | fc7f 0000 | ffd0 4883 | c408 e90c 

  0x0000014e78b109c8: ;   {runtime_call}
  0x0000014e78b109c8: 0000 0048 | b8d0 ec7b | 85fc 7f00 | 00ff d048 | 83c4 2048 | 8b45 f849 | c787 9803 | 0000 0000 
  0x0000014e78b109e8: 0000 49c7 | 87a0 0300 | 0000 0000 | 00c5 f877 | 4885 c00f | 84fe 0100 | 00a8 030f | 8508 0000 
  0x0000014e78b10a08: 0048 8b00 | e9ee 0100 | 00a8 010f | 8509 0000 | 0048 8b40 | fee9 dd01 | 0000 488b | 40ff 4180 
  0x0000014e78b10a28: 7f40 000f | 84ce 0100 | 0048 83f8 | 000f 84c4 | 0100 0049 | 8b4f 2848 | 83f9 000f | 8414 0000 
  0x0000014e78b10a48: 0048 83e9 | 0849 894f | 2849 034f | 3848 8901 | e9a2 0100 | 0048 81ec | d000 0000 | 4889 0424 
  0x0000014e78b10a68: 4889 4c24 | 0848 8954 | 2410 4889 | 7424 1848 | 897c 2420 | 4c89 4424 | 284c 894c | 2430 4c89 
  0x0000014e78b10a88: 5424 384c | 895c 2440 | c5fb 1144 | 2450 c5fb | 114c 2458 | c5fb 1154 | 2460 c5fb | 115c 2468 
  0x0000014e78b10aa8: c5fb 1164 | 2470 c5fb | 116c 2478 | c5fb 11b4 | 2480 0000 | 00c5 fb11 | bc24 8800 | 0000 c57b 
  0x0000014e78b10ac8: ;   {no_reloc}
  0x0000014e78b10ac8: 1184 2490 | 0000 00c5 | 7b11 8c24 | 9800 0000 | c57b 1194 | 24a0 0000 | 00c5 7b11 | 9c24 a800 
  0x0000014e78b10ae8: 0000 c57b | 11a4 24b0 | 0000 00c5 | 7b11 ac24 | b800 0000 | c57b 11b4 | 24c0 0000 | 00c5 7b11 
  0x0000014e78b10b08: bc24 c800 | 0000 498b | d748 8bc8 | 4883 ec20 | 40f6 c40f | 0f84 1900 | 0000 4883 

  0x0000014e78b10b24: ;   {runtime_call}
  0x0000014e78b10b24: ec08 48b8 | c0e2 3a85 | fc7f 0000 | ffd0 4883 | c408 e90c 

  0x0000014e78b10b38: ;   {runtime_call}
  0x0000014e78b10b38: 0000 0048 | b8c0 e23a | 85fc 7f00 | 00ff d048 | 83c4 20c5 | 7b10 bc24 | c800 0000 | c57b 10b4 
  0x0000014e78b10b58: 24c0 0000 | 00c5 7b10 | ac24 b800 | 0000 c57b | 10a4 24b0 | 0000 00c5 | 7b10 9c24 | a800 0000 
  0x0000014e78b10b78: c57b 1094 | 24a0 0000 | 00c5 7b10 | 8c24 9800 | 0000 c57b | 1084 2490 | 0000 00c5 | fb10 bc24 
  0x0000014e78b10b98: 8800 0000 | c5fb 10b4 | 2480 0000 | 00c5 fb10 | 6c24 78c5 | fb10 6424 | 70c5 fb10 | 5c24 68c5 
  0x0000014e78b10bb8: fb10 5424 | 60c5 fb10 | 4c24 58c5 | fb10 4424 | 504c 8b5c | 2440 4c8b | 5424 384c | 8b4c 2430 
  0x0000014e78b10bd8: 4c8b 4424 | 2848 8b7c | 2420 488b | 7424 1848 | 8b54 2410 | 488b 4c24 | 0848 8b04 | 2448 81c4 
  0x0000014e78b10bf8: d000 0000 | c5f8 7749 | 8b8f 2804 | 0000 c781 | 0001 0000 | 0000 0000 | c949 837f | 0800 0f85 
  0x0000014e78b10c18: 0100 0000 

  0x0000014e78b10c1c: ;   {runtime_call StubRoutines (initial stubs)}
  0x0000014e78b10c1c: c3e9 de02 | a1ff c5f8 | 7748 8945 | f84c 8be4 | 4883 ec20 | 4883 e4f0 

  0x0000014e78b10c34: ;   {runtime_call}
  0x0000014e78b10c34: 48b8 c024 | 7c85 fc7f | 0000 ffd0 | 498b e44d | 33e4 488b | 45f8 e930 | fdff fff4 
[/MachCode]


Compiled method (c1)    2353 1246       3       java.lang.ClassLoader::defineClass (43 bytes)
 total in heap  [0x0000014e71217890,0x0000014e712181e8] = 2392
 relocation     [0x0000014e712179e8,0x0000014e71217a88] = 160
 main code      [0x0000014e71217aa0,0x0000014e71217f40] = 1184
 stub code      [0x0000014e71217f40,0x0000014e71217fb8] = 120
 metadata       [0x0000014e71217fb8,0x0000014e71217fe8] = 48
 scopes data    [0x0000014e71217fe8,0x0000014e712180d8] = 240
 scopes pcs     [0x0000014e712180d8,0x0000014e712181b8] = 224
 dependencies   [0x0000014e712181b8,0x0000014e712181c0] = 8
 nul chk table  [0x0000014e712181c0,0x0000014e712181e8] = 40

[Constant Pool (empty)]

[MachCode]
[Entry Point]
  # {method} {0x0000014e0443d1e8} 'defineClass' '(Ljava/lang/String;[BIILjava/security/ProtectionDomain;)Ljava/lang/Class;' in 'java/lang/ClassLoader'
  # this:     rdx:rdx   = 'java/lang/ClassLoader'
  # parm0:    r8:r8     = 'java/lang/String'
  # parm1:    r9:r9     = '[B'
  # parm2:    rdi       = int
  # parm3:    rsi       = int
  # parm4:    rcx:rcx   = 'java/security/ProtectionDomain'
  #           [sp+0xc0]  (sp of caller)
  0x0000014e71217aa0: 448b 5208 | 49bb 0000 | 0004 4e01 | 0000 4d03 | d34c 3bd0 

  0x0000014e71217ab4: ;   {runtime_call ic_miss_stub}
  0x0000014e71217ab4: 0f85 c66c | 3507 660f | 1f44 0000 
[Verified Entry Point]
  0x0000014e71217ac0: 8984 2400 | 80ff ff55 | 4881 ecb0 | 0000 0090 | 4181 7f20 | 0100 0000 

  0x0000014e71217ad8: ;   {runtime_call StubRoutines (final stubs)}
  0x0000014e71217ad8: 7405 e881 | d333 0748 | 8954 2478 

  0x0000014e71217ae4: ;   {metadata(method data for {method} {0x0000014e0443d1e8} 'defineClass' '(Ljava/lang/String;[BIILjava/security/ProtectionDomain;)Ljava/lang/Class;' in 'java/lang/ClassLoader')}
  0x0000014e71217ae4: 48bb 08a3 | 2845 4e01 | 0000 8b83 | cc00 0000 | 83c0 0289 | 83cc 0000 | 0025 fe07 | 0000 85c0 
  0x0000014e71217b04: 0f84 5803 | 0000 89b4 | 2494 0000 | 0089 bc24 | 9000 0000 | 4c89 8c24 | 8800 0000 

  0x0000014e71217b20: ;   {metadata(method data for {method} {0x0000014e0443d1e8} 'defineClass' '(Ljava/lang/String;[BIILjava/security/ProtectionDomain;)Ljava/lang/Class;' in 'java/lang/ClassLoader')}
  0x0000014e71217b20: 488b da48 | b808 a328 | 454e 0100 | 0048 8380 | 1001 0000 | 0149 8bd8 | 4c8b c34c | 8bc9 488b 
  0x0000014e71217b40: ca48 8bd1 | 4889 9c24 | 8000 0000 

  0x0000014e71217b4c: ;   {optimized virtual_call}
  0x0000014e71217b4c: 6666 90e8 

  0x0000014e71217b50: ; ImmutableOopMap {[120]=Oop [128]=Oop [136]=Oop }
                      ;*invokevirtual preDefineClass {reexecute=0 rethrow=0 return_oop=0}
                      ; - java.lang.ClassLoader::defineClass@4 (line 1025)
  0x0000014e71217b50: 4cbe fcff 

  0x0000014e71217b54: ;   {other}
  0x0000014e71217b54: 0f1f 8400 | c402 0000 | 4889 8424 | 9800 0000 | 488b 5424 

  0x0000014e71217b68: ;   {metadata(method data for {method} {0x0000014e0443d1e8} 'defineClass' '(Ljava/lang/String;[BIILjava/security/ProtectionDomain;)Ljava/lang/Class;' in 'java/lang/ClassLoader')}
  0x0000014e71217b68: 7849 b808 | a328 454e | 0100 0049 | 8380 4801 

  0x0000014e71217b78: ;   {metadata(method data for {method} {0x0000014e0443ced0} 'defineClassSourceLocation' '(Ljava/security/ProtectionDomain;)Ljava/lang/String;' in 'java/lang/ClassLoader')}
  0x0000014e71217b78: 0000 0149 | b800 0b32 | 454e 0100 | 0041 8b90 | cc00 0000 | 83c2 0241 | 8990 cc00 | 0000 81e2 
  0x0000014e71217b98: feff 1f00 | 85d2 0f84 | df02 0000 

  0x0000014e71217ba4: ; implicit exception: dispatches to 0x0000014e71217ea4
  0x0000014e71217ba4: 483b 004c 

  0x0000014e71217ba8: ;   {metadata(method data for {method} {0x0000014e0443ced0} 'defineClassSourceLocation' '(Ljava/security/ProtectionDomain;)Ljava/lang/String;' in 'java/lang/ClassLoader')}
  0x0000014e71217ba8: 8bc0 48ba | 000b 3245 | 4e01 0000 | 4883 8210 | 0100 0001 | 448b 4010 

  0x0000014e71217bc0: ;   {metadata(method data for {method} {0x0000014e0443ced0} 'defineClassSourceLocation' '(Ljava/security/ProtectionDomain;)Ljava/lang/String;' in 'java/lang/ClassLoader')}
  0x0000014e71217bc0: 4d85 c048 | ba00 0b32 | 454e 0100 | 0048 be58 | 0100 0000 | 0000 0075 | 0a48 be48 | 0100 0000 
  0x0000014e71217be0: 0000 0048 | 8b3c 3248 | 8d7f 0148 | 893c 320f | 850f 0000 

  0x0000014e71217bf4: ;   {oop(nullptr)}
  0x0000014e71217bf4: 0048 bb00 | 0000 0000 | 0000 00e9 | a301 0000 

  0x0000014e71217c04: ; implicit exception: dispatches to 0x0000014e71217ea9
  0x0000014e71217c04: 493b 0049 

  0x0000014e71217c08: ;   {metadata(method data for {method} {0x0000014e0443ced0} 'defineClassSourceLocation' '(Ljava/security/ProtectionDomain;)Ljava/lang/String;' in 'java/lang/ClassLoader')}
  0x0000014e71217c08: 8bd0 48be | 000b 3245 | 4e01 0000 | 4883 8668 | 0100 0001 | 418b 500c 

  0x0000014e71217c20: ;   {metadata(method data for {method} {0x0000014e0443ced0} 'defineClassSourceLocation' '(Ljava/security/ProtectionDomain;)Ljava/lang/String;' in 'java/lang/ClassLoader')}
  0x0000014e71217c20: 4885 d248 | be00 0b32 | 454e 0100 | 0048 bfb0 | 0100 0000 | 0000 0075 | 0a48 bfa0 | 0100 0000 
  0x0000014e71217c40: 0000 0048 | 8b1c 3e48 | 8d5b 0148 | 891c 3e0f | 850f 0000 

  0x0000014e71217c54: ;   {oop(nullptr)}
  0x0000014e71217c54: 0048 bb00 | 0000 0000 | 0000 00e9 | 4301 0000 

  0x0000014e71217c64: ;   {metadata(method data for {method} {0x0000014e0443ced0} 'defineClassSourceLocation' '(Ljava/security/ProtectionDomain;)Ljava/lang/String;' in 'java/lang/ClassLoader')}
  0x0000014e71217c64: 48be 000b | 3245 4e01 | 0000 4883 | 86c0 0100 | 0001 483b | 024c 8bc2 

  0x0000014e71217c7c: ;   {metadata(method data for {method} {0x0000014e0443ced0} 'defineClassSourceLocation' '(Ljava/security/ProtectionDomain;)Ljava/lang/String;' in 'java/lang/ClassLoader')}
  0x0000014e71217c7c: 48be 000b | 3245 4e01 | 0000 4883 | 86f8 0100 

  0x0000014e71217c8c: ;   {metadata(method data for {method} {0x0000014e0401aa98} 'toString' '()Ljava/lang/String;' in 'java/net/URL')}
  0x0000014e71217c8c: 0001 49b8 | 301e 1c45 | 4e01 0000 | 418b b0cc | 0000 0083 | c602 4189 | b0cc 0000 | 0081 e6fe 
  0x0000014e71217cac: ff1f 0085 | f60f 84fc | 0100 004c 

  0x0000014e71217cb8: ;   {metadata(method data for {method} {0x0000014e0401aa98} 'toString' '()Ljava/lang/String;' in 'java/net/URL')}
  0x0000014e71217cb8: 8bc2 48be | 301e 1c45 | 4e01 0000 | 4883 8610 | 0100 0001 

  0x0000014e71217ccc: ;   {metadata(method data for {method} {0x0000014e04430ae8} 'toExternalForm' '()Ljava/lang/String;' in 'java/net/URL')}
  0x0000014e71217ccc: 49b8 b81f | 1c45 4e01 | 0000 418b | b0cc 0000 | 0083 c602 | 4189 b0cc | 0000 0081 | e6fe ff1f 
  0x0000014e71217cec: 0085 f60f | 84df 0100 | 008b 7238 

  0x0000014e71217cf8: ; implicit exception: dispatches to 0x0000014e71217ef5
  0x0000014e71217cf8: 483b 064c 

  0x0000014e71217cfc: ;   {metadata(method data for {method} {0x0000014e04430ae8} 'toExternalForm' '()Ljava/lang/String;' in 'java/net/URL')}
  0x0000014e71217cfc: 8bc6 48bf | b81f 1c45 | 4e01 0000 | 458b 4008 | 49ba 0000 | 0004 4e01 | 0000 4d03 | c24c 3b87 
  0x0000014e71217d1c: 2001 0000 | 750d 4883 | 8728 0100 | 0001 e960 | 0000 004c | 3b87 3001 | 0000 750d | 4883 8738 
  0x0000014e71217d3c: 0100 0001 | e94a 0000 | 0048 83bf | 2001 0000 | 0075 174c | 8987 2001 | 0000 48c7 | 8728 0100 
  0x0000014e71217d5c: 0001 0000 | 00e9 2900 | 0000 4883 | bf30 0100 | 0000 7517 | 4c89 8730 | 0100 0048 | c787 3801 
  0x0000014e71217d7c: 0000 0100 | 0000 e908 | 0000 0048 | 8387 1001 | 0000 014c | 8bc2 488b 

  0x0000014e71217d94: ;   {optimized virtual_call}
  0x0000014e71217d94: d666 90e8 

  0x0000014e71217d98: ; ImmutableOopMap {[120]=Oop [128]=Oop [136]=Oop [152]=Oop }
                      ;*invokevirtual toExternalForm {reexecute=0 rethrow=0 return_oop=0}
                      ; - java.net.URL::toExternalForm@5 (line 1203)
                      ; - java.net.URL::toString@1 (line 1189)
                      ; - java.lang.ClassLoader::defineClassSourceLocation@22 (line 927)
                      ; - java.lang.ClassLoader::defineClass@12 (line 1026)
  0x0000014e71217d98: 6466 f8ff 

  0x0000014e71217d9c: ;   {other}
  0x0000014e71217d9c: 0f1f 8400 | 0c05 0001 | 488b d848 | 8b84 2498 | 0000 008b | b424 9400 | 0000 8bbc | 2490 0000 
  0x0000014e71217dbc: 004c 8b8c | 2488 0000 | 004c 8b84 | 2480 0000 | 0048 8b54 

  0x0000014e71217dd0: ;   {metadata(method data for {method} {0x0000014e0443d1e8} 'defineClass' '(Ljava/lang/String;[BIILjava/security/ProtectionDomain;)Ljava/lang/Class;' in 'java/lang/ClassLoader')}
  0x0000014e71217dd0: 2478 48b9 | 08a3 2845 | 4e01 0000 | 4883 8180 | 0100 0001 | 4c8b da49 | 8bd3 488b | c848 891c 
  0x0000014e71217df0: 2466 0f1f 

  0x0000014e71217df4: ;   {static_call}
  0x0000014e71217df4: 4400 00e8 

  0x0000014e71217df8: ; ImmutableOopMap {[120]=Oop [152]=Oop }
                      ;*invokestatic defineClass1 {reexecute=0 rethrow=0 return_oop=0}
                      ; - java.lang.ClassLoader::defineClass@27 (line 1027)
  0x0000014e71217df8: c489 8f07 

  0x0000014e71217dfc: ;   {other}
  0x0000014e71217dfc: 0f1f 8400 | 6c05 0002 | 488b 5424 

  0x0000014e71217e08: ;   {metadata(method data for {method} {0x0000014e0443d1e8} 'defineClass' '(Ljava/lang/String;[BIILjava/security/ProtectionDomain;)Ljava/lang/Class;' in 'java/lang/ClassLoader')}
  0x0000014e71217e08: 7849 b808 | a328 454e | 0100 0049 | 8380 9001 | 0000 014c | 8bc0 4c8b | 8c24 9800 | 0000 488b 
  0x0000014e71217e28: 5424 7848 | 8984 24a0 | 0000 000f 

  0x0000014e71217e34: ;   {optimized virtual_call}
  0x0000014e71217e34: 1f40 00e8 

  0x0000014e71217e38: ; ImmutableOopMap {[160]=Oop }
                      ;*invokevirtual postDefineClass {reexecute=0 rethrow=0 return_oop=0}
                      ; - java.lang.ClassLoader::defineClass@37 (line 1028)
  0x0000014e71217e38: e4d5 fcff 

  0x0000014e71217e3c: ;   {other}
  0x0000014e71217e3c: 0f1f 8400 | ac05 0003 | 488b 8424 | a000 0000 | 4881 c4b0 | 0000 005d 

  0x0000014e71217e54: ;   {poll_return}
  0x0000014e71217e54: 493b a750 | 0400 000f | 8799 0000 

  0x0000014e71217e60: ;   {metadata({method} {0x0000014e0443d1e8} 'defineClass' '(Ljava/lang/String;[BIILjava/security/ProtectionDomain;)Ljava/lang/Class;' in 'java/lang/ClassLoader')}
  0x0000014e71217e60: 00c3 49ba | e0d1 4304 | 4e01 0000 | 4c89 5424 | 0848 c704 | 24ff ffff 

  0x0000014e71217e78: ;   {runtime_call counter_overflow Runtime1 stub}
  0x0000014e71217e78: ffe8 82d6 

  0x0000014e71217e7c: ; ImmutableOopMap {rdx=Oop r8=Oop r9=Oop rcx=Oop [120]=Oop }
                      ;*synchronization entry
                      ; - java.lang.ClassLoader::defineClass@-1 (line 1025)
  0x0000014e71217e7c: 4107 e987 

  0x0000014e71217e80: ;   {metadata({method} {0x0000014e0443ced0} 'defineClassSourceLocation' '(Ljava/security/ProtectionDomain;)Ljava/lang/String;' in 'java/lang/ClassLoader')}
  0x0000014e71217e80: fcff ff49 | bac8 ce43 | 044e 0100 | 004c 8954 | 2408 48c7 | 0424 ffff 

  0x0000014e71217e98: ;   {runtime_call counter_overflow Runtime1 stub}
  0x0000014e71217e98: ffff e861 

  0x0000014e71217e9c: ; ImmutableOopMap {rax=Oop [120]=Oop [128]=Oop [136]=Oop [152]=Oop }
                      ;*synchronization entry
                      ; - java.lang.ClassLoader::defineClassSourceLocation@-1 (line 924)
                      ; - java.lang.ClassLoader::defineClass@12 (line 1026)
  0x0000014e71217e9c: d641 07e9 | 00fd ffff 

  0x0000014e71217ea4: ;   {runtime_call throw_null_pointer_exception Runtime1 stub}
  0x0000014e71217ea4: e857 7741 

  0x0000014e71217ea8: ; ImmutableOopMap {rax=Oop [120]=Oop [128]=Oop [136]=Oop [152]=Oop }
                      ;*invokevirtual getCodeSource {reexecute=0 rethrow=0 return_oop=0}
                      ; - java.lang.ClassLoader::defineClassSourceLocation@1 (line 924)
                      ; - java.lang.ClassLoader::defineClass@12 (line 1026)
                      ;   {runtime_call throw_null_pointer_exception Runtime1 stub}
  0x0000014e71217ea8: 07e8 5277 

  0x0000014e71217eac: ; ImmutableOopMap {rax=Oop r8=Oop [120]=Oop [128]=Oop [136]=Oop [152]=Oop }
                      ;*invokevirtual getLocation {reexecute=0 rethrow=0 return_oop=0}
                      ; - java.lang.ClassLoader::defineClassSourceLocation@12 (line 926)
                      ; - java.lang.ClassLoader::defineClass@12 (line 1026)
                      ;   {runtime_call throw_null_pointer_exception Runtime1 stub}
  0x0000014e71217eac: 4107 e84d 

  0x0000014e71217eb0: ; ImmutableOopMap {rdx=Oop [120]=Oop [128]=Oop [136]=Oop [152]=Oop }
                      ;*invokevirtual toString {reexecute=0 rethrow=0 return_oop=0}
                      ; - java.lang.ClassLoader::defineClassSourceLocation@22 (line 927)
                      ; - java.lang.ClassLoader::defineClass@12 (line 1026)
                      ;   {metadata({method} {0x0000014e0401aa98} 'toString' '()Ljava/lang/String;' in 'java/net/URL')}
  0x0000014e71217eb0: 7741 0749 | ba90 aa01 | 044e 0100 | 004c 8954 | 2408 48c7 | 0424 ffff 

  0x0000014e71217ec8: ;   {runtime_call counter_overflow Runtime1 stub}
  0x0000014e71217ec8: ffff e831 

  0x0000014e71217ecc: ; ImmutableOopMap {rdx=Oop [120]=Oop [128]=Oop [136]=Oop [152]=Oop }
                      ;*synchronization entry
                      ; - java.net.URL::toString@-1 (line 1189)
                      ; - java.lang.ClassLoader::defineClassSourceLocation@22 (line 927)
                      ; - java.lang.ClassLoader::defineClass@12 (line 1026)
  0x0000014e71217ecc: d641 07e9 | e3fd ffff 

  0x0000014e71217ed4: ;   {metadata({method} {0x0000014e04430ae8} 'toExternalForm' '()Ljava/lang/String;' in 'java/net/URL')}
  0x0000014e71217ed4: 49ba e00a | 4304 4e01 | 0000 4c89 | 5424 0848 | c704 24ff 

  0x0000014e71217ee8: ;   {runtime_call counter_overflow Runtime1 stub}
  0x0000014e71217ee8: ffff ffe8 

  0x0000014e71217eec: ; ImmutableOopMap {rdx=Oop [120]=Oop [128]=Oop [136]=Oop [152]=Oop }
                      ;*synchronization entry
                      ; - java.net.URL::toExternalForm@-1 (line 1203)
                      ; - java.net.URL::toString@1 (line 1189)
                      ; - java.lang.ClassLoader::defineClassSourceLocation@22 (line 927)
                      ; - java.lang.ClassLoader::defineClass@12 (line 1026)
  0x0000014e71217eec: 10d6 4107 | e900 feff 

  0x0000014e71217ef4: ;   {runtime_call throw_null_pointer_exception Runtime1 stub}
  0x0000014e71217ef4: ffe8 0677 

  0x0000014e71217ef8: ; ImmutableOopMap {rdx=Oop rsi=Oop [120]=Oop [128]=Oop [136]=Oop [152]=Oop }
                      ;*invokevirtual toExternalForm {reexecute=0 rethrow=0 return_oop=0}
                      ; - java.net.URL::toExternalForm@5 (line 1203)
                      ; - java.net.URL::toString@1 (line 1189)
                      ; - java.lang.ClassLoader::defineClassSourceLocation@22 (line 927)
                      ; - java.lang.ClassLoader::defineClass@12 (line 1026)
                      ;   {internal_word}
  0x0000014e71217ef8: 4107 49ba | 547e 2171 | 4e01 0000 | 4d89 9768 

  0x0000014e71217f08: ;   {runtime_call SafepointBlob}
  0x0000014e71217f08: 0400 00e9 | f0d7 3507 | 498b 8700 | 0500 0049 | c787 0005 | 0000 0000 | 0000 49c7 | 8708 0500 
  0x0000014e71217f28: 0000 0000 | 0048 81c4 | b000 0000 

  0x0000014e71217f34: ;   {runtime_call unwind_exception Runtime1 stub}
  0x0000014e71217f34: 5de9 c667 | 4107 f4f4 | f4f4 f4f4 
[Stub Code]
  0x0000014e71217f40: ;   {no_reloc}
  0x0000014e71217f40: 0f1f 4400 

  0x0000014e71217f44: ;   {static_stub}
  0x0000014e71217f44: 0048 bb00 | 0000 0000 

  0x0000014e71217f4c: ;   {runtime_call}
  0x0000014e71217f4c: 0000 00e9 | fbff ffff 

  0x0000014e71217f54: ;   {static_stub}
  0x0000014e71217f54: 48bb 0000 | 0000 0000 

  0x0000014e71217f5c: ;   {runtime_call}
  0x0000014e71217f5c: 0000 e9fb 

  0x0000014e71217f60: ;   {static_stub}
  0x0000014e71217f60: ffff ff48 | bb00 0000 | 0000 0000 

  0x0000014e71217f6c: ;   {runtime_call}
  0x0000014e71217f6c: 00e9 fbff 

  0x0000014e71217f70: ;   {static_stub}
  0x0000014e71217f70: ffff 48bb | 0000 0000 | 0000 0000 

  0x0000014e71217f7c: ;   {runtime_call}
  0x0000014e71217f7c: e9fb ffff 

  0x0000014e71217f80: ;   {runtime_call handle_exception_from_callee Runtime1 stub}
  0x0000014e71217f80: ffe8 7a94 

  0x0000014e71217f84: ;   {external_word}
  0x0000014e71217f84: 4107 48b9 | d0f7 a285 | fc7f 0000 | 4883 e4f0 

  0x0000014e71217f94: ;   {runtime_call}
  0x0000014e71217f94: 48b8 a012 | 6b85 fc7f | 0000 ffd0 

  0x0000014e71217fa0: ;   {section_word}
  0x0000014e71217fa0: f449 baa1 | 7f21 714e | 0100 0041 

  0x0000014e71217fac: ;   {runtime_call DeoptimizationBlob}
  0x0000014e71217fac: 52e9 eec9 | 3507 f4f4 | f4f4 f4f4 
[/MachCode]


Compiled method (c1)    2374 1126       3       java.security.SecureClassLoader::defineClass (16 bytes)
 total in heap  [0x0000014e711df810,0x0000014e711dfc10] = 1024
 relocation     [0x0000014e711df968,0x0000014e711df9b8] = 80
 main code      [0x0000014e711df9c0,0x0000014e711dfb18] = 344
 stub code      [0x0000014e711dfb18,0x0000014e711dfb68] = 80
 metadata       [0x0000014e711dfb68,0x0000014e711dfb70] = 8
 scopes data    [0x0000014e711dfb70,0x0000014e711dfbb8] = 72
 scopes pcs     [0x0000014e711dfbb8,0x0000014e711dfc08] = 80
 dependencies   [0x0000014e711dfc08,0x0000014e711dfc10] = 8

[Constant Pool (empty)]

[MachCode]
[Entry Point]
  # {method} {0x0000014e0404d8a0} 'defineClass' '(Ljava/lang/String;[BIILjava/security/CodeSource;)Ljava/lang/Class;' in 'java/security/SecureClassLoader'
  # this:     rdx:rdx   = 'java/security/SecureClassLoader'
  # parm0:    r8:r8     = 'java/lang/String'
  # parm1:    r9:r9     = '[B'
  # parm2:    rdi       = int
  # parm3:    rsi       = int
  # parm4:    rcx:rcx   = 'java/security/CodeSource'
  #           [sp+0x80]  (sp of caller)
  0x0000014e711df9c0: 448b 5208 | 49bb 0000 | 0004 4e01 | 0000 4d03 | d34c 3bd0 

  0x0000014e711df9d4: ;   {runtime_call ic_miss_stub}
  0x0000014e711df9d4: 0f85 a6ed | 3807 660f | 1f44 0000 
[Verified Entry Point]
  0x0000014e711df9e0: 8984 2400 | 80ff ff55 | 4883 ec70 | 4181 7f20 | 0100 0000 

  0x0000014e711df9f4: ;   {runtime_call StubRoutines (final stubs)}
  0x0000014e711df9f4: 7405 e865 

  0x0000014e711df9f8: ;   {metadata(method data for {method} {0x0000014e0404d8a0} 'defineClass' '(Ljava/lang/String;[BIILjava/security/CodeSource;)Ljava/lang/Class;' in 'java/security/SecureClassLoader')}
  0x0000014e711df9f8: 5437 0748 | bb28 9b21 | 454e 0100 | 008b 83cc | 0000 0083 | c002 8983 | cc00 0000 | 25fe 0700 
  0x0000014e711dfa18: 0085 c00f | 8496 0000 | 0089 7424 | 5c89 7c24 | 584c 894c | 2450 4c89 | 4424 4848 

  0x0000014e711dfa34: ;   {metadata(method data for {method} {0x0000014e0404d8a0} 'defineClass' '(Ljava/lang/String;[BIILjava/security/CodeSource;)Ljava/lang/Class;' in 'java/security/SecureClassLoader')}
  0x0000014e711dfa34: 8bda 48b8 | 289b 2145 | 4e01 0000 | 4883 8010 | 0100 0001 | 4c8b c148 | 8bc2 488b | d048 8944 
  0x0000014e711dfa54: ;   {optimized virtual_call}
  0x0000014e711dfa54: 2440 90e8 

  0x0000014e711dfa58: ; ImmutableOopMap {[64]=Oop [72]=Oop [80]=Oop }
                      ;*invokevirtual getProtectionDomain {reexecute=0 rethrow=0 return_oop=0}
                      ; - java.security.SecureClassLoader::defineClass@9 (line 150)
  0x0000014e711dfa58: c46e 0300 

  0x0000014e711dfa5c: ;   {other}
  0x0000014e711dfa5c: 0f1f 8400 | 4c02 0000 | 488b 5424 

  0x0000014e711dfa68: ;   {metadata(method data for {method} {0x0000014e0404d8a0} 'defineClass' '(Ljava/lang/String;[BIILjava/security/CodeSource;)Ljava/lang/Class;' in 'java/security/SecureClassLoader')}
  0x0000014e711dfa68: 4049 b828 | 9b21 454e | 0100 0049 | 8380 4801 | 0000 014c | 8b44 2448 | 4c8b 4c24 | 508b 7c24 
  0x0000014e711dfa88: 588b 7424 | 5c48 8bc8 | 488b 5424 

  0x0000014e711dfa94: ;   {optimized virtual_call}
  0x0000014e711dfa94: 4066 90e8 

  0x0000014e711dfa98: ; ImmutableOopMap {}
                      ;*invokevirtual defineClass {reexecute=0 rethrow=0 return_oop=0}
                      ; - java.security.SecureClassLoader::defineClass@12 (line 150)
  0x0000014e711dfa98: 2480 0300 

  0x0000014e711dfa9c: ;   {other}
  0x0000014e711dfa9c: 0f1f 8400 | 8c02 0001 | 4883 c470 

  0x0000014e711dfaa8: ;   {poll_return}
  0x0000014e711dfaa8: 5d49 3ba7 | 5004 0000 | 0f87 2200 

  0x0000014e711dfab4: ;   {metadata({method} {0x0000014e0404d8a0} 'defineClass' '(Ljava/lang/String;[BIILjava/security/CodeSource;)Ljava/lang/Class;' in 'java/security/SecureClassLoader')}
  0x0000014e711dfab4: 0000 c349 | ba98 d804 | 044e 0100 | 004c 8954 | 2408 48c7 | 0424 ffff 

  0x0000014e711dfacc: ;   {runtime_call counter_overflow Runtime1 stub}
  0x0000014e711dfacc: ffff e82d 

  0x0000014e711dfad0: ; ImmutableOopMap {rdx=Oop r8=Oop r9=Oop rcx=Oop }
                      ;*synchronization entry
                      ; - java.security.SecureClassLoader::defineClass@-1 (line 150)
  0x0000014e711dfad0: 5a45 07e9 | 49ff ffff 

  0x0000014e711dfad8: ;   {internal_word}
  0x0000014e711dfad8: 49ba a9fa | 1d71 4e01 | 0000 4d89 | 9768 0400 

  0x0000014e711dfae8: ;   {runtime_call SafepointBlob}
  0x0000014e711dfae8: 00e9 125c | 3907 498b | 8700 0500 | 0049 c787 | 0005 0000 | 0000 0000 | 49c7 8708 | 0500 0000 
  0x0000014e711dfb08: 0000 0048 | 83c4 705d 

  0x0000014e711dfb10: ;   {runtime_call unwind_exception Runtime1 stub}
  0x0000014e711dfb10: e9eb eb44 | 07f4 f4f4 
[Stub Code]
  0x0000014e711dfb18: ;   {no_reloc}
  0x0000014e711dfb18: 48bb e8d7 | 0404 4e01 

  0x0000014e711dfb20: ;   {runtime_call I2C/C2I adapters}
  0x0000014e711dfb20: 0000 e9c0 

  0x0000014e711dfb24: ;   {static_stub}
  0x0000014e711dfb24: 4639 0748 | bbe0 d143 | 044e 0100 

  0x0000014e711dfb30: ;   {runtime_call I2C/C2I adapters}
  0x0000014e711dfb30: 00e9 3f16 

  0x0000014e711dfb34: ;   {runtime_call handle_exception_from_callee Runtime1 stub}
  0x0000014e711dfb34: 3807 e8c5 

  0x0000014e711dfb38: ;   {external_word}
  0x0000014e711dfb38: 1845 0748 | b9d0 f7a2 | 85fc 7f00 | 0048 83e4 

  0x0000014e711dfb48: ;   {runtime_call}
  0x0000014e711dfb48: f048 b8a0 | 126b 85fc | 7f00 00ff 

  0x0000014e711dfb54: ;   {section_word}
  0x0000014e711dfb54: d0f4 49ba | 56fb 1d71 | 4e01 0000 

  0x0000014e711dfb60: ;   {runtime_call DeoptimizationBlob}
  0x0000014e711dfb60: 4152 e939 | 4e39 07f4 
[/MachCode]


---------------  P R O C E S S  ---------------

Threads class SMR info:
_java_thread_list=0x0000014e497fe100, length=14, elements={
0x0000014e68b739f0, 0x0000014e037a2d80, 0x0000014e037a5d10, 0x0000014e037a8fb0,
0x0000014e037a9bc0, 0x0000014e037b27e0, 0x0000014e037b33f0, 0x0000014e037b7e40,
0x0000014e037baaa0, 0x0000014e039c3fd0, 0x0000014e03c50200, 0x0000014e03d7b9d0,
0x0000014e497e1380, 0x0000014e497e19f0
}

Java Threads: ( => current thread )
  0x0000014e68b739f0 JavaThread "main"                              [_thread_blocked, id=8208, stack(0x00000032efe00000,0x00000032eff00000) (1024K)]
  0x0000014e037a2d80 JavaThread "Reference Handler"          daemon [_thread_blocked, id=2704, stack(0x00000032f0600000,0x00000032f0700000) (1024K)]
  0x0000014e037a5d10 JavaThread "Finalizer"                  daemon [_thread_blocked, id=10560, stack(0x00000032f0700000,0x00000032f0800000) (1024K)]
  0x0000014e037a8fb0 JavaThread "Signal Dispatcher"          daemon [_thread_blocked, id=13668, stack(0x00000032f0800000,0x00000032f0900000) (1024K)]
  0x0000014e037a9bc0 JavaThread "Attach Listener"            daemon [_thread_blocked, id=2108, stack(0x00000032f0900000,0x00000032f0a00000) (1024K)]
  0x0000014e037b27e0 JavaThread "Service Thread"             daemon [_thread_blocked, id=12380, stack(0x00000032f0a00000,0x00000032f0b00000) (1024K)]
  0x0000014e037b33f0 JavaThread "Monitor Deflation Thread"   daemon [_thread_blocked, id=11520, stack(0x00000032f0b00000,0x00000032f0c00000) (1024K)]
  0x0000014e037b7e40 JavaThread "C2 CompilerThread0"         daemon [_thread_blocked, id=13472, stack(0x00000032f0c00000,0x00000032f0d00000) (1024K)]
  0x0000014e037baaa0 JavaThread "C1 CompilerThread0"         daemon [_thread_blocked, id=10948, stack(0x00000032f0d00000,0x00000032f0e00000) (1024K)]
  0x0000014e039c3fd0 JavaThread "Common-Cleaner"             daemon [_thread_blocked, id=14492, stack(0x00000032f0e00000,0x00000032f0f00000) (1024K)]
  0x0000014e03c50200 JavaThread "Monitor Ctrl-Break"         daemon [_thread_in_native, id=3348, stack(0x00000032f0f00000,0x00000032f1000000) (1024K)]
  0x0000014e03d7b9d0 JavaThread "Notification Thread"        daemon [_thread_blocked, id=14016, stack(0x00000032f1000000,0x00000032f1100000) (1024K)]
  0x0000014e497e1380 JavaThread "Thread-0"                          [_thread_blocked, id=1764, stack(0x00000032f1400000,0x00000032f1500000) (1024K)]
=>0x0000014e497e19f0 JavaThread "restartedMain"                     [_thread_in_vm, id=8460, stack(0x00000032f1500000,0x00000032f1600000) (1024K)]
Total: 14

Other Threads:
  0x0000014e68c343e0 VMThread "VM Thread"                           [id=4644, stack(0x00000032f0500000,0x00000032f0600000) (1024K)]
  0x0000014e0378db60 WatcherThread "VM Periodic Task Thread"        [id=3748, stack(0x00000032f0400000,0x00000032f0500000) (1024K)]
  0x0000014e68bac320 WorkerThread "GC Thread#0"                     [id=14512, stack(0x00000032eff00000,0x00000032f0000000) (1024K)]
  0x0000014e496d91c0 WorkerThread "GC Thread#1"                     [id=6868, stack(0x00000032f1100000,0x00000032f1200000) (1024K)]
  0x0000014e49256060 WorkerThread "GC Thread#2"                     [id=2592, stack(0x00000032f1200000,0x00000032f1300000) (1024K)]
  0x0000014e49601170 WorkerThread "GC Thread#3"                     [id=12452, stack(0x00000032f1300000,0x00000032f1400000) (1024K)]
  0x0000014e68bb4d90 ConcurrentGCThread "G1 Main Marker"            [id=2884, stack(0x00000032f0000000,0x00000032f0100000) (1024K)]
  0x0000014e68bb5950 WorkerThread "G1 Conc#0"                       [id=7888, stack(0x00000032f0100000,0x00000032f0200000) (1024K)]
  0x0000014e68c10870 ConcurrentGCThread "G1 Refine#0"               [id=7544, stack(0x00000032f0200000,0x00000032f0300000) (1024K)]
  0x0000014e68c112f0 ConcurrentGCThread "G1 Service"                [id=9304, stack(0x00000032f0300000,0x00000032f0400000) (1024K)]
Total: 10

Threads with active compile tasks:
Total: 0

VM state: not at safepoint (normal execution)

VM Mutex/Monitor currently owned by a thread:  ([mutex/lock_event])
[0x00007ffc85cc5e18] Metaspace_lock - owner thread: 0x0000014e497e19f0

Heap address: 0x00000000c2800000, size: 984 MB, Compressed Oops mode: 32-bit

CDS archive(s) mapped at: [0x0000014e04000000-0x0000014e04c90000-0x0000014e04c90000), size 13172736, SharedBaseAddress: 0x0000014e04000000, ArchiveRelocationMode: 1.
Compressed class space mapped at: 0x0000014e05000000-0x0000014e45000000, reserved size: 1073741824
Narrow klass base: 0x0000014e04000000, Narrow klass shift: 0, Narrow klass range: 0x100000000

GC Precious Log:
 CardTable entry size: 512
 Card Set container configuration: InlinePtr #cards 5 size 8 Array Of Cards #cards 12 size 40 Howl #buckets 4 coarsen threshold 1843 Howl Bitmap #cards 512 size 80 coarsen threshold 460 Card regions per heap region 1 cards per card region 2048
 CPUs: 4 total, 4 available
 Memory: 3933M
 Large Page Support: Disabled
 NUMA Support: Disabled
 Compressed Oops: Enabled (32-bit)
 Heap Region Size: 1M
 Heap Min Capacity: 8M
 Heap Initial Capacity: 62M
 Heap Max Capacity: 984M
 Pre-touch: Disabled
 Parallel Workers: 4
 Concurrent Workers: 1
 Concurrent Refinement Workers: 4
 Periodic GC: Disabled

Heap:
 garbage-first heap   total 63488K, used 16384K [0x00000000c2800000, 0x0000000100000000)
  region size 1024K, 14 young (14336K), 2 survivors (2048K)
 Metaspace       used 6868K, committed 7040K, reserved 1114112K
  class space    used 770K, committed 832K, reserved 1048576K

Heap Regions: E=young(eden), S=young(survivor), O=old, HS=humongous(starts), HC=humongous(continues), CS=collection set, F=free, TAMS=top-at-mark-start, PB=parsable bottom
|   0|0x00000000c2800000, 0x00000000c2900000, 0x00000000c2900000|100%|HS|  |TAMS 0x00000000c2800000| PB 0x00000000c2800000| Complete 
|   1|0x00000000c2900000, 0x00000000c2a00000, 0x00000000c2a00000|100%| O|  |TAMS 0x00000000c2900000| PB 0x00000000c2900000| Untracked 
|   2|0x00000000c2a00000, 0x00000000c2b00000, 0x00000000c2b00000|100%| O|  |TAMS 0x00000000c2a00000| PB 0x00000000c2a00000| Untracked 
|   3|0x00000000c2b00000, 0x00000000c2c00000, 0x00000000c2c00000|100%| O|  |TAMS 0x00000000c2b00000| PB 0x00000000c2b00000| Untracked 
|   4|0x00000000c2c00000, 0x00000000c2c00000, 0x00000000c2d00000|  0%| F|  |TAMS 0x00000000c2c00000| PB 0x00000000c2c00000| Untracked 
|   5|0x00000000c2d00000, 0x00000000c2d00000, 0x00000000c2e00000|  0%| F|  |TAMS 0x00000000c2d00000| PB 0x00000000c2d00000| Untracked 
|   6|0x00000000c2e00000, 0x00000000c2e00000, 0x00000000c2f00000|  0%| F|  |TAMS 0x00000000c2e00000| PB 0x00000000c2e00000| Untracked 
|   7|0x00000000c2f00000, 0x00000000c2f00000, 0x00000000c3000000|  0%| F|  |TAMS 0x00000000c2f00000| PB 0x00000000c2f00000| Untracked 
|   8|0x00000000c3000000, 0x00000000c3000000, 0x00000000c3100000|  0%| F|  |TAMS 0x00000000c3000000| PB 0x00000000c3000000| Untracked 
|   9|0x00000000c3100000, 0x00000000c3100000, 0x00000000c3200000|  0%| F|  |TAMS 0x00000000c3100000| PB 0x00000000c3100000| Untracked 
|  10|0x00000000c3200000, 0x00000000c3200000, 0x00000000c3300000|  0%| F|  |TAMS 0x00000000c3200000| PB 0x00000000c3200000| Untracked 
|  11|0x00000000c3300000, 0x00000000c3300000, 0x00000000c3400000|  0%| F|  |TAMS 0x00000000c3300000| PB 0x00000000c3300000| Untracked 
|  12|0x00000000c3400000, 0x00000000c3400000, 0x00000000c3500000|  0%| F|  |TAMS 0x00000000c3400000| PB 0x00000000c3400000| Untracked 
|  13|0x00000000c3500000, 0x00000000c3500000, 0x00000000c3600000|  0%| F|  |TAMS 0x00000000c3500000| PB 0x00000000c3500000| Untracked 
|  14|0x00000000c3600000, 0x00000000c3600000, 0x00000000c3700000|  0%| F|  |TAMS 0x00000000c3600000| PB 0x00000000c3600000| Untracked 
|  15|0x00000000c3700000, 0x00000000c3700000, 0x00000000c3800000|  0%| F|  |TAMS 0x00000000c3700000| PB 0x00000000c3700000| Untracked 
|  16|0x00000000c3800000, 0x00000000c3800000, 0x00000000c3900000|  0%| F|  |TAMS 0x00000000c3800000| PB 0x00000000c3800000| Untracked 
|  17|0x00000000c3900000, 0x00000000c3900000, 0x00000000c3a00000|  0%| F|  |TAMS 0x00000000c3900000| PB 0x00000000c3900000| Untracked 
|  18|0x00000000c3a00000, 0x00000000c3a00000, 0x00000000c3b00000|  0%| F|  |TAMS 0x00000000c3a00000| PB 0x00000000c3a00000| Untracked 
|  19|0x00000000c3b00000, 0x00000000c3b00000, 0x00000000c3c00000|  0%| F|  |TAMS 0x00000000c3b00000| PB 0x00000000c3b00000| Untracked 
|  20|0x00000000c3c00000, 0x00000000c3c00000, 0x00000000c3d00000|  0%| F|  |TAMS 0x00000000c3c00000| PB 0x00000000c3c00000| Untracked 
|  21|0x00000000c3d00000, 0x00000000c3d00000, 0x00000000c3e00000|  0%| F|  |TAMS 0x00000000c3d00000| PB 0x00000000c3d00000| Untracked 
|  22|0x00000000c3e00000, 0x00000000c3e00000, 0x00000000c3f00000|  0%| F|  |TAMS 0x00000000c3e00000| PB 0x00000000c3e00000| Untracked 
|  23|0x00000000c3f00000, 0x00000000c3f00000, 0x00000000c4000000|  0%| F|  |TAMS 0x00000000c3f00000| PB 0x00000000c3f00000| Untracked 
|  24|0x00000000c4000000, 0x00000000c4000000, 0x00000000c4100000|  0%| F|  |TAMS 0x00000000c4000000| PB 0x00000000c4000000| Untracked 
|  25|0x00000000c4100000, 0x00000000c4100000, 0x00000000c4200000|  0%| F|  |TAMS 0x00000000c4100000| PB 0x00000000c4100000| Untracked 
|  26|0x00000000c4200000, 0x00000000c4200000, 0x00000000c4300000|  0%| F|  |TAMS 0x00000000c4200000| PB 0x00000000c4200000| Untracked 
|  27|0x00000000c4300000, 0x00000000c4300000, 0x00000000c4400000|  0%| F|  |TAMS 0x00000000c4300000| PB 0x00000000c4300000| Untracked 
|  28|0x00000000c4400000, 0x00000000c4400000, 0x00000000c4500000|  0%| F|  |TAMS 0x00000000c4400000| PB 0x00000000c4400000| Untracked 
|  29|0x00000000c4500000, 0x00000000c4500000, 0x00000000c4600000|  0%| F|  |TAMS 0x00000000c4500000| PB 0x00000000c4500000| Untracked 
|  30|0x00000000c4600000, 0x00000000c4600000, 0x00000000c4700000|  0%| F|  |TAMS 0x00000000c4600000| PB 0x00000000c4600000| Untracked 
|  31|0x00000000c4700000, 0x00000000c4700000, 0x00000000c4800000|  0%| F|  |TAMS 0x00000000c4700000| PB 0x00000000c4700000| Untracked 
|  32|0x00000000c4800000, 0x00000000c4800000, 0x00000000c4900000|  0%| F|  |TAMS 0x00000000c4800000| PB 0x00000000c4800000| Untracked 
|  33|0x00000000c4900000, 0x00000000c4900000, 0x00000000c4a00000|  0%| F|  |TAMS 0x00000000c4900000| PB 0x00000000c4900000| Untracked 
|  34|0x00000000c4a00000, 0x00000000c4a00000, 0x00000000c4b00000|  0%| F|  |TAMS 0x00000000c4a00000| PB 0x00000000c4a00000| Untracked 
|  35|0x00000000c4b00000, 0x00000000c4b00000, 0x00000000c4c00000|  0%| F|  |TAMS 0x00000000c4b00000| PB 0x00000000c4b00000| Untracked 
|  36|0x00000000c4c00000, 0x00000000c4c00000, 0x00000000c4d00000|  0%| F|  |TAMS 0x00000000c4c00000| PB 0x00000000c4c00000| Untracked 
|  37|0x00000000c4d00000, 0x00000000c4d00000, 0x00000000c4e00000|  0%| F|  |TAMS 0x00000000c4d00000| PB 0x00000000c4d00000| Untracked 
|  38|0x00000000c4e00000, 0x00000000c4e00000, 0x00000000c4f00000|  0%| F|  |TAMS 0x00000000c4e00000| PB 0x00000000c4e00000| Untracked 
|  39|0x00000000c4f00000, 0x00000000c4f00000, 0x00000000c5000000|  0%| F|  |TAMS 0x00000000c4f00000| PB 0x00000000c4f00000| Untracked 
|  40|0x00000000c5000000, 0x00000000c5000000, 0x00000000c5100000|  0%| F|  |TAMS 0x00000000c5000000| PB 0x00000000c5000000| Untracked 
|  41|0x00000000c5100000, 0x00000000c5100000, 0x00000000c5200000|  0%| F|  |TAMS 0x00000000c5100000| PB 0x00000000c5100000| Untracked 
|  42|0x00000000c5200000, 0x00000000c5200000, 0x00000000c5300000|  0%| F|  |TAMS 0x00000000c5200000| PB 0x00000000c5200000| Untracked 
|  43|0x00000000c5300000, 0x00000000c5300000, 0x00000000c5400000|  0%| F|  |TAMS 0x00000000c5300000| PB 0x00000000c5300000| Untracked 
|  44|0x00000000c5400000, 0x00000000c5400000, 0x00000000c5500000|  0%| F|  |TAMS 0x00000000c5400000| PB 0x00000000c5400000| Untracked 
|  45|0x00000000c5500000, 0x00000000c5500000, 0x00000000c5600000|  0%| F|  |TAMS 0x00000000c5500000| PB 0x00000000c5500000| Untracked 
|  46|0x00000000c5600000, 0x00000000c5600000, 0x00000000c5700000|  0%| F|  |TAMS 0x00000000c5600000| PB 0x00000000c5600000| Untracked 
|  47|0x00000000c5700000, 0x00000000c5800000, 0x00000000c5800000|100%| S|CS|TAMS 0x00000000c5700000| PB 0x00000000c5700000| Complete 
|  48|0x00000000c5800000, 0x00000000c5900000, 0x00000000c5900000|100%| S|CS|TAMS 0x00000000c5800000| PB 0x00000000c5800000| Complete 
|  49|0x00000000c5900000, 0x00000000c5900000, 0x00000000c5a00000|  0%| F|  |TAMS 0x00000000c5900000| PB 0x00000000c5900000| Untracked 
|  50|0x00000000c5a00000, 0x00000000c5ab80d0, 0x00000000c5b00000| 71%| E|  |TAMS 0x00000000c5a00000| PB 0x00000000c5a00000| Complete 
|  51|0x00000000c5b00000, 0x00000000c5c00000, 0x00000000c5c00000|100%| E|CS|TAMS 0x00000000c5b00000| PB 0x00000000c5b00000| Complete 
|  52|0x00000000c5c00000, 0x00000000c5d00000, 0x00000000c5d00000|100%| E|CS|TAMS 0x00000000c5c00000| PB 0x00000000c5c00000| Complete 
|  53|0x00000000c5d00000, 0x00000000c5e00000, 0x00000000c5e00000|100%| E|CS|TAMS 0x00000000c5d00000| PB 0x00000000c5d00000| Complete 
|  54|0x00000000c5e00000, 0x00000000c5f00000, 0x00000000c5f00000|100%| E|CS|TAMS 0x00000000c5e00000| PB 0x00000000c5e00000| Complete 
|  55|0x00000000c5f00000, 0x00000000c6000000, 0x00000000c6000000|100%| E|CS|TAMS 0x00000000c5f00000| PB 0x00000000c5f00000| Complete 
|  56|0x00000000c6000000, 0x00000000c6100000, 0x00000000c6100000|100%| E|CS|TAMS 0x00000000c6000000| PB 0x00000000c6000000| Complete 
|  57|0x00000000c6100000, 0x00000000c6200000, 0x00000000c6200000|100%| E|CS|TAMS 0x00000000c6100000| PB 0x00000000c6100000| Complete 
|  58|0x00000000c6200000, 0x00000000c6300000, 0x00000000c6300000|100%| E|  |TAMS 0x00000000c6200000| PB 0x00000000c6200000| Complete 
|  59|0x00000000c6300000, 0x00000000c6400000, 0x00000000c6400000|100%| E|CS|TAMS 0x00000000c6300000| PB 0x00000000c6300000| Complete 
|  60|0x00000000c6400000, 0x00000000c6500000, 0x00000000c6500000|100%| E|CS|TAMS 0x00000000c6400000| PB 0x00000000c6400000| Complete 
|  61|0x00000000c6500000, 0x00000000c6600000, 0x00000000c6600000|100%| E|CS|TAMS 0x00000000c6500000| PB 0x00000000c6500000| Complete 

Card table byte_map: [0x0000014e001f0000,0x0000014e003e0000] _byte_map_base: 0x0000014dffbdc000

Marking Bits: (CMBitMap*) 0x0000014e68bac930
 Bits: [0x0000014e003e0000, 0x0000014e01340000)

Polling page: 0x0000014e669b0000

Metaspace:

Usage:
  Non-class:      5.96 MB used.
      Class:    770.21 KB used.
       Both:      6.71 MB used.

Virtual space:
  Non-class space:       64.00 MB reserved,       6.06 MB (  9%) committed,  1 nodes.
      Class space:        1.00 GB reserved,     832.00 KB ( <1%) committed,  1 nodes.
             Both:        1.06 GB reserved,       6.88 MB ( <1%) committed. 

Chunk freelists:
   Non-Class:  9.23 MB
       Class:  15.00 MB
        Both:  24.23 MB

MaxMetaspaceSize: unlimited
CompressedClassSpaceSize: 1.00 GB
Initial GC threshold: 21.00 MB
Current GC threshold: 21.00 MB
CDS: on
 - commit_granule_bytes: 65536.
 - commit_granule_words: 8192.
 - virtual_space_node_default_size: 8388608.
 - enlarge_chunks_in_place: 1.
 - use_allocation_guard: 0.


Internal statistics:

num_allocs_failed_limit: 0.
num_arena_births: 162.
num_arena_deaths: 0.
num_vsnodes_births: 2.
num_vsnodes_deaths: 0.
num_space_committed: 110.
num_space_uncommitted: 0.
num_chunks_returned_to_freelist: 0.
num_chunks_taken_from_freelist: 376.
num_chunk_merges: 0.
num_chunk_splits: 212.
num_chunks_enlarged: 108.
num_inconsistent_stats: 0.

CodeHeap 'non-profiled nmethods': size=120000Kb used=454Kb max_used=454Kb free=119545Kb
 bounds [0x0000014e78ac0000, 0x0000014e78d30000, 0x0000014e7fff0000]
CodeHeap 'profiled nmethods': size=120000Kb used=2280Kb max_used=2280Kb free=117719Kb
 bounds [0x0000014e70ff0000, 0x0000014e71260000, 0x0000014e78520000]
CodeHeap 'non-nmethods': size=5760Kb used=1369Kb max_used=1386Kb free=4390Kb
 bounds [0x0000014e78520000, 0x0000014e78790000, 0x0000014e78ac0000]
 total_blobs=1761 nmethods=1288 adapters=378
 compilation: enabled
              stopped_count=0, restarted_count=0
 full_count=0

Compilation events (20 events):
Event: 2.243 Thread 0x0000014e037baaa0 1278       1       org.springframework.util.ConcurrentReferenceHashMap$Entry::getValue (5 bytes)
Event: 2.243 Thread 0x0000014e037baaa0 nmethod 1278 0x0000014e78b30790 code [0x0000014e78b30920, 0x0000014e78b309e8]
Event: 2.259 Thread 0x0000014e037b7e40 1279   !   4       jdk.internal.misc.Blocker::begin (97 bytes)
Event: 2.261 Thread 0x0000014e037b7e40 nmethod 1279 0x0000014e78b30a90 code [0x0000014e78b30c20, 0x0000014e78b30ce8]
Event: 2.262 Thread 0x0000014e037b7e40 1280       4       jdk.internal.misc.Blocker::end (71 bytes)
Event: 2.262 Thread 0x0000014e037b7e40 nmethod 1280 0x0000014e78b30e10 code [0x0000014e78b30f80, 0x0000014e78b31018]
Event: 2.278 Thread 0x0000014e037baaa0 1282       3       java.net.URL::lowerCaseProtocol (46 bytes)
Event: 2.279 Thread 0x0000014e037baaa0 nmethod 1282 0x0000014e71227790 code [0x0000014e712279c0, 0x0000014e71227ec8]
Event: 2.279 Thread 0x0000014e037baaa0 1283  s    3       java.util.Properties::put (10 bytes)
Event: 2.279 Thread 0x0000014e037baaa0 nmethod 1283 0x0000014e71228090 code [0x0000014e71228240, 0x0000014e712284b8]
Event: 2.279 Thread 0x0000014e037baaa0 1284       3       java.util.Properties::getProperty (50 bytes)
Event: 2.279 Thread 0x0000014e037baaa0 nmethod 1284 0x0000014e71228610 code [0x0000014e712287e0, 0x0000014e71228c70]
Event: 2.300 Thread 0x0000014e037baaa0 1285       3       org.springframework.core.OrderComparator::getOrder (111 bytes)
Event: 2.301 Thread 0x0000014e037baaa0 nmethod 1285 0x0000014e71228d90 code [0x0000014e71228fe0, 0x0000014e71229938]
Event: 2.301 Thread 0x0000014e037baaa0 1286       3       org.springframework.core.OrderComparator::getOrder (22 bytes)
Event: 2.301 Thread 0x0000014e037baaa0 nmethod 1286 0x0000014e71229c10 code [0x0000014e71229dc0, 0x0000014e7122a040]
Event: 2.302 Thread 0x0000014e037baaa0 1287       1       org.springframework.core.annotation.MergedAnnotations$Search::lambda$static$1 (2 bytes)
Event: 2.302 Thread 0x0000014e037baaa0 nmethod 1287 0x0000014e78b31590 code [0x0000014e78b31720, 0x0000014e78b317c8]
Event: 2.302 Thread 0x0000014e037baaa0 1288       1       ch.qos.logback.classic.Logger::getName (5 bytes)
Event: 2.302 Thread 0x0000014e037baaa0 nmethod 1288 0x0000014e78b31890 code [0x0000014e78b31a20, 0x0000014e78b31ae8]

GC Heap History (2 events):
Event: 1.344 GC heap before
{Heap before GC invocations=0 (full 0):
 garbage-first heap   total 63488K, used 13312K [0x00000000c2800000, 0x0000000100000000)
  region size 1024K, 13 young (13312K), 0 survivors (0K)
 Metaspace       used 3557K, committed 3712K, reserved 1114112K
  class space    used 364K, committed 448K, reserved 1048576K
}
Event: 1.352 GC heap after
{Heap after GC invocations=1 (full 0):
 garbage-first heap   total 63488K, used 6144K [0x00000000c2800000, 0x0000000100000000)
  region size 1024K, 2 young (2048K), 2 survivors (2048K)
 Metaspace       used 3557K, committed 3712K, reserved 1114112K
  class space    used 364K, committed 448K, reserved 1048576K
}

Dll operation events (12 events):
Event: 0.038 Loaded shared library C:\Program Files\Java\jdk-21\bin\java.dll
Event: 0.097 Loaded shared library C:\Program Files\Java\jdk-21\bin\jsvml.dll
Event: 0.357 Loaded shared library C:\Program Files\Java\jdk-21\bin\zip.dll
Event: 0.367 Loaded shared library C:\Program Files\Java\jdk-21\bin\instrument.dll
Event: 0.380 Loaded shared library C:\Program Files\Java\jdk-21\bin\net.dll
Event: 0.383 Loaded shared library C:\Program Files\Java\jdk-21\bin\nio.dll
Event: 0.390 Loaded shared library C:\Program Files\Java\jdk-21\bin\zip.dll
Event: 0.697 Loaded shared library C:\Users\Ric\AppData\Local\Programs\IntelliJ IDEA Community Edition\bin\breakgen64.dll
Event: 0.744 Loaded shared library C:\Program Files\Java\jdk-21\bin\extnet.dll
Event: 0.835 Loaded shared library C:\Program Files\Java\jdk-21\bin\jimage.dll
Event: 1.660 Loaded shared library C:\Program Files\Java\jdk-21\bin\management.dll
Event: 1.665 Loaded shared library C:\Program Files\Java\jdk-21\bin\management_ext.dll

Deoptimization events (20 events):
Event: 1.937 Thread 0x0000014e497e19f0 DEOPT PACKING pc=0x0000014e78b23378 sp=0x00000032f15fe280
Event: 1.937 Thread 0x0000014e497e19f0 DEOPT UNPACKING pc=0x0000014e785746a2 sp=0x00000032f15fe228 mode 2
Event: 1.994 Thread 0x0000014e497e19f0 DEOPT PACKING pc=0x0000014e71093c63 sp=0x00000032f15fa740
Event: 1.994 Thread 0x0000014e497e19f0 DEOPT UNPACKING pc=0x0000014e78574e42 sp=0x00000032f15f9c48 mode 0
Event: 2.007 Thread 0x0000014e497e19f0 Uncommon trap: trap_request=0xffffffc6 fr.pc=0x0000014e78b194f0 relative=0x0000000000000c10
Event: 2.007 Thread 0x0000014e497e19f0 Uncommon trap: reason=bimorphic_or_optimized_type_check action=maybe_recompile pc=0x0000014e78b194f0 method=java.util.HashMap.putVal(ILjava/lang/Object;Ljava/lang/Object;ZZ)Ljava/lang/Object; @ 56 c2
Event: 2.007 Thread 0x0000014e497e19f0 DEOPT PACKING pc=0x0000014e78b194f0 sp=0x00000032f15fddc0
Event: 2.007 Thread 0x0000014e497e19f0 DEOPT UNPACKING pc=0x0000014e785746a2 sp=0x00000032f15fdcf0 mode 2
Event: 2.007 Thread 0x0000014e497e19f0 Uncommon trap: trap_request=0xffffffc6 fr.pc=0x0000014e78b194f0 relative=0x0000000000000c10
Event: 2.007 Thread 0x0000014e497e19f0 Uncommon trap: reason=bimorphic_or_optimized_type_check action=maybe_recompile pc=0x0000014e78b194f0 method=java.util.HashMap.putVal(ILjava/lang/Object;Ljava/lang/Object;ZZ)Ljava/lang/Object; @ 56 c2
Event: 2.007 Thread 0x0000014e497e19f0 DEOPT PACKING pc=0x0000014e78b194f0 sp=0x00000032f15fddc0
Event: 2.007 Thread 0x0000014e497e19f0 DEOPT UNPACKING pc=0x0000014e785746a2 sp=0x00000032f15fdcf0 mode 2
Event: 2.007 Thread 0x0000014e497e19f0 Uncommon trap: trap_request=0xffffffc6 fr.pc=0x0000014e78b194f0 relative=0x0000000000000c10
Event: 2.007 Thread 0x0000014e497e19f0 Uncommon trap: reason=bimorphic_or_optimized_type_check action=maybe_recompile pc=0x0000014e78b194f0 method=java.util.HashMap.putVal(ILjava/lang/Object;Ljava/lang/Object;ZZ)Ljava/lang/Object; @ 56 c2
Event: 2.007 Thread 0x0000014e497e19f0 DEOPT PACKING pc=0x0000014e78b194f0 sp=0x00000032f15fddc0
Event: 2.007 Thread 0x0000014e497e19f0 DEOPT UNPACKING pc=0x0000014e785746a2 sp=0x00000032f15fdcf0 mode 2
Event: 2.007 Thread 0x0000014e497e19f0 Uncommon trap: trap_request=0xffffffc6 fr.pc=0x0000014e78b194f0 relative=0x0000000000000c10
Event: 2.007 Thread 0x0000014e497e19f0 Uncommon trap: reason=bimorphic_or_optimized_type_check action=maybe_recompile pc=0x0000014e78b194f0 method=java.util.HashMap.putVal(ILjava/lang/Object;Ljava/lang/Object;ZZ)Ljava/lang/Object; @ 56 c2
Event: 2.007 Thread 0x0000014e497e19f0 DEOPT PACKING pc=0x0000014e78b194f0 sp=0x00000032f15fddc0
Event: 2.007 Thread 0x0000014e497e19f0 DEOPT UNPACKING pc=0x0000014e785746a2 sp=0x00000032f15fdcf0 mode 2

Classes loaded (20 events):
Event: 2.214 Loading class java/time/DateTimeException done
Event: 2.214 Loading class java/time/format/DateTimeParseException done
Event: 2.219 Loading class java/time/OffsetTime
Event: 2.220 Loading class java/time/OffsetTime done
Event: 2.223 Loading class java/time/Year
Event: 2.224 Loading class java/time/Year done
Event: 2.225 Loading class java/time/Month
Event: 2.226 Loading class java/time/Month done
Event: 2.228 Loading class java/time/YearMonth
Event: 2.228 Loading class java/time/YearMonth done
Event: 2.230 Loading class java/time/MonthDay
Event: 2.231 Loading class java/time/MonthDay done
Event: 2.238 Loading class sun/reflect/generics/tree/CharSignature
Event: 2.238 Loading class sun/reflect/generics/tree/CharSignature done
Event: 2.238 Loading class sun/reflect/generics/tree/ArrayTypeSignature
Event: 2.238 Loading class sun/reflect/generics/tree/ArrayTypeSignature done
Event: 2.240 Loading class java/net/UnknownHostException
Event: 2.240 Loading class java/net/UnknownHostException done
Event: 2.260 Loading class sun/reflect/generics/tree/ByteSignature
Event: 2.261 Loading class sun/reflect/generics/tree/ByteSignature done

Classes unloaded (0 events):
No events

Classes redefined (0 events):
No events

Internal exceptions (20 events):
Event: 0.672 Thread 0x0000014e68b739f0 Exception <a 'java/lang/NoSuchMethodError'{0x00000000c5f65a38}: 'void java.lang.invoke.DirectMethodHandle$Holder.invokeStatic(java.lang.Object, java.lang.Object, java.lang.Object)'> (0x00000000c5f65a38) 
thrown [s\open\src\hotspot\share\interpreter\linkResolver.cpp, line 773]
Event: 0.683 Thread 0x0000014e68b739f0 Exception <a 'java/lang/NoSuchMethodError'{0x00000000c5f7d180}: 'java.lang.Object java.lang.invoke.Invokers$Holder.invokeExact_MT(java.lang.Object, java.lang.Object, java.lang.Object, java.lang.Object, java.lang.Object)'> (0x00000000c5f7d180) 
thrown [s\open\src\hotspot\share\interpreter\linkResolver.cpp, line 773]
Event: 0.747 Thread 0x0000014e03c50200 Exception <a 'java/lang/NoSuchMethodError'{0x00000000c5fc6d68}: 'void java.lang.invoke.DirectMethodHandle$Holder.invokeStatic(java.lang.Object, java.lang.Object)'> (0x00000000c5fc6d68) 
thrown [s\open\src\hotspot\share\interpreter\linkResolver.cpp, line 773]
Event: 0.985 Thread 0x0000014e68b739f0 Exception <a 'java/lang/ClassNotFoundException'{0x00000000c5da25f0}: javax/smartcardio/CardPermission> (0x00000000c5da25f0) 
thrown [s\open\src\hotspot\share\classfile\systemDictionary.cpp, line 312]
Event: 0.995 Thread 0x0000014e68b739f0 Exception <a 'java/io/FileNotFoundException'{0x00000000c5db0d90}> (0x00000000c5db0d90) 
thrown [s\open\src\hotspot\share\prims\jni.cpp, line 520]
Event: 1.048 Thread 0x0000014e68b739f0 Exception <a 'java/lang/NoSuchMethodError'{0x00000000c5c3c238}: 'java.lang.Object java.lang.invoke.DirectMethodHandle$Holder.invokeSpecial(java.lang.Object, java.lang.Object, java.lang.Object, long, java.lang.Object)'> (0x00000000c5c3c238) 
thrown [s\open\src\hotspot\share\interpreter\linkResolver.cpp, line 773]
Event: 1.048 Thread 0x0000014e68b739f0 Exception <a 'java/lang/NoSuchMethodError'{0x00000000c5c3fb88}: 'java.lang.Object java.lang.invoke.Invokers$Holder.linkToTargetMethod(java.lang.Object, long, java.lang.Object, java.lang.Object)'> (0x00000000c5c3fb88) 
thrown [s\open\src\hotspot\share\interpreter\linkResolver.cpp, line 773]
Event: 1.207 Thread 0x0000014e68b739f0 Exception <a 'java/lang/NoSuchMethodError'{0x00000000c5a15e30}: 'void java.lang.invoke.DirectMethodHandle$Holder.invokeStatic(java.lang.Object, java.lang.Object, java.lang.Object, java.lang.Object)'> (0x00000000c5a15e30) 
thrown [s\open\src\hotspot\share\interpreter\linkResolver.cpp, line 773]
Event: 1.283 Thread 0x0000014e68b739f0 Exception <a 'java/lang/NoSuchMethodError'{0x00000000c59271d0}: 'int java.lang.invoke.DirectMethodHandle$Holder.invokeStaticInit(java.lang.Object, java.lang.Object)'> (0x00000000c59271d0) 
thrown [s\open\src\hotspot\share\interpreter\linkResolver.cpp, line 773]
Event: 1.313 Thread 0x0000014e68b739f0 Exception <a 'java/lang/NoSuchMethodError'{0x00000000c596cf70}: 'void java.lang.invoke.DirectMethodHandle$Holder.invokeInterface(java.lang.Object, java.lang.Object, java.lang.Object, java.lang.Object)'> (0x00000000c596cf70) 
thrown [s\open\src\hotspot\share\interpreter\linkResolver.cpp, line 773]
Event: 1.529 Thread 0x0000014e68b739f0 Exception <a 'java/lang/NoSuchMethodError'{0x00000000c6495280}: 'java.lang.Object java.lang.invoke.DirectMethodHandle$Holder.invokeInterface(java.lang.Object, java.lang.Object)'> (0x00000000c6495280) 
thrown [s\open\src\hotspot\share\interpreter\linkResolver.cpp, line 773]
Event: 1.560 Thread 0x0000014e68b739f0 Exception <a 'java/lang/NoSuchMethodError'{0x00000000c64dc2c0}: 'java.lang.Object java.lang.invoke.DirectMethodHandle$Holder.invokeSpecialIFC(java.lang.Object, java.lang.Object, java.lang.Object, java.lang.Object)'> (0x00000000c64dc2c0) 
thrown [s\open\src\hotspot\share\interpreter\linkResolver.cpp, line 773]
Event: 1.570 Thread 0x0000014e68b739f0 Exception <a 'java/lang/NoSuchMethodError'{0x00000000c64fa128}: 'java.lang.Object java.lang.invoke.DirectMethodHandle$Holder.invokeInterface(java.lang.Object, java.lang.Object, java.lang.Object)'> (0x00000000c64fa128) 
thrown [s\open\src\hotspot\share\interpreter\linkResolver.cpp, line 773]
Event: 1.672 Thread 0x0000014e68b739f0 Exception <a 'java/lang/NoSuchMethodError'{0x00000000c620a210}: 'int java.lang.invoke.DirectMethodHandle$Holder.invokeSpecial(java.lang.Object, java.lang.Object, java.lang.Object)'> (0x00000000c620a210) 
thrown [s\open\src\hotspot\share\interpreter\linkResolver.cpp, line 773]
Event: 1.778 Thread 0x0000014e497e19f0 Exception <a 'java/lang/NoSuchMethodError'{0x00000000c60bbf48}: 'void java.lang.invoke.DirectMethodHandle$Holder.invokeSpecial(java.lang.Object, java.lang.Object, java.lang.Object)'> (0x00000000c60bbf48) 
thrown [s\open\src\hotspot\share\interpreter\linkResolver.cpp, line 773]
Event: 1.832 Thread 0x0000014e497e19f0 Exception <a 'java/lang/NoSuchMethodError'{0x00000000c5f99e00}: 'int java.lang.invoke.DirectMethodHandle$Holder.invokeStaticInit(java.lang.Object, java.lang.Object, java.lang.Object)'> (0x00000000c5f99e00) 
thrown [s\open\src\hotspot\share\interpreter\linkResolver.cpp, line 773]
Event: 1.871 Thread 0x0000014e497e19f0 Exception <a 'java/lang/NoSuchMethodError'{0x00000000c5ff15b8}: 'java.lang.Object java.lang.invoke.DirectMethodHandle$Holder.newInvokeSpecial(java.lang.Object, java.lang.Object, java.lang.Object, java.lang.Object, java.lang.Object)'> (0x00000000c5ff15b8) 
thrown [s\open\src\hotspot\share\interpreter\linkResolver.cpp, line 773]
Event: 1.891 Thread 0x0000014e497e19f0 Exception <a 'java/lang/NoSuchMethodError'{0x00000000c5e36760}: 'java.lang.Object java.lang.invoke.DirectMethodHandle$Holder.invokeStaticInit(java.lang.Object, java.lang.Object, java.lang.Object)'> (0x00000000c5e36760) 
thrown [s\open\src\hotspot\share\interpreter\linkResolver.cpp, line 773]
Event: 1.970 Thread 0x0000014e497e19f0 Exception <a 'java/lang/IncompatibleClassChangeError'{0x00000000c5ec26d8}: Found class java.lang.Object, but interface was expected> (0x00000000c5ec26d8) 
thrown [s\open\src\hotspot\share\interpreter\linkResolver.cpp, line 840]
Event: 2.023 Thread 0x0000014e037a9bc0 Exception <a 'java/lang/NoSuchMethodError'{0x00000000c5dc1b50}: 'java.lang.Object java.lang.invoke.Invokers$Holder.invokeExact_MT(java.lang.Object, java.lang.Object, java.lang.Object, java.lang.Object, java.lang.Object, java.lang.Object)'> (0x00000000c5dc1b50) 
thrown [s\open\src\hotspot\share\interpreter\linkResolver.cpp, line 773]

ZGC Phase Switch (0 events):
No events

VM Operations (12 events):
Event: 0.309 Executing VM operation: HandshakeAllThreads (Deoptimize)
Event: 0.309 Executing VM operation: HandshakeAllThreads (Deoptimize) done
Event: 0.847 Executing VM operation: HandshakeAllThreads (Deoptimize)
Event: 0.847 Executing VM operation: HandshakeAllThreads (Deoptimize) done
Event: 1.343 Executing VM operation: G1CollectForAllocation (G1 Evacuation Pause)
Event: 1.352 Executing VM operation: G1CollectForAllocation (G1 Evacuation Pause) done
Event: 1.517 Executing VM operation: HandshakeAllThreads (Deoptimize)
Event: 1.517 Executing VM operation: HandshakeAllThreads (Deoptimize) done
Event: 1.517 Executing VM operation: HandshakeAllThreads (Deoptimize)
Event: 1.517 Executing VM operation: HandshakeAllThreads (Deoptimize) done
Event: 2.005 Executing VM operation: HandshakeAllThreads (Deoptimize)
Event: 2.006 Executing VM operation: HandshakeAllThreads (Deoptimize) done

Events (14 events):
Event: 0.064 Thread 0x0000014e68b739f0 Thread added: 0x0000014e68b739f0
Event: 0.093 Thread 0x0000014e037a2d80 Thread added: 0x0000014e037a2d80
Event: 0.093 Thread 0x0000014e037a5d10 Thread added: 0x0000014e037a5d10
Event: 0.093 Thread 0x0000014e037a8fb0 Thread added: 0x0000014e037a8fb0
Event: 0.094 Thread 0x0000014e037a9bc0 Thread added: 0x0000014e037a9bc0
Event: 0.094 Thread 0x0000014e037b27e0 Thread added: 0x0000014e037b27e0
Event: 0.094 Thread 0x0000014e037b33f0 Thread added: 0x0000014e037b33f0
Event: 0.094 Thread 0x0000014e037b7e40 Thread added: 0x0000014e037b7e40
Event: 0.094 Thread 0x0000014e037baaa0 Thread added: 0x0000014e037baaa0
Event: 0.295 Thread 0x0000014e039c3fd0 Thread added: 0x0000014e039c3fd0
Event: 0.704 Thread 0x0000014e03c50200 Thread added: 0x0000014e03c50200
Event: 0.704 Thread 0x0000014e03d7b9d0 Thread added: 0x0000014e03d7b9d0
Event: 1.770 Thread 0x0000014e497e1380 Thread added: 0x0000014e497e1380
Event: 1.774 Thread 0x0000014e497e19f0 Thread added: 0x0000014e497e19f0


Dynamic libraries:
0x00007ff680890000 - 0x00007ff6808a0000 	C:\Program Files\Java\jdk-21\bin\java.exe
0x00007ffcde450000 - 0x00007ffcde648000 	C:\Windows\SYSTEM32\ntdll.dll
0x00007ffcde340000 - 0x00007ffcde401000 	C:\Windows\System32\KERNEL32.DLL
0x00007ffcdbe50000 - 0x00007ffcdc14d000 	C:\Windows\System32\KERNELBASE.dll
0x00007ffcdbb00000 - 0x00007ffcdbc00000 	C:\Windows\System32\ucrtbase.dll
0x00007ffcc2fb0000 - 0x00007ffcc2fcb000 	C:\Program Files\Java\jdk-21\bin\VCRUNTIME140.dll
0x00007ffcbd3b0000 - 0x00007ffcbd3c9000 	C:\Program Files\Java\jdk-21\bin\jli.dll
0x00007ffcdc5c0000 - 0x00007ffcdc670000 	C:\Windows\System32\ADVAPI32.dll
0x00007ffcdc980000 - 0x00007ffcdca1e000 	C:\Windows\System32\msvcrt.dll
0x00007ffcdc8e0000 - 0x00007ffcdc980000 	C:\Windows\System32\sechost.dll
0x00007ffcddb20000 - 0x00007ffcddc43000 	C:\Windows\System32\RPCRT4.dll
0x00007ffcdc450000 - 0x00007ffcdc477000 	C:\Windows\System32\bcrypt.dll
0x00007ffcdd980000 - 0x00007ffcddb1d000 	C:\Windows\System32\USER32.dll
0x00007ffcc9ee0000 - 0x00007ffcca17a000 	C:\Windows\WinSxS\amd64_microsoft.windows.common-controls_6595b64144ccf1df_6.0.19041.4355_none_60b8b9eb71f62e16\COMCTL32.dll
0x00007ffcdc150000 - 0x00007ffcdc172000 	C:\Windows\System32\win32u.dll
0x00007ffcdc480000 - 0x00007ffcdc4ab000 	C:\Windows\System32\GDI32.dll
0x00007ffcdbd30000 - 0x00007ffcdbe47000 	C:\Windows\System32\gdi32full.dll
0x00007ffcdbc00000 - 0x00007ffcdbc9d000 	C:\Windows\System32\msvcp_win.dll
0x00007ffccd710000 - 0x00007ffccd71a000 	C:\Windows\SYSTEM32\VERSION.dll
0x00007ffcdd4d0000 - 0x00007ffcdd4ff000 	C:\Windows\System32\IMM32.DLL
0x00007ffcd26d0000 - 0x00007ffcd26dc000 	C:\Program Files\Java\jdk-21\bin\vcruntime140_1.dll
0x00007ffcafbd0000 - 0x00007ffcafc5e000 	C:\Program Files\Java\jdk-21\bin\msvcp140.dll
0x00007ffc85090000 - 0x00007ffc85da3000 	C:\Program Files\Java\jdk-21\bin\server\jvm.dll
0x00007ffcdc870000 - 0x00007ffcdc8db000 	C:\Windows\System32\WS2_32.dll
0x00007ffcdb950000 - 0x00007ffcdb99b000 	C:\Windows\SYSTEM32\POWRPROF.dll
0x00007ffcc9690000 - 0x00007ffcc96b7000 	C:\Windows\SYSTEM32\WINMM.dll
0x00007ffcdb930000 - 0x00007ffcdb942000 	C:\Windows\SYSTEM32\UMPDC.dll
0x00007ffcd9940000 - 0x00007ffcd9952000 	C:\Windows\SYSTEM32\kernel.appcore.dll
0x00007ffcd20c0000 - 0x00007ffcd20ca000 	C:\Program Files\Java\jdk-21\bin\jimage.dll
0x00007ffcc3b80000 - 0x00007ffcc3d64000 	C:\Windows\SYSTEM32\DBGHELP.DLL
0x00007ffcc3b40000 - 0x00007ffcc3b74000 	C:\Windows\SYSTEM32\dbgcore.DLL
0x00007ffcdbca0000 - 0x00007ffcdbd22000 	C:\Windows\System32\bcryptPrimitives.dll
0x00007ffcd4f40000 - 0x00007ffcd4f4f000 	C:\Program Files\Java\jdk-21\bin\instrument.dll
0x00007ffcbc5b0000 - 0x00007ffcbc5cf000 	C:\Program Files\Java\jdk-21\bin\java.dll
0x00007ffcdcbd0000 - 0x00007ffcdd33f000 	C:\Windows\System32\SHELL32.dll
0x00007ffcd9b40000 - 0x00007ffcda2df000 	C:\Windows\SYSTEM32\windows.storage.dll
0x00007ffcdd620000 - 0x00007ffcdd973000 	C:\Windows\System32\combase.dll
0x00007ffcdb370000 - 0x00007ffcdb39e000 	C:\Windows\SYSTEM32\Wldp.dll
0x00007ffcddc50000 - 0x00007ffcddd1d000 	C:\Windows\System32\OLEAUT32.dll
0x00007ffcdd420000 - 0x00007ffcdd4cd000 	C:\Windows\System32\SHCORE.dll
0x00007ffcdcb70000 - 0x00007ffcdcbc5000 	C:\Windows\System32\shlwapi.dll
0x00007ffcdba30000 - 0x00007ffcdba54000 	C:\Windows\SYSTEM32\profapi.dll
0x00007ffca9340000 - 0x00007ffca9417000 	C:\Program Files\Java\jdk-21\bin\jsvml.dll
0x00007ffcb8210000 - 0x00007ffcb8228000 	C:\Program Files\Java\jdk-21\bin\zip.dll
0x00007ffcd1f30000 - 0x00007ffcd1f40000 	C:\Program Files\Java\jdk-21\bin\net.dll
0x00007ffcd5140000 - 0x00007ffcd524d000 	C:\Windows\SYSTEM32\WINHTTP.dll
0x00007ffcdb150000 - 0x00007ffcdb1ba000 	C:\Windows\system32\mswsock.dll
0x00007ffcb8240000 - 0x00007ffcb8256000 	C:\Program Files\Java\jdk-21\bin\nio.dll
0x00007ffcd4e90000 - 0x00007ffcd4eaa000 	C:\Users\Ric\AppData\Local\Programs\IntelliJ IDEA Community Edition\bin\breakgen64.dll
0x00007ffcd3110000 - 0x00007ffcd3119000 	C:\Program Files\Java\jdk-21\bin\extnet.dll
0x00007ffcd4f20000 - 0x00007ffcd4f2a000 	C:\Program Files\Java\jdk-21\bin\management.dll
0x00007ffcd4e80000 - 0x00007ffcd4e8b000 	C:\Program Files\Java\jdk-21\bin\management_ext.dll
0x00007ffcdc7d0000 - 0x00007ffcdc7d8000 	C:\Windows\System32\PSAPI.DLL

dbghelp: loaded successfully - version: 4.0.5 - missing functions: none
symbol engine: initialized successfully - sym options: 0x614 - pdb path: .;C:\Program Files\Java\jdk-21\bin;C:\Windows\SYSTEM32;C:\Windows\WinSxS\amd64_microsoft.windows.common-controls_6595b64144ccf1df_6.0.19041.4355_none_60b8b9eb71f62e16;C:\Program Files\Java\jdk-21\bin\server;C:\Users\Ric\AppData\Local\Programs\IntelliJ IDEA Community Edition\bin

VM Arguments:
jvm_args: -javaagent:C:\Users\Ric\AppData\Local\Programs\IntelliJ IDEA Community Edition\lib\idea_rt.jar=5463:C:\Users\Ric\AppData\Local\Programs\IntelliJ IDEA Community Edition\bin -Dfile.encoding=UTF-8 -Dsun.stdout.encoding=UTF-8 -Dsun.stderr.encoding=UTF-8 
java_command: com.hasinarezida.biblio.BiblioApplication
java_class_path (initial): C:\Users\Ric\Documents\projects\work\BibliothequeNumerique\target\classes;C:\Users\Ric\.m2\repository\org\springframework\boot\spring-boot-starter-data-jpa\3.3.2\spring-boot-starter-data-jpa-3.3.2.jar;C:\Users\Ric\.m2\repository\org\springframework\boot\spring-boot-starter-aop\3.3.2\spring-boot-starter-aop-3.3.2.jar;C:\Users\Ric\.m2\repository\org\aspectj\aspectjweaver\1.9.22.1\aspectjweaver-1.9.22.1.jar;C:\Users\Ric\.m2\repository\org\springframework\boot\spring-boot-starter-jdbc\3.3.2\spring-boot-starter-jdbc-3.3.2.jar;C:\Users\Ric\.m2\repository\com\zaxxer\HikariCP\5.1.0\HikariCP-5.1.0.jar;C:\Users\Ric\.m2\repository\org\springframework\spring-jdbc\6.1.11\spring-jdbc-6.1.11.jar;C:\Users\Ric\.m2\repository\org\hibernate\orm\hibernate-core\6.5.2.Final\hibernate-core-6.5.2.Final.jar;C:\Users\Ric\.m2\repository\jakarta\persistence\jakarta.persistence-api\3.1.0\jakarta.persistence-api-3.1.0.jar;C:\Users\Ric\.m2\repository\jakarta\transaction\jakarta.transaction-api\2.0.1\jakarta.transaction-api-2.0.1.jar;C:\Users\Ric\.m2\repository\org\jboss\logging\jboss-logging\3.5.3.Final\jboss-logging-3.5.3.Final.jar;C:\Users\Ric\.m2\repository\org\hibernate\common\hibernate-commons-annotations\6.0.6.Final\hibernate-commons-annotations-6.0.6.Final.jar;C:\Users\Ric\.m2\repository\io\smallrye\jandex\3.1.2\jandex-3.1.2.jar;C:\Users\Ric\.m2\repository\com\fasterxml\classmate\1.7.0\classmate-1.7.0.jar;C:\Users\Ric\.m2\repository\net\bytebuddy\byte-buddy\1.14.18\byte-buddy-1.14.18.jar;C:\Users\Ric\.m2\repository\org\glassfish\jaxb\jaxb-runtime\4.0.5\jaxb-runtime-4.0.5.jar;C:\Users\Ric\.m2\repository\org\glassfish\jaxb\jaxb-core\4.0.5\jaxb-core-4.0.5.jar;C:\Users\Ric\.m2\repository\org\eclipse\angus\angus-activation\2.0.2\angus-activation-2.0.2.jar;C:\Users\Ric\.m2\repository\org\glassfish\jaxb\txw2\4.0.5\txw2-4.0.5.jar;C:\Users\Ric\.m2\repository\com\sun\istack\istack-commons-runtime\4.1.2\istack-commons-runtime-4.1.2.jar;C:\Users\Ric\.m2\repository\jakarta\inject\jakarta.inject-api\2.0.1\jakarta.inject-api-2.0.1.jar;C:\Users\Ric\.m2\repository\org\antlr\antlr4-runtime\4.13.0\antlr4-runtime-4.13.0.jar;C:\Users\Ric\.m2\repository\org\springframework\data\spring-data-jpa\3.3.2\spring-data-jpa-3.3.2.jar;C:\Users\Ric\.m2\repository\org\springframework\data\spring-data-commons\3.3.2\spring-data-commons-3.3.2.jar;C:\Users\Ric\.m2\repository\org\springframework\spring-orm\6.1.11\spring-orm-6.1.11.jar;C:\Users\Ric\.m2\repository\org\springframework\spring-context\6.1.11\spring-context-6.1.11.jar;C:\Users\Ric\.m2\repository\org\springframework\spring-tx\6.1.11\spring-tx-6.1.11.jar;C:\Users\Ric\.m2\repository\org\springframework\spring-beans\6.1.11\spring-beans-6.1.11.jar;C:\Users\Ric\.m2\repository\org\slf4j\slf4j-api\2.0.13\slf4j-api-2.0.13.jar;C:\Users\Ric\.m2\repository\org\springframework\spring-aspects\6.1.11\spring-aspects-6.1.11.jar;C:\Users\Ric\.m2\repository\org\springframework\boot\spring-boot-starter-security\3.3.2\spring-boot-starter-security-3.3.2.jar;C:\Users\Ric\.m2\repository\org\springframework\boot\spring-boot-starter\3.3.2\spring-boot-starter-3.3.2.jar;C:\Users\Ric\.m2\repository\org\springframework\boot\spring-boot-starter-logging\3.3.2\spring-boot-starter-logging-3.3.2.jar;C:\Users\Ric\.m2\repository\ch\qos\logback\logback-classic\1.5.6\logback-classic-1.5.6.jar;C:\Users\Ric\.m2\repository\ch\qos\logback\logback-core\1.5.6\logback-core-1.5.6.jar;C:\Users\Ric\.m2\repository\org\apache\logging\log4j\log4j-to-slf4j\2.23.1\log4j-to-slf4j-2.23.1.jar;C:\Users\Ric\.m2\repository\org\apache\logging\log4j\log4j-api\2.23.1\log4j-api-2.23.1.jar;C:\Users\Ric\.m2\repository\org\slf4j\jul-to-slf4j\2.0.13\jul-to-slf4j-2.0.13.jar;C:\Users\Ric\.m2\repository\org\yaml\snakeyaml\2.2\snakeyaml-2.2.jar;C:\Users\Ric\.m2\repository\org\springframework\spring-aop\6.1.11\spring-aop-6.1.11.jar;C:\Users\Ric\.m2\repository\org\springframework\security\spring-security-config\6.3.1\spring-security-config-6.3.1.jar;C:\Users\Ric\.m2\repository\org\springframework\security\spring-security-web\6.3.1\spring-security-web-6.3.1.jar;C:\Users\Ric\.m2\repository\org\springframework\spring-expression\6.1.11\spring-expression-6.1.11.jar;C:\Users\Ric\.m2\repository\org\springframework\boot\spring-boot-starter-web\3.3.2\spring-boot-starter-web-3.3.2.jar;C:\Users\Ric\.m2\repository\org\springframework\boot\spring-boot-starter-json\3.3.2\spring-boot-starter-json-3.3.2.jar;C:\Users\Ric\.m2\repository\com\fasterxml\jackson\core\jackson-databind\2.17.2\jackson-databind-2.17.2.jar;C:\Users\Ric\.m2\repository\com\fasterxml\jackson\core\jackson-annotations\2.17.2\jackson-annotations-2.17.2.jar;C:\Users\Ric\.m2\repository\com\fasterxml\jackson\datatype\jackson-datatype-jdk8\2.17.2\jackson-datatype-jdk8-2.17.2.jar;C:\Users\Ric\.m2\repository\com\fasterxml\jackson\datatype\jackson-datatype-jsr310\2.17.2\jackson-datatype-jsr310-2.17.2.jar;C:\Users\Ric\.m2\repository\com\fasterxml\jackson\module\jackson-module-parameter-names\2.17.2\jackson-module-parameter-names-2.17.2.jar;C:\Users\Ric\.m2\repository\org\springframework\spring-web\6.1.11\spring-web-6.1.11.jar;C:\Users\Ric\.m2\repository\io\micrometer\micrometer-observation\1.13.2\micrometer-observation-1.13.2.jar;C:\Users\Ric\.m2\repository\io\micrometer\micrometer-commons\1.13.2\micrometer-commons-1.13.2.jar;C:\Users\Ric\.m2\repository\org\springframework\spring-webmvc\6.1.11\spring-webmvc-6.1.11.jar;C:\Users\Ric\.m2\repository\org\springframework\boot\spring-boot-devtools\3.3.2\spring-boot-devtools-3.3.2.jar;C:\Users\Ric\.m2\repository\org\springframework\boot\spring-boot\3.3.2\spring-boot-3.3.2.jar;C:\Users\Ric\.m2\repository\org\springframework\boot\spring-boot-autoconfigure\3.3.2\spring-boot-autoconfigure-3.3.2.jar;C:\Users\Ric\.m2\repository\org\postgresql\postgresql\42.7.3\postgresql-42.7.3.jar;C:\Users\Ric\.m2\repository\org\checkerframework\checker-qual\3.42.0\checker-qual-3.42.0.jar;C:\Users\Ric\.m2\repository\jakarta\annotation\jakarta.annotation-api\2.1.1\jakarta.annotation-api-2.1.1.jar;C:\Users\Ric\.m2\repository\jakarta\xml\bind\jakarta.xml.bind-api\4.0.2\jakarta.xml.bind-api-4.0.2.jar;C:\Users\Ric\.m2\repository\jakarta\activation\jakarta.activation-api\2.1.3\jakarta.activation-api-2.1.3.jar;C:\Users\Ric\.m2\repository\org\springframework\spring-core\6.1.11\spring-core-6.1.11.jar;C:\Users\Ric\.m2\repository\org\springframework\spring-jcl\6.1.11\spring-jcl-6.1.11.jar;C:\Users\Ric\.m2\repository\org\springframework\security\spring-security-core\6.3.1\spring-security-core-6.3.1.jar;C:\Users\Ric\.m2\repository\org\springframework\security\spring-security-crypto\6.3.1\spring-security-crypto-6.3.1.jar;C:\Users\Ric\.m2\repository\org\flywaydb\flyway-core\10.10.0\flyway-core-10.10.0.jar;C:\Users\Ric\.m2\repository\com\fasterxml\jackson\dataformat\jackson-dataformat-toml\2.17.2\jackson-dataformat-toml-2.17.2.jar;C:\Users\Ric\.m2\repository\com\fasterxml\jackson\core\jackson-core\2.17.2\jackson-core-2.17.2.jar;C:\Users\Ric\.m2\repository\com\google\code\gson\gson\2.10.1\gson-2.10.1.jar
Launcher Type: SUN_STANDARD

[Global flags]
     intx CICompilerCount                          = 3                                         {product} {ergonomic}
     uint ConcGCThreads                            = 1                                         {product} {ergonomic}
     uint G1ConcRefinementThreads                  = 4                                         {product} {ergonomic}
   size_t G1HeapRegionSize                         = 1048576                                   {product} {ergonomic}
    uintx GCDrainStackTargetSize                   = 64                                        {product} {ergonomic}
   size_t InitialHeapSize                          = 65011712                                  {product} {ergonomic}
   size_t MarkStackSize                            = 4194304                                   {product} {ergonomic}
   size_t MaxHeapSize                              = 1031798784                                {product} {ergonomic}
   size_t MaxNewSize                               = 618659840                                 {product} {ergonomic}
   size_t MinHeapDeltaBytes                        = 1048576                                   {product} {ergonomic}
   size_t MinHeapSize                              = 8388608                                   {product} {ergonomic}
    uintx NonNMethodCodeHeapSize                   = 5832780                                {pd product} {ergonomic}
    uintx NonProfiledCodeHeapSize                  = 122912730                              {pd product} {ergonomic}
    uintx ProfiledCodeHeapSize                     = 122912730                              {pd product} {ergonomic}
    uintx ReservedCodeCacheSize                    = 251658240                              {pd product} {ergonomic}
     bool SegmentedCodeCache                       = true                                      {product} {ergonomic}
   size_t SoftMaxHeapSize                          = 1031798784                             {manageable} {ergonomic}
     bool UseCompressedOops                        = true                           {product lp64_product} {ergonomic}
     bool UseG1GC                                  = true                                      {product} {ergonomic}
     bool UseLargePagesIndividualAllocation        = false                                  {pd product} {ergonomic}

Logging:
Log output configuration:
 #0: stdout all=warning uptime,level,tags foldmultilines=false
 #1: stderr all=off uptime,level,tags foldmultilines=false

Environment Variables:
PATH=C:\Program Files\Common Files\Oracle\Java\javapath;C:\Windows\system32;C:\Windows;C:\Windows\System32\Wbem;C:\Windows\System32\WindowsPowerShell\v1.0\;C:\Windows\System32\OpenSSH\;C:\Program Files\Microsoft SQL Server\150\Tools\Binn\;C:\Program Files\Git\bin;C:\Users\Ric\AppData\Roaming\nvm;C:\Program Files\nodejs;C:\Program Files\Docker\Docker\resources\bin;C:\Users\Ric\AppData\Local\Programs\Python\Python311\Scripts\;C:\Users\Ric\AppData\Local\Programs\Python\Python311\;C:\Users\Ric\AppData\Local\Microsoft\WindowsApps;C:\Users\Ric\.dotnet\tools;C:\Users\Ric\AppData\Local\Programs\Microsoft VS Code\bin;C:\dev\flutter\bin;C:\Users\Ric\AppData\Roaming\npm;C:\Users\Ric\AppData\Roaming\nvm;C:\Program Files\nodejs;C:\Users\Ric\AppData\Local\JetBrains\Toolbox\scripts;C:\Users\Ric\modelio\Modelio Open Source 5.4\plugins\org.apache.ant_1.10.9.v20201106-1946\META-INF;C:\Users\Ric\Documents\projects\work\biblio;C:\ProgramData\Microsoft\Windows\Start Menu\Programs\PostgreSQL 16;C:\ProgramData\Microsoft\Windows\Start Menu\Programs\PostgreSQL 16;
USERNAME=Ric
OS=Windows_NT
PROCESSOR_IDENTIFIER=Intel64 Family 6 Model 58 Stepping 9, GenuineIntel
TMP=C:\Users\Ric\AppData\Local\Temp
TEMP=C:\Users\Ric\AppData\Local\Temp




Periodic native trim disabled

---------------  S Y S T E M  ---------------

OS:
 Windows 10 , 64 bit Build 19041 (10.0.19041.4717)
OS uptime: 1 days 6:51 hours
Hyper-V role detected

CPU: total 4 (initial active 4) (2 cores per cpu, 2 threads per core) family 6 model 58 stepping 9 microcode 0x21, cx8, cmov, fxsr, ht, mmx, sse, sse2, sse3, ssse3, sse4.1, sse4.2, popcnt, tsc, tscinvbit, avx, aes, erms, clmul, vzeroupper, clflush, hv, rdtscp, f16c
Processor Information for all 4 processors :
  Max Mhz: 2501, Current Mhz: 2501, Mhz Limit: 2501

Memory: 4k page, system-wide physical 3933M (269M free)
TotalPageFile size 8109M (AvailPageFile size 0M)
current process WorkingSet (physical memory assigned to process): 75M, peak: 75M
current process commit charge ("private bytes"): 152M, peak: 152M

vm_info: Java HotSpot(TM) 64-Bit Server VM (21.0.4+8-LTS-274) for windows-amd64 JRE (21.0.4+8-LTS-274), built on 2024-06-05T05:23:33Z by "mach5one" with MS VC++ 17.6 (VS2022)

END.
