#
# There is insufficient memory for the Java Runtime Environment to continue.
# Native memory allocation (malloc) failed to allocate 2062032 bytes for Chunk::new
# Possible reasons:
#   The system is out of physical RAM or swap space
#   The process is running with CompressedOops enabled, and the Java Heap may be blocking the growth of the native heap
# Possible solutions:
#   Reduce memory load on the system
#   Increase physical memory or swap space
#   Check if swap backing store is full
#   Decrease Java heap size (-Xmx/-Xms)
#   Decrease number of Java threads
#   Decrease Java thread stack sizes (-Xss)
#   Set larger code cache with -XX:ReservedCodeCacheSize=
#   JVM is running with Unscaled Compressed Oops mode in which the Java heap is
#     placed in the first 4GB address space. The Java Heap base address is the
#     maximum limit for the native heap growth. Please use -XX:HeapBaseMinAddress
#     to set the Java Heap base and to place the Java Heap above 4GB virtual address.
# This output file may be truncated or incomplete.
#
#  Out of Memory Error (arena.cpp:168), pid=10204, tid=4816
#
# JRE version: Java(TM) SE Runtime Environment (21.0.4+8) (build 21.0.4+8-LTS-274)
# Java VM: Java HotSpot(TM) 64-Bit Server VM (21.0.4+8-LTS-274, mixed mode, sharing, tiered, compressed oops, compressed class ptrs, g1 gc, windows-amd64)
# No core dump will be written. Minidumps are not enabled by default on client versions of Windows
#

---------------  S U M M A R Y ------------

Command Line: -javaagent:C:\Users\Ric\AppData\Local\Programs\IntelliJ IDEA Community Edition\lib\idea_rt.jar=1272:C:\Users\Ric\AppData\Local\Programs\IntelliJ IDEA Community Edition\bin -Dfile.encoding=UTF-8 -Dsun.stdout.encoding=UTF-8 -Dsun.stderr.encoding=UTF-8 com.hasinarezida.biblio.BiblioApplication

Host: Intel(R) Core(TM) i5-3210M CPU @ 2.50GHz, 4 cores, 3G,  Windows 10 , 64 bit Build 19041 (10.0.19041.4717)
Time: Tue Sep 10 15:19:10 2024 E. Africa Standard Time elapsed time: 21.907796 seconds (0d 0h 0m 21s)

---------------  T H R E A D  ---------------

Current thread (0x00000285d3322e10):  JavaThread "C2 CompilerThread0" daemon [_thread_in_native, id=4816, stack(0x000000fc44500000,0x000000fc44600000) (1024K)]


Current CompileTask:
C2:  21907 4470   !   4       com.sun.crypto.provider.PBKDF2KeyImpl::deriveKey (302 bytes)

Stack: [0x000000fc44500000,0x000000fc44600000]
Native frames: (J=compiled Java code, j=interpreted, Vv=VM code, C=native code)
V  [jvm.dll+0x6c8e59]
V  [jvm.dll+0x853181]
V  [jvm.dll+0x8556ae]
V  [jvm.dll+0x855d83]
V  [jvm.dll+0x27d526]
V  [jvm.dll+0xc4aad]
V  [jvm.dll+0xc4fe3]
V  [jvm.dll+0x3b400c]
V  [jvm.dll+0x3809a5]
V  [jvm.dll+0x37fe1a]
V  [jvm.dll+0x246280]
V  [jvm.dll+0x24585f]
V  [jvm.dll+0x1c69de]
V  [jvm.dll+0x254d49]
V  [jvm.dll+0x2532da]
V  [jvm.dll+0x3ed426]
V  [jvm.dll+0x7fd65b]
V  [jvm.dll+0x6c753d]
C  [ucrtbase.dll+0x21bb2]
C  [KERNEL32.DLL+0x17374]
C  [ntdll.dll+0x4cc91]


---------------  P R O C E S S  ---------------

Threads class SMR info:
_java_thread_list=0x000002861a278fb0, length=20, elements={
0x00000285b67a5630, 0x00000285d3314420, 0x00000285d3319a60, 0x00000285d331d4a0,
0x00000285d33213d0, 0x00000285d3320020, 0x00000285d331f990, 0x00000285d3322e10,
0x00000285d3327730, 0x00000285d331df50, 0x00000285d33206b0, 0x00000285d331ec70,
0x00000285d3320d40, 0x00000285d331e5e0, 0x0000028619acd880, 0x0000028619acbe40,
0x0000028619acdf10, 0x0000028619acd1f0, 0x0000028619acc4d0, 0x0000028619accb60
}

Java Threads: ( => current thread )
  0x00000285b67a5630 JavaThread "main"                              [_thread_blocked, id=7492, stack(0x000000fc43700000,0x000000fc43800000) (1024K)]
  0x00000285d3314420 JavaThread "Reference Handler"          daemon [_thread_blocked, id=2420, stack(0x000000fc43f00000,0x000000fc44000000) (1024K)]
  0x00000285d3319a60 JavaThread "Finalizer"                  daemon [_thread_blocked, id=9136, stack(0x000000fc44000000,0x000000fc44100000) (1024K)]
  0x00000285d331d4a0 JavaThread "Signal Dispatcher"          daemon [_thread_blocked, id=9340, stack(0x000000fc44100000,0x000000fc44200000) (1024K)]
  0x00000285d33213d0 JavaThread "Attach Listener"            daemon [_thread_blocked, id=11336, stack(0x000000fc44200000,0x000000fc44300000) (1024K)]
  0x00000285d3320020 JavaThread "Service Thread"             daemon [_thread_blocked, id=6676, stack(0x000000fc44300000,0x000000fc44400000) (1024K)]
  0x00000285d331f990 JavaThread "Monitor Deflation Thread"   daemon [_thread_blocked, id=8460, stack(0x000000fc44400000,0x000000fc44500000) (1024K)]
=>0x00000285d3322e10 JavaThread "C2 CompilerThread0"         daemon [_thread_in_native, id=4816, stack(0x000000fc44500000,0x000000fc44600000) (1024K)]
  0x00000285d3327730 JavaThread "C1 CompilerThread0"         daemon [_thread_blocked, id=12528, stack(0x000000fc44600000,0x000000fc44700000) (1024K)]
  0x00000285d331df50 JavaThread "Common-Cleaner"             daemon [_thread_blocked, id=8972, stack(0x000000fc44700000,0x000000fc44800000) (1024K)]
  0x00000285d33206b0 JavaThread "Monitor Ctrl-Break"         daemon [_thread_in_native, id=9664, stack(0x000000fc44800000,0x000000fc44900000) (1024K)]
  0x00000285d331ec70 JavaThread "Notification Thread"        daemon [_thread_blocked, id=11104, stack(0x000000fc44900000,0x000000fc44a00000) (1024K)]
  0x00000285d3320d40 JavaThread "Thread-0"                          [_thread_blocked, id=2284, stack(0x000000fc44d00000,0x000000fc44e00000) (1024K)]
  0x00000285d331e5e0 JavaThread "restartedMain"                     [_thread_in_vm, id=10556, stack(0x000000fc44e00000,0x000000fc44f00000) (1024K)]
  0x0000028619acd880 JavaThread "PostgreSQL-JDBC-Cleaner"    daemon [_thread_blocked, id=10244, stack(0x000000fc45000000,0x000000fc45100000) (1024K)]
  0x0000028619acbe40 JavaThread "HikariPool-1 housekeeper"   daemon [_thread_blocked, id=1540, stack(0x000000fc45100000,0x000000fc45200000) (1024K)]
  0x0000028619acdf10 JavaThread "HikariPool-1 connection adder" daemon [_thread_blocked, id=9256, stack(0x000000fc45200000,0x000000fc45300000) (1024K)]
  0x0000028619acd1f0 JavaThread "Catalina-utility-1"                [_thread_blocked, id=6860, stack(0x000000fc45300000,0x000000fc45400000) (1024K)]
  0x0000028619acc4d0 JavaThread "Catalina-utility-2"                [_thread_blocked, id=10160, stack(0x000000fc45400000,0x000000fc45500000) (1024K)]
  0x0000028619accb60 JavaThread "container-0"                       [_thread_blocked, id=12296, stack(0x000000fc45500000,0x000000fc45600000) (1024K)]
Total: 20

Other Threads:
  0x00000285b68642e0 VMThread "VM Thread"                           [id=13108, stack(0x000000fc43e00000,0x000000fc43f00000) (1024K)]
  0x00000285b6850bb0 WatcherThread "VM Periodic Task Thread"        [id=5636, stack(0x000000fc43d00000,0x000000fc43e00000) (1024K)]
  0x00000285b67ddf80 WorkerThread "GC Thread#0"                     [id=60, stack(0x000000fc43800000,0x000000fc43900000) (1024K)]
  0x00000286193a4010 WorkerThread "GC Thread#1"                     [id=12376, stack(0x000000fc44a00000,0x000000fc44b00000) (1024K)]
  0x00000286193e26f0 WorkerThread "GC Thread#2"                     [id=5792, stack(0x000000fc44b00000,0x000000fc44c00000) (1024K)]
  0x00000286193e7c30 WorkerThread "GC Thread#3"                     [id=9016, stack(0x000000fc44c00000,0x000000fc44d00000) (1024K)]
  0x00000285b67e6970 ConcurrentGCThread "G1 Main Marker"            [id=5672, stack(0x000000fc43900000,0x000000fc43a00000) (1024K)]
  0x00000285b67e7530 WorkerThread "G1 Conc#0"                       [id=6748, stack(0x000000fc43a00000,0x000000fc43b00000) (1024K)]
  0x00000285b683d940 ConcurrentGCThread "G1 Refine#0"               [id=8672, stack(0x000000fc43b00000,0x000000fc43c00000) (1024K)]
  0x00000285b683e570 ConcurrentGCThread "G1 Service"                [id=6008, stack(0x000000fc43c00000,0x000000fc43d00000) (1024K)]
Total: 10

Threads with active compile tasks:
C2 CompilerThread0    22001 4470   !   4       com.sun.crypto.provider.PBKDF2KeyImpl::deriveKey (302 bytes)
Total: 1

VM state: not at safepoint (normal execution)

VM Mutex/Monitor currently owned by a thread: None

Heap address: 0x00000000c2800000, size: 984 MB, Compressed Oops mode: 32-bit

CDS archive(s) mapped at: [0x00000285d4000000-0x00000285d4c90000-0x00000285d4c90000), size 13172736, SharedBaseAddress: 0x00000285d4000000, ArchiveRelocationMode: 1.
Compressed class space mapped at: 0x00000285d5000000-0x0000028615000000, reserved size: 1073741824
Narrow klass base: 0x00000285d4000000, Narrow klass shift: 0, Narrow klass range: 0x100000000

GC Precious Log:
 CardTable entry size: 512
 Card Set container configuration: InlinePtr #cards 5 size 8 Array Of Cards #cards 12 size 40 Howl #buckets 4 coarsen threshold 1843 Howl Bitmap #cards 512 size 80 coarsen threshold 460 Card regions per heap region 1 cards per card region 2048
 CPUs: 4 total, 4 available
 Memory: 3933M
 Large Page Support: Disabled
 NUMA Support: Disabled
 Compressed Oops: Enabled (32-bit)
 Heap Region Size: 1M
 Heap Min Capacity: 8M
 Heap Initial Capacity: 62M
 Heap Max Capacity: 984M
 Pre-touch: Disabled
 Parallel Workers: 4
 Concurrent Workers: 1
 Concurrent Refinement Workers: 4
 Periodic GC: Disabled

Heap:
 garbage-first heap   total 51200K, used 20480K [0x00000000c2800000, 0x0000000100000000)
  region size 1024K, 6 young (6144K), 4 survivors (4096K)
 Metaspace       used 35649K, committed 36224K, reserved 1114112K
  class space    used 4457K, committed 4736K, reserved 1048576K

Heap Regions: E=young(eden), S=young(survivor), O=old, HS=humongous(starts), HC=humongous(continues), CS=collection set, F=free, TAMS=top-at-mark-start, PB=parsable bottom
|   0|0x00000000c2800000, 0x00000000c2900000, 0x00000000c2900000|100%|HS|  |TAMS 0x00000000c2900000| PB 0x00000000c2800000| Complete 
|   1|0x00000000c2900000, 0x00000000c2a00000, 0x00000000c2a00000|100%| O|  |TAMS 0x00000000c2a00000| PB 0x00000000c2900000| Untracked 
|   2|0x00000000c2a00000, 0x00000000c2b00000, 0x00000000c2b00000|100%| O|  |TAMS 0x00000000c2b00000| PB 0x00000000c2a00000| Untracked 
|   3|0x00000000c2b00000, 0x00000000c2c00000, 0x00000000c2c00000|100%| O|  |TAMS 0x00000000c2c00000| PB 0x00000000c2b00000| Untracked 
|   4|0x00000000c2c00000, 0x00000000c2d00000, 0x00000000c2d00000|100%| O|  |TAMS 0x00000000c2d00000| PB 0x00000000c2c00000| Untracked 
|   5|0x00000000c2d00000, 0x00000000c2e00000, 0x00000000c2e00000|100%| O|  |TAMS 0x00000000c2e00000| PB 0x00000000c2d00000| Untracked 
|   6|0x00000000c2e00000, 0x00000000c2f00000, 0x00000000c2f00000|100%| O|  |TAMS 0x00000000c2f00000| PB 0x00000000c2e00000| Untracked 
|   7|0x00000000c2f00000, 0x00000000c3000000, 0x00000000c3000000|100%| O|  |TAMS 0x00000000c3000000| PB 0x00000000c2f00000| Untracked 
|   8|0x00000000c3000000, 0x00000000c3100000, 0x00000000c3100000|100%| O|  |TAMS 0x00000000c3100000| PB 0x00000000c3000000| Untracked 
|   9|0x00000000c3100000, 0x00000000c3200000, 0x00000000c3200000|100%| O|  |TAMS 0x00000000c3200000| PB 0x00000000c3100000| Untracked 
|  10|0x00000000c3200000, 0x00000000c3300000, 0x00000000c3300000|100%| O|  |TAMS 0x00000000c3300000| PB 0x00000000c3200000| Untracked 
|  11|0x00000000c3300000, 0x00000000c3400000, 0x00000000c3400000|100%| O|  |TAMS 0x00000000c3400000| PB 0x00000000c3400000| Untracked 
|  12|0x00000000c3400000, 0x00000000c3400000, 0x00000000c3500000|  0%| F|  |TAMS 0x00000000c3400000| PB 0x00000000c3400000| Untracked 
|  13|0x00000000c3500000, 0x00000000c3600000, 0x00000000c3600000|100%| O|  |TAMS 0x00000000c3600000| PB 0x00000000c3600000| Untracked 
|  14|0x00000000c3600000, 0x00000000c3700000, 0x00000000c3700000|100%| O|  |TAMS 0x00000000c3700000| PB 0x00000000c3700000| Untracked 
|  15|0x00000000c3700000, 0x00000000c3800000, 0x00000000c3800000|100%| O|  |TAMS 0x00000000c3800000| PB 0x00000000c3800000| Untracked 
|  16|0x00000000c3800000, 0x00000000c3800000, 0x00000000c3900000|  0%| F|  |TAMS 0x00000000c3800000| PB 0x00000000c3800000| Untracked 
|  17|0x00000000c3900000, 0x00000000c3900000, 0x00000000c3a00000|  0%| F|  |TAMS 0x00000000c3900000| PB 0x00000000c3900000| Untracked 
|  18|0x00000000c3a00000, 0x00000000c3a00000, 0x00000000c3b00000|  0%| F|  |TAMS 0x00000000c3a00000| PB 0x00000000c3a00000| Untracked 
|  19|0x00000000c3b00000, 0x00000000c3b00000, 0x00000000c3c00000|  0%| F|  |TAMS 0x00000000c3b00000| PB 0x00000000c3b00000| Untracked 
|  20|0x00000000c3c00000, 0x00000000c3d00000, 0x00000000c3d00000|100%| O|  |TAMS 0x00000000c3cfa4e0| PB 0x00000000c3cfa4e0| Updating 
|  21|0x00000000c3d00000, 0x00000000c3d00000, 0x00000000c3e00000|  0%| F|  |TAMS 0x00000000c3d00000| PB 0x00000000c3d00000| Untracked 
|  22|0x00000000c3e00000, 0x00000000c3f00000, 0x00000000c3f00000|100%| S|CS|TAMS 0x00000000c3e00000| PB 0x00000000c3e00000| Complete 
|  23|0x00000000c3f00000, 0x00000000c4000000, 0x00000000c4000000|100%| S|CS|TAMS 0x00000000c3f00000| PB 0x00000000c3f00000| Complete 
|  24|0x00000000c4000000, 0x00000000c4000000, 0x00000000c4100000|  0%| F|  |TAMS 0x00000000c4000000| PB 0x00000000c4000000| Untracked 
|  25|0x00000000c4100000, 0x00000000c4100000, 0x00000000c4200000|  0%| F|  |TAMS 0x00000000c4100000| PB 0x00000000c4100000| Untracked 
|  26|0x00000000c4200000, 0x00000000c4200000, 0x00000000c4300000|  0%| F|  |TAMS 0x00000000c4200000| PB 0x00000000c4200000| Untracked 
|  27|0x00000000c4300000, 0x00000000c4400000, 0x00000000c4400000|100%| S|CS|TAMS 0x00000000c4300000| PB 0x00000000c4300000| Complete 
|  28|0x00000000c4400000, 0x00000000c4500000, 0x00000000c4500000|100%| S|CS|TAMS 0x00000000c4400000| PB 0x00000000c4400000| Complete 
|  29|0x00000000c4500000, 0x00000000c4500000, 0x00000000c4600000|  0%| F|  |TAMS 0x00000000c4500000| PB 0x00000000c4500000| Untracked 
|  30|0x00000000c4600000, 0x00000000c4600000, 0x00000000c4700000|  0%| F|  |TAMS 0x00000000c4600000| PB 0x00000000c4600000| Untracked 
|  31|0x00000000c4700000, 0x00000000c4700000, 0x00000000c4800000|  0%| F|  |TAMS 0x00000000c4700000| PB 0x00000000c4700000| Untracked 
|  32|0x00000000c4800000, 0x00000000c4800000, 0x00000000c4900000|  0%| F|  |TAMS 0x00000000c4800000| PB 0x00000000c4800000| Untracked 
|  33|0x00000000c4900000, 0x00000000c4900000, 0x00000000c4a00000|  0%| F|  |TAMS 0x00000000c4900000| PB 0x00000000c4900000| Untracked 
|  34|0x00000000c4a00000, 0x00000000c4a00000, 0x00000000c4b00000|  0%| F|  |TAMS 0x00000000c4a00000| PB 0x00000000c4a00000| Untracked 
|  35|0x00000000c4b00000, 0x00000000c4b00000, 0x00000000c4c00000|  0%| F|  |TAMS 0x00000000c4b00000| PB 0x00000000c4b00000| Untracked 
|  36|0x00000000c4c00000, 0x00000000c4c00000, 0x00000000c4d00000|  0%| F|  |TAMS 0x00000000c4c00000| PB 0x00000000c4c00000| Untracked 
|  37|0x00000000c4d00000, 0x00000000c4d00000, 0x00000000c4e00000|  0%| F|  |TAMS 0x00000000c4d00000| PB 0x00000000c4d00000| Untracked 
|  38|0x00000000c4e00000, 0x00000000c4e00000, 0x00000000c4f00000|  0%| F|  |TAMS 0x00000000c4e00000| PB 0x00000000c4e00000| Untracked 
|  39|0x00000000c4f00000, 0x00000000c4f00000, 0x00000000c5000000|  0%| F|  |TAMS 0x00000000c4f00000| PB 0x00000000c4f00000| Untracked 
|  40|0x00000000c5000000, 0x00000000c5000000, 0x00000000c5100000|  0%| F|  |TAMS 0x00000000c5000000| PB 0x00000000c5000000| Untracked 
|  41|0x00000000c5100000, 0x00000000c5100000, 0x00000000c5200000|  0%| F|  |TAMS 0x00000000c5100000| PB 0x00000000c5100000| Untracked 
|  42|0x00000000c5200000, 0x00000000c5200000, 0x00000000c5300000|  0%| F|  |TAMS 0x00000000c5200000| PB 0x00000000c5200000| Untracked 
|  43|0x00000000c5300000, 0x00000000c5300000, 0x00000000c5400000|  0%| F|  |TAMS 0x00000000c5300000| PB 0x00000000c5300000| Untracked 
|  44|0x00000000c5400000, 0x00000000c5400000, 0x00000000c5500000|  0%| F|  |TAMS 0x00000000c5400000| PB 0x00000000c5400000| Untracked 
|  45|0x00000000c5500000, 0x00000000c5500000, 0x00000000c5600000|  0%| F|  |TAMS 0x00000000c5500000| PB 0x00000000c5500000| Untracked 
|  46|0x00000000c5600000, 0x00000000c5600000, 0x00000000c5700000|  0%| F|  |TAMS 0x00000000c5600000| PB 0x00000000c5600000| Untracked 
|  47|0x00000000c5700000, 0x00000000c5700000, 0x00000000c5800000|  0%| F|  |TAMS 0x00000000c5700000| PB 0x00000000c5700000| Untracked 
|  48|0x00000000c5800000, 0x00000000c585a0c8, 0x00000000c5900000| 35%| E|  |TAMS 0x00000000c5800000| PB 0x00000000c5800000| Complete 
|  49|0x00000000c5900000, 0x00000000c5a00000, 0x00000000c5a00000|100%| E|  |TAMS 0x00000000c5900000| PB 0x00000000c5900000| Complete 

Card table byte_map: [0x00000285cfc50000,0x00000285cfe40000] _byte_map_base: 0x00000285cf63c000

Marking Bits: (CMBitMap*) 0x00000285b67de590
 Bits: [0x00000285cfe40000, 0x00000285d0da0000)

Polling page: 0x00000285b6610000

Metaspace:

Usage:
  Non-class:     30.48 MB used.
      Class:      4.36 MB used.
       Both:     34.83 MB used.

Virtual space:
  Non-class space:       64.00 MB reserved,      30.75 MB ( 48%) committed,  1 nodes.
      Class space:        1.00 GB reserved,       4.62 MB ( <1%) committed,  1 nodes.
             Both:        1.06 GB reserved,      35.38 MB (  3%) committed. 

Chunk freelists:
   Non-Class:  704.00 KB
       Class:  11.22 MB
        Both:  11.91 MB

MaxMetaspaceSize: unlimited
CompressedClassSpaceSize: 1.00 GB
Initial GC threshold: 21.00 MB
Current GC threshold: 59.00 MB
CDS: on
 - commit_granule_bytes: 65536.
 - commit_granule_words: 8192.
 - virtual_space_node_default_size: 8388608.
 - enlarge_chunks_in_place: 1.
 - use_allocation_guard: 0.


Internal statistics:

num_allocs_failed_limit: 6.
num_arena_births: 728.
num_arena_deaths: 0.
num_vsnodes_births: 2.
num_vsnodes_deaths: 0.
num_space_committed: 567.
num_space_uncommitted: 0.
num_chunks_returned_to_freelist: 6.
num_chunks_taken_from_freelist: 2052.
num_chunk_merges: 6.
num_chunk_splits: 1365.
num_chunks_enlarged: 943.
num_inconsistent_stats: 0.

CodeHeap 'non-profiled nmethods': size=120000Kb used=2030Kb max_used=2210Kb free=117969Kb
 bounds [0x00000285c7f10000, 0x00000285c8180000, 0x00000285cf440000]
CodeHeap 'profiled nmethods': size=120000Kb used=8366Kb max_used=9307Kb free=111634Kb
 bounds [0x00000285c0440000, 0x00000285c0d60000, 0x00000285c7970000]
CodeHeap 'non-nmethods': size=5760Kb used=1491Kb max_used=1549Kb free=4269Kb
 bounds [0x00000285c7970000, 0x00000285c7be0000, 0x00000285c7f10000]
 total_blobs=4648 nmethods=4083 adapters=468
 compilation: enabled
              stopped_count=0, restarted_count=0
 full_count=0

Compilation events (20 events):
Event: 21.625 Thread 0x00000285d3327730 4501       1       java.util.Collections$EmptyEnumeration::hasMoreElements (2 bytes)
Event: 21.626 Thread 0x00000285d3327730 nmethod 4501 0x00000285c8138190 code [0x00000285c8138320, 0x00000285c81383e8]
Event: 21.757 Thread 0x00000285d3327730 4503       2       sun.security.provider.DigestBase::engineUpdate (32 bytes)
Event: 21.757 Thread 0x00000285d3327730 nmethod 4503 0x00000285c0d51410 code [0x00000285c0d515c0, 0x00000285c0d51828]
Event: 21.758 Thread 0x00000285d3327730 4504       2       java.lang.Character::valueOf (21 bytes)
Event: 21.758 Thread 0x00000285d3327730 nmethod 4504 0x00000285c0d51910 code [0x00000285c0d51ac0, 0x00000285c0d51c68]
Event: 21.781 Thread 0x00000285d3327730 4505   !   2       sun.security.jca.ProviderConfig::getProvider (322 bytes)
Event: 21.784 Thread 0x00000285d3327730 nmethod 4505 0x00000285c0d51d90 code [0x00000285c0d520c0, 0x00000285c0d52d20]
Event: 21.792 Thread 0x00000285d3327730 4507       1       org.postgresql.shaded.com.ongres.scram.common.ScramAttributes::getChar (5 bytes)
Event: 21.792 Thread 0x00000285d3327730 nmethod 4507 0x00000285c8138490 code [0x00000285c8138620, 0x00000285c81386f0]
Event: 21.792 Thread 0x00000285d3327730 4508       2       java.security.Provider::getService (142 bytes)
Event: 21.794 Thread 0x00000285d3327730 nmethod 4508 0x00000285c0d53710 code [0x00000285c0d53900, 0x00000285c0d53df0]
Event: 21.794 Thread 0x00000285d3327730 4510   !   2       org.postgresql.core.VisibleBufferedInputStream::read (222 bytes)
Event: 21.795 Thread 0x00000285d3327730 nmethod 4510 0x00000285c0d54010 code [0x00000285c0d54220, 0x00000285c0d54858]
Event: 21.795 Thread 0x00000285d3327730 4511       2       java.lang.Thread::isVirtual (5 bytes)
Event: 21.796 Thread 0x00000285d3327730 nmethod 4511 0x00000285c0d54a90 code [0x00000285c0d54c20, 0x00000285c0d54d68]
Event: 21.796 Thread 0x00000285d3327730 4509       2       java.security.Provider$ServiceKey::matches (22 bytes)
Event: 21.796 Thread 0x00000285d3327730 nmethod 4509 0x00000285c0d54e10 code [0x00000285c0d54fa0, 0x00000285c0d550d0]
Event: 21.880 Thread 0x00000285d3327730 4512       2       java.lang.CompoundEnumeration::hasMoreElements (5 bytes)
Event: 21.880 Thread 0x00000285d3327730 nmethod 4512 0x00000285c0d55190 code [0x00000285c0d55320, 0x00000285c0d55440]

GC Heap History (14 events):
Event: 1.645 GC heap before
{Heap before GC invocations=0 (full 0):
 garbage-first heap   total 63488K, used 14336K [0x00000000c2800000, 0x0000000100000000)
  region size 1024K, 13 young (13312K), 0 survivors (0K)
 Metaspace       used 3440K, committed 3648K, reserved 1114112K
  class space    used 321K, committed 384K, reserved 1048576K
}
Event: 1.656 GC heap after
{Heap after GC invocations=1 (full 0):
 garbage-first heap   total 63488K, used 6976K [0x00000000c2800000, 0x0000000100000000)
  region size 1024K, 2 young (2048K), 2 survivors (2048K)
 Metaspace       used 3440K, committed 3648K, reserved 1114112K
  class space    used 321K, committed 384K, reserved 1048576K
}
Event: 2.496 GC heap before
{Heap before GC invocations=1 (full 0):
 garbage-first heap   total 63488K, used 17216K [0x00000000c2800000, 0x0000000100000000)
  region size 1024K, 13 young (13312K), 2 survivors (2048K)
 Metaspace       used 6067K, committed 6336K, reserved 1114112K
  class space    used 672K, committed 768K, reserved 1048576K
}
Event: 2.501 GC heap after
{Heap after GC invocations=2 (full 0):
 garbage-first heap   total 63488K, used 7540K [0x00000000c2800000, 0x0000000100000000)
  region size 1024K, 1 young (1024K), 1 survivors (1024K)
 Metaspace       used 6067K, committed 6336K, reserved 1114112K
  class space    used 672K, committed 768K, reserved 1048576K
}
Event: 5.362 GC heap before
{Heap before GC invocations=2 (full 0):
 garbage-first heap   total 63488K, used 34164K [0x00000000c2800000, 0x0000000100000000)
  region size 1024K, 28 young (28672K), 1 survivors (1024K)
 Metaspace       used 13533K, committed 13760K, reserved 1114112K
  class space    used 1576K, committed 1664K, reserved 1048576K
}
Event: 5.373 GC heap after
{Heap after GC invocations=3 (full 0):
 garbage-first heap   total 63488K, used 10152K [0x00000000c2800000, 0x0000000100000000)
  region size 1024K, 4 young (4096K), 4 survivors (4096K)
 Metaspace       used 13533K, committed 13760K, reserved 1114112K
  class space    used 1576K, committed 1664K, reserved 1048576K
}
Event: 8.910 GC heap before
{Heap before GC invocations=3 (full 0):
 garbage-first heap   total 63488K, used 41896K [0x00000000c2800000, 0x0000000100000000)
  region size 1024K, 36 young (36864K), 4 survivors (4096K)
 Metaspace       used 19622K, committed 19968K, reserved 1114112K
  class space    used 2348K, committed 2496K, reserved 1048576K
}
Event: 8.928 GC heap after
{Heap after GC invocations=4 (full 0):
 garbage-first heap   total 63488K, used 13126K [0x00000000c2800000, 0x0000000100000000)
  region size 1024K, 5 young (5120K), 5 survivors (5120K)
 Metaspace       used 19622K, committed 19968K, reserved 1114112K
  class space    used 2348K, committed 2496K, reserved 1048576K
}
Event: 10.815 GC heap before
{Heap before GC invocations=4 (full 0):
 garbage-first heap   total 63488K, used 25414K [0x00000000c2800000, 0x0000000100000000)
  region size 1024K, 19 young (19456K), 5 survivors (5120K)
 Metaspace       used 21165K, committed 21504K, reserved 1114112K
  class space    used 2530K, committed 2688K, reserved 1048576K
}
Event: 10.831 GC heap after
{Heap after GC invocations=5 (full 0):
 garbage-first heap   total 63488K, used 14175K [0x00000000c2800000, 0x0000000100000000)
  region size 1024K, 2 young (2048K), 2 survivors (2048K)
 Metaspace       used 21165K, committed 21504K, reserved 1114112K
  class space    used 2530K, committed 2688K, reserved 1048576K
}
Event: 13.799 GC heap before
{Heap before GC invocations=6 (full 0):
 garbage-first heap   total 51200K, used 42847K [0x00000000c2800000, 0x0000000100000000)
  region size 1024K, 30 young (30720K), 2 survivors (2048K)
 Metaspace       used 26100K, committed 26560K, reserved 1114112K
  class space    used 3251K, committed 3456K, reserved 1048576K
}
Event: 13.809 GC heap after
{Heap after GC invocations=7 (full 0):
 garbage-first heap   total 51200K, used 16691K [0x00000000c2800000, 0x0000000100000000)
  region size 1024K, 4 young (4096K), 4 survivors (4096K)
 Metaspace       used 26100K, committed 26560K, reserved 1114112K
  class space    used 3251K, committed 3456K, reserved 1048576K
}
Event: 16.529 GC heap before
{Heap before GC invocations=7 (full 0):
 garbage-first heap   total 51200K, used 39219K [0x00000000c2800000, 0x0000000100000000)
  region size 1024K, 27 young (27648K), 4 survivors (4096K)
 Metaspace       used 30248K, committed 30848K, reserved 1114112K
  class space    used 3772K, committed 4032K, reserved 1048576K
}
Event: 16.545 GC heap after
{Heap after GC invocations=8 (full 0):
 garbage-first heap   total 51200K, used 18565K [0x00000000c2800000, 0x0000000100000000)
  region size 1024K, 3 young (3072K), 3 survivors (3072K)
 Metaspace       used 30248K, committed 30848K, reserved 1114112K
  class space    used 3772K, committed 4032K, reserved 1048576K
}

Dll operation events (13 events):
Event: 0.061 Loaded shared library C:\Program Files\Java\jdk-21\bin\java.dll
Event: 0.175 Loaded shared library C:\Program Files\Java\jdk-21\bin\jsvml.dll
Event: 0.561 Loaded shared library C:\Program Files\Java\jdk-21\bin\zip.dll
Event: 0.575 Loaded shared library C:\Program Files\Java\jdk-21\bin\instrument.dll
Event: 0.590 Loaded shared library C:\Program Files\Java\jdk-21\bin\net.dll
Event: 0.595 Loaded shared library C:\Program Files\Java\jdk-21\bin\nio.dll
Event: 0.603 Loaded shared library C:\Program Files\Java\jdk-21\bin\zip.dll
Event: 0.915 Loaded shared library C:\Users\Ric\AppData\Local\Programs\IntelliJ IDEA Community Edition\bin\breakgen64.dll
Event: 0.967 Loaded shared library C:\Program Files\Java\jdk-21\bin\extnet.dll
Event: 1.063 Loaded shared library C:\Program Files\Java\jdk-21\bin\jimage.dll
Event: 2.076 Loaded shared library C:\Program Files\Java\jdk-21\bin\management.dll
Event: 2.083 Loaded shared library C:\Program Files\Java\jdk-21\bin\management_ext.dll
Event: 6.854 Loaded shared library C:\Program Files\Java\jdk-21\bin\sunmscapi.dll

Deoptimization events (20 events):
Event: 18.860 Thread 0x0000028619acdf10 DEOPT PACKING pc=0x00000285c0cedec1 sp=0x000000fc452fe070
Event: 18.860 Thread 0x0000028619acdf10 DEOPT UNPACKING pc=0x00000285c79c4e42 sp=0x000000fc452fd4f8 mode 0
Event: 18.860 Thread 0x0000028619acdf10 DEOPT PACKING pc=0x00000285c0cedec1 sp=0x000000fc452fe070
Event: 18.860 Thread 0x0000028619acdf10 DEOPT UNPACKING pc=0x00000285c79c4e42 sp=0x000000fc452fd4f8 mode 0
Event: 18.861 Thread 0x0000028619acdf10 DEOPT PACKING pc=0x00000285c0cedec1 sp=0x000000fc452fe070
Event: 18.861 Thread 0x0000028619acdf10 DEOPT UNPACKING pc=0x00000285c79c4e42 sp=0x000000fc452fd4f8 mode 0
Event: 19.428 Thread 0x00000285d331e5e0 Uncommon trap: trap_request=0xffffff45 fr.pc=0x00000285c809b03c relative=0x000000000000041c
Event: 19.428 Thread 0x00000285d331e5e0 Uncommon trap: reason=unstable_if action=reinterpret pc=0x00000285c809b03c method=org.springframework.boot.context.properties.source.ConfigurationPropertyName.getElement(ILorg/springframework/boot/context/properties/source/ConfigurationPropertyName$Form;)
Event: 19.428 Thread 0x00000285d331e5e0 DEOPT PACKING pc=0x00000285c809b03c sp=0x000000fc44efb850
Event: 19.428 Thread 0x00000285d331e5e0 DEOPT UNPACKING pc=0x00000285c79c46a2 sp=0x000000fc44efb818 mode 2
Event: 21.335 Thread 0x0000028619acdf10 DEOPT PACKING pc=0x00000285c0cfebe3 sp=0x000000fc452fe270
Event: 21.335 Thread 0x0000028619acdf10 DEOPT UNPACKING pc=0x00000285c79c4e42 sp=0x000000fc452fd740 mode 0
Event: 21.404 Thread 0x00000285d331e5e0 Uncommon trap: trap_request=0xffffff45 fr.pc=0x00000285c7feb31c relative=0x0000000000002e9c
Event: 21.404 Thread 0x00000285d331e5e0 Uncommon trap: reason=unstable_if action=reinterpret pc=0x00000285c7feb31c method=java.net.URL.<init>(Ljava/net/URL;Ljava/lang/String;Ljava/net/URLStreamHandler;)V @ 57 c2
Event: 21.404 Thread 0x00000285d331e5e0 DEOPT PACKING pc=0x00000285c7feb31c sp=0x000000fc44efdec0
Event: 21.404 Thread 0x00000285d331e5e0 DEOPT UNPACKING pc=0x00000285c79c46a2 sp=0x000000fc44efde70 mode 2
Event: 21.563 Thread 0x0000028619acdf10 DEOPT PACKING pc=0x00000285c0cfebe3 sp=0x000000fc452fe270
Event: 21.563 Thread 0x0000028619acdf10 DEOPT UNPACKING pc=0x00000285c79c4e42 sp=0x000000fc452fd740 mode 0
Event: 21.759 Thread 0x0000028619acdf10 DEOPT PACKING pc=0x00000285c0cfebe3 sp=0x000000fc452fe270
Event: 21.759 Thread 0x0000028619acdf10 DEOPT UNPACKING pc=0x00000285c79c4e42 sp=0x000000fc452fd740 mode 0

Classes loaded (20 events):
Event: 18.863 Loading class java/io/WriteAbortedException
Event: 18.865 Loading class java/io/WriteAbortedException done
Event: 18.901 Loading class jdk/internal/event/ThreadSleepEvent
Event: 18.902 Loading class jdk/internal/event/ThreadSleepEvent done
Event: 18.950 Loading class java/io/SerialCallbackContext
Event: 18.957 Loading class java/io/SerialCallbackContext done
Event: 18.980 Loading class sun/util/locale/LocaleExtensions
Event: 18.981 Loading class sun/util/locale/LocaleExtensions done
Event: 18.983 Loading class java/util/Locale$FilteringMode
Event: 18.984 Loading class java/util/Locale$FilteringMode done
Event: 18.984 Loading class java/util/Locale$IsoCountryCode
Event: 18.984 Loading class java/util/Locale$IsoCountryCode done
Event: 18.985 Loading class java/io/ObjectStreamClass$ExceptionInfo
Event: 18.985 Loading class java/io/ObjectStreamClass$ExceptionInfo done
Event: 19.203 Loading class jdk/internal/vm/annotation/IntrinsicCandidate
Event: 19.204 Loading class jdk/internal/vm/annotation/IntrinsicCandidate done
Event: 21.266 Loading class javax/naming/Referenceable
Event: 21.266 Loading class javax/naming/Referenceable done
Event: 21.394 Loading class java/lang/instrument/ClassFileTransformer
Event: 21.396 Loading class java/lang/instrument/ClassFileTransformer done

Classes unloaded (0 events):
No events

Classes redefined (0 events):
No events

Internal exceptions (20 events):
Event: 14.210 Thread 0x00000285d331e5e0 Exception <a 'java/lang/NoSuchMethodError'{0x00000000c550ba30}: 'int java.lang.invoke.DirectMethodHandle$Holder.invokeSpecialIFC(java.lang.Object, java.lang.Object, java.lang.Object)'> (0x00000000c550ba30) 
thrown [s\open\src\hotspot\share\interpreter\linkResolver.cpp, line 773]
Event: 14.220 Thread 0x00000285d331e5e0 Exception <a 'java/lang/NoSuchMethodError'{0x00000000c5520828}: 'void java.lang.invoke.DirectMethodHandle$Holder.invokeStatic(java.lang.Object, int, java.lang.Object)'> (0x00000000c5520828) 
thrown [s\open\src\hotspot\share\interpreter\linkResolver.cpp, line 773]
Event: 14.311 Thread 0x00000285d331e5e0 Exception <a 'java/lang/NoSuchMethodError'{0x00000000c5556250}: 'void java.lang.invoke.DirectMethodHandle$Holder.invokeStatic(java.lang.Object, java.lang.Object, java.lang.Object, int, java.lang.Object)'> (0x00000000c5556250) 
thrown [s\open\src\hotspot\share\interpreter\linkResolver.cpp, line 773]
Event: 14.312 Thread 0x00000285d331e5e0 Exception <a 'java/lang/NoSuchMethodError'{0x00000000c555cd08}: 'java.lang.Object java.lang.invoke.DirectMethodHandle$Holder.newInvokeSpecial(java.lang.Object, java.lang.Object, java.lang.Object, int)'> (0x00000000c555cd08) 
thrown [s\open\src\hotspot\share\interpreter\linkResolver.cpp, line 773]
Event: 14.313 Thread 0x00000285d331e5e0 Exception <a 'java/lang/NoSuchMethodError'{0x00000000c5560b88}: 'java.lang.Object java.lang.invoke.DirectMethodHandle$Holder.invokeSpecial(java.lang.Object, java.lang.Object, java.lang.Object, java.lang.Object, int)'> (0x00000000c5560b88) 
thrown [s\open\src\hotspot\share\interpreter\linkResolver.cpp, line 773]
Event: 14.314 Thread 0x00000285d331e5e0 Exception <a 'java/lang/NoSuchMethodError'{0x00000000c5564010}: 'java.lang.Object java.lang.invoke.Invokers$Holder.linkToTargetMethod(java.lang.Object, java.lang.Object, int, java.lang.Object)'> (0x00000000c5564010) 
thrown [s\open\src\hotspot\share\interpreter\linkResolver.cpp, line 773]
Event: 14.708 Thread 0x00000285d331e5e0 Exception <a 'java/lang/NoSuchMethodError'{0x00000000c52ffc58}: 'java.lang.Object java.lang.invoke.DirectMethodHandle$Holder.invokeStaticInit(java.lang.Object, int, int, int, int)'> (0x00000000c52ffc58) 
thrown [s\open\src\hotspot\share\interpreter\linkResolver.cpp, line 773]
Event: 14.749 Thread 0x00000285d331e5e0 Exception <a 'java/lang/NoSuchMethodError'{0x00000000c511d880}: 'java.lang.Object java.lang.invoke.DirectMethodHandle$Holder.invokeStaticInit(java.lang.Object, java.lang.Object, int, int, int, int)'> (0x00000000c511d880) 
thrown [s\open\src\hotspot\share\interpreter\linkResolver.cpp, line 773]
Event: 15.325 Thread 0x00000285d331e5e0 Exception <a 'java/lang/NoSuchMethodError'{0x00000000c4bbe9a0}: 'int java.lang.invoke.DirectMethodHandle$Holder.invokeVirtual(java.lang.Object, java.lang.Object, java.lang.Object, java.lang.Object)'> (0x00000000c4bbe9a0) 
thrown [s\open\src\hotspot\share\interpreter\linkResolver.cpp, line 773]
Event: 15.326 Thread 0x00000285d331e5e0 Exception <a 'java/lang/NoSuchMethodError'{0x00000000c4bc2408}: 'int java.lang.invoke.DelegatingMethodHandle$Holder.reinvoke_L(java.lang.Object, java.lang.Object, java.lang.Object, java.lang.Object)'> (0x00000000c4bc2408) 
thrown [s\open\src\hotspot\share\interpreter\linkResolver.cpp, line 773]
Event: 15.494 Thread 0x00000285d331e5e0 Exception <a 'java/io/FileNotFoundException'{0x00000000c49d36c8}> (0x00000000c49d36c8) 
thrown [s\open\src\hotspot\share\prims\jni.cpp, line 520]
Event: 15.604 Thread 0x00000285d331e5e0 Exception <a 'java/lang/NoSuchMethodError'{0x00000000c472a1a8}: 'int java.lang.invoke.DirectMethodHandle$Holder.invokeInterface(java.lang.Object, java.lang.Object, java.lang.Object, java.lang.Object)'> (0x00000000c472a1a8) 
thrown [s\open\src\hotspot\share\interpreter\linkResolver.cpp, line 773]
Event: 16.239 Thread 0x00000285d331e5e0 Exception <a 'java/lang/NoSuchMethodError'{0x00000000c43479b0}: method resolution failed> (0x00000000c43479b0) 
thrown [s\open\src\hotspot\share\prims\methodHandles.cpp, line 1144]
Event: 16.330 Thread 0x00000285d331e5e0 Exception <a 'java/lang/NoSuchMethodError'{0x00000000c43948d0}: 'int java.lang.invoke.DirectMethodHandle$Holder.invokeStaticInit(java.lang.Object, java.lang.Object, java.lang.Object, java.lang.Object)'> (0x00000000c43948d0) 
thrown [s\open\src\hotspot\share\interpreter\linkResolver.cpp, line 773]
Event: 16.941 Thread 0x00000285d331e5e0 Exception <a 'sun/nio/fs/WindowsException'{0x00000000c585ebf8}> (0x00000000c585ebf8) 
thrown [s\open\src\hotspot\share\prims\jni.cpp, line 520]
Event: 17.904 Thread 0x00000285d331e5e0 Exception <a 'java/lang/NoSuchMethodError'{0x00000000c5413ac8}: 'java.lang.Object java.lang.invoke.DirectMethodHandle$Holder.invokeStaticInit(java.lang.Object, java.lang.Object, java.lang.Object, java.lang.Object)'> (0x00000000c5413ac8) 
thrown [s\open\src\hotspot\share\interpreter\linkResolver.cpp, line 773]
Event: 18.502 Thread 0x00000285d331e5e0 Exception <a 'java/lang/NoSuchMethodError'{0x00000000c526f8b8}: 'long java.lang.invoke.DirectMethodHandle$Holder.invokeVirtual(java.lang.Object, java.lang.Object)'> (0x00000000c526f8b8) 
thrown [s\open\src\hotspot\share\interpreter\linkResolver.cpp, line 773]
Event: 18.764 Thread 0x00000285d331e5e0 Exception <a 'java/lang/NoSuchMethodError'{0x00000000c52a93e8}: 'long java.lang.invoke.Invokers$Holder.invokeExact_MT(java.lang.Object, java.lang.Object)'> (0x00000000c52a93e8) 
thrown [s\open\src\hotspot\share\interpreter\linkResolver.cpp, line 773]
Event: 21.123 Thread 0x00000285d331e5e0 Exception <a 'java/lang/NoSuchMethodError'{0x00000000c4f29008}: 'java.lang.Object java.lang.invoke.DirectMethodHandle$Holder.newInvokeSpecial(java.lang.Object, java.lang.Object, java.lang.Object, java.lang.Object, java.lang.Object, java.lang.Object, java.lang.Object, java.lang.Object, java.lang.Object, java.lang.Object, java.lang.Object)'> (0x00000000c4f29008) 
thrown [s\open\src\hotspot\share\interpreter\linkResolver.cpp, line 773]
Event: 21.485 Thread 0x00000285d331e5e0 Exception <a 'java/lang/NoSuchMethodError'{0x00000000c4b6a5f8}: 'void java.lang.invoke.DelegatingMethodHandle$Holder.reinvoke_L(java.lang.Object, java.lang.Object, java.lang.Object, java.lang.Object, int, java.lang.Object, java.lang.Object, java.lang.Object)'> (0x00000000c4b6a5f8) 
thrown [s\open\src\hotspot\share\interpreter\linkResolver.cpp, line 773]

ZGC Phase Switch (0 events):
No events

VM Operations (20 events):
Event: 16.932 Executing VM operation: HandshakeAllThreads (Deoptimize)
Event: 16.932 Executing VM operation: HandshakeAllThreads (Deoptimize) done
Event: 16.962 Executing VM operation: HandshakeAllThreads (Deoptimize)
Event: 16.962 Executing VM operation: HandshakeAllThreads (Deoptimize) done
Event: 17.971 Executing VM operation: Cleanup
Event: 17.972 Executing VM operation: Cleanup done
Event: 18.052 Executing VM operation: HandshakeAllThreads (Deoptimize)
Event: 18.052 Executing VM operation: HandshakeAllThreads (Deoptimize) done
Event: 18.055 Executing VM operation: HandshakeAllThreads (Deoptimize)
Event: 18.055 Executing VM operation: HandshakeAllThreads (Deoptimize) done
Event: 19.057 Executing VM operation: Cleanup
Event: 19.057 Executing VM operation: Cleanup done
Event: 19.209 Executing VM operation: HandshakeAllThreads (Deoptimize)
Event: 19.209 Executing VM operation: HandshakeAllThreads (Deoptimize) done
Event: 19.430 Executing VM operation: HandshakeAllThreads (Deoptimize)
Event: 21.053 Executing VM operation: HandshakeAllThreads (Deoptimize) done
Event: 21.053 Executing VM operation: Cleanup
Event: 21.292 Executing VM operation: Cleanup done
Event: 21.706 Executing VM operation: HandshakeAllThreads (Deoptimize)
Event: 21.706 Executing VM operation: HandshakeAllThreads (Deoptimize) done

Events (20 events):
Event: 0.170 Thread 0x00000285d33213d0 Thread added: 0x00000285d33213d0
Event: 0.170 Thread 0x00000285d3320020 Thread added: 0x00000285d3320020
Event: 0.170 Thread 0x00000285d331f990 Thread added: 0x00000285d331f990
Event: 0.171 Thread 0x00000285d3322e10 Thread added: 0x00000285d3322e10
Event: 0.172 Thread 0x00000285d3327730 Thread added: 0x00000285d3327730
Event: 0.478 Thread 0x00000285d331df50 Thread added: 0x00000285d331df50
Event: 0.917 Thread 0x00000285d33206b0 Thread added: 0x00000285d33206b0
Event: 0.917 Thread 0x00000285d331ec70 Thread added: 0x00000285d331ec70
Event: 2.260 Thread 0x00000285d3320d40 Thread added: 0x00000285d3320d40
Event: 2.267 Thread 0x00000285d331e5e0 Thread added: 0x00000285d331e5e0
Event: 3.888 Thread 0x0000028619accb60 Thread added: 0x0000028619accb60
Event: 6.695 Thread 0x0000028619acc4d0 Thread added: 0x0000028619acc4d0
Event: 7.188 Thread 0x0000028619accb60 Thread exited: 0x0000028619accb60
Event: 7.721 Thread 0x0000028619acc4d0 Thread exited: 0x0000028619acc4d0
Event: 17.756 Thread 0x0000028619acd880 Thread added: 0x0000028619acd880
Event: 17.840 Thread 0x0000028619acbe40 Thread added: 0x0000028619acbe40
Event: 17.957 Thread 0x0000028619acdf10 Thread added: 0x0000028619acdf10
Event: 19.233 Thread 0x0000028619acd1f0 Thread added: 0x0000028619acd1f0
Event: 19.239 Thread 0x0000028619acc4d0 Thread added: 0x0000028619acc4d0
Event: 19.334 Thread 0x0000028619accb60 Thread added: 0x0000028619accb60


Dynamic libraries:
0x00007ff79c040000 - 0x00007ff79c050000 	C:\Program Files\Java\jdk-21\bin\java.exe
0x00007ffa13c90000 - 0x00007ffa13e88000 	C:\Windows\SYSTEM32\ntdll.dll
0x00007ffa12c60000 - 0x00007ffa12d21000 	C:\Windows\System32\KERNEL32.DLL
0x00007ffa11590000 - 0x00007ffa1188d000 	C:\Windows\System32\KERNELBASE.dll
0x00007ffa11340000 - 0x00007ffa11440000 	C:\Windows\System32\ucrtbase.dll
0x00007ffa0e3e0000 - 0x00007ffa0e3fb000 	C:\Program Files\Java\jdk-21\bin\VCRUNTIME140.dll
0x00007ffa0e340000 - 0x00007ffa0e359000 	C:\Program Files\Java\jdk-21\bin\jli.dll
0x00007ffa11e30000 - 0x00007ffa11ee0000 	C:\Windows\System32\ADVAPI32.dll
0x00007ffa11f00000 - 0x00007ffa11f9e000 	C:\Windows\System32\msvcrt.dll
0x00007ffa12b30000 - 0x00007ffa12bd0000 	C:\Windows\System32\sechost.dll
0x00007ffa136b0000 - 0x00007ffa137d3000 	C:\Windows\System32\RPCRT4.dll
0x00007ffa11c90000 - 0x00007ffa11cb7000 	C:\Windows\System32\bcrypt.dll
0x00007ffa13360000 - 0x00007ffa134fd000 	C:\Windows\System32\USER32.dll
0x00007ffa11440000 - 0x00007ffa11462000 	C:\Windows\System32\win32u.dll
0x00007ffa131a0000 - 0x00007ffa131cb000 	C:\Windows\System32\GDI32.dll
0x00007ffa11470000 - 0x00007ffa11587000 	C:\Windows\System32\gdi32full.dll
0x00007ffa11bf0000 - 0x00007ffa11c8d000 	C:\Windows\System32\msvcp_win.dll
0x00007ff9fe4f0000 - 0x00007ff9fe78a000 	C:\Windows\WinSxS\amd64_microsoft.windows.common-controls_6595b64144ccf1df_6.0.19041.4355_none_60b8b9eb71f62e16\COMCTL32.dll
0x00007ffa034c0000 - 0x00007ffa034ca000 	C:\Windows\SYSTEM32\VERSION.dll
0x00007ffa13330000 - 0x00007ffa1335f000 	C:\Windows\System32\IMM32.DLL
0x00007ffa0e370000 - 0x00007ffa0e37c000 	C:\Program Files\Java\jdk-21\bin\vcruntime140_1.dll
0x00007ffa08a40000 - 0x00007ffa08ace000 	C:\Program Files\Java\jdk-21\bin\msvcp140.dll
0x00007ff9dd460000 - 0x00007ff9de173000 	C:\Program Files\Java\jdk-21\bin\server\jvm.dll
0x00007ffa12ac0000 - 0x00007ffa12b2b000 	C:\Windows\System32\WS2_32.dll
0x00007ffa110e0000 - 0x00007ffa1112b000 	C:\Windows\SYSTEM32\POWRPROF.dll
0x00007ff9fe0d0000 - 0x00007ff9fe0f7000 	C:\Windows\SYSTEM32\WINMM.dll
0x00007ffa110c0000 - 0x00007ffa110d2000 	C:\Windows\SYSTEM32\UMPDC.dll
0x00007ffa0f180000 - 0x00007ffa0f192000 	C:\Windows\SYSTEM32\kernel.appcore.dll
0x00007ffa0e320000 - 0x00007ffa0e32a000 	C:\Program Files\Java\jdk-21\bin\jimage.dll
0x00007ff9f90e0000 - 0x00007ff9f92c4000 	C:\Windows\SYSTEM32\DBGHELP.DLL
0x00007ff9f9680000 - 0x00007ff9f96b4000 	C:\Windows\SYSTEM32\dbgcore.DLL
0x00007ffa11890000 - 0x00007ffa11912000 	C:\Windows\System32\bcryptPrimitives.dll
0x00007ffa0e310000 - 0x00007ffa0e31f000 	C:\Program Files\Java\jdk-21\bin\instrument.dll
0x00007ffa0a870000 - 0x00007ffa0a88f000 	C:\Program Files\Java\jdk-21\bin\java.dll
0x00007ffa11fa0000 - 0x00007ffa1270f000 	C:\Windows\System32\SHELL32.dll
0x00007ffa0f380000 - 0x00007ffa0fb1f000 	C:\Windows\SYSTEM32\windows.storage.dll
0x00007ffa12d30000 - 0x00007ffa13083000 	C:\Windows\System32\combase.dll
0x00007ffa10bb0000 - 0x00007ffa10bde000 	C:\Windows\SYSTEM32\Wldp.dll
0x00007ffa12780000 - 0x00007ffa1284d000 	C:\Windows\System32\OLEAUT32.dll
0x00007ffa13090000 - 0x00007ffa1313d000 	C:\Windows\System32\SHCORE.dll
0x00007ffa11cc0000 - 0x00007ffa11d15000 	C:\Windows\System32\shlwapi.dll
0x00007ffa11270000 - 0x00007ffa11294000 	C:\Windows\SYSTEM32\profapi.dll
0x00007ff9ec8a0000 - 0x00007ff9ec977000 	C:\Program Files\Java\jdk-21\bin\jsvml.dll
0x00007ffa09b80000 - 0x00007ffa09b98000 	C:\Program Files\Java\jdk-21\bin\zip.dll
0x00007ffa09b70000 - 0x00007ffa09b80000 	C:\Program Files\Java\jdk-21\bin\net.dll
0x00007ffa0aa60000 - 0x00007ffa0ab6d000 	C:\Windows\SYSTEM32\WINHTTP.dll
0x00007ffa10990000 - 0x00007ffa109fa000 	C:\Windows\system32\mswsock.dll
0x00007ffa08f90000 - 0x00007ffa08fa6000 	C:\Program Files\Java\jdk-21\bin\nio.dll
0x00007ffa08b20000 - 0x00007ffa08b3a000 	C:\Users\Ric\AppData\Local\Programs\IntelliJ IDEA Community Edition\bin\breakgen64.dll
0x00007ffa08f80000 - 0x00007ffa08f89000 	C:\Program Files\Java\jdk-21\bin\extnet.dll
0x00007ffa08f60000 - 0x00007ffa08f6a000 	C:\Program Files\Java\jdk-21\bin\management.dll
0x00007ffa08cf0000 - 0x00007ffa08cfb000 	C:\Program Files\Java\jdk-21\bin\management_ext.dll
0x00007ffa12710000 - 0x00007ffa12718000 	C:\Windows\System32\PSAPI.DLL
0x00007ffa08a30000 - 0x00007ffa08a3e000 	C:\Program Files\Java\jdk-21\bin\sunmscapi.dll
0x00007ffa119e0000 - 0x00007ffa11b3e000 	C:\Windows\System32\CRYPT32.dll
0x00007ffa10c20000 - 0x00007ffa10c49000 	C:\Windows\SYSTEM32\ncrypt.dll
0x00007ffa10be0000 - 0x00007ffa10c1b000 	C:\Windows\SYSTEM32\NTASN1.dll
0x00007ffa10f50000 - 0x00007ffa10f68000 	C:\Windows\SYSTEM32\CRYPTSP.dll
0x00007ffa102d0000 - 0x00007ffa10304000 	C:\Windows\system32\rsaenh.dll
0x00007ffa11220000 - 0x00007ffa1124e000 	C:\Windows\SYSTEM32\USERENV.dll
0x00007ffa10b20000 - 0x00007ffa10b2c000 	C:\Windows\SYSTEM32\CRYPTBASE.dll
0x00007ffa10690000 - 0x00007ffa106cb000 	C:\Windows\SYSTEM32\IPHLPAPI.DLL
0x00007ffa12970000 - 0x00007ffa12978000 	C:\Windows\System32\NSI.dll
0x00007ffa106d0000 - 0x00007ffa1079a000 	C:\Windows\SYSTEM32\DNSAPI.dll
0x00007ffa07e20000 - 0x00007ffa07e2a000 	C:\Windows\System32\rasadhlp.dll
0x00007ffa09200000 - 0x00007ffa09280000 	C:\Windows\System32\fwpuclnt.dll

dbghelp: loaded successfully - version: 4.0.5 - missing functions: none
symbol engine: initialized successfully - sym options: 0x614 - pdb path: .;C:\Program Files\Java\jdk-21\bin;C:\Windows\SYSTEM32;C:\Windows\WinSxS\amd64_microsoft.windows.common-controls_6595b64144ccf1df_6.0.19041.4355_none_60b8b9eb71f62e16;C:\Program Files\Java\jdk-21\bin\server;C:\Users\Ric\AppData\Local\Programs\IntelliJ IDEA Community Edition\bin

VM Arguments:
jvm_args: -javaagent:C:\Users\Ric\AppData\Local\Programs\IntelliJ IDEA Community Edition\lib\idea_rt.jar=1272:C:\Users\Ric\AppData\Local\Programs\IntelliJ IDEA Community Edition\bin -Dfile.encoding=UTF-8 -Dsun.stdout.encoding=UTF-8 -Dsun.stderr.encoding=UTF-8 
java_command: com.hasinarezida.biblio.BiblioApplication
java_class_path (initial): C:\Users\Ric\Documents\projects\work\library\target\classes;C:\Users\Ric\.m2\repository\org\springframework\boot\spring-boot-starter-web\3.3.2\spring-boot-starter-web-3.3.2.jar;C:\Users\Ric\.m2\repository\org\springframework\boot\spring-boot-starter\3.3.2\spring-boot-starter-3.3.2.jar;C:\Users\Ric\.m2\repository\org\springframework\boot\spring-boot-starter-logging\3.3.2\spring-boot-starter-logging-3.3.2.jar;C:\Users\Ric\.m2\repository\ch\qos\logback\logback-classic\1.5.6\logback-classic-1.5.6.jar;C:\Users\Ric\.m2\repository\ch\qos\logback\logback-core\1.5.6\logback-core-1.5.6.jar;C:\Users\Ric\.m2\repository\org\apache\logging\log4j\log4j-to-slf4j\2.23.1\log4j-to-slf4j-2.23.1.jar;C:\Users\Ric\.m2\repository\org\apache\logging\log4j\log4j-api\2.23.1\log4j-api-2.23.1.jar;C:\Users\Ric\.m2\repository\org\slf4j\jul-to-slf4j\2.0.13\jul-to-slf4j-2.0.13.jar;C:\Users\Ric\.m2\repository\jakarta\annotation\jakarta.annotation-api\2.1.1\jakarta.annotation-api-2.1.1.jar;C:\Users\Ric\.m2\repository\org\yaml\snakeyaml\2.2\snakeyaml-2.2.jar;C:\Users\Ric\.m2\repository\org\springframework\boot\spring-boot-starter-json\3.3.2\spring-boot-starter-json-3.3.2.jar;C:\Users\Ric\.m2\repository\com\fasterxml\jackson\core\jackson-databind\2.17.2\jackson-databind-2.17.2.jar;C:\Users\Ric\.m2\repository\com\fasterxml\jackson\core\jackson-annotations\2.17.2\jackson-annotations-2.17.2.jar;C:\Users\Ric\.m2\repository\com\fasterxml\jackson\core\jackson-core\2.17.2\jackson-core-2.17.2.jar;C:\Users\Ric\.m2\repository\com\fasterxml\jackson\datatype\jackson-datatype-jdk8\2.17.2\jackson-datatype-jdk8-2.17.2.jar;C:\Users\Ric\.m2\repository\com\fasterxml\jackson\datatype\jackson-datatype-jsr310\2.17.2\jackson-datatype-jsr310-2.17.2.jar;C:\Users\Ric\.m2\repository\com\fasterxml\jackson\module\jackson-module-parameter-names\2.17.2\jackson-module-parameter-names-2.17.2.jar;C:\Users\Ric\.m2\repository\org\springframework\boot\spring-boot-starter-tomcat\3.3.2\spring-boot-starter-tomcat-3.3.2.jar;C:\Users\Ric\.m2\repository\org\apache\tomcat\embed\tomcat-embed-core\10.1.26\tomcat-embed-core-10.1.26.jar;C:\Users\Ric\.m2\repository\org\apache\tomcat\embed\tomcat-embed-el\10.1.26\tomcat-embed-el-10.1.26.jar;C:\Users\Ric\.m2\repository\org\apache\tomcat\embed\tomcat-embed-websocket\10.1.26\tomcat-embed-websocket-10.1.26.jar;C:\Users\Ric\.m2\repository\org\springframework\spring-web\6.1.11\spring-web-6.1.11.jar;C:\Users\Ric\.m2\repository\org\springframework\spring-beans\6.1.11\spring-beans-6.1.11.jar;C:\Users\Ric\.m2\repository\io\micrometer\micrometer-observation\1.13.2\micrometer-observation-1.13.2.jar;C:\Users\Ric\.m2\repository\io\micrometer\micrometer-commons\1.13.2\micrometer-commons-1.13.2.jar;C:\Users\Ric\.m2\repository\org\springframework\spring-webmvc\6.1.11\spring-webmvc-6.1.11.jar;C:\Users\Ric\.m2\repository\org\springframework\spring-context\6.1.11\spring-context-6.1.11.jar;C:\Users\Ric\.m2\repository\org\springframework\spring-expression\6.1.11\spring-expression-6.1.11.jar;C:\Users\Ric\.m2\repository\org\springframework\boot\spring-boot-starter-thymeleaf\3.3.2\spring-boot-starter-thymeleaf-3.3.2.jar;C:\Users\Ric\.m2\repository\org\thymeleaf\thymeleaf-spring6\3.1.2.RELEASE\thymeleaf-spring6-3.1.2.RELEASE.jar;C:\Users\Ric\.m2\repository\org\thymeleaf\thymeleaf\3.1.2.RELEASE\thymeleaf-3.1.2.RELEASE.jar;C:\Users\Ric\.m2\repository\org\attoparser\attoparser\2.0.7.RELEASE\attoparser-2.0.7.RELEASE.jar;C:\Users\Ric\.m2\repository\org\unbescape\unbescape\1.1.6.RELEASE\unbescape-1.1.6.RELEASE.jar;C:\Users\Ric\.m2\repository\org\slf4j\slf4j-api\2.0.13\slf4j-api-2.0.13.jar;C:\Users\Ric\.m2\repository\org\springframework\boot\spring-boot-starter-security\3.3.2\spring-boot-starter-security-3.3.2.jar;C:\Users\Ric\.m2\repository\org\springframework\spring-aop\6.1.11\spring-aop-6.1.11.jar;C:\Users\Ric\.m2\repository\org\springframework\security\spring-security-config\6.3.1\spring-security-config-6.3.1.jar;C:\Users\Ric\.m2\repository\org\springframework\security\spring-security-web\6.3.1\spring-security-web-6.3.1.jar;C:\Users\Ric\.m2\repository\org\springframework\boot\spring-boot-starter-data-jpa\3.3.2\spring-boot-starter-data-jpa-3.3.2.jar;C:\Users\Ric\.m2\repository\org\springframework\boot\spring-boot-starter-aop\3.3.2\spring-boot-starter-aop-3.3.2.jar;C:\Users\Ric\.m2\repository\org\aspectj\aspectjweaver\1.9.22.1\aspectjweaver-1.9.22.1.jar;C:\Users\Ric\.m2\repository\org\springframework\boot\spring-boot-starter-jdbc\3.3.2\spring-boot-starter-jdbc-3.3.2.jar;C:\Users\Ric\.m2\repository\com\zaxxer\HikariCP\5.1.0\HikariCP-5.1.0.jar;C:\Users\Ric\.m2\repository\org\springframework\spring-jdbc\6.1.11\spring-jdbc-6.1.11.jar;C:\Users\Ric\.m2\repository\org\hibernate\orm\hibernate-core\6.5.2.Final\hibernate-core-6.5.2.Final.jar;C:\Users\Ric\.m2\repository\jakarta\persistence\jakarta.persistence-api\3.1.0\jakarta.persistence-api-3.1.0.jar;C:\Users\Ric\.m2\repository\jakarta\transaction\jakarta.transaction-api\2.0.1\jakarta.transaction-api-2.0.1.jar;C:\Users\Ric\.m2\repository\org\jboss\logging\jboss-logging\3.5.3.Final\jboss-logging-3.5.3.Final.jar;C:\Users\Ric\.m2\repository\org\hibernate\common\hibernate-commons-annotations\6.0.6.Final\hibernate-commons-annotations-6.0.6.Final.jar;C:\Users\Ric\.m2\repository\io\smallrye\jandex\3.1.2\jandex-3.1.2.jar;C:\Users\Ric\.m2\repository\com\fasterxml\classmate\1.7.0\classmate-1.7.0.jar;C:\Users\Ric\.m2\repository\net\bytebuddy\byte-buddy\1.14.18\byte-buddy-1.14.18.jar;C:\Users\Ric\.m2\repository\org\glassfish\jaxb\jaxb-runtime\4.0.5\jaxb-runtime-4.0.5.jar;C:\Users\Ric\.m2\repository\org\glassfish\jaxb\jaxb-core\4.0.5\jaxb-core-4.0.5.jar;C:\Users\Ric\.m2\repository\org\eclipse\angus\angus-activation\2.0.2\angus-activation-2.0.2.jar;C:\Users\Ric\.m2\repository\org\glassfish\jaxb\txw2\4.0.5\txw2-4.0.5.jar;C:\Users\Ric\.m2\repository\com\sun\istack\istack-commons-runtime\4.1.2\istack-commons-runtime-4.1.2.jar;C:\Users\Ric\.m2\repository\jakarta\inject\jakarta.inject-api\2.0.1\jakarta.inject-api-2.0.1.jar;C:\Users\Ric\.m2\repository\org\antlr\antlr4-runtime\4.13.0\antlr4-runtime-4.13.0.jar;C:\Users\Ric\.m2\repository\org\springframework\data\spring-data-jpa\3.3.2\spring-data-jpa-3.3.2.jar;C:\Users\Ric\.m2\repository\org\springframework\data\spring-data-commons\3.3.2\spring-data-commons-3.3.2.jar;C:\Users\Ric\.m2\repository\org\springframework\spring-orm\6.1.11\spring-orm-6.1.11.jar;C:\Users\Ric\.m2\repository\org\springframework\spring-tx\6.1.11\spring-tx-6.1.11.jar;C:\Users\Ric\.m2\repository\org\springframework\spring-aspects\6.1.11\spring-aspects-6.1.11.jar;C:\Users\Ric\.m2\repository\org\postgresql\postgresql\42.7.3\postgresql-42.7.3.jar;C:\Users\Ric\.m2\repository\org\checkerframework\checker-qual\3.42.0\checker-qual-3.42.0.jar;C:\Users\Ric\.m2\repository\com\h2database\h2\2.2.224\h2-2.2.224.jar;C:\Users\Ric\.m2\repository\org\springframework\boot\spring-boot-devtools\3.3.2\spring-boot-devtools-3.3.2.jar;C:\Users\Ric\.m2\repository\org\springframework\boot\spring-boot\3.3.2\spring-boot-3.3.2.jar;C:\Users\Ric\.m2\repository\org\springframework\boot\spring-boot-autoconfigure\3.3.2\spring-boot-autoconfigure-3.3.2.jar;C:\Users\Ric\.m2\repository\jakarta\xml\bind\jakarta.xml.bind-api\4.0.2\jakarta.xml.bind-api-4.0.2.jar;C:\Users\Ric\.m2\repository\jakarta\activation\jakarta.activation-api\2.1.3\jakarta.activation-api-2.1.3.jar;C:\Users\Ric\.m2\repository\org\springframework\spring-core\6.1.11\spring-core-6.1.11.jar;C:\Users\Ric\.m2\repository\org\springframework\spring-jcl\6.1.11\spring-jcl-6.1.11.jar;C:\Users\Ric\.m2\repository\org\springframework\security\spring-security-core\6.3.1\spring-security-core-6.3.1.jar;C:\Users\Ric\.m2\repository\org\springframework\security\spring-security-crypto\6.3.1\spring-security-crypto-6.3.1.jar
Launcher Type: SUN_STANDARD

[Global flags]
     intx CICompilerCount                          = 3                                         {product} {ergonomic}
     uint ConcGCThreads                            = 1                                         {product} {ergonomic}
     uint G1ConcRefinementThreads                  = 4                                         {product} {ergonomic}
   size_t G1HeapRegionSize                         = 1048576                                   {product} {ergonomic}
    uintx GCDrainStackTargetSize                   = 64                                        {product} {ergonomic}
   size_t InitialHeapSize                          = 65011712                                  {product} {ergonomic}
   size_t MarkStackSize                            = 4194304                                   {product} {ergonomic}
   size_t MaxHeapSize                              = 1031798784                                {product} {ergonomic}
   size_t MaxNewSize                               = 618659840                                 {product} {ergonomic}
   size_t MinHeapDeltaBytes                        = 1048576                                   {product} {ergonomic}
   size_t MinHeapSize                              = 8388608                                   {product} {ergonomic}
    uintx NonNMethodCodeHeapSize                   = 5832780                                {pd product} {ergonomic}
    uintx NonProfiledCodeHeapSize                  = 122912730                              {pd product} {ergonomic}
    uintx ProfiledCodeHeapSize                     = 122912730                              {pd product} {ergonomic}
    uintx ReservedCodeCacheSize                    = 251658240                              {pd product} {ergonomic}
     bool SegmentedCodeCache                       = true                                      {product} {ergonomic}
   size_t SoftMaxHeapSize                          = 1031798784                             {manageable} {ergonomic}
     bool UseCompressedOops                        = true                           {product lp64_product} {ergonomic}
     bool UseG1GC                                  = true                                      {product} {ergonomic}
     bool UseLargePagesIndividualAllocation        = false                                  {pd product} {ergonomic}

Logging:
Log output configuration:
 #0: stdout all=warning uptime,level,tags foldmultilines=false
 #1: stderr all=off uptime,level,tags foldmultilines=false

Environment Variables:
PATH=C:\Program Files\Common Files\Oracle\Java\javapath;C:\Windows\system32;C:\Windows;C:\Windows\System32\Wbem;C:\Windows\System32\WindowsPowerShell\v1.0\;C:\Windows\System32\OpenSSH\;C:\Program Files\Microsoft SQL Server\150\Tools\Binn\;C:\Program Files\Git\bin;C:\Users\Ric\AppData\Roaming\nvm;C:\Program Files\nodejs;C:\Program Files\Docker\Docker\resources\bin;C:\Users\Ric\AppData\Local\Programs\Python\Python311\Scripts\;C:\Users\Ric\AppData\Local\Programs\Python\Python311\;C:\Users\Ric\AppData\Local\Microsoft\WindowsApps;C:\Users\Ric\.dotnet\tools;C:\Users\Ric\AppData\Local\Programs\Microsoft VS Code\bin;C:\dev\flutter\bin;C:\Users\Ric\AppData\Roaming\npm;C:\Users\Ric\AppData\Roaming\nvm;C:\Program Files\nodejs;C:\Users\Ric\AppData\Local\JetBrains\Toolbox\scripts;C:\Users\Ric\modelio\Modelio Open Source 5.4\plugins\org.apache.ant_1.10.9.v20201106-1946\META-INF;C:\Users\Ric\Documents\projects\work\biblio;C:\Program Files\PostgreSQL\16\bin;
USERNAME=Ric
OS=Windows_NT
PROCESSOR_IDENTIFIER=Intel64 Family 6 Model 58 Stepping 9, GenuineIntel
TMP=C:\Users\Ric\AppData\Local\Temp
TEMP=C:\Users\Ric\AppData\Local\Temp




Periodic native trim disabled

---------------  S Y S T E M  ---------------

OS:
 Windows 10 , 64 bit Build 19041 (10.0.19041.4717)
OS uptime: 0 days 23:01 hours
Hyper-V role detected

CPU: total 4 (initial active 4) (2 cores per cpu, 2 threads per core) family 6 model 58 stepping 9 microcode 0x21, cx8, cmov, fxsr, ht, mmx, sse, sse2, sse3, ssse3, sse4.1, sse4.2, popcnt, tsc, tscinvbit, avx, aes, erms, clmul, vzeroupper, clflush, hv, rdtscp, f16c
Processor Information for all 4 processors :
  Max Mhz: 2501, Current Mhz: 2100, Mhz Limit: 2075

Memory: 4k page, system-wide physical 3933M (180M free)
TotalPageFile size 8109M (AvailPageFile size 4M)
current process WorkingSet (physical memory assigned to process): 177M, peak: 195M
current process commit charge ("private bytes"): 212M, peak: 231M

vm_info: Java HotSpot(TM) 64-Bit Server VM (21.0.4+8-LTS-274) for windows-amd64 JRE (21.0.4+8-LTS-274), built on 2024-06-05T05:23:33Z by "mach5one" with MS VC++ 17.6 (VS2022)

END.
