#
# There is insufficient memory for the Java Runtime Environment to continue.
# Native memory allocation (malloc) failed to allocate 2036864 bytes for Chunk::new
# Possible reasons:
#   The system is out of physical RAM or swap space
#   The process is running with CompressedOops enabled, and the Java Heap may be blocking the growth of the native heap
# Possible solutions:
#   Reduce memory load on the system
#   Increase physical memory or swap space
#   Check if swap backing store is full
#   Decrease Java heap size (-Xmx/-Xms)
#   Decrease number of Java threads
#   Decrease Java thread stack sizes (-Xss)
#   Set larger code cache with -XX:ReservedCodeCacheSize=
#   JVM is running with Unscaled Compressed Oops mode in which the Java heap is
#     placed in the first 4GB address space. The Java Heap base address is the
#     maximum limit for the native heap growth. Please use -XX:HeapBaseMinAddress
#     to set the Java Heap base and to place the Java Heap above 4GB virtual address.
# This output file may be truncated or incomplete.
#
#  Out of Memory Error (arena.cpp:168), pid=9988, tid=2220
#
# JRE version: Java(TM) SE Runtime Environment (21.0.4+8) (build 21.0.4+8-LTS-274)
# Java VM: Java HotSpot(TM) 64-Bit Server VM (21.0.4+8-LTS-274, mixed mode, sharing, tiered, compressed oops, compressed class ptrs, g1 gc, windows-amd64)
# No core dump will be written. Minidumps are not enabled by default on client versions of Windows
#

---------------  S U M M A R Y ------------

Command Line: -javaagent:C:\Users\Ric\AppData\Local\Programs\IntelliJ IDEA Community Edition\lib\idea_rt.jar=4323:C:\Users\Ric\AppData\Local\Programs\IntelliJ IDEA Community Edition\bin -Dfile.encoding=UTF-8 -Dsun.stdout.encoding=UTF-8 -Dsun.stderr.encoding=UTF-8 com.hasinarezida.biblio.BiblioApplication

Host: Intel(R) Core(TM) i5-3210M CPU @ 2.50GHz, 4 cores, 3G,  Windows 10 , 64 bit Build 19041 (10.0.19041.4717)
Time: Thu Sep  5 09:59:33 2024 E. Africa Standard Time elapsed time: 35.989957 seconds (0d 0h 0m 35s)

---------------  T H R E A D  ---------------

Current thread (0x000002da6ed9d0c0):  JavaThread "C2 CompilerThread0" daemon [_thread_in_native, id=2220, stack(0x000000de2fe00000,0x000000de2ff00000) (1024K)]


Current CompileTask:
C2:  35990 5346   !   4       org.springframework.util.ReflectionUtils::doWithMethods (186 bytes)

Stack: [0x000000de2fe00000,0x000000de2ff00000]
Native frames: (J=compiled Java code, j=interpreted, Vv=VM code, C=native code)
V  [jvm.dll+0x6c8e59]
V  [jvm.dll+0x853181]
V  [jvm.dll+0x8556ae]
V  [jvm.dll+0x855d83]
V  [jvm.dll+0x27d526]
V  [jvm.dll+0xc4aad]
V  [jvm.dll+0xc4fe3]
V  [jvm.dll+0x3b400c]
V  [jvm.dll+0x3809a5]
V  [jvm.dll+0x37fe1a]
V  [jvm.dll+0x246280]
V  [jvm.dll+0x24585f]
V  [jvm.dll+0x1c69de]
V  [jvm.dll+0x254d49]
V  [jvm.dll+0x2532da]
V  [jvm.dll+0x3ed426]
V  [jvm.dll+0x7fd65b]
V  [jvm.dll+0x6c753d]
C  [ucrtbase.dll+0x21bb2]
C  [KERNEL32.DLL+0x17374]
C  [ntdll.dll+0x4cc91]


---------------  P R O C E S S  ---------------

Threads class SMR info:
_java_thread_list=0x000002da75ba2df0, length=19, elements={
0x000002da541750d0, 0x000002da6ed93fe0, 0x000002da6ed96a60, 0x000002da6ed97c60,
0x000002da6ed986c0, 0x000002da6ed99120, 0x000002da6ed99b80, 0x000002da6ed9d0c0,
0x000002da6edb3160, 0x000002da6ed7c8e0, 0x000002da732d9b90, 0x000002da732da200,
0x000002da73bac1a0, 0x000002da73bace10, 0x000002da76115010, 0x000002da7510d4e0,
0x000002da73bf8390, 0x000002da73bf4f10, 0x000002da73bf6950
}

Java Threads: ( => current thread )
  0x000002da541750d0 JavaThread "main"                              [_thread_blocked, id=6156, stack(0x000000de2f000000,0x000000de2f100000) (1024K)]
  0x000002da6ed93fe0 JavaThread "Reference Handler"          daemon [_thread_blocked, id=12276, stack(0x000000de2f800000,0x000000de2f900000) (1024K)]
  0x000002da6ed96a60 JavaThread "Finalizer"                  daemon [_thread_blocked, id=7748, stack(0x000000de2f900000,0x000000de2fa00000) (1024K)]
  0x000002da6ed97c60 JavaThread "Signal Dispatcher"          daemon [_thread_blocked, id=9372, stack(0x000000de2fa00000,0x000000de2fb00000) (1024K)]
  0x000002da6ed986c0 JavaThread "Attach Listener"            daemon [_thread_blocked, id=10060, stack(0x000000de2fb00000,0x000000de2fc00000) (1024K)]
  0x000002da6ed99120 JavaThread "Service Thread"             daemon [_thread_blocked, id=4328, stack(0x000000de2fc00000,0x000000de2fd00000) (1024K)]
  0x000002da6ed99b80 JavaThread "Monitor Deflation Thread"   daemon [_thread_blocked, id=6892, stack(0x000000de2fd00000,0x000000de2fe00000) (1024K)]
=>0x000002da6ed9d0c0 JavaThread "C2 CompilerThread0"         daemon [_thread_in_native, id=2220, stack(0x000000de2fe00000,0x000000de2ff00000) (1024K)]
  0x000002da6edb3160 JavaThread "C1 CompilerThread0"         daemon [_thread_blocked, id=2376, stack(0x000000de2ff00000,0x000000de30000000) (1024K)]
  0x000002da6ed7c8e0 JavaThread "Common-Cleaner"             daemon [_thread_blocked, id=10084, stack(0x000000de30000000,0x000000de30100000) (1024K)]
  0x000002da732d9b90 JavaThread "Monitor Ctrl-Break"         daemon [_thread_in_native, id=12020, stack(0x000000de30100000,0x000000de30200000) (1024K)]
  0x000002da732da200 JavaThread "Notification Thread"        daemon [_thread_blocked, id=8244, stack(0x000000de30200000,0x000000de30300000) (1024K)]
  0x000002da73bac1a0 JavaThread "Thread-0"                          [_thread_blocked, id=5100, stack(0x000000de30600000,0x000000de30700000) (1024K)]
  0x000002da73bace10 JavaThread "restartedMain"                     [_thread_in_native, id=1376, stack(0x000000de30700000,0x000000de30800000) (1024K)]
  0x000002da76115010 JavaThread "PostgreSQL-JDBC-Cleaner"    daemon [_thread_blocked, id=1336, stack(0x000000de30900000,0x000000de30a00000) (1024K)]
  0x000002da7510d4e0 JavaThread "HikariPool-1 housekeeper"   daemon [_thread_blocked, id=5660, stack(0x000000de30a00000,0x000000de30b00000) (1024K)]
  0x000002da73bf8390 JavaThread "Catalina-utility-1"                [_thread_blocked, id=11672, stack(0x000000de30c00000,0x000000de30d00000) (1024K)]
  0x000002da73bf4f10 JavaThread "Catalina-utility-2"                [_thread_blocked, id=11072, stack(0x000000de30d00000,0x000000de30e00000) (1024K)]
  0x000002da73bf6950 JavaThread "container-0"                       [_thread_blocked, id=10424, stack(0x000000de30e00000,0x000000de30f00000) (1024K)]
Total: 19

Other Threads:
  0x000002da54235000 VMThread "VM Thread"                           [id=3516, stack(0x000000de2f700000,0x000000de2f800000) (1024K)]
  0x000002da54222db0 WatcherThread "VM Periodic Task Thread"        [id=7216, stack(0x000000de2f600000,0x000000de2f700000) (1024K)]
  0x000002da541ad980 WorkerThread "GC Thread#0"                     [id=11180, stack(0x000000de2f100000,0x000000de2f200000) (1024K)]
  0x000002da737b5950 WorkerThread "GC Thread#1"                     [id=5996, stack(0x000000de30300000,0x000000de30400000) (1024K)]
  0x000002da737a8710 WorkerThread "GC Thread#2"                     [id=7596, stack(0x000000de30400000,0x000000de30500000) (1024K)]
  0x000002da737a8ab0 WorkerThread "GC Thread#3"                     [id=4432, stack(0x000000de30500000,0x000000de30600000) (1024K)]
  0x000002da541b7380 ConcurrentGCThread "G1 Main Marker"            [id=5556, stack(0x000000de2f200000,0x000000de2f300000) (1024K)]
  0x000002da541b7f40 WorkerThread "G1 Conc#0"                       [id=2904, stack(0x000000de2f300000,0x000000de2f400000) (1024K)]
  0x000002da54211910 ConcurrentGCThread "G1 Refine#0"               [id=9996, stack(0x000000de2f400000,0x000000de2f500000) (1024K)]
  0x000002da54212390 ConcurrentGCThread "G1 Service"                [id=4220, stack(0x000000de2f500000,0x000000de2f600000) (1024K)]
Total: 10

Threads with active compile tasks:
C2 CompilerThread0    36102 5346   !   4       org.springframework.util.ReflectionUtils::doWithMethods (186 bytes)
Total: 1

VM state: not at safepoint (normal execution)

VM Mutex/Monitor currently owned by a thread: None

Heap address: 0x00000000c2800000, size: 984 MB, Compressed Oops mode: 32-bit

CDS archive(s) mapped at: [0x000002da00000000-0x000002da00c90000-0x000002da00c90000), size 13172736, SharedBaseAddress: 0x000002da00000000, ArchiveRelocationMode: 1.
Compressed class space mapped at: 0x000002da01000000-0x000002da41000000, reserved size: 1073741824
Narrow klass base: 0x000002da00000000, Narrow klass shift: 0, Narrow klass range: 0x100000000

GC Precious Log:
 CardTable entry size: 512
 Card Set container configuration: InlinePtr #cards 5 size 8 Array Of Cards #cards 12 size 40 Howl #buckets 4 coarsen threshold 1843 Howl Bitmap #cards 512 size 80 coarsen threshold 460 Card regions per heap region 1 cards per card region 2048
 CPUs: 4 total, 4 available
 Memory: 3933M
 Large Page Support: Disabled
 NUMA Support: Disabled
 Compressed Oops: Enabled (32-bit)
 Heap Region Size: 1M
 Heap Min Capacity: 8M
 Heap Initial Capacity: 62M
 Heap Max Capacity: 984M
 Pre-touch: Disabled
 Parallel Workers: 4
 Concurrent Workers: 1
 Concurrent Refinement Workers: 4
 Periodic GC: Disabled

Heap:
 garbage-first heap   total 55296K, used 36612K [0x00000000c2800000, 0x0000000100000000)
  region size 1024K, 16 young (16384K), 3 survivors (3072K)
 Metaspace       used 56815K, committed 57472K, reserved 1114112K
  class space    used 7640K, committed 7936K, reserved 1048576K

Heap Regions: E=young(eden), S=young(survivor), O=old, HS=humongous(starts), HC=humongous(continues), CS=collection set, F=free, TAMS=top-at-mark-start, PB=parsable bottom
|   0|0x00000000c2800000, 0x00000000c2900000, 0x00000000c2900000|100%|HS|  |TAMS 0x00000000c2800000| PB 0x00000000c2800000| Complete 
|   1|0x00000000c2900000, 0x00000000c2a00000, 0x00000000c2a00000|100%| O|  |TAMS 0x00000000c2900000| PB 0x00000000c2900000| Untracked 
|   2|0x00000000c2a00000, 0x00000000c2b00000, 0x00000000c2b00000|100%| O|  |TAMS 0x00000000c2a00000| PB 0x00000000c2a00000| Untracked 
|   3|0x00000000c2b00000, 0x00000000c2c00000, 0x00000000c2c00000|100%| O|  |TAMS 0x00000000c2b00000| PB 0x00000000c2b00000| Untracked 
|   4|0x00000000c2c00000, 0x00000000c2d00000, 0x00000000c2d00000|100%| O|  |TAMS 0x00000000c2c00000| PB 0x00000000c2c00000| Untracked 
|   5|0x00000000c2d00000, 0x00000000c2e00000, 0x00000000c2e00000|100%| O|  |TAMS 0x00000000c2d00000| PB 0x00000000c2d00000| Untracked 
|   6|0x00000000c2e00000, 0x00000000c2f00000, 0x00000000c2f00000|100%| O|  |TAMS 0x00000000c2e00000| PB 0x00000000c2e00000| Untracked 
|   7|0x00000000c2f00000, 0x00000000c3000000, 0x00000000c3000000|100%| O|  |TAMS 0x00000000c2f00000| PB 0x00000000c2f00000| Untracked 
|   8|0x00000000c3000000, 0x00000000c3100000, 0x00000000c3100000|100%| O|  |TAMS 0x00000000c3000000| PB 0x00000000c3000000| Untracked 
|   9|0x00000000c3100000, 0x00000000c3200000, 0x00000000c3200000|100%| O|  |TAMS 0x00000000c3100000| PB 0x00000000c3100000| Untracked 
|  10|0x00000000c3200000, 0x00000000c3300000, 0x00000000c3300000|100%| O|  |TAMS 0x00000000c3200000| PB 0x00000000c3200000| Untracked 
|  11|0x00000000c3300000, 0x00000000c3400000, 0x00000000c3400000|100%| O|  |TAMS 0x00000000c3300000| PB 0x00000000c3300000| Untracked 
|  12|0x00000000c3400000, 0x00000000c3500000, 0x00000000c3500000|100%| O|  |TAMS 0x00000000c3400000| PB 0x00000000c3400000| Untracked 
|  13|0x00000000c3500000, 0x00000000c3600000, 0x00000000c3600000|100%| O|  |TAMS 0x00000000c3500000| PB 0x00000000c3500000| Untracked 
|  14|0x00000000c3600000, 0x00000000c3700000, 0x00000000c3700000|100%| O|  |TAMS 0x00000000c3600000| PB 0x00000000c3600000| Untracked 
|  15|0x00000000c3700000, 0x00000000c3800000, 0x00000000c3800000|100%| O|  |TAMS 0x00000000c3700000| PB 0x00000000c3700000| Untracked 
|  16|0x00000000c3800000, 0x00000000c3900000, 0x00000000c3900000|100%| O|  |TAMS 0x00000000c3800000| PB 0x00000000c3800000| Untracked 
|  17|0x00000000c3900000, 0x00000000c3a00000, 0x00000000c3a00000|100%| O|  |TAMS 0x00000000c3900000| PB 0x00000000c3900000| Untracked 
|  18|0x00000000c3a00000, 0x00000000c3b00000, 0x00000000c3b00000|100%| O|  |TAMS 0x00000000c3a00000| PB 0x00000000c3a00000| Untracked 
|  19|0x00000000c3b00000, 0x00000000c3c00000, 0x00000000c3c00000|100%| O|  |TAMS 0x00000000c3b00000| PB 0x00000000c3b00000| Untracked 
|  20|0x00000000c3c00000, 0x00000000c3d00000, 0x00000000c3d00000|100%| O|  |TAMS 0x00000000c3c00000| PB 0x00000000c3c00000| Untracked 
|  21|0x00000000c3d00000, 0x00000000c3d7b520, 0x00000000c3e00000| 48%| O|  |TAMS 0x00000000c3d00000| PB 0x00000000c3d00000| Untracked 
|  22|0x00000000c3e00000, 0x00000000c3e00000, 0x00000000c3f00000|  0%| F|  |TAMS 0x00000000c3e00000| PB 0x00000000c3e00000| Untracked 
|  23|0x00000000c3f00000, 0x00000000c3f00000, 0x00000000c4000000|  0%| F|  |TAMS 0x00000000c3f00000| PB 0x00000000c3f00000| Untracked 
|  24|0x00000000c4000000, 0x00000000c4000000, 0x00000000c4100000|  0%| F|  |TAMS 0x00000000c4000000| PB 0x00000000c4000000| Untracked 
|  25|0x00000000c4100000, 0x00000000c4145ae8, 0x00000000c4200000| 27%| S|CS|TAMS 0x00000000c4100000| PB 0x00000000c4100000| Complete 
|  26|0x00000000c4200000, 0x00000000c4300000, 0x00000000c4300000|100%| S|CS|TAMS 0x00000000c4200000| PB 0x00000000c4200000| Complete 
|  27|0x00000000c4300000, 0x00000000c4400000, 0x00000000c4400000|100%| S|CS|TAMS 0x00000000c4300000| PB 0x00000000c4300000| Complete 
|  28|0x00000000c4400000, 0x00000000c4400000, 0x00000000c4500000|  0%| F|  |TAMS 0x00000000c4400000| PB 0x00000000c4400000| Untracked 
|  29|0x00000000c4500000, 0x00000000c4500000, 0x00000000c4600000|  0%| F|  |TAMS 0x00000000c4500000| PB 0x00000000c4500000| Untracked 
|  30|0x00000000c4600000, 0x00000000c4600000, 0x00000000c4700000|  0%| F|  |TAMS 0x00000000c4600000| PB 0x00000000c4600000| Untracked 
|  31|0x00000000c4700000, 0x00000000c4700000, 0x00000000c4800000|  0%| F|  |TAMS 0x00000000c4700000| PB 0x00000000c4700000| Untracked 
|  32|0x00000000c4800000, 0x00000000c4800000, 0x00000000c4900000|  0%| F|  |TAMS 0x00000000c4800000| PB 0x00000000c4800000| Untracked 
|  33|0x00000000c4900000, 0x00000000c4900000, 0x00000000c4a00000|  0%| F|  |TAMS 0x00000000c4900000| PB 0x00000000c4900000| Untracked 
|  34|0x00000000c4a00000, 0x00000000c4a00000, 0x00000000c4b00000|  0%| F|  |TAMS 0x00000000c4a00000| PB 0x00000000c4a00000| Untracked 
|  35|0x00000000c4b00000, 0x00000000c4b00000, 0x00000000c4c00000|  0%| F|  |TAMS 0x00000000c4b00000| PB 0x00000000c4b00000| Untracked 
|  36|0x00000000c4c00000, 0x00000000c4c00000, 0x00000000c4d00000|  0%| F|  |TAMS 0x00000000c4c00000| PB 0x00000000c4c00000| Untracked 
|  37|0x00000000c4d00000, 0x00000000c4d00000, 0x00000000c4e00000|  0%| F|  |TAMS 0x00000000c4d00000| PB 0x00000000c4d00000| Untracked 
|  38|0x00000000c4e00000, 0x00000000c4e00000, 0x00000000c4f00000|  0%| F|  |TAMS 0x00000000c4e00000| PB 0x00000000c4e00000| Untracked 
|  39|0x00000000c4f00000, 0x00000000c4f00000, 0x00000000c5000000|  0%| F|  |TAMS 0x00000000c4f00000| PB 0x00000000c4f00000| Untracked 
|  40|0x00000000c5000000, 0x00000000c5000000, 0x00000000c5100000|  0%| F|  |TAMS 0x00000000c5000000| PB 0x00000000c5000000| Untracked 
|  41|0x00000000c5100000, 0x00000000c5173078, 0x00000000c5200000| 44%| E|  |TAMS 0x00000000c5100000| PB 0x00000000c5100000| Complete 
|  42|0x00000000c5200000, 0x00000000c5300000, 0x00000000c5300000|100%| E|CS|TAMS 0x00000000c5200000| PB 0x00000000c5200000| Complete 
|  43|0x00000000c5300000, 0x00000000c5400000, 0x00000000c5400000|100%| E|CS|TAMS 0x00000000c5300000| PB 0x00000000c5300000| Complete 
|  44|0x00000000c5400000, 0x00000000c5500000, 0x00000000c5500000|100%| E|CS|TAMS 0x00000000c5400000| PB 0x00000000c5400000| Complete 
|  45|0x00000000c5500000, 0x00000000c5600000, 0x00000000c5600000|100%| E|CS|TAMS 0x00000000c5500000| PB 0x00000000c5500000| Complete 
|  46|0x00000000c5600000, 0x00000000c5700000, 0x00000000c5700000|100%| E|CS|TAMS 0x00000000c5600000| PB 0x00000000c5600000| Complete 
|  47|0x00000000c5700000, 0x00000000c5800000, 0x00000000c5800000|100%| E|CS|TAMS 0x00000000c5700000| PB 0x00000000c5700000| Complete 
|  48|0x00000000c5800000, 0x00000000c5900000, 0x00000000c5900000|100%| E|CS|TAMS 0x00000000c5800000| PB 0x00000000c5800000| Complete 
|  49|0x00000000c5900000, 0x00000000c5a00000, 0x00000000c5a00000|100%| E|CS|TAMS 0x00000000c5900000| PB 0x00000000c5900000| Complete 
|  50|0x00000000c5a00000, 0x00000000c5b00000, 0x00000000c5b00000|100%| E|CS|TAMS 0x00000000c5a00000| PB 0x00000000c5a00000| Complete 
|  51|0x00000000c5b00000, 0x00000000c5c00000, 0x00000000c5c00000|100%| E|CS|TAMS 0x00000000c5b00000| PB 0x00000000c5b00000| Complete 
|  52|0x00000000c5c00000, 0x00000000c5d00000, 0x00000000c5d00000|100%| E|CS|TAMS 0x00000000c5c00000| PB 0x00000000c5c00000| Complete 
|  61|0x00000000c6500000, 0x00000000c6600000, 0x00000000c6600000|100%| E|CS|TAMS 0x00000000c6500000| PB 0x00000000c6500000| Complete 

Card table byte_map: [0x000002da6b7e0000,0x000002da6b9d0000] _byte_map_base: 0x000002da6b1cc000

Marking Bits: (CMBitMap*) 0x000002da541adf90
 Bits: [0x000002da6b9d0000, 0x000002da6c930000)

Polling page: 0x000002da52130000

Metaspace:

Usage:
  Non-class:     48.02 MB used.
      Class:      7.46 MB used.
       Both:     55.48 MB used.

Virtual space:
  Non-class space:       64.00 MB reserved,      48.38 MB ( 76%) committed,  1 nodes.
      Class space:        1.00 GB reserved,       7.75 MB ( <1%) committed,  1 nodes.
             Both:        1.06 GB reserved,      56.12 MB (  5%) committed. 

Chunk freelists:
   Non-Class:  15.19 MB
       Class:  8.22 MB
        Both:  23.41 MB

MaxMetaspaceSize: unlimited
CompressedClassSpaceSize: 1.00 GB
Initial GC threshold: 21.00 MB
Current GC threshold: 58.69 MB
CDS: on
 - commit_granule_bytes: 65536.
 - commit_granule_words: 8192.
 - virtual_space_node_default_size: 8388608.
 - enlarge_chunks_in_place: 1.
 - use_allocation_guard: 0.


Internal statistics:

num_allocs_failed_limit: 6.
num_arena_births: 840.
num_arena_deaths: 0.
num_vsnodes_births: 2.
num_vsnodes_deaths: 0.
num_space_committed: 898.
num_space_uncommitted: 0.
num_chunks_returned_to_freelist: 6.
num_chunks_taken_from_freelist: 2947.
num_chunk_merges: 6.
num_chunk_splits: 2079.
num_chunks_enlarged: 1580.
num_inconsistent_stats: 0.

CodeHeap 'non-profiled nmethods': size=120000Kb used=2923Kb max_used=2923Kb free=117076Kb
 bounds [0x000002da640c0000, 0x000002da643a0000, 0x000002da6b5f0000]
CodeHeap 'profiled nmethods': size=120000Kb used=10123Kb max_used=10123Kb free=109876Kb
 bounds [0x000002da5c5f0000, 0x000002da5cfe0000, 0x000002da63b20000]
CodeHeap 'non-nmethods': size=5760Kb used=1616Kb max_used=1634Kb free=4143Kb
 bounds [0x000002da63b20000, 0x000002da63d90000, 0x000002da640c0000]
 total_blobs=5699 nmethods=5034 adapters=569
 compilation: enabled
              stopped_count=0, restarted_count=0
 full_count=0

Compilation events (20 events):
Event: 35.674 Thread 0x000002da6edb3160 5391   !   3       java.util.concurrent.ConcurrentHashMap::transfer (849 bytes)
Event: 35.681 Thread 0x000002da6edb3160 nmethod 5391 0x000002da5cfba890 code [0x000002da5cfbacc0, 0x000002da5cfbd268]
Event: 35.681 Thread 0x000002da6edb3160 5392       2       java.lang.Class::getMethodsRecursive (99 bytes)
Event: 35.682 Thread 0x000002da6edb3160 nmethod 5392 0x000002da5cfbe590 code [0x000002da5cfbe7a0, 0x000002da5cfbeb70]
Event: 35.682 Thread 0x000002da6edb3160 5393       3       java.lang.PublicMethods$MethodList::merge (25 bytes)
Event: 35.682 Thread 0x000002da6edb3160 nmethod 5393 0x000002da5cfbee90 code [0x000002da5cfbf040, 0x000002da5cfbf218]
Event: 35.682 Thread 0x000002da6edb3160 5394       3       sun.invoke.util.VerifyType::isNullType (18 bytes)
Event: 35.682 Thread 0x000002da6edb3160 nmethod 5394 0x000002da5cfbf310 code [0x000002da5cfbf4c0, 0x000002da5cfbf690]
Event: 35.700 Thread 0x000002da6edb3160 5395       2       java.lang.invoke.MethodHandles$Lookup::unreflectConstructor (55 bytes)
Event: 35.700 Thread 0x000002da6edb3160 nmethod 5395 0x000002da5cfbf710 code [0x000002da5cfbf8c0, 0x000002da5cfbfac0]
Event: 35.700 Thread 0x000002da6edb3160 5396       2       jdk.internal.reflect.MethodHandleAccessorFactory::specializedMethodTypeForConstructor (66 bytes)
Event: 35.701 Thread 0x000002da6edb3160 nmethod 5396 0x000002da5cfbfc10 code [0x000002da5cfbfe00, 0x000002da5cfc0048]
Event: 35.717 Thread 0x000002da6edb3160 5397       2       org.springframework.core.convert.support.GenericConversionService$ConverterAdapter::<init> (41 bytes)
Event: 35.718 Thread 0x000002da6edb3160 nmethod 5397 0x000002da5cfc0190 code [0x000002da5cfc0380, 0x000002da5cfc0900]
Event: 35.718 Thread 0x000002da6edb3160 5398       2       org.springframework.core.convert.support.GenericConversionService$ConverterAdapter::getConvertibleTypes (8 bytes)
Event: 35.719 Thread 0x000002da6edb3160 nmethod 5398 0x000002da5cfc0b10 code [0x000002da5cfc0ca0, 0x000002da5cfc0e58]
Event: 35.824 Thread 0x000002da6edb3160 5399       2       java.util.StringJoiner::add (110 bytes)
Event: 35.825 Thread 0x000002da6edb3160 nmethod 5399 0x000002da5cfc0f10 code [0x000002da5cfc1100, 0x000002da5cfc1618]
Event: 35.826 Thread 0x000002da6edb3160 5400       2       sun.invoke.util.VerifyType::isNullConversion (157 bytes)
Event: 35.827 Thread 0x000002da6edb3160 nmethod 5400 0x000002da5cfc1910 code [0x000002da5cfc1b40, 0x000002da5cfc21c0]

GC Heap History (20 events):
Event: 3.024 GC heap before
{Heap before GC invocations=1 (full 0):
 garbage-first heap   total 63488K, used 17920K [0x00000000c2800000, 0x0000000100000000)
  region size 1024K, 13 young (13312K), 2 survivors (2048K)
 Metaspace       used 6086K, committed 6336K, reserved 1114112K
  class space    used 675K, committed 768K, reserved 1048576K
}
Event: 3.029 GC heap after
{Heap after GC invocations=2 (full 0):
 garbage-first heap   total 63488K, used 7542K [0x00000000c2800000, 0x0000000100000000)
  region size 1024K, 1 young (1024K), 1 survivors (1024K)
 Metaspace       used 6086K, committed 6336K, reserved 1114112K
  class space    used 675K, committed 768K, reserved 1048576K
}
Event: 5.065 GC heap before
{Heap before GC invocations=2 (full 0):
 garbage-first heap   total 63488K, used 34166K [0x00000000c2800000, 0x0000000100000000)
  region size 1024K, 28 young (28672K), 1 survivors (1024K)
 Metaspace       used 13658K, committed 13952K, reserved 1114112K
  class space    used 1581K, committed 1728K, reserved 1048576K
}
Event: 5.076 GC heap after
{Heap after GC invocations=3 (full 0):
 garbage-first heap   total 63488K, used 9907K [0x00000000c2800000, 0x0000000100000000)
  region size 1024K, 3 young (3072K), 3 survivors (3072K)
 Metaspace       used 13658K, committed 13952K, reserved 1114112K
  class space    used 1581K, committed 1728K, reserved 1048576K
}
Event: 9.909 GC heap before
{Heap before GC invocations=3 (full 0):
 garbage-first heap   total 63488K, used 42675K [0x00000000c2800000, 0x0000000100000000)
  region size 1024K, 36 young (36864K), 3 survivors (3072K)
 Metaspace       used 19627K, committed 19904K, reserved 1114112K
  class space    used 2346K, committed 2496K, reserved 1048576K
}
Event: 9.930 GC heap after
{Heap after GC invocations=4 (full 0):
 garbage-first heap   total 63488K, used 13174K [0x00000000c2800000, 0x0000000100000000)
  region size 1024K, 5 young (5120K), 5 survivors (5120K)
 Metaspace       used 19627K, committed 19904K, reserved 1114112K
  class space    used 2346K, committed 2496K, reserved 1048576K
}
Event: 11.364 GC heap before
{Heap before GC invocations=4 (full 0):
 garbage-first heap   total 63488K, used 26486K [0x00000000c2800000, 0x0000000100000000)
  region size 1024K, 19 young (19456K), 5 survivors (5120K)
 Metaspace       used 21202K, committed 21504K, reserved 1114112K
  class space    used 2544K, committed 2688K, reserved 1048576K
}
Event: 11.379 GC heap after
{Heap after GC invocations=5 (full 0):
 garbage-first heap   total 63488K, used 14546K [0x00000000c2800000, 0x0000000100000000)
  region size 1024K, 2 young (2048K), 2 survivors (2048K)
 Metaspace       used 21202K, committed 21504K, reserved 1114112K
  class space    used 2544K, committed 2688K, reserved 1048576K
}
Event: 14.064 GC heap before
{Heap before GC invocations=6 (full 0):
 garbage-first heap   total 55296K, used 45266K [0x00000000c2800000, 0x0000000100000000)
  region size 1024K, 32 young (32768K), 2 survivors (2048K)
 Metaspace       used 26472K, committed 26944K, reserved 1114112K
  class space    used 3305K, committed 3520K, reserved 1048576K
}
Event: 14.076 GC heap after
{Heap after GC invocations=7 (full 0):
 garbage-first heap   total 55296K, used 17406K [0x00000000c2800000, 0x0000000100000000)
  region size 1024K, 4 young (4096K), 4 survivors (4096K)
 Metaspace       used 26472K, committed 26944K, reserved 1114112K
  class space    used 3305K, committed 3520K, reserved 1048576K
}
Event: 19.686 GC heap before
{Heap before GC invocations=7 (full 0):
 garbage-first heap   total 55296K, used 44030K [0x00000000c2800000, 0x0000000100000000)
  region size 1024K, 31 young (31744K), 4 survivors (4096K)
 Metaspace       used 32409K, committed 32896K, reserved 1114112K
  class space    used 4021K, committed 4224K, reserved 1048576K
}
Event: 19.699 GC heap after
{Heap after GC invocations=8 (full 0):
 garbage-first heap   total 55296K, used 19915K [0x00000000c2800000, 0x0000000100000000)
  region size 1024K, 3 young (3072K), 3 survivors (3072K)
 Metaspace       used 32409K, committed 32896K, reserved 1114112K
  class space    used 4021K, committed 4224K, reserved 1048576K
}
Event: 23.101 GC heap before
{Heap before GC invocations=8 (full 0):
 garbage-first heap   total 55296K, used 34251K [0x00000000c2800000, 0x0000000100000000)
  region size 1024K, 18 young (18432K), 3 survivors (3072K)
 Metaspace       used 35465K, committed 35968K, reserved 1114112K
  class space    used 4443K, committed 4672K, reserved 1048576K
}
Event: 23.112 GC heap after
{Heap after GC invocations=9 (full 0):
 garbage-first heap   total 55296K, used 20880K [0x00000000c2800000, 0x0000000100000000)
  region size 1024K, 2 young (2048K), 2 survivors (2048K)
 Metaspace       used 35465K, committed 35968K, reserved 1114112K
  class space    used 4443K, committed 4672K, reserved 1048576K
}
Event: 30.982 GC heap before
{Heap before GC invocations=10 (full 0):
 garbage-first heap   total 55296K, used 45456K [0x00000000c2800000, 0x0000000100000000)
  region size 1024K, 26 young (26624K), 2 survivors (2048K)
 Metaspace       used 41609K, committed 42240K, reserved 1114112K
  class space    used 5460K, committed 5760K, reserved 1048576K
}
Event: 30.989 GC heap after
{Heap after GC invocations=11 (full 0):
 garbage-first heap   total 55296K, used 22316K [0x00000000c2800000, 0x0000000100000000)
  region size 1024K, 3 young (3072K), 3 survivors (3072K)
 Metaspace       used 41609K, committed 42240K, reserved 1114112K
  class space    used 5460K, committed 5760K, reserved 1048576K
}
Event: 33.470 GC heap before
{Heap before GC invocations=11 (full 0):
 garbage-first heap   total 55296K, used 45868K [0x00000000c2800000, 0x0000000100000000)
  region size 1024K, 27 young (27648K), 3 survivors (3072K)
 Metaspace       used 48961K, committed 49536K, reserved 1114112K
  class space    used 6486K, committed 6784K, reserved 1048576K
}
Event: 33.480 GC heap after
{Heap after GC invocations=12 (full 0):
 garbage-first heap   total 55296K, used 23287K [0x00000000c2800000, 0x0000000100000000)
  region size 1024K, 3 young (3072K), 3 survivors (3072K)
 Metaspace       used 48961K, committed 49536K, reserved 1114112K
  class space    used 6486K, committed 6784K, reserved 1048576K
}
Event: 35.349 GC heap before
{Heap before GC invocations=12 (full 0):
 garbage-first heap   total 55296K, used 46839K [0x00000000c2800000, 0x0000000100000000)
  region size 1024K, 27 young (27648K), 3 survivors (3072K)
 Metaspace       used 54409K, committed 55104K, reserved 1114112K
  class space    used 7377K, committed 7680K, reserved 1048576K
}
Event: 35.357 GC heap after
{Heap after GC invocations=13 (full 0):
 garbage-first heap   total 55296K, used 24324K [0x00000000c2800000, 0x0000000100000000)
  region size 1024K, 3 young (3072K), 3 survivors (3072K)
 Metaspace       used 54409K, committed 55104K, reserved 1114112K
  class space    used 7377K, committed 7680K, reserved 1048576K
}

Dll operation events (14 events):
Event: 0.057 Loaded shared library C:\Program Files\Java\jdk-21\bin\java.dll
Event: 0.189 Loaded shared library C:\Program Files\Java\jdk-21\bin\jsvml.dll
Event: 0.610 Loaded shared library C:\Program Files\Java\jdk-21\bin\zip.dll
Event: 0.620 Loaded shared library C:\Program Files\Java\jdk-21\bin\instrument.dll
Event: 0.635 Loaded shared library C:\Program Files\Java\jdk-21\bin\net.dll
Event: 0.649 Loaded shared library C:\Program Files\Java\jdk-21\bin\nio.dll
Event: 0.668 Loaded shared library C:\Program Files\Java\jdk-21\bin\zip.dll
Event: 1.118 Loaded shared library C:\Users\Ric\AppData\Local\Programs\IntelliJ IDEA Community Edition\bin\breakgen64.dll
Event: 1.184 Loaded shared library C:\Program Files\Java\jdk-21\bin\extnet.dll
Event: 1.389 Loaded shared library C:\Program Files\Java\jdk-21\bin\jimage.dll
Event: 2.605 Loaded shared library C:\Program Files\Java\jdk-21\bin\management.dll
Event: 2.611 Loaded shared library C:\Program Files\Java\jdk-21\bin\management_ext.dll
Event: 7.043 Loaded shared library C:\Program Files\Java\jdk-21\bin\sunmscapi.dll
Event: 26.322 Loaded shared library C:\Program Files\Java\jdk-21\bin\verify.dll

Deoptimization events (20 events):
Event: 35.523 Thread 0x000002da73bace10 Uncommon trap: trap_request=0xffffff45 fr.pc=0x000002da6437b568 relative=0x0000000000000068
Event: 35.523 Thread 0x000002da73bace10 Uncommon trap: reason=unstable_if action=reinterpret pc=0x000002da6437b568 method=jdk.internal.reflect.DirectMethodHandleAccessor.checkArgumentCount(I[Ljava/lang/Object;)V @ 1 c2
Event: 35.523 Thread 0x000002da73bace10 DEOPT PACKING pc=0x000002da6437b568 sp=0x000000de307fbdc0
Event: 35.523 Thread 0x000002da73bace10 DEOPT UNPACKING pc=0x000002da63b746a2 sp=0x000000de307fbd58 mode 2
Event: 35.578 Thread 0x000002da73bace10 Uncommon trap: trap_request=0xffffff45 fr.pc=0x000002da64326460 relative=0x0000000000000f40
Event: 35.578 Thread 0x000002da73bace10 Uncommon trap: reason=unstable_if action=reinterpret pc=0x000002da64326460 method=java.util.concurrent.ConcurrentHashMap.putVal(Ljava/lang/Object;Ljava/lang/Object;Z)Ljava/lang/Object; @ 401 c2
Event: 35.578 Thread 0x000002da73bace10 DEOPT PACKING pc=0x000002da64326460 sp=0x000000de307fbfb0
Event: 35.578 Thread 0x000002da73bace10 DEOPT UNPACKING pc=0x000002da63b746a2 sp=0x000000de307fbf40 mode 2
Event: 35.588 Thread 0x000002da73bace10 Uncommon trap: trap_request=0xffffff45 fr.pc=0x000002da64274bc4 relative=0x0000000000000284
Event: 35.588 Thread 0x000002da73bace10 Uncommon trap: reason=unstable_if action=reinterpret pc=0x000002da64274bc4 method=java.util.concurrent.ConcurrentHashMap.get(Ljava/lang/Object;)Ljava/lang/Object; @ 86 c2
Event: 35.588 Thread 0x000002da73bace10 DEOPT PACKING pc=0x000002da64274bc4 sp=0x000000de307fc050
Event: 35.588 Thread 0x000002da73bace10 DEOPT UNPACKING pc=0x000002da63b746a2 sp=0x000000de307fbfb8 mode 2
Event: 35.598 Thread 0x000002da73bace10 Uncommon trap: trap_request=0xfffffff4 fr.pc=0x000002da643980a8 relative=0x0000000000001c88
Event: 35.598 Thread 0x000002da73bace10 Uncommon trap: reason=null_check action=make_not_entrant pc=0x000002da643980a8 method=java.lang.Class.getMethodsRecursive(Ljava/lang/String;[Ljava/lang/Class;Z)Ljava/lang/PublicMethods$MethodList; @ 26 c2
Event: 35.598 Thread 0x000002da73bace10 DEOPT PACKING pc=0x000002da643980a8 sp=0x000000de307fc4e0
Event: 35.599 Thread 0x000002da73bace10 DEOPT UNPACKING pc=0x000002da63b746a2 sp=0x000000de307fc4c8 mode 2
Event: 35.672 Thread 0x000002da73bace10 Uncommon trap: trap_request=0xffffff45 fr.pc=0x000002da64183318 relative=0x0000000000001378
Event: 35.672 Thread 0x000002da73bace10 Uncommon trap: reason=unstable_if action=reinterpret pc=0x000002da64183318 method=java.util.concurrent.ConcurrentHashMap.transfer([Ljava/util/concurrent/ConcurrentHashMap$Node;[Ljava/util/concurrent/ConcurrentHashMap$Node;)V @ 352 c2
Event: 35.672 Thread 0x000002da73bace10 DEOPT PACKING pc=0x000002da64183318 sp=0x000000de307fbf60
Event: 35.672 Thread 0x000002da73bace10 DEOPT UNPACKING pc=0x000002da63b746a2 sp=0x000000de307fbef8 mode 2

Classes loaded (20 events):
Event: 34.172 Loading class java/util/AbstractList$SubList
Event: 34.173 Loading class java/util/AbstractList$SubList done
Event: 34.205 Loading class java/lang/reflect/AnnotatedArrayType
Event: 34.206 Loading class java/lang/reflect/AnnotatedArrayType done
Event: 34.323 Loading class java/lang/foreign/ValueLayout
Event: 34.323 Loading class java/lang/foreign/MemoryLayout
Event: 34.324 Loading class java/lang/foreign/MemoryLayout done
Event: 34.324 Loading class java/lang/foreign/ValueLayout done
Event: 34.668 Loading class jdk/internal/reflect/MethodHandleLongFieldAccessorImpl
Event: 34.668 Loading class jdk/internal/reflect/MethodHandleLongFieldAccessorImpl done
Event: 35.427 Loading class javax/naming/Reference
Event: 35.427 Loading class javax/naming/Reference done
Event: 35.504 Loading class java/lang/SafeVarargs
Event: 35.504 Loading class java/lang/SafeVarargs done
Event: 35.507 Loading class sun/reflect/generics/reflectiveObjects/GenericArrayTypeImpl
Event: 35.508 Loading class sun/reflect/generics/reflectiveObjects/GenericArrayTypeImpl done
Event: 35.578 Loading class java/util/concurrent/ConcurrentHashMap$TreeNode
Event: 35.579 Loading class java/util/concurrent/ConcurrentHashMap$TreeNode done
Event: 35.579 Loading class java/util/concurrent/ConcurrentHashMap$TreeBin
Event: 35.580 Loading class java/util/concurrent/ConcurrentHashMap$TreeBin done

Classes unloaded (0 events):
No events

Classes redefined (0 events):
No events

Internal exceptions (20 events):
Event: 34.781 Thread 0x000002da73bace10 Exception <a 'java/lang/NoSuchMethodError'{0x00000000c4d032e0}: 'void java.lang.invoke.DirectMethodHandle$Holder.invokeSpecial(java.lang.Object, java.lang.Object, int, java.lang.Object)'> (0x00000000c4d032e0) 
thrown [s\open\src\hotspot\share\interpreter\linkResolver.cpp, line 773]
Event: 34.782 Thread 0x000002da73bace10 Exception <a 'java/lang/NoSuchMethodError'{0x00000000c4d09608}: 'java.lang.Object java.lang.invoke.DirectMethodHandle$Holder.newInvokeSpecial(java.lang.Object, java.lang.Object, int)'> (0x00000000c4d09608) 
thrown [s\open\src\hotspot\share\interpreter\linkResolver.cpp, line 773]
Event: 34.849 Thread 0x000002da73bace10 Exception <a 'java/lang/NoSuchMethodError'{0x00000000c4c658a0}: 'int java.lang.invoke.DirectMethodHandle$Holder.invokeStatic(java.lang.Object, int, java.lang.Object)'> (0x00000000c4c658a0) 
thrown [s\open\src\hotspot\share\interpreter\linkResolver.cpp, line 773]
Event: 34.856 Thread 0x000002da73bace10 Exception <a 'java/lang/NoSuchMethodError'{0x00000000c4c84860}: 'java.lang.Object java.lang.invoke.DirectMethodHandle$Holder.newInvokeSpecial(java.lang.Object, java.lang.Object, java.lang.Object, java.lang.Object, java.lang.Object, int, java.lang.Object)'> (0x00000000c4c84860) 
thrown [s\open\src\hotspot\share\interpreter\linkResolver.cpp, line 773]
Event: 34.872 Thread 0x000002da73bace10 Exception <a 'java/lang/NoSuchMethodError'{0x00000000c4cc3b48}: 'java.lang.Object java.lang.invoke.DirectMethodHandle$Holder.newInvokeSpecial(java.lang.Object, java.lang.Object, java.lang.Object, java.lang.Object, java.lang.Object, java.lang.Object, java.lang.Object, java.lang.Object, java.lang.Object, java.lang.Object, java.lang.Object, java.lang.Object)'> (0x00000000c4cc3b48) 
thrown [s\open\src\hotspot\share\interpreter\linkResolver.cpp, line 773]
Event: 34.873 Thread 0x000002da73bace10 Exception <a 'java/lang/NoSuchMethodError'{0x00000000c4cc83e0}: 'java.lang.Object java.lang.invoke.DirectMethodHandle$Holder.invokeSpecial(java.lang.Object, java.lang.Object, java.lang.Object, java.lang.Object, java.lang.Object, java.lang.Object, java.lang.Object, java.lang.Object, java.lang.Object, java.lang.Object, java.lang.Object, java.lang.Object, java.lang.Object)'> (0x00000000c4cc83e0) 
thrown [s\open\src\hotspot\share\interpreter\linkResolver.cpp, line 773]
Event: 34.874 Thread 0x000002da73bace10 Exception <a 'java/lang/NoSuchMethodError'{0x00000000c4ccc8b8}: 'java.lang.Object java.lang.invoke.Invokers$Holder.linkToTargetMethod(java.lang.Object, java.lang.Object, java.lang.Object, java.lang.Object, java.lang.Object, java.lang.Object, java.lang.Object, java.lang.Object, java.lang.Object, java.lang.Object, java.lang.Object, java.lang.Object)'> (0x00000000c4ccc8b8) 
thrown [s\open\src\hotspot\share\interpreter\linkResolver.cpp, line 773]
Event: 35.023 Thread 0x000002da73bace10 Exception <a 'java/lang/NoSuchMethodError'{0x00000000c4a76a00}: 'java.lang.Object java.lang.invoke.DirectMethodHandle$Holder.newInvokeSpecial(java.lang.Object, java.lang.Object, java.lang.Object, java.lang.Object, java.lang.Object, java.lang.Object)'> (0x00000000c4a76a00) 
thrown [s\open\src\hotspot\share\interpreter\linkResolver.cpp, line 773]
Event: 35.053 Thread 0x000002da73bace10 Exception <a 'java/lang/NoSuchMethodError'{0x00000000c49073a0}: 'java.lang.Object java.lang.invoke.DirectMethodHandle$Holder.newInvokeSpecial(java.lang.Object, java.lang.Object, java.lang.Object, java.lang.Object, java.lang.Object, java.lang.Object, java.lang.Object, int)'> (0x00000000c49073a0) 
thrown [s\open\src\hotspot\share\interpreter\linkResolver.cpp, line 773]
Event: 35.054 Thread 0x000002da73bace10 Exception <a 'java/lang/NoSuchMethodError'{0x00000000c490b900}: 'java.lang.Object java.lang.invoke.DirectMethodHandle$Holder.invokeSpecial(java.lang.Object, java.lang.Object, java.lang.Object, java.lang.Object, java.lang.Object, java.lang.Object, java.lang.Object, java.lang.Object, int)'> (0x00000000c490b900) 
thrown [s\open\src\hotspot\share\interpreter\linkResolver.cpp, line 773]
Event: 35.054 Thread 0x000002da73bace10 Exception <a 'java/lang/NoSuchMethodError'{0x00000000c490f918}: 'java.lang.Object java.lang.invoke.Invokers$Holder.linkToTargetMethod(java.lang.Object, java.lang.Object, java.lang.Object, java.lang.Object, java.lang.Object, java.lang.Object, int, java.lang.Object)'> (0x00000000c490f918) 
thrown [s\open\src\hotspot\share\interpreter\linkResolver.cpp, line 773]
Event: 35.095 Thread 0x000002da73bace10 Exception <a 'java/lang/NoSuchMethodError'{0x00000000c49cd2a8}: 'void java.lang.invoke.DirectMethodHandle$Holder.invokeInterface(java.lang.Object, java.lang.Object)'> (0x00000000c49cd2a8) 
thrown [s\open\src\hotspot\share\interpreter\linkResolver.cpp, line 773]
Event: 35.444 Thread 0x000002da73bace10 Exception <a 'java/lang/NoSuchMethodError'{0x00000000c65c0a00}: 'void java.lang.invoke.Invokers$Holder.invokeExact_MT(java.lang.Object, java.lang.Object, java.lang.Object, java.lang.Object)'> (0x00000000c65c0a00) 
thrown [s\open\src\hotspot\share\interpreter\linkResolver.cpp, line 773]
Event: 35.494 Thread 0x000002da73bace10 Implicit null exception at 0x000002da643832f7 to 0x000002da64383560
Event: 35.523 Thread 0x000002da73bace10 Implicit null exception at 0x000002da6437c571 to 0x000002da6437c8a8
Event: 35.523 Thread 0x000002da73bace10 Implicit null exception at 0x000002da6437b51a to 0x000002da6437b554
Event: 35.581 Thread 0x000002da73bace10 Exception <a 'java/lang/IncompatibleClassChangeError'{0x00000000c59b3b30}: Found class java.lang.Object, but interface was expected> (0x00000000c59b3b30) 
thrown [s\open\src\hotspot\share\interpreter\linkResolver.cpp, line 840]
Event: 35.598 Thread 0x000002da73bace10 Implicit null exception at 0x000002da64396710 to 0x000002da6439808c
Event: 35.610 Thread 0x000002da73bace10 Exception <a 'java/lang/IncompatibleClassChangeError'{0x00000000c58468d0}: Found class java.lang.Object, but interface was expected> (0x00000000c58468d0) 
thrown [s\open\src\hotspot\share\interpreter\linkResolver.cpp, line 840]
Event: 35.701 Thread 0x000002da73bace10 Exception <a 'java/lang/IncompatibleClassChangeError'{0x00000000c57d1be8}: Found class java.lang.Object, but interface was expected> (0x00000000c57d1be8) 
thrown [s\open\src\hotspot\share\interpreter\linkResolver.cpp, line 840]

ZGC Phase Switch (0 events):
No events

VM Operations (20 events):
Event: 30.259 Executing VM operation: Cleanup
Event: 30.259 Executing VM operation: Cleanup done
Event: 30.982 Executing VM operation: G1CollectForAllocation (G1 Evacuation Pause)
Event: 30.989 Executing VM operation: G1CollectForAllocation (G1 Evacuation Pause) done
Event: 32.001 Executing VM operation: Cleanup
Event: 32.001 Executing VM operation: Cleanup done
Event: 33.016 Executing VM operation: Cleanup
Event: 33.038 Executing VM operation: Cleanup done
Event: 33.470 Executing VM operation: G1CollectForAllocation (G1 Evacuation Pause)
Event: 33.480 Executing VM operation: G1CollectForAllocation (G1 Evacuation Pause) done
Event: 33.673 Executing VM operation: HandshakeAllThreads (Deoptimize)
Event: 33.673 Executing VM operation: HandshakeAllThreads (Deoptimize) done
Event: 33.683 Executing VM operation: HandshakeAllThreads (Deoptimize)
Event: 33.683 Executing VM operation: HandshakeAllThreads (Deoptimize) done
Event: 34.302 Executing VM operation: HandshakeAllThreads (Deoptimize)
Event: 34.302 Executing VM operation: HandshakeAllThreads (Deoptimize) done
Event: 34.488 Executing VM operation: ICBufferFull
Event: 34.488 Executing VM operation: ICBufferFull done
Event: 35.349 Executing VM operation: G1CollectForAllocation (G1 Evacuation Pause)
Event: 35.357 Executing VM operation: G1CollectForAllocation (G1 Evacuation Pause) done

Events (20 events):
Event: 23.186 Thread 0x000002da54235000 flushing nmethod 0x000002da5c82bd90
Event: 23.186 Thread 0x000002da54235000 flushing nmethod 0x000002da5c82ea90
Event: 23.186 Thread 0x000002da54235000 flushing nmethod 0x000002da5c84de10
Event: 23.186 Thread 0x000002da54235000 flushing nmethod 0x000002da5c883990
Event: 23.186 Thread 0x000002da54235000 flushing nmethod 0x000002da5c885890
Event: 23.186 Thread 0x000002da54235000 flushing nmethod 0x000002da5c8a9590
Event: 23.186 Thread 0x000002da54235000 flushing nmethod 0x000002da5c8ab490
Event: 23.186 Thread 0x000002da54235000 flushing nmethod 0x000002da5c8f3010
Event: 23.186 Thread 0x000002da54235000 flushing nmethod 0x000002da5c8f3810
Event: 23.186 Thread 0x000002da54235000 flushing nmethod 0x000002da5c8f5f10
Event: 23.186 Thread 0x000002da54235000 flushing nmethod 0x000002da5c90fc10
Event: 23.186 Thread 0x000002da54235000 flushing nmethod 0x000002da5c9d8790
Event: 23.186 Thread 0x000002da54235000 flushing nmethod 0x000002da5c9db210
Event: 23.186 Thread 0x000002da54235000 flushing nmethod 0x000002da5c9e1910
Event: 23.186 Thread 0x000002da54235000 flushing nmethod 0x000002da5ca13c90
Event: 23.186 Thread 0x000002da54235000 flushing nmethod 0x000002da5ca25090
Event: 23.186 Thread 0x000002da54235000 flushing nmethod 0x000002da5caede10
Event: 23.186 Thread 0x000002da54235000 flushing nmethod 0x000002da5cb9c890
Event: 23.186 Thread 0x000002da54235000 flushing nmethod 0x000002da5cc19d90
Event: 30.131 Thread 0x000002da756cbff0 Thread exited: 0x000002da756cbff0


Dynamic libraries:
0x00007ff6be480000 - 0x00007ff6be490000 	C:\Program Files\Java\jdk-21\bin\java.exe
0x00007ffdef0b0000 - 0x00007ffdef2a8000 	C:\Windows\SYSTEM32\ntdll.dll
0x00007ffded890000 - 0x00007ffded951000 	C:\Windows\System32\KERNEL32.DLL
0x00007ffdec940000 - 0x00007ffdecc3d000 	C:\Windows\System32\KERNELBASE.dll
0x00007ffdece00000 - 0x00007ffdecf00000 	C:\Windows\System32\ucrtbase.dll
0x00007ffdea840000 - 0x00007ffdea85b000 	C:\Program Files\Java\jdk-21\bin\VCRUNTIME140.dll
0x00007ffdea2a0000 - 0x00007ffdea2b9000 	C:\Program Files\Java\jdk-21\bin\jli.dll
0x00007ffded0e0000 - 0x00007ffded190000 	C:\Windows\System32\ADVAPI32.dll
0x00007ffded960000 - 0x00007ffded9fe000 	C:\Windows\System32\msvcrt.dll
0x00007ffdee5e0000 - 0x00007ffdee680000 	C:\Windows\System32\sechost.dll
0x00007ffded630000 - 0x00007ffded753000 	C:\Windows\System32\RPCRT4.dll
0x00007ffdecf00000 - 0x00007ffdecf27000 	C:\Windows\System32\bcrypt.dll
0x00007ffded340000 - 0x00007ffded4dd000 	C:\Windows\System32\USER32.dll
0x00007ffdec760000 - 0x00007ffdec782000 	C:\Windows\System32\win32u.dll
0x00007ffdedef0000 - 0x00007ffdedf1b000 	C:\Windows\System32\GDI32.dll
0x00007ffdec790000 - 0x00007ffdec8a7000 	C:\Windows\System32\gdi32full.dll
0x00007ffdecd60000 - 0x00007ffdecdfd000 	C:\Windows\System32\msvcp_win.dll
0x00007ffdeb9f0000 - 0x00007ffdebc8a000 	C:\Windows\WinSxS\amd64_microsoft.windows.common-controls_6595b64144ccf1df_6.0.19041.4355_none_60b8b9eb71f62e16\COMCTL32.dll
0x00007ffddda90000 - 0x00007ffddda9a000 	C:\Windows\SYSTEM32\VERSION.dll
0x00007ffdee400000 - 0x00007ffdee42f000 	C:\Windows\System32\IMM32.DLL
0x00007ffdebfb0000 - 0x00007ffdebfbc000 	C:\Program Files\Java\jdk-21\bin\vcruntime140_1.dll
0x00007ffdce660000 - 0x00007ffdce6ee000 	C:\Program Files\Java\jdk-21\bin\msvcp140.dll
0x00007ffdb7ca0000 - 0x00007ffdb89b3000 	C:\Program Files\Java\jdk-21\bin\server\jvm.dll
0x00007ffdeef70000 - 0x00007ffdeefdb000 	C:\Windows\System32\WS2_32.dll
0x00007ffdec5b0000 - 0x00007ffdec5fb000 	C:\Windows\SYSTEM32\POWRPROF.dll
0x00007ffdd9480000 - 0x00007ffdd94a7000 	C:\Windows\SYSTEM32\WINMM.dll
0x00007ffdec590000 - 0x00007ffdec5a2000 	C:\Windows\SYSTEM32\UMPDC.dll
0x00007ffde9890000 - 0x00007ffde98a2000 	C:\Windows\SYSTEM32\kernel.appcore.dll
0x00007ffdea3e0000 - 0x00007ffdea3ea000 	C:\Program Files\Java\jdk-21\bin\jimage.dll
0x00007ffdebdc0000 - 0x00007ffdebfa4000 	C:\Windows\SYSTEM32\DBGHELP.DLL
0x00007ffdebd80000 - 0x00007ffdebdb4000 	C:\Windows\SYSTEM32\dbgcore.DLL
0x00007ffdec8b0000 - 0x00007ffdec932000 	C:\Windows\System32\bcryptPrimitives.dll
0x00007ffdea350000 - 0x00007ffdea35f000 	C:\Program Files\Java\jdk-21\bin\instrument.dll
0x00007ffde3f80000 - 0x00007ffde3f9f000 	C:\Program Files\Java\jdk-21\bin\java.dll
0x00007ffdee800000 - 0x00007ffdeef6f000 	C:\Windows\System32\SHELL32.dll
0x00007ffde9a90000 - 0x00007ffdea22f000 	C:\Windows\SYSTEM32\windows.storage.dll
0x00007ffdedf20000 - 0x00007ffdee273000 	C:\Windows\System32\combase.dll
0x00007ffdeb950000 - 0x00007ffdeb97e000 	C:\Windows\SYSTEM32\Wldp.dll
0x00007ffded7c0000 - 0x00007ffded88d000 	C:\Windows\System32\OLEAUT32.dll
0x00007ffdee2f0000 - 0x00007ffdee39d000 	C:\Windows\System32\SHCORE.dll
0x00007ffdee680000 - 0x00007ffdee6d5000 	C:\Windows\System32\shlwapi.dll
0x00007ffdec690000 - 0x00007ffdec6b4000 	C:\Windows\SYSTEM32\profapi.dll
0x00007ffdc98f0000 - 0x00007ffdc99c7000 	C:\Program Files\Java\jdk-21\bin\jsvml.dll
0x00007ffde1ee0000 - 0x00007ffde1ef8000 	C:\Program Files\Java\jdk-21\bin\zip.dll
0x00007ffde8bd0000 - 0x00007ffde8be0000 	C:\Program Files\Java\jdk-21\bin\net.dll
0x00007ffde6710000 - 0x00007ffde681d000 	C:\Windows\SYSTEM32\WINHTTP.dll
0x00007ffdeb880000 - 0x00007ffdeb8ea000 	C:\Windows\system32\mswsock.dll
0x00007ffde1c40000 - 0x00007ffde1c56000 	C:\Program Files\Java\jdk-21\bin\nio.dll
0x00007ffde1b70000 - 0x00007ffde1b8a000 	C:\Users\Ric\AppData\Local\Programs\IntelliJ IDEA Community Edition\bin\breakgen64.dll
0x00007ffde5e90000 - 0x00007ffde5e99000 	C:\Program Files\Java\jdk-21\bin\extnet.dll
0x00007ffde1c30000 - 0x00007ffde1c3a000 	C:\Program Files\Java\jdk-21\bin\management.dll
0x00007ffde1b60000 - 0x00007ffde1b6b000 	C:\Program Files\Java\jdk-21\bin\management_ext.dll
0x00007ffded4e0000 - 0x00007ffded4e8000 	C:\Windows\System32\PSAPI.DLL
0x00007ffde1750000 - 0x00007ffde175e000 	C:\Program Files\Java\jdk-21\bin\sunmscapi.dll
0x00007ffdecf30000 - 0x00007ffded08e000 	C:\Windows\System32\CRYPT32.dll
0x00007ffdeb9c0000 - 0x00007ffdeb9e9000 	C:\Windows\SYSTEM32\ncrypt.dll
0x00007ffdeb980000 - 0x00007ffdeb9bb000 	C:\Windows\SYSTEM32\NTASN1.dll
0x00007ffdec3f0000 - 0x00007ffdec408000 	C:\Windows\SYSTEM32\CRYPTSP.dll
0x00007ffdeb0b0000 - 0x00007ffdeb0e4000 	C:\Windows\system32\rsaenh.dll
0x00007ffdec640000 - 0x00007ffdec66e000 	C:\Windows\SYSTEM32\USERENV.dll
0x00007ffdeb910000 - 0x00007ffdeb91c000 	C:\Windows\SYSTEM32\CRYPTBASE.dll
0x00007ffdeb410000 - 0x00007ffdeb44b000 	C:\Windows\SYSTEM32\IPHLPAPI.DLL
0x00007ffdee280000 - 0x00007ffdee288000 	C:\Windows\System32\NSI.dll
0x00007ffdeb450000 - 0x00007ffdeb51a000 	C:\Windows\SYSTEM32\DNSAPI.dll
0x00007ffde3470000 - 0x00007ffde347a000 	C:\Windows\System32\rasadhlp.dll
0x00007ffde3ef0000 - 0x00007ffde3f70000 	C:\Windows\System32\fwpuclnt.dll
0x00007ffde1740000 - 0x00007ffde1750000 	C:\Program Files\Java\jdk-21\bin\verify.dll

dbghelp: loaded successfully - version: 4.0.5 - missing functions: none
symbol engine: initialized successfully - sym options: 0x614 - pdb path: .;C:\Program Files\Java\jdk-21\bin;C:\Windows\SYSTEM32;C:\Windows\WinSxS\amd64_microsoft.windows.common-controls_6595b64144ccf1df_6.0.19041.4355_none_60b8b9eb71f62e16;C:\Program Files\Java\jdk-21\bin\server;C:\Users\Ric\AppData\Local\Programs\IntelliJ IDEA Community Edition\bin

VM Arguments:
jvm_args: -javaagent:C:\Users\Ric\AppData\Local\Programs\IntelliJ IDEA Community Edition\lib\idea_rt.jar=4323:C:\Users\Ric\AppData\Local\Programs\IntelliJ IDEA Community Edition\bin -Dfile.encoding=UTF-8 -Dsun.stdout.encoding=UTF-8 -Dsun.stderr.encoding=UTF-8 
java_command: com.hasinarezida.biblio.BiblioApplication
java_class_path (initial): C:\Users\Ric\Documents\projects\work\library\target\classes;C:\Users\Ric\.m2\repository\org\springframework\boot\spring-boot-starter-web\3.3.2\spring-boot-starter-web-3.3.2.jar;C:\Users\Ric\.m2\repository\org\springframework\boot\spring-boot-starter\3.3.2\spring-boot-starter-3.3.2.jar;C:\Users\Ric\.m2\repository\org\springframework\boot\spring-boot-starter-logging\3.3.2\spring-boot-starter-logging-3.3.2.jar;C:\Users\Ric\.m2\repository\ch\qos\logback\logback-classic\1.5.6\logback-classic-1.5.6.jar;C:\Users\Ric\.m2\repository\ch\qos\logback\logback-core\1.5.6\logback-core-1.5.6.jar;C:\Users\Ric\.m2\repository\org\apache\logging\log4j\log4j-to-slf4j\2.23.1\log4j-to-slf4j-2.23.1.jar;C:\Users\Ric\.m2\repository\org\apache\logging\log4j\log4j-api\2.23.1\log4j-api-2.23.1.jar;C:\Users\Ric\.m2\repository\org\slf4j\jul-to-slf4j\2.0.13\jul-to-slf4j-2.0.13.jar;C:\Users\Ric\.m2\repository\jakarta\annotation\jakarta.annotation-api\2.1.1\jakarta.annotation-api-2.1.1.jar;C:\Users\Ric\.m2\repository\org\yaml\snakeyaml\2.2\snakeyaml-2.2.jar;C:\Users\Ric\.m2\repository\org\springframework\boot\spring-boot-starter-json\3.3.2\spring-boot-starter-json-3.3.2.jar;C:\Users\Ric\.m2\repository\com\fasterxml\jackson\core\jackson-databind\2.17.2\jackson-databind-2.17.2.jar;C:\Users\Ric\.m2\repository\com\fasterxml\jackson\core\jackson-annotations\2.17.2\jackson-annotations-2.17.2.jar;C:\Users\Ric\.m2\repository\com\fasterxml\jackson\core\jackson-core\2.17.2\jackson-core-2.17.2.jar;C:\Users\Ric\.m2\repository\com\fasterxml\jackson\datatype\jackson-datatype-jdk8\2.17.2\jackson-datatype-jdk8-2.17.2.jar;C:\Users\Ric\.m2\repository\com\fasterxml\jackson\datatype\jackson-datatype-jsr310\2.17.2\jackson-datatype-jsr310-2.17.2.jar;C:\Users\Ric\.m2\repository\com\fasterxml\jackson\module\jackson-module-parameter-names\2.17.2\jackson-module-parameter-names-2.17.2.jar;C:\Users\Ric\.m2\repository\org\springframework\boot\spring-boot-starter-tomcat\3.3.2\spring-boot-starter-tomcat-3.3.2.jar;C:\Users\Ric\.m2\repository\org\apache\tomcat\embed\tomcat-embed-core\10.1.26\tomcat-embed-core-10.1.26.jar;C:\Users\Ric\.m2\repository\org\apache\tomcat\embed\tomcat-embed-el\10.1.26\tomcat-embed-el-10.1.26.jar;C:\Users\Ric\.m2\repository\org\apache\tomcat\embed\tomcat-embed-websocket\10.1.26\tomcat-embed-websocket-10.1.26.jar;C:\Users\Ric\.m2\repository\org\springframework\spring-web\6.1.11\spring-web-6.1.11.jar;C:\Users\Ric\.m2\repository\org\springframework\spring-beans\6.1.11\spring-beans-6.1.11.jar;C:\Users\Ric\.m2\repository\io\micrometer\micrometer-observation\1.13.2\micrometer-observation-1.13.2.jar;C:\Users\Ric\.m2\repository\io\micrometer\micrometer-commons\1.13.2\micrometer-commons-1.13.2.jar;C:\Users\Ric\.m2\repository\org\springframework\spring-webmvc\6.1.11\spring-webmvc-6.1.11.jar;C:\Users\Ric\.m2\repository\org\springframework\spring-context\6.1.11\spring-context-6.1.11.jar;C:\Users\Ric\.m2\repository\org\springframework\spring-expression\6.1.11\spring-expression-6.1.11.jar;C:\Users\Ric\.m2\repository\org\springframework\boot\spring-boot-starter-thymeleaf\3.3.2\spring-boot-starter-thymeleaf-3.3.2.jar;C:\Users\Ric\.m2\repository\org\thymeleaf\thymeleaf-spring6\3.1.2.RELEASE\thymeleaf-spring6-3.1.2.RELEASE.jar;C:\Users\Ric\.m2\repository\org\thymeleaf\thymeleaf\3.1.2.RELEASE\thymeleaf-3.1.2.RELEASE.jar;C:\Users\Ric\.m2\repository\org\attoparser\attoparser\2.0.7.RELEASE\attoparser-2.0.7.RELEASE.jar;C:\Users\Ric\.m2\repository\org\unbescape\unbescape\1.1.6.RELEASE\unbescape-1.1.6.RELEASE.jar;C:\Users\Ric\.m2\repository\org\slf4j\slf4j-api\2.0.13\slf4j-api-2.0.13.jar;C:\Users\Ric\.m2\repository\org\springframework\boot\spring-boot-starter-security\3.3.2\spring-boot-starter-security-3.3.2.jar;C:\Users\Ric\.m2\repository\org\springframework\spring-aop\6.1.11\spring-aop-6.1.11.jar;C:\Users\Ric\.m2\repository\org\springframework\security\spring-security-config\6.3.1\spring-security-config-6.3.1.jar;C:\Users\Ric\.m2\repository\org\springframework\security\spring-security-web\6.3.1\spring-security-web-6.3.1.jar;C:\Users\Ric\.m2\repository\org\springframework\boot\spring-boot-starter-data-jpa\3.3.2\spring-boot-starter-data-jpa-3.3.2.jar;C:\Users\Ric\.m2\repository\org\springframework\boot\spring-boot-starter-aop\3.3.2\spring-boot-starter-aop-3.3.2.jar;C:\Users\Ric\.m2\repository\org\aspectj\aspectjweaver\1.9.22.1\aspectjweaver-1.9.22.1.jar;C:\Users\Ric\.m2\repository\org\springframework\boot\spring-boot-starter-jdbc\3.3.2\spring-boot-starter-jdbc-3.3.2.jar;C:\Users\Ric\.m2\repository\com\zaxxer\HikariCP\5.1.0\HikariCP-5.1.0.jar;C:\Users\Ric\.m2\repository\org\springframework\spring-jdbc\6.1.11\spring-jdbc-6.1.11.jar;C:\Users\Ric\.m2\repository\org\hibernate\orm\hibernate-core\6.5.2.Final\hibernate-core-6.5.2.Final.jar;C:\Users\Ric\.m2\repository\jakarta\persistence\jakarta.persistence-api\3.1.0\jakarta.persistence-api-3.1.0.jar;C:\Users\Ric\.m2\repository\jakarta\transaction\jakarta.transaction-api\2.0.1\jakarta.transaction-api-2.0.1.jar;C:\Users\Ric\.m2\repository\org\jboss\logging\jboss-logging\3.5.3.Final\jboss-logging-3.5.3.Final.jar;C:\Users\Ric\.m2\repository\org\hibernate\common\hibernate-commons-annotations\6.0.6.Final\hibernate-commons-annotations-6.0.6.Final.jar;C:\Users\Ric\.m2\repository\io\smallrye\jandex\3.1.2\jandex-3.1.2.jar;C:\Users\Ric\.m2\repository\com\fasterxml\classmate\1.7.0\classmate-1.7.0.jar;C:\Users\Ric\.m2\repository\net\bytebuddy\byte-buddy\1.14.18\byte-buddy-1.14.18.jar;C:\Users\Ric\.m2\repository\org\glassfish\jaxb\jaxb-runtime\4.0.5\jaxb-runtime-4.0.5.jar;C:\Users\Ric\.m2\repository\org\glassfish\jaxb\jaxb-core\4.0.5\jaxb-core-4.0.5.jar;C:\Users\Ric\.m2\repository\org\eclipse\angus\angus-activation\2.0.2\angus-activation-2.0.2.jar;C:\Users\Ric\.m2\repository\org\glassfish\jaxb\txw2\4.0.5\txw2-4.0.5.jar;C:\Users\Ric\.m2\repository\com\sun\istack\istack-commons-runtime\4.1.2\istack-commons-runtime-4.1.2.jar;C:\Users\Ric\.m2\repository\jakarta\inject\jakarta.inject-api\2.0.1\jakarta.inject-api-2.0.1.jar;C:\Users\Ric\.m2\repository\org\antlr\antlr4-runtime\4.13.0\antlr4-runtime-4.13.0.jar;C:\Users\Ric\.m2\repository\org\springframework\data\spring-data-jpa\3.3.2\spring-data-jpa-3.3.2.jar;C:\Users\Ric\.m2\repository\org\springframework\data\spring-data-commons\3.3.2\spring-data-commons-3.3.2.jar;C:\Users\Ric\.m2\repository\org\springframework\spring-orm\6.1.11\spring-orm-6.1.11.jar;C:\Users\Ric\.m2\repository\org\springframework\spring-tx\6.1.11\spring-tx-6.1.11.jar;C:\Users\Ric\.m2\repository\org\springframework\spring-aspects\6.1.11\spring-aspects-6.1.11.jar;C:\Users\Ric\.m2\repository\org\postgresql\postgresql\42.7.3\postgresql-42.7.3.jar;C:\Users\Ric\.m2\repository\org\checkerframework\checker-qual\3.42.0\checker-qual-3.42.0.jar;C:\Users\Ric\.m2\repository\com\h2database\h2\2.2.224\h2-2.2.224.jar;C:\Users\Ric\.m2\repository\org\springframework\boot\spring-boot-devtools\3.3.2\spring-boot-devtools-3.3.2.jar;C:\Users\Ric\.m2\repository\org\springframework\boot\spring-boot\3.3.2\spring-boot-3.3.2.jar;C:\Users\Ric\.m2\repository\org\springframework\boot\spring-boot-autoconfigure\3.3.2\spring-boot-autoconfigure-3.3.2.jar;C:\Users\Ric\.m2\repository\jakarta\xml\bind\jakarta.xml.bind-api\4.0.2\jakarta.xml.bind-api-4.0.2.jar;C:\Users\Ric\.m2\repository\jakarta\activation\jakarta.activation-api\2.1.3\jakarta.activation-api-2.1.3.jar;C:\Users\Ric\.m2\repository\org\springframework\spring-core\6.1.11\spring-core-6.1.11.jar;C:\Users\Ric\.m2\repository\org\springframework\spring-jcl\6.1.11\spring-jcl-6.1.11.jar;C:\Users\Ric\.m2\repository\org\springframework\security\spring-security-core\6.3.1\spring-security-core-6.3.1.jar;C:\Users\Ric\.m2\repository\org\springframework\security\spring-security-crypto\6.3.1\spring-security-crypto-6.3.1.jar
Launcher Type: SUN_STANDARD

[Global flags]
     intx CICompilerCount                          = 3                                         {product} {ergonomic}
     uint ConcGCThreads                            = 1                                         {product} {ergonomic}
     uint G1ConcRefinementThreads                  = 4                                         {product} {ergonomic}
   size_t G1HeapRegionSize                         = 1048576                                   {product} {ergonomic}
    uintx GCDrainStackTargetSize                   = 64                                        {product} {ergonomic}
   size_t InitialHeapSize                          = 65011712                                  {product} {ergonomic}
   size_t MarkStackSize                            = 4194304                                   {product} {ergonomic}
   size_t MaxHeapSize                              = 1031798784                                {product} {ergonomic}
   size_t MaxNewSize                               = 618659840                                 {product} {ergonomic}
   size_t MinHeapDeltaBytes                        = 1048576                                   {product} {ergonomic}
   size_t MinHeapSize                              = 8388608                                   {product} {ergonomic}
    uintx NonNMethodCodeHeapSize                   = 5832780                                {pd product} {ergonomic}
    uintx NonProfiledCodeHeapSize                  = 122912730                              {pd product} {ergonomic}
    uintx ProfiledCodeHeapSize                     = 122912730                              {pd product} {ergonomic}
    uintx ReservedCodeCacheSize                    = 251658240                              {pd product} {ergonomic}
     bool SegmentedCodeCache                       = true                                      {product} {ergonomic}
   size_t SoftMaxHeapSize                          = 1031798784                             {manageable} {ergonomic}
     bool UseCompressedOops                        = true                           {product lp64_product} {ergonomic}
     bool UseG1GC                                  = true                                      {product} {ergonomic}
     bool UseLargePagesIndividualAllocation        = false                                  {pd product} {ergonomic}

Logging:
Log output configuration:
 #0: stdout all=warning uptime,level,tags foldmultilines=false
 #1: stderr all=off uptime,level,tags foldmultilines=false

Environment Variables:
PATH=C:\Program Files\Common Files\Oracle\Java\javapath;C:\Windows\system32;C:\Windows;C:\Windows\System32\Wbem;C:\Windows\System32\WindowsPowerShell\v1.0\;C:\Windows\System32\OpenSSH\;C:\Program Files\Microsoft SQL Server\150\Tools\Binn\;C:\Program Files\Git\bin;C:\Users\Ric\AppData\Roaming\nvm;C:\Program Files\nodejs;C:\Program Files\Docker\Docker\resources\bin;C:\Users\Ric\AppData\Local\Programs\Python\Python311\Scripts\;C:\Users\Ric\AppData\Local\Programs\Python\Python311\;C:\Users\Ric\AppData\Local\Microsoft\WindowsApps;C:\Users\Ric\.dotnet\tools;C:\Users\Ric\AppData\Local\Programs\Microsoft VS Code\bin;C:\dev\flutter\bin;C:\Users\Ric\AppData\Roaming\npm;C:\Users\Ric\AppData\Roaming\nvm;C:\Program Files\nodejs;C:\Users\Ric\AppData\Local\JetBrains\Toolbox\scripts;C:\Users\Ric\modelio\Modelio Open Source 5.4\plugins\org.apache.ant_1.10.9.v20201106-1946\META-INF;C:\Users\Ric\Documents\projects\work\biblio;C:\Program Files\PostgreSQL\16\bin;
USERNAME=Ric
OS=Windows_NT
PROCESSOR_IDENTIFIER=Intel64 Family 6 Model 58 Stepping 9, GenuineIntel
TMP=C:\Users\Ric\AppData\Local\Temp
TEMP=C:\Users\Ric\AppData\Local\Temp




Periodic native trim disabled

---------------  S Y S T E M  ---------------

OS:
 Windows 10 , 64 bit Build 19041 (10.0.19041.4717)
OS uptime: 0 days 22:25 hours
Hyper-V role detected

CPU: total 4 (initial active 4) (2 cores per cpu, 2 threads per core) family 6 model 58 stepping 9 microcode 0x21, cx8, cmov, fxsr, ht, mmx, sse, sse2, sse3, ssse3, sse4.1, sse4.2, popcnt, tsc, tscinvbit, avx, aes, erms, clmul, vzeroupper, clflush, hv, rdtscp, f16c
Processor Information for all 4 processors :
  Max Mhz: 2501, Current Mhz: 2100, Mhz Limit: 2075

Memory: 4k page, system-wide physical 3933M (260M free)
TotalPageFile size 8109M (AvailPageFile size 5M)
current process WorkingSet (physical memory assigned to process): 218M, peak: 218M
current process commit charge ("private bytes"): 249M, peak: 251M

vm_info: Java HotSpot(TM) 64-Bit Server VM (21.0.4+8-LTS-274) for windows-amd64 JRE (21.0.4+8-LTS-274), built on 2024-06-05T05:23:33Z by "mach5one" with MS VC++ 17.6 (VS2022)

END.
