#
# There is insufficient memory for the Java Runtime Environment to continue.
# Native memory allocation (mmap) failed to map 65536 bytes for Failed to commit metaspace.
# Possible reasons:
#   The system is out of physical RAM or swap space
#   The process is running with CompressedOops enabled, and the Java Heap may be blocking the growth of the native heap
# Possible solutions:
#   Reduce memory load on the system
#   Increase physical memory or swap space
#   Check if swap backing store is full
#   Decrease Java heap size (-Xmx/-Xms)
#   Decrease number of Java threads
#   Decrease Java thread stack sizes (-Xss)
#   Set larger code cache with -XX:ReservedCodeCacheSize=
#   JVM is running with Unscaled Compressed Oops mode in which the Java heap is
#     placed in the first 4GB address space. The Java Heap base address is the
#     maximum limit for the native heap growth. Please use -XX:HeapBaseMinAddress
#     to set the Java Heap base and to place the Java Heap above 4GB virtual address.
# This output file may be truncated or incomplete.
#
#  Out of Memory Error (virtualSpaceNode.cpp:112), pid=3940, tid=3344
#
# JRE version: Java(TM) SE Runtime Environment (21.0.4+8) (build 21.0.4+8-LTS-274)
# Java VM: Java HotSpot(TM) 64-Bit Server VM (21.0.4+8-LTS-274, mixed mode, sharing, tiered, compressed oops, compressed class ptrs, g1 gc, windows-amd64)
# No core dump will be written. Minidumps are not enabled by default on client versions of Windows
#

---------------  S U M M A R Y ------------

Command Line: -javaagent:C:\Users\Ric\AppData\Local\Programs\IntelliJ IDEA Community Edition\lib\idea_rt.jar=9266:C:\Users\Ric\AppData\Local\Programs\IntelliJ IDEA Community Edition\bin -Dfile.encoding=UTF-8 -Dsun.stdout.encoding=UTF-8 -Dsun.stderr.encoding=UTF-8 com.hasinarezida.biblio.BiblioApplication

Host: Intel(R) Core(TM) i5-3210M CPU @ 2.50GHz, 4 cores, 3G,  Windows 10 , 64 bit Build 19041 (10.0.19041.4717)
Time: Sun Sep  1 22:01:59 2024 E. Africa Standard Time elapsed time: 4.393229 seconds (0d 0h 0m 4s)

---------------  T H R E A D  ---------------

Current thread (0x000002027050a550):  JavaThread "restartedMain"        [_thread_in_vm, id=3344, stack(0x0000000f7d500000,0x0000000f7d600000) (1024K)]

Stack: [0x0000000f7d500000,0x0000000f7d600000]
Native frames: (J=compiled Java code, j=interpreted, Vv=VM code, C=native code)
V  [jvm.dll+0x6c8e59]
V  [jvm.dll+0x853181]
V  [jvm.dll+0x8556ae]
V  [jvm.dll+0x855d83]
V  [jvm.dll+0x27d526]
V  [jvm.dll+0x84edae]
V  [jvm.dll+0x66cc05]
V  [jvm.dll+0x1e3afc]
V  [jvm.dll+0x1e38ce]
V  [jvm.dll+0x66f533]
V  [jvm.dll+0x66f352]
V  [jvm.dll+0x66d5de]
V  [jvm.dll+0x268d30]
V  [jvm.dll+0x2151f7]
V  [jvm.dll+0x20ab4e]
V  [jvm.dll+0x5ac19c]
V  [jvm.dll+0x7cd4b6]
V  [jvm.dll+0x46faf6]
V  [jvm.dll+0x475978]
C  [java.dll+0x17ec]

Java frames: (J=compiled Java code, j=interpreted, Vv=VM code)
J 1162  java.lang.ClassLoader.defineClass1(Ljava/lang/ClassLoader;Ljava/lang/String;[BIILjava/security/ProtectionDomain;Ljava/lang/String;)Ljava/lang/Class; java.base@21.0.4 (0 bytes) @ 0x00000202604e36f1 [0x00000202604e3620+0x00000000000000d1]
J 1168 c1 java.lang.ClassLoader.defineClass(Ljava/lang/String;[BIILjava/security/ProtectionDomain;)Ljava/lang/Class; java.base@21.0.4 (43 bytes) @ 0x0000020258bbcc7c [0x0000020258bbc920+0x000000000000035c]
J 1167 c1 java.security.SecureClassLoader.defineClass(Ljava/lang/String;[BIILjava/security/CodeSource;)Ljava/lang/Class; java.base@21.0.4 (16 bytes) @ 0x0000020258bbc51c [0x0000020258bbc440+0x00000000000000dc]
J 931 c1 jdk.internal.loader.BuiltinClassLoader.defineClass(Ljava/lang/String;Ljdk/internal/loader/Resource;)Ljava/lang/Class; java.base@21.0.4 (121 bytes) @ 0x0000020258b438a4 [0x0000020258b42920+0x0000000000000f84]
J 1038 c1 jdk.internal.loader.BuiltinClassLoader.findClassOnClassPathOrNull(Ljava/lang/String;)Ljava/lang/Class; java.base@21.0.4 (64 bytes) @ 0x0000020258b76484 [0x0000020258b75780+0x0000000000000d04]
J 502 c1 jdk.internal.loader.BuiltinClassLoader.loadClassOrNull(Ljava/lang/String;Z)Ljava/lang/Class; java.base@21.0.4 (143 bytes) @ 0x0000020258a66644 [0x0000020258a65be0+0x0000000000000a64]
J 802 c1 jdk.internal.loader.ClassLoaders$AppClassLoader.loadClass(Ljava/lang/String;Z)Ljava/lang/Class; java.base@21.0.4 (40 bytes) @ 0x0000020258ae9ec4 [0x0000020258ae9ce0+0x00000000000001e4]
J 905 c1 java.lang.ClassLoader.loadClass(Ljava/lang/String;)Ljava/lang/Class; java.base@21.0.4 (7 bytes) @ 0x0000020258b32d54 [0x0000020258b32c40+0x0000000000000114]
v  ~StubRoutines::call_stub 0x000002025fee100d
j  org.springframework.beans.GenericTypeAwarePropertyDescriptor.<init>(Ljava/lang/Class;Ljava/lang/String;Ljava/lang/reflect/Method;Ljava/lang/reflect/Method;Ljava/lang/Class;)V+238
j  org.springframework.beans.CachedIntrospectionResults.buildGenericTypeAwarePropertyDescriptor(Ljava/lang/Class;Ljava/beans/PropertyDescriptor;)Ljava/beans/PropertyDescriptor;+21
j  org.springframework.beans.CachedIntrospectionResults.<init>(Ljava/lang/Class;)V+298
j  org.springframework.beans.CachedIntrospectionResults.forClass(Ljava/lang/Class;)Lorg/springframework/beans/CachedIntrospectionResults;+43
j  org.springframework.beans.BeanWrapperImpl.getCachedIntrospectionResults()Lorg/springframework/beans/CachedIntrospectionResults;+12
j  org.springframework.beans.BeanWrapperImpl.getPropertyDescriptor(Ljava/lang/String;)Ljava/beans/PropertyDescriptor;+17
j  org.springframework.beans.factory.support.AbstractAutowireCapableBeanFactory.isConvertibleProperty(Ljava/lang/String;Lorg/springframework/beans/BeanWrapper;)Z+9
j  org.springframework.beans.factory.support.AbstractAutowireCapableBeanFactory.applyPropertyValues(Ljava/lang/String;Lorg/springframework/beans/factory/config/BeanDefinition;Lorg/springframework/beans/BeanWrapper;Lorg/springframework/beans/PropertyValues;)V+287
j  org.springframework.beans.factory.support.AbstractAutowireCapableBeanFactory.populateBean(Ljava/lang/String;Lorg/springframework/beans/factory/support/RootBeanDefinition;Lorg/springframework/beans/BeanWrapper;)V+351
j  org.springframework.beans.factory.support.AbstractAutowireCapableBeanFactory.doCreateBean(Ljava/lang/String;Lorg/springframework/beans/factory/support/RootBeanDefinition;[Ljava/lang/Object;)Ljava/lang/Object;+220
j  org.springframework.beans.factory.support.AbstractAutowireCapableBeanFactory.createBean(Ljava/lang/String;Lorg/springframework/beans/factory/support/RootBeanDefinition;[Ljava/lang/Object;)Ljava/lang/Object;+153
j  org.springframework.beans.factory.support.AbstractBeanFactory.lambda$doGetBean$0(Ljava/lang/String;Lorg/springframework/beans/factory/support/RootBeanDefinition;[Ljava/lang/Object;)Ljava/lang/Object;+4
j  org.springframework.beans.factory.support.AbstractBeanFactory$$Lambda+0x00000202011cecd8.getObject()Ljava/lang/Object;+16
j  org.springframework.beans.factory.support.DefaultSingletonBeanRegistry.getSingleton(Ljava/lang/String;Lorg/springframework/beans/factory/ObjectFactory;)Ljava/lang/Object;+114
j  org.springframework.beans.factory.support.AbstractBeanFactory.doGetBean(Ljava/lang/String;Ljava/lang/Class;[Ljava/lang/Object;Z)Ljava/lang/Object;+476
j  org.springframework.beans.factory.support.AbstractBeanFactory.getBean(Ljava/lang/String;Ljava/lang/Class;)Ljava/lang/Object;+5
j  org.springframework.context.support.PostProcessorRegistrationDelegate.invokeBeanFactoryPostProcessors(Lorg/springframework/beans/factory/config/ConfigurableListableBeanFactory;Ljava/util/List;)V+184
j  org.springframework.context.support.AbstractApplicationContext.invokeBeanFactoryPostProcessors(Lorg/springframework/beans/factory/config/ConfigurableListableBeanFactory;)V+5
j  org.springframework.context.support.AbstractApplicationContext.refresh()V+62
j  org.springframework.boot.web.servlet.context.ServletWebServerApplicationContext.refresh()V+1
j  org.springframework.boot.SpringApplication.refresh(Lorg/springframework/context/ConfigurableApplicationContext;)V+1
j  org.springframework.boot.SpringApplication.refreshContext(Lorg/springframework/context/ConfigurableApplicationContext;)V+16
j  org.springframework.boot.SpringApplication.run([Ljava/lang/String;)Lorg/springframework/context/ConfigurableApplicationContext;+110
j  org.springframework.boot.SpringApplication.run([Ljava/lang/Class;[Ljava/lang/String;)Lorg/springframework/context/ConfigurableApplicationContext;+9
j  org.springframework.boot.SpringApplication.run(Ljava/lang/Class;[Ljava/lang/String;)Lorg/springframework/context/ConfigurableApplicationContext;+9
j  com.hasinarezida.biblio.BiblioApplication.main([Ljava/lang/String;)V+3
j  java.lang.invoke.LambdaForm$DMH+0x0000020201006000.invokeStatic(Ljava/lang/Object;Ljava/lang/Object;)V+10 java.base@21.0.4
j  java.lang.invoke.LambdaForm$MH+0x0000020201094c00.invoke(Ljava/lang/Object;Ljava/lang/Object;Ljava/lang/Object;)Ljava/lang/Object;+33 java.base@21.0.4
j  java.lang.invoke.Invokers$Holder.invokeExact_MT(Ljava/lang/Object;Ljava/lang/Object;Ljava/lang/Object;Ljava/lang/Object;)Ljava/lang/Object;+20 java.base@21.0.4
j  jdk.internal.reflect.DirectMethodHandleAccessor.invokeImpl(Ljava/lang/Object;[Ljava/lang/Object;)Ljava/lang/Object;+55 java.base@21.0.4
j  jdk.internal.reflect.DirectMethodHandleAccessor.invoke(Ljava/lang/Object;[Ljava/lang/Object;)Ljava/lang/Object;+23 java.base@21.0.4
j  java.lang.reflect.Method.invoke(Ljava/lang/Object;[Ljava/lang/Object;)Ljava/lang/Object;+102 java.base@21.0.4
j  org.springframework.boot.devtools.restart.RestartLauncher.run()V+47
v  ~StubRoutines::call_stub 0x000002025fee100d

Compiled method (n/a)    4492 1162     n 0       java.lang.ClassLoader::defineClass1 (native)
 total in heap  [0x00000202604e3490,0x00000202604e3ad0] = 1600
 relocation     [0x00000202604e35e8,0x00000202604e3620] = 56
 main code      [0x00000202604e3620,0x00000202604e3acf] = 1199
 stub code      [0x00000202604e3acf,0x00000202604e3ad0] = 1

[Constant Pool (empty)]

[MachCode]
[Entry Point]
  # {method} {0x000002020043ce68} 'defineClass1' '(Ljava/lang/ClassLoader;Ljava/lang/String;[BIILjava/security/ProtectionDomain;Ljava/lang/String;)Ljava/lang/Class;' in 'java/lang/ClassLoader'
  # parm0:    rdx:rdx   = 'java/lang/ClassLoader'
  # parm1:    r8:r8     = 'java/lang/String'
  # parm2:    r9:r9     = '[B'
  # parm3:    rdi       = int
  # parm4:    rsi       = int
  # parm5:    rcx:rcx   = 'java/security/ProtectionDomain'
  # parm6:    [sp+0xa0]   = 'java/lang/String'  (sp of caller)
  0x00000202604e3620: 448b 5208 | 49bb 0000 | 0000 0202 | 0000 4d03 | d349 3bc2 | 0f84 0600 

  0x00000202604e3638: ;   {runtime_call ic_miss_stub}
  0x00000202604e3638: 0000 e941 | b1a4 ff90 
[Verified Entry Point]
  0x00000202604e3640: 8984 2400 | 80ff ff55 | 488b ec48 | 81ec 9000 | 0000 6690 | 4181 7f20 | 0100 0000 

  0x00000202604e365c: ;   {runtime_call StubRoutines (final stubs)}
  0x00000202604e365c: 7405 e8fd | 17a3 ff48 | 837d 1000 | 488d 4510 | 480f 4445 | 1048 8944 | 2440 4889 | 4c24 7048 
  0x00000202604e367c: 83f9 0048 | 8d44 2470 | 480f 4444 | 2470 4889 | 4424 3848 | 8974 2430 | 4889 7c24 | 284c 894c 
  0x00000202604e369c: 2458 4983 | f900 488d | 4424 5848 | 0f44 4424 | 5848 8944 | 2420 4c89 | 4424 5049 | 83f8 004c 
  0x00000202604e36bc: 8d4c 2450 | 4c0f 444c | 2450 4889 | 5424 4848 | 83fa 004c | 8d44 2448 | 4c0f 4444 

  0x00000202604e36d8: ;   {oop(a 'java/lang/Class'{0x00000000c2cdfbc8} = 'java/lang/ClassLoader')}
  0x00000202604e36d8: 2448 49be | c8fb cdc2 | 0000 0000 | 4c89 7424 | 784c 8d74 | 2478 498b | d6c5 f877 

  0x00000202604e36f4: ;   {internal_word}
  0x00000202604e36f4: 49ba f136 | 4e60 0202 | 0000 4d89 | 97a0 0300 | 0049 89a7 | 9803 0000 

  0x00000202604e370c: ;   {external_word}
  0x00000202604e370c: 49ba e0f7 | 2244 fa7f | 0000 4180 | 3a00 0f84 | 4e00 0000 | 5241 5041 

  0x00000202604e3724: ;   {metadata({method} {0x000002020043ce68} 'defineClass1' '(Ljava/lang/ClassLoader;Ljava/lang/String;[BIILjava/security/ProtectionDomain;Ljava/lang/String;)Ljava/lang/Class;' in 'java/lang/ClassLoader')}
  0x00000202604e3724: 5148 ba60 | ce43 0002 | 0200 0049 | 8bcf 4883 | ec20 40f6 | c40f 0f84 | 1900 0000 | 4883 ec08 
  0x00000202604e3744: ;   {runtime_call}
  0x00000202604e3744: 48b8 d0ec | d343 fa7f | 0000 ffd0 | 4883 c408 | e90c 0000 

  0x00000202604e3758: ;   {runtime_call}
  0x00000202604e3758: 0048 b8d0 | ecd3 43fa | 7f00 00ff | d048 83c4 | 2041 5941 | 585a 498d | 8fb8 0300 | 0041 c787 
  0x00000202604e3778: 4c04 0000 | 0400 0000 

  0x00000202604e3780: ;   {runtime_call}
  0x00000202604e3780: 48b8 ac16 | 1d6f fa7f | 0000 ffd0 | c5f8 7741 | c787 4c04 | 0000 0500 | 0000 f083 | 4424 c000 
  0x00000202604e37a0: 493b af50 | 0400 000f | 870e 0000 | 0041 83bf | 4804 0000 | 000f 842b | 0000 00c5 | f877 4889 
  0x00000202604e37c0: 45f8 498b | cf4c 8be4 | 4883 ec20 | 4883 e4f0 

  0x00000202604e37d0: ;   {runtime_call}
  0x00000202604e37d0: 48b8 c0a0 | 9f43 fa7f | 0000 ffd0 | 498b e44d | 33e4 488b | 45f8 41c7 | 874c 0400 | 0008 0000 
  0x00000202604e37f0: 0041 83bf | c804 0000 | 020f 84a3 

  0x00000202604e37fc: ;   {external_word}
  0x00000202604e37fc: 0200 0049 | bae0 f722 | 44fa 7f00 | 0041 803a | 000f 844c | 0000 0048 

  0x00000202604e3814: ;   {metadata({method} {0x000002020043ce68} 'defineClass1' '(Ljava/lang/ClassLoader;Ljava/lang/String;[BIILjava/security/ProtectionDomain;Ljava/lang/String;)Ljava/lang/Class;' in 'java/lang/ClassLoader')}
  0x00000202604e3814: 8945 f848 | ba60 ce43 | 0002 0200 | 0049 8bcf | 4883 ec20 | 40f6 c40f | 0f84 1900 | 0000 4883 
  0x00000202604e3834: ;   {runtime_call}
  0x00000202604e3834: ec08 48b8 | d0ec d343 | fa7f 0000 | ffd0 4883 | c408 e90c 

  0x00000202604e3848: ;   {runtime_call}
  0x00000202604e3848: 0000 0048 | b8d0 ecd3 | 43fa 7f00 | 00ff d048 | 83c4 2048 | 8b45 f849 | c787 9803 | 0000 0000 
  0x00000202604e3868: 0000 49c7 | 87a0 0300 | 0000 0000 | 00c5 f877 | 4885 c00f | 84fe 0100 | 00a8 030f | 8508 0000 
  0x00000202604e3888: 0048 8b00 | e9ee 0100 | 00a8 010f | 8509 0000 | 0048 8b40 | fee9 dd01 | 0000 488b | 40ff 4180 
  0x00000202604e38a8: 7f40 000f | 84ce 0100 | 0048 83f8 | 000f 84c4 | 0100 0049 | 8b4f 2848 | 83f9 000f | 8414 0000 
  0x00000202604e38c8: 0048 83e9 | 0849 894f | 2849 034f | 3848 8901 | e9a2 0100 | 0048 81ec | d000 0000 | 4889 0424 
  0x00000202604e38e8: 4889 4c24 | 0848 8954 | 2410 4889 | 7424 1848 | 897c 2420 | 4c89 4424 | 284c 894c | 2430 4c89 
  0x00000202604e3908: 5424 384c | 895c 2440 | c5fb 1144 | 2450 c5fb | 114c 2458 | c5fb 1154 | 2460 c5fb | 115c 2468 
  0x00000202604e3928: c5fb 1164 | 2470 c5fb | 116c 2478 | c5fb 11b4 | 2480 0000 | 00c5 fb11 | bc24 8800 | 0000 c57b 
  0x00000202604e3948: ;   {no_reloc}
  0x00000202604e3948: 1184 2490 | 0000 00c5 | 7b11 8c24 | 9800 0000 | c57b 1194 | 24a0 0000 | 00c5 7b11 | 9c24 a800 
  0x00000202604e3968: 0000 c57b | 11a4 24b0 | 0000 00c5 | 7b11 ac24 | b800 0000 | c57b 11b4 | 24c0 0000 | 00c5 7b11 
  0x00000202604e3988: bc24 c800 | 0000 498b | d748 8bc8 | 4883 ec20 | 40f6 c40f | 0f84 1900 | 0000 4883 

  0x00000202604e39a4: ;   {runtime_call}
  0x00000202604e39a4: ec08 48b8 | c0e2 9243 | fa7f 0000 | ffd0 4883 | c408 e90c 

  0x00000202604e39b8: ;   {runtime_call}
  0x00000202604e39b8: 0000 0048 | b8c0 e292 | 43fa 7f00 | 00ff d048 | 83c4 20c5 | 7b10 bc24 | c800 0000 | c57b 10b4 
  0x00000202604e39d8: 24c0 0000 | 00c5 7b10 | ac24 b800 | 0000 c57b | 10a4 24b0 | 0000 00c5 | 7b10 9c24 | a800 0000 
  0x00000202604e39f8: c57b 1094 | 24a0 0000 | 00c5 7b10 | 8c24 9800 | 0000 c57b | 1084 2490 | 0000 00c5 | fb10 bc24 
  0x00000202604e3a18: 8800 0000 | c5fb 10b4 | 2480 0000 | 00c5 fb10 | 6c24 78c5 | fb10 6424 | 70c5 fb10 | 5c24 68c5 
  0x00000202604e3a38: fb10 5424 | 60c5 fb10 | 4c24 58c5 | fb10 4424 | 504c 8b5c | 2440 4c8b | 5424 384c | 8b4c 2430 
  0x00000202604e3a58: 4c8b 4424 | 2848 8b7c | 2420 488b | 7424 1848 | 8b54 2410 | 488b 4c24 | 0848 8b04 | 2448 81c4 
  0x00000202604e3a78: d000 0000 | c5f8 7749 | 8b8f 2804 | 0000 c781 | 0001 0000 | 0000 0000 | c949 837f | 0800 0f85 
  0x00000202604e3a98: 0100 0000 

  0x00000202604e3a9c: ;   {runtime_call StubRoutines (initial stubs)}
  0x00000202604e3a9c: c3e9 5ed4 | 9fff c5f8 | 7748 8945 | f84c 8be4 | 4883 ec20 | 4883 e4f0 

  0x00000202604e3ab4: ;   {runtime_call}
  0x00000202604e3ab4: 48b8 c024 | d443 fa7f | 0000 ffd0 | 498b e44d | 33e4 488b | 45f8 e930 | fdff fff4 
[/MachCode]


Compiled method (c1)    4507 1168       3       java.lang.ClassLoader::defineClass (43 bytes)
 total in heap  [0x0000020258bbc710,0x0000020258bbd068] = 2392
 relocation     [0x0000020258bbc868,0x0000020258bbc908] = 160
 main code      [0x0000020258bbc920,0x0000020258bbcdc0] = 1184
 stub code      [0x0000020258bbcdc0,0x0000020258bbce38] = 120
 metadata       [0x0000020258bbce38,0x0000020258bbce68] = 48
 scopes data    [0x0000020258bbce68,0x0000020258bbcf58] = 240
 scopes pcs     [0x0000020258bbcf58,0x0000020258bbd038] = 224
 dependencies   [0x0000020258bbd038,0x0000020258bbd040] = 8
 nul chk table  [0x0000020258bbd040,0x0000020258bbd068] = 40

[Constant Pool (empty)]

[MachCode]
[Entry Point]
  # {method} {0x000002020043d1e8} 'defineClass' '(Ljava/lang/String;[BIILjava/security/ProtectionDomain;)Ljava/lang/Class;' in 'java/lang/ClassLoader'
  # this:     rdx:rdx   = 'java/lang/ClassLoader'
  # parm0:    r8:r8     = 'java/lang/String'
  # parm1:    r9:r9     = '[B'
  # parm2:    rdi       = int
  # parm3:    rsi       = int
  # parm4:    rcx:rcx   = 'java/security/ProtectionDomain'
  #           [sp+0xc0]  (sp of caller)
  0x0000020258bbc920: 448b 5208 | 49bb 0000 | 0000 0202 | 0000 4d03 | d34c 3bd0 

  0x0000020258bbc934: ;   {runtime_call ic_miss_stub}
  0x0000020258bbc934: 0f85 461e | 3707 660f | 1f44 0000 
[Verified Entry Point]
  0x0000020258bbc940: 8984 2400 | 80ff ff55 | 4881 ecb0 | 0000 0090 | 4181 7f20 | 0100 0000 

  0x0000020258bbc958: ;   {runtime_call StubRoutines (final stubs)}
  0x0000020258bbc958: 7405 e801 | 8535 0748 | 8954 2478 

  0x0000020258bbc964: ;   {metadata(method data for {method} {0x000002020043d1e8} 'defineClass' '(Ljava/lang/String;[BIILjava/security/ProtectionDomain;)Ljava/lang/Class;' in 'java/lang/ClassLoader')}
  0x0000020258bbc964: 48bb c083 | 2c6c 0202 | 0000 8b83 | cc00 0000 | 83c0 0289 | 83cc 0000 | 0025 fe07 | 0000 85c0 
  0x0000020258bbc984: 0f84 5803 | 0000 89b4 | 2494 0000 | 0089 bc24 | 9000 0000 | 4c89 8c24 | 8800 0000 

  0x0000020258bbc9a0: ;   {metadata(method data for {method} {0x000002020043d1e8} 'defineClass' '(Ljava/lang/String;[BIILjava/security/ProtectionDomain;)Ljava/lang/Class;' in 'java/lang/ClassLoader')}
  0x0000020258bbc9a0: 488b da48 | b8c0 832c | 6c02 0200 | 0048 8380 | 1001 0000 | 0149 8bd8 | 4c8b c34c | 8bc9 488b 
  0x0000020258bbc9c0: ca48 8bd1 | 4889 9c24 | 8000 0000 

  0x0000020258bbc9cc: ;   {optimized virtual_call}
  0x0000020258bbc9cc: 6666 90e8 

  0x0000020258bbc9d0: ; ImmutableOopMap {[120]=Oop [128]=Oop [136]=Oop }
                      ;*invokevirtual preDefineClass {reexecute=0 rethrow=0 return_oop=0}
                      ; - java.lang.ClassLoader::defineClass@4 (line 1025)
  0x0000020258bbc9d0: cc8d ffff 

  0x0000020258bbc9d4: ;   {other}
  0x0000020258bbc9d4: 0f1f 8400 | c402 0000 | 4889 8424 | 9800 0000 | 488b 5424 

  0x0000020258bbc9e8: ;   {metadata(method data for {method} {0x000002020043d1e8} 'defineClass' '(Ljava/lang/String;[BIILjava/security/ProtectionDomain;)Ljava/lang/Class;' in 'java/lang/ClassLoader')}
  0x0000020258bbc9e8: 7849 b8c0 | 832c 6c02 | 0200 0049 | 8380 4801 

  0x0000020258bbc9f8: ;   {metadata(method data for {method} {0x000002020043ced0} 'defineClassSourceLocation' '(Ljava/security/ProtectionDomain;)Ljava/lang/String;' in 'java/lang/ClassLoader')}
  0x0000020258bbc9f8: 0000 0149 | b8a0 6f2c | 6c02 0200 | 0041 8b90 | cc00 0000 | 83c2 0241 | 8990 cc00 | 0000 81e2 
  0x0000020258bbca18: feff 1f00 | 85d2 0f84 | df02 0000 

  0x0000020258bbca24: ; implicit exception: dispatches to 0x0000020258bbcd24
  0x0000020258bbca24: 483b 004c 

  0x0000020258bbca28: ;   {metadata(method data for {method} {0x000002020043ced0} 'defineClassSourceLocation' '(Ljava/security/ProtectionDomain;)Ljava/lang/String;' in 'java/lang/ClassLoader')}
  0x0000020258bbca28: 8bc0 48ba | a06f 2c6c | 0202 0000 | 4883 8210 | 0100 0001 | 448b 4010 

  0x0000020258bbca40: ;   {metadata(method data for {method} {0x000002020043ced0} 'defineClassSourceLocation' '(Ljava/security/ProtectionDomain;)Ljava/lang/String;' in 'java/lang/ClassLoader')}
  0x0000020258bbca40: 4d85 c048 | baa0 6f2c | 6c02 0200 | 0048 be58 | 0100 0000 | 0000 0075 | 0a48 be48 | 0100 0000 
  0x0000020258bbca60: 0000 0048 | 8b3c 3248 | 8d7f 0148 | 893c 320f | 850f 0000 

  0x0000020258bbca74: ;   {oop(nullptr)}
  0x0000020258bbca74: 0048 bb00 | 0000 0000 | 0000 00e9 | a301 0000 

  0x0000020258bbca84: ; implicit exception: dispatches to 0x0000020258bbcd29
  0x0000020258bbca84: 493b 0049 

  0x0000020258bbca88: ;   {metadata(method data for {method} {0x000002020043ced0} 'defineClassSourceLocation' '(Ljava/security/ProtectionDomain;)Ljava/lang/String;' in 'java/lang/ClassLoader')}
  0x0000020258bbca88: 8bd0 48be | a06f 2c6c | 0202 0000 | 4883 8668 | 0100 0001 | 418b 500c 

  0x0000020258bbcaa0: ;   {metadata(method data for {method} {0x000002020043ced0} 'defineClassSourceLocation' '(Ljava/security/ProtectionDomain;)Ljava/lang/String;' in 'java/lang/ClassLoader')}
  0x0000020258bbcaa0: 4885 d248 | bea0 6f2c | 6c02 0200 | 0048 bfb0 | 0100 0000 | 0000 0075 | 0a48 bfa0 | 0100 0000 
  0x0000020258bbcac0: 0000 0048 | 8b1c 3e48 | 8d5b 0148 | 891c 3e0f | 850f 0000 

  0x0000020258bbcad4: ;   {oop(nullptr)}
  0x0000020258bbcad4: 0048 bb00 | 0000 0000 | 0000 00e9 | 4301 0000 

  0x0000020258bbcae4: ;   {metadata(method data for {method} {0x000002020043ced0} 'defineClassSourceLocation' '(Ljava/security/ProtectionDomain;)Ljava/lang/String;' in 'java/lang/ClassLoader')}
  0x0000020258bbcae4: 48be a06f | 2c6c 0202 | 0000 4883 | 86c0 0100 | 0001 483b | 024c 8bc2 

  0x0000020258bbcafc: ;   {metadata(method data for {method} {0x000002020043ced0} 'defineClassSourceLocation' '(Ljava/security/ProtectionDomain;)Ljava/lang/String;' in 'java/lang/ClassLoader')}
  0x0000020258bbcafc: 48be a06f | 2c6c 0202 | 0000 4883 | 86f8 0100 

  0x0000020258bbcb0c: ;   {metadata(method data for {method} {0x000002020001aa98} 'toString' '()Ljava/lang/String;' in 'java/net/URL')}
  0x0000020258bbcb0c: 0001 49b8 | 40a4 216c | 0202 0000 | 418b b0cc | 0000 0083 | c602 4189 | b0cc 0000 | 0081 e6fe 
  0x0000020258bbcb2c: ff1f 0085 | f60f 84fc | 0100 004c 

  0x0000020258bbcb38: ;   {metadata(method data for {method} {0x000002020001aa98} 'toString' '()Ljava/lang/String;' in 'java/net/URL')}
  0x0000020258bbcb38: 8bc2 48be | 40a4 216c | 0202 0000 | 4883 8610 | 0100 0001 

  0x0000020258bbcb4c: ;   {metadata(method data for {method} {0x0000020200430ae8} 'toExternalForm' '()Ljava/lang/String;' in 'java/net/URL')}
  0x0000020258bbcb4c: 49b8 c8a5 | 216c 0202 | 0000 418b | b0cc 0000 | 0083 c602 | 4189 b0cc | 0000 0081 | e6fe ff1f 
  0x0000020258bbcb6c: 0085 f60f | 84df 0100 | 008b 7238 

  0x0000020258bbcb78: ; implicit exception: dispatches to 0x0000020258bbcd75
  0x0000020258bbcb78: 483b 064c 

  0x0000020258bbcb7c: ;   {metadata(method data for {method} {0x0000020200430ae8} 'toExternalForm' '()Ljava/lang/String;' in 'java/net/URL')}
  0x0000020258bbcb7c: 8bc6 48bf | c8a5 216c | 0202 0000 | 458b 4008 | 49ba 0000 | 0000 0202 | 0000 4d03 | c24c 3b87 
  0x0000020258bbcb9c: 2001 0000 | 750d 4883 | 8728 0100 | 0001 e960 | 0000 004c | 3b87 3001 | 0000 750d | 4883 8738 
  0x0000020258bbcbbc: 0100 0001 | e94a 0000 | 0048 83bf | 2001 0000 | 0075 174c | 8987 2001 | 0000 48c7 | 8728 0100 
  0x0000020258bbcbdc: 0001 0000 | 00e9 2900 | 0000 4883 | bf30 0100 | 0000 7517 | 4c89 8730 | 0100 0048 | c787 3801 
  0x0000020258bbcbfc: 0000 0100 | 0000 e908 | 0000 0048 | 8387 1001 | 0000 014c | 8bc2 488b 

  0x0000020258bbcc14: ;   {optimized virtual_call}
  0x0000020258bbcc14: d666 90e8 

  0x0000020258bbcc18: ; ImmutableOopMap {[120]=Oop [128]=Oop [136]=Oop [152]=Oop }
                      ;*invokevirtual toExternalForm {reexecute=0 rethrow=0 return_oop=0}
                      ; - java.net.URL::toExternalForm@5 (line 1203)
                      ; - java.net.URL::toString@1 (line 1189)
                      ; - java.lang.ClassLoader::defineClassSourceLocation@22 (line 927)
                      ; - java.lang.ClassLoader::defineClass@12 (line 1026)
  0x0000020258bbcc18: 64ee fcff 

  0x0000020258bbcc1c: ;   {other}
  0x0000020258bbcc1c: 0f1f 8400 | 0c05 0001 | 488b d848 | 8b84 2498 | 0000 008b | b424 9400 | 0000 8bbc | 2490 0000 
  0x0000020258bbcc3c: 004c 8b8c | 2488 0000 | 004c 8b84 | 2480 0000 | 0048 8b54 

  0x0000020258bbcc50: ;   {metadata(method data for {method} {0x000002020043d1e8} 'defineClass' '(Ljava/lang/String;[BIILjava/security/ProtectionDomain;)Ljava/lang/Class;' in 'java/lang/ClassLoader')}
  0x0000020258bbcc50: 2478 48b9 | c083 2c6c | 0202 0000 | 4883 8180 | 0100 0001 | 4c8b da49 | 8bd3 488b | c848 891c 
  0x0000020258bbcc70: 2466 0f1f 

  0x0000020258bbcc74: ;   {static_call}
  0x0000020258bbcc74: 4400 00e8 

  0x0000020258bbcc78: ; ImmutableOopMap {[120]=Oop [152]=Oop }
                      ;*invokestatic defineClass1 {reexecute=0 rethrow=0 return_oop=0}
                      ; - java.lang.ClassLoader::defineClass@27 (line 1027)
  0x0000020258bbcc78: c469 9207 

  0x0000020258bbcc7c: ;   {other}
  0x0000020258bbcc7c: 0f1f 8400 | 6c05 0002 | 488b 5424 

  0x0000020258bbcc88: ;   {metadata(method data for {method} {0x000002020043d1e8} 'defineClass' '(Ljava/lang/String;[BIILjava/security/ProtectionDomain;)Ljava/lang/Class;' in 'java/lang/ClassLoader')}
  0x0000020258bbcc88: 7849 b8c0 | 832c 6c02 | 0200 0049 | 8380 9001 | 0000 014c | 8bc0 4c8b | 8c24 9800 | 0000 488b 
  0x0000020258bbcca8: 5424 7848 | 8984 24a0 | 0000 000f 

  0x0000020258bbccb4: ;   {optimized virtual_call}
  0x0000020258bbccb4: 1f40 00e8 

  0x0000020258bbccb8: ; ImmutableOopMap {[160]=Oop }
                      ;*invokevirtual postDefineClass {reexecute=0 rethrow=0 return_oop=0}
                      ; - java.lang.ClassLoader::defineClass@37 (line 1028)
  0x0000020258bbccb8: e4cd ffff 

  0x0000020258bbccbc: ;   {other}
  0x0000020258bbccbc: 0f1f 8400 | ac05 0003 | 488b 8424 | a000 0000 | 4881 c4b0 | 0000 005d 

  0x0000020258bbccd4: ;   {poll_return}
  0x0000020258bbccd4: 493b a750 | 0400 000f | 8799 0000 

  0x0000020258bbcce0: ;   {metadata({method} {0x000002020043d1e8} 'defineClass' '(Ljava/lang/String;[BIILjava/security/ProtectionDomain;)Ljava/lang/Class;' in 'java/lang/ClassLoader')}
  0x0000020258bbcce0: 00c3 49ba | e0d1 4300 | 0202 0000 | 4c89 5424 | 0848 c704 | 24ff ffff 

  0x0000020258bbccf8: ;   {runtime_call counter_overflow Runtime1 stub}
  0x0000020258bbccf8: ffe8 8295 

  0x0000020258bbccfc: ; ImmutableOopMap {rdx=Oop r8=Oop r9=Oop rcx=Oop [120]=Oop }
                      ;*synchronization entry
                      ; - java.lang.ClassLoader::defineClass@-1 (line 1025)
  0x0000020258bbccfc: 4307 e987 

  0x0000020258bbcd00: ;   {metadata({method} {0x000002020043ced0} 'defineClassSourceLocation' '(Ljava/security/ProtectionDomain;)Ljava/lang/String;' in 'java/lang/ClassLoader')}
  0x0000020258bbcd00: fcff ff49 | bac8 ce43 | 0002 0200 | 004c 8954 | 2408 48c7 | 0424 ffff 

  0x0000020258bbcd18: ;   {runtime_call counter_overflow Runtime1 stub}
  0x0000020258bbcd18: ffff e861 

  0x0000020258bbcd1c: ; ImmutableOopMap {rax=Oop [120]=Oop [128]=Oop [136]=Oop [152]=Oop }
                      ;*synchronization entry
                      ; - java.lang.ClassLoader::defineClassSourceLocation@-1 (line 924)
                      ; - java.lang.ClassLoader::defineClass@12 (line 1026)
  0x0000020258bbcd1c: 9543 07e9 | 00fd ffff 

  0x0000020258bbcd24: ;   {runtime_call throw_null_pointer_exception Runtime1 stub}
  0x0000020258bbcd24: e8d7 2843 

  0x0000020258bbcd28: ; ImmutableOopMap {rax=Oop [120]=Oop [128]=Oop [136]=Oop [152]=Oop }
                      ;*invokevirtual getCodeSource {reexecute=0 rethrow=0 return_oop=0}
                      ; - java.lang.ClassLoader::defineClassSourceLocation@1 (line 924)
                      ; - java.lang.ClassLoader::defineClass@12 (line 1026)
                      ;   {runtime_call throw_null_pointer_exception Runtime1 stub}
  0x0000020258bbcd28: 07e8 d228 

  0x0000020258bbcd2c: ; ImmutableOopMap {rax=Oop r8=Oop [120]=Oop [128]=Oop [136]=Oop [152]=Oop }
                      ;*invokevirtual getLocation {reexecute=0 rethrow=0 return_oop=0}
                      ; - java.lang.ClassLoader::defineClassSourceLocation@12 (line 926)
                      ; - java.lang.ClassLoader::defineClass@12 (line 1026)
                      ;   {runtime_call throw_null_pointer_exception Runtime1 stub}
  0x0000020258bbcd2c: 4307 e8cd 

  0x0000020258bbcd30: ; ImmutableOopMap {rdx=Oop [120]=Oop [128]=Oop [136]=Oop [152]=Oop }
                      ;*invokevirtual toString {reexecute=0 rethrow=0 return_oop=0}
                      ; - java.lang.ClassLoader::defineClassSourceLocation@22 (line 927)
                      ; - java.lang.ClassLoader::defineClass@12 (line 1026)
                      ;   {metadata({method} {0x000002020001aa98} 'toString' '()Ljava/lang/String;' in 'java/net/URL')}
  0x0000020258bbcd30: 2843 0749 | ba90 aa01 | 0002 0200 | 004c 8954 | 2408 48c7 | 0424 ffff 

  0x0000020258bbcd48: ;   {runtime_call counter_overflow Runtime1 stub}
  0x0000020258bbcd48: ffff e831 

  0x0000020258bbcd4c: ; ImmutableOopMap {rdx=Oop [120]=Oop [128]=Oop [136]=Oop [152]=Oop }
                      ;*synchronization entry
                      ; - java.net.URL::toString@-1 (line 1189)
                      ; - java.lang.ClassLoader::defineClassSourceLocation@22 (line 927)
                      ; - java.lang.ClassLoader::defineClass@12 (line 1026)
  0x0000020258bbcd4c: 9543 07e9 | e3fd ffff 

  0x0000020258bbcd54: ;   {metadata({method} {0x0000020200430ae8} 'toExternalForm' '()Ljava/lang/String;' in 'java/net/URL')}
  0x0000020258bbcd54: 49ba e00a | 4300 0202 | 0000 4c89 | 5424 0848 | c704 24ff 

  0x0000020258bbcd68: ;   {runtime_call counter_overflow Runtime1 stub}
  0x0000020258bbcd68: ffff ffe8 

  0x0000020258bbcd6c: ; ImmutableOopMap {rdx=Oop [120]=Oop [128]=Oop [136]=Oop [152]=Oop }
                      ;*synchronization entry
                      ; - java.net.URL::toExternalForm@-1 (line 1203)
                      ; - java.net.URL::toString@1 (line 1189)
                      ; - java.lang.ClassLoader::defineClassSourceLocation@22 (line 927)
                      ; - java.lang.ClassLoader::defineClass@12 (line 1026)
  0x0000020258bbcd6c: 1095 4307 | e900 feff 

  0x0000020258bbcd74: ;   {runtime_call throw_null_pointer_exception Runtime1 stub}
  0x0000020258bbcd74: ffe8 8628 

  0x0000020258bbcd78: ; ImmutableOopMap {rdx=Oop rsi=Oop [120]=Oop [128]=Oop [136]=Oop [152]=Oop }
                      ;*invokevirtual toExternalForm {reexecute=0 rethrow=0 return_oop=0}
                      ; - java.net.URL::toExternalForm@5 (line 1203)
                      ; - java.net.URL::toString@1 (line 1189)
                      ; - java.lang.ClassLoader::defineClassSourceLocation@22 (line 927)
                      ; - java.lang.ClassLoader::defineClass@12 (line 1026)
                      ;   {internal_word}
  0x0000020258bbcd78: 4307 49ba | d4cc bb58 | 0202 0000 | 4d89 9768 

  0x0000020258bbcd88: ;   {runtime_call SafepointBlob}
  0x0000020258bbcd88: 0400 00e9 | 7089 3707 | 498b 8700 | 0500 0049 | c787 0005 | 0000 0000 | 0000 49c7 | 8708 0500 
  0x0000020258bbcda8: 0000 0000 | 0048 81c4 | b000 0000 

  0x0000020258bbcdb4: ;   {runtime_call unwind_exception Runtime1 stub}
  0x0000020258bbcdb4: 5de9 4619 | 4307 f4f4 | f4f4 f4f4 
[Stub Code]
  0x0000020258bbcdc0: ;   {no_reloc}
  0x0000020258bbcdc0: 0f1f 4400 

  0x0000020258bbcdc4: ;   {static_stub}
  0x0000020258bbcdc4: 0048 bb00 | 0000 0000 

  0x0000020258bbcdcc: ;   {runtime_call}
  0x0000020258bbcdcc: 0000 00e9 | fbff ffff 

  0x0000020258bbcdd4: ;   {static_stub}
  0x0000020258bbcdd4: 48bb 0000 | 0000 0000 

  0x0000020258bbcddc: ;   {runtime_call}
  0x0000020258bbcddc: 0000 e9fb 

  0x0000020258bbcde0: ;   {static_stub}
  0x0000020258bbcde0: ffff ff48 | bb00 0000 | 0000 0000 

  0x0000020258bbcdec: ;   {runtime_call}
  0x0000020258bbcdec: 00e9 fbff 

  0x0000020258bbcdf0: ;   {static_stub}
  0x0000020258bbcdf0: ffff 48bb | 0000 0000 | 0000 0000 

  0x0000020258bbcdfc: ;   {runtime_call}
  0x0000020258bbcdfc: e9fb ffff 

  0x0000020258bbce00: ;   {runtime_call handle_exception_from_callee Runtime1 stub}
  0x0000020258bbce00: ffe8 7a4f 

  0x0000020258bbce04: ;   {external_word}
  0x0000020258bbce04: 4307 48b9 | d0f7 fa43 | fa7f 0000 | 4883 e4f0 

  0x0000020258bbce14: ;   {runtime_call}
  0x0000020258bbce14: 48b8 a012 | c343 fa7f | 0000 ffd0 

  0x0000020258bbce20: ;   {section_word}
  0x0000020258bbce20: f449 ba21 | cebb 5802 | 0200 0041 

  0x0000020258bbce2c: ;   {runtime_call DeoptimizationBlob}
  0x0000020258bbce2c: 52e9 6e7b | 3707 f4f4 | f4f4 f4f4 
[/MachCode]


Compiled method (c1)    4530 1167       3       java.security.SecureClassLoader::defineClass (16 bytes)
 total in heap  [0x0000020258bbc290,0x0000020258bbc690] = 1024
 relocation     [0x0000020258bbc3e8,0x0000020258bbc438] = 80
 main code      [0x0000020258bbc440,0x0000020258bbc598] = 344
 stub code      [0x0000020258bbc598,0x0000020258bbc5e8] = 80
 metadata       [0x0000020258bbc5e8,0x0000020258bbc5f0] = 8
 scopes data    [0x0000020258bbc5f0,0x0000020258bbc638] = 72
 scopes pcs     [0x0000020258bbc638,0x0000020258bbc688] = 80
 dependencies   [0x0000020258bbc688,0x0000020258bbc690] = 8

[Constant Pool (empty)]

[MachCode]
[Entry Point]
  # {method} {0x000002020004d8a0} 'defineClass' '(Ljava/lang/String;[BIILjava/security/CodeSource;)Ljava/lang/Class;' in 'java/security/SecureClassLoader'
  # this:     rdx:rdx   = 'java/security/SecureClassLoader'
  # parm0:    r8:r8     = 'java/lang/String'
  # parm1:    r9:r9     = '[B'
  # parm2:    rdi       = int
  # parm3:    rsi       = int
  # parm4:    rcx:rcx   = 'java/security/CodeSource'
  #           [sp+0x80]  (sp of caller)
  0x0000020258bbc440: 448b 5208 | 49bb 0000 | 0000 0202 | 0000 4d03 | d34c 3bd0 

  0x0000020258bbc454: ;   {runtime_call ic_miss_stub}
  0x0000020258bbc454: 0f85 2623 | 3707 660f | 1f44 0000 
[Verified Entry Point]
  0x0000020258bbc460: 8984 2400 | 80ff ff55 | 4883 ec70 | 4181 7f20 | 0100 0000 

  0x0000020258bbc474: ;   {runtime_call StubRoutines (final stubs)}
  0x0000020258bbc474: 7405 e8e5 

  0x0000020258bbc478: ;   {metadata(method data for {method} {0x000002020004d8a0} 'defineClass' '(Ljava/lang/String;[BIILjava/security/CodeSource;)Ljava/lang/Class;' in 'java/security/SecureClassLoader')}
  0x0000020258bbc478: 8935 0748 | bb60 c521 | 6c02 0200 | 008b 83cc | 0000 0083 | c002 8983 | cc00 0000 | 25fe 0700 
  0x0000020258bbc498: 0085 c00f | 8496 0000 | 0089 7424 | 5c89 7c24 | 584c 894c | 2450 4c89 | 4424 4848 

  0x0000020258bbc4b4: ;   {metadata(method data for {method} {0x000002020004d8a0} 'defineClass' '(Ljava/lang/String;[BIILjava/security/CodeSource;)Ljava/lang/Class;' in 'java/security/SecureClassLoader')}
  0x0000020258bbc4b4: 8bda 48b8 | 60c5 216c | 0202 0000 | 4883 8010 | 0100 0001 | 4c8b c148 | 8bc2 488b | d048 8944 
  0x0000020258bbc4d4: ;   {optimized virtual_call}
  0x0000020258bbc4d4: 2440 90e8 

  0x0000020258bbc4d8: ; ImmutableOopMap {[64]=Oop [72]=Oop [80]=Oop }
                      ;*invokevirtual getProtectionDomain {reexecute=0 rethrow=0 return_oop=0}
                      ; - java.security.SecureClassLoader::defineClass@9 (line 150)
  0x0000020258bbc4d8: 4454 f8ff 

  0x0000020258bbc4dc: ;   {other}
  0x0000020258bbc4dc: 0f1f 8400 | 4c02 0000 | 488b 5424 

  0x0000020258bbc4e8: ;   {metadata(method data for {method} {0x000002020004d8a0} 'defineClass' '(Ljava/lang/String;[BIILjava/security/CodeSource;)Ljava/lang/Class;' in 'java/security/SecureClassLoader')}
  0x0000020258bbc4e8: 4049 b860 | c521 6c02 | 0200 0049 | 8380 4801 | 0000 014c | 8b44 2448 | 4c8b 4c24 | 508b 7c24 
  0x0000020258bbc508: 588b 7424 | 5c48 8bc8 | 488b 5424 

  0x0000020258bbc514: ;   {optimized virtual_call}
  0x0000020258bbc514: 4066 90e8 

  0x0000020258bbc518: ; ImmutableOopMap {}
                      ;*invokevirtual defineClass {reexecute=0 rethrow=0 return_oop=0}
                      ; - java.security.SecureClassLoader::defineClass@12 (line 150)
  0x0000020258bbc518: 2404 0000 

  0x0000020258bbc51c: ;   {other}
  0x0000020258bbc51c: 0f1f 8400 | 8c02 0001 | 4883 c470 

  0x0000020258bbc528: ;   {poll_return}
  0x0000020258bbc528: 5d49 3ba7 | 5004 0000 | 0f87 2200 

  0x0000020258bbc534: ;   {metadata({method} {0x000002020004d8a0} 'defineClass' '(Ljava/lang/String;[BIILjava/security/CodeSource;)Ljava/lang/Class;' in 'java/security/SecureClassLoader')}
  0x0000020258bbc534: 0000 c349 | ba98 d804 | 0002 0200 | 004c 8954 | 2408 48c7 | 0424 ffff 

  0x0000020258bbc54c: ;   {runtime_call counter_overflow Runtime1 stub}
  0x0000020258bbc54c: ffff e82d 

  0x0000020258bbc550: ; ImmutableOopMap {rdx=Oop r8=Oop r9=Oop rcx=Oop }
                      ;*synchronization entry
                      ; - java.security.SecureClassLoader::defineClass@-1 (line 150)
  0x0000020258bbc550: 9d43 07e9 | 49ff ffff 

  0x0000020258bbc558: ;   {internal_word}
  0x0000020258bbc558: 49ba 29c5 | bb58 0202 | 0000 4d89 | 9768 0400 

  0x0000020258bbc568: ;   {runtime_call SafepointBlob}
  0x0000020258bbc568: 00e9 9291 | 3707 498b | 8700 0500 | 0049 c787 | 0005 0000 | 0000 0000 | 49c7 8708 | 0500 0000 
  0x0000020258bbc588: 0000 0048 | 83c4 705d 

  0x0000020258bbc590: ;   {runtime_call unwind_exception Runtime1 stub}
  0x0000020258bbc590: e96b 2143 | 07f4 f4f4 
[Stub Code]
  0x0000020258bbc598: ;   {no_reloc}
  0x0000020258bbc598: 48bb 0000 | 0000 0000 

  0x0000020258bbc5a0: ;   {runtime_call}
  0x0000020258bbc5a0: 0000 e9fb 

  0x0000020258bbc5a4: ;   {static_stub}
  0x0000020258bbc5a4: ffff ff48 | bb00 0000 | 0000 0000 

  0x0000020258bbc5b0: ;   {runtime_call}
  0x0000020258bbc5b0: 00e9 fbff 

  0x0000020258bbc5b4: ;   {runtime_call handle_exception_from_callee Runtime1 stub}
  0x0000020258bbc5b4: ffff e8c5 

  0x0000020258bbc5b8: ;   {external_word}
  0x0000020258bbc5b8: 5743 0748 | b9d0 f7fa | 43fa 7f00 | 0048 83e4 

  0x0000020258bbc5c8: ;   {runtime_call}
  0x0000020258bbc5c8: f048 b8a0 | 12c3 43fa | 7f00 00ff 

  0x0000020258bbc5d4: ;   {section_word}
  0x0000020258bbc5d4: d0f4 49ba | d6c5 bb58 | 0202 0000 

  0x0000020258bbc5e0: ;   {runtime_call DeoptimizationBlob}
  0x0000020258bbc5e0: 4152 e9b9 | 8337 07f4 
[/MachCode]


---------------  P R O C E S S  ---------------

Threads class SMR info:
_java_thread_list=0x0000020270d285a0, length=15, elements={
0x000002024ed66150, 0x000002026b9228a0, 0x000002026b924470, 0x000002026b926560,
0x000002026b926fc0, 0x000002026b927a20, 0x000002026b930490, 0x000002026b936730,
0x000002026b93b1f0, 0x000002026b8ed1f0, 0x000002026be76970, 0x0000020270008090,
0x0000020270509ee0, 0x000002027050a550, 0x0000020270d29da0
}

Java Threads: ( => current thread )
  0x000002024ed66150 JavaThread "main"                              [_thread_blocked, id=14320, stack(0x0000000f7be00000,0x0000000f7bf00000) (1024K)]
  0x000002026b9228a0 JavaThread "Reference Handler"          daemon [_thread_blocked, id=12484, stack(0x0000000f7c600000,0x0000000f7c700000) (1024K)]
  0x000002026b924470 JavaThread "Finalizer"                  daemon [_thread_blocked, id=9312, stack(0x0000000f7c700000,0x0000000f7c800000) (1024K)]
  0x000002026b926560 JavaThread "Signal Dispatcher"          daemon [_thread_blocked, id=3176, stack(0x0000000f7c800000,0x0000000f7c900000) (1024K)]
  0x000002026b926fc0 JavaThread "Attach Listener"            daemon [_thread_blocked, id=6796, stack(0x0000000f7c900000,0x0000000f7ca00000) (1024K)]
  0x000002026b927a20 JavaThread "Service Thread"             daemon [_thread_blocked, id=9620, stack(0x0000000f7ca00000,0x0000000f7cb00000) (1024K)]
  0x000002026b930490 JavaThread "Monitor Deflation Thread"   daemon [_thread_blocked, id=3104, stack(0x0000000f7cb00000,0x0000000f7cc00000) (1024K)]
  0x000002026b936730 JavaThread "C2 CompilerThread0"         daemon [_thread_blocked, id=13416, stack(0x0000000f7cc00000,0x0000000f7cd00000) (1024K)]
  0x000002026b93b1f0 JavaThread "C1 CompilerThread0"         daemon [_thread_blocked, id=9420, stack(0x0000000f7cd00000,0x0000000f7ce00000) (1024K)]
  0x000002026b8ed1f0 JavaThread "Common-Cleaner"             daemon [_thread_blocked, id=12740, stack(0x0000000f7ce00000,0x0000000f7cf00000) (1024K)]
  0x000002026be76970 JavaThread "Monitor Ctrl-Break"         daemon [_thread_in_native, id=6744, stack(0x0000000f7cf00000,0x0000000f7d000000) (1024K)]
  0x0000020270008090 JavaThread "Notification Thread"        daemon [_thread_blocked, id=10688, stack(0x0000000f7d000000,0x0000000f7d100000) (1024K)]
  0x0000020270509ee0 JavaThread "Thread-0"                          [_thread_blocked, id=2944, stack(0x0000000f7d400000,0x0000000f7d500000) (1024K)]
=>0x000002027050a550 JavaThread "restartedMain"                     [_thread_in_vm, id=3344, stack(0x0000000f7d500000,0x0000000f7d600000) (1024K)]
  0x0000020270d29da0 JavaThread "background-preinit"                [_thread_in_vm, id=9568, stack(0x0000000f7d600000,0x0000000f7d700000) (1024K)]
Total: 15

Other Threads:
  0x000002026b900600 VMThread "VM Thread"                           [id=1676, stack(0x0000000f7c500000,0x0000000f7c600000) (1024K)]
  0x000002026b8ec430 WatcherThread "VM Periodic Task Thread"        [id=10000, stack(0x0000000f7c400000,0x0000000f7c500000) (1024K)]
  0x000002024ed9e9b0 WorkerThread "GC Thread#0"                     [id=6524, stack(0x0000000f7bf00000,0x0000000f7c000000) (1024K)]
  0x00000202702e6250 WorkerThread "GC Thread#1"                     [id=6544, stack(0x0000000f7d100000,0x0000000f7d200000) (1024K)]
  0x00000202703246b0 WorkerThread "GC Thread#2"                     [id=6104, stack(0x0000000f7d200000,0x0000000f7d300000) (1024K)]
  0x0000020270303d60 WorkerThread "GC Thread#3"                     [id=2948, stack(0x0000000f7d300000,0x0000000f7d400000) (1024K)]
  0x000002024eda7390 ConcurrentGCThread "G1 Main Marker"            [id=10232, stack(0x0000000f7c000000,0x0000000f7c100000) (1024K)]
  0x000002024eda86e0 WorkerThread "G1 Conc#0"                       [id=10904, stack(0x0000000f7c100000,0x0000000f7c200000) (1024K)]
  0x000002026b7c14a0 ConcurrentGCThread "G1 Refine#0"               [id=5728, stack(0x0000000f7c200000,0x0000000f7c300000) (1024K)]
  0x000002024ee2c120 ConcurrentGCThread "G1 Service"                [id=11600, stack(0x0000000f7c300000,0x0000000f7c400000) (1024K)]
Total: 10

Threads with active compile tasks:
Total: 0

VM state: not at safepoint (normal execution)

VM Mutex/Monitor currently owned by a thread:  ([mutex/lock_event])
[0x00007ffa44245e18] Metaspace_lock - owner thread: 0x000002027050a550

Heap address: 0x00000000c2800000, size: 984 MB, Compressed Oops mode: 32-bit

CDS archive(s) mapped at: [0x0000020200000000-0x0000020200c90000-0x0000020200c90000), size 13172736, SharedBaseAddress: 0x0000020200000000, ArchiveRelocationMode: 1.
Compressed class space mapped at: 0x0000020201000000-0x0000020241000000, reserved size: 1073741824
Narrow klass base: 0x0000020200000000, Narrow klass shift: 0, Narrow klass range: 0x100000000

GC Precious Log:
 CardTable entry size: 512
 Card Set container configuration: InlinePtr #cards 5 size 8 Array Of Cards #cards 12 size 40 Howl #buckets 4 coarsen threshold 1843 Howl Bitmap #cards 512 size 80 coarsen threshold 460 Card regions per heap region 1 cards per card region 2048
 CPUs: 4 total, 4 available
 Memory: 3933M
 Large Page Support: Disabled
 NUMA Support: Disabled
 Compressed Oops: Enabled (32-bit)
 Heap Region Size: 1M
 Heap Min Capacity: 8M
 Heap Initial Capacity: 62M
 Heap Max Capacity: 984M
 Pre-touch: Disabled
 Parallel Workers: 4
 Concurrent Workers: 1
 Concurrent Refinement Workers: 4
 Periodic GC: Disabled

Heap:
 garbage-first heap   total 63488K, used 15222K [0x00000000c2800000, 0x0000000100000000)
  region size 1024K, 11 young (11264K), 4 survivors (4096K)
 Metaspace       used 15482K, committed 15744K, reserved 1114112K
  class space    used 1841K, committed 1984K, reserved 1048576K

Heap Regions: E=young(eden), S=young(survivor), O=old, HS=humongous(starts), HC=humongous(continues), CS=collection set, F=free, TAMS=top-at-mark-start, PB=parsable bottom
|   0|0x00000000c2800000, 0x00000000c2900000, 0x00000000c2900000|100%|HS|  |TAMS 0x00000000c2800000| PB 0x00000000c2800000| Complete 
|   1|0x00000000c2900000, 0x00000000c2a00000, 0x00000000c2a00000|100%| O|  |TAMS 0x00000000c2900000| PB 0x00000000c2900000| Untracked 
|   2|0x00000000c2a00000, 0x00000000c2b00000, 0x00000000c2b00000|100%| O|  |TAMS 0x00000000c2a00000| PB 0x00000000c2a00000| Untracked 
|   3|0x00000000c2b00000, 0x00000000c2c00000, 0x00000000c2c00000|100%| O|  |TAMS 0x00000000c2b00000| PB 0x00000000c2b00000| Untracked 
|   4|0x00000000c2c00000, 0x00000000c2d00000, 0x00000000c2d00000|100%| O|  |TAMS 0x00000000c2c00000| PB 0x00000000c2c00000| Untracked 
|   5|0x00000000c2d00000, 0x00000000c2e00000, 0x00000000c2e00000|100%| O|  |TAMS 0x00000000c2d00000| PB 0x00000000c2d00000| Untracked 
|   6|0x00000000c2e00000, 0x00000000c2eb5ef8, 0x00000000c2f00000| 71%| O|  |TAMS 0x00000000c2e00000| PB 0x00000000c2e00000| Untracked 
|   7|0x00000000c2f00000, 0x00000000c2f00000, 0x00000000c3000000|  0%| F|  |TAMS 0x00000000c2f00000| PB 0x00000000c2f00000| Untracked 
|   8|0x00000000c3000000, 0x00000000c3000000, 0x00000000c3100000|  0%| F|  |TAMS 0x00000000c3000000| PB 0x00000000c3000000| Untracked 
|   9|0x00000000c3100000, 0x00000000c3100000, 0x00000000c3200000|  0%| F|  |TAMS 0x00000000c3100000| PB 0x00000000c3100000| Untracked 
|  10|0x00000000c3200000, 0x00000000c3200000, 0x00000000c3300000|  0%| F|  |TAMS 0x00000000c3200000| PB 0x00000000c3200000| Untracked 
|  11|0x00000000c3300000, 0x00000000c3300000, 0x00000000c3400000|  0%| F|  |TAMS 0x00000000c3300000| PB 0x00000000c3300000| Untracked 
|  12|0x00000000c3400000, 0x00000000c3400000, 0x00000000c3500000|  0%| F|  |TAMS 0x00000000c3400000| PB 0x00000000c3400000| Untracked 
|  13|0x00000000c3500000, 0x00000000c3500000, 0x00000000c3600000|  0%| F|  |TAMS 0x00000000c3500000| PB 0x00000000c3500000| Untracked 
|  14|0x00000000c3600000, 0x00000000c3600000, 0x00000000c3700000|  0%| F|  |TAMS 0x00000000c3600000| PB 0x00000000c3600000| Untracked 
|  15|0x00000000c3700000, 0x00000000c3700000, 0x00000000c3800000|  0%| F|  |TAMS 0x00000000c3700000| PB 0x00000000c3700000| Untracked 
|  16|0x00000000c3800000, 0x00000000c3800000, 0x00000000c3900000|  0%| F|  |TAMS 0x00000000c3800000| PB 0x00000000c3800000| Untracked 
|  17|0x00000000c3900000, 0x00000000c3900000, 0x00000000c3a00000|  0%| F|  |TAMS 0x00000000c3900000| PB 0x00000000c3900000| Untracked 
|  18|0x00000000c3a00000, 0x00000000c3a00000, 0x00000000c3b00000|  0%| F|  |TAMS 0x00000000c3a00000| PB 0x00000000c3a00000| Untracked 
|  19|0x00000000c3b00000, 0x00000000c3b00000, 0x00000000c3c00000|  0%| F|  |TAMS 0x00000000c3b00000| PB 0x00000000c3b00000| Untracked 
|  20|0x00000000c3c00000, 0x00000000c3c00000, 0x00000000c3d00000|  0%| F|  |TAMS 0x00000000c3c00000| PB 0x00000000c3c00000| Untracked 
|  21|0x00000000c3d00000, 0x00000000c3d00000, 0x00000000c3e00000|  0%| F|  |TAMS 0x00000000c3d00000| PB 0x00000000c3d00000| Untracked 
|  22|0x00000000c3e00000, 0x00000000c3e00000, 0x00000000c3f00000|  0%| F|  |TAMS 0x00000000c3e00000| PB 0x00000000c3e00000| Untracked 
|  23|0x00000000c3f00000, 0x00000000c3f00000, 0x00000000c4000000|  0%| F|  |TAMS 0x00000000c3f00000| PB 0x00000000c3f00000| Untracked 
|  24|0x00000000c4000000, 0x00000000c4000000, 0x00000000c4100000|  0%| F|  |TAMS 0x00000000c4000000| PB 0x00000000c4000000| Untracked 
|  25|0x00000000c4100000, 0x00000000c4100000, 0x00000000c4200000|  0%| F|  |TAMS 0x00000000c4100000| PB 0x00000000c4100000| Untracked 
|  26|0x00000000c4200000, 0x00000000c4200000, 0x00000000c4300000|  0%| F|  |TAMS 0x00000000c4200000| PB 0x00000000c4200000| Untracked 
|  27|0x00000000c4300000, 0x00000000c4300000, 0x00000000c4400000|  0%| F|  |TAMS 0x00000000c4300000| PB 0x00000000c4300000| Untracked 
|  28|0x00000000c4400000, 0x00000000c4400000, 0x00000000c4500000|  0%| F|  |TAMS 0x00000000c4400000| PB 0x00000000c4400000| Untracked 
|  29|0x00000000c4500000, 0x00000000c4500000, 0x00000000c4600000|  0%| F|  |TAMS 0x00000000c4500000| PB 0x00000000c4500000| Untracked 
|  30|0x00000000c4600000, 0x00000000c4627bc0, 0x00000000c4700000| 15%| S|CS|TAMS 0x00000000c4600000| PB 0x00000000c4600000| Complete 
|  31|0x00000000c4700000, 0x00000000c4800000, 0x00000000c4800000|100%| S|CS|TAMS 0x00000000c4700000| PB 0x00000000c4700000| Complete 
|  32|0x00000000c4800000, 0x00000000c4900000, 0x00000000c4900000|100%| S|CS|TAMS 0x00000000c4800000| PB 0x00000000c4800000| Complete 
|  33|0x00000000c4900000, 0x00000000c4a00000, 0x00000000c4a00000|100%| S|CS|TAMS 0x00000000c4900000| PB 0x00000000c4900000| Complete 
|  34|0x00000000c4a00000, 0x00000000c4a00000, 0x00000000c4b00000|  0%| F|  |TAMS 0x00000000c4a00000| PB 0x00000000c4a00000| Untracked 
|  35|0x00000000c4b00000, 0x00000000c4b00000, 0x00000000c4c00000|  0%| F|  |TAMS 0x00000000c4b00000| PB 0x00000000c4b00000| Untracked 
|  36|0x00000000c4c00000, 0x00000000c4c00000, 0x00000000c4d00000|  0%| F|  |TAMS 0x00000000c4c00000| PB 0x00000000c4c00000| Untracked 
|  37|0x00000000c4d00000, 0x00000000c4d00000, 0x00000000c4e00000|  0%| F|  |TAMS 0x00000000c4d00000| PB 0x00000000c4d00000| Untracked 
|  38|0x00000000c4e00000, 0x00000000c4e00000, 0x00000000c4f00000|  0%| F|  |TAMS 0x00000000c4e00000| PB 0x00000000c4e00000| Untracked 
|  39|0x00000000c4f00000, 0x00000000c4f00000, 0x00000000c5000000|  0%| F|  |TAMS 0x00000000c4f00000| PB 0x00000000c4f00000| Untracked 
|  40|0x00000000c5000000, 0x00000000c5000000, 0x00000000c5100000|  0%| F|  |TAMS 0x00000000c5000000| PB 0x00000000c5000000| Untracked 
|  41|0x00000000c5100000, 0x00000000c5100000, 0x00000000c5200000|  0%| F|  |TAMS 0x00000000c5100000| PB 0x00000000c5100000| Untracked 
|  42|0x00000000c5200000, 0x00000000c5200000, 0x00000000c5300000|  0%| F|  |TAMS 0x00000000c5200000| PB 0x00000000c5200000| Untracked 
|  43|0x00000000c5300000, 0x00000000c5300000, 0x00000000c5400000|  0%| F|  |TAMS 0x00000000c5300000| PB 0x00000000c5300000| Untracked 
|  44|0x00000000c5400000, 0x00000000c5400000, 0x00000000c5500000|  0%| F|  |TAMS 0x00000000c5400000| PB 0x00000000c5400000| Untracked 
|  45|0x00000000c5500000, 0x00000000c5500000, 0x00000000c5600000|  0%| F|  |TAMS 0x00000000c5500000| PB 0x00000000c5500000| Untracked 
|  46|0x00000000c5600000, 0x00000000c5600000, 0x00000000c5700000|  0%| F|  |TAMS 0x00000000c5600000| PB 0x00000000c5600000| Untracked 
|  47|0x00000000c5700000, 0x00000000c5700000, 0x00000000c5800000|  0%| F|  |TAMS 0x00000000c5700000| PB 0x00000000c5700000| Untracked 
|  48|0x00000000c5800000, 0x00000000c5800000, 0x00000000c5900000|  0%| F|  |TAMS 0x00000000c5800000| PB 0x00000000c5800000| Untracked 
|  49|0x00000000c5900000, 0x00000000c5900000, 0x00000000c5a00000|  0%| F|  |TAMS 0x00000000c5900000| PB 0x00000000c5900000| Untracked 
|  50|0x00000000c5a00000, 0x00000000c5a00000, 0x00000000c5b00000|  0%| F|  |TAMS 0x00000000c5a00000| PB 0x00000000c5a00000| Untracked 
|  51|0x00000000c5b00000, 0x00000000c5b00000, 0x00000000c5c00000|  0%| F|  |TAMS 0x00000000c5b00000| PB 0x00000000c5b00000| Untracked 
|  52|0x00000000c5c00000, 0x00000000c5c00000, 0x00000000c5d00000|  0%| F|  |TAMS 0x00000000c5c00000| PB 0x00000000c5c00000| Untracked 
|  53|0x00000000c5d00000, 0x00000000c5d00000, 0x00000000c5e00000|  0%| F|  |TAMS 0x00000000c5d00000| PB 0x00000000c5d00000| Untracked 
|  54|0x00000000c5e00000, 0x00000000c5e00000, 0x00000000c5f00000|  0%| F|  |TAMS 0x00000000c5e00000| PB 0x00000000c5e00000| Untracked 
|  55|0x00000000c5f00000, 0x00000000c5ffc8e8, 0x00000000c6000000| 98%| E|  |TAMS 0x00000000c5f00000| PB 0x00000000c5f00000| Complete 
|  56|0x00000000c6000000, 0x00000000c6100000, 0x00000000c6100000|100%| E|CS|TAMS 0x00000000c6000000| PB 0x00000000c6000000| Complete 
|  57|0x00000000c6100000, 0x00000000c6200000, 0x00000000c6200000|100%| E|CS|TAMS 0x00000000c6100000| PB 0x00000000c6100000| Complete 
|  58|0x00000000c6200000, 0x00000000c6300000, 0x00000000c6300000|100%| E|CS|TAMS 0x00000000c6200000| PB 0x00000000c6200000| Complete 
|  59|0x00000000c6300000, 0x00000000c6400000, 0x00000000c6400000|100%| E|  |TAMS 0x00000000c6300000| PB 0x00000000c6300000| Complete 
|  60|0x00000000c6400000, 0x00000000c6500000, 0x00000000c6500000|100%| E|CS|TAMS 0x00000000c6400000| PB 0x00000000c6400000| Complete 
|  61|0x00000000c6500000, 0x00000000c6600000, 0x00000000c6600000|100%| E|CS|TAMS 0x00000000c6500000| PB 0x00000000c6500000| Complete 

Card table byte_map: [0x00000202681e0000,0x00000202683d0000] _byte_map_base: 0x0000020267bcc000

Marking Bits: (CMBitMap*) 0x000002024ed9efb0
 Bits: [0x00000202683d0000, 0x0000020269330000)

Polling page: 0x000002024ee30000

Metaspace:

Usage:
  Non-class:     13.32 MB used.
      Class:      1.80 MB used.
       Both:     15.12 MB used.

Virtual space:
  Non-class space:       64.00 MB reserved,      13.44 MB ( 21%) committed,  1 nodes.
      Class space:        1.00 GB reserved,       1.94 MB ( <1%) committed,  1 nodes.
             Both:        1.06 GB reserved,      15.38 MB (  1%) committed. 

Chunk freelists:
   Non-Class:  1.98 MB
       Class:  14.05 MB
        Both:  16.03 MB

MaxMetaspaceSize: unlimited
CompressedClassSpaceSize: 1.00 GB
Initial GC threshold: 21.00 MB
Current GC threshold: 21.00 MB
CDS: on
 - commit_granule_bytes: 65536.
 - commit_granule_words: 8192.
 - virtual_space_node_default_size: 8388608.
 - enlarge_chunks_in_place: 1.
 - use_allocation_guard: 0.


Internal statistics:

num_allocs_failed_limit: 0.
num_arena_births: 252.
num_arena_deaths: 0.
num_vsnodes_births: 2.
num_vsnodes_deaths: 0.
num_space_committed: 246.
num_space_uncommitted: 0.
num_chunks_returned_to_freelist: 0.
num_chunks_taken_from_freelist: 748.
num_chunk_merges: 0.
num_chunk_splits: 508.
num_chunks_enlarged: 352.
num_inconsistent_stats: 0.

CodeHeap 'non-profiled nmethods': size=120000Kb used=706Kb max_used=706Kb free=119293Kb
 bounds [0x0000020260480000, 0x00000202606f0000, 0x00000202679b0000]
CodeHeap 'profiled nmethods': size=120000Kb used=3706Kb max_used=3706Kb free=116293Kb
 bounds [0x00000202589b0000, 0x0000020258d50000, 0x000002025fee0000]
CodeHeap 'non-nmethods': size=5760Kb used=1428Kb max_used=1444Kb free=4331Kb
 bounds [0x000002025fee0000, 0x0000020260150000, 0x0000020260480000]
 total_blobs=2505 nmethods=1990 adapters=419
 compilation: enabled
              stopped_count=0, restarted_count=0
 full_count=0

Compilation events (20 events):
Event: 4.369 Thread 0x000002026b93b1f0 nmethod 1982 0x0000020258d4a490 code [0x0000020258d4a640, 0x0000020258d4a900]
Event: 4.369 Thread 0x000002026b93b1f0 1979       3       java.lang.invoke.MethodHandles$Lookup$ClassDefiner::<init> (64 bytes)
Event: 4.369 Thread 0x000002026b93b1f0 nmethod 1979 0x0000020258d4aa10 code [0x0000020258d4abc0, 0x0000020258d4aeb8]
Event: 4.369 Thread 0x000002026b93b1f0 1980       3       java.lang.System$2::defineClass (21 bytes)
Event: 4.370 Thread 0x000002026b93b1f0 nmethod 1980 0x0000020258d4af90 code [0x0000020258d4b140, 0x0000020258d4b2b8]
Event: 4.370 Thread 0x000002026b93b1f0 1983       3       java.lang.invoke.MethodHandles$Lookup::makeHiddenClassDefiner (44 bytes)
Event: 4.370 Thread 0x000002026b93b1f0 nmethod 1983 0x0000020258d4b390 code [0x0000020258d4b5a0, 0x0000020258d4bc88]
Event: 4.377 Thread 0x000002026b93b1f0 1984       3       java.util.concurrent.ConcurrentHashMap::addCount (280 bytes)
Event: 4.378 Thread 0x000002026b93b1f0 nmethod 1984 0x0000020258d4bf10 code [0x0000020258d4c160, 0x0000020258d4cab0]
Event: 4.383 Thread 0x000002026b93b1f0 1985       3       java.lang.PublicMethods$Key::hashCode (19 bytes)
Event: 4.383 Thread 0x000002026b93b1f0 nmethod 1985 0x0000020258d4cd90 code [0x0000020258d4cf40, 0x0000020258d4d0d0]
Event: 4.384 Thread 0x000002026b93b1f0 1986       3       java.util.LinkedHashMap$LinkedValues::iterator (16 bytes)
Event: 4.384 Thread 0x000002026b93b1f0 nmethod 1986 0x0000020258d4d190 code [0x0000020258d4d340, 0x0000020258d4d558]
Event: 4.384 Thread 0x000002026b93b1f0 1987       3       java.util.LinkedHashMap$LinkedValueIterator::<init> (7 bytes)
Event: 4.384 Thread 0x000002026b93b1f0 nmethod 1987 0x0000020258d4d690 code [0x0000020258d4d840, 0x0000020258d4d978]
Event: 4.385 Thread 0x000002026b93b1f0 1988       3       java.util.TreeMap::parentOf (13 bytes)
Event: 4.386 Thread 0x000002026b93b1f0 nmethod 1988 0x0000020258d4da10 code [0x0000020258d4dbc0, 0x0000020258d4dd30]
Event: 4.388 Thread 0x000002026b936730 1989       4       jdk.internal.misc.Unsafe::allocateUninitializedArray (55 bytes)
Event: 4.388 Thread 0x000002026b93b1f0 1990       3       java.lang.invoke.Invokers$Holder::invokeExact_MT (22 bytes)
Event: 4.389 Thread 0x000002026b93b1f0 nmethod 1990 0x0000020258d4de10 code [0x0000020258d4e020, 0x0000020258d4e800]

GC Heap History (6 events):
Event: 1.181 GC heap before
{Heap before GC invocations=0 (full 0):
 garbage-first heap   total 63488K, used 13312K [0x00000000c2800000, 0x0000000100000000)
  region size 1024K, 13 young (13312K), 0 survivors (0K)
 Metaspace       used 3385K, committed 3520K, reserved 1114112K
  class space    used 316K, committed 384K, reserved 1048576K
}
Event: 1.191 GC heap after
{Heap after GC invocations=1 (full 0):
 garbage-first heap   total 63488K, used 6800K [0x00000000c2800000, 0x0000000100000000)
  region size 1024K, 2 young (2048K), 2 survivors (2048K)
 Metaspace       used 3385K, committed 3520K, reserved 1114112K
  class space    used 316K, committed 384K, reserved 1048576K
}
Event: 1.863 GC heap before
{Heap before GC invocations=1 (full 0):
 garbage-first heap   total 63488K, used 18064K [0x00000000c2800000, 0x0000000100000000)
  region size 1024K, 14 young (14336K), 2 survivors (2048K)
 Metaspace       used 6407K, committed 6592K, reserved 1114112K
  class space    used 714K, committed 768K, reserved 1048576K
}
Event: 1.868 GC heap after
{Heap after GC invocations=2 (full 0):
 garbage-first heap   total 63488K, used 7666K [0x00000000c2800000, 0x0000000100000000)
  region size 1024K, 1 young (1024K), 1 survivors (1024K)
 Metaspace       used 6407K, committed 6592K, reserved 1114112K
  class space    used 714K, committed 768K, reserved 1048576K
}
Event: 4.244 GC heap before
{Heap before GC invocations=2 (full 0):
 garbage-first heap   total 63488K, used 34290K [0x00000000c2800000, 0x0000000100000000)
  region size 1024K, 28 young (28672K), 1 survivors (1024K)
 Metaspace       used 13761K, committed 14016K, reserved 1114112K
  class space    used 1603K, committed 1728K, reserved 1048576K
}
Event: 4.250 GC heap after
{Heap after GC invocations=3 (full 0):
 garbage-first heap   total 63488K, used 10102K [0x00000000c2800000, 0x0000000100000000)
  region size 1024K, 4 young (4096K), 4 survivors (4096K)
 Metaspace       used 13761K, committed 14016K, reserved 1114112K
  class space    used 1603K, committed 1728K, reserved 1048576K
}

Dll operation events (12 events):
Event: 0.047 Loaded shared library C:\Program Files\Java\jdk-21\bin\java.dll
Event: 0.115 Loaded shared library C:\Program Files\Java\jdk-21\bin\jsvml.dll
Event: 0.333 Loaded shared library C:\Program Files\Java\jdk-21\bin\zip.dll
Event: 0.344 Loaded shared library C:\Program Files\Java\jdk-21\bin\instrument.dll
Event: 0.355 Loaded shared library C:\Program Files\Java\jdk-21\bin\net.dll
Event: 0.359 Loaded shared library C:\Program Files\Java\jdk-21\bin\nio.dll
Event: 0.365 Loaded shared library C:\Program Files\Java\jdk-21\bin\zip.dll
Event: 0.656 Loaded shared library C:\Users\Ric\AppData\Local\Programs\IntelliJ IDEA Community Edition\bin\breakgen64.dll
Event: 0.677 Loaded shared library C:\Program Files\Java\jdk-21\bin\extnet.dll
Event: 0.764 Loaded shared library C:\Program Files\Java\jdk-21\bin\jimage.dll
Event: 1.518 Loaded shared library C:\Program Files\Java\jdk-21\bin\management.dll
Event: 1.523 Loaded shared library C:\Program Files\Java\jdk-21\bin\management_ext.dll

Deoptimization events (20 events):
Event: 4.359 Thread 0x0000020270d29da0 Uncommon trap: trap_request=0xffffffde fr.pc=0x000002026051fca8 relative=0x0000000000000968
Event: 4.359 Thread 0x0000020270d29da0 Uncommon trap: reason=class_check action=maybe_recompile pc=0x000002026051fca8 method=java.util.regex.Pattern$Start.match(Ljava/util/regex/Matcher;ILjava/lang/CharSequence;)Z @ 44 c2
Event: 4.359 Thread 0x0000020270d29da0 DEOPT PACKING pc=0x000002026051fca8 sp=0x0000000f7d6fd940
Event: 4.360 Thread 0x0000020270d29da0 DEOPT UNPACKING pc=0x000002025ff346a2 sp=0x0000000f7d6fd890 mode 2
Event: 4.360 Thread 0x0000020270d29da0 Uncommon trap: trap_request=0xffffff6e fr.pc=0x000002026051fcd0 relative=0x0000000000000990
Event: 4.360 Thread 0x0000020270d29da0 Uncommon trap: reason=loop_limit_check action=maybe_recompile pc=0x000002026051fcd0 method=java.util.regex.Pattern$Start.match(Ljava/util/regex/Matcher;ILjava/lang/CharSequence;)Z @ 34 c2
Event: 4.360 Thread 0x0000020270d29da0 DEOPT PACKING pc=0x000002026051fcd0 sp=0x0000000f7d6fd940
Event: 4.360 Thread 0x0000020270d29da0 DEOPT UNPACKING pc=0x000002025ff346a2 sp=0x0000000f7d6fd8a0 mode 2
Event: 4.375 Thread 0x000002027050a550 Uncommon trap: trap_request=0xffffff45 fr.pc=0x00000202604f5548 relative=0x0000000000000188
Event: 4.376 Thread 0x000002027050a550 Uncommon trap: reason=unstable_if action=reinterpret pc=0x00000202604f5548 method=java.util.concurrent.ConcurrentHashMap.addCount(JI)V @ 34 c2
Event: 4.376 Thread 0x000002027050a550 DEOPT PACKING pc=0x00000202604f5548 sp=0x0000000f7d5fcec0
Event: 4.376 Thread 0x000002027050a550 DEOPT UNPACKING pc=0x000002025ff346a2 sp=0x0000000f7d5fce00 mode 2
Event: 4.383 Thread 0x000002027050a550 Uncommon trap: trap_request=0xffffffc6 fr.pc=0x00000202604f6a64 relative=0x0000000000000364
Event: 4.383 Thread 0x000002027050a550 Uncommon trap: reason=bimorphic_or_optimized_type_check action=maybe_recompile pc=0x00000202604f6a64 method=java.util.HashMap.getNode(Ljava/lang/Object;)Ljava/util/HashMap$Node; @ 63 c2
Event: 4.383 Thread 0x000002027050a550 DEOPT PACKING pc=0x00000202604f6a64 sp=0x0000000f7d5fe140
Event: 4.383 Thread 0x000002027050a550 DEOPT UNPACKING pc=0x000002025ff346a2 sp=0x0000000f7d5fe0b8 mode 2
Event: 4.383 Thread 0x000002027050a550 Uncommon trap: trap_request=0xffffffc6 fr.pc=0x00000202604f6a64 relative=0x0000000000000364
Event: 4.383 Thread 0x000002027050a550 Uncommon trap: reason=bimorphic_or_optimized_type_check action=maybe_recompile pc=0x00000202604f6a64 method=java.util.HashMap.getNode(Ljava/lang/Object;)Ljava/util/HashMap$Node; @ 63 c2
Event: 4.383 Thread 0x000002027050a550 DEOPT PACKING pc=0x00000202604f6a64 sp=0x0000000f7d5fe200
Event: 4.383 Thread 0x000002027050a550 DEOPT UNPACKING pc=0x000002025ff346a2 sp=0x0000000f7d5fe178 mode 2

Classes loaded (20 events):
Event: 4.149 Loading class java/lang/annotation/Repeatable
Event: 4.149 Loading class java/lang/annotation/Repeatable done
Event: 4.315 Loading class java/lang/Byte$ByteCache
Event: 4.315 Loading class java/lang/Byte$ByteCache done
Event: 4.315 Loading class java/lang/Short$ShortCache
Event: 4.316 Loading class java/lang/Short$ShortCache done
Event: 4.365 Loading class java/util/concurrent/ExecutionException
Event: 4.367 Loading class java/util/concurrent/ExecutionException done
Event: 4.372 Loading class java/beans/IntrospectionException
Event: 4.372 Loading class java/beans/IntrospectionException done
Event: 4.373 Loading class java/beans/PropertyDescriptor
Event: 4.373 Loading class java/beans/FeatureDescriptor
Event: 4.374 Loading class java/beans/FeatureDescriptor done
Event: 4.374 Loading class java/beans/PropertyDescriptor done
Event: 4.378 Loading class java/beans/BeanInfo
Event: 4.378 Loading class java/beans/BeanInfo done
Event: 4.385 Loading class java/beans/MethodRef
Event: 4.385 Loading class java/beans/MethodRef done
Event: 4.386 Loading class java/beans/SimpleBeanInfo
Event: 4.387 Loading class java/beans/SimpleBeanInfo done

Classes unloaded (0 events):
No events

Classes redefined (0 events):
No events

Internal exceptions (20 events):
Event: 2.147 Thread 0x000002027050a550 Exception <a 'java/lang/NoSuchMethodError'{0x00000000c61ad288}: 'java.lang.Object java.lang.invoke.DirectMethodHandle$Holder.newInvokeSpecial(java.lang.Object, java.lang.Object, java.lang.Object, java.lang.Object, java.lang.Object, java.lang.Object, int)'> (0x00000000c61ad288) 
thrown [s\open\src\hotspot\share\interpreter\linkResolver.cpp, line 773]
Event: 2.148 Thread 0x000002027050a550 Exception <a 'java/lang/NoSuchMethodError'{0x00000000c61b1838}: 'java.lang.Object java.lang.invoke.DirectMethodHandle$Holder.invokeSpecial(java.lang.Object, java.lang.Object, java.lang.Object, java.lang.Object, java.lang.Object, java.lang.Object, java.lang.Object, int)'> (0x00000000c61b1838) 
thrown [s\open\src\hotspot\share\interpreter\linkResolver.cpp, line 773]
Event: 2.212 Thread 0x000002027050a550 Exception <a 'java/lang/NoSuchMethodError'{0x00000000c60de9e0}: 'int java.lang.invoke.DirectMethodHandle$Holder.invokeInterface(java.lang.Object, java.lang.Object)'> (0x00000000c60de9e0) 
thrown [s\open\src\hotspot\share\interpreter\linkResolver.cpp, line 773]
Event: 2.220 Thread 0x000002027050a550 Exception <a 'java/lang/NoSuchMethodError'{0x00000000c5f00db8}: 'void java.lang.invoke.DirectMethodHandle$Holder.invokeSpecial(java.lang.Object, java.lang.Object, java.lang.Object, java.lang.Object, java.lang.Object)'> (0x00000000c5f00db8) 
thrown [s\open\src\hotspot\share\interpreter\linkResolver.cpp, line 773]
Event: 2.229 Thread 0x000002027050a550 Exception <a 'java/lang/NoSuchMethodError'{0x00000000c5f1d330}: 'java.lang.Object java.lang.invoke.DirectMethodHandle$Holder.invokeSpecial(java.lang.Object, java.lang.Object, java.lang.Object, int, java.lang.Object)'> (0x00000000c5f1d330) 
thrown [s\open\src\hotspot\share\interpreter\linkResolver.cpp, line 773]
Event: 2.230 Thread 0x000002027050a550 Exception <a 'java/lang/NoSuchMethodError'{0x00000000c5f24c20}: 'java.lang.Object java.lang.invoke.DirectMethodHandle$Holder.newInvokeSpecial(java.lang.Object, java.lang.Object, java.lang.Object, int, java.lang.Object)'> (0x00000000c5f24c20) 
thrown [s\open\src\hotspot\share\interpreter\linkResolver.cpp, line 773]
Event: 2.231 Thread 0x000002027050a550 Exception <a 'java/lang/NoSuchMethodError'{0x00000000c5f2c318}: 'java.lang.Object java.lang.invoke.Invokers$Holder.linkToTargetMethod(java.lang.Object, java.lang.Object, int, java.lang.Object, java.lang.Object)'> (0x00000000c5f2c318) 
thrown [s\open\src\hotspot\share\interpreter\linkResolver.cpp, line 773]
Event: 2.233 Thread 0x000002027050a550 Exception <a 'java/lang/NoSuchMethodError'{0x00000000c5f405c0}: 'java.lang.Object java.lang.invoke.DirectMethodHandle$Holder.newInvokeSpecial(java.lang.Object, int, java.lang.Object)'> (0x00000000c5f405c0) 
thrown [s\open\src\hotspot\share\interpreter\linkResolver.cpp, line 773]
Event: 2.235 Thread 0x000002027050a550 Exception <a 'java/lang/NoSuchMethodError'{0x00000000c5f44f70}: 'int java.lang.invoke.DirectMethodHandle$Holder.invokeSpecialIFC(java.lang.Object, java.lang.Object, java.lang.Object, java.lang.Object)'> (0x00000000c5f44f70) 
thrown [s\open\src\hotspot\share\interpreter\linkResolver.cpp, line 773]
Event: 2.278 Thread 0x000002027050a550 Exception <a 'java/lang/NoSuchMethodError'{0x00000000c5e11e50}: 'void java.lang.invoke.DirectMethodHandle$Holder.invokeInterface(java.lang.Object, java.lang.Object, java.lang.Object)'> (0x00000000c5e11e50) 
thrown [s\open\src\hotspot\share\interpreter\linkResolver.cpp, line 773]
Event: 2.326 Thread 0x000002027050a550 Exception <a 'java/lang/NoSuchMethodError'{0x00000000c5eb13b0}: 'void java.lang.invoke.DirectMethodHandle$Holder.invokeStaticInit(java.lang.Object, java.lang.Object, java.lang.Object)'> (0x00000000c5eb13b0) 
thrown [s\open\src\hotspot\share\interpreter\linkResolver.cpp, line 773]
Event: 2.338 Thread 0x000002027050a550 Exception <a 'java/lang/NoSuchMethodError'{0x00000000c5ef5b08}: 'java.lang.Object java.lang.invoke.DirectMethodHandle$Holder.invokeStatic(java.lang.Object, long, java.lang.Object)'> (0x00000000c5ef5b08) 
thrown [s\open\src\hotspot\share\interpreter\linkResolver.cpp, line 773]
Event: 2.338 Thread 0x000002027050a550 Exception <a 'java/lang/NoSuchMethodError'{0x00000000c5ef9160}: 'java.lang.Object java.lang.invoke.DirectMethodHandle$Holder.invokeStaticInit(java.lang.Object, long, java.lang.Object)'> (0x00000000c5ef9160) 
thrown [s\open\src\hotspot\share\interpreter\linkResolver.cpp, line 773]
Event: 2.339 Thread 0x000002027050a550 Exception <a 'java/lang/NoSuchMethodError'{0x00000000c5efe8c8}: 'java.lang.Object java.lang.invoke.DirectMethodHandle$Holder.newInvokeSpecial(java.lang.Object, long)'> (0x00000000c5efe8c8) 
thrown [s\open\src\hotspot\share\interpreter\linkResolver.cpp, line 773]
Event: 2.372 Thread 0x000002027050a550 Exception <a 'java/lang/NoSuchMethodError'{0x00000000c5d59c10}: 'void java.lang.invoke.DirectMethodHandle$Holder.invokeVirtual(java.lang.Object, java.lang.Object, java.lang.Object, java.lang.Object)'> (0x00000000c5d59c10) 
thrown [s\open\src\hotspot\share\interpreter\linkResolver.cpp, line 773]
Event: 2.472 Thread 0x000002027050a550 Exception <a 'java/lang/IncompatibleClassChangeError'{0x00000000c5cec2e0}: Found class java.lang.Object, but interface was expected> (0x00000000c5cec2e0) 
thrown [s\open\src\hotspot\share\interpreter\linkResolver.cpp, line 840]
Event: 2.474 Thread 0x0000020270d29da0 Exception <a 'java/lang/NoClassDefFoundError'{0x00000000c5cdb0a0}: jakarta/validation/Validation> (0x00000000c5cdb0a0) 
thrown [s\open\src\hotspot\share\classfile\systemDictionary.cpp, line 301]
Event: 2.484 Thread 0x000002027050a550 Exception <a 'java/lang/NoSuchMethodError'{0x00000000c5b0ac78}: 'java.lang.Object java.lang.invoke.DirectMethodHandle$Holder.invokeStaticInit(java.lang.Object, int)'> (0x00000000c5b0ac78) 
thrown [s\open\src\hotspot\share\interpreter\linkResolver.cpp, line 773]
Event: 2.489 Thread 0x000002027050a550 Exception <a 'java/lang/NoSuchMethodError'{0x00000000c5b6aca0}: 'java.lang.Object java.lang.invoke.DirectMethodHandle$Holder.invokeStatic(java.lang.Object, int, java.lang.Object)'> (0x00000000c5b6aca0) 
thrown [s\open\src\hotspot\share\interpreter\linkResolver.cpp, line 773]
Event: 2.489 Thread 0x000002027050a550 Exception <a 'java/lang/NoSuchMethodError'{0x00000000c5b6e2f0}: 'java.lang.Object java.lang.invoke.DirectMethodHandle$Holder.invokeStaticInit(java.lang.Object, int, java.lang.Object)'> (0x00000000c5b6e2f0) 
thrown [s\open\src\hotspot\share\interpreter\linkResolver.cpp, line 773]

ZGC Phase Switch (0 events):
No events

VM Operations (20 events):
Event: 1.784 Executing VM operation: HandshakeAllThreads (Deoptimize)
Event: 1.784 Executing VM operation: HandshakeAllThreads (Deoptimize) done
Event: 1.863 Executing VM operation: G1CollectForAllocation (G1 Evacuation Pause)
Event: 1.868 Executing VM operation: G1CollectForAllocation (G1 Evacuation Pause) done
Event: 2.269 Executing VM operation: HandshakeAllThreads (Deoptimize)
Event: 2.269 Executing VM operation: HandshakeAllThreads (Deoptimize) done
Event: 2.450 Executing VM operation: HandshakeAllThreads (Deoptimize)
Event: 2.450 Executing VM operation: HandshakeAllThreads (Deoptimize) done
Event: 2.456 Executing VM operation: HandshakeAllThreads (Deoptimize)
Event: 2.456 Executing VM operation: HandshakeAllThreads (Deoptimize) done
Event: 2.456 Executing VM operation: HandshakeAllThreads (Deoptimize)
Event: 2.456 Executing VM operation: HandshakeAllThreads (Deoptimize) done
Event: 2.885 Executing VM operation: HandshakeAllThreads (Deoptimize)
Event: 2.885 Executing VM operation: HandshakeAllThreads (Deoptimize) done
Event: 2.885 Executing VM operation: Cleanup
Event: 2.886 Executing VM operation: Cleanup done
Event: 4.244 Executing VM operation: G1CollectForAllocation (G1 Evacuation Pause)
Event: 4.250 Executing VM operation: G1CollectForAllocation (G1 Evacuation Pause) done
Event: 4.304 Executing VM operation: HandshakeAllThreads (Deoptimize)
Event: 4.304 Executing VM operation: HandshakeAllThreads (Deoptimize) done

Events (15 events):
Event: 0.078 Thread 0x000002024ed66150 Thread added: 0x000002024ed66150
Event: 0.111 Thread 0x000002026b9228a0 Thread added: 0x000002026b9228a0
Event: 0.112 Thread 0x000002026b924470 Thread added: 0x000002026b924470
Event: 0.112 Thread 0x000002026b926560 Thread added: 0x000002026b926560
Event: 0.112 Thread 0x000002026b926fc0 Thread added: 0x000002026b926fc0
Event: 0.112 Thread 0x000002026b927a20 Thread added: 0x000002026b927a20
Event: 0.112 Thread 0x000002026b930490 Thread added: 0x000002026b930490
Event: 0.113 Thread 0x000002026b936730 Thread added: 0x000002026b936730
Event: 0.113 Thread 0x000002026b93b1f0 Thread added: 0x000002026b93b1f0
Event: 0.289 Thread 0x000002026b8ed1f0 Thread added: 0x000002026b8ed1f0
Event: 0.657 Thread 0x000002026be76970 Thread added: 0x000002026be76970
Event: 0.658 Thread 0x0000020270008090 Thread added: 0x0000020270008090
Event: 1.622 Thread 0x0000020270509ee0 Thread added: 0x0000020270509ee0
Event: 1.627 Thread 0x000002027050a550 Thread added: 0x000002027050a550
Event: 2.467 Thread 0x0000020270d29da0 Thread added: 0x0000020270d29da0


Dynamic libraries:
0x00007ff7a04e0000 - 0x00007ff7a04f0000 	C:\Program Files\Java\jdk-21\bin\java.exe
0x00007ffa79e50000 - 0x00007ffa7a048000 	C:\Windows\SYSTEM32\ntdll.dll
0x00007ffa79d40000 - 0x00007ffa79e01000 	C:\Windows\System32\KERNEL32.DLL
0x00007ffa77500000 - 0x00007ffa777fd000 	C:\Windows\System32\KERNELBASE.dll
0x00007ffa77920000 - 0x00007ffa77a20000 	C:\Windows\System32\ucrtbase.dll
0x00007ffa73a70000 - 0x00007ffa73a8b000 	C:\Program Files\Java\jdk-21\bin\VCRUNTIME140.dll
0x00007ffa73850000 - 0x00007ffa73869000 	C:\Program Files\Java\jdk-21\bin\jli.dll
0x00007ffa78920000 - 0x00007ffa789d0000 	C:\Windows\System32\ADVAPI32.dll
0x00007ffa78e00000 - 0x00007ffa78e9e000 	C:\Windows\System32\msvcrt.dll
0x00007ffa79bb0000 - 0x00007ffa79c50000 	C:\Windows\System32\sechost.dll
0x00007ffa797b0000 - 0x00007ffa798d3000 	C:\Windows\System32\RPCRT4.dll
0x00007ffa77d20000 - 0x00007ffa77d47000 	C:\Windows\System32\bcrypt.dll
0x00007ffa78eb0000 - 0x00007ffa7904d000 	C:\Windows\System32\USER32.dll
0x00007ffa77a20000 - 0x00007ffa77a42000 	C:\Windows\System32\win32u.dll
0x00007ffa64ea0000 - 0x00007ffa6513a000 	C:\Windows\WinSxS\amd64_microsoft.windows.common-controls_6595b64144ccf1df_6.0.19041.4355_none_60b8b9eb71f62e16\COMCTL32.dll
0x00007ffa78720000 - 0x00007ffa7874b000 	C:\Windows\System32\GDI32.dll
0x00007ffa77800000 - 0x00007ffa77917000 	C:\Windows\System32\gdi32full.dll
0x00007ffa77de0000 - 0x00007ffa77e7d000 	C:\Windows\System32\msvcp_win.dll
0x00007ffa69220000 - 0x00007ffa6922a000 	C:\Windows\SYSTEM32\VERSION.dll
0x00007ffa78750000 - 0x00007ffa7877f000 	C:\Windows\System32\IMM32.DLL
0x00007ffa737e0000 - 0x00007ffa737ec000 	C:\Program Files\Java\jdk-21\bin\vcruntime140_1.dll
0x00007ffa6ef40000 - 0x00007ffa6efce000 	C:\Program Files\Java\jdk-21\bin\msvcp140.dll
0x00007ffa43610000 - 0x00007ffa44323000 	C:\Program Files\Java\jdk-21\bin\server\jvm.dll
0x00007ffa78d30000 - 0x00007ffa78d9b000 	C:\Windows\System32\WS2_32.dll
0x00007ffa772a0000 - 0x00007ffa772eb000 	C:\Windows\SYSTEM32\POWRPROF.dll
0x00007ffa64370000 - 0x00007ffa64397000 	C:\Windows\SYSTEM32\WINMM.dll
0x00007ffa77280000 - 0x00007ffa77292000 	C:\Windows\SYSTEM32\UMPDC.dll
0x00007ffa75340000 - 0x00007ffa75352000 	C:\Windows\SYSTEM32\kernel.appcore.dll
0x00007ffa737d0000 - 0x00007ffa737da000 	C:\Program Files\Java\jdk-21\bin\jimage.dll
0x00007ffa5ed90000 - 0x00007ffa5ef74000 	C:\Windows\SYSTEM32\DBGHELP.DLL
0x00007ffa5ed50000 - 0x00007ffa5ed84000 	C:\Windows\SYSTEM32\dbgcore.DLL
0x00007ffa77d50000 - 0x00007ffa77dd2000 	C:\Windows\System32\bcryptPrimitives.dll
0x00007ffa71b90000 - 0x00007ffa71b9f000 	C:\Program Files\Java\jdk-21\bin\instrument.dll
0x00007ffa6f1d0000 - 0x00007ffa6f1ef000 	C:\Program Files\Java\jdk-21\bin\java.dll
0x00007ffa77e80000 - 0x00007ffa785ef000 	C:\Windows\System32\SHELL32.dll
0x00007ffa75540000 - 0x00007ffa75cdf000 	C:\Windows\SYSTEM32\windows.storage.dll
0x00007ffa789d0000 - 0x00007ffa78d23000 	C:\Windows\System32\combase.dll
0x00007ffa76d70000 - 0x00007ffa76d9e000 	C:\Windows\SYSTEM32\Wldp.dll
0x00007ffa79ae0000 - 0x00007ffa79bad000 	C:\Windows\System32\OLEAUT32.dll
0x00007ffa78790000 - 0x00007ffa7883d000 	C:\Windows\System32\SHCORE.dll
0x00007ffa78da0000 - 0x00007ffa78df5000 	C:\Windows\System32\shlwapi.dll
0x00007ffa77430000 - 0x00007ffa77454000 	C:\Windows\SYSTEM32\profapi.dll
0x00007ffa64d10000 - 0x00007ffa64de7000 	C:\Program Files\Java\jdk-21\bin\jsvml.dll
0x00007ffa6f130000 - 0x00007ffa6f148000 	C:\Program Files\Java\jdk-21\bin\zip.dll
0x00007ffa6f170000 - 0x00007ffa6f180000 	C:\Program Files\Java\jdk-21\bin\net.dll
0x00007ffa70e40000 - 0x00007ffa70f4d000 	C:\Windows\SYSTEM32\WINHTTP.dll
0x00007ffa76b50000 - 0x00007ffa76bba000 	C:\Windows\system32\mswsock.dll
0x00007ffa6f150000 - 0x00007ffa6f166000 	C:\Program Files\Java\jdk-21\bin\nio.dll
0x00007ffa6f110000 - 0x00007ffa6f12a000 	C:\Users\Ric\AppData\Local\Programs\IntelliJ IDEA Community Edition\bin\breakgen64.dll
0x00007ffa6f100000 - 0x00007ffa6f109000 	C:\Program Files\Java\jdk-21\bin\extnet.dll
0x00007ffa6eef0000 - 0x00007ffa6eefa000 	C:\Program Files\Java\jdk-21\bin\management.dll
0x00007ffa6eea0000 - 0x00007ffa6eeab000 	C:\Program Files\Java\jdk-21\bin\management_ext.dll
0x00007ffa78780000 - 0x00007ffa78788000 	C:\Windows\System32\PSAPI.DLL

dbghelp: loaded successfully - version: 4.0.5 - missing functions: none
symbol engine: initialized successfully - sym options: 0x614 - pdb path: .;C:\Program Files\Java\jdk-21\bin;C:\Windows\SYSTEM32;C:\Windows\WinSxS\amd64_microsoft.windows.common-controls_6595b64144ccf1df_6.0.19041.4355_none_60b8b9eb71f62e16;C:\Program Files\Java\jdk-21\bin\server;C:\Users\Ric\AppData\Local\Programs\IntelliJ IDEA Community Edition\bin

VM Arguments:
jvm_args: -javaagent:C:\Users\Ric\AppData\Local\Programs\IntelliJ IDEA Community Edition\lib\idea_rt.jar=9266:C:\Users\Ric\AppData\Local\Programs\IntelliJ IDEA Community Edition\bin -Dfile.encoding=UTF-8 -Dsun.stdout.encoding=UTF-8 -Dsun.stderr.encoding=UTF-8 
java_command: com.hasinarezida.biblio.BiblioApplication
java_class_path (initial): C:\Users\Ric\Documents\projects\work\BibliothequeNumerique\target\classes;C:\Users\Ric\.m2\repository\org\springframework\boot\spring-boot-starter-web\3.3.2\spring-boot-starter-web-3.3.2.jar;C:\Users\Ric\.m2\repository\org\springframework\boot\spring-boot-starter\3.3.2\spring-boot-starter-3.3.2.jar;C:\Users\Ric\.m2\repository\org\springframework\boot\spring-boot-starter-logging\3.3.2\spring-boot-starter-logging-3.3.2.jar;C:\Users\Ric\.m2\repository\ch\qos\logback\logback-classic\1.5.6\logback-classic-1.5.6.jar;C:\Users\Ric\.m2\repository\ch\qos\logback\logback-core\1.5.6\logback-core-1.5.6.jar;C:\Users\Ric\.m2\repository\org\apache\logging\log4j\log4j-to-slf4j\2.23.1\log4j-to-slf4j-2.23.1.jar;C:\Users\Ric\.m2\repository\org\apache\logging\log4j\log4j-api\2.23.1\log4j-api-2.23.1.jar;C:\Users\Ric\.m2\repository\org\slf4j\jul-to-slf4j\2.0.13\jul-to-slf4j-2.0.13.jar;C:\Users\Ric\.m2\repository\jakarta\annotation\jakarta.annotation-api\2.1.1\jakarta.annotation-api-2.1.1.jar;C:\Users\Ric\.m2\repository\org\yaml\snakeyaml\2.2\snakeyaml-2.2.jar;C:\Users\Ric\.m2\repository\org\springframework\boot\spring-boot-starter-json\3.3.2\spring-boot-starter-json-3.3.2.jar;C:\Users\Ric\.m2\repository\com\fasterxml\jackson\core\jackson-databind\2.17.2\jackson-databind-2.17.2.jar;C:\Users\Ric\.m2\repository\com\fasterxml\jackson\core\jackson-annotations\2.17.2\jackson-annotations-2.17.2.jar;C:\Users\Ric\.m2\repository\com\fasterxml\jackson\datatype\jackson-datatype-jdk8\2.17.2\jackson-datatype-jdk8-2.17.2.jar;C:\Users\Ric\.m2\repository\com\fasterxml\jackson\datatype\jackson-datatype-jsr310\2.17.2\jackson-datatype-jsr310-2.17.2.jar;C:\Users\Ric\.m2\repository\com\fasterxml\jackson\module\jackson-module-parameter-names\2.17.2\jackson-module-parameter-names-2.17.2.jar;C:\Users\Ric\.m2\repository\org\springframework\boot\spring-boot-starter-tomcat\3.3.2\spring-boot-starter-tomcat-3.3.2.jar;C:\Users\Ric\.m2\repository\org\apache\tomcat\embed\tomcat-embed-core\10.1.26\tomcat-embed-core-10.1.26.jar;C:\Users\Ric\.m2\repository\org\apache\tomcat\embed\tomcat-embed-el\10.1.26\tomcat-embed-el-10.1.26.jar;C:\Users\Ric\.m2\repository\org\apache\tomcat\embed\tomcat-embed-websocket\10.1.26\tomcat-embed-websocket-10.1.26.jar;C:\Users\Ric\.m2\repository\org\springframework\spring-web\6.1.11\spring-web-6.1.11.jar;C:\Users\Ric\.m2\repository\org\springframework\spring-beans\6.1.11\spring-beans-6.1.11.jar;C:\Users\Ric\.m2\repository\io\micrometer\micrometer-observation\1.13.2\micrometer-observation-1.13.2.jar;C:\Users\Ric\.m2\repository\io\micrometer\micrometer-commons\1.13.2\micrometer-commons-1.13.2.jar;C:\Users\Ric\.m2\repository\org\springframework\spring-webmvc\6.1.11\spring-webmvc-6.1.11.jar;C:\Users\Ric\.m2\repository\org\springframework\spring-context\6.1.11\spring-context-6.1.11.jar;C:\Users\Ric\.m2\repository\org\springframework\spring-expression\6.1.11\spring-expression-6.1.11.jar;C:\Users\Ric\.m2\repository\org\springframework\boot\spring-boot-starter-thymeleaf\3.3.2\spring-boot-starter-thymeleaf-3.3.2.jar;C:\Users\Ric\.m2\repository\org\thymeleaf\thymeleaf-spring6\3.1.2.RELEASE\thymeleaf-spring6-3.1.2.RELEASE.jar;C:\Users\Ric\.m2\repository\org\thymeleaf\thymeleaf\3.1.2.RELEASE\thymeleaf-3.1.2.RELEASE.jar;C:\Users\Ric\.m2\repository\org\attoparser\attoparser\2.0.7.RELEASE\attoparser-2.0.7.RELEASE.jar;C:\Users\Ric\.m2\repository\org\unbescape\unbescape\1.1.6.RELEASE\unbescape-1.1.6.RELEASE.jar;C:\Users\Ric\.m2\repository\org\slf4j\slf4j-api\2.0.13\slf4j-api-2.0.13.jar;C:\Users\Ric\.m2\repository\org\springframework\boot\spring-boot-starter-security\3.3.2\spring-boot-starter-security-3.3.2.jar;C:\Users\Ric\.m2\repository\org\springframework\spring-aop\6.1.11\spring-aop-6.1.11.jar;C:\Users\Ric\.m2\repository\org\springframework\security\spring-security-config\6.3.1\spring-security-config-6.3.1.jar;C:\Users\Ric\.m2\repository\org\springframework\security\spring-security-web\6.3.1\spring-security-web-6.3.1.jar;C:\Users\Ric\.m2\repository\org\springframework\boot\spring-boot-starter-data-jpa\3.3.2\spring-boot-starter-data-jpa-3.3.2.jar;C:\Users\Ric\.m2\repository\org\springframework\boot\spring-boot-starter-aop\3.3.2\spring-boot-starter-aop-3.3.2.jar;C:\Users\Ric\.m2\repository\org\aspectj\aspectjweaver\1.9.22.1\aspectjweaver-1.9.22.1.jar;C:\Users\Ric\.m2\repository\org\springframework\boot\spring-boot-starter-jdbc\3.3.2\spring-boot-starter-jdbc-3.3.2.jar;C:\Users\Ric\.m2\repository\com\zaxxer\HikariCP\5.1.0\HikariCP-5.1.0.jar;C:\Users\Ric\.m2\repository\org\springframework\spring-jdbc\6.1.11\spring-jdbc-6.1.11.jar;C:\Users\Ric\.m2\repository\org\hibernate\orm\hibernate-core\6.5.2.Final\hibernate-core-6.5.2.Final.jar;C:\Users\Ric\.m2\repository\jakarta\persistence\jakarta.persistence-api\3.1.0\jakarta.persistence-api-3.1.0.jar;C:\Users\Ric\.m2\repository\jakarta\transaction\jakarta.transaction-api\2.0.1\jakarta.transaction-api-2.0.1.jar;C:\Users\Ric\.m2\repository\org\jboss\logging\jboss-logging\3.5.3.Final\jboss-logging-3.5.3.Final.jar;C:\Users\Ric\.m2\repository\org\hibernate\common\hibernate-commons-annotations\6.0.6.Final\hibernate-commons-annotations-6.0.6.Final.jar;C:\Users\Ric\.m2\repository\io\smallrye\jandex\3.1.2\jandex-3.1.2.jar;C:\Users\Ric\.m2\repository\com\fasterxml\classmate\1.7.0\classmate-1.7.0.jar;C:\Users\Ric\.m2\repository\net\bytebuddy\byte-buddy\1.14.18\byte-buddy-1.14.18.jar;C:\Users\Ric\.m2\repository\org\glassfish\jaxb\jaxb-runtime\4.0.5\jaxb-runtime-4.0.5.jar;C:\Users\Ric\.m2\repository\org\glassfish\jaxb\jaxb-core\4.0.5\jaxb-core-4.0.5.jar;C:\Users\Ric\.m2\repository\org\eclipse\angus\angus-activation\2.0.2\angus-activation-2.0.2.jar;C:\Users\Ric\.m2\repository\org\glassfish\jaxb\txw2\4.0.5\txw2-4.0.5.jar;C:\Users\Ric\.m2\repository\com\sun\istack\istack-commons-runtime\4.1.2\istack-commons-runtime-4.1.2.jar;C:\Users\Ric\.m2\repository\jakarta\inject\jakarta.inject-api\2.0.1\jakarta.inject-api-2.0.1.jar;C:\Users\Ric\.m2\repository\org\antlr\antlr4-runtime\4.13.0\antlr4-runtime-4.13.0.jar;C:\Users\Ric\.m2\repository\org\springframework\data\spring-data-jpa\3.3.2\spring-data-jpa-3.3.2.jar;C:\Users\Ric\.m2\repository\org\springframework\data\spring-data-commons\3.3.2\spring-data-commons-3.3.2.jar;C:\Users\Ric\.m2\repository\org\springframework\spring-orm\6.1.11\spring-orm-6.1.11.jar;C:\Users\Ric\.m2\repository\org\springframework\spring-tx\6.1.11\spring-tx-6.1.11.jar;C:\Users\Ric\.m2\repository\org\springframework\spring-aspects\6.1.11\spring-aspects-6.1.11.jar;C:\Users\Ric\.m2\repository\org\postgresql\postgresql\42.7.3\postgresql-42.7.3.jar;C:\Users\Ric\.m2\repository\org\checkerframework\checker-qual\3.42.0\checker-qual-3.42.0.jar;C:\Users\Ric\.m2\repository\com\h2database\h2\2.2.224\h2-2.2.224.jar;C:\Users\Ric\.m2\repository\org\flywaydb\flyway-core\10.10.0\flyway-core-10.10.0.jar;C:\Users\Ric\.m2\repository\com\fasterxml\jackson\dataformat\jackson-dataformat-toml\2.17.2\jackson-dataformat-toml-2.17.2.jar;C:\Users\Ric\.m2\repository\com\fasterxml\jackson\core\jackson-core\2.17.2\jackson-core-2.17.2.jar;C:\Users\Ric\.m2\repository\com\google\code\gson\gson\2.10.1\gson-2.10.1.jar;C:\Users\Ric\.m2\repository\org\springframework\boot\spring-boot-devtools\3.3.2\spring-boot-devtools-3.3.2.jar;C:\Users\Ric\.m2\repository\org\springframework\boot\spring-boot\3.3.2\spring-boot-3.3.2.jar;C:\Users\Ric\.m2\repository\org\springframework\boot\spring-boot-autoconfigure\3.3.2\spring-boot-autoconfigure-3.3.2.jar;C:\Users\Ric\.m2\repository\jakarta\xml\bind\jakarta.xml.bind-api\4.0.2\jakarta.xml.bind-api-4.0.2.jar;C:\Users\Ric\.m2\repository\jakarta\activation\jakarta.activation-api\2.1.3\jakarta.activation-api-2.1.3.jar;C:\Users\Ric\.m2\repository\org\springframework\spring-core\6.1.11\spring-core-6.1.11.jar;C:\Users\Ric\.m2\repository\org\springframework\spring-jcl\6.1.11\spring-jcl-6.1.11.jar;C:\Users\Ric\.m2\repository\org\springframework\security\spring-security-core\6.3.1\spring-security-core-6.3.1.jar;C:\Users\Ric\.m2\repository\org\springframework\security\spring-security-crypto\6.3.1\spring-security-crypto-6.3.1.jar
Launcher Type: SUN_STANDARD

[Global flags]
     intx CICompilerCount                          = 3                                         {product} {ergonomic}
     uint ConcGCThreads                            = 1                                         {product} {ergonomic}
     uint G1ConcRefinementThreads                  = 4                                         {product} {ergonomic}
   size_t G1HeapRegionSize                         = 1048576                                   {product} {ergonomic}
    uintx GCDrainStackTargetSize                   = 64                                        {product} {ergonomic}
   size_t InitialHeapSize                          = 65011712                                  {product} {ergonomic}
   size_t MarkStackSize                            = 4194304                                   {product} {ergonomic}
   size_t MaxHeapSize                              = 1031798784                                {product} {ergonomic}
   size_t MaxNewSize                               = 618659840                                 {product} {ergonomic}
   size_t MinHeapDeltaBytes                        = 1048576                                   {product} {ergonomic}
   size_t MinHeapSize                              = 8388608                                   {product} {ergonomic}
    uintx NonNMethodCodeHeapSize                   = 5832780                                {pd product} {ergonomic}
    uintx NonProfiledCodeHeapSize                  = 122912730                              {pd product} {ergonomic}
    uintx ProfiledCodeHeapSize                     = 122912730                              {pd product} {ergonomic}
    uintx ReservedCodeCacheSize                    = 251658240                              {pd product} {ergonomic}
     bool SegmentedCodeCache                       = true                                      {product} {ergonomic}
   size_t SoftMaxHeapSize                          = 1031798784                             {manageable} {ergonomic}
     bool UseCompressedOops                        = true                           {product lp64_product} {ergonomic}
     bool UseG1GC                                  = true                                      {product} {ergonomic}
     bool UseLargePagesIndividualAllocation        = false                                  {pd product} {ergonomic}

Logging:
Log output configuration:
 #0: stdout all=warning uptime,level,tags foldmultilines=false
 #1: stderr all=off uptime,level,tags foldmultilines=false

Environment Variables:
PATH=C:\Program Files\Common Files\Oracle\Java\javapath;C:\Windows\system32;C:\Windows;C:\Windows\System32\Wbem;C:\Windows\System32\WindowsPowerShell\v1.0\;C:\Windows\System32\OpenSSH\;C:\Program Files\Microsoft SQL Server\150\Tools\Binn\;C:\Program Files\Git\bin;C:\Users\Ric\AppData\Roaming\nvm;C:\Program Files\nodejs;C:\Program Files\Docker\Docker\resources\bin;C:\Users\Ric\AppData\Local\Programs\Python\Python311\Scripts\;C:\Users\Ric\AppData\Local\Programs\Python\Python311\;C:\Users\Ric\AppData\Local\Microsoft\WindowsApps;C:\Users\Ric\.dotnet\tools;C:\Users\Ric\AppData\Local\Programs\Microsoft VS Code\bin;C:\dev\flutter\bin;C:\Users\Ric\AppData\Roaming\npm;C:\Users\Ric\AppData\Roaming\nvm;C:\Program Files\nodejs;C:\Users\Ric\AppData\Local\JetBrains\Toolbox\scripts;C:\Users\Ric\modelio\Modelio Open Source 5.4\plugins\org.apache.ant_1.10.9.v20201106-1946\META-INF;C:\Users\Ric\Documents\projects\work\biblio;C:\ProgramData\Microsoft\Windows\Start Menu\Programs\PostgreSQL 16;C:\ProgramData\Microsoft\Windows\Start Menu\Programs\PostgreSQL 16;
USERNAME=Ric
OS=Windows_NT
PROCESSOR_IDENTIFIER=Intel64 Family 6 Model 58 Stepping 9, GenuineIntel
TMP=C:\Users\Ric\AppData\Local\Temp
TEMP=C:\Users\Ric\AppData\Local\Temp




Periodic native trim disabled

---------------  S Y S T E M  ---------------

OS:
 Windows 10 , 64 bit Build 19041 (10.0.19041.4717)
OS uptime: 0 days 1:41 hours
Hyper-V role detected

CPU: total 4 (initial active 4) (2 cores per cpu, 2 threads per core) family 6 model 58 stepping 9 microcode 0x21, cx8, cmov, fxsr, ht, mmx, sse, sse2, sse3, ssse3, sse4.1, sse4.2, popcnt, tsc, tscinvbit, avx, aes, erms, clmul, vzeroupper, clflush, hv, rdtscp, f16c
Processor Information for all 4 processors :
  Max Mhz: 2501, Current Mhz: 2501, Mhz Limit: 2501

Memory: 4k page, system-wide physical 3933M (217M free)
TotalPageFile size 8109M (AvailPageFile size 0M)
current process WorkingSet (physical memory assigned to process): 112M, peak: 112M
current process commit charge ("private bytes"): 169M, peak: 169M

vm_info: Java HotSpot(TM) 64-Bit Server VM (21.0.4+8-LTS-274) for windows-amd64 JRE (21.0.4+8-LTS-274), built on 2024-06-05T05:23:33Z by "mach5one" with MS VC++ 17.6 (VS2022)

END.
