#
# There is insufficient memory for the Java Runtime Environment to continue.
# Native memory allocation (malloc) failed to allocate 992016 bytes for Chunk::new
# Possible reasons:
#   The system is out of physical RAM or swap space
#   The process is running with CompressedOops enabled, and the Java Heap may be blocking the growth of the native heap
# Possible solutions:
#   Reduce memory load on the system
#   Increase physical memory or swap space
#   Check if swap backing store is full
#   Decrease Java heap size (-Xmx/-Xms)
#   Decrease number of Java threads
#   Decrease Java thread stack sizes (-Xss)
#   Set larger code cache with -XX:ReservedCodeCacheSize=
#   JVM is running with Unscaled Compressed Oops mode in which the Java heap is
#     placed in the first 4GB address space. The Java Heap base address is the
#     maximum limit for the native heap growth. Please use -XX:HeapBaseMinAddress
#     to set the Java Heap base and to place the Java Heap above 4GB virtual address.
# This output file may be truncated or incomplete.
#
#  Out of Memory Error (arena.cpp:168), pid=13344, tid=14244
#
# JRE version: Java(TM) SE Runtime Environment (21.0.4+8) (build 21.0.4+8-LTS-274)
# Java VM: Java HotSpot(TM) 64-Bit Server VM (21.0.4+8-LTS-274, mixed mode, sharing, tiered, compressed oops, compressed class ptrs, g1 gc, windows-amd64)
# No core dump will be written. Minidumps are not enabled by default on client versions of Windows
#

---------------  S U M M A R Y ------------

Command Line: -javaagent:C:\Users\Ric\AppData\Local\Programs\IntelliJ IDEA Community Edition\lib\idea_rt.jar=9074:C:\Users\Ric\AppData\Local\Programs\IntelliJ IDEA Community Edition\bin -Dfile.encoding=UTF-8 -Dsun.stdout.encoding=UTF-8 -Dsun.stderr.encoding=UTF-8 com.hasinarezida.biblio.BiblioApplication

Host: Intel(R) Core(TM) i5-3210M CPU @ 2.50GHz, 4 cores, 3G,  Windows 10 , 64 bit Build 19041 (10.0.19041.4717)
Time: Wed Sep  4 11:10:53 2024 E. Africa Standard Time elapsed time: 15.221713 seconds (0d 0h 0m 15s)

---------------  T H R E A D  ---------------

Current thread (0x00000293974f2f90):  JavaThread "C2 CompilerThread0" daemon [_thread_in_native, id=14244, stack(0x000000ba54600000,0x000000ba54700000) (1024K)]


Current CompileTask:
C2:  15221 4173       4       org.springframework.core.annotation.AnnotationsScanner::getDeclaredAnnotations (166 bytes)

Stack: [0x000000ba54600000,0x000000ba54700000]
Native frames: (J=compiled Java code, j=interpreted, Vv=VM code, C=native code)
V  [jvm.dll+0x6c8e59]
V  [jvm.dll+0x853181]
V  [jvm.dll+0x8556ae]
V  [jvm.dll+0x855d83]
V  [jvm.dll+0x27d526]
V  [jvm.dll+0xc4aad]
V  [jvm.dll+0xc4fe3]
V  [jvm.dll+0x3b3fd2]
V  [jvm.dll+0x3809a5]
V  [jvm.dll+0x37fe1a]
V  [jvm.dll+0x246280]
V  [jvm.dll+0x24585f]
V  [jvm.dll+0x1c69de]
V  [jvm.dll+0x254d49]
V  [jvm.dll+0x2532da]
V  [jvm.dll+0x3ed426]
V  [jvm.dll+0x7fd65b]
V  [jvm.dll+0x6c753d]
C  [ucrtbase.dll+0x21bb2]
C  [KERNEL32.DLL+0x17374]
C  [ntdll.dll+0x4cc91]


---------------  P R O C E S S  ---------------

Threads class SMR info:
_java_thread_list=0x00000293ddc8d650, length=14, elements={
0x00000293f97150d0, 0x00000293974e48e0, 0x00000293974e74c0, 0x00000293974e96f0,
0x00000293974ea150, 0x00000293974ebaf0, 0x00000293974efa50, 0x00000293974f2f90,
0x00000293974f85f0, 0x000002939771afe0, 0x0000029397718880, 0x00000293977195a0,
0x00000293977181f0, 0x0000029397717b60
}

Java Threads: ( => current thread )
  0x00000293f97150d0 JavaThread "main"                              [_thread_blocked, id=12300, stack(0x000000ba53800000,0x000000ba53900000) (1024K)]
  0x00000293974e48e0 JavaThread "Reference Handler"          daemon [_thread_blocked, id=6416, stack(0x000000ba54000000,0x000000ba54100000) (1024K)]
  0x00000293974e74c0 JavaThread "Finalizer"                  daemon [_thread_blocked, id=8992, stack(0x000000ba54100000,0x000000ba54200000) (1024K)]
  0x00000293974e96f0 JavaThread "Signal Dispatcher"          daemon [_thread_blocked, id=3828, stack(0x000000ba54200000,0x000000ba54300000) (1024K)]
  0x00000293974ea150 JavaThread "Attach Listener"            daemon [_thread_blocked, id=6752, stack(0x000000ba54300000,0x000000ba54400000) (1024K)]
  0x00000293974ebaf0 JavaThread "Service Thread"             daemon [_thread_blocked, id=2700, stack(0x000000ba54400000,0x000000ba54500000) (1024K)]
  0x00000293974efa50 JavaThread "Monitor Deflation Thread"   daemon [_thread_blocked, id=5420, stack(0x000000ba54500000,0x000000ba54600000) (1024K)]
=>0x00000293974f2f90 JavaThread "C2 CompilerThread0"         daemon [_thread_in_native, id=14244, stack(0x000000ba54600000,0x000000ba54700000) (1024K)]
  0x00000293974f85f0 JavaThread "C1 CompilerThread0"         daemon [_thread_blocked, id=5580, stack(0x000000ba54700000,0x000000ba54800000) (1024K)]
  0x000002939771afe0 JavaThread "Common-Cleaner"             daemon [_thread_blocked, id=8180, stack(0x000000ba54800000,0x000000ba54900000) (1024K)]
  0x0000029397718880 JavaThread "Monitor Ctrl-Break"         daemon [_thread_in_native, id=13524, stack(0x000000ba54a00000,0x000000ba54b00000) (1024K)]
  0x00000293977195a0 JavaThread "Notification Thread"        daemon [_thread_blocked, id=9032, stack(0x000000ba54b00000,0x000000ba54c00000) (1024K)]
  0x00000293977181f0 JavaThread "Thread-0"                          [_thread_blocked, id=11688, stack(0x000000ba54e00000,0x000000ba54f00000) (1024K)]
  0x0000029397717b60 JavaThread "restartedMain"                     [_thread_in_native, id=6692, stack(0x000000ba54f00000,0x000000ba55000000) (1024K)]
Total: 14

Other Threads:
  0x00000293f97d3960 VMThread "VM Thread"                           [id=8524, stack(0x000000ba53f00000,0x000000ba54000000) (1024K)]
  0x00000293f97c1180 WatcherThread "VM Periodic Task Thread"        [id=12268, stack(0x000000ba53e00000,0x000000ba53f00000) (1024K)]
  0x00000293f974da20 WorkerThread "GC Thread#0"                     [id=12536, stack(0x000000ba53900000,0x000000ba53a00000) (1024K)]
  0x00000293dd5fc150 WorkerThread "GC Thread#1"                     [id=1164, stack(0x000000ba54900000,0x000000ba54a00000) (1024K)]
  0x00000293dd50a3f0 WorkerThread "GC Thread#2"                     [id=1392, stack(0x000000ba54c00000,0x000000ba54d00000) (1024K)]
  0x00000293dd50a790 WorkerThread "GC Thread#3"                     [id=12576, stack(0x000000ba54d00000,0x000000ba54e00000) (1024K)]
  0x00000293f9756410 ConcurrentGCThread "G1 Main Marker"            [id=13048, stack(0x000000ba53a00000,0x000000ba53b00000) (1024K)]
  0x00000293f9756e20 WorkerThread "G1 Conc#0"                       [id=11936, stack(0x000000ba53b00000,0x000000ba53c00000) (1024K)]
  0x00000293f97ad930 ConcurrentGCThread "G1 Refine#0"               [id=2060, stack(0x000000ba53c00000,0x000000ba53d00000) (1024K)]
  0x00000293f97afb60 ConcurrentGCThread "G1 Service"                [id=13136, stack(0x000000ba53d00000,0x000000ba53e00000) (1024K)]
Total: 10

Threads with active compile tasks:
C2 CompilerThread0    15317 4173       4       org.springframework.core.annotation.AnnotationsScanner::getDeclaredAnnotations (166 bytes)
Total: 1

VM state: not at safepoint (normal execution)

VM Mutex/Monitor currently owned by a thread: None

Heap address: 0x00000000c2800000, size: 984 MB, Compressed Oops mode: 32-bit

CDS archive(s) mapped at: [0x0000029398000000-0x0000029398c90000-0x0000029398c90000), size 13172736, SharedBaseAddress: 0x0000029398000000, ArchiveRelocationMode: 1.
Compressed class space mapped at: 0x0000029399000000-0x00000293d9000000, reserved size: 1073741824
Narrow klass base: 0x0000029398000000, Narrow klass shift: 0, Narrow klass range: 0x100000000

GC Precious Log:
 CardTable entry size: 512
 Card Set container configuration: InlinePtr #cards 5 size 8 Array Of Cards #cards 12 size 40 Howl #buckets 4 coarsen threshold 1843 Howl Bitmap #cards 512 size 80 coarsen threshold 460 Card regions per heap region 1 cards per card region 2048
 CPUs: 4 total, 4 available
 Memory: 3933M
 Large Page Support: Disabled
 NUMA Support: Disabled
 Compressed Oops: Enabled (32-bit)
 Heap Region Size: 1M
 Heap Min Capacity: 8M
 Heap Initial Capacity: 62M
 Heap Max Capacity: 984M
 Pre-touch: Disabled
 Parallel Workers: 4
 Concurrent Workers: 1
 Concurrent Refinement Workers: 4
 Periodic GC: Disabled

Heap:
 garbage-first heap   total 55296K, used 38080K [0x00000000c2800000, 0x0000000100000000)
  region size 1024K, 26 young (26624K), 4 survivors (4096K)
 Metaspace       used 30466K, committed 30976K, reserved 1114112K
  class space    used 3811K, committed 4032K, reserved 1048576K

Heap Regions: E=young(eden), S=young(survivor), O=old, HS=humongous(starts), HC=humongous(continues), CS=collection set, F=free, TAMS=top-at-mark-start, PB=parsable bottom
|   0|0x00000000c2800000, 0x00000000c2900000, 0x00000000c2900000|100%|HS|  |TAMS 0x00000000c2800000| PB 0x00000000c2800000| Complete 
|   1|0x00000000c2900000, 0x00000000c2a00000, 0x00000000c2a00000|100%| O|  |TAMS 0x00000000c2900000| PB 0x00000000c2900000| Untracked 
|   2|0x00000000c2a00000, 0x00000000c2b00000, 0x00000000c2b00000|100%| O|  |TAMS 0x00000000c2a00000| PB 0x00000000c2a00000| Untracked 
|   3|0x00000000c2b00000, 0x00000000c2c00000, 0x00000000c2c00000|100%| O|  |TAMS 0x00000000c2b00000| PB 0x00000000c2b00000| Untracked 
|   4|0x00000000c2c00000, 0x00000000c2d00000, 0x00000000c2d00000|100%| O|  |TAMS 0x00000000c2c00000| PB 0x00000000c2c00000| Untracked 
|   5|0x00000000c2d00000, 0x00000000c2e00000, 0x00000000c2e00000|100%| O|Cm|TAMS 0x00000000c2d00000| PB 0x00000000c2d00000| Complete 
|   6|0x00000000c2e00000, 0x00000000c2f00000, 0x00000000c2f00000|100%| O|  |TAMS 0x00000000c2e00000| PB 0x00000000c2e00000| Untracked 
|   7|0x00000000c2f00000, 0x00000000c3000000, 0x00000000c3000000|100%| O|  |TAMS 0x00000000c2f00000| PB 0x00000000c2f00000| Untracked 
|   8|0x00000000c3000000, 0x00000000c3100000, 0x00000000c3100000|100%| O|  |TAMS 0x00000000c3000000| PB 0x00000000c3000000| Untracked 
|   9|0x00000000c3100000, 0x00000000c3200000, 0x00000000c3200000|100%| O|  |TAMS 0x00000000c3100000| PB 0x00000000c3100000| Untracked 
|  10|0x00000000c3200000, 0x00000000c3300000, 0x00000000c3300000|100%| O|  |TAMS 0x00000000c3200000| PB 0x00000000c3200000| Untracked 
|  11|0x00000000c3300000, 0x00000000c3400000, 0x00000000c3400000|100%| O|  |TAMS 0x00000000c3300000| PB 0x00000000c3300000| Untracked 
|  12|0x00000000c3400000, 0x00000000c3500000, 0x00000000c3500000|100%| O|  |TAMS 0x00000000c3400000| PB 0x00000000c3400000| Untracked 
|  13|0x00000000c3500000, 0x00000000c35303f8, 0x00000000c3600000| 18%| O|  |TAMS 0x00000000c3500000| PB 0x00000000c3500000| Untracked 
|  14|0x00000000c3600000, 0x00000000c3600000, 0x00000000c3700000|  0%| F|  |TAMS 0x00000000c3600000| PB 0x00000000c3600000| Untracked 
|  15|0x00000000c3700000, 0x00000000c3700000, 0x00000000c3800000|  0%| F|  |TAMS 0x00000000c3700000| PB 0x00000000c3700000| Untracked 
|  16|0x00000000c3800000, 0x00000000c3800000, 0x00000000c3900000|  0%| F|  |TAMS 0x00000000c3800000| PB 0x00000000c3800000| Untracked 
|  17|0x00000000c3900000, 0x00000000c3900000, 0x00000000c3a00000|  0%| F|  |TAMS 0x00000000c3900000| PB 0x00000000c3900000| Untracked 
|  18|0x00000000c3a00000, 0x00000000c3b00000, 0x00000000c3b00000|100%| S|CS|TAMS 0x00000000c3a00000| PB 0x00000000c3a00000| Complete 
|  19|0x00000000c3b00000, 0x00000000c3c00000, 0x00000000c3c00000|100%| S|CS|TAMS 0x00000000c3b00000| PB 0x00000000c3b00000| Complete 
|  20|0x00000000c3c00000, 0x00000000c3d00000, 0x00000000c3d00000|100%| S|CS|TAMS 0x00000000c3c00000| PB 0x00000000c3c00000| Complete 
|  21|0x00000000c3d00000, 0x00000000c3e00000, 0x00000000c3e00000|100%| S|CS|TAMS 0x00000000c3d00000| PB 0x00000000c3d00000| Complete 
|  22|0x00000000c3e00000, 0x00000000c3e00000, 0x00000000c3f00000|  0%| F|  |TAMS 0x00000000c3e00000| PB 0x00000000c3e00000| Untracked 
|  23|0x00000000c3f00000, 0x00000000c3f00000, 0x00000000c4000000|  0%| F|  |TAMS 0x00000000c3f00000| PB 0x00000000c3f00000| Untracked 
|  24|0x00000000c4000000, 0x00000000c4000000, 0x00000000c4100000|  0%| F|  |TAMS 0x00000000c4000000| PB 0x00000000c4000000| Untracked 
|  25|0x00000000c4100000, 0x00000000c4100000, 0x00000000c4200000|  0%| F|  |TAMS 0x00000000c4100000| PB 0x00000000c4100000| Untracked 
|  26|0x00000000c4200000, 0x00000000c4200000, 0x00000000c4300000|  0%| F|  |TAMS 0x00000000c4200000| PB 0x00000000c4200000| Untracked 
|  27|0x00000000c4300000, 0x00000000c4300000, 0x00000000c4400000|  0%| F|  |TAMS 0x00000000c4300000| PB 0x00000000c4300000| Untracked 
|  28|0x00000000c4400000, 0x00000000c4400000, 0x00000000c4500000|  0%| F|  |TAMS 0x00000000c4400000| PB 0x00000000c4400000| Untracked 
|  29|0x00000000c4500000, 0x00000000c4500000, 0x00000000c4600000|  0%| F|  |TAMS 0x00000000c4500000| PB 0x00000000c4500000| Untracked 
|  30|0x00000000c4600000, 0x00000000c4600000, 0x00000000c4700000|  0%| F|  |TAMS 0x00000000c4600000| PB 0x00000000c4600000| Untracked 
|  31|0x00000000c4700000, 0x00000000c4700000, 0x00000000c4800000|  0%| F|  |TAMS 0x00000000c4700000| PB 0x00000000c4700000| Untracked 
|  32|0x00000000c4800000, 0x00000000c48607d8, 0x00000000c4900000| 37%| E|  |TAMS 0x00000000c4800000| PB 0x00000000c4800000| Complete 
|  33|0x00000000c4900000, 0x00000000c4a00000, 0x00000000c4a00000|100%| E|CS|TAMS 0x00000000c4900000| PB 0x00000000c4900000| Complete 
|  34|0x00000000c4a00000, 0x00000000c4b00000, 0x00000000c4b00000|100%| E|CS|TAMS 0x00000000c4a00000| PB 0x00000000c4a00000| Complete 
|  35|0x00000000c4b00000, 0x00000000c4c00000, 0x00000000c4c00000|100%| E|CS|TAMS 0x00000000c4b00000| PB 0x00000000c4b00000| Complete 
|  36|0x00000000c4c00000, 0x00000000c4d00000, 0x00000000c4d00000|100%| E|CS|TAMS 0x00000000c4c00000| PB 0x00000000c4c00000| Complete 
|  37|0x00000000c4d00000, 0x00000000c4e00000, 0x00000000c4e00000|100%| E|CS|TAMS 0x00000000c4d00000| PB 0x00000000c4d00000| Complete 
|  38|0x00000000c4e00000, 0x00000000c4f00000, 0x00000000c4f00000|100%| E|CS|TAMS 0x00000000c4e00000| PB 0x00000000c4e00000| Complete 
|  39|0x00000000c4f00000, 0x00000000c5000000, 0x00000000c5000000|100%| E|CS|TAMS 0x00000000c4f00000| PB 0x00000000c4f00000| Complete 
|  40|0x00000000c5000000, 0x00000000c5100000, 0x00000000c5100000|100%| E|CS|TAMS 0x00000000c5000000| PB 0x00000000c5000000| Complete 
|  41|0x00000000c5100000, 0x00000000c5200000, 0x00000000c5200000|100%| E|CS|TAMS 0x00000000c5100000| PB 0x00000000c5100000| Complete 
|  42|0x00000000c5200000, 0x00000000c5300000, 0x00000000c5300000|100%| E|CS|TAMS 0x00000000c5200000| PB 0x00000000c5200000| Complete 
|  43|0x00000000c5300000, 0x00000000c5400000, 0x00000000c5400000|100%| E|  |TAMS 0x00000000c5300000| PB 0x00000000c5300000| Complete 
|  44|0x00000000c5400000, 0x00000000c5500000, 0x00000000c5500000|100%| E|CS|TAMS 0x00000000c5400000| PB 0x00000000c5400000| Complete 
|  45|0x00000000c5500000, 0x00000000c5600000, 0x00000000c5600000|100%| E|CS|TAMS 0x00000000c5500000| PB 0x00000000c5500000| Complete 
|  46|0x00000000c5600000, 0x00000000c5700000, 0x00000000c5700000|100%| E|CS|TAMS 0x00000000c5600000| PB 0x00000000c5600000| Complete 
|  47|0x00000000c5700000, 0x00000000c5800000, 0x00000000c5800000|100%| E|CS|TAMS 0x00000000c5700000| PB 0x00000000c5700000| Complete 
|  48|0x00000000c5800000, 0x00000000c5900000, 0x00000000c5900000|100%| E|CS|TAMS 0x00000000c5800000| PB 0x00000000c5800000| Complete 
|  49|0x00000000c5900000, 0x00000000c5a00000, 0x00000000c5a00000|100%| E|CS|TAMS 0x00000000c5900000| PB 0x00000000c5900000| Complete 
|  50|0x00000000c5a00000, 0x00000000c5b00000, 0x00000000c5b00000|100%| E|CS|TAMS 0x00000000c5a00000| PB 0x00000000c5a00000| Complete 
|  51|0x00000000c5b00000, 0x00000000c5c00000, 0x00000000c5c00000|100%| E|CS|TAMS 0x00000000c5b00000| PB 0x00000000c5b00000| Complete 
|  52|0x00000000c5c00000, 0x00000000c5d00000, 0x00000000c5d00000|100%| E|CS|TAMS 0x00000000c5c00000| PB 0x00000000c5c00000| Complete 
|  61|0x00000000c6500000, 0x00000000c6600000, 0x00000000c6600000|100%| E|CS|TAMS 0x00000000c6500000| PB 0x00000000c6500000| Complete 

Card table byte_map: [0x00000293fb7f0000,0x00000293fb9e0000] _byte_map_base: 0x00000293fb1dc000

Marking Bits: (CMBitMap*) 0x00000293f974e030
 Bits: [0x00000293fb9e0000, 0x00000293fc940000)

Polling page: 0x00000293f9590000

Metaspace:

Usage:
  Non-class:     26.03 MB used.
      Class:      3.72 MB used.
       Both:     29.76 MB used.

Virtual space:
  Non-class space:       64.00 MB reserved,      26.31 MB ( 41%) committed,  1 nodes.
      Class space:        1.00 GB reserved,       3.94 MB ( <1%) committed,  1 nodes.
             Both:        1.06 GB reserved,      30.25 MB (  3%) committed. 

Chunk freelists:
   Non-Class:  5.41 MB
       Class:  12.03 MB
        Both:  17.44 MB

MaxMetaspaceSize: unlimited
CompressedClassSpaceSize: 1.00 GB
Initial GC threshold: 21.00 MB
Current GC threshold: 35.12 MB
CDS: on
 - commit_granule_bytes: 65536.
 - commit_granule_words: 8192.
 - virtual_space_node_default_size: 8388608.
 - enlarge_chunks_in_place: 1.
 - use_allocation_guard: 0.


Internal statistics:

num_allocs_failed_limit: 3.
num_arena_births: 628.
num_arena_deaths: 0.
num_vsnodes_births: 2.
num_vsnodes_deaths: 0.
num_space_committed: 484.
num_space_uncommitted: 0.
num_chunks_returned_to_freelist: 3.
num_chunks_taken_from_freelist: 1772.
num_chunk_merges: 3.
num_chunk_splits: 1164.
num_chunks_enlarged: 783.
num_inconsistent_stats: 0.

CodeHeap 'non-profiled nmethods': size=120000Kb used=2076Kb max_used=2076Kb free=117923Kb
 bounds [0x000002938fe80000, 0x00000293900f0000, 0x00000293973b0000]
CodeHeap 'profiled nmethods': size=120000Kb used=8899Kb max_used=8899Kb free=111100Kb
 bounds [0x00000293883b0000, 0x0000029388c70000, 0x000002938f8e0000]
CodeHeap 'non-nmethods': size=5760Kb used=1464Kb max_used=1502Kb free=4295Kb
 bounds [0x000002938f8e0000, 0x000002938fb50000, 0x000002938fe80000]
 total_blobs=4737 nmethods=4190 adapters=451
 compilation: enabled
              stopped_count=0, restarted_count=0
 full_count=0

Compilation events (20 events):
Event: 15.157 Thread 0x00000293974f85f0 4192       2       java.lang.invoke.StringConcatFactory::parseRecipe (213 bytes)
Event: 15.160 Thread 0x00000293974f85f0 nmethod 4192 0x0000029388c5bd90 code [0x0000029388c5c020, 0x0000029388c5cad0]
Event: 15.173 Thread 0x00000293974f85f0 4193       2       java.util.Collections::synchronizedSet (10 bytes)
Event: 15.174 Thread 0x00000293974f85f0 nmethod 4193 0x0000029388c5d290 code [0x0000029388c5d460, 0x0000029388c5d840]
Event: 15.174 Thread 0x00000293974f85f0 4195       2       java.util.Collections$SynchronizedCollection::<init> (24 bytes)
Event: 15.175 Thread 0x00000293974f85f0 nmethod 4195 0x0000029388c5da10 code [0x0000029388c5dbe0, 0x0000029388c5df68]
Event: 15.175 Thread 0x00000293974f85f0 4194       2       java.util.Collections$SynchronizedSet::<init> (7 bytes)
Event: 15.175 Thread 0x00000293974f85f0 nmethod 4194 0x0000029388c5e110 code [0x0000029388c5e2e0, 0x0000029388c5e678]
Event: 15.200 Thread 0x00000293974f85f0 4196       1       java.util.stream.ForEachOps$ForEachOp::get (2 bytes)
Event: 15.200 Thread 0x00000293974f85f0 nmethod 4196 0x0000029390086690 code [0x0000029390086820, 0x00000293900868f0]
Event: 15.203 Thread 0x00000293974f85f0 4197       2       java.lang.SecurityManager$$Lambda/0x0000029399267ac8::accept (8 bytes)
Event: 15.203 Thread 0x00000293974f85f0 nmethod 4197 0x0000029388c5e810 code [0x0000029388c5e9c0, 0x0000029388c5eb20]
Event: 15.203 Thread 0x00000293974f85f0 4198       2       java.lang.SecurityManager::lambda$addNonExportedPackages$1 (14 bytes)
Event: 15.204 Thread 0x00000293974f85f0 nmethod 4198 0x0000029388c5ec10 code [0x0000029388c5edc0, 0x0000029388c5efa8]
Event: 15.204 Thread 0x00000293974f85f0 4199       2       java.lang.SecurityManager$$Lambda/0x0000029399267cf0::test (8 bytes)
Event: 15.204 Thread 0x00000293974f85f0 nmethod 4199 0x0000029388c5f090 code [0x0000029388c5f240, 0x0000029388c5f3a0]
Event: 15.204 Thread 0x00000293974f85f0 4200       2       java.lang.SecurityManager::lambda$nonExportedPkgs$2 (13 bytes)
Event: 15.204 Thread 0x00000293974f85f0 nmethod 4200 0x0000029388c5f490 code [0x0000029388c5f640, 0x0000029388c5f7a8]
Event: 15.204 Thread 0x00000293974f85f0 4201       1       java.util.ImmutableCollections$SetN::size (5 bytes)
Event: 15.204 Thread 0x00000293974f85f0 nmethod 4201 0x0000029390086990 code [0x0000029390086b20, 0x0000029390086be8]

GC Heap History (12 events):
Event: 2.385 GC heap before
{Heap before GC invocations=0 (full 0):
 garbage-first heap   total 63488K, used 14336K [0x00000000c2800000, 0x0000000100000000)
  region size 1024K, 13 young (13312K), 0 survivors (0K)
 Metaspace       used 3501K, committed 3648K, reserved 1114112K
  class space    used 325K, committed 384K, reserved 1048576K
}
Event: 2.401 GC heap after
{Heap after GC invocations=1 (full 0):
 garbage-first heap   total 63488K, used 6720K [0x00000000c2800000, 0x0000000100000000)
  region size 1024K, 2 young (2048K), 2 survivors (2048K)
 Metaspace       used 3501K, committed 3648K, reserved 1114112K
  class space    used 325K, committed 384K, reserved 1048576K
}
Event: 3.634 GC heap before
{Heap before GC invocations=1 (full 0):
 garbage-first heap   total 63488K, used 17984K [0x00000000c2800000, 0x0000000100000000)
  region size 1024K, 13 young (13312K), 2 survivors (2048K)
 Metaspace       used 6108K, committed 6336K, reserved 1114112K
  class space    used 675K, committed 768K, reserved 1048576K
}
Event: 3.642 GC heap after
{Heap after GC invocations=2 (full 0):
 garbage-first heap   total 63488K, used 7607K [0x00000000c2800000, 0x0000000100000000)
  region size 1024K, 1 young (1024K), 1 survivors (1024K)
 Metaspace       used 6108K, committed 6336K, reserved 1114112K
  class space    used 675K, committed 768K, reserved 1048576K
}
Event: 6.211 GC heap before
{Heap before GC invocations=2 (full 0):
 garbage-first heap   total 63488K, used 34231K [0x00000000c2800000, 0x0000000100000000)
  region size 1024K, 28 young (28672K), 1 survivors (1024K)
 Metaspace       used 13729K, committed 14016K, reserved 1114112K
  class space    used 1591K, committed 1728K, reserved 1048576K
}
Event: 6.219 GC heap after
{Heap after GC invocations=3 (full 0):
 garbage-first heap   total 63488K, used 10202K [0x00000000c2800000, 0x0000000100000000)
  region size 1024K, 4 young (4096K), 4 survivors (4096K)
 Metaspace       used 13729K, committed 14016K, reserved 1114112K
  class space    used 1591K, committed 1728K, reserved 1048576K
}
Event: 8.478 GC heap before
{Heap before GC invocations=3 (full 0):
 garbage-first heap   total 63488K, used 41946K [0x00000000c2800000, 0x0000000100000000)
  region size 1024K, 36 young (36864K), 4 survivors (4096K)
 Metaspace       used 19609K, committed 19904K, reserved 1114112K
  class space    used 2346K, committed 2496K, reserved 1048576K
}
Event: 8.491 GC heap after
{Heap after GC invocations=4 (full 0):
 garbage-first heap   total 63488K, used 13178K [0x00000000c2800000, 0x0000000100000000)
  region size 1024K, 5 young (5120K), 5 survivors (5120K)
 Metaspace       used 19609K, committed 19904K, reserved 1114112K
  class space    used 2346K, committed 2496K, reserved 1048576K
}
Event: 9.572 GC heap before
{Heap before GC invocations=4 (full 0):
 garbage-first heap   total 63488K, used 27514K [0x00000000c2800000, 0x0000000100000000)
  region size 1024K, 20 young (20480K), 5 survivors (5120K)
 Metaspace       used 21209K, committed 21504K, reserved 1114112K
  class space    used 2545K, committed 2688K, reserved 1048576K
}
Event: 9.585 GC heap after
{Heap after GC invocations=5 (full 0):
 garbage-first heap   total 63488K, used 14762K [0x00000000c2800000, 0x0000000100000000)
  region size 1024K, 2 young (2048K), 2 survivors (2048K)
 Metaspace       used 21209K, committed 21504K, reserved 1114112K
  class space    used 2545K, committed 2688K, reserved 1048576K
}
Event: 13.079 GC heap before
{Heap before GC invocations=6 (full 0):
 garbage-first heap   total 55296K, used 45482K [0x00000000c2800000, 0x0000000100000000)
  region size 1024K, 32 young (32768K), 2 survivors (2048K)
 Metaspace       used 26500K, committed 27008K, reserved 1114112K
  class space    used 3310K, committed 3520K, reserved 1048576K
}
Event: 13.090 GC heap after
{Heap after GC invocations=7 (full 0):
 garbage-first heap   total 55296K, used 17600K [0x00000000c2800000, 0x0000000100000000)
  region size 1024K, 4 young (4096K), 4 survivors (4096K)
 Metaspace       used 26500K, committed 27008K, reserved 1114112K
  class space    used 3310K, committed 3520K, reserved 1048576K
}

Dll operation events (13 events):
Event: 0.057 Loaded shared library C:\Program Files\Java\jdk-21\bin\java.dll
Event: 0.249 Loaded shared library C:\Program Files\Java\jdk-21\bin\jsvml.dll
Event: 0.666 Loaded shared library C:\Program Files\Java\jdk-21\bin\zip.dll
Event: 0.677 Loaded shared library C:\Program Files\Java\jdk-21\bin\instrument.dll
Event: 0.693 Loaded shared library C:\Program Files\Java\jdk-21\bin\net.dll
Event: 0.698 Loaded shared library C:\Program Files\Java\jdk-21\bin\nio.dll
Event: 0.706 Loaded shared library C:\Program Files\Java\jdk-21\bin\zip.dll
Event: 1.002 Loaded shared library C:\Program Files\Java\jdk-21\bin\jimage.dll
Event: 1.035 Loaded shared library C:\Users\Ric\AppData\Local\Programs\IntelliJ IDEA Community Edition\bin\breakgen64.dll
Event: 1.096 Loaded shared library C:\Program Files\Java\jdk-21\bin\extnet.dll
Event: 2.871 Loaded shared library C:\Program Files\Java\jdk-21\bin\management.dll
Event: 2.889 Loaded shared library C:\Program Files\Java\jdk-21\bin\management_ext.dll
Event: 6.948 Loaded shared library C:\Program Files\Java\jdk-21\bin\sunmscapi.dll

Deoptimization events (20 events):
Event: 14.944 Thread 0x0000029397717b60 Uncommon trap: trap_request=0xffffffd6 fr.pc=0x0000029390073010 relative=0x0000000000000c70
Event: 14.944 Thread 0x0000029397717b60 Uncommon trap: reason=array_check action=maybe_recompile pc=0x0000029390073010 method=org.springframework.boot.context.properties.source.ConfigurationPropertyName.getElement(ILorg/springframework/boot/context/properties/source/ConfigurationPropertyName$Fo
Event: 14.944 Thread 0x0000029397717b60 DEOPT PACKING pc=0x0000029390073010 sp=0x000000ba54ffb370
Event: 14.944 Thread 0x0000029397717b60 DEOPT UNPACKING pc=0x000002938f9346a2 sp=0x000000ba54ffb348 mode 2
Event: 14.944 Thread 0x0000029397717b60 Uncommon trap: trap_request=0xffffffd6 fr.pc=0x0000029390073010 relative=0x0000000000000c70
Event: 14.944 Thread 0x0000029397717b60 Uncommon trap: reason=array_check action=maybe_recompile pc=0x0000029390073010 method=org.springframework.boot.context.properties.source.ConfigurationPropertyName.getElement(ILorg/springframework/boot/context/properties/source/ConfigurationPropertyName$Fo
Event: 14.944 Thread 0x0000029397717b60 DEOPT PACKING pc=0x0000029390073010 sp=0x000000ba54ffb370
Event: 14.944 Thread 0x0000029397717b60 DEOPT UNPACKING pc=0x000002938f9346a2 sp=0x000000ba54ffb348 mode 2
Event: 14.945 Thread 0x0000029397717b60 Uncommon trap: trap_request=0xffffffd6 fr.pc=0x0000029390073010 relative=0x0000000000000c70
Event: 14.945 Thread 0x0000029397717b60 Uncommon trap: reason=array_check action=maybe_recompile pc=0x0000029390073010 method=org.springframework.boot.context.properties.source.ConfigurationPropertyName.getElement(ILorg/springframework/boot/context/properties/source/ConfigurationPropertyName$Fo
Event: 14.945 Thread 0x0000029397717b60 DEOPT PACKING pc=0x0000029390073010 sp=0x000000ba54ffb370
Event: 14.945 Thread 0x0000029397717b60 DEOPT UNPACKING pc=0x000002938f9346a2 sp=0x000000ba54ffb348 mode 2
Event: 14.945 Thread 0x0000029397717b60 Uncommon trap: trap_request=0xffffffd6 fr.pc=0x0000029390073010 relative=0x0000000000000c70
Event: 14.945 Thread 0x0000029397717b60 Uncommon trap: reason=array_check action=maybe_recompile pc=0x0000029390073010 method=org.springframework.boot.context.properties.source.ConfigurationPropertyName.getElement(ILorg/springframework/boot/context/properties/source/ConfigurationPropertyName$Fo
Event: 14.945 Thread 0x0000029397717b60 DEOPT PACKING pc=0x0000029390073010 sp=0x000000ba54ffb370
Event: 14.945 Thread 0x0000029397717b60 DEOPT UNPACKING pc=0x000002938f9346a2 sp=0x000000ba54ffb348 mode 2
Event: 15.073 Thread 0x0000029397717b60 Uncommon trap: trap_request=0xffffff45 fr.pc=0x000002938fff0a14 relative=0x00000000000007f4
Event: 15.073 Thread 0x0000029397717b60 Uncommon trap: reason=unstable_if action=reinterpret pc=0x000002938fff0a14 method=java.util.HashMap.putVal(ILjava/lang/Object;Ljava/lang/Object;ZZ)Ljava/lang/Object; @ 94 c2
Event: 15.073 Thread 0x0000029397717b60 DEOPT PACKING pc=0x000002938fff0a14 sp=0x000000ba54ffaf80
Event: 15.073 Thread 0x0000029397717b60 DEOPT UNPACKING pc=0x000002938f9346a2 sp=0x000000ba54ffae98 mode 2

Classes loaded (20 events):
Event: 15.129 Loading class java/util/stream/ReduceOps$9
Event: 15.130 Loading class java/util/stream/ReduceOps$9 done
Event: 15.130 Loading class java/util/stream/ReduceOps$CountingSink$OfInt
Event: 15.131 Loading class java/util/stream/ReduceOps$CountingSink
Event: 15.132 Loading class java/util/stream/ReduceOps$CountingSink done
Event: 15.132 Loading class java/util/stream/ReduceOps$CountingSink$OfInt done
Event: 15.156 Loading class java/lang/invoke/DirectMethodHandle$Special
Event: 15.157 Loading class java/lang/invoke/DirectMethodHandle$Special done
Event: 15.157 Loading class java/util/concurrent/ThreadPoolExecutor$DiscardPolicy
Event: 15.158 Loading class java/util/concurrent/ThreadPoolExecutor$DiscardPolicy done
Event: 15.163 Loading class java/util/concurrent/atomic/AtomicIntegerFieldUpdater
Event: 15.163 Loading class java/util/concurrent/atomic/AtomicIntegerFieldUpdater done
Event: 15.163 Loading class java/util/concurrent/atomic/AtomicIntegerFieldUpdater$AtomicIntegerFieldUpdaterImpl
Event: 15.163 Loading class java/util/concurrent/atomic/AtomicIntegerFieldUpdater$AtomicIntegerFieldUpdaterImpl done
Event: 15.163 Loading class java/util/concurrent/atomic/AtomicIntegerFieldUpdater$AtomicIntegerFieldUpdaterImpl$1
Event: 15.163 Loading class java/util/concurrent/atomic/AtomicIntegerFieldUpdater$AtomicIntegerFieldUpdaterImpl$1 done
Event: 15.165 Loading class sun/reflect/misc/ReflectUtil
Event: 15.165 Loading class sun/reflect/misc/ReflectUtil done
Event: 15.214 Loading class java/net/ConnectException
Event: 15.214 Loading class java/net/ConnectException done

Classes unloaded (0 events):
No events

Classes redefined (0 events):
No events

Internal exceptions (20 events):
Event: 12.425 Thread 0x0000029397717b60 Exception <a 'java/lang/NoSuchMethodError'{0x00000000c42c5418}: 'java.lang.Object java.lang.invoke.DirectMethodHandle$Holder.invokeVirtual(java.lang.Object, java.lang.Object, java.lang.Object, java.lang.Object, java.lang.Object)'> (0x00000000c42c5418) 
thrown [s\open\src\hotspot\share\interpreter\linkResolver.cpp, line 773]
Event: 12.861 Thread 0x0000029397717b60 Exception <a 'java/lang/NoSuchMethodError'{0x00000000c3f70e18}: 'java.lang.reflect.Field[] java.lang.Class.getDeclaredFields(java.lang.Class)'> (0x00000000c3f70e18) 
thrown [s\open\src\hotspot\share\interpreter\linkResolver.cpp, line 773]
Event: 12.952 Thread 0x0000029397717b60 Exception <a 'java/lang/NoSuchMethodError'{0x00000000c3fe7260}: 'void java.lang.invoke.DirectMethodHandle$Holder.invokeStatic(java.lang.Object, java.lang.Object, int)'> (0x00000000c3fe7260) 
thrown [s\open\src\hotspot\share\interpreter\linkResolver.cpp, line 773]
Event: 13.057 Thread 0x0000029397717b60 Exception <a 'java/lang/NoSuchMethodError'{0x00000000c3ec75b0}: 'java.lang.Object java.lang.invoke.DirectMethodHandle$Holder.invokeVirtual(java.lang.Object, java.lang.Object, java.lang.Object, java.lang.Object, java.lang.Object, java.lang.Object)'> (0x00000000c3ec75b0) 
thrown [s\open\src\hotspot\share\interpreter\linkResolver.cpp, line 773]
Event: 13.184 Thread 0x0000029397717b60 Exception <a 'java/lang/NoSuchMethodError'{0x00000000c5c17378}: 'void java.lang.invoke.DirectMethodHandle$Holder.invokeInterface(java.lang.Object, java.lang.Object, int)'> (0x00000000c5c17378) 
thrown [s\open\src\hotspot\share\interpreter\linkResolver.cpp, line 773]
Event: 13.199 Thread 0x0000029397717b60 Exception <a 'java/lang/IncompatibleClassChangeError'{0x00000000c5c59480}: Found class java.lang.Object, but interface was expected> (0x00000000c5c59480) 
thrown [s\open\src\hotspot\share\interpreter\linkResolver.cpp, line 840]
Event: 13.204 Thread 0x0000029397717b60 Exception <a 'java/lang/NoSuchMethodError'{0x00000000c5c67760}: 'int java.lang.invoke.DirectMethodHandle$Holder.invokeSpecialIFC(java.lang.Object, java.lang.Object, java.lang.Object)'> (0x00000000c5c67760) 
thrown [s\open\src\hotspot\share\interpreter\linkResolver.cpp, line 773]
Event: 13.210 Thread 0x0000029397717b60 Exception <a 'java/lang/NoSuchMethodError'{0x00000000c5c7c540}: 'void java.lang.invoke.DirectMethodHandle$Holder.invokeStatic(java.lang.Object, int, java.lang.Object)'> (0x00000000c5c7c540) 
thrown [s\open\src\hotspot\share\interpreter\linkResolver.cpp, line 773]
Event: 13.325 Thread 0x0000029397717b60 Exception <a 'java/lang/NoSuchMethodError'{0x00000000c5cb1f50}: 'void java.lang.invoke.DirectMethodHandle$Holder.invokeStatic(java.lang.Object, java.lang.Object, java.lang.Object, int, java.lang.Object)'> (0x00000000c5cb1f50) 
thrown [s\open\src\hotspot\share\interpreter\linkResolver.cpp, line 773]
Event: 13.326 Thread 0x0000029397717b60 Exception <a 'java/lang/NoSuchMethodError'{0x00000000c5cb8790}: 'java.lang.Object java.lang.invoke.DirectMethodHandle$Holder.newInvokeSpecial(java.lang.Object, java.lang.Object, java.lang.Object, int)'> (0x00000000c5cb8790) 
thrown [s\open\src\hotspot\share\interpreter\linkResolver.cpp, line 773]
Event: 13.327 Thread 0x0000029397717b60 Exception <a 'java/lang/NoSuchMethodError'{0x00000000c5cbc610}: 'java.lang.Object java.lang.invoke.DirectMethodHandle$Holder.invokeSpecial(java.lang.Object, java.lang.Object, java.lang.Object, java.lang.Object, int)'> (0x00000000c5cbc610) 
thrown [s\open\src\hotspot\share\interpreter\linkResolver.cpp, line 773]
Event: 13.328 Thread 0x0000029397717b60 Exception <a 'java/lang/NoSuchMethodError'{0x00000000c5cbfa98}: 'java.lang.Object java.lang.invoke.Invokers$Holder.linkToTargetMethod(java.lang.Object, java.lang.Object, int, java.lang.Object)'> (0x00000000c5cbfa98) 
thrown [s\open\src\hotspot\share\interpreter\linkResolver.cpp, line 773]
Event: 13.590 Thread 0x0000029397717b60 Exception <a 'java/lang/NoSuchMethodError'{0x00000000c5862ab8}: 'java.lang.Object java.lang.invoke.DirectMethodHandle$Holder.invokeStaticInit(java.lang.Object, int, int, int, int)'> (0x00000000c5862ab8) 
thrown [s\open\src\hotspot\share\interpreter\linkResolver.cpp, line 773]
Event: 13.623 Thread 0x0000029397717b60 Exception <a 'java/lang/NoSuchMethodError'{0x00000000c5883248}: 'java.lang.Object java.lang.invoke.DirectMethodHandle$Holder.invokeStaticInit(java.lang.Object, java.lang.Object, int, int, int, int)'> (0x00000000c5883248) 
thrown [s\open\src\hotspot\share\interpreter\linkResolver.cpp, line 773]
Event: 14.204 Thread 0x0000029397717b60 Exception <a 'java/lang/NoSuchMethodError'{0x00000000c51249e8}: 'int java.lang.invoke.DirectMethodHandle$Holder.invokeVirtual(java.lang.Object, java.lang.Object, java.lang.Object, java.lang.Object)'> (0x00000000c51249e8) 
thrown [s\open\src\hotspot\share\interpreter\linkResolver.cpp, line 773]
Event: 14.205 Thread 0x0000029397717b60 Exception <a 'java/lang/NoSuchMethodError'{0x00000000c5128450}: 'int java.lang.invoke.DelegatingMethodHandle$Holder.reinvoke_L(java.lang.Object, java.lang.Object, java.lang.Object, java.lang.Object)'> (0x00000000c5128450) 
thrown [s\open\src\hotspot\share\interpreter\linkResolver.cpp, line 773]
Event: 14.767 Thread 0x0000029397717b60 Exception <a 'java/io/FileNotFoundException'{0x00000000c4f385f0}> (0x00000000c4f385f0) 
thrown [s\open\src\hotspot\share\prims\jni.cpp, line 520]
Event: 14.905 Thread 0x0000029397717b60 Exception <a 'java/lang/NoSuchMethodError'{0x00000000c4e8f2a0}: 'int java.lang.invoke.DirectMethodHandle$Holder.invokeInterface(java.lang.Object, java.lang.Object, java.lang.Object, java.lang.Object)'> (0x00000000c4e8f2a0) 
thrown [s\open\src\hotspot\share\interpreter\linkResolver.cpp, line 773]
Event: 15.170 Thread 0x0000029397717b60 Exception <a 'java/lang/NoSuchMethodError'{0x00000000c4916500}: method resolution failed> (0x00000000c4916500) 
thrown [s\open\src\hotspot\share\prims\methodHandles.cpp, line 1144]
Event: 15.195 Thread 0x0000029397717b60 Exception <a 'java/lang/NoSuchMethodError'{0x00000000c4962f18}: 'int java.lang.invoke.DirectMethodHandle$Holder.invokeStaticInit(java.lang.Object, java.lang.Object, java.lang.Object, java.lang.Object)'> (0x00000000c4962f18) 
thrown [s\open\src\hotspot\share\interpreter\linkResolver.cpp, line 773]

ZGC Phase Switch (0 events):
No events

VM Operations (20 events):
Event: 11.040 Executing VM operation: HandshakeAllThreads (Deoptimize)
Event: 11.040 Executing VM operation: HandshakeAllThreads (Deoptimize) done
Event: 11.199 Executing VM operation: HandshakeAllThreads (Deoptimize)
Event: 11.199 Executing VM operation: HandshakeAllThreads (Deoptimize) done
Event: 11.908 Executing VM operation: HandshakeAllThreads (Deoptimize)
Event: 11.908 Executing VM operation: HandshakeAllThreads (Deoptimize) done
Event: 11.908 Executing VM operation: Cleanup
Event: 11.909 Executing VM operation: Cleanup done
Event: 11.961 Executing VM operation: HandshakeAllThreads (Deoptimize)
Event: 11.961 Executing VM operation: HandshakeAllThreads (Deoptimize) done
Event: 11.966 Executing VM operation: HandshakeAllThreads (Deoptimize)
Event: 11.966 Executing VM operation: HandshakeAllThreads (Deoptimize) done
Event: 12.890 Executing VM operation: HandshakeAllThreads (Deoptimize)
Event: 12.890 Executing VM operation: HandshakeAllThreads (Deoptimize) done
Event: 13.079 Executing VM operation: G1CollectForAllocation (G1 Evacuation Pause)
Event: 13.095 Executing VM operation: G1CollectForAllocation (G1 Evacuation Pause) done
Event: 14.096 Executing VM operation: Cleanup
Event: 14.096 Executing VM operation: Cleanup done
Event: 14.698 Executing VM operation: HandshakeAllThreads (Deoptimize)
Event: 14.699 Executing VM operation: HandshakeAllThreads (Deoptimize) done

Events (20 events):
Event: 0.245 Thread 0x00000293974ea150 Thread added: 0x00000293974ea150
Event: 0.245 Thread 0x00000293974ebaf0 Thread added: 0x00000293974ebaf0
Event: 0.245 Thread 0x00000293974efa50 Thread added: 0x00000293974efa50
Event: 0.246 Thread 0x00000293974f2f90 Thread added: 0x00000293974f2f90
Event: 0.246 Thread 0x00000293974f85f0 Thread added: 0x00000293974f85f0
Event: 0.500 Thread 0x000002939771afe0 Thread added: 0x000002939771afe0
Event: 0.794 Thread 0x0000029397985ca0 Thread added: 0x0000029397985ca0
Event: 1.037 Thread 0x0000029397718880 Thread added: 0x0000029397718880
Event: 1.037 Thread 0x00000293977195a0 Thread added: 0x00000293977195a0
Event: 2.225 Thread 0x0000029397985ca0 Thread exited: 0x0000029397985ca0
Event: 3.196 Thread 0x00000293977181f0 Thread added: 0x00000293977181f0
Event: 3.218 Thread 0x0000029397717b60 Thread added: 0x0000029397717b60
Event: 3.703 Thread 0x00000293dd6df150 Thread added: 0x00000293dd6df150
Event: 4.483 Thread 0x00000293dd6df150 Thread exited: 0x00000293dd6df150
Event: 5.497 Thread 0x0000029397718f10 Thread added: 0x0000029397718f10
Event: 5.939 Thread 0x00000293ddbce7c0 Thread added: 0x00000293ddbce7c0
Event: 7.077 Thread 0x000002939771a2c0 Thread added: 0x000002939771a2c0
Event: 7.092 Thread 0x0000029397718f10 Thread exited: 0x0000029397718f10
Event: 7.342 Thread 0x000002939771a2c0 Thread exited: 0x000002939771a2c0
Event: 10.431 Thread 0x00000293ddbce7c0 Thread exited: 0x00000293ddbce7c0


Dynamic libraries:
0x00007ff7da310000 - 0x00007ff7da320000 	C:\Program Files\Java\jdk-21\bin\java.exe
0x00007ffc1d190000 - 0x00007ffc1d388000 	C:\Windows\SYSTEM32\ntdll.dll
0x00007ffc1c240000 - 0x00007ffc1c301000 	C:\Windows\System32\KERNEL32.DLL
0x00007ffc1a8d0000 - 0x00007ffc1abcd000 	C:\Windows\System32\KERNELBASE.dll
0x00007ffc1b0c0000 - 0x00007ffc1b1c0000 	C:\Windows\System32\ucrtbase.dll
0x00007ffc126e0000 - 0x00007ffc126fb000 	C:\Program Files\Java\jdk-21\bin\VCRUNTIME140.dll
0x00007ffc11000000 - 0x00007ffc11019000 	C:\Program Files\Java\jdk-21\bin\jli.dll
0x00007ffc1c5a0000 - 0x00007ffc1c650000 	C:\Windows\System32\ADVAPI32.dll
0x00007ffc1b8b0000 - 0x00007ffc1b94e000 	C:\Windows\System32\msvcrt.dll
0x00007ffc1c6c0000 - 0x00007ffc1c760000 	C:\Windows\System32\sechost.dll
0x00007ffc1b9a0000 - 0x00007ffc1bac3000 	C:\Windows\System32\RPCRT4.dll
0x00007ffc1ac90000 - 0x00007ffc1acb7000 	C:\Windows\System32\bcrypt.dll
0x00007ffc1c400000 - 0x00007ffc1c59d000 	C:\Windows\System32\USER32.dll
0x00007ffc1b090000 - 0x00007ffc1b0b2000 	C:\Windows\System32\win32u.dll
0x00007ffc1b970000 - 0x00007ffc1b99b000 	C:\Windows\System32\GDI32.dll
0x00007ffc08450000 - 0x00007ffc086ea000 	C:\Windows\WinSxS\amd64_microsoft.windows.common-controls_6595b64144ccf1df_6.0.19041.4355_none_60b8b9eb71f62e16\COMCTL32.dll
0x00007ffc1af70000 - 0x00007ffc1b087000 	C:\Windows\System32\gdi32full.dll
0x00007ffc1ad70000 - 0x00007ffc1ae0d000 	C:\Windows\System32\msvcp_win.dll
0x00007ffc0cb50000 - 0x00007ffc0cb5a000 	C:\Windows\SYSTEM32\VERSION.dll
0x00007ffc1ccb0000 - 0x00007ffc1ccdf000 	C:\Windows\System32\IMM32.DLL
0x00007ffc16be0000 - 0x00007ffc16bec000 	C:\Program Files\Java\jdk-21\bin\vcruntime140_1.dll
0x00007ffc10f70000 - 0x00007ffc10ffe000 	C:\Program Files\Java\jdk-21\bin\msvcp140.dll
0x00007ffbebe60000 - 0x00007ffbecb73000 	C:\Program Files\Java\jdk-21\bin\server\jvm.dll
0x00007ffc1c650000 - 0x00007ffc1c6bb000 	C:\Windows\System32\WS2_32.dll
0x00007ffc1a690000 - 0x00007ffc1a6db000 	C:\Windows\SYSTEM32\POWRPROF.dll
0x00007ffc07f80000 - 0x00007ffc07fa7000 	C:\Windows\SYSTEM32\WINMM.dll
0x00007ffc1a670000 - 0x00007ffc1a682000 	C:\Windows\SYSTEM32\UMPDC.dll
0x00007ffc18680000 - 0x00007ffc18692000 	C:\Windows\SYSTEM32\kernel.appcore.dll
0x00007ffc13880000 - 0x00007ffc1388a000 	C:\Program Files\Java\jdk-21\bin\jimage.dll
0x00007ffc024c0000 - 0x00007ffc026a4000 	C:\Windows\SYSTEM32\DBGHELP.DLL
0x00007ffc02310000 - 0x00007ffc02344000 	C:\Windows\SYSTEM32\dbgcore.DLL
0x00007ffc1a840000 - 0x00007ffc1a8c2000 	C:\Windows\System32\bcryptPrimitives.dll
0x00007ffc139d0000 - 0x00007ffc139df000 	C:\Program Files\Java\jdk-21\bin\instrument.dll
0x00007ffc10f50000 - 0x00007ffc10f6f000 	C:\Program Files\Java\jdk-21\bin\java.dll
0x00007ffc1bad0000 - 0x00007ffc1c23f000 	C:\Windows\System32\SHELL32.dll
0x00007ffc18880000 - 0x00007ffc1901f000 	C:\Windows\SYSTEM32\windows.storage.dll
0x00007ffc1c940000 - 0x00007ffc1cc93000 	C:\Windows\System32\combase.dll
0x00007ffc1a110000 - 0x00007ffc1a13e000 	C:\Windows\SYSTEM32\Wldp.dll
0x00007ffc1c760000 - 0x00007ffc1c82d000 	C:\Windows\System32\OLEAUT32.dll
0x00007ffc1c830000 - 0x00007ffc1c8dd000 	C:\Windows\System32\SHCORE.dll
0x00007ffc1c310000 - 0x00007ffc1c365000 	C:\Windows\System32\shlwapi.dll
0x00007ffc1a770000 - 0x00007ffc1a794000 	C:\Windows\SYSTEM32\profapi.dll
0x00007ffbf1a60000 - 0x00007ffbf1b37000 	C:\Program Files\Java\jdk-21\bin\jsvml.dll
0x00007ffc054e0000 - 0x00007ffc054f8000 	C:\Program Files\Java\jdk-21\bin\zip.dll
0x00007ffc12280000 - 0x00007ffc12290000 	C:\Program Files\Java\jdk-21\bin\net.dll
0x00007ffc13ed0000 - 0x00007ffc13fdd000 	C:\Windows\SYSTEM32\WINHTTP.dll
0x00007ffc19ef0000 - 0x00007ffc19f5a000 	C:\Windows\system32\mswsock.dll
0x00007ffc056c0000 - 0x00007ffc056d6000 	C:\Program Files\Java\jdk-21\bin\nio.dll
0x00007ffc11870000 - 0x00007ffc1188a000 	C:\Users\Ric\AppData\Local\Programs\IntelliJ IDEA Community Edition\bin\breakgen64.dll
0x00007ffc056b0000 - 0x00007ffc056b9000 	C:\Program Files\Java\jdk-21\bin\extnet.dll
0x00007ffc022d0000 - 0x00007ffc022da000 	C:\Program Files\Java\jdk-21\bin\management.dll
0x00007ffc016e0000 - 0x00007ffc016eb000 	C:\Program Files\Java\jdk-21\bin\management_ext.dll
0x00007ffc1b5d0000 - 0x00007ffc1b5d8000 	C:\Windows\System32\PSAPI.DLL
0x00007ffc01240000 - 0x00007ffc0124e000 	C:\Program Files\Java\jdk-21\bin\sunmscapi.dll
0x00007ffc1ae10000 - 0x00007ffc1af6e000 	C:\Windows\System32\CRYPT32.dll
0x00007ffc1a180000 - 0x00007ffc1a1a9000 	C:\Windows\SYSTEM32\ncrypt.dll
0x00007ffc1a140000 - 0x00007ffc1a17b000 	C:\Windows\SYSTEM32\NTASN1.dll
0x00007ffc1a460000 - 0x00007ffc1a478000 	C:\Windows\SYSTEM32\CRYPTSP.dll
0x00007ffc19830000 - 0x00007ffc19864000 	C:\Windows\system32\rsaenh.dll
0x00007ffc1a6e0000 - 0x00007ffc1a70e000 	C:\Windows\SYSTEM32\USERENV.dll
0x00007ffc1a080000 - 0x00007ffc1a08c000 	C:\Windows\SYSTEM32\CRYPTBASE.dll
0x00007ffc19bf0000 - 0x00007ffc19c2b000 	C:\Windows\SYSTEM32\IPHLPAPI.DLL
0x00007ffc1cca0000 - 0x00007ffc1cca8000 	C:\Windows\System32\NSI.dll
0x00007ffc19c30000 - 0x00007ffc19cfa000 	C:\Windows\SYSTEM32\DNSAPI.dll
0x00007ffc10730000 - 0x00007ffc1073a000 	C:\Windows\System32\rasadhlp.dll
0x00007ffc12990000 - 0x00007ffc12a10000 	C:\Windows\System32\fwpuclnt.dll

dbghelp: loaded successfully - version: 4.0.5 - missing functions: none
symbol engine: initialized successfully - sym options: 0x614 - pdb path: .;C:\Program Files\Java\jdk-21\bin;C:\Windows\SYSTEM32;C:\Windows\WinSxS\amd64_microsoft.windows.common-controls_6595b64144ccf1df_6.0.19041.4355_none_60b8b9eb71f62e16;C:\Program Files\Java\jdk-21\bin\server;C:\Users\Ric\AppData\Local\Programs\IntelliJ IDEA Community Edition\bin

VM Arguments:
jvm_args: -javaagent:C:\Users\Ric\AppData\Local\Programs\IntelliJ IDEA Community Edition\lib\idea_rt.jar=9074:C:\Users\Ric\AppData\Local\Programs\IntelliJ IDEA Community Edition\bin -Dfile.encoding=UTF-8 -Dsun.stdout.encoding=UTF-8 -Dsun.stderr.encoding=UTF-8 
java_command: com.hasinarezida.biblio.BiblioApplication
java_class_path (initial): C:\Users\Ric\Documents\projects\work\library\target\classes;C:\Users\Ric\.m2\repository\org\springframework\boot\spring-boot-starter-web\3.3.2\spring-boot-starter-web-3.3.2.jar;C:\Users\Ric\.m2\repository\org\springframework\boot\spring-boot-starter\3.3.2\spring-boot-starter-3.3.2.jar;C:\Users\Ric\.m2\repository\org\springframework\boot\spring-boot-starter-logging\3.3.2\spring-boot-starter-logging-3.3.2.jar;C:\Users\Ric\.m2\repository\ch\qos\logback\logback-classic\1.5.6\logback-classic-1.5.6.jar;C:\Users\Ric\.m2\repository\ch\qos\logback\logback-core\1.5.6\logback-core-1.5.6.jar;C:\Users\Ric\.m2\repository\org\apache\logging\log4j\log4j-to-slf4j\2.23.1\log4j-to-slf4j-2.23.1.jar;C:\Users\Ric\.m2\repository\org\apache\logging\log4j\log4j-api\2.23.1\log4j-api-2.23.1.jar;C:\Users\Ric\.m2\repository\org\slf4j\jul-to-slf4j\2.0.13\jul-to-slf4j-2.0.13.jar;C:\Users\Ric\.m2\repository\jakarta\annotation\jakarta.annotation-api\2.1.1\jakarta.annotation-api-2.1.1.jar;C:\Users\Ric\.m2\repository\org\yaml\snakeyaml\2.2\snakeyaml-2.2.jar;C:\Users\Ric\.m2\repository\org\springframework\boot\spring-boot-starter-json\3.3.2\spring-boot-starter-json-3.3.2.jar;C:\Users\Ric\.m2\repository\com\fasterxml\jackson\core\jackson-databind\2.17.2\jackson-databind-2.17.2.jar;C:\Users\Ric\.m2\repository\com\fasterxml\jackson\core\jackson-annotations\2.17.2\jackson-annotations-2.17.2.jar;C:\Users\Ric\.m2\repository\com\fasterxml\jackson\core\jackson-core\2.17.2\jackson-core-2.17.2.jar;C:\Users\Ric\.m2\repository\com\fasterxml\jackson\datatype\jackson-datatype-jdk8\2.17.2\jackson-datatype-jdk8-2.17.2.jar;C:\Users\Ric\.m2\repository\com\fasterxml\jackson\datatype\jackson-datatype-jsr310\2.17.2\jackson-datatype-jsr310-2.17.2.jar;C:\Users\Ric\.m2\repository\com\fasterxml\jackson\module\jackson-module-parameter-names\2.17.2\jackson-module-parameter-names-2.17.2.jar;C:\Users\Ric\.m2\repository\org\springframework\boot\spring-boot-starter-tomcat\3.3.2\spring-boot-starter-tomcat-3.3.2.jar;C:\Users\Ric\.m2\repository\org\apache\tomcat\embed\tomcat-embed-core\10.1.26\tomcat-embed-core-10.1.26.jar;C:\Users\Ric\.m2\repository\org\apache\tomcat\embed\tomcat-embed-el\10.1.26\tomcat-embed-el-10.1.26.jar;C:\Users\Ric\.m2\repository\org\apache\tomcat\embed\tomcat-embed-websocket\10.1.26\tomcat-embed-websocket-10.1.26.jar;C:\Users\Ric\.m2\repository\org\springframework\spring-web\6.1.11\spring-web-6.1.11.jar;C:\Users\Ric\.m2\repository\org\springframework\spring-beans\6.1.11\spring-beans-6.1.11.jar;C:\Users\Ric\.m2\repository\io\micrometer\micrometer-observation\1.13.2\micrometer-observation-1.13.2.jar;C:\Users\Ric\.m2\repository\io\micrometer\micrometer-commons\1.13.2\micrometer-commons-1.13.2.jar;C:\Users\Ric\.m2\repository\org\springframework\spring-webmvc\6.1.11\spring-webmvc-6.1.11.jar;C:\Users\Ric\.m2\repository\org\springframework\spring-context\6.1.11\spring-context-6.1.11.jar;C:\Users\Ric\.m2\repository\org\springframework\spring-expression\6.1.11\spring-expression-6.1.11.jar;C:\Users\Ric\.m2\repository\org\springframework\boot\spring-boot-starter-thymeleaf\3.3.2\spring-boot-starter-thymeleaf-3.3.2.jar;C:\Users\Ric\.m2\repository\org\thymeleaf\thymeleaf-spring6\3.1.2.RELEASE\thymeleaf-spring6-3.1.2.RELEASE.jar;C:\Users\Ric\.m2\repository\org\thymeleaf\thymeleaf\3.1.2.RELEASE\thymeleaf-3.1.2.RELEASE.jar;C:\Users\Ric\.m2\repository\org\attoparser\attoparser\2.0.7.RELEASE\attoparser-2.0.7.RELEASE.jar;C:\Users\Ric\.m2\repository\org\unbescape\unbescape\1.1.6.RELEASE\unbescape-1.1.6.RELEASE.jar;C:\Users\Ric\.m2\repository\org\slf4j\slf4j-api\2.0.13\slf4j-api-2.0.13.jar;C:\Users\Ric\.m2\repository\org\springframework\boot\spring-boot-starter-security\3.3.2\spring-boot-starter-security-3.3.2.jar;C:\Users\Ric\.m2\repository\org\springframework\spring-aop\6.1.11\spring-aop-6.1.11.jar;C:\Users\Ric\.m2\repository\org\springframework\security\spring-security-config\6.3.1\spring-security-config-6.3.1.jar;C:\Users\Ric\.m2\repository\org\springframework\security\spring-security-web\6.3.1\spring-security-web-6.3.1.jar;C:\Users\Ric\.m2\repository\org\springframework\boot\spring-boot-starter-data-jpa\3.3.2\spring-boot-starter-data-jpa-3.3.2.jar;C:\Users\Ric\.m2\repository\org\springframework\boot\spring-boot-starter-aop\3.3.2\spring-boot-starter-aop-3.3.2.jar;C:\Users\Ric\.m2\repository\org\aspectj\aspectjweaver\1.9.22.1\aspectjweaver-1.9.22.1.jar;C:\Users\Ric\.m2\repository\org\springframework\boot\spring-boot-starter-jdbc\3.3.2\spring-boot-starter-jdbc-3.3.2.jar;C:\Users\Ric\.m2\repository\com\zaxxer\HikariCP\5.1.0\HikariCP-5.1.0.jar;C:\Users\Ric\.m2\repository\org\springframework\spring-jdbc\6.1.11\spring-jdbc-6.1.11.jar;C:\Users\Ric\.m2\repository\org\hibernate\orm\hibernate-core\6.5.2.Final\hibernate-core-6.5.2.Final.jar;C:\Users\Ric\.m2\repository\jakarta\persistence\jakarta.persistence-api\3.1.0\jakarta.persistence-api-3.1.0.jar;C:\Users\Ric\.m2\repository\jakarta\transaction\jakarta.transaction-api\2.0.1\jakarta.transaction-api-2.0.1.jar;C:\Users\Ric\.m2\repository\org\jboss\logging\jboss-logging\3.5.3.Final\jboss-logging-3.5.3.Final.jar;C:\Users\Ric\.m2\repository\org\hibernate\common\hibernate-commons-annotations\6.0.6.Final\hibernate-commons-annotations-6.0.6.Final.jar;C:\Users\Ric\.m2\repository\io\smallrye\jandex\3.1.2\jandex-3.1.2.jar;C:\Users\Ric\.m2\repository\com\fasterxml\classmate\1.7.0\classmate-1.7.0.jar;C:\Users\Ric\.m2\repository\net\bytebuddy\byte-buddy\1.14.18\byte-buddy-1.14.18.jar;C:\Users\Ric\.m2\repository\org\glassfish\jaxb\jaxb-runtime\4.0.5\jaxb-runtime-4.0.5.jar;C:\Users\Ric\.m2\repository\org\glassfish\jaxb\jaxb-core\4.0.5\jaxb-core-4.0.5.jar;C:\Users\Ric\.m2\repository\org\eclipse\angus\angus-activation\2.0.2\angus-activation-2.0.2.jar;C:\Users\Ric\.m2\repository\org\glassfish\jaxb\txw2\4.0.5\txw2-4.0.5.jar;C:\Users\Ric\.m2\repository\com\sun\istack\istack-commons-runtime\4.1.2\istack-commons-runtime-4.1.2.jar;C:\Users\Ric\.m2\repository\jakarta\inject\jakarta.inject-api\2.0.1\jakarta.inject-api-2.0.1.jar;C:\Users\Ric\.m2\repository\org\antlr\antlr4-runtime\4.13.0\antlr4-runtime-4.13.0.jar;C:\Users\Ric\.m2\repository\org\springframework\data\spring-data-jpa\3.3.2\spring-data-jpa-3.3.2.jar;C:\Users\Ric\.m2\repository\org\springframework\data\spring-data-commons\3.3.2\spring-data-commons-3.3.2.jar;C:\Users\Ric\.m2\repository\org\springframework\spring-orm\6.1.11\spring-orm-6.1.11.jar;C:\Users\Ric\.m2\repository\org\springframework\spring-tx\6.1.11\spring-tx-6.1.11.jar;C:\Users\Ric\.m2\repository\org\springframework\spring-aspects\6.1.11\spring-aspects-6.1.11.jar;C:\Users\Ric\.m2\repository\org\postgresql\postgresql\42.7.3\postgresql-42.7.3.jar;C:\Users\Ric\.m2\repository\org\checkerframework\checker-qual\3.42.0\checker-qual-3.42.0.jar;C:\Users\Ric\.m2\repository\com\h2database\h2\2.2.224\h2-2.2.224.jar;C:\Users\Ric\.m2\repository\org\springframework\boot\spring-boot-devtools\3.3.2\spring-boot-devtools-3.3.2.jar;C:\Users\Ric\.m2\repository\org\springframework\boot\spring-boot\3.3.2\spring-boot-3.3.2.jar;C:\Users\Ric\.m2\repository\org\springframework\boot\spring-boot-autoconfigure\3.3.2\spring-boot-autoconfigure-3.3.2.jar;C:\Users\Ric\.m2\repository\jakarta\xml\bind\jakarta.xml.bind-api\4.0.2\jakarta.xml.bind-api-4.0.2.jar;C:\Users\Ric\.m2\repository\jakarta\activation\jakarta.activation-api\2.1.3\jakarta.activation-api-2.1.3.jar;C:\Users\Ric\.m2\repository\org\springframework\spring-core\6.1.11\spring-core-6.1.11.jar;C:\Users\Ric\.m2\repository\org\springframework\spring-jcl\6.1.11\spring-jcl-6.1.11.jar;C:\Users\Ric\.m2\repository\org\springframework\security\spring-security-core\6.3.1\spring-security-core-6.3.1.jar;C:\Users\Ric\.m2\repository\org\springframework\security\spring-security-crypto\6.3.1\spring-security-crypto-6.3.1.jar
Launcher Type: SUN_STANDARD

[Global flags]
     intx CICompilerCount                          = 3                                         {product} {ergonomic}
     uint ConcGCThreads                            = 1                                         {product} {ergonomic}
     uint G1ConcRefinementThreads                  = 4                                         {product} {ergonomic}
   size_t G1HeapRegionSize                         = 1048576                                   {product} {ergonomic}
    uintx GCDrainStackTargetSize                   = 64                                        {product} {ergonomic}
   size_t InitialHeapSize                          = 65011712                                  {product} {ergonomic}
   size_t MarkStackSize                            = 4194304                                   {product} {ergonomic}
   size_t MaxHeapSize                              = 1031798784                                {product} {ergonomic}
   size_t MaxNewSize                               = 618659840                                 {product} {ergonomic}
   size_t MinHeapDeltaBytes                        = 1048576                                   {product} {ergonomic}
   size_t MinHeapSize                              = 8388608                                   {product} {ergonomic}
    uintx NonNMethodCodeHeapSize                   = 5832780                                {pd product} {ergonomic}
    uintx NonProfiledCodeHeapSize                  = 122912730                              {pd product} {ergonomic}
    uintx ProfiledCodeHeapSize                     = 122912730                              {pd product} {ergonomic}
    uintx ReservedCodeCacheSize                    = 251658240                              {pd product} {ergonomic}
     bool SegmentedCodeCache                       = true                                      {product} {ergonomic}
   size_t SoftMaxHeapSize                          = 1031798784                             {manageable} {ergonomic}
     bool UseCompressedOops                        = true                           {product lp64_product} {ergonomic}
     bool UseG1GC                                  = true                                      {product} {ergonomic}
     bool UseLargePagesIndividualAllocation        = false                                  {pd product} {ergonomic}

Logging:
Log output configuration:
 #0: stdout all=warning uptime,level,tags foldmultilines=false
 #1: stderr all=off uptime,level,tags foldmultilines=false

Environment Variables:
PATH=C:\Program Files\Common Files\Oracle\Java\javapath;C:\Windows\system32;C:\Windows;C:\Windows\System32\Wbem;C:\Windows\System32\WindowsPowerShell\v1.0\;C:\Windows\System32\OpenSSH\;C:\Program Files\Microsoft SQL Server\150\Tools\Binn\;C:\Program Files\Git\bin;C:\Users\Ric\AppData\Roaming\nvm;C:\Program Files\nodejs;C:\Program Files\Docker\Docker\resources\bin;C:\Users\Ric\AppData\Local\Programs\Python\Python311\Scripts\;C:\Users\Ric\AppData\Local\Programs\Python\Python311\;C:\Users\Ric\AppData\Local\Microsoft\WindowsApps;C:\Users\Ric\.dotnet\tools;C:\Users\Ric\AppData\Local\Programs\Microsoft VS Code\bin;C:\dev\flutter\bin;C:\Users\Ric\AppData\Roaming\npm;C:\Users\Ric\AppData\Roaming\nvm;C:\Program Files\nodejs;C:\Users\Ric\AppData\Local\JetBrains\Toolbox\scripts;C:\Users\Ric\modelio\Modelio Open Source 5.4\plugins\org.apache.ant_1.10.9.v20201106-1946\META-INF;C:\Users\Ric\Documents\projects\work\biblio;C:\Program Files\PostgreSQL\16\bin;
USERNAME=Ric
OS=Windows_NT
PROCESSOR_IDENTIFIER=Intel64 Family 6 Model 58 Stepping 9, GenuineIntel
TMP=C:\Users\Ric\AppData\Local\Temp
TEMP=C:\Users\Ric\AppData\Local\Temp




Periodic native trim disabled

---------------  S Y S T E M  ---------------

OS:
 Windows 10 , 64 bit Build 19041 (10.0.19041.4717)
OS uptime: 0 days 12:45 hours
Hyper-V role detected

CPU: total 4 (initial active 4) (2 cores per cpu, 2 threads per core) family 6 model 58 stepping 9 microcode 0x21, cx8, cmov, fxsr, ht, mmx, sse, sse2, sse3, ssse3, sse4.1, sse4.2, popcnt, tsc, tscinvbit, avx, aes, erms, clmul, vzeroupper, clflush, hv, rdtscp, f16c
Processor Information for all 4 processors :
  Max Mhz: 2501, Current Mhz: 2100, Mhz Limit: 2075

Memory: 4k page, system-wide physical 3933M (332M free)
TotalPageFile size 8109M (AvailPageFile size 2M)
current process WorkingSet (physical memory assigned to process): 171M, peak: 172M
current process commit charge ("private bytes"): 204M, peak: 207M

vm_info: Java HotSpot(TM) 64-Bit Server VM (21.0.4+8-LTS-274) for windows-amd64 JRE (21.0.4+8-LTS-274), built on 2024-06-05T05:23:33Z by "mach5one" with MS VC++ 17.6 (VS2022)

END.
