#
# There is insufficient memory for the Java Runtime Environment to continue.
# Native memory allocation (malloc) failed to allocate 1426256 bytes for Chunk::new
# Possible reasons:
#   The system is out of physical RAM or swap space
#   The process is running with CompressedOops enabled, and the Java Heap may be blocking the growth of the native heap
# Possible solutions:
#   Reduce memory load on the system
#   Increase physical memory or swap space
#   Check if swap backing store is full
#   Decrease Java heap size (-Xmx/-Xms)
#   Decrease number of Java threads
#   Decrease Java thread stack sizes (-Xss)
#   Set larger code cache with -XX:ReservedCodeCacheSize=
#   JVM is running with Unscaled Compressed Oops mode in which the Java heap is
#     placed in the first 4GB address space. The Java Heap base address is the
#     maximum limit for the native heap growth. Please use -XX:HeapBaseMinAddress
#     to set the Java Heap base and to place the Java Heap above 4GB virtual address.
# This output file may be truncated or incomplete.
#
#  Out of Memory Error (arena.cpp:168), pid=7888, tid=9536
#
# JRE version: Java(TM) SE Runtime Environment (21.0.4+8) (build 21.0.4+8-LTS-274)
# Java VM: Java HotSpot(TM) 64-Bit Server VM (21.0.4+8-LTS-274, mixed mode, sharing, tiered, compressed oops, compressed class ptrs, g1 gc, windows-amd64)
# No core dump will be written. Minidumps are not enabled by default on client versions of Windows
#

---------------  S U M M A R Y ------------

Command Line: -javaagent:C:\Users\Ric\AppData\Local\Programs\IntelliJ IDEA Community Edition\lib\idea_rt.jar=12901:C:\Users\Ric\AppData\Local\Programs\IntelliJ IDEA Community Edition\bin -Dfile.encoding=UTF-8 -Dsun.stdout.encoding=UTF-8 -Dsun.stderr.encoding=UTF-8 com.hasinarezida.biblio.BiblioApplication

Host: Intel(R) Core(TM) i5-3210M CPU @ 2.50GHz, 4 cores, 3G,  Windows 10 , 64 bit Build 19041 (10.0.19041.4717)
Time: Fri Sep  6 12:30:32 2024 E. Africa Standard Time elapsed time: 471.048098 seconds (0d 0h 7m 51s)

---------------  T H R E A D  ---------------

Current thread (0x00000165abb1fdc0):  JavaThread "C2 CompilerThread0" daemon [_thread_in_native, id=9536, stack(0x0000002930600000,0x0000002930700000) (1024K)]


Current CompileTask:
C2: 471051 7100 % !   4       org.springframework.beans.factory.support.DefaultListableBeanFactory::doGetBeanNamesForType @ 20 (505 bytes)

Stack: [0x0000002930600000,0x0000002930700000]
Native frames: (J=compiled Java code, j=interpreted, Vv=VM code, C=native code)
V  [jvm.dll+0x6c8e59]
V  [jvm.dll+0x853181]
V  [jvm.dll+0x8556ae]
V  [jvm.dll+0x855d83]
V  [jvm.dll+0x27d526]
V  [jvm.dll+0xc4aad]
V  [jvm.dll+0xc4fe3]
V  [jvm.dll+0x3b3fd2]
V  [jvm.dll+0x3809a5]
V  [jvm.dll+0x37fe1a]
V  [jvm.dll+0x246280]
V  [jvm.dll+0x24585f]
V  [jvm.dll+0x1c69de]
V  [jvm.dll+0x254d49]
V  [jvm.dll+0x2532da]
V  [jvm.dll+0x3ed426]
V  [jvm.dll+0x7fd65b]
V  [jvm.dll+0x6c753d]
C  [ucrtbase.dll+0x21bb2]
C  [KERNEL32.DLL+0x17374]
C  [ntdll.dll+0x4cc91]


---------------  P R O C E S S  ---------------

Threads class SMR info:
_java_thread_list=0x00000165f28d6510, length=19, elements={
0x00000165abb11f80, 0x00000165abb16d20, 0x00000165abb18af0, 0x00000165abb19700,
0x00000165abb1aab0, 0x00000165abb1f1b0, 0x00000165abb1fdc0, 0x00000165abb20620,
0x0000016590f9f0f0, 0x00000165f13a1af0, 0x00000165f13a2160, 0x00000165f108c020,
0x00000165f1089f50, 0x00000165f108b990, 0x00000165f108a5e0, 0x00000165f55833e0,
0x00000165f3eae730, 0x00000165f3eb35f0, 0x00000165f3eafae0
}

Java Threads: ( => current thread )
  0x00000165abb11f80 JavaThread "Reference Handler"          daemon [_thread_blocked, id=8852, stack(0x0000002930000000,0x0000002930100000) (1024K)]
  0x00000165abb16d20 JavaThread "Finalizer"                  daemon [_thread_blocked, id=1804, stack(0x0000002930100000,0x0000002930200000) (1024K)]
  0x00000165abb18af0 JavaThread "Signal Dispatcher"          daemon [_thread_blocked, id=7348, stack(0x0000002930200000,0x0000002930300000) (1024K)]
  0x00000165abb19700 JavaThread "Attach Listener"            daemon [_thread_blocked, id=8704, stack(0x0000002930300000,0x0000002930400000) (1024K)]
  0x00000165abb1aab0 JavaThread "Service Thread"             daemon [_thread_blocked, id=5636, stack(0x0000002930400000,0x0000002930500000) (1024K)]
  0x00000165abb1f1b0 JavaThread "Monitor Deflation Thread"   daemon [_thread_blocked, id=8756, stack(0x0000002930500000,0x0000002930600000) (1024K)]
=>0x00000165abb1fdc0 JavaThread "C2 CompilerThread0"         daemon [_thread_in_native, id=9536, stack(0x0000002930600000,0x0000002930700000) (1024K)]
  0x00000165abb20620 JavaThread "C1 CompilerThread0"         daemon [_thread_blocked, id=11640, stack(0x0000002930700000,0x0000002930800000) (1024K)]
  0x0000016590f9f0f0 JavaThread "Common-Cleaner"             daemon [_thread_blocked, id=3720, stack(0x0000002930800000,0x0000002930900000) (1024K)]
  0x00000165f13a1af0 JavaThread "Monitor Ctrl-Break"         daemon [_thread_in_native, id=836, stack(0x0000002930a00000,0x0000002930b00000) (1024K)]
  0x00000165f13a2160 JavaThread "Notification Thread"        daemon [_thread_blocked, id=7664, stack(0x0000002930b00000,0x0000002930c00000) (1024K)]
  0x00000165f108c020 JavaThread "PostgreSQL-JDBC-Cleaner"    daemon [_thread_blocked, id=1648, stack(0x0000002931200000,0x0000002931300000) (1024K)]
  0x00000165f1089f50 JavaThread "Catalina-utility-1"                [_thread_blocked, id=9748, stack(0x0000002931500000,0x0000002931600000) (1024K)]
  0x00000165f108b990 JavaThread "Catalina-utility-2"                [_thread_blocked, id=13152, stack(0x0000002931600000,0x0000002931700000) (1024K)]
  0x00000165f108a5e0 JavaThread "container-0"                       [_thread_blocked, id=11780, stack(0x0000002931700000,0x0000002931800000) (1024K)]
  0x00000165f55833e0 JavaThread "Live Reload Server"         daemon [_thread_in_native, id=13188, stack(0x0000002931400000,0x0000002931500000) (1024K)]
  0x00000165f3eae730 JavaThread "DestroyJavaVM"                     [_thread_blocked, id=7196, stack(0x000000292f800000,0x000000292f900000) (1024K)]
  0x00000165f3eb35f0 JavaThread "SIGINT handler"             daemon [_thread_blocked, id=3524, stack(0x000000292f500000,0x000000292f600000) (1024K)]
  0x00000165f3eafae0 JavaThread "SpringApplicationShutdownHook"        [_thread_in_vm, id=10476, stack(0x000000292f700000,0x000000292f800000) (1024K)]
Total: 19

Other Threads:
  0x0000016590fb2d90 VMThread "VM Thread"                           [id=10892, stack(0x000000292ff00000,0x0000002930000000) (1024K)]
  0x00000165abafdb60 WatcherThread "VM Periodic Task Thread"        [id=6268, stack(0x000000292fe00000,0x000000292ff00000) (1024K)]
  0x0000016590f2d7d0 WorkerThread "GC Thread#0"                     [id=9840, stack(0x000000292f900000,0x000000292fa00000) (1024K)]
  0x00000165f173b1b0 WorkerThread "GC Thread#1"                     [id=9768, stack(0x0000002930900000,0x0000002930a00000) (1024K)]
  0x00000165f182bb20 WorkerThread "GC Thread#2"                     [id=12760, stack(0x0000002930c00000,0x0000002930d00000) (1024K)]
  0x00000165f18197f0 WorkerThread "GC Thread#3"                     [id=10352, stack(0x0000002930d00000,0x0000002930e00000) (1024K)]
  0x0000016590f361c0 ConcurrentGCThread "G1 Main Marker"            [id=12416, stack(0x000000292fa00000,0x000000292fb00000) (1024K)]
  0x0000016590f36bd0 WorkerThread "G1 Conc#0"                       [id=9128, stack(0x000000292fb00000,0x000000292fc00000) (1024K)]
  0x0000016590f8cda0 ConcurrentGCThread "G1 Refine#0"               [id=9196, stack(0x000000292fc00000,0x000000292fd00000) (1024K)]
  0x0000016590f8d820 ConcurrentGCThread "G1 Service"                [id=5616, stack(0x000000292fd00000,0x000000292fe00000) (1024K)]
Total: 10

Threads with active compile tasks:
C2 CompilerThread0   471336 7100 % !   4       org.springframework.beans.factory.support.DefaultListableBeanFactory::doGetBeanNamesForType @ 20 (505 bytes)
Total: 1

VM state: not at safepoint (normal execution)

VM Mutex/Monitor currently owned by a thread: None

Heap address: 0x00000000c2800000, size: 984 MB, Compressed Oops mode: 32-bit

CDS archive(s) mapped at: [0x00000165ac000000-0x00000165acc90000-0x00000165acc90000), size 13172736, SharedBaseAddress: 0x00000165ac000000, ArchiveRelocationMode: 1.
Compressed class space mapped at: 0x00000165ad000000-0x00000165ed000000, reserved size: 1073741824
Narrow klass base: 0x00000165ac000000, Narrow klass shift: 0, Narrow klass range: 0x100000000

GC Precious Log:
 CardTable entry size: 512
 Card Set container configuration: InlinePtr #cards 5 size 8 Array Of Cards #cards 12 size 40 Howl #buckets 4 coarsen threshold 1843 Howl Bitmap #cards 512 size 80 coarsen threshold 460 Card regions per heap region 1 cards per card region 2048
 CPUs: 4 total, 4 available
 Memory: 3933M
 Large Page Support: Disabled
 NUMA Support: Disabled
 Compressed Oops: Enabled (32-bit)
 Heap Region Size: 1M
 Heap Min Capacity: 8M
 Heap Initial Capacity: 62M
 Heap Max Capacity: 984M
 Pre-touch: Disabled
 Parallel Workers: 4
 Concurrent Workers: 1
 Concurrent Refinement Workers: 4
 Periodic GC: Disabled

Heap:
 garbage-first heap   total 63488K, used 41906K [0x00000000c2800000, 0x0000000100000000)
  region size 1024K, 8 young (8192K), 1 survivors (1024K)
 Metaspace       used 73003K, committed 73792K, reserved 1114112K
  class space    used 10080K, committed 10432K, reserved 1048576K

Heap Regions: E=young(eden), S=young(survivor), O=old, HS=humongous(starts), HC=humongous(continues), CS=collection set, F=free, TAMS=top-at-mark-start, PB=parsable bottom
|   0|0x00000000c2800000, 0x00000000c2900000, 0x00000000c2900000|100%|HS|  |TAMS 0x00000000c2800000| PB 0x00000000c2800000| Complete 
|   1|0x00000000c2900000, 0x00000000c2a00000, 0x00000000c2a00000|100%| O|  |TAMS 0x00000000c2900000| PB 0x00000000c2900000| Untracked 
|   2|0x00000000c2a00000, 0x00000000c2b00000, 0x00000000c2b00000|100%| O|  |TAMS 0x00000000c2a00000| PB 0x00000000c2a00000| Untracked 
|   3|0x00000000c2b00000, 0x00000000c2c00000, 0x00000000c2c00000|100%| O|  |TAMS 0x00000000c2b00000| PB 0x00000000c2b00000| Untracked 
|   4|0x00000000c2c00000, 0x00000000c2d00000, 0x00000000c2d00000|100%| O|  |TAMS 0x00000000c2c00000| PB 0x00000000c2c00000| Untracked 
|   5|0x00000000c2d00000, 0x00000000c2e00000, 0x00000000c2e00000|100%| O|  |TAMS 0x00000000c2d00000| PB 0x00000000c2d00000| Untracked 
|   6|0x00000000c2e00000, 0x00000000c2f00000, 0x00000000c2f00000|100%| O|  |TAMS 0x00000000c2e00000| PB 0x00000000c2e00000| Untracked 
|   7|0x00000000c2f00000, 0x00000000c3000000, 0x00000000c3000000|100%| O|  |TAMS 0x00000000c2f00000| PB 0x00000000c2f00000| Untracked 
|   8|0x00000000c3000000, 0x00000000c3100000, 0x00000000c3100000|100%| O|  |TAMS 0x00000000c3000000| PB 0x00000000c3000000| Untracked 
|   9|0x00000000c3100000, 0x00000000c3200000, 0x00000000c3200000|100%| O|  |TAMS 0x00000000c3100000| PB 0x00000000c3100000| Untracked 
|  10|0x00000000c3200000, 0x00000000c3300000, 0x00000000c3300000|100%| O|  |TAMS 0x00000000c3200000| PB 0x00000000c3200000| Untracked 
|  11|0x00000000c3300000, 0x00000000c3400000, 0x00000000c3400000|100%| O|  |TAMS 0x00000000c3300000| PB 0x00000000c3300000| Untracked 
|  12|0x00000000c3400000, 0x00000000c3500000, 0x00000000c3500000|100%| O|  |TAMS 0x00000000c3400000| PB 0x00000000c3400000| Untracked 
|  13|0x00000000c3500000, 0x00000000c3600000, 0x00000000c3600000|100%| O|  |TAMS 0x00000000c3500000| PB 0x00000000c3500000| Untracked 
|  14|0x00000000c3600000, 0x00000000c3700000, 0x00000000c3700000|100%| O|  |TAMS 0x00000000c3600000| PB 0x00000000c3600000| Untracked 
|  15|0x00000000c3700000, 0x00000000c3800000, 0x00000000c3800000|100%| O|  |TAMS 0x00000000c3700000| PB 0x00000000c3700000| Untracked 
|  16|0x00000000c3800000, 0x00000000c3900000, 0x00000000c3900000|100%| O|Cm|TAMS 0x00000000c3800000| PB 0x00000000c3800000| Complete 
|  17|0x00000000c3900000, 0x00000000c3a00000, 0x00000000c3a00000|100%| O|  |TAMS 0x00000000c3900000| PB 0x00000000c3900000| Untracked 
|  18|0x00000000c3a00000, 0x00000000c3b00000, 0x00000000c3b00000|100%| O|  |TAMS 0x00000000c3a00000| PB 0x00000000c3a00000| Untracked 
|  19|0x00000000c3b00000, 0x00000000c3c00000, 0x00000000c3c00000|100%| O|  |TAMS 0x00000000c3b00000| PB 0x00000000c3b00000| Untracked 
|  20|0x00000000c3c00000, 0x00000000c3d00000, 0x00000000c3d00000|100%| O|  |TAMS 0x00000000c3c00000| PB 0x00000000c3c00000| Untracked 
|  21|0x00000000c3d00000, 0x00000000c3e00000, 0x00000000c3e00000|100%| O|  |TAMS 0x00000000c3d00000| PB 0x00000000c3d00000| Untracked 
|  22|0x00000000c3e00000, 0x00000000c3f00000, 0x00000000c3f00000|100%| O|  |TAMS 0x00000000c3e00000| PB 0x00000000c3e00000| Untracked 
|  23|0x00000000c3f00000, 0x00000000c4000000, 0x00000000c4000000|100%| O|  |TAMS 0x00000000c3f00000| PB 0x00000000c3f00000| Untracked 
|  24|0x00000000c4000000, 0x00000000c4100000, 0x00000000c4100000|100%| O|  |TAMS 0x00000000c4000000| PB 0x00000000c4000000| Untracked 
|  25|0x00000000c4100000, 0x00000000c4200000, 0x00000000c4200000|100%| O|  |TAMS 0x00000000c4100000| PB 0x00000000c4100000| Untracked 
|  26|0x00000000c4200000, 0x00000000c4300000, 0x00000000c4300000|100%| O|  |TAMS 0x00000000c4200000| PB 0x00000000c4200000| Untracked 
|  27|0x00000000c4300000, 0x00000000c4400000, 0x00000000c4400000|100%| O|  |TAMS 0x00000000c4300000| PB 0x00000000c4300000| Untracked 
|  28|0x00000000c4400000, 0x00000000c4500000, 0x00000000c4500000|100%| O|  |TAMS 0x00000000c4400000| PB 0x00000000c4400000| Untracked 
|  29|0x00000000c4500000, 0x00000000c4600000, 0x00000000c4600000|100%| O|Cm|TAMS 0x00000000c4500000| PB 0x00000000c4500000| Complete 
|  30|0x00000000c4600000, 0x00000000c4700000, 0x00000000c4700000|100%| O|  |TAMS 0x00000000c4600000| PB 0x00000000c4600000| Untracked 
|  31|0x00000000c4700000, 0x00000000c4800000, 0x00000000c4800000|100%| O|  |TAMS 0x00000000c4700000| PB 0x00000000c4700000| Untracked 
|  32|0x00000000c4800000, 0x00000000c4900000, 0x00000000c4900000|100%| O|  |TAMS 0x00000000c4800000| PB 0x00000000c4800000| Untracked 
|  33|0x00000000c4900000, 0x00000000c4968fd8, 0x00000000c4a00000| 41%| O|  |TAMS 0x00000000c4900000| PB 0x00000000c4900000| Untracked 
|  34|0x00000000c4a00000, 0x00000000c4b00000, 0x00000000c4b00000|100%| O|  |TAMS 0x00000000c4a00000| PB 0x00000000c4a00000| Untracked 
|  35|0x00000000c4b00000, 0x00000000c4b00000, 0x00000000c4c00000|  0%| F|  |TAMS 0x00000000c4b00000| PB 0x00000000c4b00000| Untracked 
|  36|0x00000000c4c00000, 0x00000000c4c00000, 0x00000000c4d00000|  0%| F|  |TAMS 0x00000000c4c00000| PB 0x00000000c4c00000| Untracked 
|  37|0x00000000c4d00000, 0x00000000c4d00000, 0x00000000c4e00000|  0%| F|  |TAMS 0x00000000c4d00000| PB 0x00000000c4d00000| Untracked 
|  38|0x00000000c4e00000, 0x00000000c4e00000, 0x00000000c4f00000|  0%| F|  |TAMS 0x00000000c4e00000| PB 0x00000000c4e00000| Untracked 
|  39|0x00000000c4f00000, 0x00000000c4f00000, 0x00000000c5000000|  0%| F|  |TAMS 0x00000000c4f00000| PB 0x00000000c4f00000| Untracked 
|  40|0x00000000c5000000, 0x00000000c5000000, 0x00000000c5100000|  0%| F|  |TAMS 0x00000000c5000000| PB 0x00000000c5000000| Untracked 
|  41|0x00000000c5100000, 0x00000000c51838c0, 0x00000000c5200000| 51%| S|CS|TAMS 0x00000000c5100000| PB 0x00000000c5100000| Complete 
|  42|0x00000000c5200000, 0x00000000c5200000, 0x00000000c5300000|  0%| F|  |TAMS 0x00000000c5200000| PB 0x00000000c5200000| Untracked 
|  43|0x00000000c5300000, 0x00000000c5300000, 0x00000000c5400000|  0%| F|  |TAMS 0x00000000c5300000| PB 0x00000000c5300000| Untracked 
|  44|0x00000000c5400000, 0x00000000c5400000, 0x00000000c5500000|  0%| F|  |TAMS 0x00000000c5400000| PB 0x00000000c5400000| Untracked 
|  45|0x00000000c5500000, 0x00000000c5500000, 0x00000000c5600000|  0%| F|  |TAMS 0x00000000c5500000| PB 0x00000000c5500000| Untracked 
|  46|0x00000000c5600000, 0x00000000c5600000, 0x00000000c5700000|  0%| F|  |TAMS 0x00000000c5600000| PB 0x00000000c5600000| Untracked 
|  47|0x00000000c5700000, 0x00000000c5700000, 0x00000000c5800000|  0%| F|  |TAMS 0x00000000c5700000| PB 0x00000000c5700000| Untracked 
|  48|0x00000000c5800000, 0x00000000c5800000, 0x00000000c5900000|  0%| F|  |TAMS 0x00000000c5800000| PB 0x00000000c5800000| Untracked 
|  49|0x00000000c5900000, 0x00000000c5900000, 0x00000000c5a00000|  0%| F|  |TAMS 0x00000000c5900000| PB 0x00000000c5900000| Untracked 
|  50|0x00000000c5a00000, 0x00000000c5a00000, 0x00000000c5b00000|  0%| F|  |TAMS 0x00000000c5a00000| PB 0x00000000c5a00000| Untracked 
|  51|0x00000000c5b00000, 0x00000000c5b00000, 0x00000000c5c00000|  0%| F|  |TAMS 0x00000000c5b00000| PB 0x00000000c5b00000| Untracked 
|  52|0x00000000c5c00000, 0x00000000c5c00000, 0x00000000c5d00000|  0%| F|  |TAMS 0x00000000c5c00000| PB 0x00000000c5c00000| Untracked 
|  53|0x00000000c5d00000, 0x00000000c5d00000, 0x00000000c5e00000|  0%| F|  |TAMS 0x00000000c5d00000| PB 0x00000000c5d00000| Untracked 
|  54|0x00000000c5e00000, 0x00000000c5e00000, 0x00000000c5f00000|  0%| F|  |TAMS 0x00000000c5e00000| PB 0x00000000c5e00000| Untracked 
|  55|0x00000000c5f00000, 0x00000000c5f11188, 0x00000000c6000000|  6%| E|  |TAMS 0x00000000c5f00000| PB 0x00000000c5f00000| Complete 
|  56|0x00000000c6000000, 0x00000000c6100000, 0x00000000c6100000|100%| E|CS|TAMS 0x00000000c6000000| PB 0x00000000c6000000| Complete 
|  57|0x00000000c6100000, 0x00000000c6200000, 0x00000000c6200000|100%| E|CS|TAMS 0x00000000c6100000| PB 0x00000000c6100000| Complete 
|  58|0x00000000c6200000, 0x00000000c6300000, 0x00000000c6300000|100%| E|CS|TAMS 0x00000000c6200000| PB 0x00000000c6200000| Complete 
|  59|0x00000000c6300000, 0x00000000c6400000, 0x00000000c6400000|100%| E|CS|TAMS 0x00000000c6300000| PB 0x00000000c6300000| Complete 
|  60|0x00000000c6400000, 0x00000000c6500000, 0x00000000c6500000|100%| E|CS|TAMS 0x00000000c6400000| PB 0x00000000c6400000| Complete 
|  61|0x00000000c6500000, 0x00000000c6600000, 0x00000000c6600000|100%| E|CS|TAMS 0x00000000c6500000| PB 0x00000000c6500000| Complete 

Card table byte_map: [0x00000165a8560000,0x00000165a8750000] _byte_map_base: 0x00000165a7f4c000

Marking Bits: (CMBitMap*) 0x0000016590f2dde0
 Bits: [0x00000165a8750000, 0x00000165a96b0000)

Polling page: 0x000001658edb0000

Metaspace:

Usage:
  Non-class:     61.45 MB used.
      Class:      9.84 MB used.
       Both:     71.29 MB used.

Virtual space:
  Non-class space:       64.00 MB reserved,      61.88 MB ( 97%) committed,  1 nodes.
      Class space:        1.00 GB reserved,      10.19 MB ( <1%) committed,  1 nodes.
             Both:        1.06 GB reserved,      72.06 MB (  7%) committed. 

Chunk freelists:
   Non-Class:  2.09 MB
       Class:  5.78 MB
        Both:  7.87 MB

MaxMetaspaceSize: unlimited
CompressedClassSpaceSize: 1.00 GB
Initial GC threshold: 21.00 MB
Current GC threshold: 119.94 MB
CDS: on
 - commit_granule_bytes: 65536.
 - commit_granule_words: 8192.
 - virtual_space_node_default_size: 8388608.
 - enlarge_chunks_in_place: 1.
 - use_allocation_guard: 0.


Internal statistics:

num_allocs_failed_limit: 12.
num_arena_births: 1000.
num_arena_deaths: 0.
num_vsnodes_births: 2.
num_vsnodes_deaths: 0.
num_space_committed: 1153.
num_space_uncommitted: 0.
num_chunks_returned_to_freelist: 12.
num_chunks_taken_from_freelist: 3675.
num_chunk_merges: 12.
num_chunk_splits: 2643.
num_chunks_enlarged: 2045.
num_inconsistent_stats: 0.

CodeHeap 'non-profiled nmethods': size=120000Kb used=3539Kb max_used=3689Kb free=116460Kb
 bounds [0x00000165a0e40000, 0x00000165a11e0000, 0x00000165a8370000]
CodeHeap 'profiled nmethods': size=120000Kb used=11431Kb max_used=11793Kb free=108568Kb
 bounds [0x0000016599370000, 0x0000016599f00000, 0x00000165a08a0000]
CodeHeap 'non-nmethods': size=5760Kb used=1674Kb max_used=1713Kb free=4085Kb
 bounds [0x00000165a08a0000, 0x00000165a0b10000, 0x00000165a0e40000]
 total_blobs=6771 nmethods=6059 adapters=615
 compilation: enabled
              stopped_count=0, restarted_count=0
 full_count=0

Compilation events (20 events):
Event: 427.518 Thread 0x00000165abb20620 nmethod 7094 0x0000016599481f90 code [0x00000165994821c0, 0x0000016599482b10]
Event: 432.800 Thread 0x00000165abb20620 7095       3       java.util.HashMap$Values::toArray (16 bytes)
Event: 432.802 Thread 0x00000165abb20620 nmethod 7095 0x0000016599432690 code [0x0000016599432840, 0x0000016599432a58]
Event: 452.818 Thread 0x00000165abb20620 7096   !   3       org.apache.catalina.core.ContainerBase::findChildren (67 bytes)
Event: 452.825 Thread 0x00000165abb20620 nmethod 7096 0x0000016599babf90 code [0x0000016599bac220, 0x0000016599bace28]
Event: 470.554 Thread 0x00000165abb1fdc0 7097   !   4       java.util.concurrent.ConcurrentHashMap::replaceNode (437 bytes)
Event: 470.589 Thread 0x00000165abb1fdc0 nmethod 7097 0x00000165a0f4b710 code [0x00000165a0f4b900, 0x00000165a0f4c510]
Event: 470.604 Thread 0x00000165abb1fdc0 7098       4       org.springframework.util.ConcurrentReferenceHashMap$Segment$$Lambda/0x00000165ad02ab00::add (25 bytes)
Event: 470.636 Thread 0x00000165abb1fdc0 nmethod 7098 0x00000165a0edb890 code [0x00000165a0edba80, 0x00000165a0edc558]
Event: 470.636 Thread 0x00000165abb1fdc0 7099       4       org.springframework.util.ConcurrentReferenceHashMap$Segment::lambda$doTask$0 (43 bytes)
Event: 470.659 Thread 0x00000165abb1fdc0 nmethod 7099 0x00000165a0f9fd10 code [0x00000165a0f9fee0, 0x00000165a0fa08b0]
Event: 470.660 Thread 0x00000165abb1fdc0 7100 % !   4       org.springframework.beans.factory.support.DefaultListableBeanFactory::doGetBeanNamesForType @ 20 (505 bytes)
Event: 470.884 Thread 0x00000165abb20620 7103       1       org.apache.tomcat.util.net.Acceptor::getState (5 bytes)
Event: 470.885 Thread 0x00000165abb20620 nmethod 7103 0x00000165a0ef5390 code [0x00000165a0ef5520, 0x00000165a0ef55e8]
Event: 470.885 Thread 0x00000165abb20620 7104       1       org.apache.tomcat.util.net.AbstractEndpoint::isPaused (5 bytes)
Event: 470.885 Thread 0x00000165abb20620 nmethod 7104 0x00000165a0ef4f90 code [0x00000165a0ef5120, 0x00000165a0ef51f0]
Event: 470.912 Thread 0x00000165abb20620 7105       3       java.lang.Thread::getAndClearInterrupt (19 bytes)
Event: 470.912 Thread 0x00000165abb20620 nmethod 7105 0x0000016599390310 code [0x00000165993904c0, 0x0000016599390648]
Event: 471.001 Thread 0x00000165abb20620 7110       1       org.hibernate.service.spi.ServiceBinding::getLifecycleOwner (5 bytes)
Event: 471.002 Thread 0x00000165abb20620 nmethod 7110 0x00000165a0f75090 code [0x00000165a0f75220, 0x00000165a0f752e8]

GC Heap History (20 events):
Event: 15.765 GC heap before
{Heap before GC invocations=11 (full 0):
 garbage-first heap   total 55296K, used 46814K [0x00000000c2800000, 0x0000000100000000)
  region size 1024K, 28 young (28672K), 3 survivors (3072K)
 Metaspace       used 49488K, committed 50048K, reserved 1114112K
  class space    used 6562K, committed 6784K, reserved 1048576K
}
Event: 15.776 GC heap after
{Heap after GC invocations=12 (full 0):
 garbage-first heap   total 55296K, used 23533K [0x00000000c2800000, 0x0000000100000000)
  region size 1024K, 4 young (4096K), 4 survivors (4096K)
 Metaspace       used 49488K, committed 50048K, reserved 1114112K
  class space    used 6562K, committed 6784K, reserved 1048576K
}
Event: 16.788 GC heap before
{Heap before GC invocations=12 (full 0):
 garbage-first heap   total 55296K, used 45037K [0x00000000c2800000, 0x0000000100000000)
  region size 1024K, 26 young (26624K), 4 survivors (4096K)
 Metaspace       used 54272K, committed 54848K, reserved 1114112K
  class space    used 7359K, committed 7616K, reserved 1048576K
}
Event: 16.796 GC heap after
{Heap after GC invocations=13 (full 0):
 garbage-first heap   total 55296K, used 24376K [0x00000000c2800000, 0x0000000100000000)
  region size 1024K, 3 young (3072K), 3 survivors (3072K)
 Metaspace       used 54272K, committed 54848K, reserved 1114112K
  class space    used 7359K, committed 7616K, reserved 1048576K
}
Event: 17.812 GC heap before
{Heap before GC invocations=13 (full 0):
 garbage-first heap   total 55296K, used 45880K [0x00000000c2800000, 0x0000000100000000)
  region size 1024K, 25 young (25600K), 3 survivors (3072K)
 Metaspace       used 58859K, committed 59584K, reserved 1114112K
  class space    used 7920K, committed 8256K, reserved 1048576K
}
Event: 17.823 GC heap after
{Heap after GC invocations=14 (full 0):
 garbage-first heap   total 55296K, used 26811K [0x00000000c2800000, 0x0000000100000000)
  region size 1024K, 4 young (4096K), 4 survivors (4096K)
 Metaspace       used 58859K, committed 59584K, reserved 1114112K
  class space    used 7920K, committed 8256K, reserved 1048576K
}
Event: 17.936 GC heap before
{Heap before GC invocations=14 (full 0):
 garbage-first heap   total 55296K, used 28859K [0x00000000c2800000, 0x0000000100000000)
  region size 1024K, 7 young (7168K), 4 survivors (4096K)
 Metaspace       used 59419K, committed 60096K, reserved 1114112K
  class space    used 7989K, committed 8320K, reserved 1048576K
}
Event: 17.944 GC heap after
{Heap after GC invocations=15 (full 0):
 garbage-first heap   total 55296K, used 27296K [0x00000000c2800000, 0x0000000100000000)
  region size 1024K, 1 young (1024K), 1 survivors (1024K)
 Metaspace       used 59419K, committed 60096K, reserved 1114112K
  class space    used 7989K, committed 8320K, reserved 1048576K
}
Event: 18.851 GC heap before
{Heap before GC invocations=16 (full 0):
 garbage-first heap   total 55296K, used 47776K [0x00000000c2800000, 0x0000000100000000)
  region size 1024K, 22 young (22528K), 1 survivors (1024K)
 Metaspace       used 61790K, committed 62464K, reserved 1114112K
  class space    used 8565K, committed 8896K, reserved 1048576K
}
Event: 18.858 GC heap after
{Heap after GC invocations=17 (full 0):
 garbage-first heap   total 55296K, used 29024K [0x00000000c2800000, 0x0000000100000000)
  region size 1024K, 3 young (3072K), 3 survivors (3072K)
 Metaspace       used 61790K, committed 62464K, reserved 1114112K
  class space    used 8565K, committed 8896K, reserved 1048576K
}
Event: 19.770 GC heap before
{Heap before GC invocations=17 (full 0):
 garbage-first heap   total 55296K, used 46432K [0x00000000c2800000, 0x0000000100000000)
  region size 1024K, 21 young (21504K), 3 survivors (3072K)
 Metaspace       used 65085K, committed 65728K, reserved 1114112K
  class space    used 9034K, committed 9344K, reserved 1048576K
}
Event: 19.781 GC heap after
{Heap after GC invocations=18 (full 0):
 garbage-first heap   total 55296K, used 30079K [0x00000000c2800000, 0x0000000100000000)
  region size 1024K, 2 young (2048K), 2 survivors (2048K)
 Metaspace       used 65085K, committed 65728K, reserved 1114112K
  class space    used 9034K, committed 9344K, reserved 1048576K
}
Event: 20.841 GC heap before
{Heap before GC invocations=18 (full 0):
 garbage-first heap   total 55296K, used 48511K [0x00000000c2800000, 0x0000000100000000)
  region size 1024K, 20 young (20480K), 2 survivors (2048K)
 Metaspace       used 67522K, committed 68224K, reserved 1114112K
  class space    used 9379K, committed 9728K, reserved 1048576K
}
Event: 20.852 GC heap after
{Heap after GC invocations=19 (full 0):
 garbage-first heap   total 55296K, used 32246K [0x00000000c2800000, 0x0000000100000000)
  region size 1024K, 3 young (3072K), 3 survivors (3072K)
 Metaspace       used 67522K, committed 68224K, reserved 1114112K
  class space    used 9379K, committed 9728K, reserved 1048576K
}
Event: 33.996 GC heap before
{Heap before GC invocations=20 (full 0):
 garbage-first heap   total 60416K, used 46582K [0x00000000c2800000, 0x0000000100000000)
  region size 1024K, 17 young (17408K), 3 survivors (3072K)
 Metaspace       used 70088K, committed 70784K, reserved 1114112K
  class space    used 9734K, committed 10048K, reserved 1048576K
}
Event: 34.007 GC heap after
{Heap after GC invocations=21 (full 0):
 garbage-first heap   total 60416K, used 33556K [0x00000000c2800000, 0x0000000100000000)
  region size 1024K, 2 young (2048K), 2 survivors (2048K)
 Metaspace       used 70088K, committed 70784K, reserved 1114112K
  class space    used 9734K, committed 10048K, reserved 1048576K
}
Event: 134.754 GC heap before
{Heap before GC invocations=21 (full 0):
 garbage-first heap   total 60416K, used 53012K [0x00000000c2800000, 0x0000000100000000)
  region size 1024K, 21 young (21504K), 2 survivors (2048K)
 Metaspace       used 72832K, committed 73600K, reserved 1114112K
  class space    used 10061K, committed 10432K, reserved 1048576K
}
Event: 134.771 GC heap after
{Heap after GC invocations=22 (full 0):
 garbage-first heap   total 60416K, used 34907K [0x00000000c2800000, 0x0000000100000000)
  region size 1024K, 3 young (3072K), 3 survivors (3072K)
 Metaspace       used 72832K, committed 73600K, reserved 1114112K
  class space    used 10061K, committed 10432K, reserved 1048576K
}
Event: 402.484 GC heap before
{Heap before GC invocations=22 (full 0):
 garbage-first heap   total 60416K, used 52315K [0x00000000c2800000, 0x0000000100000000)
  region size 1024K, 20 young (20480K), 3 survivors (3072K)
 Metaspace       used 72899K, committed 73664K, reserved 1114112K
  class space    used 10061K, committed 10432K, reserved 1048576K
}
Event: 402.763 GC heap after
{Heap after GC invocations=23 (full 0):
 garbage-first heap   total 60416K, used 35762K [0x00000000c2800000, 0x0000000100000000)
  region size 1024K, 1 young (1024K), 1 survivors (1024K)
 Metaspace       used 72899K, committed 73664K, reserved 1114112K
  class space    used 10061K, committed 10432K, reserved 1048576K
}

Dll operation events (14 events):
Event: 0.031 Loaded shared library C:\Program Files\Java\jdk-21\bin\java.dll
Event: 0.117 Loaded shared library C:\Program Files\Java\jdk-21\bin\jsvml.dll
Event: 0.379 Loaded shared library C:\Program Files\Java\jdk-21\bin\zip.dll
Event: 0.388 Loaded shared library C:\Program Files\Java\jdk-21\bin\instrument.dll
Event: 0.400 Loaded shared library C:\Program Files\Java\jdk-21\bin\net.dll
Event: 0.405 Loaded shared library C:\Program Files\Java\jdk-21\bin\nio.dll
Event: 0.410 Loaded shared library C:\Program Files\Java\jdk-21\bin\zip.dll
Event: 0.762 Loaded shared library C:\Users\Ric\AppData\Local\Programs\IntelliJ IDEA Community Edition\bin\breakgen64.dll
Event: 0.812 Loaded shared library C:\Program Files\Java\jdk-21\bin\extnet.dll
Event: 0.881 Loaded shared library C:\Program Files\Java\jdk-21\bin\jimage.dll
Event: 1.821 Loaded shared library C:\Program Files\Java\jdk-21\bin\management.dll
Event: 1.833 Loaded shared library C:\Program Files\Java\jdk-21\bin\management_ext.dll
Event: 4.415 Loaded shared library C:\Program Files\Java\jdk-21\bin\sunmscapi.dll
Event: 13.348 Loaded shared library C:\Program Files\Java\jdk-21\bin\verify.dll

Deoptimization events (20 events):
Event: 63.311 Thread 0x00000165f3eb1bb0 Uncommon trap: trap_request=0xffffff45 fr.pc=0x00000165a0f17180 relative=0x0000000000000060
Event: 63.311 Thread 0x00000165f3eb1bb0 Uncommon trap: reason=unstable_if action=reinterpret pc=0x00000165a0f17180 method=java.lang.StringConcatHelper.stringOf(Ljava/lang/Object;)Ljava/lang/String; @ 1 c2
Event: 63.312 Thread 0x00000165f3eb1bb0 DEOPT PACKING pc=0x00000165a0f17180 sp=0x0000002931efd150
Event: 63.312 Thread 0x00000165f3eb1bb0 DEOPT UNPACKING pc=0x00000165a08f46a2 sp=0x0000002931efd0e0 mode 2
Event: 63.376 Thread 0x00000165f3eb1bb0 Uncommon trap: trap_request=0xffffff45 fr.pc=0x00000165a0ff3430 relative=0x0000000000000570
Event: 63.376 Thread 0x00000165f3eb1bb0 Uncommon trap: reason=unstable_if action=reinterpret pc=0x00000165a0ff3430 method=java.util.Properties.load0(Ljava/util/Properties$LineReader;)V @ 79 c2
Event: 63.376 Thread 0x00000165f3eb1bb0 DEOPT PACKING pc=0x00000165a0ff3430 sp=0x0000002931efb830
Event: 63.376 Thread 0x00000165f3eb1bb0 DEOPT UNPACKING pc=0x00000165a08f46a2 sp=0x0000002931efb7d8 mode 2
Event: 470.878 Thread 0x00000165f3eafae0 Uncommon trap: trap_request=0xffffff45 fr.pc=0x00000165a0f6c47c relative=0x000000000000007c
Event: 470.879 Thread 0x00000165f3eafae0 Uncommon trap: reason=unstable_if action=reinterpret pc=0x00000165a0f6c47c method=sun.net.www.ParseUtil.match(CJJ)Z @ 39 c2
Event: 470.879 Thread 0x00000165f3eafae0 DEOPT PACKING pc=0x00000165a0f6c47c sp=0x000000292f7fdff0
Event: 470.879 Thread 0x00000165f3eafae0 DEOPT UNPACKING pc=0x00000165a08f46a2 sp=0x000000292f7fdf80 mode 2
Event: 470.886 Thread 0x00000165f3eafae0 Uncommon trap: trap_request=0xffffff45 fr.pc=0x00000165a0ff502c relative=0x000000000000010c
Event: 470.886 Thread 0x00000165f3eafae0 Uncommon trap: reason=unstable_if action=reinterpret pc=0x00000165a0ff502c method=java.util.concurrent.ConcurrentHashMap.sumCount()J @ 41 c2
Event: 470.886 Thread 0x00000165f3eafae0 DEOPT PACKING pc=0x00000165a0ff502c sp=0x000000292f7fe240
Event: 470.886 Thread 0x00000165f3eafae0 DEOPT UNPACKING pc=0x00000165a08f46a2 sp=0x000000292f7fe1b0 mode 2
Event: 470.911 Thread 0x00000165f3eb1bb0 Uncommon trap: trap_request=0xffffff45 fr.pc=0x00000165a11ccb58 relative=0x0000000000000058
Event: 470.911 Thread 0x00000165f3eb1bb0 Uncommon trap: reason=unstable_if action=reinterpret pc=0x00000165a11ccb58 method=java.lang.Thread.getAndClearInterrupt()Z @ 6 c2
Event: 470.911 Thread 0x00000165f3eb1bb0 DEOPT PACKING pc=0x00000165a11ccb58 sp=0x0000002931eff050
Event: 470.911 Thread 0x00000165f3eb1bb0 DEOPT UNPACKING pc=0x00000165a08f46a2 sp=0x0000002931efef88 mode 2

Classes loaded (20 events):
Event: 63.308 Loading class java/util/Base64$Decoder
Event: 63.310 Loading class java/util/Base64$Decoder done
Event: 63.324 Loading class java/util/stream/ReferencePipeline$4
Event: 63.324 Loading class java/util/stream/ReferencePipeline$4 done
Event: 63.325 Loading class java/util/function/IntBinaryOperator
Event: 63.325 Loading class java/util/function/IntBinaryOperator done
Event: 63.325 Loading class java/util/stream/ReduceOps$7
Event: 63.326 Loading class java/util/stream/ReduceOps$7 done
Event: 63.326 Loading class java/util/stream/ReduceOps$6ReducingSink
Event: 63.326 Loading class java/util/stream/ReduceOps$6ReducingSink done
Event: 63.326 Loading class java/util/stream/ReferencePipeline$4$1
Event: 63.326 Loading class java/util/stream/ReferencePipeline$4$1 done
Event: 470.437 Loading class jdk/internal/misc/Signal$1
Event: 470.463 Loading class jdk/internal/misc/Signal$1 done
Event: 470.495 Loading class java/util/WeakHashMap$KeyIterator
Event: 470.528 Loading class java/util/WeakHashMap$HashIterator
Event: 470.548 Loading class java/util/WeakHashMap$HashIterator done
Event: 470.548 Loading class java/util/WeakHashMap$KeyIterator done
Event: 470.888 Loading class java/util/concurrent/locks/AbstractQueuedSynchronizer$SharedNode
Event: 470.897 Loading class java/util/concurrent/locks/AbstractQueuedSynchronizer$SharedNode done

Classes unloaded (0 events):
No events

Classes redefined (0 events):
No events

Internal exceptions (20 events):
Event: 17.011 Thread 0x00000165f1bce970 Implicit null exception at 0x00000165a114e11a to 0x00000165a114e154
Event: 17.072 Thread 0x00000165f1bce970 Exception <a 'java/lang/IncompatibleClassChangeError'{0x00000000c58f9430}: Found class java.lang.Object, but interface was expected> (0x00000000c58f9430) 
thrown [s\open\src\hotspot\share\interpreter\linkResolver.cpp, line 840]
Event: 17.083 Thread 0x00000165f1bce970 Implicit null exception at 0x00000165a1167910 to 0x00000165a1169270
Event: 17.093 Thread 0x00000165f1bce970 Exception <a 'java/lang/IncompatibleClassChangeError'{0x00000000c576f150}: Found class java.lang.Object, but interface was expected> (0x00000000c576f150) 
thrown [s\open\src\hotspot\share\interpreter\linkResolver.cpp, line 840]
Event: 17.155 Thread 0x00000165f1bce970 Exception <a 'java/lang/IncompatibleClassChangeError'{0x00000000c56e5c70}: Found class java.lang.Object, but interface was expected> (0x00000000c56e5c70) 
thrown [s\open\src\hotspot\share\interpreter\linkResolver.cpp, line 840]
Event: 17.469 Thread 0x00000165f1bce970 Exception <a 'java/lang/IncompatibleClassChangeError'{0x00000000c4f6f480}: Found class java.lang.Object, but interface was expected> (0x00000000c4f6f480) 
thrown [s\open\src\hotspot\share\interpreter\linkResolver.cpp, line 840]
Event: 17.615 Thread 0x00000165f1bce970 Exception <a 'java/lang/IncompatibleClassChangeError'{0x00000000c4c30180}: Found class java.lang.Object, but interface was expected> (0x00000000c4c30180) 
thrown [s\open\src\hotspot\share\interpreter\linkResolver.cpp, line 840]
Event: 19.144 Thread 0x00000165f1bce970 Exception <a 'java/lang/NoSuchMethodError'{0x00000000c575eee8}: 'java.lang.Object java.lang.invoke.DirectMethodHandle$Holder.newInvokeSpecial(java.lang.Object, java.lang.Object, java.lang.Object, java.lang.Object, java.lang.Object, java.lang.Object, java.lang.Object, java.lang.Object)'> (0x00000000c575eee8) 
thrown [s\open\src\hotspot\share\interpreter\linkResolver.cpp, line 773]
Event: 19.937 Thread 0x00000165f1bce970 Exception <a 'java/lang/IncompatibleClassChangeError'{0x00000000c5af0ee0}: Found class java.lang.Object, but interface was expected> (0x00000000c5af0ee0) 
thrown [s\open\src\hotspot\share\interpreter\linkResolver.cpp, line 840]
Event: 20.286 Thread 0x00000165f1bce970 Exception <a 'java/lang/NoSuchMethodError'{0x00000000c533b9c0}: 'void java.lang.invoke.DirectMethodHandle$Holder.invokeVirtual(java.lang.Object, java.lang.Object, long)'> (0x00000000c533b9c0) 
thrown [s\open\src\hotspot\share\interpreter\linkResolver.cpp, line 773]
Event: 20.712 Thread 0x00000165f1bce970 Exception <a 'java/lang/IncompatibleClassChangeError'{0x00000000c4eacf20}: Found class java.lang.Object, but interface was expected> (0x00000000c4eacf20) 
thrown [s\open\src\hotspot\share\interpreter\linkResolver.cpp, line 840]
Event: 20.740 Thread 0x00000165f1bce970 Implicit null exception at 0x00000165a0f84568 to 0x00000165a0f847c4
Event: 21.352 Thread 0x00000165f1bce970 Exception <a 'java/lang/NoSuchMethodError'{0x00000000c5e63208}: 'java.lang.Object java.lang.invoke.DirectMethodHandle$Holder.newInvokeSpecial(java.lang.Object, java.lang.Object, int, java.lang.Object, java.lang.Object)'> (0x00000000c5e63208) 
thrown [s\open\src\hotspot\share\interpreter\linkResolver.cpp, line 773]
Event: 33.746 Thread 0x00000165f55819a0 Exception <a 'java/lang/NoSuchMethodError'{0x00000000c59e6df8}: 'java.lang.Object java.lang.invoke.DirectMethodHandle$Holder.invokeSpecial(java.lang.Object, java.lang.Object, java.lang.Object, java.lang.Object, java.lang.Object, long)'> (0x00000000c59e6df8) 
thrown [s\open\src\hotspot\share\interpreter\linkResolver.cpp, line 773]
Event: 33.746 Thread 0x00000165f55819a0 Exception <a 'java/lang/NoSuchMethodError'{0x00000000c59ea5b8}: 'java.lang.Object java.lang.invoke.Invokers$Holder.linkToTargetMethod(java.lang.Object, java.lang.Object, java.lang.Object, long, java.lang.Object)'> (0x00000000c59ea5b8) 
thrown [s\open\src\hotspot\share\interpreter\linkResolver.cpp, line 773]
Event: 34.988 Thread 0x00000165f5584790 Exception <a 'java/lang/NoSuchMethodError'{0x00000000c5983bb0}: 'java.lang.Object java.lang.invoke.DirectMethodHandle$Holder.invokeStatic(java.lang.Object, int, int)'> (0x00000000c5983bb0) 
thrown [s\open\src\hotspot\share\interpreter\linkResolver.cpp, line 773]
Event: 63.311 Thread 0x00000165f3eb1bb0 Exception <a 'java/lang/NullPointerException'{0x00000000c5509140}> (0x00000000c5509140) 
thrown [s\open\src\hotspot\share\interpreter\linkResolver.cpp, line 1372]
Event: 82.773 Thread 0x00000165f3eb1520 Exception <a 'java/lang/NullPointerException'{0x00000000c58e5e98}> (0x00000000c58e5e98) 
thrown [s\open\src\hotspot\share\interpreter\linkResolver.cpp, line 1372]
Event: 470.886 Thread 0x00000165f3eafae0 Implicit null exception at 0x00000165a0ff4f8b to 0x00000165a0ff500c
Event: 470.941 Thread 0x00000165f5582d50 Exception <a 'java/lang/InterruptedException'{0x00000000c61e49c8}: sleep interrupted> (0x00000000c61e49c8) 
thrown [s\open\src\hotspot\share\prims\jvm.cpp, line 3074]

ZGC Phase Switch (0 events):
No events

VM Operations (20 events):
Event: 210.388 Executing VM operation: Cleanup
Event: 210.388 Executing VM operation: Cleanup done
Event: 217.442 Executing VM operation: Cleanup
Event: 217.442 Executing VM operation: Cleanup done
Event: 220.446 Executing VM operation: Cleanup
Event: 220.446 Executing VM operation: Cleanup done
Event: 312.212 Executing VM operation: Cleanup
Event: 312.212 Executing VM operation: Cleanup done
Event: 319.263 Executing VM operation: Cleanup
Event: 319.263 Executing VM operation: Cleanup done
Event: 322.283 Executing VM operation: Cleanup
Event: 322.284 Executing VM operation: Cleanup done
Event: 402.483 Executing VM operation: G1CollectForAllocation (G1 Evacuation Pause)
Event: 402.763 Executing VM operation: G1CollectForAllocation (G1 Evacuation Pause) done
Event: 403.123 Executing VM operation: G1PauseRemark
Event: 403.238 Executing VM operation: G1PauseRemark done
Event: 403.309 Executing VM operation: G1PauseCleanup
Event: 403.310 Executing VM operation: G1PauseCleanup done
Event: 470.702 Executing VM operation: Cleanup
Event: 470.703 Executing VM operation: Cleanup done

Events (20 events):
Event: 403.211 Thread 0x0000016590fb2d90 flushing nmethod 0x0000016599db0890
Event: 403.211 Thread 0x0000016590fb2d90 flushing nmethod 0x0000016599db2210
Event: 403.211 Thread 0x0000016590fb2d90 flushing nmethod 0x0000016599db2590
Event: 470.483 Thread 0x00000165f3eb35f0 Thread added: 0x00000165f3eb35f0
Event: 470.489 Thread 0x00000165f3eb0800 Thread added: 0x00000165f3eb0800
Event: 470.492 Thread 0x00000165f3eafae0 Thread added: 0x00000165f3eafae0
Event: 470.503 Thread 0x00000165f3eb0800 Thread exited: 0x00000165f3eb0800
Event: 470.888 Thread 0x00000165f3eb28d0 Thread exited: 0x00000165f3eb28d0
Event: 470.908 Thread 0x00000165f3eaedc0 Thread exited: 0x00000165f3eaedc0
Event: 470.915 Thread 0x00000165f3eb2240 Thread exited: 0x00000165f3eb2240
Event: 470.915 Thread 0x00000165f5582030 Thread exited: 0x00000165f5582030
Event: 470.916 Thread 0x00000165f3eaf450 Thread exited: 0x00000165f3eaf450
Event: 470.916 Thread 0x00000165f3eb0e90 Thread exited: 0x00000165f3eb0e90
Event: 470.916 Thread 0x00000165f108c6b0 Thread exited: 0x00000165f108c6b0
Event: 470.917 Thread 0x00000165f55819a0 Thread exited: 0x00000165f55819a0
Event: 470.917 Thread 0x00000165f3eb1520 Thread exited: 0x00000165f3eb1520
Event: 470.918 Thread 0x00000165f5584790 Thread exited: 0x00000165f5584790
Event: 470.918 Thread 0x00000165f3eb2f60 Thread exited: 0x00000165f3eb2f60
Event: 470.919 Thread 0x00000165f3eb1bb0 Thread exited: 0x00000165f3eb1bb0
Event: 470.941 Thread 0x00000165f5582d50 Thread exited: 0x00000165f5582d50


Dynamic libraries:
0x00007ff7b1510000 - 0x00007ff7b1520000 	C:\Program Files\Java\jdk-21\bin\java.exe
0x00007ffd18550000 - 0x00007ffd18748000 	C:\Windows\SYSTEM32\ntdll.dll
0x00007ffd18440000 - 0x00007ffd18501000 	C:\Windows\System32\KERNEL32.DLL
0x00007ffd15d60000 - 0x00007ffd1605d000 	C:\Windows\System32\KERNELBASE.dll
0x00007ffd16220000 - 0x00007ffd16320000 	C:\Windows\System32\ucrtbase.dll
0x00007ffd11f30000 - 0x00007ffd11f49000 	C:\Program Files\Java\jdk-21\bin\jli.dll
0x00007ffd11d70000 - 0x00007ffd11d8b000 	C:\Program Files\Java\jdk-21\bin\VCRUNTIME140.dll
0x00007ffd18390000 - 0x00007ffd18440000 	C:\Windows\System32\ADVAPI32.dll
0x00007ffd16c80000 - 0x00007ffd16d1e000 	C:\Windows\System32\msvcrt.dll
0x00007ffd17160000 - 0x00007ffd17200000 	C:\Windows\System32\sechost.dll
0x00007ffd18260000 - 0x00007ffd18383000 	C:\Windows\System32\RPCRT4.dll
0x00007ffd16320000 - 0x00007ffd16347000 	C:\Windows\System32\bcrypt.dll
0x00007ffd16aa0000 - 0x00007ffd16c3d000 	C:\Windows\System32\USER32.dll
0x00007ffd160d0000 - 0x00007ffd160f2000 	C:\Windows\System32\win32u.dll
0x00007ffd16770000 - 0x00007ffd1679b000 	C:\Windows\System32\GDI32.dll
0x00007ffd16100000 - 0x00007ffd16217000 	C:\Windows\System32\gdi32full.dll
0x00007ffd16450000 - 0x00007ffd164ed000 	C:\Windows\System32\msvcp_win.dll
0x00007ffd02bd0000 - 0x00007ffd02e6a000 	C:\Windows\WinSxS\amd64_microsoft.windows.common-controls_6595b64144ccf1df_6.0.19041.4355_none_60b8b9eb71f62e16\COMCTL32.dll
0x00007ffd07ea0000 - 0x00007ffd07eaa000 	C:\Windows\SYSTEM32\VERSION.dll
0x00007ffd16c40000 - 0x00007ffd16c6f000 	C:\Windows\System32\IMM32.DLL
0x00007ffd13210000 - 0x00007ffd1321c000 	C:\Program Files\Java\jdk-21\bin\vcruntime140_1.dll
0x00007ffd030a0000 - 0x00007ffd0312e000 	C:\Program Files\Java\jdk-21\bin\msvcp140.dll
0x00007ffce8290000 - 0x00007ffce8fa3000 	C:\Program Files\Java\jdk-21\bin\server\jvm.dll
0x00007ffd172c0000 - 0x00007ffd1732b000 	C:\Windows\System32\WS2_32.dll
0x00007ffd159a0000 - 0x00007ffd159eb000 	C:\Windows\SYSTEM32\POWRPROF.dll
0x00007ffd02830000 - 0x00007ffd02857000 	C:\Windows\SYSTEM32\WINMM.dll
0x00007ffd15980000 - 0x00007ffd15992000 	C:\Windows\SYSTEM32\UMPDC.dll
0x00007ffd13a40000 - 0x00007ffd13a52000 	C:\Windows\SYSTEM32\kernel.appcore.dll
0x00007ffd11f20000 - 0x00007ffd11f2a000 	C:\Program Files\Java\jdk-21\bin\jimage.dll
0x00007ffcfdcb0000 - 0x00007ffcfde94000 	C:\Windows\SYSTEM32\DBGHELP.DLL
0x00007ffcfdb70000 - 0x00007ffcfdba4000 	C:\Windows\SYSTEM32\dbgcore.DLL
0x00007ffd164f0000 - 0x00007ffd16572000 	C:\Windows\System32\bcryptPrimitives.dll
0x00007ffd11df0000 - 0x00007ffd11dff000 	C:\Program Files\Java\jdk-21\bin\instrument.dll
0x00007ffd0f080000 - 0x00007ffd0f09f000 	C:\Program Files\Java\jdk-21\bin\java.dll
0x00007ffd17330000 - 0x00007ffd17a9f000 	C:\Windows\System32\SHELL32.dll
0x00007ffd13c40000 - 0x00007ffd143df000 	C:\Windows\SYSTEM32\windows.storage.dll
0x00007ffd16d20000 - 0x00007ffd17073000 	C:\Windows\System32\combase.dll
0x00007ffd154d0000 - 0x00007ffd154fe000 	C:\Windows\SYSTEM32\Wldp.dll
0x00007ffd169c0000 - 0x00007ffd16a8d000 	C:\Windows\System32\OLEAUT32.dll
0x00007ffd17200000 - 0x00007ffd172ad000 	C:\Windows\System32\SHCORE.dll
0x00007ffd16580000 - 0x00007ffd165d5000 	C:\Windows\System32\shlwapi.dll
0x00007ffd15b30000 - 0x00007ffd15b54000 	C:\Windows\SYSTEM32\profapi.dll
0x00007ffcf4000000 - 0x00007ffcf40d7000 	C:\Program Files\Java\jdk-21\bin\jsvml.dll
0x00007ffd0f060000 - 0x00007ffd0f078000 	C:\Program Files\Java\jdk-21\bin\zip.dll
0x00007ffd11e70000 - 0x00007ffd11e80000 	C:\Program Files\Java\jdk-21\bin\net.dll
0x00007ffd11980000 - 0x00007ffd11a8d000 	C:\Windows\SYSTEM32\WINHTTP.dll
0x00007ffd152b0000 - 0x00007ffd1531a000 	C:\Windows\system32\mswsock.dll
0x00007ffd0f040000 - 0x00007ffd0f056000 	C:\Program Files\Java\jdk-21\bin\nio.dll
0x00007ffd0ef20000 - 0x00007ffd0ef3a000 	C:\Users\Ric\AppData\Local\Programs\IntelliJ IDEA Community Edition\bin\breakgen64.dll
0x00007ffd11d50000 - 0x00007ffd11d59000 	C:\Program Files\Java\jdk-21\bin\extnet.dll
0x00007ffd11cd0000 - 0x00007ffd11cda000 	C:\Program Files\Java\jdk-21\bin\management.dll
0x00007ffd10060000 - 0x00007ffd1006b000 	C:\Program Files\Java\jdk-21\bin\management_ext.dll
0x00007ffd172b0000 - 0x00007ffd172b8000 	C:\Windows\System32\PSAPI.DLL
0x00007ffd0fff0000 - 0x00007ffd0fffe000 	C:\Program Files\Java\jdk-21\bin\sunmscapi.dll
0x00007ffd15c00000 - 0x00007ffd15d5e000 	C:\Windows\System32\CRYPT32.dll
0x00007ffd15540000 - 0x00007ffd15569000 	C:\Windows\SYSTEM32\ncrypt.dll
0x00007ffd15500000 - 0x00007ffd1553b000 	C:\Windows\SYSTEM32\NTASN1.dll
0x00007ffd15860000 - 0x00007ffd15878000 	C:\Windows\SYSTEM32\CRYPTSP.dll
0x00007ffd14bf0000 - 0x00007ffd14c24000 	C:\Windows\system32\rsaenh.dll
0x00007ffd15aa0000 - 0x00007ffd15ace000 	C:\Windows\SYSTEM32\USERENV.dll
0x00007ffd15440000 - 0x00007ffd1544c000 	C:\Windows\SYSTEM32\CRYPTBASE.dll
0x00007ffd14fb0000 - 0x00007ffd14feb000 	C:\Windows\SYSTEM32\IPHLPAPI.DLL
0x00007ffd16c70000 - 0x00007ffd16c78000 	C:\Windows\System32\NSI.dll
0x00007ffd14ff0000 - 0x00007ffd150ba000 	C:\Windows\SYSTEM32\DNSAPI.dll
0x00007ffd0c3f0000 - 0x00007ffd0c3fa000 	C:\Windows\System32\rasadhlp.dll
0x00007ffd0c540000 - 0x00007ffd0c5c0000 	C:\Windows\System32\fwpuclnt.dll
0x00007ffd0fe60000 - 0x00007ffd0fe70000 	C:\Program Files\Java\jdk-21\bin\verify.dll
0x00007ffcf3df0000 - 0x00007ffcf3df7000 	C:\Windows\system32\wshunix.dll

dbghelp: loaded successfully - version: 4.0.5 - missing functions: none
symbol engine: initialized successfully - sym options: 0x614 - pdb path: .;C:\Program Files\Java\jdk-21\bin;C:\Windows\SYSTEM32;C:\Windows\WinSxS\amd64_microsoft.windows.common-controls_6595b64144ccf1df_6.0.19041.4355_none_60b8b9eb71f62e16;C:\Program Files\Java\jdk-21\bin\server;C:\Users\Ric\AppData\Local\Programs\IntelliJ IDEA Community Edition\bin

VM Arguments:
jvm_args: -javaagent:C:\Users\Ric\AppData\Local\Programs\IntelliJ IDEA Community Edition\lib\idea_rt.jar=12901:C:\Users\Ric\AppData\Local\Programs\IntelliJ IDEA Community Edition\bin -Dfile.encoding=UTF-8 -Dsun.stdout.encoding=UTF-8 -Dsun.stderr.encoding=UTF-8 
java_command: com.hasinarezida.biblio.BiblioApplication
java_class_path (initial): C:\Users\Ric\Documents\projects\work\library\target\classes;C:\Users\Ric\.m2\repository\org\springframework\boot\spring-boot-starter-web\3.3.2\spring-boot-starter-web-3.3.2.jar;C:\Users\Ric\.m2\repository\org\springframework\boot\spring-boot-starter\3.3.2\spring-boot-starter-3.3.2.jar;C:\Users\Ric\.m2\repository\org\springframework\boot\spring-boot-starter-logging\3.3.2\spring-boot-starter-logging-3.3.2.jar;C:\Users\Ric\.m2\repository\ch\qos\logback\logback-classic\1.5.6\logback-classic-1.5.6.jar;C:\Users\Ric\.m2\repository\ch\qos\logback\logback-core\1.5.6\logback-core-1.5.6.jar;C:\Users\Ric\.m2\repository\org\apache\logging\log4j\log4j-to-slf4j\2.23.1\log4j-to-slf4j-2.23.1.jar;C:\Users\Ric\.m2\repository\org\apache\logging\log4j\log4j-api\2.23.1\log4j-api-2.23.1.jar;C:\Users\Ric\.m2\repository\org\slf4j\jul-to-slf4j\2.0.13\jul-to-slf4j-2.0.13.jar;C:\Users\Ric\.m2\repository\jakarta\annotation\jakarta.annotation-api\2.1.1\jakarta.annotation-api-2.1.1.jar;C:\Users\Ric\.m2\repository\org\yaml\snakeyaml\2.2\snakeyaml-2.2.jar;C:\Users\Ric\.m2\repository\org\springframework\boot\spring-boot-starter-json\3.3.2\spring-boot-starter-json-3.3.2.jar;C:\Users\Ric\.m2\repository\com\fasterxml\jackson\core\jackson-databind\2.17.2\jackson-databind-2.17.2.jar;C:\Users\Ric\.m2\repository\com\fasterxml\jackson\core\jackson-annotations\2.17.2\jackson-annotations-2.17.2.jar;C:\Users\Ric\.m2\repository\com\fasterxml\jackson\core\jackson-core\2.17.2\jackson-core-2.17.2.jar;C:\Users\Ric\.m2\repository\com\fasterxml\jackson\datatype\jackson-datatype-jdk8\2.17.2\jackson-datatype-jdk8-2.17.2.jar;C:\Users\Ric\.m2\repository\com\fasterxml\jackson\datatype\jackson-datatype-jsr310\2.17.2\jackson-datatype-jsr310-2.17.2.jar;C:\Users\Ric\.m2\repository\com\fasterxml\jackson\module\jackson-module-parameter-names\2.17.2\jackson-module-parameter-names-2.17.2.jar;C:\Users\Ric\.m2\repository\org\springframework\boot\spring-boot-starter-tomcat\3.3.2\spring-boot-starter-tomcat-3.3.2.jar;C:\Users\Ric\.m2\repository\org\apache\tomcat\embed\tomcat-embed-core\10.1.26\tomcat-embed-core-10.1.26.jar;C:\Users\Ric\.m2\repository\org\apache\tomcat\embed\tomcat-embed-el\10.1.26\tomcat-embed-el-10.1.26.jar;C:\Users\Ric\.m2\repository\org\apache\tomcat\embed\tomcat-embed-websocket\10.1.26\tomcat-embed-websocket-10.1.26.jar;C:\Users\Ric\.m2\repository\org\springframework\spring-web\6.1.11\spring-web-6.1.11.jar;C:\Users\Ric\.m2\repository\org\springframework\spring-beans\6.1.11\spring-beans-6.1.11.jar;C:\Users\Ric\.m2\repository\io\micrometer\micrometer-observation\1.13.2\micrometer-observation-1.13.2.jar;C:\Users\Ric\.m2\repository\io\micrometer\micrometer-commons\1.13.2\micrometer-commons-1.13.2.jar;C:\Users\Ric\.m2\repository\org\springframework\spring-webmvc\6.1.11\spring-webmvc-6.1.11.jar;C:\Users\Ric\.m2\repository\org\springframework\spring-context\6.1.11\spring-context-6.1.11.jar;C:\Users\Ric\.m2\repository\org\springframework\spring-expression\6.1.11\spring-expression-6.1.11.jar;C:\Users\Ric\.m2\repository\org\springframework\boot\spring-boot-starter-thymeleaf\3.3.2\spring-boot-starter-thymeleaf-3.3.2.jar;C:\Users\Ric\.m2\repository\org\thymeleaf\thymeleaf-spring6\3.1.2.RELEASE\thymeleaf-spring6-3.1.2.RELEASE.jar;C:\Users\Ric\.m2\repository\org\thymeleaf\thymeleaf\3.1.2.RELEASE\thymeleaf-3.1.2.RELEASE.jar;C:\Users\Ric\.m2\repository\org\attoparser\attoparser\2.0.7.RELEASE\attoparser-2.0.7.RELEASE.jar;C:\Users\Ric\.m2\repository\org\unbescape\unbescape\1.1.6.RELEASE\unbescape-1.1.6.RELEASE.jar;C:\Users\Ric\.m2\repository\org\slf4j\slf4j-api\2.0.13\slf4j-api-2.0.13.jar;C:\Users\Ric\.m2\repository\org\springframework\boot\spring-boot-starter-security\3.3.2\spring-boot-starter-security-3.3.2.jar;C:\Users\Ric\.m2\repository\org\springframework\spring-aop\6.1.11\spring-aop-6.1.11.jar;C:\Users\Ric\.m2\repository\org\springframework\security\spring-security-config\6.3.1\spring-security-config-6.3.1.jar;C:\Users\Ric\.m2\repository\org\springframework\security\spring-security-web\6.3.1\spring-security-web-6.3.1.jar;C:\Users\Ric\.m2\repository\org\springframework\boot\spring-boot-starter-data-jpa\3.3.2\spring-boot-starter-data-jpa-3.3.2.jar;C:\Users\Ric\.m2\repository\org\springframework\boot\spring-boot-starter-aop\3.3.2\spring-boot-starter-aop-3.3.2.jar;C:\Users\Ric\.m2\repository\org\aspectj\aspectjweaver\1.9.22.1\aspectjweaver-1.9.22.1.jar;C:\Users\Ric\.m2\repository\org\springframework\boot\spring-boot-starter-jdbc\3.3.2\spring-boot-starter-jdbc-3.3.2.jar;C:\Users\Ric\.m2\repository\com\zaxxer\HikariCP\5.1.0\HikariCP-5.1.0.jar;C:\Users\Ric\.m2\repository\org\springframework\spring-jdbc\6.1.11\spring-jdbc-6.1.11.jar;C:\Users\Ric\.m2\repository\org\hibernate\orm\hibernate-core\6.5.2.Final\hibernate-core-6.5.2.Final.jar;C:\Users\Ric\.m2\repository\jakarta\persistence\jakarta.persistence-api\3.1.0\jakarta.persistence-api-3.1.0.jar;C:\Users\Ric\.m2\repository\jakarta\transaction\jakarta.transaction-api\2.0.1\jakarta.transaction-api-2.0.1.jar;C:\Users\Ric\.m2\repository\org\jboss\logging\jboss-logging\3.5.3.Final\jboss-logging-3.5.3.Final.jar;C:\Users\Ric\.m2\repository\org\hibernate\common\hibernate-commons-annotations\6.0.6.Final\hibernate-commons-annotations-6.0.6.Final.jar;C:\Users\Ric\.m2\repository\io\smallrye\jandex\3.1.2\jandex-3.1.2.jar;C:\Users\Ric\.m2\repository\com\fasterxml\classmate\1.7.0\classmate-1.7.0.jar;C:\Users\Ric\.m2\repository\net\bytebuddy\byte-buddy\1.14.18\byte-buddy-1.14.18.jar;C:\Users\Ric\.m2\repository\org\glassfish\jaxb\jaxb-runtime\4.0.5\jaxb-runtime-4.0.5.jar;C:\Users\Ric\.m2\repository\org\glassfish\jaxb\jaxb-core\4.0.5\jaxb-core-4.0.5.jar;C:\Users\Ric\.m2\repository\org\eclipse\angus\angus-activation\2.0.2\angus-activation-2.0.2.jar;C:\Users\Ric\.m2\repository\org\glassfish\jaxb\txw2\4.0.5\txw2-4.0.5.jar;C:\Users\Ric\.m2\repository\com\sun\istack\istack-commons-runtime\4.1.2\istack-commons-runtime-4.1.2.jar;C:\Users\Ric\.m2\repository\jakarta\inject\jakarta.inject-api\2.0.1\jakarta.inject-api-2.0.1.jar;C:\Users\Ric\.m2\repository\org\antlr\antlr4-runtime\4.13.0\antlr4-runtime-4.13.0.jar;C:\Users\Ric\.m2\repository\org\springframework\data\spring-data-jpa\3.3.2\spring-data-jpa-3.3.2.jar;C:\Users\Ric\.m2\repository\org\springframework\data\spring-data-commons\3.3.2\spring-data-commons-3.3.2.jar;C:\Users\Ric\.m2\repository\org\springframework\spring-orm\6.1.11\spring-orm-6.1.11.jar;C:\Users\Ric\.m2\repository\org\springframework\spring-tx\6.1.11\spring-tx-6.1.11.jar;C:\Users\Ric\.m2\repository\org\springframework\spring-aspects\6.1.11\spring-aspects-6.1.11.jar;C:\Users\Ric\.m2\repository\org\postgresql\postgresql\42.7.3\postgresql-42.7.3.jar;C:\Users\Ric\.m2\repository\org\checkerframework\checker-qual\3.42.0\checker-qual-3.42.0.jar;C:\Users\Ric\.m2\repository\com\h2database\h2\2.2.224\h2-2.2.224.jar;C:\Users\Ric\.m2\repository\org\springframework\boot\spring-boot-devtools\3.3.2\spring-boot-devtools-3.3.2.jar;C:\Users\Ric\.m2\repository\org\springframework\boot\spring-boot\3.3.2\spring-boot-3.3.2.jar;C:\Users\Ric\.m2\repository\org\springframework\boot\spring-boot-autoconfigure\3.3.2\spring-boot-autoconfigure-3.3.2.jar;C:\Users\Ric\.m2\repository\jakarta\xml\bind\jakarta.xml.bind-api\4.0.2\jakarta.xml.bind-api-4.0.2.jar;C:\Users\Ric\.m2\repository\jakarta\activation\jakarta.activation-api\2.1.3\jakarta.activation-api-2.1.3.jar;C:\Users\Ric\.m2\repository\org\springframework\spring-core\6.1.11\spring-core-6.1.11.jar;C:\Users\Ric\.m2\repository\org\springframework\spring-jcl\6.1.11\spring-jcl-6.1.11.jar;C:\Users\Ric\.m2\repository\org\springframework\security\spring-security-core\6.3.1\spring-security-core-6.3.1.jar;C:\Users\Ric\.m2\repository\org\springframework\security\spring-security-crypto\6.3.1\spring-security-crypto-6.3.1.jar
Launcher Type: SUN_STANDARD

[Global flags]
     intx CICompilerCount                          = 3                                         {product} {ergonomic}
     uint ConcGCThreads                            = 1                                         {product} {ergonomic}
     uint G1ConcRefinementThreads                  = 4                                         {product} {ergonomic}
   size_t G1HeapRegionSize                         = 1048576                                   {product} {ergonomic}
    uintx GCDrainStackTargetSize                   = 64                                        {product} {ergonomic}
   size_t InitialHeapSize                          = 65011712                                  {product} {ergonomic}
   size_t MarkStackSize                            = 4194304                                   {product} {ergonomic}
   size_t MaxHeapSize                              = 1031798784                                {product} {ergonomic}
   size_t MaxNewSize                               = 618659840                                 {product} {ergonomic}
   size_t MinHeapDeltaBytes                        = 1048576                                   {product} {ergonomic}
   size_t MinHeapSize                              = 8388608                                   {product} {ergonomic}
    uintx NonNMethodCodeHeapSize                   = 5832780                                {pd product} {ergonomic}
    uintx NonProfiledCodeHeapSize                  = 122912730                              {pd product} {ergonomic}
    uintx ProfiledCodeHeapSize                     = 122912730                              {pd product} {ergonomic}
    uintx ReservedCodeCacheSize                    = 251658240                              {pd product} {ergonomic}
     bool SegmentedCodeCache                       = true                                      {product} {ergonomic}
   size_t SoftMaxHeapSize                          = 1031798784                             {manageable} {ergonomic}
     bool UseCompressedOops                        = true                           {product lp64_product} {ergonomic}
     bool UseG1GC                                  = true                                      {product} {ergonomic}
     bool UseLargePagesIndividualAllocation        = false                                  {pd product} {ergonomic}

Logging:
Log output configuration:
 #0: stdout all=warning uptime,level,tags foldmultilines=false
 #1: stderr all=off uptime,level,tags foldmultilines=false

Environment Variables:
PATH=C:\Program Files\Common Files\Oracle\Java\javapath;C:\Windows\system32;C:\Windows;C:\Windows\System32\Wbem;C:\Windows\System32\WindowsPowerShell\v1.0\;C:\Windows\System32\OpenSSH\;C:\Program Files\Microsoft SQL Server\150\Tools\Binn\;C:\Program Files\Git\bin;C:\Users\Ric\AppData\Roaming\nvm;C:\Program Files\nodejs;C:\Program Files\Docker\Docker\resources\bin;C:\Users\Ric\AppData\Local\Programs\Python\Python311\Scripts\;C:\Users\Ric\AppData\Local\Programs\Python\Python311\;C:\Users\Ric\AppData\Local\Microsoft\WindowsApps;C:\Users\Ric\.dotnet\tools;C:\Users\Ric\AppData\Local\Programs\Microsoft VS Code\bin;C:\dev\flutter\bin;C:\Users\Ric\AppData\Roaming\npm;C:\Users\Ric\AppData\Roaming\nvm;C:\Program Files\nodejs;C:\Users\Ric\AppData\Local\JetBrains\Toolbox\scripts;C:\Users\Ric\modelio\Modelio Open Source 5.4\plugins\org.apache.ant_1.10.9.v20201106-1946\META-INF;C:\Users\Ric\Documents\projects\work\biblio;C:\Program Files\PostgreSQL\16\bin;
USERNAME=Ric
OS=Windows_NT
PROCESSOR_IDENTIFIER=Intel64 Family 6 Model 58 Stepping 9, GenuineIntel
TMP=C:\Users\Ric\AppData\Local\Temp
TEMP=C:\Users\Ric\AppData\Local\Temp




Periodic native trim disabled

---------------  S Y S T E M  ---------------

OS:
 Windows 10 , 64 bit Build 19041 (10.0.19041.4717)
OS uptime: 0 days 20:51 hours
Hyper-V role detected

CPU: total 4 (initial active 4) (2 cores per cpu, 2 threads per core) family 6 model 58 stepping 9 microcode 0x21, cx8, cmov, fxsr, ht, mmx, sse, sse2, sse3, ssse3, sse4.1, sse4.2, popcnt, tsc, tscinvbit, avx, aes, erms, clmul, vzeroupper, clflush, hv, rdtscp, f16c
Processor Information for all 4 processors :
  Max Mhz: 2501, Current Mhz: 2100, Mhz Limit: 2075

Memory: 4k page, system-wide physical 3933M (301M free)
TotalPageFile size 8109M (AvailPageFile size 58M)
current process WorkingSet (physical memory assigned to process): 149M, peak: 255M
current process commit charge ("private bytes"): 281M, peak: 286M

vm_info: Java HotSpot(TM) 64-Bit Server VM (21.0.4+8-LTS-274) for windows-amd64 JRE (21.0.4+8-LTS-274), built on 2024-06-05T05:23:33Z by "mach5one" with MS VC++ 17.6 (VS2022)

END.
