#
# There is insufficient memory for the Java Runtime Environment to continue.
# Native memory allocation (malloc) failed to allocate 294976 bytes for Chunk::new
# Possible reasons:
#   The system is out of physical RAM or swap space
#   The process is running with CompressedOops enabled, and the Java Heap may be blocking the growth of the native heap
# Possible solutions:
#   Reduce memory load on the system
#   Increase physical memory or swap space
#   Check if swap backing store is full
#   Decrease Java heap size (-Xmx/-Xms)
#   Decrease number of Java threads
#   Decrease Java thread stack sizes (-Xss)
#   Set larger code cache with -XX:ReservedCodeCacheSize=
#   JVM is running with Unscaled Compressed Oops mode in which the Java heap is
#     placed in the first 4GB address space. The Java Heap base address is the
#     maximum limit for the native heap growth. Please use -XX:HeapBaseMinAddress
#     to set the Java Heap base and to place the Java Heap above 4GB virtual address.
# This output file may be truncated or incomplete.
#
#  Out of Memory Error (arena.cpp:168), pid=6424, tid=8896
#
# JRE version: Java(TM) SE Runtime Environment (21.0.4+8) (build 21.0.4+8-LTS-274)
# Java VM: Java HotSpot(TM) 64-Bit Server VM (21.0.4+8-LTS-274, mixed mode, sharing, tiered, compressed oops, compressed class ptrs, g1 gc, windows-amd64)
# No core dump will be written. Minidumps are not enabled by default on client versions of Windows
#

---------------  S U M M A R Y ------------

Command Line: -javaagent:C:\Users\Ric\AppData\Local\Programs\IntelliJ IDEA Community Edition\lib\idea_rt.jar=14685:C:\Users\Ric\AppData\Local\Programs\IntelliJ IDEA Community Edition\bin -Dfile.encoding=UTF-8 -Dsun.stdout.encoding=UTF-8 -Dsun.stderr.encoding=UTF-8 com.hasinarezida.biblio.BiblioApplication

Host: Intel(R) Core(TM) i5-3210M CPU @ 2.50GHz, 4 cores, 3G,  Windows 10 , 64 bit Build 19041 (10.0.19041.4717)
Time: Tue Sep 10 14:31:17 2024 E. Africa Standard Time elapsed time: 75.545699 seconds (0d 0h 1m 15s)

---------------  T H R E A D  ---------------

Current thread (0x000001e27eef9660):  JavaThread "C2 CompilerThread0" daemon [_thread_in_native, id=8896, stack(0x00000061b8800000,0x00000061b8900000) (1024K)]


Current CompileTask:
C2:  75545 6115       4       java.util.HashSet::add (20 bytes)

Stack: [0x00000061b8800000,0x00000061b8900000]
Native frames: (J=compiled Java code, j=interpreted, Vv=VM code, C=native code)
V  [jvm.dll+0x6c8e59]
V  [jvm.dll+0x853181]
V  [jvm.dll+0x8556ae]
V  [jvm.dll+0x855d83]
V  [jvm.dll+0x27d526]
V  [jvm.dll+0xc4aad]
V  [jvm.dll+0xc4fe3]
V  [jvm.dll+0x2f038f]
V  [jvm.dll+0x5f406a]
V  [jvm.dll+0x24f102]
V  [jvm.dll+0x247db6]
V  [jvm.dll+0x245754]
V  [jvm.dll+0x1c69de]
V  [jvm.dll+0x254d49]
V  [jvm.dll+0x2532da]
V  [jvm.dll+0x3ed426]
V  [jvm.dll+0x7fd65b]
V  [jvm.dll+0x6c753d]
C  [ucrtbase.dll+0x21bb2]
C  [KERNEL32.DLL+0x17374]
C  [ntdll.dll+0x4cc91]


---------------  P R O C E S S  ---------------

Threads class SMR info:
_java_thread_list=0x000001e255aff310, length=31, elements={
0x000001e27eee4fb0, 0x000001e27eee7d40, 0x000001e27eee9b10, 0x000001e27eeea570,
0x000001e27eeeb920, 0x000001e27eeedb30, 0x000001e27eef9660, 0x000001e27eefdbf0,
0x000001e27336f4b0, 0x000001e27f6deb20, 0x000001e27f6e2970, 0x000001e2552ae9a0,
0x000001e25579a5a0, 0x000001e2563bf640, 0x000001e2546cfd10, 0x000001e2563c8d50,
0x000001e2563ca100, 0x000001e2563c9a70, 0x000001e2563ca790, 0x000001e2563cae20,
0x000001e2563c86c0, 0x000001e2563cb4b0, 0x000001e2563c8030, 0x000001e25567cca0,
0x000001e2556821f0, 0x000001e255682880, 0x000001e255682f10, 0x000001e25567d9c0,
0x000001e255680120, 0x000001e25567fa90, 0x000001e25567e050
}

Java Threads: ( => current thread )
  0x000001e27eee4fb0 JavaThread "Reference Handler"          daemon [_thread_blocked, id=2632, stack(0x00000061b8200000,0x00000061b8300000) (1024K)]
  0x000001e27eee7d40 JavaThread "Finalizer"                  daemon [_thread_blocked, id=11144, stack(0x00000061b8300000,0x00000061b8400000) (1024K)]
  0x000001e27eee9b10 JavaThread "Signal Dispatcher"          daemon [_thread_blocked, id=5428, stack(0x00000061b8400000,0x00000061b8500000) (1024K)]
  0x000001e27eeea570 JavaThread "Attach Listener"            daemon [_thread_blocked, id=1736, stack(0x00000061b8500000,0x00000061b8600000) (1024K)]
  0x000001e27eeeb920 JavaThread "Service Thread"             daemon [_thread_blocked, id=8040, stack(0x00000061b8600000,0x00000061b8700000) (1024K)]
  0x000001e27eeedb30 JavaThread "Monitor Deflation Thread"   daemon [_thread_blocked, id=13024, stack(0x00000061b8700000,0x00000061b8800000) (1024K)]
=>0x000001e27eef9660 JavaThread "C2 CompilerThread0"         daemon [_thread_in_native, id=8896, stack(0x00000061b8800000,0x00000061b8900000) (1024K)]
  0x000001e27eefdbf0 JavaThread "C1 CompilerThread0"         daemon [_thread_blocked, id=12988, stack(0x00000061b8900000,0x00000061b8a00000) (1024K)]
  0x000001e27336f4b0 JavaThread "Common-Cleaner"             daemon [_thread_blocked, id=11908, stack(0x00000061b8a00000,0x00000061b8b00000) (1024K)]
  0x000001e27f6deb20 JavaThread "Monitor Ctrl-Break"         daemon [_thread_in_native, id=13228, stack(0x00000061b8b00000,0x00000061b8c00000) (1024K)]
  0x000001e27f6e2970 JavaThread "Notification Thread"        daemon [_thread_blocked, id=10580, stack(0x00000061b8c00000,0x00000061b8d00000) (1024K)]
  0x000001e2552ae9a0 JavaThread "PostgreSQL-JDBC-Cleaner"    daemon [_thread_blocked, id=9532, stack(0x00000061b9200000,0x00000061b9300000) (1024K)]
  0x000001e25579a5a0 JavaThread "HikariPool-1 housekeeper"   daemon [_thread_blocked, id=7264, stack(0x00000061b9300000,0x00000061b9400000) (1024K)]
  0x000001e2563bf640 JavaThread "Catalina-utility-1"                [_thread_blocked, id=11268, stack(0x00000061b9500000,0x00000061b9600000) (1024K)]
  0x000001e2546cfd10 JavaThread "Catalina-utility-2"                [_thread_blocked, id=4232, stack(0x00000061b9600000,0x00000061b9700000) (1024K)]
  0x000001e2563c8d50 JavaThread "container-0"                       [_thread_blocked, id=13292, stack(0x00000061b9700000,0x00000061b9800000) (1024K)]
  0x000001e2563ca100 JavaThread "File Watcher"               daemon [_thread_blocked, id=11704, stack(0x00000061b9400000,0x00000061b9500000) (1024K)]
  0x000001e2563c9a70 JavaThread "Live Reload Server"         daemon [_thread_in_native, id=9292, stack(0x00000061b9900000,0x00000061b9a00000) (1024K)]
  0x000001e2563ca790 JavaThread "http-nio-8080-exec-1"       daemon [_thread_blocked, id=3628, stack(0x00000061b9800000,0x00000061b9900000) (1024K)]
  0x000001e2563cae20 JavaThread "http-nio-8080-exec-2"       daemon [_thread_blocked, id=876, stack(0x00000061b9a00000,0x00000061b9b00000) (1024K)]
  0x000001e2563c86c0 JavaThread "http-nio-8080-exec-3"       daemon [_thread_blocked, id=6352, stack(0x00000061b9b00000,0x00000061b9c00000) (1024K)]
  0x000001e2563cb4b0 JavaThread "http-nio-8080-exec-4"       daemon [_thread_blocked, id=10000, stack(0x00000061b9c00000,0x00000061b9d00000) (1024K)]
  0x000001e2563c8030 JavaThread "http-nio-8080-exec-5"       daemon [_thread_blocked, id=4084, stack(0x00000061b9d00000,0x00000061b9e00000) (1024K)]
  0x000001e25567cca0 JavaThread "http-nio-8080-exec-6"       daemon [_thread_blocked, id=2016, stack(0x00000061b9e00000,0x00000061b9f00000) (1024K)]
  0x000001e2556821f0 JavaThread "http-nio-8080-exec-7"       daemon [_thread_blocked, id=6112, stack(0x00000061b9f00000,0x00000061ba000000) (1024K)]
  0x000001e255682880 JavaThread "http-nio-8080-exec-8"       daemon [_thread_blocked, id=11464, stack(0x00000061ba000000,0x00000061ba100000) (1024K)]
  0x000001e255682f10 JavaThread "http-nio-8080-exec-9"       daemon [_thread_blocked, id=4396, stack(0x00000061ba100000,0x00000061ba200000) (1024K)]
  0x000001e25567d9c0 JavaThread "http-nio-8080-exec-10"      daemon [_thread_blocked, id=12044, stack(0x00000061ba200000,0x00000061ba300000) (1024K)]
  0x000001e255680120 JavaThread "http-nio-8080-Poller"       daemon [_thread_in_native, id=3480, stack(0x00000061ba300000,0x00000061ba400000) (1024K)]
  0x000001e25567fa90 JavaThread "http-nio-8080-Acceptor"     daemon [_thread_in_native, id=10808, stack(0x00000061ba400000,0x00000061ba500000) (1024K)]
  0x000001e25567e050 JavaThread "DestroyJavaVM"                     [_thread_blocked, id=7840, stack(0x00000061b7a00000,0x00000061b7b00000) (1024K)]
Total: 31

Other Threads:
  0x000001e273382f60 VMThread "VM Thread"                           [id=12992, stack(0x00000061b8100000,0x00000061b8200000) (1024K)]
  0x000001e27eecda20 WatcherThread "VM Periodic Task Thread"        [id=12516, stack(0x00000061b8000000,0x00000061b8100000) (1024K)]
  0x000001e2732fd950 WorkerThread "GC Thread#0"                     [id=12712, stack(0x00000061b7b00000,0x00000061b7c00000) (1024K)]
  0x000001e27f7e0eb0 WorkerThread "GC Thread#1"                     [id=5732, stack(0x00000061b8d00000,0x00000061b8e00000) (1024K)]
  0x000001e27f8f2070 WorkerThread "GC Thread#2"                     [id=1988, stack(0x00000061b8e00000,0x00000061b8f00000) (1024K)]
  0x000001e27f8f2410 WorkerThread "GC Thread#3"                     [id=7408, stack(0x00000061b8f00000,0x00000061b9000000) (1024K)]
  0x000001e273306340 ConcurrentGCThread "G1 Main Marker"            [id=7756, stack(0x00000061b7c00000,0x00000061b7d00000) (1024K)]
  0x000001e273306d50 WorkerThread "G1 Conc#0"                       [id=1420, stack(0x00000061b7d00000,0x00000061b7e00000) (1024K)]
  0x000001e27335cf10 ConcurrentGCThread "G1 Refine#0"               [id=8208, stack(0x00000061b7e00000,0x00000061b7f00000) (1024K)]
  0x000001e27335d990 ConcurrentGCThread "G1 Service"                [id=1908, stack(0x00000061b7f00000,0x00000061b8000000) (1024K)]
Total: 10

Threads with active compile tasks:
C2 CompilerThread0    75682 6115       4       java.util.HashSet::add (20 bytes)
Total: 1

VM state: not at safepoint (normal execution)

VM Mutex/Monitor currently owned by a thread: None

Heap address: 0x00000000c2800000, size: 984 MB, Compressed Oops mode: 32-bit

CDS archive(s) mapped at: [0x000001e20f000000-0x000001e20fc90000-0x000001e20fc90000), size 13172736, SharedBaseAddress: 0x000001e20f000000, ArchiveRelocationMode: 1.
Compressed class space mapped at: 0x000001e210000000-0x000001e250000000, reserved size: 1073741824
Narrow klass base: 0x000001e20f000000, Narrow klass shift: 0, Narrow klass range: 0x100000000

GC Precious Log:
 CardTable entry size: 512
 Card Set container configuration: InlinePtr #cards 5 size 8 Array Of Cards #cards 12 size 40 Howl #buckets 4 coarsen threshold 1843 Howl Bitmap #cards 512 size 80 coarsen threshold 460 Card regions per heap region 1 cards per card region 2048
 CPUs: 4 total, 4 available
 Memory: 3933M
 Large Page Support: Disabled
 NUMA Support: Disabled
 Compressed Oops: Enabled (32-bit)
 Heap Region Size: 1M
 Heap Min Capacity: 8M
 Heap Initial Capacity: 62M
 Heap Max Capacity: 984M
 Pre-touch: Disabled
 Parallel Workers: 4
 Concurrent Workers: 1
 Concurrent Refinement Workers: 4
 Periodic GC: Disabled

Heap:
 garbage-first heap   total 55296K, used 33470K [0x00000000c2800000, 0x0000000100000000)
  region size 1024K, 7 young (7168K), 3 survivors (3072K)
 Metaspace       used 64900K, committed 65600K, reserved 1114112K
  class space    used 8881K, committed 9152K, reserved 1048576K

Heap Regions: E=young(eden), S=young(survivor), O=old, HS=humongous(starts), HC=humongous(continues), CS=collection set, F=free, TAMS=top-at-mark-start, PB=parsable bottom
|   0|0x00000000c2800000, 0x00000000c2900000, 0x00000000c2900000|100%|HS|  |TAMS 0x00000000c2800000| PB 0x00000000c2800000| Complete 
|   1|0x00000000c2900000, 0x00000000c2a00000, 0x00000000c2a00000|100%| O|  |TAMS 0x00000000c2900000| PB 0x00000000c2900000| Untracked 
|   2|0x00000000c2a00000, 0x00000000c2b00000, 0x00000000c2b00000|100%| O|  |TAMS 0x00000000c2a00000| PB 0x00000000c2a00000| Untracked 
|   3|0x00000000c2b00000, 0x00000000c2c00000, 0x00000000c2c00000|100%| O|  |TAMS 0x00000000c2b00000| PB 0x00000000c2b00000| Untracked 
|   4|0x00000000c2c00000, 0x00000000c2d00000, 0x00000000c2d00000|100%| O|  |TAMS 0x00000000c2c00000| PB 0x00000000c2c00000| Untracked 
|   5|0x00000000c2d00000, 0x00000000c2e00000, 0x00000000c2e00000|100%| O|  |TAMS 0x00000000c2d00000| PB 0x00000000c2d00000| Untracked 
|   6|0x00000000c2e00000, 0x00000000c2f00000, 0x00000000c2f00000|100%| O|  |TAMS 0x00000000c2e00000| PB 0x00000000c2e00000| Untracked 
|   7|0x00000000c2f00000, 0x00000000c3000000, 0x00000000c3000000|100%| O|  |TAMS 0x00000000c2f00000| PB 0x00000000c2f00000| Untracked 
|   8|0x00000000c3000000, 0x00000000c3100000, 0x00000000c3100000|100%| O|  |TAMS 0x00000000c3000000| PB 0x00000000c3000000| Untracked 
|   9|0x00000000c3100000, 0x00000000c3200000, 0x00000000c3200000|100%| O|  |TAMS 0x00000000c3100000| PB 0x00000000c3100000| Untracked 
|  10|0x00000000c3200000, 0x00000000c3300000, 0x00000000c3300000|100%| O|  |TAMS 0x00000000c3200000| PB 0x00000000c3200000| Untracked 
|  11|0x00000000c3300000, 0x00000000c3400000, 0x00000000c3400000|100%| O|  |TAMS 0x00000000c3300000| PB 0x00000000c3300000| Untracked 
|  12|0x00000000c3400000, 0x00000000c3500000, 0x00000000c3500000|100%| O|  |TAMS 0x00000000c3400000| PB 0x00000000c3400000| Untracked 
|  13|0x00000000c3500000, 0x00000000c3500000, 0x00000000c3600000|  0%| F|  |TAMS 0x00000000c3500000| PB 0x00000000c3500000| Untracked 
|  14|0x00000000c3600000, 0x00000000c3700000, 0x00000000c3700000|100%| O|  |TAMS 0x00000000c3600000| PB 0x00000000c3600000| Untracked 
|  15|0x00000000c3700000, 0x00000000c3800000, 0x00000000c3800000|100%| O|  |TAMS 0x00000000c3700000| PB 0x00000000c3700000| Untracked 
|  16|0x00000000c3800000, 0x00000000c3900000, 0x00000000c3900000|100%| O|  |TAMS 0x00000000c3800000| PB 0x00000000c3800000| Untracked 
|  17|0x00000000c3900000, 0x00000000c3a00000, 0x00000000c3a00000|100%| O|  |TAMS 0x00000000c3900000| PB 0x00000000c3900000| Untracked 
|  18|0x00000000c3a00000, 0x00000000c3b00000, 0x00000000c3b00000|100%| O|  |TAMS 0x00000000c3a00000| PB 0x00000000c3a00000| Untracked 
|  19|0x00000000c3b00000, 0x00000000c3c00000, 0x00000000c3c00000|100%| O|  |TAMS 0x00000000c3b00000| PB 0x00000000c3b00000| Untracked 
|  20|0x00000000c3c00000, 0x00000000c3d00000, 0x00000000c3d00000|100%| O|  |TAMS 0x00000000c3c00000| PB 0x00000000c3c00000| Untracked 
|  21|0x00000000c3d00000, 0x00000000c3e00000, 0x00000000c3e00000|100%| O|  |TAMS 0x00000000c3d00000| PB 0x00000000c3d00000| Untracked 
|  22|0x00000000c3e00000, 0x00000000c3f00000, 0x00000000c3f00000|100%| O|  |TAMS 0x00000000c3e00000| PB 0x00000000c3e00000| Untracked 
|  23|0x00000000c3f00000, 0x00000000c4000000, 0x00000000c4000000|100%| O|  |TAMS 0x00000000c3f00000| PB 0x00000000c3f00000| Untracked 
|  24|0x00000000c4000000, 0x00000000c4100000, 0x00000000c4100000|100%| O|  |TAMS 0x00000000c4000000| PB 0x00000000c4000000| Untracked 
|  25|0x00000000c4100000, 0x00000000c4200000, 0x00000000c4200000|100%| O|  |TAMS 0x00000000c4100000| PB 0x00000000c4100000| Untracked 
|  26|0x00000000c4200000, 0x00000000c4300000, 0x00000000c4300000|100%| O|  |TAMS 0x00000000c4200000| PB 0x00000000c4200000| Untracked 
|  27|0x00000000c4300000, 0x00000000c4400000, 0x00000000c4400000|100%| O|  |TAMS 0x00000000c4300000| PB 0x00000000c4300000| Untracked 
|  28|0x00000000c4400000, 0x00000000c446a5e0, 0x00000000c4500000| 41%| O|  |TAMS 0x00000000c4400000| PB 0x00000000c4400000| Untracked 
|  29|0x00000000c4500000, 0x00000000c4500000, 0x00000000c4600000|  0%| F|  |TAMS 0x00000000c4500000| PB 0x00000000c4500000| Untracked 
|  30|0x00000000c4600000, 0x00000000c4600000, 0x00000000c4700000|  0%| F|  |TAMS 0x00000000c4600000| PB 0x00000000c4600000| Untracked 
|  31|0x00000000c4700000, 0x00000000c4700000, 0x00000000c4800000|  0%| F|  |TAMS 0x00000000c4700000| PB 0x00000000c4700000| Untracked 
|  32|0x00000000c4800000, 0x00000000c4800000, 0x00000000c4900000|  0%| F|  |TAMS 0x00000000c4800000| PB 0x00000000c4800000| Untracked 
|  33|0x00000000c4900000, 0x00000000c4945618, 0x00000000c4a00000| 27%| S|CS|TAMS 0x00000000c4900000| PB 0x00000000c4900000| Complete 
|  34|0x00000000c4a00000, 0x00000000c4b00000, 0x00000000c4b00000|100%| S|CS|TAMS 0x00000000c4a00000| PB 0x00000000c4a00000| Complete 
|  35|0x00000000c4b00000, 0x00000000c4c00000, 0x00000000c4c00000|100%| S|CS|TAMS 0x00000000c4b00000| PB 0x00000000c4b00000| Complete 
|  36|0x00000000c4c00000, 0x00000000c4c00000, 0x00000000c4d00000|  0%| F|  |TAMS 0x00000000c4c00000| PB 0x00000000c4c00000| Untracked 
|  37|0x00000000c4d00000, 0x00000000c4d00000, 0x00000000c4e00000|  0%| F|  |TAMS 0x00000000c4d00000| PB 0x00000000c4d00000| Untracked 
|  38|0x00000000c4e00000, 0x00000000c4e00000, 0x00000000c4f00000|  0%| F|  |TAMS 0x00000000c4e00000| PB 0x00000000c4e00000| Untracked 
|  39|0x00000000c4f00000, 0x00000000c4f00000, 0x00000000c5000000|  0%| F|  |TAMS 0x00000000c4f00000| PB 0x00000000c4f00000| Untracked 
|  40|0x00000000c5000000, 0x00000000c5000000, 0x00000000c5100000|  0%| F|  |TAMS 0x00000000c5000000| PB 0x00000000c5000000| Untracked 
|  41|0x00000000c5100000, 0x00000000c5100000, 0x00000000c5200000|  0%| F|  |TAMS 0x00000000c5100000| PB 0x00000000c5100000| Untracked 
|  42|0x00000000c5200000, 0x00000000c5200000, 0x00000000c5300000|  0%| F|  |TAMS 0x00000000c5200000| PB 0x00000000c5200000| Untracked 
|  43|0x00000000c5300000, 0x00000000c5300000, 0x00000000c5400000|  0%| F|  |TAMS 0x00000000c5300000| PB 0x00000000c5300000| Untracked 
|  44|0x00000000c5400000, 0x00000000c5400000, 0x00000000c5500000|  0%| F|  |TAMS 0x00000000c5400000| PB 0x00000000c5400000| Untracked 
|  45|0x00000000c5500000, 0x00000000c5500000, 0x00000000c5600000|  0%| F|  |TAMS 0x00000000c5500000| PB 0x00000000c5500000| Untracked 
|  46|0x00000000c5600000, 0x00000000c5600000, 0x00000000c5700000|  0%| F|  |TAMS 0x00000000c5600000| PB 0x00000000c5600000| Untracked 
|  47|0x00000000c5700000, 0x00000000c5700000, 0x00000000c5800000|  0%| F|  |TAMS 0x00000000c5700000| PB 0x00000000c5700000| Untracked 
|  48|0x00000000c5800000, 0x00000000c5800000, 0x00000000c5900000|  0%| F|  |TAMS 0x00000000c5800000| PB 0x00000000c5800000| Untracked 
|  49|0x00000000c5900000, 0x00000000c5900000, 0x00000000c5a00000|  0%| F|  |TAMS 0x00000000c5900000| PB 0x00000000c5900000| Untracked 
|  50|0x00000000c5a00000, 0x00000000c5aeabc8, 0x00000000c5b00000| 91%| E|  |TAMS 0x00000000c5a00000| PB 0x00000000c5a00000| Complete 
|  51|0x00000000c5b00000, 0x00000000c5c00000, 0x00000000c5c00000|100%| E|CS|TAMS 0x00000000c5b00000| PB 0x00000000c5b00000| Complete 
|  52|0x00000000c5c00000, 0x00000000c5d00000, 0x00000000c5d00000|100%| E|CS|TAMS 0x00000000c5c00000| PB 0x00000000c5c00000| Complete 
|  61|0x00000000c6500000, 0x00000000c6600000, 0x00000000c6600000|100%| E|CS|TAMS 0x00000000c6500000| PB 0x00000000c6500000| Complete 

Card table byte_map: [0x000001e27b930000,0x000001e27bb20000] _byte_map_base: 0x000001e27b31c000

Marking Bits: (CMBitMap*) 0x000001e2732fdf60
 Bits: [0x000001e27bb20000, 0x000001e27ca80000)

Polling page: 0x000001e2711b0000

Metaspace:

Usage:
  Non-class:     54.71 MB used.
      Class:      8.67 MB used.
       Both:     63.38 MB used.

Virtual space:
  Non-class space:       64.00 MB reserved,      55.12 MB ( 86%) committed,  1 nodes.
      Class space:        1.00 GB reserved,       8.94 MB ( <1%) committed,  1 nodes.
             Both:        1.06 GB reserved,      64.06 MB (  6%) committed. 

Chunk freelists:
   Non-Class:  8.77 MB
       Class:  6.94 MB
        Both:  15.70 MB

MaxMetaspaceSize: unlimited
CompressedClassSpaceSize: 1.00 GB
Initial GC threshold: 21.00 MB
Current GC threshold: 98.88 MB
CDS: on
 - commit_granule_bytes: 65536.
 - commit_granule_words: 8192.
 - virtual_space_node_default_size: 8388608.
 - enlarge_chunks_in_place: 1.
 - use_allocation_guard: 0.


Internal statistics:

num_allocs_failed_limit: 12.
num_arena_births: 998.
num_arena_deaths: 0.
num_vsnodes_births: 2.
num_vsnodes_deaths: 0.
num_space_committed: 1025.
num_space_uncommitted: 0.
num_chunks_returned_to_freelist: 12.
num_chunks_taken_from_freelist: 3413.
num_chunk_merges: 12.
num_chunk_splits: 2423.
num_chunks_enlarged: 1824.
num_inconsistent_stats: 0.

CodeHeap 'non-profiled nmethods': size=120000Kb used=3497Kb max_used=3497Kb free=116502Kb
 bounds [0x000001e207ad0000, 0x000001e207e40000, 0x000001e20f000000]
CodeHeap 'profiled nmethods': size=120000Kb used=10446Kb max_used=10446Kb free=109553Kb
 bounds [0x000001e200000000, 0x000001e200a40000, 0x000001e207530000]
CodeHeap 'non-nmethods': size=5760Kb used=1660Kb max_used=1714Kb free=4099Kb
 bounds [0x000001e207530000, 0x000001e2077a0000, 0x000001e207ad0000]
 total_blobs=6133 nmethods=5434 adapters=603
 compilation: enabled
              stopped_count=0, restarted_count=0
 full_count=0

Compilation events (20 events):
Event: 63.075 Thread 0x000001e27eefdbf0 nmethod 6104 0x000001e200a30990 code [0x000001e200a30b40, 0x000001e200a30c78]
Event: 65.075 Thread 0x000001e27eef9660 6105       4       java.util.concurrent.locks.AbstractQueuedSynchronizer::release (19 bytes)
Event: 65.082 Thread 0x000001e27eef9660 nmethod 6105 0x000001e207cff190 code [0x000001e207cff340, 0x000001e207cff550]
Event: 65.435 Thread 0x000001e27eef9660 6106       4       java.io.WinNTFileSystem::resolve (326 bytes)
Event: 65.483 Thread 0x000001e27eef9660 nmethod 6106 0x000001e207cfce10 code [0x000001e207cfd0a0, 0x000001e207cfe440]
Event: 67.552 Thread 0x000001e27eefdbf0 6107       3       java.io.File::listFiles (52 bytes)
Event: 67.553 Thread 0x000001e27eefdbf0 nmethod 6107 0x000001e200a30d10 code [0x000001e200a30f00, 0x000001e200a31470]
Event: 67.556 Thread 0x000001e27eefdbf0 6108       3       org.springframework.boot.devtools.filewatch.DirectorySnapshot::collectFiles (99 bytes)
Event: 67.560 Thread 0x000001e27eefdbf0 nmethod 6108 0x000001e200a31690 code [0x000001e200a31960, 0x000001e200a32720]
Event: 67.988 Thread 0x000001e27eef9660 6109       4       java.util.Collections$UnmodifiableCollection$1::next (10 bytes)
Event: 67.989 Thread 0x000001e27eef9660 nmethod 6109 0x000001e207cfcb10 code [0x000001e207cfcca0, 0x000001e207cfcd50]
Event: 69.675 Thread 0x000001e27eefdbf0 6110   !   3       java.io.WinNTFileSystem::list (27 bytes)
Event: 69.676 Thread 0x000001e27eefdbf0 nmethod 6110 0x000001e200a32b90 code [0x000001e200a32d60, 0x000001e200a32f80]
Event: 70.257 Thread 0x000001e27eefdbf0 6112       3       java.util.TreeSet::iterator (15 bytes)
Event: 70.257 Thread 0x000001e27eefdbf0 nmethod 6112 0x000001e200a33090 code [0x000001e200a33240, 0x000001e200a334d8]
Event: 70.257 Thread 0x000001e27eefdbf0 6113       3       java.util.TreeMap::navigableKeySet (27 bytes)
Event: 70.257 Thread 0x000001e27eefdbf0 nmethod 6113 0x000001e200a33610 code [0x000001e200a337e0, 0x000001e200a33bc8]
Event: 73.085 Thread 0x000001e27eefdbf0 6114       3       java.util.concurrent.TimeUnit::toNanos (45 bytes)
Event: 73.086 Thread 0x000001e27eefdbf0 nmethod 6114 0x000001e200a33d10 code [0x000001e200a33ec0, 0x000001e200a34128]
Event: 75.485 Thread 0x000001e27eef9660 6115       4       java.util.HashSet::add (20 bytes)

GC Heap History (20 events):
Event: 31.981 GC heap before
{Heap before GC invocations=6 (full 0):
 garbage-first heap   total 55296K, used 45145K [0x00000000c2800000, 0x0000000100000000)
  region size 1024K, 32 young (32768K), 2 survivors (2048K)
 Metaspace       used 26449K, committed 26880K, reserved 1114112K
  class space    used 3301K, committed 3520K, reserved 1048576K
}
Event: 31.992 GC heap after
{Heap after GC invocations=7 (full 0):
 garbage-first heap   total 55296K, used 17406K [0x00000000c2800000, 0x0000000100000000)
  region size 1024K, 4 young (4096K), 4 survivors (4096K)
 Metaspace       used 26449K, committed 26880K, reserved 1114112K
  class space    used 3301K, committed 3520K, reserved 1048576K
}
Event: 39.736 GC heap before
{Heap before GC invocations=7 (full 0):
 garbage-first heap   total 55296K, used 43006K [0x00000000c2800000, 0x0000000100000000)
  region size 1024K, 30 young (30720K), 4 survivors (4096K)
 Metaspace       used 32282K, committed 32832K, reserved 1114112K
  class space    used 4000K, committed 4224K, reserved 1048576K
}
Event: 39.750 GC heap after
{Heap after GC invocations=8 (full 0):
 garbage-first heap   total 55296K, used 19612K [0x00000000c2800000, 0x0000000100000000)
  region size 1024K, 3 young (3072K), 3 survivors (3072K)
 Metaspace       used 32282K, committed 32832K, reserved 1114112K
  class space    used 4000K, committed 4224K, reserved 1048576K
}
Event: 41.296 GC heap before
{Heap before GC invocations=8 (full 0):
 garbage-first heap   total 55296K, used 33948K [0x00000000c2800000, 0x0000000100000000)
  region size 1024K, 18 young (18432K), 3 survivors (3072K)
 Metaspace       used 35461K, committed 35968K, reserved 1114112K
  class space    used 4421K, committed 4672K, reserved 1048576K
}
Event: 41.305 GC heap after
{Heap after GC invocations=9 (full 0):
 garbage-first heap   total 55296K, used 20958K [0x00000000c2800000, 0x0000000100000000)
  region size 1024K, 2 young (2048K), 2 survivors (2048K)
 Metaspace       used 35461K, committed 35968K, reserved 1114112K
  class space    used 4421K, committed 4672K, reserved 1048576K
}
Event: 43.538 GC heap before
{Heap before GC invocations=10 (full 0):
 garbage-first heap   total 55296K, used 44510K [0x00000000c2800000, 0x0000000100000000)
  region size 1024K, 26 young (26624K), 2 survivors (2048K)
 Metaspace       used 41561K, committed 42176K, reserved 1114112K
  class space    used 5432K, committed 5696K, reserved 1048576K
}
Event: 43.545 GC heap after
{Heap after GC invocations=11 (full 0):
 garbage-first heap   total 55296K, used 22483K [0x00000000c2800000, 0x0000000100000000)
  region size 1024K, 3 young (3072K), 3 survivors (3072K)
 Metaspace       used 41561K, committed 42176K, reserved 1114112K
  class space    used 5432K, committed 5696K, reserved 1048576K
}
Event: 45.148 GC heap before
{Heap before GC invocations=11 (full 0):
 garbage-first heap   total 55296K, used 46035K [0x00000000c2800000, 0x0000000100000000)
  region size 1024K, 27 young (27648K), 3 survivors (3072K)
 Metaspace       used 48561K, committed 49152K, reserved 1114112K
  class space    used 6436K, committed 6656K, reserved 1048576K
}
Event: 45.157 GC heap after
{Heap after GC invocations=12 (full 0):
 garbage-first heap   total 55296K, used 23204K [0x00000000c2800000, 0x0000000100000000)
  region size 1024K, 3 young (3072K), 3 survivors (3072K)
 Metaspace       used 48561K, committed 49152K, reserved 1114112K
  class space    used 6436K, committed 6656K, reserved 1048576K
}
Event: 47.072 GC heap before
{Heap before GC invocations=12 (full 0):
 garbage-first heap   total 55296K, used 47780K [0x00000000c2800000, 0x0000000100000000)
  region size 1024K, 27 young (27648K), 3 survivors (3072K)
 Metaspace       used 54815K, committed 55488K, reserved 1114112K
  class space    used 7413K, committed 7680K, reserved 1048576K
}
Event: 47.081 GC heap after
{Heap after GC invocations=13 (full 0):
 garbage-first heap   total 55296K, used 24209K [0x00000000c2800000, 0x0000000100000000)
  region size 1024K, 3 young (3072K), 3 survivors (3072K)
 Metaspace       used 54815K, committed 55488K, reserved 1114112K
  class space    used 7413K, committed 7680K, reserved 1048576K
}
Event: 48.725 GC heap before
{Heap before GC invocations=13 (full 0):
 garbage-first heap   total 55296K, used 46737K [0x00000000c2800000, 0x0000000100000000)
  region size 1024K, 25 young (25600K), 3 survivors (3072K)
 Metaspace       used 59449K, committed 60160K, reserved 1114112K
  class space    used 8037K, committed 8384K, reserved 1048576K
}
Event: 48.737 GC heap after
{Heap after GC invocations=14 (full 0):
 garbage-first heap   total 55296K, used 26123K [0x00000000c2800000, 0x0000000100000000)
  region size 1024K, 3 young (3072K), 3 survivors (3072K)
 Metaspace       used 59449K, committed 60160K, reserved 1114112K
  class space    used 8037K, committed 8384K, reserved 1048576K
}
Event: 48.770 GC heap before
{Heap before GC invocations=14 (full 0):
 garbage-first heap   total 55296K, used 26123K [0x00000000c2800000, 0x0000000100000000)
  region size 1024K, 4 young (4096K), 3 survivors (3072K)
 Metaspace       used 59590K, committed 60288K, reserved 1114112K
  class space    used 8049K, committed 8384K, reserved 1048576K
}
Event: 48.779 GC heap after
{Heap after GC invocations=15 (full 0):
 garbage-first heap   total 55296K, used 26457K [0x00000000c2800000, 0x0000000100000000)
  region size 1024K, 1 young (1024K), 1 survivors (1024K)
 Metaspace       used 59590K, committed 60288K, reserved 1114112K
  class space    used 8049K, committed 8384K, reserved 1048576K
}
Event: 50.233 GC heap before
{Heap before GC invocations=16 (full 0):
 garbage-first heap   total 55296K, used 47961K [0x00000000c2800000, 0x0000000100000000)
  region size 1024K, 22 young (22528K), 1 survivors (1024K)
 Metaspace       used 62276K, committed 62976K, reserved 1114112K
  class space    used 8504K, committed 8832K, reserved 1048576K
}
Event: 50.241 GC heap after
{Heap after GC invocations=17 (full 0):
 garbage-first heap   total 55296K, used 28556K [0x00000000c2800000, 0x0000000100000000)
  region size 1024K, 3 young (3072K), 3 survivors (3072K)
 Metaspace       used 62276K, committed 62976K, reserved 1114112K
  class space    used 8504K, committed 8832K, reserved 1048576K
}
Event: 53.158 GC heap before
{Heap before GC invocations=17 (full 0):
 garbage-first heap   total 55296K, used 46988K [0x00000000c2800000, 0x0000000100000000)
  region size 1024K, 21 young (21504K), 3 survivors (3072K)
 Metaspace       used 64462K, committed 65216K, reserved 1114112K
  class space    used 8820K, committed 9152K, reserved 1048576K
}
Event: 53.171 GC heap after
{Heap after GC invocations=18 (full 0):
 garbage-first heap   total 55296K, used 30398K [0x00000000c2800000, 0x0000000100000000)
  region size 1024K, 3 young (3072K), 3 survivors (3072K)
 Metaspace       used 64462K, committed 65216K, reserved 1114112K
  class space    used 8820K, committed 9152K, reserved 1048576K
}

Dll operation events (14 events):
Event: 0.045 Loaded shared library C:\Program Files\Java\jdk-21\bin\java.dll
Event: 0.141 Loaded shared library C:\Program Files\Java\jdk-21\bin\jsvml.dll
Event: 1.003 Loaded shared library C:\Program Files\Java\jdk-21\bin\zip.dll
Event: 1.122 Loaded shared library C:\Program Files\Java\jdk-21\bin\instrument.dll
Event: 1.190 Loaded shared library C:\Program Files\Java\jdk-21\bin\net.dll
Event: 1.204 Loaded shared library C:\Program Files\Java\jdk-21\bin\nio.dll
Event: 1.231 Loaded shared library C:\Program Files\Java\jdk-21\bin\zip.dll
Event: 1.452 Loaded shared library C:\Program Files\Java\jdk-21\bin\jimage.dll
Event: 13.400 Loaded shared library C:\Users\Ric\AppData\Local\Programs\IntelliJ IDEA Community Edition\bin\breakgen64.dll
Event: 13.595 Loaded shared library C:\Program Files\Java\jdk-21\bin\extnet.dll
Event: 15.056 Loaded shared library C:\Program Files\Java\jdk-21\bin\management.dll
Event: 15.062 Loaded shared library C:\Program Files\Java\jdk-21\bin\management_ext.dll
Event: 19.428 Loaded shared library C:\Program Files\Java\jdk-21\bin\sunmscapi.dll
Event: 42.034 Loaded shared library C:\Program Files\Java\jdk-21\bin\verify.dll

Deoptimization events (20 events):
Event: 53.146 Thread 0x000001e27f8620d0 DEOPT PACKING pc=0x000001e207b7cfb4 sp=0x00000061b91fe480
Event: 53.146 Thread 0x000001e27f8620d0 DEOPT UNPACKING pc=0x000001e2075846a2 sp=0x00000061b91fe2b8 mode 2
Event: 53.315 Thread 0x000001e27f8620d0 Uncommon trap: trap_request=0xffffffde fr.pc=0x000001e207c64ee8 relative=0x0000000000001228
Event: 53.315 Thread 0x000001e27f8620d0 Uncommon trap: reason=class_check action=maybe_recompile pc=0x000001e207c64ee8 method=org.springframework.core.annotation.AnnotationsScanner.processClassInheritedAnnotations(Ljava/lang/Object;Ljava/lang/Class;Lorg/springframework/core/annotation/MergedAnn
Event: 53.315 Thread 0x000001e27f8620d0 DEOPT PACKING pc=0x000001e207c64ee8 sp=0x00000061b91fe380
Event: 53.315 Thread 0x000001e27f8620d0 DEOPT UNPACKING pc=0x000001e2075846a2 sp=0x00000061b91fe268 mode 2
Event: 53.335 Thread 0x000001e27f8620d0 Uncommon trap: trap_request=0xffffff45 fr.pc=0x000001e207b65138 relative=0x00000000000000f8
Event: 53.335 Thread 0x000001e27f8620d0 Uncommon trap: reason=unstable_if action=reinterpret pc=0x000001e207b65138 method=java.lang.ref.ReferenceQueue.poll()Ljava/lang/ref/Reference; @ 4 c2
Event: 53.335 Thread 0x000001e27f8620d0 DEOPT PACKING pc=0x000001e207b65138 sp=0x00000061b91fe520
Event: 53.335 Thread 0x000001e27f8620d0 DEOPT UNPACKING pc=0x000001e2075846a2 sp=0x00000061b91fe3e8 mode 2
Event: 53.778 Thread 0x000001e27f8620d0 Uncommon trap: trap_request=0xffffff45 fr.pc=0x000001e207cdc568 relative=0x0000000000001108
Event: 53.778 Thread 0x000001e27f8620d0 Uncommon trap: reason=unstable_if action=reinterpret pc=0x000001e207cdc568 method=java.lang.String.<init>(Ljava/nio/charset/Charset;[BII)V @ 6 c2
Event: 53.778 Thread 0x000001e27f8620d0 DEOPT PACKING pc=0x000001e207cdc568 sp=0x00000061b91fdaa0
Event: 53.778 Thread 0x000001e27f8620d0 DEOPT UNPACKING pc=0x000001e2075846a2 sp=0x00000061b91fda50 mode 2
Event: 54.012 Thread 0x000001e27f8620d0 Uncommon trap: trap_request=0xffffff45 fr.pc=0x000001e207c11250 relative=0x0000000000000110
Event: 54.012 Thread 0x000001e27f8620d0 Uncommon trap: reason=unstable_if action=reinterpret pc=0x000001e207c11250 method=java.util.IdentityHashMap.nextKeyIndex(II)I @ 4 c2
Event: 54.012 Thread 0x000001e27f8620d0 DEOPT PACKING pc=0x000001e207c11250 sp=0x00000061b91fe0e0
Event: 54.012 Thread 0x000001e27f8620d0 DEOPT UNPACKING pc=0x000001e2075846a2 sp=0x00000061b91fdfe8 mode 2
Event: 57.142 Thread 0x000001e2563ca100 DEOPT PACKING pc=0x000001e2008896d8 sp=0x00000061b94ff150
Event: 57.143 Thread 0x000001e2563ca100 DEOPT UNPACKING pc=0x000001e207584e42 sp=0x00000061b94fe618 mode 0

Classes loaded (20 events):
Event: 54.093 Loading class java/beans/WeakIdentityMap done
Event: 54.093 Loading class java/beans/ThreadGroupContext$1 done
Event: 54.093 Loading class java/beans/WeakIdentityMap$Entry
Event: 54.093 Loading class java/beans/WeakIdentityMap$Entry done
Event: 54.094 Loading class com/sun/beans/introspect/ClassInfo
Event: 54.096 Loading class com/sun/beans/introspect/ClassInfo done
Event: 54.096 Loading class com/sun/beans/introspect/ClassInfo$1
Event: 54.096 Loading class com/sun/beans/util/Cache
Event: 54.097 Loading class com/sun/beans/util/Cache done
Event: 54.097 Loading class com/sun/beans/introspect/ClassInfo$1 done
Event: 54.097 Loading class com/sun/beans/util/Cache$Kind
Event: 54.097 Loading class com/sun/beans/util/Cache$Kind done
Event: 54.097 Loading class com/sun/beans/util/Cache$Kind$1
Event: 54.099 Loading class com/sun/beans/util/Cache$Kind$1 done
Event: 54.099 Loading class com/sun/beans/util/Cache$Kind$2
Event: 54.100 Loading class com/sun/beans/util/Cache$Kind$2 done
Event: 54.100 Loading class com/sun/beans/util/Cache$Kind$3
Event: 54.100 Loading class com/sun/beans/util/Cache$Kind$3 done
Event: 54.100 Loading class com/sun/beans/util/Cache$CacheEntry
Event: 54.100 Loading class com/sun/beans/util/Cache$CacheEntry done

Classes unloaded (0 events):
No events

Classes redefined (0 events):
No events

Internal exceptions (20 events):
Event: 47.096 Thread 0x000001e27f8620d0 Exception <a 'java/lang/NoSuchMethodError'{0x00000000c6543cc8}: 'java.lang.Object java.lang.invoke.DirectMethodHandle$Holder.newInvokeSpecial(java.lang.Object, java.lang.Object, java.lang.Object, java.lang.Object, java.lang.Object, java.lang.Object, java.lang.Object, int)'> (0x00000000c6543cc8) 
thrown [s\open\src\hotspot\share\interpreter\linkResolver.cpp, line 773]
Event: 47.097 Thread 0x000001e27f8620d0 Exception <a 'java/lang/NoSuchMethodError'{0x00000000c6548228}: 'java.lang.Object java.lang.invoke.DirectMethodHandle$Holder.invokeSpecial(java.lang.Object, java.lang.Object, java.lang.Object, java.lang.Object, java.lang.Object, java.lang.Object, java.lang.Object, java.lang.Object, int)'> (0x00000000c6548228) 
thrown [s\open\src\hotspot\share\interpreter\linkResolver.cpp, line 773]
Event: 47.097 Thread 0x000001e27f8620d0 Exception <a 'java/lang/NoSuchMethodError'{0x00000000c654c240}: 'java.lang.Object java.lang.invoke.Invokers$Holder.linkToTargetMethod(java.lang.Object, java.lang.Object, java.lang.Object, java.lang.Object, java.lang.Object, java.lang.Object, int, java.lang.Object)'> (0x00000000c654c240) 
thrown [s\open\src\hotspot\share\interpreter\linkResolver.cpp, line 773]
Event: 47.146 Thread 0x000001e27f8620d0 Exception <a 'java/lang/NoSuchMethodError'{0x00000000c5c23f18}: 'java.lang.Object java.lang.invoke.DirectMethodHandle$Holder.newInvokeSpecial(java.lang.Object, java.lang.Object, int, java.lang.Object, int, java.lang.Object, java.lang.Object)'> (0x00000000c5c23f18) 
thrown [s\open\src\hotspot\share\interpreter\linkResolver.cpp, line 773]
Event: 47.165 Thread 0x000001e27f8620d0 Exception <a 'java/lang/NoSuchMethodError'{0x00000000c5c7a668}: 'void java.lang.invoke.DirectMethodHandle$Holder.invokeInterface(java.lang.Object, java.lang.Object)'> (0x00000000c5c7a668) 
thrown [s\open\src\hotspot\share\interpreter\linkResolver.cpp, line 773]
Event: 47.594 Thread 0x000001e27f8620d0 Exception <a 'java/lang/NoSuchMethodError'{0x00000000c5899908}: 'java.lang.Object java.lang.invoke.DirectMethodHandle$Holder.invokeSpecial(java.lang.Object, java.lang.Object, int, java.lang.Object, int)'> (0x00000000c5899908) 
thrown [s\open\src\hotspot\share\interpreter\linkResolver.cpp, line 773]
Event: 47.681 Thread 0x000001e27f8620d0 Exception <a 'java/lang/NoSuchMethodError'{0x00000000c5770a60}: 'void java.lang.invoke.Invokers$Holder.invokeExact_MT(java.lang.Object, java.lang.Object, java.lang.Object, java.lang.Object)'> (0x00000000c5770a60) 
thrown [s\open\src\hotspot\share\interpreter\linkResolver.cpp, line 773]
Event: 47.810 Thread 0x000001e27f8620d0 Implicit null exception at 0x000001e207dae2f7 to 0x000001e207dae560
Event: 47.843 Thread 0x000001e27f8620d0 Implicit null exception at 0x000001e207d9ef1a to 0x000001e207d9ef54
Event: 47.903 Thread 0x000001e27f8620d0 Exception <a 'java/lang/IncompatibleClassChangeError'{0x00000000c537d918}: Found class java.lang.Object, but interface was expected> (0x00000000c537d918) 
thrown [s\open\src\hotspot\share\interpreter\linkResolver.cpp, line 840]
Event: 47.921 Thread 0x000001e27f8620d0 Exception <a 'java/lang/IncompatibleClassChangeError'{0x00000000c53f8908}: Found class java.lang.Object, but interface was expected> (0x00000000c53f8908) 
thrown [s\open\src\hotspot\share\interpreter\linkResolver.cpp, line 840]
Event: 47.988 Thread 0x000001e27f8620d0 Exception <a 'java/lang/IncompatibleClassChangeError'{0x00000000c517d890}: Found class java.lang.Object, but interface was expected> (0x00000000c517d890) 
thrown [s\open\src\hotspot\share\interpreter\linkResolver.cpp, line 840]
Event: 48.588 Thread 0x000001e27f8620d0 Exception <a 'java/lang/IncompatibleClassChangeError'{0x00000000c4a9d5d0}: Found class java.lang.Object, but interface was expected> (0x00000000c4a9d5d0) 
thrown [s\open\src\hotspot\share\interpreter\linkResolver.cpp, line 840]
Event: 48.791 Thread 0x000001e27f8620d0 Exception <a 'java/lang/IncompatibleClassChangeError'{0x00000000c651f8e0}: Found class java.lang.Object, but interface was expected> (0x00000000c651f8e0) 
thrown [s\open\src\hotspot\share\interpreter\linkResolver.cpp, line 840]
Event: 49.352 Thread 0x000001e27f8620d0 Exception <a 'java/lang/NoSuchMethodError'{0x00000000c5769b60}: 'java.lang.Object java.lang.invoke.DirectMethodHandle$Holder.newInvokeSpecial(java.lang.Object, java.lang.Object, java.lang.Object, java.lang.Object, java.lang.Object, java.lang.Object, java.lang.Object, java.lang.Object)'> (0x00000000c5769b60) 
thrown [s\open\src\hotspot\share\interpreter\linkResolver.cpp, line 773]
Event: 50.218 Thread 0x000001e27f8620d0 Exception <a 'java/lang/IncompatibleClassChangeError'{0x00000000c48951c8}: Found class java.lang.Object, but interface was expected> (0x00000000c48951c8) 
thrown [s\open\src\hotspot\share\interpreter\linkResolver.cpp, line 840]
Event: 50.515 Thread 0x000001e27f8620d0 Exception <a 'java/lang/NoSuchMethodError'{0x00000000c580f4c0}: 'void java.lang.invoke.DirectMethodHandle$Holder.invokeVirtual(java.lang.Object, java.lang.Object, long)'> (0x00000000c580f4c0) 
thrown [s\open\src\hotspot\share\interpreter\linkResolver.cpp, line 773]
Event: 50.959 Thread 0x000001e27f8620d0 Exception <a 'java/lang/IncompatibleClassChangeError'{0x00000000c5382138}: Found class java.lang.Object, but interface was expected> (0x00000000c5382138) 
thrown [s\open\src\hotspot\share\interpreter\linkResolver.cpp, line 840]
Event: 51.012 Thread 0x000001e27f8620d0 Implicit null exception at 0x000001e207c13ee8 to 0x000001e207c14140
Event: 53.343 Thread 0x000001e27f8620d0 Exception <a 'java/lang/NoSuchMethodError'{0x00000000c657c9e8}: 'java.lang.Object java.lang.invoke.DirectMethodHandle$Holder.newInvokeSpecial(java.lang.Object, java.lang.Object, int, java.lang.Object, java.lang.Object)'> (0x00000000c657c9e8) 
thrown [s\open\src\hotspot\share\interpreter\linkResolver.cpp, line 773]

ZGC Phase Switch (0 events):
No events

VM Operations (20 events):
Event: 52.595 Executing VM operation: Cleanup
Event: 52.597 Executing VM operation: Cleanup done
Event: 53.158 Executing VM operation: G1CollectForAllocation (G1 Evacuation Pause)
Event: 53.171 Executing VM operation: G1CollectForAllocation (G1 Evacuation Pause) done
Event: 53.331 Executing VM operation: HandshakeAllThreads (Deoptimize)
Event: 53.331 Executing VM operation: HandshakeAllThreads (Deoptimize) done
Event: 54.345 Executing VM operation: Cleanup
Event: 54.345 Executing VM operation: Cleanup done
Event: 55.354 Executing VM operation: Cleanup
Event: 55.354 Executing VM operation: Cleanup done
Event: 60.292 Executing VM operation: HandshakeAllThreads (HandshakeForDeflation)
Event: 60.292 Executing VM operation: HandshakeAllThreads (HandshakeForDeflation) done
Event: 60.292 Executing VM operation: Cleanup
Event: 60.292 Executing VM operation: Cleanup done
Event: 60.292 Executing VM operation: RendezvousGCThreads
Event: 60.292 Executing VM operation: RendezvousGCThreads done
Event: 62.312 Executing VM operation: Cleanup
Event: 62.312 Executing VM operation: Cleanup done
Event: 66.329 Executing VM operation: Cleanup
Event: 66.329 Executing VM operation: Cleanup done

Events (20 events):
Event: 53.115 Thread 0x000001e2563ca100 Thread added: 0x000001e2563ca100
Event: 53.136 Thread 0x000001e2563ca790 Thread added: 0x000001e2563ca790
Event: 53.137 Thread 0x000001e2563ca790 Thread exited: 0x000001e2563ca790
Event: 53.137 Thread 0x000001e2563c9a70 Thread added: 0x000001e2563c9a70
Event: 53.626 Thread 0x000001e2563ca790 Thread added: 0x000001e2563ca790
Event: 53.626 Thread 0x000001e2563cae20 Thread added: 0x000001e2563cae20
Event: 53.627 Thread 0x000001e2563c86c0 Thread added: 0x000001e2563c86c0
Event: 53.627 Thread 0x000001e2563cb4b0 Thread added: 0x000001e2563cb4b0
Event: 53.627 Thread 0x000001e2563c8030 Thread added: 0x000001e2563c8030
Event: 53.628 Thread 0x000001e25567cca0 Thread added: 0x000001e25567cca0
Event: 53.628 Thread 0x000001e2556821f0 Thread added: 0x000001e2556821f0
Event: 53.628 Thread 0x000001e255682880 Thread added: 0x000001e255682880
Event: 53.629 Thread 0x000001e255682f10 Thread added: 0x000001e255682f10
Event: 53.629 Thread 0x000001e25567d9c0 Thread added: 0x000001e25567d9c0
Event: 53.794 Thread 0x000001e255680120 Thread added: 0x000001e255680120
Event: 53.807 Thread 0x000001e25567fa90 Thread added: 0x000001e25567fa90
Event: 54.059 Thread 0x000001e27f8620d0 Thread exited: 0x000001e27f8620d0
Event: 54.103 Thread 0x000001e27fc14ac0 Thread exited: 0x000001e27fc14ac0
Event: 54.104 Thread 0x000001e2732c4e90 Thread exited: 0x000001e2732c4e90
Event: 54.104 Thread 0x000001e25567e050 Thread added: 0x000001e25567e050


Dynamic libraries:
0x00007ff74b520000 - 0x00007ff74b530000 	C:\Program Files\Java\jdk-21\bin\java.exe
0x00007ffa13c90000 - 0x00007ffa13e88000 	C:\Windows\SYSTEM32\ntdll.dll
0x00007ffa12c60000 - 0x00007ffa12d21000 	C:\Windows\System32\KERNEL32.DLL
0x00007ffa11590000 - 0x00007ffa1188d000 	C:\Windows\System32\KERNELBASE.dll
0x00007ffa11340000 - 0x00007ffa11440000 	C:\Windows\System32\ucrtbase.dll
0x00007ffa0e3e0000 - 0x00007ffa0e3f9000 	C:\Program Files\Java\jdk-21\bin\jli.dll
0x00007ffa0b1e0000 - 0x00007ffa0b1fb000 	C:\Program Files\Java\jdk-21\bin\VCRUNTIME140.dll
0x00007ffa11e30000 - 0x00007ffa11ee0000 	C:\Windows\System32\ADVAPI32.dll
0x00007ffa11f00000 - 0x00007ffa11f9e000 	C:\Windows\System32\msvcrt.dll
0x00007ffa12b30000 - 0x00007ffa12bd0000 	C:\Windows\System32\sechost.dll
0x00007ffa136b0000 - 0x00007ffa137d3000 	C:\Windows\System32\RPCRT4.dll
0x00007ffa11c90000 - 0x00007ffa11cb7000 	C:\Windows\System32\bcrypt.dll
0x00007ffa13360000 - 0x00007ffa134fd000 	C:\Windows\System32\USER32.dll
0x00007ffa11440000 - 0x00007ffa11462000 	C:\Windows\System32\win32u.dll
0x00007ff9fe4f0000 - 0x00007ff9fe78a000 	C:\Windows\WinSxS\amd64_microsoft.windows.common-controls_6595b64144ccf1df_6.0.19041.4355_none_60b8b9eb71f62e16\COMCTL32.dll
0x00007ffa131a0000 - 0x00007ffa131cb000 	C:\Windows\System32\GDI32.dll
0x00007ffa11470000 - 0x00007ffa11587000 	C:\Windows\System32\gdi32full.dll
0x00007ffa11bf0000 - 0x00007ffa11c8d000 	C:\Windows\System32\msvcp_win.dll
0x00007ffa034c0000 - 0x00007ffa034ca000 	C:\Windows\SYSTEM32\VERSION.dll
0x00007ffa13330000 - 0x00007ffa1335f000 	C:\Windows\System32\IMM32.DLL
0x00007ffa0e350000 - 0x00007ffa0e35c000 	C:\Program Files\Java\jdk-21\bin\vcruntime140_1.dll
0x00007ff9fb0f0000 - 0x00007ff9fb17e000 	C:\Program Files\Java\jdk-21\bin\msvcp140.dll
0x00007ff9dd460000 - 0x00007ff9de173000 	C:\Program Files\Java\jdk-21\bin\server\jvm.dll
0x00007ffa12ac0000 - 0x00007ffa12b2b000 	C:\Windows\System32\WS2_32.dll
0x00007ffa110e0000 - 0x00007ffa1112b000 	C:\Windows\SYSTEM32\POWRPROF.dll
0x00007ff9fe0d0000 - 0x00007ff9fe0f7000 	C:\Windows\SYSTEM32\WINMM.dll
0x00007ffa110c0000 - 0x00007ffa110d2000 	C:\Windows\SYSTEM32\UMPDC.dll
0x00007ffa0f180000 - 0x00007ffa0f192000 	C:\Windows\SYSTEM32\kernel.appcore.dll
0x00007ffa0b1d0000 - 0x00007ffa0b1da000 	C:\Program Files\Java\jdk-21\bin\jimage.dll
0x00007ff9f90e0000 - 0x00007ff9f92c4000 	C:\Windows\SYSTEM32\DBGHELP.DLL
0x00007ff9f9680000 - 0x00007ff9f96b4000 	C:\Windows\SYSTEM32\dbgcore.DLL
0x00007ffa11890000 - 0x00007ffa11912000 	C:\Windows\System32\bcryptPrimitives.dll
0x00007ffa0b1c0000 - 0x00007ffa0b1cf000 	C:\Program Files\Java\jdk-21\bin\instrument.dll
0x00007ffa09b80000 - 0x00007ffa09b9f000 	C:\Program Files\Java\jdk-21\bin\java.dll
0x00007ffa11fa0000 - 0x00007ffa1270f000 	C:\Windows\System32\SHELL32.dll
0x00007ffa0f380000 - 0x00007ffa0fb1f000 	C:\Windows\SYSTEM32\windows.storage.dll
0x00007ffa12d30000 - 0x00007ffa13083000 	C:\Windows\System32\combase.dll
0x00007ffa10bb0000 - 0x00007ffa10bde000 	C:\Windows\SYSTEM32\Wldp.dll
0x00007ffa12780000 - 0x00007ffa1284d000 	C:\Windows\System32\OLEAUT32.dll
0x00007ffa13090000 - 0x00007ffa1313d000 	C:\Windows\System32\SHCORE.dll
0x00007ffa11cc0000 - 0x00007ffa11d15000 	C:\Windows\System32\shlwapi.dll
0x00007ffa11270000 - 0x00007ffa11294000 	C:\Windows\SYSTEM32\profapi.dll
0x00007ff9f1980000 - 0x00007ff9f1a57000 	C:\Program Files\Java\jdk-21\bin\jsvml.dll
0x00007ffa08b00000 - 0x00007ffa08b18000 	C:\Program Files\Java\jdk-21\bin\zip.dll
0x00007ffa0a880000 - 0x00007ffa0a890000 	C:\Program Files\Java\jdk-21\bin\net.dll
0x00007ffa0aa60000 - 0x00007ffa0ab6d000 	C:\Windows\SYSTEM32\WINHTTP.dll
0x00007ffa10990000 - 0x00007ffa109fa000 	C:\Windows\system32\mswsock.dll
0x00007ffa08cf0000 - 0x00007ffa08d06000 	C:\Program Files\Java\jdk-21\bin\nio.dll
0x00007ffa088b0000 - 0x00007ffa088ca000 	C:\Users\Ric\AppData\Local\Programs\IntelliJ IDEA Community Edition\bin\breakgen64.dll
0x00007ffa0a260000 - 0x00007ffa0a269000 	C:\Program Files\Java\jdk-21\bin\extnet.dll
0x00007ffa09b70000 - 0x00007ffa09b7a000 	C:\Program Files\Java\jdk-21\bin\management.dll
0x00007ffa092d0000 - 0x00007ffa092db000 	C:\Program Files\Java\jdk-21\bin\management_ext.dll
0x00007ffa12710000 - 0x00007ffa12718000 	C:\Windows\System32\PSAPI.DLL
0x00007ffa08880000 - 0x00007ffa0888e000 	C:\Program Files\Java\jdk-21\bin\sunmscapi.dll
0x00007ffa119e0000 - 0x00007ffa11b3e000 	C:\Windows\System32\CRYPT32.dll
0x00007ffa10c20000 - 0x00007ffa10c49000 	C:\Windows\SYSTEM32\ncrypt.dll
0x00007ffa10be0000 - 0x00007ffa10c1b000 	C:\Windows\SYSTEM32\NTASN1.dll
0x00007ffa10f50000 - 0x00007ffa10f68000 	C:\Windows\SYSTEM32\CRYPTSP.dll
0x00007ffa102d0000 - 0x00007ffa10304000 	C:\Windows\system32\rsaenh.dll
0x00007ffa11220000 - 0x00007ffa1124e000 	C:\Windows\SYSTEM32\USERENV.dll
0x00007ffa10b20000 - 0x00007ffa10b2c000 	C:\Windows\SYSTEM32\CRYPTBASE.dll
0x00007ffa10690000 - 0x00007ffa106cb000 	C:\Windows\SYSTEM32\IPHLPAPI.DLL
0x00007ffa12970000 - 0x00007ffa12978000 	C:\Windows\System32\NSI.dll
0x00007ffa106d0000 - 0x00007ffa1079a000 	C:\Windows\SYSTEM32\DNSAPI.dll
0x00007ffa07e20000 - 0x00007ffa07e2a000 	C:\Windows\System32\rasadhlp.dll
0x00007ffa09200000 - 0x00007ffa09280000 	C:\Windows\System32\fwpuclnt.dll
0x00007ffa077e0000 - 0x00007ffa077f0000 	C:\Program Files\Java\jdk-21\bin\verify.dll
0x00007ffa09be0000 - 0x00007ffa09be7000 	C:\Windows\system32\wshunix.dll

dbghelp: loaded successfully - version: 4.0.5 - missing functions: none
symbol engine: initialized successfully - sym options: 0x614 - pdb path: .;C:\Program Files\Java\jdk-21\bin;C:\Windows\SYSTEM32;C:\Windows\WinSxS\amd64_microsoft.windows.common-controls_6595b64144ccf1df_6.0.19041.4355_none_60b8b9eb71f62e16;C:\Program Files\Java\jdk-21\bin\server;C:\Users\Ric\AppData\Local\Programs\IntelliJ IDEA Community Edition\bin

VM Arguments:
jvm_args: -javaagent:C:\Users\Ric\AppData\Local\Programs\IntelliJ IDEA Community Edition\lib\idea_rt.jar=14685:C:\Users\Ric\AppData\Local\Programs\IntelliJ IDEA Community Edition\bin -Dfile.encoding=UTF-8 -Dsun.stdout.encoding=UTF-8 -Dsun.stderr.encoding=UTF-8 
java_command: com.hasinarezida.biblio.BiblioApplication
java_class_path (initial): C:\Users\Ric\Documents\projects\work\library\target\classes;C:\Users\Ric\.m2\repository\org\springframework\boot\spring-boot-starter-web\3.3.2\spring-boot-starter-web-3.3.2.jar;C:\Users\Ric\.m2\repository\org\springframework\boot\spring-boot-starter\3.3.2\spring-boot-starter-3.3.2.jar;C:\Users\Ric\.m2\repository\org\springframework\boot\spring-boot-starter-logging\3.3.2\spring-boot-starter-logging-3.3.2.jar;C:\Users\Ric\.m2\repository\ch\qos\logback\logback-classic\1.5.6\logback-classic-1.5.6.jar;C:\Users\Ric\.m2\repository\ch\qos\logback\logback-core\1.5.6\logback-core-1.5.6.jar;C:\Users\Ric\.m2\repository\org\apache\logging\log4j\log4j-to-slf4j\2.23.1\log4j-to-slf4j-2.23.1.jar;C:\Users\Ric\.m2\repository\org\apache\logging\log4j\log4j-api\2.23.1\log4j-api-2.23.1.jar;C:\Users\Ric\.m2\repository\org\slf4j\jul-to-slf4j\2.0.13\jul-to-slf4j-2.0.13.jar;C:\Users\Ric\.m2\repository\jakarta\annotation\jakarta.annotation-api\2.1.1\jakarta.annotation-api-2.1.1.jar;C:\Users\Ric\.m2\repository\org\yaml\snakeyaml\2.2\snakeyaml-2.2.jar;C:\Users\Ric\.m2\repository\org\springframework\boot\spring-boot-starter-json\3.3.2\spring-boot-starter-json-3.3.2.jar;C:\Users\Ric\.m2\repository\com\fasterxml\jackson\core\jackson-databind\2.17.2\jackson-databind-2.17.2.jar;C:\Users\Ric\.m2\repository\com\fasterxml\jackson\core\jackson-annotations\2.17.2\jackson-annotations-2.17.2.jar;C:\Users\Ric\.m2\repository\com\fasterxml\jackson\core\jackson-core\2.17.2\jackson-core-2.17.2.jar;C:\Users\Ric\.m2\repository\com\fasterxml\jackson\datatype\jackson-datatype-jdk8\2.17.2\jackson-datatype-jdk8-2.17.2.jar;C:\Users\Ric\.m2\repository\com\fasterxml\jackson\datatype\jackson-datatype-jsr310\2.17.2\jackson-datatype-jsr310-2.17.2.jar;C:\Users\Ric\.m2\repository\com\fasterxml\jackson\module\jackson-module-parameter-names\2.17.2\jackson-module-parameter-names-2.17.2.jar;C:\Users\Ric\.m2\repository\org\springframework\boot\spring-boot-starter-tomcat\3.3.2\spring-boot-starter-tomcat-3.3.2.jar;C:\Users\Ric\.m2\repository\org\apache\tomcat\embed\tomcat-embed-core\10.1.26\tomcat-embed-core-10.1.26.jar;C:\Users\Ric\.m2\repository\org\apache\tomcat\embed\tomcat-embed-el\10.1.26\tomcat-embed-el-10.1.26.jar;C:\Users\Ric\.m2\repository\org\apache\tomcat\embed\tomcat-embed-websocket\10.1.26\tomcat-embed-websocket-10.1.26.jar;C:\Users\Ric\.m2\repository\org\springframework\spring-web\6.1.11\spring-web-6.1.11.jar;C:\Users\Ric\.m2\repository\org\springframework\spring-beans\6.1.11\spring-beans-6.1.11.jar;C:\Users\Ric\.m2\repository\io\micrometer\micrometer-observation\1.13.2\micrometer-observation-1.13.2.jar;C:\Users\Ric\.m2\repository\io\micrometer\micrometer-commons\1.13.2\micrometer-commons-1.13.2.jar;C:\Users\Ric\.m2\repository\org\springframework\spring-webmvc\6.1.11\spring-webmvc-6.1.11.jar;C:\Users\Ric\.m2\repository\org\springframework\spring-context\6.1.11\spring-context-6.1.11.jar;C:\Users\Ric\.m2\repository\org\springframework\spring-expression\6.1.11\spring-expression-6.1.11.jar;C:\Users\Ric\.m2\repository\org\springframework\boot\spring-boot-starter-thymeleaf\3.3.2\spring-boot-starter-thymeleaf-3.3.2.jar;C:\Users\Ric\.m2\repository\org\thymeleaf\thymeleaf-spring6\3.1.2.RELEASE\thymeleaf-spring6-3.1.2.RELEASE.jar;C:\Users\Ric\.m2\repository\org\thymeleaf\thymeleaf\3.1.2.RELEASE\thymeleaf-3.1.2.RELEASE.jar;C:\Users\Ric\.m2\repository\org\attoparser\attoparser\2.0.7.RELEASE\attoparser-2.0.7.RELEASE.jar;C:\Users\Ric\.m2\repository\org\unbescape\unbescape\1.1.6.RELEASE\unbescape-1.1.6.RELEASE.jar;C:\Users\Ric\.m2\repository\org\slf4j\slf4j-api\2.0.13\slf4j-api-2.0.13.jar;C:\Users\Ric\.m2\repository\org\springframework\boot\spring-boot-starter-security\3.3.2\spring-boot-starter-security-3.3.2.jar;C:\Users\Ric\.m2\repository\org\springframework\spring-aop\6.1.11\spring-aop-6.1.11.jar;C:\Users\Ric\.m2\repository\org\springframework\security\spring-security-config\6.3.1\spring-security-config-6.3.1.jar;C:\Users\Ric\.m2\repository\org\springframework\security\spring-security-web\6.3.1\spring-security-web-6.3.1.jar;C:\Users\Ric\.m2\repository\org\springframework\boot\spring-boot-starter-data-jpa\3.3.2\spring-boot-starter-data-jpa-3.3.2.jar;C:\Users\Ric\.m2\repository\org\springframework\boot\spring-boot-starter-aop\3.3.2\spring-boot-starter-aop-3.3.2.jar;C:\Users\Ric\.m2\repository\org\aspectj\aspectjweaver\1.9.22.1\aspectjweaver-1.9.22.1.jar;C:\Users\Ric\.m2\repository\org\springframework\boot\spring-boot-starter-jdbc\3.3.2\spring-boot-starter-jdbc-3.3.2.jar;C:\Users\Ric\.m2\repository\com\zaxxer\HikariCP\5.1.0\HikariCP-5.1.0.jar;C:\Users\Ric\.m2\repository\org\springframework\spring-jdbc\6.1.11\spring-jdbc-6.1.11.jar;C:\Users\Ric\.m2\repository\org\hibernate\orm\hibernate-core\6.5.2.Final\hibernate-core-6.5.2.Final.jar;C:\Users\Ric\.m2\repository\jakarta\persistence\jakarta.persistence-api\3.1.0\jakarta.persistence-api-3.1.0.jar;C:\Users\Ric\.m2\repository\jakarta\transaction\jakarta.transaction-api\2.0.1\jakarta.transaction-api-2.0.1.jar;C:\Users\Ric\.m2\repository\org\jboss\logging\jboss-logging\3.5.3.Final\jboss-logging-3.5.3.Final.jar;C:\Users\Ric\.m2\repository\org\hibernate\common\hibernate-commons-annotations\6.0.6.Final\hibernate-commons-annotations-6.0.6.Final.jar;C:\Users\Ric\.m2\repository\io\smallrye\jandex\3.1.2\jandex-3.1.2.jar;C:\Users\Ric\.m2\repository\com\fasterxml\classmate\1.7.0\classmate-1.7.0.jar;C:\Users\Ric\.m2\repository\net\bytebuddy\byte-buddy\1.14.18\byte-buddy-1.14.18.jar;C:\Users\Ric\.m2\repository\org\glassfish\jaxb\jaxb-runtime\4.0.5\jaxb-runtime-4.0.5.jar;C:\Users\Ric\.m2\repository\org\glassfish\jaxb\jaxb-core\4.0.5\jaxb-core-4.0.5.jar;C:\Users\Ric\.m2\repository\org\eclipse\angus\angus-activation\2.0.2\angus-activation-2.0.2.jar;C:\Users\Ric\.m2\repository\org\glassfish\jaxb\txw2\4.0.5\txw2-4.0.5.jar;C:\Users\Ric\.m2\repository\com\sun\istack\istack-commons-runtime\4.1.2\istack-commons-runtime-4.1.2.jar;C:\Users\Ric\.m2\repository\jakarta\inject\jakarta.inject-api\2.0.1\jakarta.inject-api-2.0.1.jar;C:\Users\Ric\.m2\repository\org\antlr\antlr4-runtime\4.13.0\antlr4-runtime-4.13.0.jar;C:\Users\Ric\.m2\repository\org\springframework\data\spring-data-jpa\3.3.2\spring-data-jpa-3.3.2.jar;C:\Users\Ric\.m2\repository\org\springframework\data\spring-data-commons\3.3.2\spring-data-commons-3.3.2.jar;C:\Users\Ric\.m2\repository\org\springframework\spring-orm\6.1.11\spring-orm-6.1.11.jar;C:\Users\Ric\.m2\repository\org\springframework\spring-tx\6.1.11\spring-tx-6.1.11.jar;C:\Users\Ric\.m2\repository\org\springframework\spring-aspects\6.1.11\spring-aspects-6.1.11.jar;C:\Users\Ric\.m2\repository\org\postgresql\postgresql\42.7.3\postgresql-42.7.3.jar;C:\Users\Ric\.m2\repository\org\checkerframework\checker-qual\3.42.0\checker-qual-3.42.0.jar;C:\Users\Ric\.m2\repository\com\h2database\h2\2.2.224\h2-2.2.224.jar;C:\Users\Ric\.m2\repository\org\springframework\boot\spring-boot-devtools\3.3.2\spring-boot-devtools-3.3.2.jar;C:\Users\Ric\.m2\repository\org\springframework\boot\spring-boot\3.3.2\spring-boot-3.3.2.jar;C:\Users\Ric\.m2\repository\org\springframework\boot\spring-boot-autoconfigure\3.3.2\spring-boot-autoconfigure-3.3.2.jar;C:\Users\Ric\.m2\repository\jakarta\xml\bind\jakarta.xml.bind-api\4.0.2\jakarta.xml.bind-api-4.0.2.jar;C:\Users\Ric\.m2\repository\jakarta\activation\jakarta.activation-api\2.1.3\jakarta.activation-api-2.1.3.jar;C:\Users\Ric\.m2\repository\org\springframework\spring-core\6.1.11\spring-core-6.1.11.jar;C:\Users\Ric\.m2\repository\org\springframework\spring-jcl\6.1.11\spring-jcl-6.1.11.jar;C:\Users\Ric\.m2\repository\org\springframework\security\spring-security-core\6.3.1\spring-security-core-6.3.1.jar;C:\Users\Ric\.m2\repository\org\springframework\security\spring-security-crypto\6.3.1\spring-security-crypto-6.3.1.jar
Launcher Type: SUN_STANDARD

[Global flags]
     intx CICompilerCount                          = 3                                         {product} {ergonomic}
     uint ConcGCThreads                            = 1                                         {product} {ergonomic}
     uint G1ConcRefinementThreads                  = 4                                         {product} {ergonomic}
   size_t G1HeapRegionSize                         = 1048576                                   {product} {ergonomic}
    uintx GCDrainStackTargetSize                   = 64                                        {product} {ergonomic}
   size_t InitialHeapSize                          = 65011712                                  {product} {ergonomic}
   size_t MarkStackSize                            = 4194304                                   {product} {ergonomic}
   size_t MaxHeapSize                              = 1031798784                                {product} {ergonomic}
   size_t MaxNewSize                               = 618659840                                 {product} {ergonomic}
   size_t MinHeapDeltaBytes                        = 1048576                                   {product} {ergonomic}
   size_t MinHeapSize                              = 8388608                                   {product} {ergonomic}
    uintx NonNMethodCodeHeapSize                   = 5832780                                {pd product} {ergonomic}
    uintx NonProfiledCodeHeapSize                  = 122912730                              {pd product} {ergonomic}
    uintx ProfiledCodeHeapSize                     = 122912730                              {pd product} {ergonomic}
    uintx ReservedCodeCacheSize                    = 251658240                              {pd product} {ergonomic}
     bool SegmentedCodeCache                       = true                                      {product} {ergonomic}
   size_t SoftMaxHeapSize                          = 1031798784                             {manageable} {ergonomic}
     bool UseCompressedOops                        = true                           {product lp64_product} {ergonomic}
     bool UseG1GC                                  = true                                      {product} {ergonomic}
     bool UseLargePagesIndividualAllocation        = false                                  {pd product} {ergonomic}

Logging:
Log output configuration:
 #0: stdout all=warning uptime,level,tags foldmultilines=false
 #1: stderr all=off uptime,level,tags foldmultilines=false

Environment Variables:
PATH=C:\Program Files\Common Files\Oracle\Java\javapath;C:\Windows\system32;C:\Windows;C:\Windows\System32\Wbem;C:\Windows\System32\WindowsPowerShell\v1.0\;C:\Windows\System32\OpenSSH\;C:\Program Files\Microsoft SQL Server\150\Tools\Binn\;C:\Program Files\Git\bin;C:\Users\Ric\AppData\Roaming\nvm;C:\Program Files\nodejs;C:\Program Files\Docker\Docker\resources\bin;C:\Users\Ric\AppData\Local\Programs\Python\Python311\Scripts\;C:\Users\Ric\AppData\Local\Programs\Python\Python311\;C:\Users\Ric\AppData\Local\Microsoft\WindowsApps;C:\Users\Ric\.dotnet\tools;C:\Users\Ric\AppData\Local\Programs\Microsoft VS Code\bin;C:\dev\flutter\bin;C:\Users\Ric\AppData\Roaming\npm;C:\Users\Ric\AppData\Roaming\nvm;C:\Program Files\nodejs;C:\Users\Ric\AppData\Local\JetBrains\Toolbox\scripts;C:\Users\Ric\modelio\Modelio Open Source 5.4\plugins\org.apache.ant_1.10.9.v20201106-1946\META-INF;C:\Users\Ric\Documents\projects\work\biblio;C:\Program Files\PostgreSQL\16\bin;
USERNAME=Ric
OS=Windows_NT
PROCESSOR_IDENTIFIER=Intel64 Family 6 Model 58 Stepping 9, GenuineIntel
TMP=C:\Users\Ric\AppData\Local\Temp
TEMP=C:\Users\Ric\AppData\Local\Temp




Periodic native trim disabled

---------------  S Y S T E M  ---------------

OS:
 Windows 10 , 64 bit Build 19041 (10.0.19041.4717)
OS uptime: 0 days 22:14 hours
Hyper-V role detected

CPU: total 4 (initial active 4) (2 cores per cpu, 2 threads per core) family 6 model 58 stepping 9 microcode 0x21, cx8, cmov, fxsr, ht, mmx, sse, sse2, sse3, ssse3, sse4.1, sse4.2, popcnt, tsc, tscinvbit, avx, aes, erms, clmul, vzeroupper, clflush, hv, rdtscp, f16c
Processor Information for all 4 processors :
  Max Mhz: 2501, Current Mhz: 2100, Mhz Limit: 2075

Memory: 4k page, system-wide physical 3933M (177M free)
TotalPageFile size 8109M (AvailPageFile size 16M)
current process WorkingSet (physical memory assigned to process): 194M, peak: 243M
current process commit charge ("private bytes"): 255M, peak: 277M

vm_info: Java HotSpot(TM) 64-Bit Server VM (21.0.4+8-LTS-274) for windows-amd64 JRE (21.0.4+8-LTS-274), built on 2024-06-05T05:23:33Z by "mach5one" with MS VC++ 17.6 (VS2022)

END.
