#
# There is insufficient memory for the Java Runtime Environment to continue.
# Native memory allocation (malloc) failed to allocate 296816 bytes for Chunk::new
# Possible reasons:
#   The system is out of physical RAM or swap space
#   The process is running with CompressedOops enabled, and the Java Heap may be blocking the growth of the native heap
# Possible solutions:
#   Reduce memory load on the system
#   Increase physical memory or swap space
#   Check if swap backing store is full
#   Decrease Java heap size (-Xmx/-Xms)
#   Decrease number of Java threads
#   Decrease Java thread stack sizes (-Xss)
#   Set larger code cache with -XX:ReservedCodeCacheSize=
#   JVM is running with Unscaled Compressed Oops mode in which the Java heap is
#     placed in the first 4GB address space. The Java Heap base address is the
#     maximum limit for the native heap growth. Please use -XX:HeapBaseMinAddress
#     to set the Java Heap base and to place the Java Heap above 4GB virtual address.
# This output file may be truncated or incomplete.
#
#  Out of Memory Error (arena.cpp:168), pid=4900, tid=4568
#
# JRE version: Java(TM) SE Runtime Environment (21.0.4+8) (build 21.0.4+8-LTS-274)
# Java VM: Java HotSpot(TM) 64-Bit Server VM (21.0.4+8-LTS-274, mixed mode, sharing, tiered, compressed oops, compressed class ptrs, g1 gc, windows-amd64)
# No core dump will be written. Minidumps are not enabled by default on client versions of Windows
#

---------------  S U M M A R Y ------------

Command Line: -javaagent:C:\Users\Ric\AppData\Local\Programs\IntelliJ IDEA Community Edition\lib\idea_rt.jar=3645:C:\Users\Ric\AppData\Local\Programs\IntelliJ IDEA Community Edition\bin -Dfile.encoding=UTF-8 -Dsun.stdout.encoding=UTF-8 -Dsun.stderr.encoding=UTF-8 com.hasinarezida.biblio.BiblioApplication

Host: Intel(R) Core(TM) i5-3210M CPU @ 2.50GHz, 4 cores, 3G,  Windows 10 , 64 bit Build 19041 (10.0.19041.4717)
Time: Tue Sep 10 10:12:45 2024 E. Africa Standard Time elapsed time: 76.013260 seconds (0d 0h 1m 16s)

---------------  T H R E A D  ---------------

Current thread (0x0000025fa163eb10):  JavaThread "C2 CompilerThread0" daemon [_thread_in_native, id=4568, stack(0x000000e2f8c00000,0x000000e2f8d00000) (1024K)]


Current CompileTask:
C2:  76017 6391   !   4       jdk.internal.loader.BuiltinClassLoader$2::run (114 bytes)

Stack: [0x000000e2f8c00000,0x000000e2f8d00000]
Native frames: (J=compiled Java code, j=interpreted, Vv=VM code, C=native code)
V  [jvm.dll+0x6c8e59]
V  [jvm.dll+0x853181]
V  [jvm.dll+0x8556ae]
V  [jvm.dll+0x855d83]
V  [jvm.dll+0x27d526]
V  [jvm.dll+0xc4aad]
V  [jvm.dll+0xc4fe3]
V  [jvm.dll+0x3b3fd2]
V  [jvm.dll+0x3809a5]
V  [jvm.dll+0x37fe1a]
V  [jvm.dll+0x246280]
V  [jvm.dll+0x24585f]
V  [jvm.dll+0x1c69de]
V  [jvm.dll+0x254d49]
V  [jvm.dll+0x2532da]
V  [jvm.dll+0x3ed426]
V  [jvm.dll+0x7fd65b]
V  [jvm.dll+0x6c753d]
C  [ucrtbase.dll+0x21bb2]
C  [KERNEL32.DLL+0x17374]
C  [ntdll.dll+0x4cc91]


---------------  P R O C E S S  ---------------

Threads class SMR info:
_java_thread_list=0x0000025fe83751d0, length=31, elements={
0x0000025fa1635cf0, 0x0000025fa163aff0, 0x0000025fa163be60, 0x0000025fa163c8c0,
0x0000025fa163d320, 0x0000025fa163dd80, 0x0000025fa163eb10, 0x0000025fa164c420,
0x0000025fa1836210, 0x0000025fe7190e50, 0x0000025fe7194fc0, 0x0000025fa16be1a0,
0x0000025fe8b5ce50, 0x0000025fe7f012d0, 0x0000025fe8f97670, 0x0000025fe8f99740,
0x0000025fe8f9a460, 0x0000025fe8f98390, 0x0000025fe8f98a20, 0x0000025fe8f990b0,
0x0000025fe8b9b720, 0x0000025fe8b97580, 0x0000025fe8b9d7f0, 0x0000025fe8b9c440,
0x0000025fe8b9aa00, 0x0000025fe8b96ef0, 0x0000025fe8b9de80, 0x0000025fe8b9b090,
0x0000025fe8b9bdb0, 0x0000025fe8b9cad0, 0x0000025fe8b9d160
}

Java Threads: ( => current thread )
  0x0000025fa1635cf0 JavaThread "Reference Handler"          daemon [_thread_blocked, id=9956, stack(0x000000e2f8600000,0x000000e2f8700000) (1024K)]
  0x0000025fa163aff0 JavaThread "Finalizer"                  daemon [_thread_blocked, id=1868, stack(0x000000e2f8700000,0x000000e2f8800000) (1024K)]
  0x0000025fa163be60 JavaThread "Signal Dispatcher"          daemon [_thread_blocked, id=11428, stack(0x000000e2f8800000,0x000000e2f8900000) (1024K)]
  0x0000025fa163c8c0 JavaThread "Attach Listener"            daemon [_thread_blocked, id=5548, stack(0x000000e2f8900000,0x000000e2f8a00000) (1024K)]
  0x0000025fa163d320 JavaThread "Service Thread"             daemon [_thread_blocked, id=10588, stack(0x000000e2f8a00000,0x000000e2f8b00000) (1024K)]
  0x0000025fa163dd80 JavaThread "Monitor Deflation Thread"   daemon [_thread_blocked, id=6544, stack(0x000000e2f8b00000,0x000000e2f8c00000) (1024K)]
=>0x0000025fa163eb10 JavaThread "C2 CompilerThread0"         daemon [_thread_in_native, id=4568, stack(0x000000e2f8c00000,0x000000e2f8d00000) (1024K)]
  0x0000025fa164c420 JavaThread "C1 CompilerThread0"         daemon [_thread_blocked, id=8576, stack(0x000000e2f8d00000,0x000000e2f8e00000) (1024K)]
  0x0000025fa1836210 JavaThread "Common-Cleaner"             daemon [_thread_blocked, id=7920, stack(0x000000e2f8e00000,0x000000e2f8f00000) (1024K)]
  0x0000025fe7190e50 JavaThread "Monitor Ctrl-Break"         daemon [_thread_in_native, id=3476, stack(0x000000e2f8f00000,0x000000e2f9000000) (1024K)]
  0x0000025fe7194fc0 JavaThread "Notification Thread"        daemon [_thread_blocked, id=60, stack(0x000000e2f9000000,0x000000e2f9100000) (1024K)]
  0x0000025fa16be1a0 JavaThread "PostgreSQL-JDBC-Cleaner"    daemon [_thread_blocked, id=4176, stack(0x000000e2f9700000,0x000000e2f9800000) (1024K)]
  0x0000025fe8b5ce50 JavaThread "HikariPool-1 housekeeper"   daemon [_thread_blocked, id=7760, stack(0x000000e2f9800000,0x000000e2f9900000) (1024K)]
  0x0000025fe7f012d0 JavaThread "Catalina-utility-1"                [_thread_blocked, id=3712, stack(0x000000e2f9a00000,0x000000e2f9b00000) (1024K)]
  0x0000025fe8f97670 JavaThread "Catalina-utility-2"                [_thread_blocked, id=6740, stack(0x000000e2f9b00000,0x000000e2f9c00000) (1024K)]
  0x0000025fe8f99740 JavaThread "container-0"                       [_thread_blocked, id=3720, stack(0x000000e2f9c00000,0x000000e2f9d00000) (1024K)]
  0x0000025fe8f9a460 JavaThread "File Watcher"               daemon [_thread_blocked, id=12156, stack(0x000000e2f9900000,0x000000e2f9a00000) (1024K)]
  0x0000025fe8f98390 JavaThread "Live Reload Server"         daemon [_thread_in_native, id=7072, stack(0x000000e2f9d00000,0x000000e2f9e00000) (1024K)]
  0x0000025fe8f98a20 JavaThread "http-nio-8080-exec-1"       daemon [_thread_blocked, id=10256, stack(0x000000e2f9e00000,0x000000e2f9f00000) (1024K)]
  0x0000025fe8f990b0 JavaThread "http-nio-8080-exec-2"       daemon [_thread_blocked, id=6044, stack(0x000000e2f9f00000,0x000000e2fa000000) (1024K)]
  0x0000025fe8b9b720 JavaThread "http-nio-8080-exec-3"       daemon [_thread_blocked, id=2256, stack(0x000000e2fa000000,0x000000e2fa100000) (1024K)]
  0x0000025fe8b97580 JavaThread "http-nio-8080-exec-4"       daemon [_thread_blocked, id=12336, stack(0x000000e2fa100000,0x000000e2fa200000) (1024K)]
  0x0000025fe8b9d7f0 JavaThread "http-nio-8080-exec-5"       daemon [_thread_blocked, id=12816, stack(0x000000e2fa200000,0x000000e2fa300000) (1024K)]
  0x0000025fe8b9c440 JavaThread "http-nio-8080-exec-6"       daemon [_thread_blocked, id=10364, stack(0x000000e2fa300000,0x000000e2fa400000) (1024K)]
  0x0000025fe8b9aa00 JavaThread "http-nio-8080-exec-7"       daemon [_thread_blocked, id=7188, stack(0x000000e2fa400000,0x000000e2fa500000) (1024K)]
  0x0000025fe8b96ef0 JavaThread "http-nio-8080-exec-8"       daemon [_thread_blocked, id=11540, stack(0x000000e2fa500000,0x000000e2fa600000) (1024K)]
  0x0000025fe8b9de80 JavaThread "http-nio-8080-exec-9"       daemon [_thread_blocked, id=8124, stack(0x000000e2fa600000,0x000000e2fa700000) (1024K)]
  0x0000025fe8b9b090 JavaThread "http-nio-8080-exec-10"      daemon [_thread_blocked, id=5704, stack(0x000000e2fa700000,0x000000e2fa800000) (1024K)]
  0x0000025fe8b9bdb0 JavaThread "http-nio-8080-Poller"       daemon [_thread_in_native, id=9628, stack(0x000000e2fa800000,0x000000e2fa900000) (1024K)]
  0x0000025fe8b9cad0 JavaThread "http-nio-8080-Acceptor"     daemon [_thread_in_native, id=5984, stack(0x000000e2fa900000,0x000000e2faa00000) (1024K)]
  0x0000025fe8b9d160 JavaThread "DestroyJavaVM"                     [_thread_blocked, id=2968, stack(0x000000e2f7e00000,0x000000e2f7f00000) (1024K)]
Total: 31

Other Threads:
  0x0000025f84b664c0 VMThread "VM Thread"                           [id=12376, stack(0x000000e2f8500000,0x000000e2f8600000) (1024K)]
  0x0000025f84b53ad0 WatcherThread "VM Periodic Task Thread"        [id=10424, stack(0x000000e2f8400000,0x000000e2f8500000) (1024K)]
  0x0000025f84adda90 WorkerThread "GC Thread#0"                     [id=7628, stack(0x000000e2f7f00000,0x000000e2f8000000) (1024K)]
  0x0000025fe7330880 WorkerThread "GC Thread#1"                     [id=1176, stack(0x000000e2f9100000,0x000000e2f9200000) (1024K)]
  0x0000025fe7392980 WorkerThread "GC Thread#2"                     [id=7672, stack(0x000000e2f9200000,0x000000e2f9300000) (1024K)]
  0x0000025fe7392d20 WorkerThread "GC Thread#3"                     [id=8588, stack(0x000000e2f9300000,0x000000e2f9400000) (1024K)]
  0x0000025f84ae6480 ConcurrentGCThread "G1 Main Marker"            [id=11548, stack(0x000000e2f8000000,0x000000e2f8100000) (1024K)]
  0x0000025f84ae7040 WorkerThread "G1 Conc#0"                       [id=10276, stack(0x000000e2f8100000,0x000000e2f8200000) (1024K)]
  0x0000025f84b3d050 ConcurrentGCThread "G1 Refine#0"               [id=12508, stack(0x000000e2f8200000,0x000000e2f8300000) (1024K)]
  0x0000025f84b3dc80 ConcurrentGCThread "G1 Service"                [id=9048, stack(0x000000e2f8300000,0x000000e2f8400000) (1024K)]
Total: 10

Threads with active compile tasks:
C2 CompilerThread0    76155 6391   !   4       jdk.internal.loader.BuiltinClassLoader$2::run (114 bytes)
Total: 1

VM state: not at safepoint (normal execution)

VM Mutex/Monitor currently owned by a thread: None

Heap address: 0x00000000c2800000, size: 984 MB, Compressed Oops mode: 32-bit

CDS archive(s) mapped at: [0x0000025fa2000000-0x0000025fa2c90000-0x0000025fa2c90000), size 13172736, SharedBaseAddress: 0x0000025fa2000000, ArchiveRelocationMode: 1.
Compressed class space mapped at: 0x0000025fa3000000-0x0000025fe3000000, reserved size: 1073741824
Narrow klass base: 0x0000025fa2000000, Narrow klass shift: 0, Narrow klass range: 0x100000000

GC Precious Log:
 CardTable entry size: 512
 Card Set container configuration: InlinePtr #cards 5 size 8 Array Of Cards #cards 12 size 40 Howl #buckets 4 coarsen threshold 1843 Howl Bitmap #cards 512 size 80 coarsen threshold 460 Card regions per heap region 1 cards per card region 2048
 CPUs: 4 total, 4 available
 Memory: 3933M
 Large Page Support: Disabled
 NUMA Support: Disabled
 Compressed Oops: Enabled (32-bit)
 Heap Region Size: 1M
 Heap Min Capacity: 8M
 Heap Initial Capacity: 62M
 Heap Max Capacity: 984M
 Pre-touch: Disabled
 Parallel Workers: 4
 Concurrent Workers: 1
 Concurrent Refinement Workers: 4
 Periodic GC: Disabled

Heap:
 garbage-first heap   total 60416K, used 36139K [0x00000000c2800000, 0x0000000100000000)
  region size 1024K, 8 young (8192K), 3 survivors (3072K)
 Metaspace       used 68921K, committed 69760K, reserved 1114112K
  class space    used 9398K, committed 9792K, reserved 1048576K

Heap Regions: E=young(eden), S=young(survivor), O=old, HS=humongous(starts), HC=humongous(continues), CS=collection set, F=free, TAMS=top-at-mark-start, PB=parsable bottom
|   0|0x00000000c2800000, 0x00000000c2900000, 0x00000000c2900000|100%|HS|  |TAMS 0x00000000c2800000| PB 0x00000000c2800000| Complete 
|   1|0x00000000c2900000, 0x00000000c2a00000, 0x00000000c2a00000|100%| O|  |TAMS 0x00000000c2900000| PB 0x00000000c2900000| Untracked 
|   2|0x00000000c2a00000, 0x00000000c2b00000, 0x00000000c2b00000|100%| O|  |TAMS 0x00000000c2a00000| PB 0x00000000c2a00000| Untracked 
|   3|0x00000000c2b00000, 0x00000000c2c00000, 0x00000000c2c00000|100%| O|  |TAMS 0x00000000c2b00000| PB 0x00000000c2b00000| Untracked 
|   4|0x00000000c2c00000, 0x00000000c2d00000, 0x00000000c2d00000|100%| O|  |TAMS 0x00000000c2c00000| PB 0x00000000c2c00000| Untracked 
|   5|0x00000000c2d00000, 0x00000000c2e00000, 0x00000000c2e00000|100%| O|  |TAMS 0x00000000c2d00000| PB 0x00000000c2d00000| Untracked 
|   6|0x00000000c2e00000, 0x00000000c2f00000, 0x00000000c2f00000|100%| O|  |TAMS 0x00000000c2e00000| PB 0x00000000c2e00000| Untracked 
|   7|0x00000000c2f00000, 0x00000000c3000000, 0x00000000c3000000|100%| O|  |TAMS 0x00000000c2f00000| PB 0x00000000c2f00000| Untracked 
|   8|0x00000000c3000000, 0x00000000c3100000, 0x00000000c3100000|100%| O|  |TAMS 0x00000000c3000000| PB 0x00000000c3000000| Untracked 
|   9|0x00000000c3100000, 0x00000000c3200000, 0x00000000c3200000|100%| O|  |TAMS 0x00000000c3100000| PB 0x00000000c3100000| Untracked 
|  10|0x00000000c3200000, 0x00000000c3300000, 0x00000000c3300000|100%| O|  |TAMS 0x00000000c3200000| PB 0x00000000c3200000| Untracked 
|  11|0x00000000c3300000, 0x00000000c3400000, 0x00000000c3400000|100%| O|  |TAMS 0x00000000c3300000| PB 0x00000000c3300000| Untracked 
|  12|0x00000000c3400000, 0x00000000c3500000, 0x00000000c3500000|100%| O|  |TAMS 0x00000000c3400000| PB 0x00000000c3400000| Untracked 
|  13|0x00000000c3500000, 0x00000000c3600000, 0x00000000c3600000|100%| O|  |TAMS 0x00000000c3500000| PB 0x00000000c3500000| Untracked 
|  14|0x00000000c3600000, 0x00000000c3700000, 0x00000000c3700000|100%| O|  |TAMS 0x00000000c3600000| PB 0x00000000c3600000| Untracked 
|  15|0x00000000c3700000, 0x00000000c3800000, 0x00000000c3800000|100%| O|  |TAMS 0x00000000c3700000| PB 0x00000000c3700000| Untracked 
|  16|0x00000000c3800000, 0x00000000c3900000, 0x00000000c3900000|100%| O|  |TAMS 0x00000000c3800000| PB 0x00000000c3800000| Untracked 
|  17|0x00000000c3900000, 0x00000000c3a00000, 0x00000000c3a00000|100%| O|  |TAMS 0x00000000c3900000| PB 0x00000000c3900000| Untracked 
|  18|0x00000000c3a00000, 0x00000000c3b00000, 0x00000000c3b00000|100%| O|Cm|TAMS 0x00000000c3a00000| PB 0x00000000c3a00000| Complete 
|  19|0x00000000c3b00000, 0x00000000c3c00000, 0x00000000c3c00000|100%| O|  |TAMS 0x00000000c3b00000| PB 0x00000000c3b00000| Untracked 
|  20|0x00000000c3c00000, 0x00000000c3d00000, 0x00000000c3d00000|100%| O|  |TAMS 0x00000000c3c00000| PB 0x00000000c3c00000| Untracked 
|  21|0x00000000c3d00000, 0x00000000c3e00000, 0x00000000c3e00000|100%| O|  |TAMS 0x00000000c3d00000| PB 0x00000000c3d00000| Untracked 
|  22|0x00000000c3e00000, 0x00000000c3f00000, 0x00000000c3f00000|100%| O|  |TAMS 0x00000000c3e00000| PB 0x00000000c3e00000| Untracked 
|  23|0x00000000c3f00000, 0x00000000c4000000, 0x00000000c4000000|100%| O|  |TAMS 0x00000000c3f00000| PB 0x00000000c3f00000| Untracked 
|  24|0x00000000c4000000, 0x00000000c4100000, 0x00000000c4100000|100%| O|  |TAMS 0x00000000c4000000| PB 0x00000000c4000000| Untracked 
|  25|0x00000000c4100000, 0x00000000c4200000, 0x00000000c4200000|100%| O|Cm|TAMS 0x00000000c4100000| PB 0x00000000c4100000| Complete 
|  26|0x00000000c4200000, 0x00000000c4300000, 0x00000000c4300000|100%| O|  |TAMS 0x00000000c4200000| PB 0x00000000c4200000| Untracked 
|  27|0x00000000c4300000, 0x00000000c4400000, 0x00000000c4400000|100%| O|  |TAMS 0x00000000c4300000| PB 0x00000000c4300000| Untracked 
|  28|0x00000000c4400000, 0x00000000c4500000, 0x00000000c4500000|100%| O|  |TAMS 0x00000000c4400000| PB 0x00000000c4400000| Untracked 
|  29|0x00000000c4500000, 0x00000000c4500000, 0x00000000c4600000|  0%| F|  |TAMS 0x00000000c4500000| PB 0x00000000c4500000| Untracked 
|  30|0x00000000c4600000, 0x00000000c4600000, 0x00000000c4700000|  0%| F|  |TAMS 0x00000000c4600000| PB 0x00000000c4600000| Untracked 
|  31|0x00000000c4700000, 0x00000000c4700000, 0x00000000c4800000|  0%| F|  |TAMS 0x00000000c4700000| PB 0x00000000c4700000| Untracked 
|  32|0x00000000c4800000, 0x00000000c48d6478, 0x00000000c4900000| 83%| O|  |TAMS 0x00000000c4800000| PB 0x00000000c4800000| Untracked 
|  33|0x00000000c4900000, 0x00000000c4900000, 0x00000000c4a00000|  0%| F|  |TAMS 0x00000000c4900000| PB 0x00000000c4900000| Untracked 
|  34|0x00000000c4a00000, 0x00000000c4a00000, 0x00000000c4b00000|  0%| F|  |TAMS 0x00000000c4a00000| PB 0x00000000c4a00000| Untracked 
|  35|0x00000000c4b00000, 0x00000000c4b74b00, 0x00000000c4c00000| 45%| S|CS|TAMS 0x00000000c4b00000| PB 0x00000000c4b00000| Complete 
|  36|0x00000000c4c00000, 0x00000000c4d00000, 0x00000000c4d00000|100%| S|CS|TAMS 0x00000000c4c00000| PB 0x00000000c4c00000| Complete 
|  37|0x00000000c4d00000, 0x00000000c4e00000, 0x00000000c4e00000|100%| S|CS|TAMS 0x00000000c4d00000| PB 0x00000000c4d00000| Complete 
|  38|0x00000000c4e00000, 0x00000000c4e00000, 0x00000000c4f00000|  0%| F|  |TAMS 0x00000000c4e00000| PB 0x00000000c4e00000| Untracked 
|  39|0x00000000c4f00000, 0x00000000c4f00000, 0x00000000c5000000|  0%| F|  |TAMS 0x00000000c4f00000| PB 0x00000000c4f00000| Untracked 
|  40|0x00000000c5000000, 0x00000000c5000000, 0x00000000c5100000|  0%| F|  |TAMS 0x00000000c5000000| PB 0x00000000c5000000| Untracked 
|  41|0x00000000c5100000, 0x00000000c5100000, 0x00000000c5200000|  0%| F|  |TAMS 0x00000000c5100000| PB 0x00000000c5100000| Untracked 
|  42|0x00000000c5200000, 0x00000000c5200000, 0x00000000c5300000|  0%| F|  |TAMS 0x00000000c5200000| PB 0x00000000c5200000| Untracked 
|  43|0x00000000c5300000, 0x00000000c5300000, 0x00000000c5400000|  0%| F|  |TAMS 0x00000000c5300000| PB 0x00000000c5300000| Untracked 
|  44|0x00000000c5400000, 0x00000000c5400000, 0x00000000c5500000|  0%| F|  |TAMS 0x00000000c5400000| PB 0x00000000c5400000| Untracked 
|  45|0x00000000c5500000, 0x00000000c5500000, 0x00000000c5600000|  0%| F|  |TAMS 0x00000000c5500000| PB 0x00000000c5500000| Untracked 
|  46|0x00000000c5600000, 0x00000000c5600000, 0x00000000c5700000|  0%| F|  |TAMS 0x00000000c5600000| PB 0x00000000c5600000| Untracked 
|  47|0x00000000c5700000, 0x00000000c5700000, 0x00000000c5800000|  0%| F|  |TAMS 0x00000000c5700000| PB 0x00000000c5700000| Untracked 
|  48|0x00000000c5800000, 0x00000000c5800000, 0x00000000c5900000|  0%| F|  |TAMS 0x00000000c5800000| PB 0x00000000c5800000| Untracked 
|  49|0x00000000c5900000, 0x00000000c5900000, 0x00000000c5a00000|  0%| F|  |TAMS 0x00000000c5900000| PB 0x00000000c5900000| Untracked 
|  50|0x00000000c5a00000, 0x00000000c5a00000, 0x00000000c5b00000|  0%| F|  |TAMS 0x00000000c5a00000| PB 0x00000000c5a00000| Untracked 
|  51|0x00000000c5b00000, 0x00000000c5b00000, 0x00000000c5c00000|  0%| F|  |TAMS 0x00000000c5b00000| PB 0x00000000c5b00000| Untracked 
|  52|0x00000000c5c00000, 0x00000000c5d00000, 0x00000000c5d00000|100%| E|CS|TAMS 0x00000000c5c00000| PB 0x00000000c5c00000| Complete 
|  53|0x00000000c5d00000, 0x00000000c5d00000, 0x00000000c5e00000|  0%| F|  |TAMS 0x00000000c5d00000| PB 0x00000000c5d00000| Untracked 
|  54|0x00000000c5e00000, 0x00000000c5e00000, 0x00000000c5f00000|  0%| F|  |TAMS 0x00000000c5e00000| PB 0x00000000c5e00000| Untracked 
|  55|0x00000000c5f00000, 0x00000000c5f8d998, 0x00000000c6000000| 55%| E|  |TAMS 0x00000000c5f00000| PB 0x00000000c5f00000| Complete 
|  56|0x00000000c6000000, 0x00000000c6100000, 0x00000000c6100000|100%| E|CS|TAMS 0x00000000c6000000| PB 0x00000000c6000000| Complete 
|  57|0x00000000c6100000, 0x00000000c6200000, 0x00000000c6200000|100%| E|  |TAMS 0x00000000c6100000| PB 0x00000000c6100000| Complete 
|  61|0x00000000c6500000, 0x00000000c6600000, 0x00000000c6600000|100%| E|CS|TAMS 0x00000000c6500000| PB 0x00000000c6500000| Complete 

Card table byte_map: [0x0000025f9df60000,0x0000025f9e150000] _byte_map_base: 0x0000025f9d94c000

Marking Bits: (CMBitMap*) 0x0000025f84ade0a0
 Bits: [0x0000025f9e150000, 0x0000025f9f0b0000)

Polling page: 0x0000025f84960000

Metaspace:

Usage:
  Non-class:     58.13 MB used.
      Class:      9.18 MB used.
       Both:     67.31 MB used.

Virtual space:
  Non-class space:       64.00 MB reserved,      58.56 MB ( 92%) committed,  1 nodes.
      Class space:        1.00 GB reserved,       9.56 MB ( <1%) committed,  1 nodes.
             Both:        1.06 GB reserved,      68.12 MB (  6%) committed. 

Chunk freelists:
   Non-Class:  5.05 MB
       Class:  6.44 MB
        Both:  11.48 MB

MaxMetaspaceSize: unlimited
CompressedClassSpaceSize: 1.00 GB
Initial GC threshold: 21.00 MB
Current GC threshold: 112.31 MB
CDS: on
 - commit_granule_bytes: 65536.
 - commit_granule_words: 8192.
 - virtual_space_node_default_size: 8388608.
 - enlarge_chunks_in_place: 1.
 - use_allocation_guard: 0.


Internal statistics:

num_allocs_failed_limit: 9.
num_arena_births: 1044.
num_arena_deaths: 0.
num_vsnodes_births: 2.
num_vsnodes_deaths: 0.
num_space_committed: 1090.
num_space_uncommitted: 0.
num_chunks_returned_to_freelist: 9.
num_chunks_taken_from_freelist: 3585.
num_chunk_merges: 6.
num_chunk_splits: 2557.
num_chunks_enlarged: 1945.
num_inconsistent_stats: 0.

CodeHeap 'non-profiled nmethods': size=120000Kb used=3277Kb max_used=3428Kb free=116722Kb
 bounds [0x0000025f96210000, 0x0000025f96570000, 0x0000025f9d740000]
CodeHeap 'profiled nmethods': size=120000Kb used=10067Kb max_used=10361Kb free=109932Kb
 bounds [0x0000025f8e740000, 0x0000025f8f160000, 0x0000025f95c70000]
CodeHeap 'non-nmethods': size=5760Kb used=1697Kb max_used=1715Kb free=4062Kb
 bounds [0x0000025f95c70000, 0x0000025f95ee0000, 0x0000025f96210000]
 total_blobs=6286 nmethods=5556 adapters=634
 compilation: enabled
              stopped_count=0, restarted_count=0
 full_count=0

Compilation events (20 events):
Event: 75.900 Thread 0x0000025fa164c420 6395       3       jdk.internal.misc.Unsafe::putLongRelease (9 bytes)
Event: 75.901 Thread 0x0000025fa164c420 nmethod 6395 0x0000025f8eb3f910 code [0x0000025f8eb3faa0, 0x0000025f8eb3fbc0]
Event: 75.905 Thread 0x0000025fa164c420 6396       3       org.springframework.boot.devtools.restart.classloader.RestartClassLoader::getResource (48 bytes)
Event: 75.906 Thread 0x0000025fa164c420 nmethod 6396 0x0000025f8ededb90 code [0x0000025f8ededdc0, 0x0000025f8edee490]
Event: 75.906 Thread 0x0000025fa164c420 6397       3       org.springframework.boot.devtools.restart.classloader.RestartClassLoader::findResource (40 bytes)
Event: 75.906 Thread 0x0000025fa164c420 nmethod 6397 0x0000025f8e934310 code [0x0000025f8e934520, 0x0000025f8e9349a0]
Event: 75.907 Thread 0x0000025fa164c420 6398       3       java.net.URLClassLoader::findResource (33 bytes)
Event: 75.908 Thread 0x0000025fa164c420 nmethod 6398 0x0000025f8e9f4710 code [0x0000025f8e9f4960, 0x0000025f8e9f5198]
Event: 75.908 Thread 0x0000025fa164c420 6399       3       java.net.URLClassLoader$2::<init> (15 bytes)
Event: 75.908 Thread 0x0000025fa164c420 nmethod 6399 0x0000025f8f052890 code [0x0000025f8f052a40, 0x0000025f8f052c60]
Event: 75.908 Thread 0x0000025fa164c420 6400       3       java.net.URLClassLoader$2::run (5 bytes)
Event: 75.909 Thread 0x0000025fa164c420 nmethod 6400 0x0000025f8e943510 code [0x0000025f8e9436c0, 0x0000025f8e9438a8]
Event: 75.909 Thread 0x0000025fa164c420 6401       3       java.net.URLClassLoader$2::run (16 bytes)
Event: 75.909 Thread 0x0000025fa164c420 nmethod 6401 0x0000025f8e933f10 code [0x0000025f8e9340c0, 0x0000025f8e934238]
Event: 75.917 Thread 0x0000025fa164c420 6402       3       org.apache.catalina.connector.Request::getContext (8 bytes)
Event: 75.917 Thread 0x0000025fa164c420 nmethod 6402 0x0000025f8ebc0a10 code [0x0000025f8ebc0ba0, 0x0000025f8ebc0cb8]
Event: 75.917 Thread 0x0000025fa164c420 6403       3       org.apache.tomcat.util.buf.MessageBytes::recycle (35 bytes)
Event: 75.918 Thread 0x0000025fa164c420 nmethod 6403 0x0000025f8e942c90 code [0x0000025f8e942e40, 0x0000025f8e943190]
Event: 75.918 Thread 0x0000025fa164c420 6404       3       org.apache.tomcat.util.buf.ByteChunk::recycle (10 bytes)
Event: 75.918 Thread 0x0000025fa164c420 nmethod 6404 0x0000025f8eb57790 code [0x0000025f8eb57920, 0x0000025f8eb57ac8]

GC Heap History (20 events):
Event: 14.266 GC heap before
{Heap before GC invocations=6 (full 0):
 garbage-first heap   total 55296K, used 45322K [0x00000000c2800000, 0x0000000100000000)
  region size 1024K, 32 young (32768K), 2 survivors (2048K)
 Metaspace       used 26443K, committed 26944K, reserved 1114112K
  class space    used 3301K, committed 3520K, reserved 1048576K
}
Event: 14.278 GC heap after
{Heap after GC invocations=7 (full 0):
 garbage-first heap   total 55296K, used 17237K [0x00000000c2800000, 0x0000000100000000)
  region size 1024K, 4 young (4096K), 4 survivors (4096K)
 Metaspace       used 26443K, committed 26944K, reserved 1114112K
  class space    used 3301K, committed 3520K, reserved 1048576K
}
Event: 17.174 GC heap before
{Heap before GC invocations=7 (full 0):
 garbage-first heap   total 55296K, used 43861K [0x00000000c2800000, 0x0000000100000000)
  region size 1024K, 31 young (31744K), 4 survivors (4096K)
 Metaspace       used 32362K, committed 32896K, reserved 1114112K
  class space    used 4017K, committed 4224K, reserved 1048576K
}
Event: 17.188 GC heap after
{Heap after GC invocations=8 (full 0):
 garbage-first heap   total 55296K, used 19712K [0x00000000c2800000, 0x0000000100000000)
  region size 1024K, 3 young (3072K), 3 survivors (3072K)
 Metaspace       used 32362K, committed 32896K, reserved 1114112K
  class space    used 4017K, committed 4224K, reserved 1048576K
}
Event: 18.201 GC heap before
{Heap before GC invocations=8 (full 0):
 garbage-first heap   total 55296K, used 32000K [0x00000000c2800000, 0x0000000100000000)
  region size 1024K, 17 young (17408K), 3 survivors (3072K)
 Metaspace       used 35451K, committed 35968K, reserved 1114112K
  class space    used 4423K, committed 4672K, reserved 1048576K
}
Event: 18.209 GC heap after
{Heap after GC invocations=9 (full 0):
 garbage-first heap   total 55296K, used 20748K [0x00000000c2800000, 0x0000000100000000)
  region size 1024K, 2 young (2048K), 2 survivors (2048K)
 Metaspace       used 35451K, committed 35968K, reserved 1114112K
  class space    used 4423K, committed 4672K, reserved 1048576K
}
Event: 27.936 GC heap before
{Heap before GC invocations=10 (full 0):
 garbage-first heap   total 55296K, used 45324K [0x00000000c2800000, 0x0000000100000000)
  region size 1024K, 27 young (27648K), 2 survivors (2048K)
 Metaspace       used 41592K, committed 42176K, reserved 1114112K
  class space    used 5433K, committed 5696K, reserved 1048576K
}
Event: 27.947 GC heap after
{Heap after GC invocations=11 (full 0):
 garbage-first heap   total 55296K, used 22138K [0x00000000c2800000, 0x0000000100000000)
  region size 1024K, 3 young (3072K), 3 survivors (3072K)
 Metaspace       used 41592K, committed 42176K, reserved 1114112K
  class space    used 5433K, committed 5696K, reserved 1048576K
}
Event: 31.344 GC heap before
{Heap before GC invocations=11 (full 0):
 garbage-first heap   total 55296K, used 46714K [0x00000000c2800000, 0x0000000100000000)
  region size 1024K, 28 young (28672K), 3 survivors (3072K)
 Metaspace       used 49339K, committed 49920K, reserved 1114112K
  class space    used 6500K, committed 6720K, reserved 1048576K
}
Event: 31.353 GC heap after
{Heap after GC invocations=12 (full 0):
 garbage-first heap   total 55296K, used 22952K [0x00000000c2800000, 0x0000000100000000)
  region size 1024K, 3 young (3072K), 3 survivors (3072K)
 Metaspace       used 49339K, committed 49920K, reserved 1114112K
  class space    used 6500K, committed 6720K, reserved 1048576K
}
Event: 32.792 GC heap before
{Heap before GC invocations=12 (full 0):
 garbage-first heap   total 55296K, used 47528K [0x00000000c2800000, 0x0000000100000000)
  region size 1024K, 27 young (27648K), 3 survivors (3072K)
 Metaspace       used 55168K, committed 55808K, reserved 1114112K
  class space    used 7481K, committed 7744K, reserved 1048576K
}
Event: 32.800 GC heap after
{Heap after GC invocations=13 (full 0):
 garbage-first heap   total 55296K, used 24254K [0x00000000c2800000, 0x0000000100000000)
  region size 1024K, 3 young (3072K), 3 survivors (3072K)
 Metaspace       used 55168K, committed 55808K, reserved 1114112K
  class space    used 7481K, committed 7744K, reserved 1048576K
}
Event: 34.391 GC heap before
{Heap before GC invocations=13 (full 0):
 garbage-first heap   total 55296K, used 43710K [0x00000000c2800000, 0x0000000100000000)
  region size 1024K, 24 young (24576K), 3 survivors (3072K)
 Metaspace       used 59366K, committed 60096K, reserved 1114112K
  class space    used 8024K, committed 8384K, reserved 1048576K
}
Event: 34.402 GC heap after
{Heap after GC invocations=14 (full 0):
 garbage-first heap   total 55296K, used 26323K [0x00000000c2800000, 0x0000000100000000)
  region size 1024K, 4 young (4096K), 4 survivors (4096K)
 Metaspace       used 59366K, committed 60096K, reserved 1114112K
  class space    used 8024K, committed 8384K, reserved 1048576K
}
Event: 35.937 GC heap before
{Heap before GC invocations=15 (full 0):
 garbage-first heap   total 55296K, used 45779K [0x00000000c2800000, 0x0000000100000000)
  region size 1024K, 23 young (23552K), 4 survivors (4096K)
 Metaspace       used 62049K, committed 62848K, reserved 1114112K
  class space    used 8474K, committed 8832K, reserved 1048576K
}
Event: 35.953 GC heap after
{Heap after GC invocations=16 (full 0):
 garbage-first heap   total 55296K, used 28387K [0x00000000c2800000, 0x0000000100000000)
  region size 1024K, 2 young (2048K), 2 survivors (2048K)
 Metaspace       used 62049K, committed 62848K, reserved 1114112K
  class space    used 8474K, committed 8832K, reserved 1048576K
}
Event: 39.312 GC heap before
{Heap before GC invocations=16 (full 0):
 garbage-first heap   total 55296K, used 48867K [0x00000000c2800000, 0x0000000100000000)
  region size 1024K, 22 young (22528K), 2 survivors (2048K)
 Metaspace       used 64409K, committed 65152K, reserved 1114112K
  class space    used 8813K, committed 9152K, reserved 1048576K
}
Event: 39.325 GC heap after
{Heap after GC invocations=17 (full 0):
 garbage-first heap   total 55296K, used 30674K [0x00000000c2800000, 0x0000000100000000)
  region size 1024K, 3 young (3072K), 3 survivors (3072K)
 Metaspace       used 64409K, committed 65152K, reserved 1114112K
  class space    used 8813K, committed 9152K, reserved 1048576K
}
Event: 75.281 GC heap before
{Heap before GC invocations=17 (full 0):
 garbage-first heap   total 55296K, used 46034K [0x00000000c2800000, 0x0000000100000000)
  region size 1024K, 19 young (19456K), 3 survivors (3072K)
 Metaspace       used 67778K, committed 68608K, reserved 1114112K
  class space    used 9272K, committed 9664K, reserved 1048576K
}
Event: 75.302 GC heap after
{Heap after GC invocations=18 (full 0):
 garbage-first heap   total 55296K, used 33067K [0x00000000c2800000, 0x0000000100000000)
  region size 1024K, 3 young (3072K), 3 survivors (3072K)
 Metaspace       used 67778K, committed 68608K, reserved 1114112K
  class space    used 9272K, committed 9664K, reserved 1048576K
}

Dll operation events (14 events):
Event: 0.117 Loaded shared library C:\Program Files\Java\jdk-21\bin\java.dll
Event: 0.227 Loaded shared library C:\Program Files\Java\jdk-21\bin\jsvml.dll
Event: 0.741 Loaded shared library C:\Program Files\Java\jdk-21\bin\zip.dll
Event: 0.755 Loaded shared library C:\Program Files\Java\jdk-21\bin\instrument.dll
Event: 0.770 Loaded shared library C:\Program Files\Java\jdk-21\bin\net.dll
Event: 0.774 Loaded shared library C:\Program Files\Java\jdk-21\bin\nio.dll
Event: 0.783 Loaded shared library C:\Program Files\Java\jdk-21\bin\zip.dll
Event: 0.934 Loaded shared library C:\Program Files\Java\jdk-21\bin\jimage.dll
Event: 1.466 Loaded shared library C:\Users\Ric\AppData\Local\Programs\IntelliJ IDEA Community Edition\bin\breakgen64.dll
Event: 1.518 Loaded shared library C:\Program Files\Java\jdk-21\bin\extnet.dll
Event: 2.752 Loaded shared library C:\Program Files\Java\jdk-21\bin\management.dll
Event: 2.765 Loaded shared library C:\Program Files\Java\jdk-21\bin\management_ext.dll
Event: 5.736 Loaded shared library C:\Program Files\Java\jdk-21\bin\sunmscapi.dll
Event: 18.993 Loaded shared library C:\Program Files\Java\jdk-21\bin\verify.dll

Deoptimization events (20 events):
Event: 75.735 Thread 0x0000025fe8f98a20 DEOPT PACKING pc=0x0000025f8e8d74e6 sp=0x000000e2f9ef9ee0
Event: 75.735 Thread 0x0000025fe8f98a20 DEOPT UNPACKING pc=0x0000025f95cc4e42 sp=0x000000e2f9ef9370 mode 0
Event: 75.736 Thread 0x0000025fe8f98a20 DEOPT PACKING pc=0x0000025f8e8d74e6 sp=0x000000e2f9ef9ee0
Event: 75.736 Thread 0x0000025fe8f98a20 DEOPT UNPACKING pc=0x0000025f95cc4e42 sp=0x000000e2f9ef9370 mode 0
Event: 75.737 Thread 0x0000025fe8f98a20 DEOPT PACKING pc=0x0000025f8e8d74e6 sp=0x000000e2f9ef9ee0
Event: 75.737 Thread 0x0000025fe8f98a20 DEOPT UNPACKING pc=0x0000025f95cc4e42 sp=0x000000e2f9ef9370 mode 0
Event: 75.737 Thread 0x0000025fe8f98a20 DEOPT PACKING pc=0x0000025f8e8d74e6 sp=0x000000e2f9ef9ee0
Event: 75.737 Thread 0x0000025fe8f98a20 DEOPT UNPACKING pc=0x0000025f95cc4e42 sp=0x000000e2f9ef9370 mode 0
Event: 75.738 Thread 0x0000025fe8f98a20 DEOPT PACKING pc=0x0000025f8e8d74e6 sp=0x000000e2f9ef9ee0
Event: 75.738 Thread 0x0000025fe8f98a20 DEOPT UNPACKING pc=0x0000025f95cc4e42 sp=0x000000e2f9ef9370 mode 0
Event: 75.738 Thread 0x0000025fe8f98a20 DEOPT PACKING pc=0x0000025f8e8d74e6 sp=0x000000e2f9ef9ee0
Event: 75.738 Thread 0x0000025fe8f98a20 DEOPT UNPACKING pc=0x0000025f95cc4e42 sp=0x000000e2f9ef9370 mode 0
Event: 75.739 Thread 0x0000025fe8f98a20 DEOPT PACKING pc=0x0000025f8e8d74e6 sp=0x000000e2f9ef9ee0
Event: 75.739 Thread 0x0000025fe8f98a20 DEOPT UNPACKING pc=0x0000025f95cc4e42 sp=0x000000e2f9ef9370 mode 0
Event: 75.739 Thread 0x0000025fe8f98a20 DEOPT PACKING pc=0x0000025f8e8d74e6 sp=0x000000e2f9ef9ee0
Event: 75.739 Thread 0x0000025fe8f98a20 DEOPT UNPACKING pc=0x0000025f95cc4e42 sp=0x000000e2f9ef9370 mode 0
Event: 75.740 Thread 0x0000025fe8f98a20 DEOPT PACKING pc=0x0000025f8e8d74e6 sp=0x000000e2f9ef9ee0
Event: 75.740 Thread 0x0000025fe8f98a20 DEOPT UNPACKING pc=0x0000025f95cc4e42 sp=0x000000e2f9ef9370 mode 0
Event: 75.741 Thread 0x0000025fe8f98a20 DEOPT PACKING pc=0x0000025f8e8d74e6 sp=0x000000e2f9ef9ee0
Event: 75.741 Thread 0x0000025fe8f98a20 DEOPT UNPACKING pc=0x0000025f95cc4e42 sp=0x000000e2f9ef9370 mode 0

Classes loaded (20 events):
Event: 73.826 Loading class java/nio/channels/spi/AbstractSelectionKey done
Event: 73.826 Loading class sun/nio/ch/SelectionKeyImpl done
Event: 73.827 Loading class java/lang/invoke/ConstantBootstraps
Event: 73.827 Loading class java/lang/invoke/ConstantBootstraps done
Event: 74.662 Loading class java/util/concurrent/locks/ReentrantReadWriteLock$FairSync
Event: 74.662 Loading class java/util/concurrent/locks/ReentrantReadWriteLock$FairSync done
Event: 74.977 Loading class java/util/EnumMap$EntryIterator$Entry
Event: 74.978 Loading class java/util/EnumMap$EntryIterator$Entry done
Event: 75.249 Loading class java/io/PrintWriter$1
Event: 75.250 Loading class jdk/internal/access/JavaIOPrintWriterAccess
Event: 75.250 Loading class jdk/internal/access/JavaIOPrintWriterAccess done
Event: 75.250 Loading class java/io/PrintWriter$1 done
Event: 75.817 Loading class java/lang/foreign/MemorySegment
Event: 75.820 Loading class java/lang/foreign/MemorySegment done
Event: 75.851 Loading class java/util/ArrayList$SubList$2
Event: 75.853 Loading class java/util/ArrayList$SubList$2 done
Event: 75.894 Loading class java/time/format/DateTimeFormatterBuilder$ZoneTextPrinterParser
Event: 75.895 Loading class java/time/format/DateTimeFormatterBuilder$ZoneTextPrinterParser done
Event: 75.895 Loading class java/time/format/DateTimeFormatterBuilder$ReducedPrinterParser
Event: 75.897 Loading class java/time/format/DateTimeFormatterBuilder$ReducedPrinterParser done

Classes unloaded (0 events):
No events

Classes redefined (0 events):
No events

Internal exceptions (20 events):
Event: 32.803 Thread 0x0000025fe73797f0 Exception <a 'java/lang/NoSuchMethodError'{0x00000000c650d360}: 'java.lang.Object java.lang.invoke.DirectMethodHandle$Holder.newInvokeSpecial(java.lang.Object, java.lang.Object, int, java.lang.Object, int, java.lang.Object, java.lang.Object)'> (0x00000000c650d360) 
thrown [s\open\src\hotspot\share\interpreter\linkResolver.cpp, line 773]
Event: 32.820 Thread 0x0000025fe73797f0 Exception <a 'java/lang/NoSuchMethodError'{0x00000000c65638f0}: 'void java.lang.invoke.DirectMethodHandle$Holder.invokeInterface(java.lang.Object, java.lang.Object)'> (0x00000000c65638f0) 
thrown [s\open\src\hotspot\share\interpreter\linkResolver.cpp, line 773]
Event: 33.350 Thread 0x0000025fe73797f0 Exception <a 'java/lang/NoSuchMethodError'{0x00000000c5993810}: 'java.lang.Object java.lang.invoke.DirectMethodHandle$Holder.invokeSpecial(java.lang.Object, java.lang.Object, int, java.lang.Object, int)'> (0x00000000c5993810) 
thrown [s\open\src\hotspot\share\interpreter\linkResolver.cpp, line 773]
Event: 33.436 Thread 0x0000025fe73797f0 Exception <a 'java/lang/NoSuchMethodError'{0x00000000c586ad48}: 'void java.lang.invoke.Invokers$Holder.invokeExact_MT(java.lang.Object, java.lang.Object, java.lang.Object, java.lang.Object)'> (0x00000000c586ad48) 
thrown [s\open\src\hotspot\share\interpreter\linkResolver.cpp, line 773]
Event: 33.493 Thread 0x0000025fe73797f0 Implicit null exception at 0x0000025f964a0ef7 to 0x0000025f964a1160
Event: 33.520 Thread 0x0000025fe73797f0 Implicit null exception at 0x0000025f9649f41a to 0x0000025f9649f454
Event: 33.598 Thread 0x0000025fe73797f0 Exception <a 'java/lang/IncompatibleClassChangeError'{0x00000000c546c348}: Found class java.lang.Object, but interface was expected> (0x00000000c546c348) 
thrown [s\open\src\hotspot\share\interpreter\linkResolver.cpp, line 840]
Event: 33.632 Thread 0x0000025fe73797f0 Exception <a 'java/lang/IncompatibleClassChangeError'{0x00000000c54ee7a8}: Found class java.lang.Object, but interface was expected> (0x00000000c54ee7a8) 
thrown [s\open\src\hotspot\share\interpreter\linkResolver.cpp, line 840]
Event: 33.743 Thread 0x0000025fe73797f0 Exception <a 'java/lang/IncompatibleClassChangeError'{0x00000000c52717e0}: Found class java.lang.Object, but interface was expected> (0x00000000c52717e0) 
thrown [s\open\src\hotspot\share\interpreter\linkResolver.cpp, line 840]
Event: 34.276 Thread 0x0000025fe73797f0 Exception <a 'java/lang/IncompatibleClassChangeError'{0x00000000c4b86b28}: Found class java.lang.Object, but interface was expected> (0x00000000c4b86b28) 
thrown [s\open\src\hotspot\share\interpreter\linkResolver.cpp, line 840]
Event: 34.502 Thread 0x0000025fe73797f0 Exception <a 'java/lang/IncompatibleClassChangeError'{0x00000000c5c05c38}: Found class java.lang.Object, but interface was expected> (0x00000000c5c05c38) 
thrown [s\open\src\hotspot\share\interpreter\linkResolver.cpp, line 840]
Event: 34.942 Thread 0x0000025fe73797f0 Exception <a 'java/lang/NoSuchMethodError'{0x00000000c5750ce0}: 'java.lang.Object java.lang.invoke.DirectMethodHandle$Holder.newInvokeSpecial(java.lang.Object, java.lang.Object, java.lang.Object, java.lang.Object, java.lang.Object, java.lang.Object, java.lang.Object, java.lang.Object)'> (0x00000000c5750ce0) 
thrown [s\open\src\hotspot\share\interpreter\linkResolver.cpp, line 773]
Event: 36.159 Thread 0x0000025fe73797f0 Exception <a 'java/lang/IncompatibleClassChangeError'{0x00000000c5b85dc0}: Found class java.lang.Object, but interface was expected> (0x00000000c5b85dc0) 
thrown [s\open\src\hotspot\share\interpreter\linkResolver.cpp, line 840]
Event: 36.865 Thread 0x0000025fe73797f0 Exception <a 'java/lang/NoSuchMethodError'{0x00000000c56cfd70}: 'void java.lang.invoke.DirectMethodHandle$Holder.invokeVirtual(java.lang.Object, java.lang.Object, long)'> (0x00000000c56cfd70) 
thrown [s\open\src\hotspot\share\interpreter\linkResolver.cpp, line 773]
Event: 37.892 Thread 0x0000025fe73797f0 Exception <a 'java/lang/IncompatibleClassChangeError'{0x00000000c505b170}: Found class java.lang.Object, but interface was expected> (0x00000000c505b170) 
thrown [s\open\src\hotspot\share\interpreter\linkResolver.cpp, line 840]
Event: 37.950 Thread 0x0000025fe73797f0 Implicit null exception at 0x0000025f9633f168 to 0x0000025f9633f3bc
Event: 41.862 Thread 0x0000025fe73797f0 Exception <a 'java/lang/NoSuchMethodError'{0x00000000c5c499d0}: 'java.lang.Object java.lang.invoke.DirectMethodHandle$Holder.newInvokeSpecial(java.lang.Object, java.lang.Object, int, java.lang.Object, java.lang.Object)'> (0x00000000c5c499d0) 
thrown [s\open\src\hotspot\share\interpreter\linkResolver.cpp, line 773]
Event: 74.262 Thread 0x0000025fe8f98a20 Exception <a 'java/lang/NoSuchMethodError'{0x00000000c579a2e8}: 'java.lang.Object java.lang.invoke.DirectMethodHandle$Holder.invokeSpecial(java.lang.Object, java.lang.Object, java.lang.Object, java.lang.Object, java.lang.Object, long)'> (0x00000000c579a2e8) 
thrown [s\open\src\hotspot\share\interpreter\linkResolver.cpp, line 773]
Event: 74.263 Thread 0x0000025fe8f98a20 Exception <a 'java/lang/NoSuchMethodError'{0x00000000c579da60}: 'java.lang.Object java.lang.invoke.Invokers$Holder.linkToTargetMethod(java.lang.Object, java.lang.Object, java.lang.Object, long, java.lang.Object)'> (0x00000000c579da60) 
thrown [s\open\src\hotspot\share\interpreter\linkResolver.cpp, line 773]
Event: 75.850 Thread 0x0000025fe8b9b720 Exception <a 'java/lang/NoSuchMethodError'{0x00000000c5f35c88}: 'java.lang.Object java.lang.invoke.DirectMethodHandle$Holder.invokeStatic(java.lang.Object, int, int)'> (0x00000000c5f35c88) 
thrown [s\open\src\hotspot\share\interpreter\linkResolver.cpp, line 773]

ZGC Phase Switch (0 events):
No events

VM Operations (20 events):
Event: 73.435 Executing VM operation: Cleanup
Event: 73.435 Executing VM operation: Cleanup done
Event: 74.307 Executing VM operation: HandshakeAllThreads (Deoptimize)
Event: 74.308 Executing VM operation: HandshakeAllThreads (Deoptimize) done
Event: 74.537 Executing VM operation: HandshakeAllThreads (Deoptimize)
Event: 74.537 Executing VM operation: HandshakeAllThreads (Deoptimize) done
Event: 74.537 Executing VM operation: Cleanup
Event: 74.537 Executing VM operation: Cleanup done
Event: 74.541 Executing VM operation: HandshakeAllThreads (Deoptimize)
Event: 74.542 Executing VM operation: HandshakeAllThreads (Deoptimize) done
Event: 74.569 Executing VM operation: HandshakeAllThreads (Deoptimize)
Event: 74.569 Executing VM operation: HandshakeAllThreads (Deoptimize) done
Event: 74.931 Executing VM operation: HandshakeAllThreads (Deoptimize)
Event: 74.931 Executing VM operation: HandshakeAllThreads (Deoptimize) done
Event: 75.281 Executing VM operation: G1CollectForAllocation (G1 Evacuation Pause)
Event: 75.302 Executing VM operation: G1CollectForAllocation (G1 Evacuation Pause) done
Event: 75.424 Executing VM operation: G1PauseRemark
Event: 75.433 Executing VM operation: G1PauseRemark done
Event: 75.485 Executing VM operation: G1PauseCleanup
Event: 75.486 Executing VM operation: G1PauseCleanup done

Events (20 events):
Event: 75.431 Thread 0x0000025f84b664c0 flushing nmethod 0x0000025f8e9dbd90
Event: 75.431 Thread 0x0000025f84b664c0 flushing nmethod 0x0000025f8ea14010
Event: 75.431 Thread 0x0000025f84b664c0 flushing nmethod 0x0000025f8ea14990
Event: 75.431 Thread 0x0000025f84b664c0 flushing nmethod 0x0000025f8ea1f010
Event: 75.431 Thread 0x0000025f84b664c0 flushing nmethod 0x0000025f8eb0b990
Event: 75.431 Thread 0x0000025f84b664c0 flushing nmethod 0x0000025f8ebe3b10
Event: 75.431 Thread 0x0000025f84b664c0 flushing nmethod 0x0000025f8ebeae10
Event: 75.431 Thread 0x0000025f84b664c0 flushing nmethod 0x0000025f8ecd1e10
Event: 75.431 Thread 0x0000025f84b664c0 flushing nmethod 0x0000025f8ecf7410
Event: 75.431 Thread 0x0000025f84b664c0 flushing nmethod 0x0000025f8ed25a90
Event: 75.431 Thread 0x0000025f84b664c0 flushing nmethod 0x0000025f8ef1d510
Event: 75.431 Thread 0x0000025f84b664c0 flushing nmethod 0x0000025f8efb8710
Event: 75.431 Thread 0x0000025f84b664c0 flushing nmethod 0x0000025f8efd3f90
Event: 75.431 Thread 0x0000025f84b664c0 flushing nmethod 0x0000025f8efd5b90
Event: 75.431 Thread 0x0000025f84b664c0 flushing nmethod 0x0000025f8efd8d10
Event: 75.431 Thread 0x0000025f84b664c0 flushing nmethod 0x0000025f8efd9310
Event: 75.431 Thread 0x0000025f84b664c0 flushing nmethod 0x0000025f8efda010
Event: 75.431 Thread 0x0000025f84b664c0 flushing nmethod 0x0000025f8efda890
Event: 75.431 Thread 0x0000025f84b664c0 flushing nmethod 0x0000025f8f007c10
Event: 75.431 Thread 0x0000025f84b664c0 flushing nmethod 0x0000025f8f070410


Dynamic libraries:
0x00007ff7a08e0000 - 0x00007ff7a08f0000 	C:\Program Files\Java\jdk-21\bin\java.exe
0x00007ffa13c90000 - 0x00007ffa13e88000 	C:\Windows\SYSTEM32\ntdll.dll
0x00007ffa12c60000 - 0x00007ffa12d21000 	C:\Windows\System32\KERNEL32.DLL
0x00007ffa11590000 - 0x00007ffa1188d000 	C:\Windows\System32\KERNELBASE.dll
0x00007ffa11340000 - 0x00007ffa11440000 	C:\Windows\System32\ucrtbase.dll
0x00007ffa0e430000 - 0x00007ffa0e44b000 	C:\Program Files\Java\jdk-21\bin\VCRUNTIME140.dll
0x00007ffa0e410000 - 0x00007ffa0e429000 	C:\Program Files\Java\jdk-21\bin\jli.dll
0x00007ffa11e30000 - 0x00007ffa11ee0000 	C:\Windows\System32\ADVAPI32.dll
0x00007ffa11f00000 - 0x00007ffa11f9e000 	C:\Windows\System32\msvcrt.dll
0x00007ffa12b30000 - 0x00007ffa12bd0000 	C:\Windows\System32\sechost.dll
0x00007ffa136b0000 - 0x00007ffa137d3000 	C:\Windows\System32\RPCRT4.dll
0x00007ffa11c90000 - 0x00007ffa11cb7000 	C:\Windows\System32\bcrypt.dll
0x00007ffa13360000 - 0x00007ffa134fd000 	C:\Windows\System32\USER32.dll
0x00007ffa11440000 - 0x00007ffa11462000 	C:\Windows\System32\win32u.dll
0x00007ffa131a0000 - 0x00007ffa131cb000 	C:\Windows\System32\GDI32.dll
0x00007ff9fe4f0000 - 0x00007ff9fe78a000 	C:\Windows\WinSxS\amd64_microsoft.windows.common-controls_6595b64144ccf1df_6.0.19041.4355_none_60b8b9eb71f62e16\COMCTL32.dll
0x00007ffa11470000 - 0x00007ffa11587000 	C:\Windows\System32\gdi32full.dll
0x00007ffa11bf0000 - 0x00007ffa11c8d000 	C:\Windows\System32\msvcp_win.dll
0x00007ffa034c0000 - 0x00007ffa034ca000 	C:\Windows\SYSTEM32\VERSION.dll
0x00007ffa13330000 - 0x00007ffa1335f000 	C:\Windows\System32\IMM32.DLL
0x00007ffa0e400000 - 0x00007ffa0e40c000 	C:\Program Files\Java\jdk-21\bin\vcruntime140_1.dll
0x00007ffa08b00000 - 0x00007ffa08b8e000 	C:\Program Files\Java\jdk-21\bin\msvcp140.dll
0x00007ff9e3130000 - 0x00007ff9e3e43000 	C:\Program Files\Java\jdk-21\bin\server\jvm.dll
0x00007ffa12ac0000 - 0x00007ffa12b2b000 	C:\Windows\System32\WS2_32.dll
0x00007ffa110e0000 - 0x00007ffa1112b000 	C:\Windows\SYSTEM32\POWRPROF.dll
0x00007ff9fe0d0000 - 0x00007ff9fe0f7000 	C:\Windows\SYSTEM32\WINMM.dll
0x00007ffa110c0000 - 0x00007ffa110d2000 	C:\Windows\SYSTEM32\UMPDC.dll
0x00007ffa0f180000 - 0x00007ffa0f192000 	C:\Windows\SYSTEM32\kernel.appcore.dll
0x00007ffa0e3f0000 - 0x00007ffa0e3fa000 	C:\Program Files\Java\jdk-21\bin\jimage.dll
0x00007ff9f90e0000 - 0x00007ff9f92c4000 	C:\Windows\SYSTEM32\DBGHELP.DLL
0x00007ff9f9680000 - 0x00007ff9f96b4000 	C:\Windows\SYSTEM32\dbgcore.DLL
0x00007ffa11890000 - 0x00007ffa11912000 	C:\Windows\System32\bcryptPrimitives.dll
0x00007ffa0e3e0000 - 0x00007ffa0e3ef000 	C:\Program Files\Java\jdk-21\bin\instrument.dll
0x00007ffa0b1e0000 - 0x00007ffa0b1ff000 	C:\Program Files\Java\jdk-21\bin\java.dll
0x00007ffa11fa0000 - 0x00007ffa1270f000 	C:\Windows\System32\SHELL32.dll
0x00007ffa0f380000 - 0x00007ffa0fb1f000 	C:\Windows\SYSTEM32\windows.storage.dll
0x00007ffa12d30000 - 0x00007ffa13083000 	C:\Windows\System32\combase.dll
0x00007ffa10bb0000 - 0x00007ffa10bde000 	C:\Windows\SYSTEM32\Wldp.dll
0x00007ffa12780000 - 0x00007ffa1284d000 	C:\Windows\System32\OLEAUT32.dll
0x00007ffa13090000 - 0x00007ffa1313d000 	C:\Windows\System32\SHCORE.dll
0x00007ffa11cc0000 - 0x00007ffa11d15000 	C:\Windows\System32\shlwapi.dll
0x00007ffa11270000 - 0x00007ffa11294000 	C:\Windows\SYSTEM32\profapi.dll
0x00007ff9f0590000 - 0x00007ff9f0667000 	C:\Program Files\Java\jdk-21\bin\jsvml.dll
0x00007ffa0ba70000 - 0x00007ffa0ba88000 	C:\Program Files\Java\jdk-21\bin\zip.dll
0x00007ffa0e370000 - 0x00007ffa0e380000 	C:\Program Files\Java\jdk-21\bin\net.dll
0x00007ffa0aa60000 - 0x00007ffa0ab6d000 	C:\Windows\SYSTEM32\WINHTTP.dll
0x00007ffa10990000 - 0x00007ffa109fa000 	C:\Windows\system32\mswsock.dll
0x00007ffa0af30000 - 0x00007ffa0af46000 	C:\Program Files\Java\jdk-21\bin\nio.dll
0x00007ffa09c10000 - 0x00007ffa09c2a000 	C:\Users\Ric\AppData\Local\Programs\IntelliJ IDEA Community Edition\bin\breakgen64.dll
0x00007ffa0e340000 - 0x00007ffa0e349000 	C:\Program Files\Java\jdk-21\bin\extnet.dll
0x00007ffa0ba60000 - 0x00007ffa0ba6a000 	C:\Program Files\Java\jdk-21\bin\management.dll
0x00007ffa0af20000 - 0x00007ffa0af2b000 	C:\Program Files\Java\jdk-21\bin\management_ext.dll
0x00007ffa12710000 - 0x00007ffa12718000 	C:\Windows\System32\PSAPI.DLL
0x00007ffa092d0000 - 0x00007ffa092de000 	C:\Program Files\Java\jdk-21\bin\sunmscapi.dll
0x00007ffa119e0000 - 0x00007ffa11b3e000 	C:\Windows\System32\CRYPT32.dll
0x00007ffa10c20000 - 0x00007ffa10c49000 	C:\Windows\SYSTEM32\ncrypt.dll
0x00007ffa10be0000 - 0x00007ffa10c1b000 	C:\Windows\SYSTEM32\NTASN1.dll
0x00007ffa10f50000 - 0x00007ffa10f68000 	C:\Windows\SYSTEM32\CRYPTSP.dll
0x00007ffa102d0000 - 0x00007ffa10304000 	C:\Windows\system32\rsaenh.dll
0x00007ffa11220000 - 0x00007ffa1124e000 	C:\Windows\SYSTEM32\USERENV.dll
0x00007ffa10b20000 - 0x00007ffa10b2c000 	C:\Windows\SYSTEM32\CRYPTBASE.dll
0x00007ffa10690000 - 0x00007ffa106cb000 	C:\Windows\SYSTEM32\IPHLPAPI.DLL
0x00007ffa12970000 - 0x00007ffa12978000 	C:\Windows\System32\NSI.dll
0x00007ffa106d0000 - 0x00007ffa1079a000 	C:\Windows\SYSTEM32\DNSAPI.dll
0x00007ffa07e20000 - 0x00007ffa07e2a000 	C:\Windows\System32\rasadhlp.dll
0x00007ffa09200000 - 0x00007ffa09280000 	C:\Windows\System32\fwpuclnt.dll
0x00007ffa0e350000 - 0x00007ffa0e360000 	C:\Program Files\Java\jdk-21\bin\verify.dll
0x00007ff9e7b80000 - 0x00007ff9e7b87000 	C:\Windows\system32\wshunix.dll

dbghelp: loaded successfully - version: 4.0.5 - missing functions: none
symbol engine: initialized successfully - sym options: 0x614 - pdb path: .;C:\Program Files\Java\jdk-21\bin;C:\Windows\SYSTEM32;C:\Windows\WinSxS\amd64_microsoft.windows.common-controls_6595b64144ccf1df_6.0.19041.4355_none_60b8b9eb71f62e16;C:\Program Files\Java\jdk-21\bin\server;C:\Users\Ric\AppData\Local\Programs\IntelliJ IDEA Community Edition\bin

VM Arguments:
jvm_args: -javaagent:C:\Users\Ric\AppData\Local\Programs\IntelliJ IDEA Community Edition\lib\idea_rt.jar=3645:C:\Users\Ric\AppData\Local\Programs\IntelliJ IDEA Community Edition\bin -Dfile.encoding=UTF-8 -Dsun.stdout.encoding=UTF-8 -Dsun.stderr.encoding=UTF-8 
java_command: com.hasinarezida.biblio.BiblioApplication
java_class_path (initial): C:\Users\Ric\Documents\projects\work\library\target\classes;C:\Users\Ric\.m2\repository\org\springframework\boot\spring-boot-starter-web\3.3.2\spring-boot-starter-web-3.3.2.jar;C:\Users\Ric\.m2\repository\org\springframework\boot\spring-boot-starter\3.3.2\spring-boot-starter-3.3.2.jar;C:\Users\Ric\.m2\repository\org\springframework\boot\spring-boot-starter-logging\3.3.2\spring-boot-starter-logging-3.3.2.jar;C:\Users\Ric\.m2\repository\ch\qos\logback\logback-classic\1.5.6\logback-classic-1.5.6.jar;C:\Users\Ric\.m2\repository\ch\qos\logback\logback-core\1.5.6\logback-core-1.5.6.jar;C:\Users\Ric\.m2\repository\org\apache\logging\log4j\log4j-to-slf4j\2.23.1\log4j-to-slf4j-2.23.1.jar;C:\Users\Ric\.m2\repository\org\apache\logging\log4j\log4j-api\2.23.1\log4j-api-2.23.1.jar;C:\Users\Ric\.m2\repository\org\slf4j\jul-to-slf4j\2.0.13\jul-to-slf4j-2.0.13.jar;C:\Users\Ric\.m2\repository\jakarta\annotation\jakarta.annotation-api\2.1.1\jakarta.annotation-api-2.1.1.jar;C:\Users\Ric\.m2\repository\org\yaml\snakeyaml\2.2\snakeyaml-2.2.jar;C:\Users\Ric\.m2\repository\org\springframework\boot\spring-boot-starter-json\3.3.2\spring-boot-starter-json-3.3.2.jar;C:\Users\Ric\.m2\repository\com\fasterxml\jackson\core\jackson-databind\2.17.2\jackson-databind-2.17.2.jar;C:\Users\Ric\.m2\repository\com\fasterxml\jackson\core\jackson-annotations\2.17.2\jackson-annotations-2.17.2.jar;C:\Users\Ric\.m2\repository\com\fasterxml\jackson\core\jackson-core\2.17.2\jackson-core-2.17.2.jar;C:\Users\Ric\.m2\repository\com\fasterxml\jackson\datatype\jackson-datatype-jdk8\2.17.2\jackson-datatype-jdk8-2.17.2.jar;C:\Users\Ric\.m2\repository\com\fasterxml\jackson\datatype\jackson-datatype-jsr310\2.17.2\jackson-datatype-jsr310-2.17.2.jar;C:\Users\Ric\.m2\repository\com\fasterxml\jackson\module\jackson-module-parameter-names\2.17.2\jackson-module-parameter-names-2.17.2.jar;C:\Users\Ric\.m2\repository\org\springframework\boot\spring-boot-starter-tomcat\3.3.2\spring-boot-starter-tomcat-3.3.2.jar;C:\Users\Ric\.m2\repository\org\apache\tomcat\embed\tomcat-embed-core\10.1.26\tomcat-embed-core-10.1.26.jar;C:\Users\Ric\.m2\repository\org\apache\tomcat\embed\tomcat-embed-el\10.1.26\tomcat-embed-el-10.1.26.jar;C:\Users\Ric\.m2\repository\org\apache\tomcat\embed\tomcat-embed-websocket\10.1.26\tomcat-embed-websocket-10.1.26.jar;C:\Users\Ric\.m2\repository\org\springframework\spring-web\6.1.11\spring-web-6.1.11.jar;C:\Users\Ric\.m2\repository\org\springframework\spring-beans\6.1.11\spring-beans-6.1.11.jar;C:\Users\Ric\.m2\repository\io\micrometer\micrometer-observation\1.13.2\micrometer-observation-1.13.2.jar;C:\Users\Ric\.m2\repository\io\micrometer\micrometer-commons\1.13.2\micrometer-commons-1.13.2.jar;C:\Users\Ric\.m2\repository\org\springframework\spring-webmvc\6.1.11\spring-webmvc-6.1.11.jar;C:\Users\Ric\.m2\repository\org\springframework\spring-context\6.1.11\spring-context-6.1.11.jar;C:\Users\Ric\.m2\repository\org\springframework\spring-expression\6.1.11\spring-expression-6.1.11.jar;C:\Users\Ric\.m2\repository\org\springframework\boot\spring-boot-starter-thymeleaf\3.3.2\spring-boot-starter-thymeleaf-3.3.2.jar;C:\Users\Ric\.m2\repository\org\thymeleaf\thymeleaf-spring6\3.1.2.RELEASE\thymeleaf-spring6-3.1.2.RELEASE.jar;C:\Users\Ric\.m2\repository\org\thymeleaf\thymeleaf\3.1.2.RELEASE\thymeleaf-3.1.2.RELEASE.jar;C:\Users\Ric\.m2\repository\org\attoparser\attoparser\2.0.7.RELEASE\attoparser-2.0.7.RELEASE.jar;C:\Users\Ric\.m2\repository\org\unbescape\unbescape\1.1.6.RELEASE\unbescape-1.1.6.RELEASE.jar;C:\Users\Ric\.m2\repository\org\slf4j\slf4j-api\2.0.13\slf4j-api-2.0.13.jar;C:\Users\Ric\.m2\repository\org\springframework\boot\spring-boot-starter-security\3.3.2\spring-boot-starter-security-3.3.2.jar;C:\Users\Ric\.m2\repository\org\springframework\spring-aop\6.1.11\spring-aop-6.1.11.jar;C:\Users\Ric\.m2\repository\org\springframework\security\spring-security-config\6.3.1\spring-security-config-6.3.1.jar;C:\Users\Ric\.m2\repository\org\springframework\security\spring-security-web\6.3.1\spring-security-web-6.3.1.jar;C:\Users\Ric\.m2\repository\org\springframework\boot\spring-boot-starter-data-jpa\3.3.2\spring-boot-starter-data-jpa-3.3.2.jar;C:\Users\Ric\.m2\repository\org\springframework\boot\spring-boot-starter-aop\3.3.2\spring-boot-starter-aop-3.3.2.jar;C:\Users\Ric\.m2\repository\org\aspectj\aspectjweaver\1.9.22.1\aspectjweaver-1.9.22.1.jar;C:\Users\Ric\.m2\repository\org\springframework\boot\spring-boot-starter-jdbc\3.3.2\spring-boot-starter-jdbc-3.3.2.jar;C:\Users\Ric\.m2\repository\com\zaxxer\HikariCP\5.1.0\HikariCP-5.1.0.jar;C:\Users\Ric\.m2\repository\org\springframework\spring-jdbc\6.1.11\spring-jdbc-6.1.11.jar;C:\Users\Ric\.m2\repository\org\hibernate\orm\hibernate-core\6.5.2.Final\hibernate-core-6.5.2.Final.jar;C:\Users\Ric\.m2\repository\jakarta\persistence\jakarta.persistence-api\3.1.0\jakarta.persistence-api-3.1.0.jar;C:\Users\Ric\.m2\repository\jakarta\transaction\jakarta.transaction-api\2.0.1\jakarta.transaction-api-2.0.1.jar;C:\Users\Ric\.m2\repository\org\jboss\logging\jboss-logging\3.5.3.Final\jboss-logging-3.5.3.Final.jar;C:\Users\Ric\.m2\repository\org\hibernate\common\hibernate-commons-annotations\6.0.6.Final\hibernate-commons-annotations-6.0.6.Final.jar;C:\Users\Ric\.m2\repository\io\smallrye\jandex\3.1.2\jandex-3.1.2.jar;C:\Users\Ric\.m2\repository\com\fasterxml\classmate\1.7.0\classmate-1.7.0.jar;C:\Users\Ric\.m2\repository\net\bytebuddy\byte-buddy\1.14.18\byte-buddy-1.14.18.jar;C:\Users\Ric\.m2\repository\org\glassfish\jaxb\jaxb-runtime\4.0.5\jaxb-runtime-4.0.5.jar;C:\Users\Ric\.m2\repository\org\glassfish\jaxb\jaxb-core\4.0.5\jaxb-core-4.0.5.jar;C:\Users\Ric\.m2\repository\org\eclipse\angus\angus-activation\2.0.2\angus-activation-2.0.2.jar;C:\Users\Ric\.m2\repository\org\glassfish\jaxb\txw2\4.0.5\txw2-4.0.5.jar;C:\Users\Ric\.m2\repository\com\sun\istack\istack-commons-runtime\4.1.2\istack-commons-runtime-4.1.2.jar;C:\Users\Ric\.m2\repository\jakarta\inject\jakarta.inject-api\2.0.1\jakarta.inject-api-2.0.1.jar;C:\Users\Ric\.m2\repository\org\antlr\antlr4-runtime\4.13.0\antlr4-runtime-4.13.0.jar;C:\Users\Ric\.m2\repository\org\springframework\data\spring-data-jpa\3.3.2\spring-data-jpa-3.3.2.jar;C:\Users\Ric\.m2\repository\org\springframework\data\spring-data-commons\3.3.2\spring-data-commons-3.3.2.jar;C:\Users\Ric\.m2\repository\org\springframework\spring-orm\6.1.11\spring-orm-6.1.11.jar;C:\Users\Ric\.m2\repository\org\springframework\spring-tx\6.1.11\spring-tx-6.1.11.jar;C:\Users\Ric\.m2\repository\org\springframework\spring-aspects\6.1.11\spring-aspects-6.1.11.jar;C:\Users\Ric\.m2\repository\org\postgresql\postgresql\42.7.3\postgresql-42.7.3.jar;C:\Users\Ric\.m2\repository\org\checkerframework\checker-qual\3.42.0\checker-qual-3.42.0.jar;C:\Users\Ric\.m2\repository\com\h2database\h2\2.2.224\h2-2.2.224.jar;C:\Users\Ric\.m2\repository\org\springframework\boot\spring-boot-devtools\3.3.2\spring-boot-devtools-3.3.2.jar;C:\Users\Ric\.m2\repository\org\springframework\boot\spring-boot\3.3.2\spring-boot-3.3.2.jar;C:\Users\Ric\.m2\repository\org\springframework\boot\spring-boot-autoconfigure\3.3.2\spring-boot-autoconfigure-3.3.2.jar;C:\Users\Ric\.m2\repository\jakarta\xml\bind\jakarta.xml.bind-api\4.0.2\jakarta.xml.bind-api-4.0.2.jar;C:\Users\Ric\.m2\repository\jakarta\activation\jakarta.activation-api\2.1.3\jakarta.activation-api-2.1.3.jar;C:\Users\Ric\.m2\repository\org\springframework\spring-core\6.1.11\spring-core-6.1.11.jar;C:\Users\Ric\.m2\repository\org\springframework\spring-jcl\6.1.11\spring-jcl-6.1.11.jar;C:\Users\Ric\.m2\repository\org\springframework\security\spring-security-core\6.3.1\spring-security-core-6.3.1.jar;C:\Users\Ric\.m2\repository\org\springframework\security\spring-security-crypto\6.3.1\spring-security-crypto-6.3.1.jar
Launcher Type: SUN_STANDARD

[Global flags]
     intx CICompilerCount                          = 3                                         {product} {ergonomic}
     uint ConcGCThreads                            = 1                                         {product} {ergonomic}
     uint G1ConcRefinementThreads                  = 4                                         {product} {ergonomic}
   size_t G1HeapRegionSize                         = 1048576                                   {product} {ergonomic}
    uintx GCDrainStackTargetSize                   = 64                                        {product} {ergonomic}
   size_t InitialHeapSize                          = 65011712                                  {product} {ergonomic}
   size_t MarkStackSize                            = 4194304                                   {product} {ergonomic}
   size_t MaxHeapSize                              = 1031798784                                {product} {ergonomic}
   size_t MaxNewSize                               = 618659840                                 {product} {ergonomic}
   size_t MinHeapDeltaBytes                        = 1048576                                   {product} {ergonomic}
   size_t MinHeapSize                              = 8388608                                   {product} {ergonomic}
    uintx NonNMethodCodeHeapSize                   = 5832780                                {pd product} {ergonomic}
    uintx NonProfiledCodeHeapSize                  = 122912730                              {pd product} {ergonomic}
    uintx ProfiledCodeHeapSize                     = 122912730                              {pd product} {ergonomic}
    uintx ReservedCodeCacheSize                    = 251658240                              {pd product} {ergonomic}
     bool SegmentedCodeCache                       = true                                      {product} {ergonomic}
   size_t SoftMaxHeapSize                          = 1031798784                             {manageable} {ergonomic}
     bool UseCompressedOops                        = true                           {product lp64_product} {ergonomic}
     bool UseG1GC                                  = true                                      {product} {ergonomic}
     bool UseLargePagesIndividualAllocation        = false                                  {pd product} {ergonomic}

Logging:
Log output configuration:
 #0: stdout all=warning uptime,level,tags foldmultilines=false
 #1: stderr all=off uptime,level,tags foldmultilines=false

Environment Variables:
PATH=C:\Program Files\Common Files\Oracle\Java\javapath;C:\Windows\system32;C:\Windows;C:\Windows\System32\Wbem;C:\Windows\System32\WindowsPowerShell\v1.0\;C:\Windows\System32\OpenSSH\;C:\Program Files\Microsoft SQL Server\150\Tools\Binn\;C:\Program Files\Git\bin;C:\Users\Ric\AppData\Roaming\nvm;C:\Program Files\nodejs;C:\Program Files\Docker\Docker\resources\bin;C:\Users\Ric\AppData\Local\Programs\Python\Python311\Scripts\;C:\Users\Ric\AppData\Local\Programs\Python\Python311\;C:\Users\Ric\AppData\Local\Microsoft\WindowsApps;C:\Users\Ric\.dotnet\tools;C:\Users\Ric\AppData\Local\Programs\Microsoft VS Code\bin;C:\dev\flutter\bin;C:\Users\Ric\AppData\Roaming\npm;C:\Users\Ric\AppData\Roaming\nvm;C:\Program Files\nodejs;C:\Users\Ric\AppData\Local\JetBrains\Toolbox\scripts;C:\Users\Ric\modelio\Modelio Open Source 5.4\plugins\org.apache.ant_1.10.9.v20201106-1946\META-INF;C:\Users\Ric\Documents\projects\work\biblio;C:\Program Files\PostgreSQL\16\bin;
USERNAME=Ric
OS=Windows_NT
PROCESSOR_IDENTIFIER=Intel64 Family 6 Model 58 Stepping 9, GenuineIntel
TMP=C:\Users\Ric\AppData\Local\Temp
TEMP=C:\Users\Ric\AppData\Local\Temp




Periodic native trim disabled

---------------  S Y S T E M  ---------------

OS:
 Windows 10 , 64 bit Build 19041 (10.0.19041.4717)
OS uptime: 0 days 17:55 hours
Hyper-V role detected

CPU: total 4 (initial active 4) (2 cores per cpu, 2 threads per core) family 6 model 58 stepping 9 microcode 0x21, cx8, cmov, fxsr, ht, mmx, sse, sse2, sse3, ssse3, sse4.1, sse4.2, popcnt, tsc, tscinvbit, avx, aes, erms, clmul, vzeroupper, clflush, hv, rdtscp, f16c
Processor Information for all 4 processors :
  Max Mhz: 2501, Current Mhz: 2100, Mhz Limit: 2075

Memory: 4k page, system-wide physical 3933M (292M free)
TotalPageFile size 8109M (AvailPageFile size 5M)
current process WorkingSet (physical memory assigned to process): 218M, peak: 228M
current process commit charge ("private bytes"): 265M, peak: 274M

vm_info: Java HotSpot(TM) 64-Bit Server VM (21.0.4+8-LTS-274) for windows-amd64 JRE (21.0.4+8-LTS-274), built on 2024-06-05T05:23:33Z by "mach5one" with MS VC++ 17.6 (VS2022)

END.
