#
# There is insufficient memory for the Java Runtime Environment to continue.
# Native memory allocation (malloc) failed to allocate 2309136 bytes for Chunk::new
# Possible reasons:
#   The system is out of physical RAM or swap space
#   The process is running with CompressedOops enabled, and the Java Heap may be blocking the growth of the native heap
# Possible solutions:
#   Reduce memory load on the system
#   Increase physical memory or swap space
#   Check if swap backing store is full
#   Decrease Java heap size (-Xmx/-Xms)
#   Decrease number of Java threads
#   Decrease Java thread stack sizes (-Xss)
#   Set larger code cache with -XX:ReservedCodeCacheSize=
#   JVM is running with Unscaled Compressed Oops mode in which the Java heap is
#     placed in the first 4GB address space. The Java Heap base address is the
#     maximum limit for the native heap growth. Please use -XX:HeapBaseMinAddress
#     to set the Java Heap base and to place the Java Heap above 4GB virtual address.
# This output file may be truncated or incomplete.
#
#  Out of Memory Error (arena.cpp:168), pid=7072, tid=11312
#
# JRE version: Java(TM) SE Runtime Environment (21.0.4+8) (build 21.0.4+8-LTS-274)
# Java VM: Java HotSpot(TM) 64-Bit Server VM (21.0.4+8-LTS-274, mixed mode, sharing, tiered, compressed oops, compressed class ptrs, g1 gc, windows-amd64)
# No core dump will be written. Minidumps are not enabled by default on client versions of Windows
#

---------------  S U M M A R Y ------------

Command Line: -javaagent:C:\Users\Ric\AppData\Local\Programs\IntelliJ IDEA Community Edition\lib\idea_rt.jar=4870:C:\Users\Ric\AppData\Local\Programs\IntelliJ IDEA Community Edition\bin -Dfile.encoding=UTF-8 -Dsun.stdout.encoding=UTF-8 -Dsun.stderr.encoding=UTF-8 com.hasinarezida.biblio.BiblioApplication

Host: Intel(R) Core(TM) i5-3210M CPU @ 2.50GHz, 4 cores, 3G,  Windows 10 , 64 bit Build 19041 (10.0.19041.4717)
Time: Mon Sep  9 11:26:49 2024 E. Africa Standard Time elapsed time: 33.880688 seconds (0d 0h 0m 33s)

---------------  T H R E A D  ---------------

Current thread (0x000001fe7589fbf0):  JavaThread "C2 CompilerThread0" daemon [_thread_in_native, id=11312, stack(0x0000002a1a500000,0x0000002a1a600000) (1024K)]


Current CompileTask:
C2:  33880 5751   !   4       org.springframework.util.ReflectionUtils::doWithMethods (186 bytes)

Stack: [0x0000002a1a500000,0x0000002a1a600000]
Native frames: (J=compiled Java code, j=interpreted, Vv=VM code, C=native code)
V  [jvm.dll+0x6c8e59]
V  [jvm.dll+0x853181]
V  [jvm.dll+0x8556ae]
V  [jvm.dll+0x855d83]
V  [jvm.dll+0x27d526]
V  [jvm.dll+0xc4aad]
V  [jvm.dll+0xc4fe3]
V  [jvm.dll+0x3b400c]
V  [jvm.dll+0x3809a5]
V  [jvm.dll+0x37fe1a]
V  [jvm.dll+0x246280]
V  [jvm.dll+0x24585f]
V  [jvm.dll+0x1c69de]
V  [jvm.dll+0x254d49]
V  [jvm.dll+0x2532da]
V  [jvm.dll+0x3ed426]
V  [jvm.dll+0x7fd65b]
V  [jvm.dll+0x6c753d]
C  [ucrtbase.dll+0x21bb2]
C  [KERNEL32.DLL+0x17374]
C  [ntdll.dll+0x4cc91]


---------------  P R O C E S S  ---------------

Threads class SMR info:
_java_thread_list=0x000001fe7b24a3e0, length=20, elements={
0x000001fe58d36b60, 0x000001fe75888fb0, 0x000001fe7588fba0, 0x000001fe75890c90,
0x000001fe758916f0, 0x000001fe75894560, 0x000001fe75895d00, 0x000001fe7589fbf0,
0x000001fe758a62d0, 0x000001fe58de1ca0, 0x000001fe7a165b10, 0x000001fe7a166180,
0x000001fe7a7a8130, 0x000001fe7a6e2660, 0x000001fe7b8b3c10, 0x000001fe7c1cf790,
0x000001fe7abe1030, 0x000001fe7abe3790, 0x000001fe7abe0310, 0x000001fe7abe09a0
}

Java Threads: ( => current thread )
  0x000001fe58d36b60 JavaThread "main"                              [_thread_blocked, id=1916, stack(0x0000002a19700000,0x0000002a19800000) (1024K)]
  0x000001fe75888fb0 JavaThread "Reference Handler"          daemon [_thread_blocked, id=1864, stack(0x0000002a19f00000,0x0000002a1a000000) (1024K)]
  0x000001fe7588fba0 JavaThread "Finalizer"                  daemon [_thread_blocked, id=9944, stack(0x0000002a1a000000,0x0000002a1a100000) (1024K)]
  0x000001fe75890c90 JavaThread "Signal Dispatcher"          daemon [_thread_blocked, id=9156, stack(0x0000002a1a100000,0x0000002a1a200000) (1024K)]
  0x000001fe758916f0 JavaThread "Attach Listener"            daemon [_thread_blocked, id=7516, stack(0x0000002a1a200000,0x0000002a1a300000) (1024K)]
  0x000001fe75894560 JavaThread "Service Thread"             daemon [_thread_blocked, id=8272, stack(0x0000002a1a300000,0x0000002a1a400000) (1024K)]
  0x000001fe75895d00 JavaThread "Monitor Deflation Thread"   daemon [_thread_blocked, id=884, stack(0x0000002a1a400000,0x0000002a1a500000) (1024K)]
=>0x000001fe7589fbf0 JavaThread "C2 CompilerThread0"         daemon [_thread_in_native, id=11312, stack(0x0000002a1a500000,0x0000002a1a600000) (1024K)]
  0x000001fe758a62d0 JavaThread "C1 CompilerThread0"         daemon [_thread_blocked, id=6212, stack(0x0000002a1a600000,0x0000002a1a700000) (1024K)]
  0x000001fe58de1ca0 JavaThread "Common-Cleaner"             daemon [_thread_blocked, id=5492, stack(0x0000002a1a700000,0x0000002a1a800000) (1024K)]
  0x000001fe7a165b10 JavaThread "Monitor Ctrl-Break"         daemon [_thread_in_native, id=10916, stack(0x0000002a1a800000,0x0000002a1a900000) (1024K)]
  0x000001fe7a166180 JavaThread "Notification Thread"        daemon [_thread_blocked, id=10720, stack(0x0000002a1a900000,0x0000002a1aa00000) (1024K)]
  0x000001fe7a7a8130 JavaThread "Thread-0"                          [_thread_blocked, id=7944, stack(0x0000002a1aa00000,0x0000002a1ab00000) (1024K)]
  0x000001fe7a6e2660 JavaThread "restartedMain"                     [_thread_in_vm, id=8496, stack(0x0000002a1ae00000,0x0000002a1af00000) (1024K)]
  0x000001fe7b8b3c10 JavaThread "PostgreSQL-JDBC-Cleaner"    daemon [_thread_blocked, id=2032, stack(0x0000002a1b000000,0x0000002a1b100000) (1024K)]
  0x000001fe7c1cf790 JavaThread "HikariPool-1 housekeeper"   daemon [_thread_blocked, id=12196, stack(0x0000002a1b100000,0x0000002a1b200000) (1024K)]
  0x000001fe7abe1030 JavaThread "HikariPool-1 connection adder" daemon [_thread_blocked, id=5124, stack(0x0000002a1b200000,0x0000002a1b300000) (1024K)]
  0x000001fe7abe3790 JavaThread "Catalina-utility-1"                [_thread_blocked, id=6548, stack(0x0000002a1b300000,0x0000002a1b400000) (1024K)]
  0x000001fe7abe0310 JavaThread "Catalina-utility-2"                [_thread_blocked, id=8300, stack(0x0000002a1b400000,0x0000002a1b500000) (1024K)]
  0x000001fe7abe09a0 JavaThread "container-0"                       [_thread_blocked, id=2656, stack(0x0000002a1b500000,0x0000002a1b600000) (1024K)]
Total: 20

Other Threads:
  0x000001fe58dfc7b0 VMThread "VM Thread"                           [id=7380, stack(0x0000002a19e00000,0x0000002a19f00000) (1024K)]
  0x000001fe7586dc50 WatcherThread "VM Periodic Task Thread"        [id=5128, stack(0x0000002a19d00000,0x0000002a19e00000) (1024K)]
  0x000001fe58d6ee00 WorkerThread "GC Thread#0"                     [id=12132, stack(0x0000002a19800000,0x0000002a19900000) (1024K)]
  0x000001fe7a3b06f0 WorkerThread "GC Thread#1"                     [id=10368, stack(0x0000002a1ab00000,0x0000002a1ac00000) (1024K)]
  0x000001fe7a30d270 WorkerThread "GC Thread#2"                     [id=3976, stack(0x0000002a1ac00000,0x0000002a1ad00000) (1024K)]
  0x000001fe7a30d610 WorkerThread "GC Thread#3"                     [id=8336, stack(0x0000002a1ad00000,0x0000002a1ae00000) (1024K)]
  0x000001fe58d77990 ConcurrentGCThread "G1 Main Marker"            [id=8328, stack(0x0000002a19900000,0x0000002a19a00000) (1024K)]
  0x000001fe58d79b40 WorkerThread "G1 Conc#0"                       [id=11244, stack(0x0000002a19a00000,0x0000002a19b00000) (1024K)]
  0x000001fe58dd0e80 ConcurrentGCThread "G1 Refine#0"               [id=8524, stack(0x0000002a19b00000,0x0000002a19c00000) (1024K)]
  0x000001fe58dd18f0 ConcurrentGCThread "G1 Service"                [id=9464, stack(0x0000002a19c00000,0x0000002a19d00000) (1024K)]
Total: 10

Threads with active compile tasks:
C2 CompilerThread0    33952 5751   !   4       org.springframework.util.ReflectionUtils::doWithMethods (186 bytes)
Total: 1

VM state: not at safepoint (normal execution)

VM Mutex/Monitor currently owned by a thread: None

Heap address: 0x00000000c2800000, size: 984 MB, Compressed Oops mode: 32-bit

CDS archive(s) mapped at: [0x000001fe00000000-0x000001fe00c90000-0x000001fe00c90000), size 13172736, SharedBaseAddress: 0x000001fe00000000, ArchiveRelocationMode: 1.
Compressed class space mapped at: 0x000001fe01000000-0x000001fe41000000, reserved size: 1073741824
Narrow klass base: 0x000001fe00000000, Narrow klass shift: 0, Narrow klass range: 0x100000000

GC Precious Log:
 CardTable entry size: 512
 Card Set container configuration: InlinePtr #cards 5 size 8 Array Of Cards #cards 12 size 40 Howl #buckets 4 coarsen threshold 1843 Howl Bitmap #cards 512 size 80 coarsen threshold 460 Card regions per heap region 1 cards per card region 2048
 CPUs: 4 total, 4 available
 Memory: 3933M
 Large Page Support: Disabled
 NUMA Support: Disabled
 Compressed Oops: Enabled (32-bit)
 Heap Region Size: 1M
 Heap Min Capacity: 8M
 Heap Initial Capacity: 62M
 Heap Max Capacity: 984M
 Pre-touch: Disabled
 Parallel Workers: 4
 Concurrent Workers: 1
 Concurrent Refinement Workers: 4
 Periodic GC: Disabled

Heap:
 garbage-first heap   total 55296K, used 39928K [0x00000000c2800000, 0x0000000100000000)
  region size 1024K, 15 young (15360K), 1 survivors (1024K)
 Metaspace       used 61371K, committed 62080K, reserved 1114112K
  class space    used 8359K, committed 8704K, reserved 1048576K

Heap Regions: E=young(eden), S=young(survivor), O=old, HS=humongous(starts), HC=humongous(continues), CS=collection set, F=free, TAMS=top-at-mark-start, PB=parsable bottom
|   0|0x00000000c2800000, 0x00000000c2900000, 0x00000000c2900000|100%|HS|  |TAMS 0x00000000c2800000| PB 0x00000000c2800000| Complete 
|   1|0x00000000c2900000, 0x00000000c2a00000, 0x00000000c2a00000|100%| O|  |TAMS 0x00000000c2900000| PB 0x00000000c2900000| Untracked 
|   2|0x00000000c2a00000, 0x00000000c2b00000, 0x00000000c2b00000|100%| O|  |TAMS 0x00000000c2a00000| PB 0x00000000c2a00000| Untracked 
|   3|0x00000000c2b00000, 0x00000000c2c00000, 0x00000000c2c00000|100%| O|  |TAMS 0x00000000c2b00000| PB 0x00000000c2b00000| Untracked 
|   4|0x00000000c2c00000, 0x00000000c2d00000, 0x00000000c2d00000|100%| O|  |TAMS 0x00000000c2c00000| PB 0x00000000c2c00000| Untracked 
|   5|0x00000000c2d00000, 0x00000000c2e00000, 0x00000000c2e00000|100%| O|  |TAMS 0x00000000c2d00000| PB 0x00000000c2d00000| Untracked 
|   6|0x00000000c2e00000, 0x00000000c2f00000, 0x00000000c2f00000|100%| O|  |TAMS 0x00000000c2e00000| PB 0x00000000c2e00000| Untracked 
|   7|0x00000000c2f00000, 0x00000000c3000000, 0x00000000c3000000|100%| O|  |TAMS 0x00000000c2f00000| PB 0x00000000c2f00000| Untracked 
|   8|0x00000000c3000000, 0x00000000c3100000, 0x00000000c3100000|100%| O|  |TAMS 0x00000000c3000000| PB 0x00000000c3000000| Untracked 
|   9|0x00000000c3100000, 0x00000000c3200000, 0x00000000c3200000|100%| O|  |TAMS 0x00000000c3100000| PB 0x00000000c3100000| Untracked 
|  10|0x00000000c3200000, 0x00000000c3300000, 0x00000000c3300000|100%| O|  |TAMS 0x00000000c3200000| PB 0x00000000c3200000| Untracked 
|  11|0x00000000c3300000, 0x00000000c3400000, 0x00000000c3400000|100%| O|  |TAMS 0x00000000c3300000| PB 0x00000000c3300000| Untracked 
|  12|0x00000000c3400000, 0x00000000c3500000, 0x00000000c3500000|100%| O|  |TAMS 0x00000000c3400000| PB 0x00000000c3400000| Untracked 
|  13|0x00000000c3500000, 0x00000000c3600000, 0x00000000c3600000|100%| O|  |TAMS 0x00000000c3500000| PB 0x00000000c3500000| Untracked 
|  14|0x00000000c3600000, 0x00000000c3700000, 0x00000000c3700000|100%| O|  |TAMS 0x00000000c3600000| PB 0x00000000c3600000| Untracked 
|  15|0x00000000c3700000, 0x00000000c3800000, 0x00000000c3800000|100%| O|  |TAMS 0x00000000c3700000| PB 0x00000000c3700000| Untracked 
|  16|0x00000000c3800000, 0x00000000c3900000, 0x00000000c3900000|100%| O|  |TAMS 0x00000000c3800000| PB 0x00000000c3800000| Untracked 
|  17|0x00000000c3900000, 0x00000000c3a00000, 0x00000000c3a00000|100%| O|Cm|TAMS 0x00000000c3900000| PB 0x00000000c3900000| Complete 
|  18|0x00000000c3a00000, 0x00000000c3b00000, 0x00000000c3b00000|100%| O|  |TAMS 0x00000000c3a00000| PB 0x00000000c3a00000| Untracked 
|  19|0x00000000c3b00000, 0x00000000c3c00000, 0x00000000c3c00000|100%| O|  |TAMS 0x00000000c3b00000| PB 0x00000000c3b00000| Untracked 
|  20|0x00000000c3c00000, 0x00000000c3d00000, 0x00000000c3d00000|100%| O|  |TAMS 0x00000000c3c00000| PB 0x00000000c3c00000| Untracked 
|  21|0x00000000c3d00000, 0x00000000c3e00000, 0x00000000c3e00000|100%| O|  |TAMS 0x00000000c3d00000| PB 0x00000000c3d00000| Untracked 
|  22|0x00000000c3e00000, 0x00000000c3f00000, 0x00000000c3f00000|100%| O|  |TAMS 0x00000000c3e00000| PB 0x00000000c3e00000| Untracked 
|  23|0x00000000c3f00000, 0x00000000c4000000, 0x00000000c4000000|100%| O|  |TAMS 0x00000000c3f00000| PB 0x00000000c3f00000| Untracked 
|  24|0x00000000c4000000, 0x00000000c4100000, 0x00000000c4100000|100%| O|  |TAMS 0x00000000c4000000| PB 0x00000000c4000000| Untracked 
|  25|0x00000000c4100000, 0x00000000c4100000, 0x00000000c4200000|  0%| F|  |TAMS 0x00000000c4100000| PB 0x00000000c4100000| Untracked 
|  26|0x00000000c4200000, 0x00000000c4200000, 0x00000000c4300000|  0%| F|  |TAMS 0x00000000c4200000| PB 0x00000000c4200000| Untracked 
|  27|0x00000000c4300000, 0x00000000c4300000, 0x00000000c4400000|  0%| F|  |TAMS 0x00000000c4300000| PB 0x00000000c4300000| Untracked 
|  28|0x00000000c4400000, 0x00000000c445a248, 0x00000000c4500000| 35%| O|  |TAMS 0x00000000c4400000| PB 0x00000000c4400000| Untracked 
|  29|0x00000000c4500000, 0x00000000c4500000, 0x00000000c4600000|  0%| F|  |TAMS 0x00000000c4500000| PB 0x00000000c4500000| Untracked 
|  30|0x00000000c4600000, 0x00000000c4600000, 0x00000000c4700000|  0%| F|  |TAMS 0x00000000c4600000| PB 0x00000000c4600000| Untracked 
|  31|0x00000000c4700000, 0x00000000c4700000, 0x00000000c4800000|  0%| F|  |TAMS 0x00000000c4700000| PB 0x00000000c4700000| Untracked 
|  32|0x00000000c4800000, 0x00000000c4800000, 0x00000000c4900000|  0%| F|  |TAMS 0x00000000c4800000| PB 0x00000000c4800000| Untracked 
|  33|0x00000000c4900000, 0x00000000c4900000, 0x00000000c4a00000|  0%| F|  |TAMS 0x00000000c4900000| PB 0x00000000c4900000| Untracked 
|  34|0x00000000c4a00000, 0x00000000c4a00000, 0x00000000c4b00000|  0%| F|  |TAMS 0x00000000c4a00000| PB 0x00000000c4a00000| Untracked 
|  35|0x00000000c4b00000, 0x00000000c4b00000, 0x00000000c4c00000|  0%| F|  |TAMS 0x00000000c4b00000| PB 0x00000000c4b00000| Untracked 
|  36|0x00000000c4c00000, 0x00000000c4c00000, 0x00000000c4d00000|  0%| F|  |TAMS 0x00000000c4c00000| PB 0x00000000c4c00000| Untracked 
|  37|0x00000000c4d00000, 0x00000000c4d00000, 0x00000000c4e00000|  0%| F|  |TAMS 0x00000000c4d00000| PB 0x00000000c4d00000| Untracked 
|  38|0x00000000c4e00000, 0x00000000c4e00000, 0x00000000c4f00000|  0%| F|  |TAMS 0x00000000c4e00000| PB 0x00000000c4e00000| Untracked 
|  39|0x00000000c4f00000, 0x00000000c4f707d8, 0x00000000c5000000| 43%| E|  |TAMS 0x00000000c4f00000| PB 0x00000000c4f00000| Complete 
|  40|0x00000000c5000000, 0x00000000c5100000, 0x00000000c5100000|100%| E|CS|TAMS 0x00000000c5000000| PB 0x00000000c5000000| Complete 
|  41|0x00000000c5100000, 0x00000000c5200000, 0x00000000c5200000|100%| E|CS|TAMS 0x00000000c5100000| PB 0x00000000c5100000| Complete 
|  42|0x00000000c5200000, 0x00000000c5300000, 0x00000000c5300000|100%| E|CS|TAMS 0x00000000c5200000| PB 0x00000000c5200000| Complete 
|  43|0x00000000c5300000, 0x00000000c5400000, 0x00000000c5400000|100%| E|CS|TAMS 0x00000000c5300000| PB 0x00000000c5300000| Complete 
|  44|0x00000000c5400000, 0x00000000c5500000, 0x00000000c5500000|100%| E|CS|TAMS 0x00000000c5400000| PB 0x00000000c5400000| Complete 
|  45|0x00000000c5500000, 0x00000000c5600000, 0x00000000c5600000|100%| E|CS|TAMS 0x00000000c5500000| PB 0x00000000c5500000| Complete 
|  46|0x00000000c5600000, 0x00000000c5700000, 0x00000000c5700000|100%| E|CS|TAMS 0x00000000c5600000| PB 0x00000000c5600000| Complete 
|  47|0x00000000c5700000, 0x00000000c5800000, 0x00000000c5800000|100%| E|CS|TAMS 0x00000000c5700000| PB 0x00000000c5700000| Complete 
|  48|0x00000000c5800000, 0x00000000c5900000, 0x00000000c5900000|100%| E|CS|TAMS 0x00000000c5800000| PB 0x00000000c5800000| Complete 
|  49|0x00000000c5900000, 0x00000000c59a4128, 0x00000000c5a00000| 64%| S|CS|TAMS 0x00000000c5900000| PB 0x00000000c5900000| Complete 
|  50|0x00000000c5a00000, 0x00000000c5b00000, 0x00000000c5b00000|100%| E|CS|TAMS 0x00000000c5a00000| PB 0x00000000c5a00000| Complete 
|  51|0x00000000c5b00000, 0x00000000c5c00000, 0x00000000c5c00000|100%| E|CS|TAMS 0x00000000c5b00000| PB 0x00000000c5b00000| Complete 
|  52|0x00000000c5c00000, 0x00000000c5d00000, 0x00000000c5d00000|100%| E|CS|TAMS 0x00000000c5c00000| PB 0x00000000c5c00000| Complete 
|  61|0x00000000c6500000, 0x00000000c6600000, 0x00000000c6600000|100%| E|CS|TAMS 0x00000000c6500000| PB 0x00000000c6500000| Complete 

Card table byte_map: [0x000001fe72190000,0x000001fe72380000] _byte_map_base: 0x000001fe71b7c000

Marking Bits: (CMBitMap*) 0x000001fe58d6f400
 Bits: [0x000001fe72380000, 0x000001fe732e0000)

Polling page: 0x000001fe58ba0000

Metaspace:

Usage:
  Non-class:     51.78 MB used.
      Class:      8.16 MB used.
       Both:     59.94 MB used.

Virtual space:
  Non-class space:       64.00 MB reserved,      52.12 MB ( 81%) committed,  1 nodes.
      Class space:        1.00 GB reserved,       8.50 MB ( <1%) committed,  1 nodes.
             Both:        1.06 GB reserved,      60.62 MB (  6%) committed. 

Chunk freelists:
   Non-Class:  11.14 MB
       Class:  7.42 MB
        Both:  18.56 MB

MaxMetaspaceSize: unlimited
CompressedClassSpaceSize: 1.00 GB
Initial GC threshold: 21.00 MB
Current GC threshold: 98.44 MB
CDS: on
 - commit_granule_bytes: 65536.
 - commit_granule_words: 8192.
 - virtual_space_node_default_size: 8388608.
 - enlarge_chunks_in_place: 1.
 - use_allocation_guard: 0.


Internal statistics:

num_allocs_failed_limit: 9.
num_arena_births: 904.
num_arena_deaths: 0.
num_vsnodes_births: 2.
num_vsnodes_deaths: 0.
num_space_committed: 970.
num_space_uncommitted: 0.
num_chunks_returned_to_freelist: 9.
num_chunks_taken_from_freelist: 3162.
num_chunk_merges: 6.
num_chunk_splits: 2248.
num_chunks_enlarged: 1708.
num_inconsistent_stats: 0.

CodeHeap 'non-profiled nmethods': size=120000Kb used=2844Kb max_used=3058Kb free=117156Kb
 bounds [0x000001fe6a450000, 0x000001fe6a750000, 0x000001fe71980000]
CodeHeap 'profiled nmethods': size=120000Kb used=9925Kb max_used=10308Kb free=110074Kb
 bounds [0x000001fe62980000, 0x000001fe633a0000, 0x000001fe69eb0000]
CodeHeap 'non-nmethods': size=5760Kb used=1648Kb max_used=1691Kb free=4111Kb
 bounds [0x000001fe69eb0000, 0x000001fe6a120000, 0x000001fe6a450000]
 total_blobs=5943 nmethods=5253 adapters=594
 compilation: enabled
              stopped_count=0, restarted_count=0
 full_count=0

Compilation events (20 events):
Event: 33.767 Thread 0x000001fe758a62d0 5870       3       org.springframework.beans.factory.annotation.AutowiredAnnotationBeanPostProcessor::lambda$buildAutowiringMetadata$2 (161 bytes)
Event: 33.768 Thread 0x000001fe758a62d0 nmethod 5870 0x000001fe62addc10 code [0x000001fe62addf60, 0x000001fe62adf1a8]
Event: 33.768 Thread 0x000001fe758a62d0 5871       1       org.springframework.web.context.support.GenericWebApplicationContext::getServletContext (5 bytes)
Event: 33.769 Thread 0x000001fe758a62d0 nmethod 5871 0x000001fe6a4b9810 code [0x000001fe6a4b99a0, 0x000001fe6a4b9a68]
Event: 33.773 Thread 0x000001fe758a62d0 5872       2       org.springframework.util.ClassUtils::isAssignableValue (34 bytes)
Event: 33.773 Thread 0x000001fe758a62d0 nmethod 5872 0x000001fe6319b710 code [0x000001fe6319b8c0, 0x000001fe6319bae8]
Event: 33.793 Thread 0x000001fe758a62d0 5874       2       sun.reflect.generics.parser.SignatureParser::parseIdentifier (13 bytes)
Event: 33.794 Thread 0x000001fe758a62d0 nmethod 5874 0x000001fe6319b290 code [0x000001fe6319b440, 0x000001fe6319b5a8]
Event: 33.794 Thread 0x000001fe758a62d0 5875       1       sun.reflect.generics.scope.AbstractScope::getRecvr (5 bytes)
Event: 33.794 Thread 0x000001fe758a62d0 nmethod 5875 0x000001fe6a510590 code [0x000001fe6a510720, 0x000001fe6a5107e8]
Event: 33.794 Thread 0x000001fe758a62d0 5876       2       org.springframework.core.SerializableTypeWrapper$MethodInvokeTypeProvider::getType (57 bytes)
Event: 33.795 Thread 0x000001fe758a62d0 nmethod 5876 0x000001fe630cf390 code [0x000001fe630cf5e0, 0x000001fe630cfc38]
Event: 33.795 Thread 0x000001fe758a62d0 5877       2       org.springframework.util.ReflectionUtils::getAllDeclaredMethods (38 bytes)
Event: 33.796 Thread 0x000001fe758a62d0 nmethod 5877 0x000001fe631fd210 code [0x000001fe631fd3e0, 0x000001fe631fd6a0]
Event: 33.798 Thread 0x000001fe758a62d0 5878       2       org.springframework.beans.factory.support.DefaultListableBeanFactory::findAnnotationOnBean (8 bytes)
Event: 33.798 Thread 0x000001fe758a62d0 nmethod 5878 0x000001fe62aa3390 code [0x000001fe62aa3520, 0x000001fe62aa3650]
Event: 33.813 Thread 0x000001fe758a62d0 5879       2       java.util.regex.Pattern$CharProperty::<init> (10 bytes)
Event: 33.813 Thread 0x000001fe758a62d0 nmethod 5879 0x000001fe62aa2d10 code [0x000001fe62aa2ea0, 0x000001fe62aa3068]
Event: 33.814 Thread 0x000001fe758a62d0 5880       3       org.springframework.core.BridgeMethodResolver::getMostSpecificMethod (53 bytes)
Event: 33.816 Thread 0x000001fe758a62d0 nmethod 5880 0x000001fe62be0f10 code [0x000001fe62be1280, 0x000001fe62be2828]

GC Heap History (20 events):
Event: 5.898 GC heap before
{Heap before GC invocations=3 (full 0):
 garbage-first heap   total 63488K, used 42914K [0x00000000c2800000, 0x0000000100000000)
  region size 1024K, 36 young (36864K), 4 survivors (4096K)
 Metaspace       used 19487K, committed 19840K, reserved 1114112K
  class space    used 2339K, committed 2496K, reserved 1048576K
}
Event: 5.908 GC heap after
{Heap after GC invocations=4 (full 0):
 garbage-first heap   total 63488K, used 13046K [0x00000000c2800000, 0x0000000100000000)
  region size 1024K, 5 young (5120K), 5 survivors (5120K)
 Metaspace       used 19487K, committed 19840K, reserved 1114112K
  class space    used 2339K, committed 2496K, reserved 1048576K
}
Event: 6.757 GC heap before
{Heap before GC invocations=4 (full 0):
 garbage-first heap   total 63488K, used 28406K [0x00000000c2800000, 0x0000000100000000)
  region size 1024K, 21 young (21504K), 5 survivors (5120K)
 Metaspace       used 21248K, committed 21504K, reserved 1114112K
  class space    used 2547K, committed 2688K, reserved 1048576K
}
Event: 6.766 GC heap after
{Heap after GC invocations=5 (full 0):
 garbage-first heap   total 63488K, used 14237K [0x00000000c2800000, 0x0000000100000000)
  region size 1024K, 2 young (2048K), 2 survivors (2048K)
 Metaspace       used 21248K, committed 21504K, reserved 1114112K
  class space    used 2547K, committed 2688K, reserved 1048576K
}
Event: 9.225 GC heap before
{Heap before GC invocations=6 (full 0):
 garbage-first heap   total 55296K, used 44957K [0x00000000c2800000, 0x0000000100000000)
  region size 1024K, 32 young (32768K), 2 survivors (2048K)
 Metaspace       used 26475K, committed 26944K, reserved 1114112K
  class space    used 3305K, committed 3520K, reserved 1048576K
}
Event: 9.233 GC heap after
{Heap after GC invocations=7 (full 0):
 garbage-first heap   total 55296K, used 17226K [0x00000000c2800000, 0x0000000100000000)
  region size 1024K, 4 young (4096K), 4 survivors (4096K)
 Metaspace       used 26475K, committed 26944K, reserved 1114112K
  class space    used 3305K, committed 3520K, reserved 1048576K
}
Event: 10.828 GC heap before
{Heap before GC invocations=7 (full 0):
 garbage-first heap   total 55296K, used 42826K [0x00000000c2800000, 0x0000000100000000)
  region size 1024K, 30 young (30720K), 4 survivors (4096K)
 Metaspace       used 32225K, committed 32768K, reserved 1114112K
  class space    used 3992K, committed 4224K, reserved 1048576K
}
Event: 10.838 GC heap after
{Heap after GC invocations=8 (full 0):
 garbage-first heap   total 55296K, used 19397K [0x00000000c2800000, 0x0000000100000000)
  region size 1024K, 3 young (3072K), 3 survivors (3072K)
 Metaspace       used 32225K, committed 32768K, reserved 1114112K
  class space    used 3992K, committed 4224K, reserved 1048576K
}
Event: 11.769 GC heap before
{Heap before GC invocations=8 (full 0):
 garbage-first heap   total 55296K, used 34757K [0x00000000c2800000, 0x0000000100000000)
  region size 1024K, 19 young (19456K), 3 survivors (3072K)
 Metaspace       used 35471K, committed 35968K, reserved 1114112K
  class space    used 4426K, committed 4672K, reserved 1048576K
}
Event: 11.774 GC heap after
{Heap after GC invocations=9 (full 0):
 garbage-first heap   total 55296K, used 20904K [0x00000000c2800000, 0x0000000100000000)
  region size 1024K, 4 young (4096K), 4 survivors (4096K)
 Metaspace       used 35471K, committed 35968K, reserved 1114112K
  class space    used 4426K, committed 4672K, reserved 1048576K
}
Event: 29.226 GC heap before
{Heap before GC invocations=10 (full 0):
 garbage-first heap   total 55296K, used 45480K [0x00000000c2800000, 0x0000000100000000)
  region size 1024K, 29 young (29696K), 4 survivors (4096K)
 Metaspace       used 41499K, committed 42048K, reserved 1114112K
  class space    used 5425K, committed 5696K, reserved 1048576K
}
Event: 29.233 GC heap after
{Heap after GC invocations=11 (full 0):
 garbage-first heap   total 55296K, used 21897K [0x00000000c2800000, 0x0000000100000000)
  region size 1024K, 3 young (3072K), 3 survivors (3072K)
 Metaspace       used 41499K, committed 42048K, reserved 1114112K
  class space    used 5425K, committed 5696K, reserved 1048576K
}
Event: 30.386 GC heap before
{Heap before GC invocations=11 (full 0):
 garbage-first heap   total 55296K, used 46473K [0x00000000c2800000, 0x0000000100000000)
  region size 1024K, 28 young (28672K), 3 survivors (3072K)
 Metaspace       used 48222K, committed 48832K, reserved 1114112K
  class space    used 6341K, committed 6592K, reserved 1048576K
}
Event: 30.394 GC heap after
{Heap after GC invocations=12 (full 0):
 garbage-first heap   total 55296K, used 23339K [0x00000000c2800000, 0x0000000100000000)
  region size 1024K, 4 young (4096K), 4 survivors (4096K)
 Metaspace       used 48222K, committed 48832K, reserved 1114112K
  class space    used 6341K, committed 6592K, reserved 1048576K
}
Event: 31.507 GC heap before
{Heap before GC invocations=12 (full 0):
 garbage-first heap   total 55296K, used 44843K [0x00000000c2800000, 0x0000000100000000)
  region size 1024K, 26 young (26624K), 4 survivors (4096K)
 Metaspace       used 53680K, committed 54336K, reserved 1114112K
  class space    used 7225K, committed 7488K, reserved 1048576K
}
Event: 31.513 GC heap after
{Heap after GC invocations=13 (full 0):
 garbage-first heap   total 55296K, used 23920K [0x00000000c2800000, 0x0000000100000000)
  region size 1024K, 3 young (3072K), 3 survivors (3072K)
 Metaspace       used 53680K, committed 54336K, reserved 1114112K
  class space    used 7225K, committed 7488K, reserved 1048576K
}
Event: 32.852 GC heap before
{Heap before GC invocations=13 (full 0):
 garbage-first heap   total 55296K, used 47472K [0x00000000c2800000, 0x0000000100000000)
  region size 1024K, 26 young (26624K), 3 survivors (3072K)
 Metaspace       used 58998K, committed 59712K, reserved 1114112K
  class space    used 7929K, committed 8256K, reserved 1048576K
}
Event: 32.862 GC heap after
{Heap after GC invocations=14 (full 0):
 garbage-first heap   total 55296K, used 26069K [0x00000000c2800000, 0x0000000100000000)
  region size 1024K, 3 young (3072K), 3 survivors (3072K)
 Metaspace       used 58998K, committed 59712K, reserved 1114112K
  class space    used 7929K, committed 8256K, reserved 1048576K
}
Event: 33.280 GC heap before
{Heap before GC invocations=14 (full 0):
 garbage-first heap   total 55296K, used 29141K [0x00000000c2800000, 0x0000000100000000)
  region size 1024K, 7 young (7168K), 3 survivors (3072K)
 Metaspace       used 59733K, committed 60416K, reserved 1114112K
  class space    used 8050K, committed 8384K, reserved 1048576K
}
Event: 33.286 GC heap after
{Heap after GC invocations=15 (full 0):
 garbage-first heap   total 55296K, used 26616K [0x00000000c2800000, 0x0000000100000000)
  region size 1024K, 1 young (1024K), 1 survivors (1024K)
 Metaspace       used 59733K, committed 60416K, reserved 1114112K
  class space    used 8050K, committed 8384K, reserved 1048576K
}

Dll operation events (14 events):
Event: 0.055 Loaded shared library C:\Program Files\Java\jdk-21\bin\java.dll
Event: 0.127 Loaded shared library C:\Program Files\Java\jdk-21\bin\jsvml.dll
Event: 0.403 Loaded shared library C:\Program Files\Java\jdk-21\bin\zip.dll
Event: 0.419 Loaded shared library C:\Program Files\Java\jdk-21\bin\instrument.dll
Event: 0.432 Loaded shared library C:\Program Files\Java\jdk-21\bin\net.dll
Event: 0.436 Loaded shared library C:\Program Files\Java\jdk-21\bin\nio.dll
Event: 0.445 Loaded shared library C:\Program Files\Java\jdk-21\bin\zip.dll
Event: 1.038 Loaded shared library C:\Users\Ric\AppData\Local\Programs\IntelliJ IDEA Community Edition\bin\breakgen64.dll
Event: 1.063 Loaded shared library C:\Program Files\Java\jdk-21\bin\extnet.dll
Event: 1.182 Loaded shared library C:\Program Files\Java\jdk-21\bin\jimage.dll
Event: 1.990 Loaded shared library C:\Program Files\Java\jdk-21\bin\management.dll
Event: 1.996 Loaded shared library C:\Program Files\Java\jdk-21\bin\management_ext.dll
Event: 4.918 Loaded shared library C:\Program Files\Java\jdk-21\bin\sunmscapi.dll
Event: 12.162 Loaded shared library C:\Program Files\Java\jdk-21\bin\verify.dll

Deoptimization events (20 events):
Event: 33.162 Thread 0x000001fe7a6e2660 Uncommon trap: trap_request=0xffffffbe fr.pc=0x000001fe6a735e0c relative=0x0000000000003dac
Event: 33.162 Thread 0x000001fe7a6e2660 Uncommon trap: reason=profile_predicate action=maybe_recompile pc=0x000001fe6a735e0c method=org.springframework.util.ReflectionUtils.doWithMethods(Ljava/lang/Class;Lorg/springframework/util/ReflectionUtils$MethodCallback;Lorg/springframework/util/Reflecti
Event: 33.162 Thread 0x000001fe7a6e2660 DEOPT PACKING pc=0x000001fe6a735e0c sp=0x0000002a1aefc6c0
Event: 33.162 Thread 0x000001fe7a6e2660 DEOPT UNPACKING pc=0x000001fe69f046a2 sp=0x0000002a1aefc6e8 mode 2
Event: 33.162 Thread 0x000001fe7a6e2660 Uncommon trap: trap_request=0xffffffbe fr.pc=0x000001fe6a735e0c relative=0x0000000000003dac
Event: 33.162 Thread 0x000001fe7a6e2660 Uncommon trap: reason=profile_predicate action=maybe_recompile pc=0x000001fe6a735e0c method=org.springframework.util.ReflectionUtils.doWithMethods(Ljava/lang/Class;Lorg/springframework/util/ReflectionUtils$MethodCallback;Lorg/springframework/util/Reflecti
Event: 33.162 Thread 0x000001fe7a6e2660 DEOPT PACKING pc=0x000001fe6a735e0c sp=0x0000002a1aefc620
Event: 33.162 Thread 0x000001fe7a6e2660 DEOPT UNPACKING pc=0x000001fe69f046a2 sp=0x0000002a1aefc648 mode 2
Event: 33.712 Thread 0x000001fe7a6e2660 Uncommon trap: trap_request=0xffffff45 fr.pc=0x000001fe6a5a51d8 relative=0x0000000000000438
Event: 33.712 Thread 0x000001fe7a6e2660 Uncommon trap: reason=unstable_if action=reinterpret pc=0x000001fe6a5a51d8 method=sun.reflect.annotation.AnnotationInvocationHandler.invoke(Ljava/lang/Object;Ljava/lang/reflect/Method;[Ljava/lang/Object;)Ljava/lang/Object; @ 76 c2
Event: 33.712 Thread 0x000001fe7a6e2660 DEOPT PACKING pc=0x000001fe6a5a51d8 sp=0x0000002a1aef82d0
Event: 33.712 Thread 0x000001fe7a6e2660 DEOPT UNPACKING pc=0x000001fe69f046a2 sp=0x0000002a1aef8278 mode 2
Event: 33.749 Thread 0x000001fe7a6e2660 Uncommon trap: trap_request=0xffffffde fr.pc=0x000001fe6a6d0a80 relative=0x0000000000000160
Event: 33.749 Thread 0x000001fe7a6e2660 Uncommon trap: reason=class_check action=maybe_recompile pc=0x000001fe6a6d0a80 method=java.lang.reflect.Method.equals(Ljava/lang/Object;)Z @ 1 c2
Event: 33.749 Thread 0x000001fe7a6e2660 DEOPT PACKING pc=0x000001fe6a6d0a80 sp=0x0000002a1aefaa50
Event: 33.749 Thread 0x000001fe7a6e2660 DEOPT UNPACKING pc=0x000001fe69f046a2 sp=0x0000002a1aefa9d8 mode 2
Event: 33.749 Thread 0x000001fe7a6e2660 Uncommon trap: trap_request=0xffffffde fr.pc=0x000001fe6a6d0a80 relative=0x0000000000000160
Event: 33.749 Thread 0x000001fe7a6e2660 Uncommon trap: reason=class_check action=maybe_recompile pc=0x000001fe6a6d0a80 method=java.lang.reflect.Method.equals(Ljava/lang/Object;)Z @ 1 c2
Event: 33.749 Thread 0x000001fe7a6e2660 DEOPT PACKING pc=0x000001fe6a6d0a80 sp=0x0000002a1aefaa50
Event: 33.749 Thread 0x000001fe7a6e2660 DEOPT UNPACKING pc=0x000001fe69f046a2 sp=0x0000002a1aefa9d8 mode 2

Classes loaded (20 events):
Event: 33.148 Loading class java/lang/Package$1PackageInfoProxy
Event: 33.149 Loading class java/lang/Package$1PackageInfoProxy done
Event: 33.260 Loading class java/lang/invoke/WrongMethodTypeException
Event: 33.261 Loading class java/lang/invoke/WrongMethodTypeException done
Event: 33.278 Loading class java/lang/Character$UnicodeBlock
Event: 33.322 Loading class java/lang/Character$Subset
Event: 33.323 Loading class java/lang/Character$Subset done
Event: 33.329 Loading class java/lang/Character$UnicodeBlock done
Event: 33.502 Loading class java/util/regex/Pattern$Bound
Event: 33.503 Loading class java/util/regex/Pattern$Bound done
Event: 33.503 Loading class java/util/regex/Pattern$SliceI
Event: 33.504 Loading class java/util/regex/Pattern$SliceI done
Event: 33.506 Loading class java/util/regex/Pattern$LookBehindEndNode
Event: 33.507 Loading class java/util/regex/Pattern$LookBehindEndNode done
Event: 33.507 Loading class java/util/regex/Pattern$NotBehind
Event: 33.508 Loading class java/util/regex/Pattern$NotBehind done
Event: 33.508 Loading class java/util/regex/Pattern$Behind
Event: 33.509 Loading class java/util/regex/Pattern$Behind done
Event: 33.711 Loading class java/time/DurationEditor
Event: 33.711 Loading class java/time/DurationEditor done

Classes unloaded (0 events):
No events

Classes redefined (0 events):
No events

Internal exceptions (20 events):
Event: 31.533 Thread 0x000001fe7a6e2660 Exception <a 'java/lang/NoSuchMethodError'{0x00000000c65b57b8}: 'java.lang.Object java.lang.invoke.DirectMethodHandle$Holder.newInvokeSpecial(java.lang.Object, java.lang.Object, int)'> (0x00000000c65b57b8) 
thrown [s\open\src\hotspot\share\interpreter\linkResolver.cpp, line 773]
Event: 31.534 Thread 0x000001fe7a6e2660 Exception <a 'java/lang/IncompatibleClassChangeError'{0x00000000c65b8fd8}: Found class java.lang.Object, but interface was expected> (0x00000000c65b8fd8) 
thrown [s\open\src\hotspot\share\interpreter\linkResolver.cpp, line 840]
Event: 31.568 Thread 0x000001fe7a6e2660 Exception <a 'java/lang/NoSuchMethodError'{0x00000000c5b0eec0}: 'int java.lang.invoke.DirectMethodHandle$Holder.invokeStatic(java.lang.Object, int, java.lang.Object)'> (0x00000000c5b0eec0) 
thrown [s\open\src\hotspot\share\interpreter\linkResolver.cpp, line 773]
Event: 31.570 Thread 0x000001fe7a6e2660 Exception <a 'java/lang/NoSuchMethodError'{0x00000000c5b2d0a8}: 'java.lang.Object java.lang.invoke.DirectMethodHandle$Holder.newInvokeSpecial(java.lang.Object, java.lang.Object, java.lang.Object, java.lang.Object, java.lang.Object, int, java.lang.Object)'> (0x00000000c5b2d0a8) 
thrown [s\open\src\hotspot\share\interpreter\linkResolver.cpp, line 773]
Event: 31.577 Thread 0x000001fe7a6e2660 Exception <a 'java/lang/NoSuchMethodError'{0x00000000c5b62de8}: 'java.lang.Object java.lang.invoke.DirectMethodHandle$Holder.newInvokeSpecial(java.lang.Object, java.lang.Object, java.lang.Object, java.lang.Object, java.lang.Object, java.lang.Object, java.lang.Object, java.lang.Object, java.lang.Object, java.lang.Object, java.lang.Object, java.lang.Object)'> (0x00000000c5b62de8) 
thrown [s\open\src\hotspot\share\interpreter\linkResolver.cpp, line 773]
Event: 31.577 Thread 0x000001fe7a6e2660 Exception <a 'java/lang/NoSuchMethodError'{0x00000000c5b67680}: 'java.lang.Object java.lang.invoke.DirectMethodHandle$Holder.invokeSpecial(java.lang.Object, java.lang.Object, java.lang.Object, java.lang.Object, java.lang.Object, java.lang.Object, java.lang.Object, java.lang.Object, java.lang.Object, java.lang.Object, java.lang.Object, java.lang.Object, java.lang.Object)'> (0x00000000c5b67680) 
thrown [s\open\src\hotspot\share\interpreter\linkResolver.cpp, line 773]
Event: 31.577 Thread 0x000001fe7a6e2660 Exception <a 'java/lang/NoSuchMethodError'{0x00000000c5b6bb58}: 'java.lang.Object java.lang.invoke.Invokers$Holder.linkToTargetMethod(java.lang.Object, java.lang.Object, java.lang.Object, java.lang.Object, java.lang.Object, java.lang.Object, java.lang.Object, java.lang.Object, java.lang.Object, java.lang.Object, java.lang.Object, java.lang.Object)'> (0x00000000c5b6bb58) 
thrown [s\open\src\hotspot\share\interpreter\linkResolver.cpp, line 773]
Event: 31.663 Thread 0x000001fe7a6e2660 Exception <a 'java/lang/NoSuchMethodError'{0x00000000c5824118}: 'java.lang.Object java.lang.invoke.DirectMethodHandle$Holder.newInvokeSpecial(java.lang.Object, java.lang.Object, java.lang.Object, java.lang.Object, java.lang.Object, java.lang.Object, java.lang.Object, int)'> (0x00000000c5824118) 
thrown [s\open\src\hotspot\share\interpreter\linkResolver.cpp, line 773]
Event: 31.664 Thread 0x000001fe7a6e2660 Exception <a 'java/lang/NoSuchMethodError'{0x00000000c5828678}: 'java.lang.Object java.lang.invoke.DirectMethodHandle$Holder.invokeSpecial(java.lang.Object, java.lang.Object, java.lang.Object, java.lang.Object, java.lang.Object, java.lang.Object, java.lang.Object, java.lang.Object, int)'> (0x00000000c5828678) 
thrown [s\open\src\hotspot\share\interpreter\linkResolver.cpp, line 773]
Event: 31.664 Thread 0x000001fe7a6e2660 Exception <a 'java/lang/NoSuchMethodError'{0x00000000c582c690}: 'java.lang.Object java.lang.invoke.Invokers$Holder.linkToTargetMethod(java.lang.Object, java.lang.Object, java.lang.Object, java.lang.Object, java.lang.Object, java.lang.Object, int, java.lang.Object)'> (0x00000000c582c690) 
thrown [s\open\src\hotspot\share\interpreter\linkResolver.cpp, line 773]
Event: 31.692 Thread 0x000001fe7a6e2660 Exception <a 'java/lang/NoSuchMethodError'{0x00000000c58feee8}: 'java.lang.Object java.lang.invoke.DirectMethodHandle$Holder.newInvokeSpecial(java.lang.Object, java.lang.Object, int, java.lang.Object, int, java.lang.Object, java.lang.Object)'> (0x00000000c58feee8) 
thrown [s\open\src\hotspot\share\interpreter\linkResolver.cpp, line 773]
Event: 31.704 Thread 0x000001fe7a6e2660 Exception <a 'java/lang/NoSuchMethodError'{0x00000000c5758868}: 'void java.lang.invoke.DirectMethodHandle$Holder.invokeInterface(java.lang.Object, java.lang.Object)'> (0x00000000c5758868) 
thrown [s\open\src\hotspot\share\interpreter\linkResolver.cpp, line 773]
Event: 32.196 Thread 0x000001fe7a6e2660 Exception <a 'java/lang/NoSuchMethodError'{0x00000000c5285db8}: 'void java.lang.invoke.Invokers$Holder.invokeExact_MT(java.lang.Object, java.lang.Object, java.lang.Object, java.lang.Object)'> (0x00000000c5285db8) 
thrown [s\open\src\hotspot\share\interpreter\linkResolver.cpp, line 773]
Event: 32.245 Thread 0x000001fe7a6e2660 Implicit null exception at 0x000001fe6a6fb2f7 to 0x000001fe6a6fb560
Event: 32.377 Thread 0x000001fe7a6e2660 Exception <a 'java/lang/IncompatibleClassChangeError'{0x00000000c4e825f8}: Found class java.lang.Object, but interface was expected> (0x00000000c4e825f8) 
thrown [s\open\src\hotspot\share\interpreter\linkResolver.cpp, line 840]
Event: 32.407 Thread 0x000001fe7a6e2660 Exception <a 'java/lang/IncompatibleClassChangeError'{0x00000000c4d01a40}: Found class java.lang.Object, but interface was expected> (0x00000000c4d01a40) 
thrown [s\open\src\hotspot\share\interpreter\linkResolver.cpp, line 840]
Event: 32.496 Thread 0x000001fe7a6e2660 Exception <a 'java/lang/IncompatibleClassChangeError'{0x00000000c4c7ebf0}: Found class java.lang.Object, but interface was expected> (0x00000000c4c7ebf0) 
thrown [s\open\src\hotspot\share\interpreter\linkResolver.cpp, line 840]
Event: 33.045 Thread 0x000001fe7a6e2660 Exception <a 'java/lang/IncompatibleClassChangeError'{0x00000000c5c7f1d0}: Found class java.lang.Object, but interface was expected> (0x00000000c5c7f1d0) 
thrown [s\open\src\hotspot\share\interpreter\linkResolver.cpp, line 840]
Event: 33.433 Thread 0x000001fe7a6e2660 Exception <a 'java/lang/IncompatibleClassChangeError'{0x00000000c65546c8}: Found class java.lang.Object, but interface was expected> (0x00000000c65546c8) 
thrown [s\open\src\hotspot\share\interpreter\linkResolver.cpp, line 840]
Event: 33.733 Thread 0x000001fe7a6e2660 Exception <a 'java/lang/NoSuchMethodError'{0x00000000c56f9e08}: 'java.lang.Object java.lang.invoke.DirectMethodHandle$Holder.newInvokeSpecial(java.lang.Object, java.lang.Object, java.lang.Object, java.lang.Object, java.lang.Object, java.lang.Object, java.lang.Object, java.lang.Object)'> (0x00000000c56f9e08) 
thrown [s\open\src\hotspot\share\interpreter\linkResolver.cpp, line 773]

ZGC Phase Switch (0 events):
No events

VM Operations (20 events):
Event: 31.061 Executing VM operation: ICBufferFull
Event: 31.062 Executing VM operation: ICBufferFull done
Event: 31.507 Executing VM operation: G1CollectForAllocation (G1 Evacuation Pause)
Event: 31.513 Executing VM operation: G1CollectForAllocation (G1 Evacuation Pause) done
Event: 32.423 Executing VM operation: ICBufferFull
Event: 32.423 Executing VM operation: ICBufferFull done
Event: 32.790 Executing VM operation: HandshakeAllThreads (Deoptimize)
Event: 32.790 Executing VM operation: HandshakeAllThreads (Deoptimize) done
Event: 32.852 Executing VM operation: G1CollectForAllocation (G1 Evacuation Pause)
Event: 32.862 Executing VM operation: G1CollectForAllocation (G1 Evacuation Pause) done
Event: 33.169 Executing VM operation: HandshakeAllThreads (Deoptimize)
Event: 33.169 Executing VM operation: HandshakeAllThreads (Deoptimize) done
Event: 33.170 Executing VM operation: HandshakeAllThreads (Deoptimize)
Event: 33.170 Executing VM operation: HandshakeAllThreads (Deoptimize) done
Event: 33.279 Executing VM operation: CollectForMetadataAllocation (Metadata GC Threshold)
Event: 33.286 Executing VM operation: CollectForMetadataAllocation (Metadata GC Threshold) done
Event: 33.358 Executing VM operation: G1PauseRemark
Event: 33.363 Executing VM operation: G1PauseRemark done
Event: 33.399 Executing VM operation: G1PauseCleanup
Event: 33.399 Executing VM operation: G1PauseCleanup done

Events (20 events):
Event: 33.362 Thread 0x000001fe58dfc7b0 flushing nmethod 0x000001fe62c42f90
Event: 33.362 Thread 0x000001fe58dfc7b0 flushing nmethod 0x000001fe62d1ed10
Event: 33.362 Thread 0x000001fe58dfc7b0 flushing nmethod 0x000001fe62d30a90
Event: 33.362 Thread 0x000001fe58dfc7b0 flushing nmethod 0x000001fe62e48710
Event: 33.362 Thread 0x000001fe58dfc7b0 flushing nmethod 0x000001fe62e52790
Event: 33.362 Thread 0x000001fe58dfc7b0 flushing nmethod 0x000001fe62ead790
Event: 33.362 Thread 0x000001fe58dfc7b0 flushing nmethod 0x000001fe62f30c10
Event: 33.362 Thread 0x000001fe58dfc7b0 flushing nmethod 0x000001fe62fbf110
Event: 33.362 Thread 0x000001fe58dfc7b0 flushing nmethod 0x000001fe63040290
Event: 33.362 Thread 0x000001fe58dfc7b0 flushing nmethod 0x000001fe630bc390
Event: 33.362 Thread 0x000001fe58dfc7b0 flushing nmethod 0x000001fe63136310
Event: 33.362 Thread 0x000001fe58dfc7b0 flushing nmethod 0x000001fe63142c90
Event: 33.362 Thread 0x000001fe58dfc7b0 flushing nmethod 0x000001fe631ae390
Event: 33.362 Thread 0x000001fe58dfc7b0 flushing nmethod 0x000001fe631ae710
Event: 33.362 Thread 0x000001fe58dfc7b0 flushing nmethod 0x000001fe631aea90
Event: 33.362 Thread 0x000001fe58dfc7b0 flushing nmethod 0x000001fe631c7f90
Event: 33.362 Thread 0x000001fe58dfc7b0 flushing nmethod 0x000001fe63211a10
Event: 33.362 Thread 0x000001fe58dfc7b0 flushing nmethod 0x000001fe63216b90
Event: 33.362 Thread 0x000001fe58dfc7b0 flushing nmethod 0x000001fe63250810
Event: 33.362 Thread 0x000001fe58dfc7b0 flushing nmethod 0x000001fe63250c10


Dynamic libraries:
0x00007ff7a9c30000 - 0x00007ff7a9c40000 	C:\Program Files\Java\jdk-21\bin\java.exe
0x00007ffd3ee30000 - 0x00007ffd3f028000 	C:\Windows\SYSTEM32\ntdll.dll
0x00007ffd3d070000 - 0x00007ffd3d131000 	C:\Windows\System32\KERNEL32.DLL
0x00007ffd3c910000 - 0x00007ffd3cc0d000 	C:\Windows\System32\KERNELBASE.dll
0x00007ffd3c4e0000 - 0x00007ffd3c5e0000 	C:\Windows\System32\ucrtbase.dll
0x00007ffd3a360000 - 0x00007ffd3a379000 	C:\Program Files\Java\jdk-21\bin\jli.dll
0x00007ffd3d380000 - 0x00007ffd3d430000 	C:\Windows\System32\ADVAPI32.dll
0x00007ffd3dcc0000 - 0x00007ffd3dd5e000 	C:\Windows\System32\msvcrt.dll
0x00007ffd3ea80000 - 0x00007ffd3eb20000 	C:\Windows\System32\sechost.dll
0x00007ffd3e830000 - 0x00007ffd3e953000 	C:\Windows\System32\RPCRT4.dll
0x00007ffd3c870000 - 0x00007ffd3c897000 	C:\Windows\System32\bcrypt.dll
0x00007ffd3d430000 - 0x00007ffd3d5cd000 	C:\Windows\System32\USER32.dll
0x00007ffd3c790000 - 0x00007ffd3c7b2000 	C:\Windows\System32\win32u.dll
0x00007ffd3ed60000 - 0x00007ffd3ed8b000 	C:\Windows\System32\GDI32.dll
0x00007ffd3c670000 - 0x00007ffd3c787000 	C:\Windows\System32\gdi32full.dll
0x00007ffd3cc10000 - 0x00007ffd3ccad000 	C:\Windows\System32\msvcp_win.dll
0x00007ffd3a340000 - 0x00007ffd3a35b000 	C:\Program Files\Java\jdk-21\bin\VCRUNTIME140.dll
0x00007ffd3b770000 - 0x00007ffd3ba0a000 	C:\Windows\WinSxS\amd64_microsoft.windows.common-controls_6595b64144ccf1df_6.0.19041.4355_none_60b8b9eb71f62e16\COMCTL32.dll
0x00007ffd2d250000 - 0x00007ffd2d25a000 	C:\Windows\SYSTEM32\VERSION.dll
0x00007ffd3d350000 - 0x00007ffd3d37f000 	C:\Windows\System32\IMM32.DLL
0x00007ffd3a250000 - 0x00007ffd3a25c000 	C:\Program Files\Java\jdk-21\bin\vcruntime140_1.dll
0x00007ffd32320000 - 0x00007ffd323ae000 	C:\Program Files\Java\jdk-21\bin\msvcp140.dll
0x00007ffd0af70000 - 0x00007ffd0bc83000 	C:\Program Files\Java\jdk-21\bin\server\jvm.dll
0x00007ffd3d5d0000 - 0x00007ffd3d63b000 	C:\Windows\System32\WS2_32.dll
0x00007ffd28790000 - 0x00007ffd287b7000 	C:\Windows\SYSTEM32\WINMM.dll
0x00007ffd3c280000 - 0x00007ffd3c2cb000 	C:\Windows\SYSTEM32\POWRPROF.dll
0x00007ffd3c260000 - 0x00007ffd3c272000 	C:\Windows\SYSTEM32\UMPDC.dll
0x00007ffd39550000 - 0x00007ffd39562000 	C:\Windows\SYSTEM32\kernel.appcore.dll
0x00007ffd3a240000 - 0x00007ffd3a24a000 	C:\Program Files\Java\jdk-21\bin\jimage.dll
0x00007ffd3bcf0000 - 0x00007ffd3bed4000 	C:\Windows\SYSTEM32\DBGHELP.DLL
0x00007ffd3bb00000 - 0x00007ffd3bb34000 	C:\Windows\SYSTEM32\dbgcore.DLL
0x00007ffd3c5e0000 - 0x00007ffd3c662000 	C:\Windows\System32\bcryptPrimitives.dll
0x00007ffd3a090000 - 0x00007ffd3a09f000 	C:\Program Files\Java\jdk-21\bin\instrument.dll
0x00007ffd3a070000 - 0x00007ffd3a08f000 	C:\Program Files\Java\jdk-21\bin\java.dll
0x00007ffd3e0c0000 - 0x00007ffd3e82f000 	C:\Windows\System32\SHELL32.dll
0x00007ffd39810000 - 0x00007ffd39faf000 	C:\Windows\SYSTEM32\windows.storage.dll
0x00007ffd3dd60000 - 0x00007ffd3e0b3000 	C:\Windows\System32\combase.dll
0x00007ffd3b6d0000 - 0x00007ffd3b6fe000 	C:\Windows\SYSTEM32\Wldp.dll
0x00007ffd3cf80000 - 0x00007ffd3d04d000 	C:\Windows\System32\OLEAUT32.dll
0x00007ffd3ec20000 - 0x00007ffd3eccd000 	C:\Windows\System32\SHCORE.dll
0x00007ffd3ed90000 - 0x00007ffd3ede5000 	C:\Windows\System32\shlwapi.dll
0x00007ffd3c410000 - 0x00007ffd3c434000 	C:\Windows\SYSTEM32\profapi.dll
0x00007ffd32240000 - 0x00007ffd32317000 	C:\Program Files\Java\jdk-21\bin\jsvml.dll
0x00007ffd39fc0000 - 0x00007ffd39fd8000 	C:\Program Files\Java\jdk-21\bin\zip.dll
0x00007ffd3a060000 - 0x00007ffd3a070000 	C:\Program Files\Java\jdk-21\bin\net.dll
0x00007ffd35e20000 - 0x00007ffd35f2d000 	C:\Windows\SYSTEM32\WINHTTP.dll
0x00007ffd3b610000 - 0x00007ffd3b67a000 	C:\Windows\system32\mswsock.dll
0x00007ffd34a70000 - 0x00007ffd34a86000 	C:\Program Files\Java\jdk-21\bin\nio.dll
0x00007ffd24f20000 - 0x00007ffd24f3a000 	C:\Users\Ric\AppData\Local\Programs\IntelliJ IDEA Community Edition\bin\breakgen64.dll
0x00007ffd395c0000 - 0x00007ffd395c9000 	C:\Program Files\Java\jdk-21\bin\extnet.dll
0x00007ffd37e90000 - 0x00007ffd37e9a000 	C:\Program Files\Java\jdk-21\bin\management.dll
0x00007ffd32230000 - 0x00007ffd3223b000 	C:\Program Files\Java\jdk-21\bin\management_ext.dll
0x00007ffd3ecd0000 - 0x00007ffd3ecd8000 	C:\Windows\System32\PSAPI.DLL
0x00007ffd2abd0000 - 0x00007ffd2abde000 	C:\Program Files\Java\jdk-21\bin\sunmscapi.dll
0x00007ffd3cd00000 - 0x00007ffd3ce5e000 	C:\Windows\System32\CRYPT32.dll
0x00007ffd3b740000 - 0x00007ffd3b769000 	C:\Windows\SYSTEM32\ncrypt.dll
0x00007ffd3b700000 - 0x00007ffd3b73b000 	C:\Windows\SYSTEM32\NTASN1.dll
0x00007ffd3c1d0000 - 0x00007ffd3c1e8000 	C:\Windows\SYSTEM32\CRYPTSP.dll
0x00007ffd3ae30000 - 0x00007ffd3ae64000 	C:\Windows\system32\rsaenh.dll
0x00007ffd3c3c0000 - 0x00007ffd3c3ee000 	C:\Windows\SYSTEM32\USERENV.dll
0x00007ffd3b5e0000 - 0x00007ffd3b5ec000 	C:\Windows\SYSTEM32\CRYPTBASE.dll
0x00007ffd3b190000 - 0x00007ffd3b1cb000 	C:\Windows\SYSTEM32\IPHLPAPI.DLL
0x00007ffd3ec10000 - 0x00007ffd3ec18000 	C:\Windows\System32\NSI.dll
0x00007ffd3b1d0000 - 0x00007ffd3b29a000 	C:\Windows\SYSTEM32\DNSAPI.dll
0x00007ffd30da0000 - 0x00007ffd30daa000 	C:\Windows\System32\rasadhlp.dll
0x00007ffd31f40000 - 0x00007ffd31fc0000 	C:\Windows\System32\fwpuclnt.dll
0x00007ffd3a210000 - 0x00007ffd3a220000 	C:\Program Files\Java\jdk-21\bin\verify.dll

dbghelp: loaded successfully - version: 4.0.5 - missing functions: none
symbol engine: initialized successfully - sym options: 0x614 - pdb path: .;C:\Program Files\Java\jdk-21\bin;C:\Windows\SYSTEM32;C:\Windows\WinSxS\amd64_microsoft.windows.common-controls_6595b64144ccf1df_6.0.19041.4355_none_60b8b9eb71f62e16;C:\Program Files\Java\jdk-21\bin\server;C:\Users\Ric\AppData\Local\Programs\IntelliJ IDEA Community Edition\bin

VM Arguments:
jvm_args: -javaagent:C:\Users\Ric\AppData\Local\Programs\IntelliJ IDEA Community Edition\lib\idea_rt.jar=4870:C:\Users\Ric\AppData\Local\Programs\IntelliJ IDEA Community Edition\bin -Dfile.encoding=UTF-8 -Dsun.stdout.encoding=UTF-8 -Dsun.stderr.encoding=UTF-8 
java_command: com.hasinarezida.biblio.BiblioApplication
java_class_path (initial): C:\Users\Ric\Documents\projects\work\library\target\classes;C:\Users\Ric\.m2\repository\org\springframework\boot\spring-boot-starter-web\3.3.2\spring-boot-starter-web-3.3.2.jar;C:\Users\Ric\.m2\repository\org\springframework\boot\spring-boot-starter\3.3.2\spring-boot-starter-3.3.2.jar;C:\Users\Ric\.m2\repository\org\springframework\boot\spring-boot-starter-logging\3.3.2\spring-boot-starter-logging-3.3.2.jar;C:\Users\Ric\.m2\repository\ch\qos\logback\logback-classic\1.5.6\logback-classic-1.5.6.jar;C:\Users\Ric\.m2\repository\ch\qos\logback\logback-core\1.5.6\logback-core-1.5.6.jar;C:\Users\Ric\.m2\repository\org\apache\logging\log4j\log4j-to-slf4j\2.23.1\log4j-to-slf4j-2.23.1.jar;C:\Users\Ric\.m2\repository\org\apache\logging\log4j\log4j-api\2.23.1\log4j-api-2.23.1.jar;C:\Users\Ric\.m2\repository\org\slf4j\jul-to-slf4j\2.0.13\jul-to-slf4j-2.0.13.jar;C:\Users\Ric\.m2\repository\jakarta\annotation\jakarta.annotation-api\2.1.1\jakarta.annotation-api-2.1.1.jar;C:\Users\Ric\.m2\repository\org\yaml\snakeyaml\2.2\snakeyaml-2.2.jar;C:\Users\Ric\.m2\repository\org\springframework\boot\spring-boot-starter-json\3.3.2\spring-boot-starter-json-3.3.2.jar;C:\Users\Ric\.m2\repository\com\fasterxml\jackson\core\jackson-databind\2.17.2\jackson-databind-2.17.2.jar;C:\Users\Ric\.m2\repository\com\fasterxml\jackson\core\jackson-annotations\2.17.2\jackson-annotations-2.17.2.jar;C:\Users\Ric\.m2\repository\com\fasterxml\jackson\core\jackson-core\2.17.2\jackson-core-2.17.2.jar;C:\Users\Ric\.m2\repository\com\fasterxml\jackson\datatype\jackson-datatype-jdk8\2.17.2\jackson-datatype-jdk8-2.17.2.jar;C:\Users\Ric\.m2\repository\com\fasterxml\jackson\datatype\jackson-datatype-jsr310\2.17.2\jackson-datatype-jsr310-2.17.2.jar;C:\Users\Ric\.m2\repository\com\fasterxml\jackson\module\jackson-module-parameter-names\2.17.2\jackson-module-parameter-names-2.17.2.jar;C:\Users\Ric\.m2\repository\org\springframework\boot\spring-boot-starter-tomcat\3.3.2\spring-boot-starter-tomcat-3.3.2.jar;C:\Users\Ric\.m2\repository\org\apache\tomcat\embed\tomcat-embed-core\10.1.26\tomcat-embed-core-10.1.26.jar;C:\Users\Ric\.m2\repository\org\apache\tomcat\embed\tomcat-embed-el\10.1.26\tomcat-embed-el-10.1.26.jar;C:\Users\Ric\.m2\repository\org\apache\tomcat\embed\tomcat-embed-websocket\10.1.26\tomcat-embed-websocket-10.1.26.jar;C:\Users\Ric\.m2\repository\org\springframework\spring-web\6.1.11\spring-web-6.1.11.jar;C:\Users\Ric\.m2\repository\org\springframework\spring-beans\6.1.11\spring-beans-6.1.11.jar;C:\Users\Ric\.m2\repository\io\micrometer\micrometer-observation\1.13.2\micrometer-observation-1.13.2.jar;C:\Users\Ric\.m2\repository\io\micrometer\micrometer-commons\1.13.2\micrometer-commons-1.13.2.jar;C:\Users\Ric\.m2\repository\org\springframework\spring-webmvc\6.1.11\spring-webmvc-6.1.11.jar;C:\Users\Ric\.m2\repository\org\springframework\spring-context\6.1.11\spring-context-6.1.11.jar;C:\Users\Ric\.m2\repository\org\springframework\spring-expression\6.1.11\spring-expression-6.1.11.jar;C:\Users\Ric\.m2\repository\org\springframework\boot\spring-boot-starter-thymeleaf\3.3.2\spring-boot-starter-thymeleaf-3.3.2.jar;C:\Users\Ric\.m2\repository\org\thymeleaf\thymeleaf-spring6\3.1.2.RELEASE\thymeleaf-spring6-3.1.2.RELEASE.jar;C:\Users\Ric\.m2\repository\org\thymeleaf\thymeleaf\3.1.2.RELEASE\thymeleaf-3.1.2.RELEASE.jar;C:\Users\Ric\.m2\repository\org\attoparser\attoparser\2.0.7.RELEASE\attoparser-2.0.7.RELEASE.jar;C:\Users\Ric\.m2\repository\org\unbescape\unbescape\1.1.6.RELEASE\unbescape-1.1.6.RELEASE.jar;C:\Users\Ric\.m2\repository\org\slf4j\slf4j-api\2.0.13\slf4j-api-2.0.13.jar;C:\Users\Ric\.m2\repository\org\springframework\boot\spring-boot-starter-security\3.3.2\spring-boot-starter-security-3.3.2.jar;C:\Users\Ric\.m2\repository\org\springframework\spring-aop\6.1.11\spring-aop-6.1.11.jar;C:\Users\Ric\.m2\repository\org\springframework\security\spring-security-config\6.3.1\spring-security-config-6.3.1.jar;C:\Users\Ric\.m2\repository\org\springframework\security\spring-security-web\6.3.1\spring-security-web-6.3.1.jar;C:\Users\Ric\.m2\repository\org\springframework\boot\spring-boot-starter-data-jpa\3.3.2\spring-boot-starter-data-jpa-3.3.2.jar;C:\Users\Ric\.m2\repository\org\springframework\boot\spring-boot-starter-aop\3.3.2\spring-boot-starter-aop-3.3.2.jar;C:\Users\Ric\.m2\repository\org\aspectj\aspectjweaver\1.9.22.1\aspectjweaver-1.9.22.1.jar;C:\Users\Ric\.m2\repository\org\springframework\boot\spring-boot-starter-jdbc\3.3.2\spring-boot-starter-jdbc-3.3.2.jar;C:\Users\Ric\.m2\repository\com\zaxxer\HikariCP\5.1.0\HikariCP-5.1.0.jar;C:\Users\Ric\.m2\repository\org\springframework\spring-jdbc\6.1.11\spring-jdbc-6.1.11.jar;C:\Users\Ric\.m2\repository\org\hibernate\orm\hibernate-core\6.5.2.Final\hibernate-core-6.5.2.Final.jar;C:\Users\Ric\.m2\repository\jakarta\persistence\jakarta.persistence-api\3.1.0\jakarta.persistence-api-3.1.0.jar;C:\Users\Ric\.m2\repository\jakarta\transaction\jakarta.transaction-api\2.0.1\jakarta.transaction-api-2.0.1.jar;C:\Users\Ric\.m2\repository\org\jboss\logging\jboss-logging\3.5.3.Final\jboss-logging-3.5.3.Final.jar;C:\Users\Ric\.m2\repository\org\hibernate\common\hibernate-commons-annotations\6.0.6.Final\hibernate-commons-annotations-6.0.6.Final.jar;C:\Users\Ric\.m2\repository\io\smallrye\jandex\3.1.2\jandex-3.1.2.jar;C:\Users\Ric\.m2\repository\com\fasterxml\classmate\1.7.0\classmate-1.7.0.jar;C:\Users\Ric\.m2\repository\net\bytebuddy\byte-buddy\1.14.18\byte-buddy-1.14.18.jar;C:\Users\Ric\.m2\repository\org\glassfish\jaxb\jaxb-runtime\4.0.5\jaxb-runtime-4.0.5.jar;C:\Users\Ric\.m2\repository\org\glassfish\jaxb\jaxb-core\4.0.5\jaxb-core-4.0.5.jar;C:\Users\Ric\.m2\repository\org\eclipse\angus\angus-activation\2.0.2\angus-activation-2.0.2.jar;C:\Users\Ric\.m2\repository\org\glassfish\jaxb\txw2\4.0.5\txw2-4.0.5.jar;C:\Users\Ric\.m2\repository\com\sun\istack\istack-commons-runtime\4.1.2\istack-commons-runtime-4.1.2.jar;C:\Users\Ric\.m2\repository\jakarta\inject\jakarta.inject-api\2.0.1\jakarta.inject-api-2.0.1.jar;C:\Users\Ric\.m2\repository\org\antlr\antlr4-runtime\4.13.0\antlr4-runtime-4.13.0.jar;C:\Users\Ric\.m2\repository\org\springframework\data\spring-data-jpa\3.3.2\spring-data-jpa-3.3.2.jar;C:\Users\Ric\.m2\repository\org\springframework\data\spring-data-commons\3.3.2\spring-data-commons-3.3.2.jar;C:\Users\Ric\.m2\repository\org\springframework\spring-orm\6.1.11\spring-orm-6.1.11.jar;C:\Users\Ric\.m2\repository\org\springframework\spring-tx\6.1.11\spring-tx-6.1.11.jar;C:\Users\Ric\.m2\repository\org\springframework\spring-aspects\6.1.11\spring-aspects-6.1.11.jar;C:\Users\Ric\.m2\repository\org\postgresql\postgresql\42.7.3\postgresql-42.7.3.jar;C:\Users\Ric\.m2\repository\org\checkerframework\checker-qual\3.42.0\checker-qual-3.42.0.jar;C:\Users\Ric\.m2\repository\com\h2database\h2\2.2.224\h2-2.2.224.jar;C:\Users\Ric\.m2\repository\org\springframework\boot\spring-boot-devtools\3.3.2\spring-boot-devtools-3.3.2.jar;C:\Users\Ric\.m2\repository\org\springframework\boot\spring-boot\3.3.2\spring-boot-3.3.2.jar;C:\Users\Ric\.m2\repository\org\springframework\boot\spring-boot-autoconfigure\3.3.2\spring-boot-autoconfigure-3.3.2.jar;C:\Users\Ric\.m2\repository\jakarta\xml\bind\jakarta.xml.bind-api\4.0.2\jakarta.xml.bind-api-4.0.2.jar;C:\Users\Ric\.m2\repository\jakarta\activation\jakarta.activation-api\2.1.3\jakarta.activation-api-2.1.3.jar;C:\Users\Ric\.m2\repository\org\springframework\spring-core\6.1.11\spring-core-6.1.11.jar;C:\Users\Ric\.m2\repository\org\springframework\spring-jcl\6.1.11\spring-jcl-6.1.11.jar;C:\Users\Ric\.m2\repository\org\springframework\security\spring-security-core\6.3.1\spring-security-core-6.3.1.jar;C:\Users\Ric\.m2\repository\org\springframework\security\spring-security-crypto\6.3.1\spring-security-crypto-6.3.1.jar
Launcher Type: SUN_STANDARD

[Global flags]
     intx CICompilerCount                          = 3                                         {product} {ergonomic}
     uint ConcGCThreads                            = 1                                         {product} {ergonomic}
     uint G1ConcRefinementThreads                  = 4                                         {product} {ergonomic}
   size_t G1HeapRegionSize                         = 1048576                                   {product} {ergonomic}
    uintx GCDrainStackTargetSize                   = 64                                        {product} {ergonomic}
   size_t InitialHeapSize                          = 65011712                                  {product} {ergonomic}
   size_t MarkStackSize                            = 4194304                                   {product} {ergonomic}
   size_t MaxHeapSize                              = 1031798784                                {product} {ergonomic}
   size_t MaxNewSize                               = 618659840                                 {product} {ergonomic}
   size_t MinHeapDeltaBytes                        = 1048576                                   {product} {ergonomic}
   size_t MinHeapSize                              = 8388608                                   {product} {ergonomic}
    uintx NonNMethodCodeHeapSize                   = 5832780                                {pd product} {ergonomic}
    uintx NonProfiledCodeHeapSize                  = 122912730                              {pd product} {ergonomic}
    uintx ProfiledCodeHeapSize                     = 122912730                              {pd product} {ergonomic}
    uintx ReservedCodeCacheSize                    = 251658240                              {pd product} {ergonomic}
     bool SegmentedCodeCache                       = true                                      {product} {ergonomic}
   size_t SoftMaxHeapSize                          = 1031798784                             {manageable} {ergonomic}
     bool UseCompressedOops                        = true                           {product lp64_product} {ergonomic}
     bool UseG1GC                                  = true                                      {product} {ergonomic}
     bool UseLargePagesIndividualAllocation        = false                                  {pd product} {ergonomic}

Logging:
Log output configuration:
 #0: stdout all=warning uptime,level,tags foldmultilines=false
 #1: stderr all=off uptime,level,tags foldmultilines=false

Environment Variables:
PATH=C:\Program Files\Common Files\Oracle\Java\javapath;C:\Windows\system32;C:\Windows;C:\Windows\System32\Wbem;C:\Windows\System32\WindowsPowerShell\v1.0\;C:\Windows\System32\OpenSSH\;C:\Program Files\Microsoft SQL Server\150\Tools\Binn\;C:\Program Files\Git\bin;C:\Users\Ric\AppData\Roaming\nvm;C:\Program Files\nodejs;C:\Program Files\Docker\Docker\resources\bin;C:\Users\Ric\AppData\Local\Programs\Python\Python311\Scripts\;C:\Users\Ric\AppData\Local\Programs\Python\Python311\;C:\Users\Ric\AppData\Local\Microsoft\WindowsApps;C:\Users\Ric\.dotnet\tools;C:\Users\Ric\AppData\Local\Programs\Microsoft VS Code\bin;C:\dev\flutter\bin;C:\Users\Ric\AppData\Roaming\npm;C:\Users\Ric\AppData\Roaming\nvm;C:\Program Files\nodejs;C:\Users\Ric\AppData\Local\JetBrains\Toolbox\scripts;C:\Users\Ric\modelio\Modelio Open Source 5.4\plugins\org.apache.ant_1.10.9.v20201106-1946\META-INF;C:\Users\Ric\Documents\projects\work\biblio;C:\Program Files\PostgreSQL\16\bin;
USERNAME=Ric
OS=Windows_NT
PROCESSOR_IDENTIFIER=Intel64 Family 6 Model 58 Stepping 9, GenuineIntel
TMP=C:\Users\Ric\AppData\Local\Temp
TEMP=C:\Users\Ric\AppData\Local\Temp




Periodic native trim disabled

---------------  S Y S T E M  ---------------

OS:
 Windows 10 , 64 bit Build 19041 (10.0.19041.4717)
OS uptime: 0 days 2:16 hours
Hyper-V role detected

CPU: total 4 (initial active 4) (2 cores per cpu, 2 threads per core) family 6 model 58 stepping 9 microcode 0x21, cx8, cmov, fxsr, ht, mmx, sse, sse2, sse3, ssse3, sse4.1, sse4.2, popcnt, tsc, tscinvbit, avx, aes, erms, clmul, vzeroupper, clflush, hv, rdtscp, f16c
Processor Information for all 4 processors :
  Max Mhz: 2501, Current Mhz: 2501, Mhz Limit: 2501

Memory: 4k page, system-wide physical 3933M (227M free)
TotalPageFile size 8109M (AvailPageFile size 5M)
current process WorkingSet (physical memory assigned to process): 233M, peak: 233M
current process commit charge ("private bytes"): 264M, peak: 266M

vm_info: Java HotSpot(TM) 64-Bit Server VM (21.0.4+8-LTS-274) for windows-amd64 JRE (21.0.4+8-LTS-274), built on 2024-06-05T05:23:33Z by "mach5one" with MS VC++ 17.6 (VS2022)

END.
