#
# There is insufficient memory for the Java Runtime Environment to continue.
# Native memory allocation (malloc) failed to allocate 1765776 bytes for Chunk::new
# Possible reasons:
#   The system is out of physical RAM or swap space
#   The process is running with CompressedOops enabled, and the Java Heap may be blocking the growth of the native heap
# Possible solutions:
#   Reduce memory load on the system
#   Increase physical memory or swap space
#   Check if swap backing store is full
#   Decrease Java heap size (-Xmx/-Xms)
#   Decrease number of Java threads
#   Decrease Java thread stack sizes (-Xss)
#   Set larger code cache with -XX:ReservedCodeCacheSize=
#   JVM is running with Unscaled Compressed Oops mode in which the Java heap is
#     placed in the first 4GB address space. The Java Heap base address is the
#     maximum limit for the native heap growth. Please use -XX:HeapBaseMinAddress
#     to set the Java Heap base and to place the Java Heap above 4GB virtual address.
# This output file may be truncated or incomplete.
#
#  Out of Memory Error (arena.cpp:168), pid=5648, tid=8200
#
# JRE version: Java(TM) SE Runtime Environment (21.0.4+8) (build 21.0.4+8-LTS-274)
# Java VM: Java HotSpot(TM) 64-Bit Server VM (21.0.4+8-LTS-274, mixed mode, sharing, tiered, compressed oops, compressed class ptrs, g1 gc, windows-amd64)
# No core dump will be written. Minidumps are not enabled by default on client versions of Windows
#

---------------  S U M M A R Y ------------

Command Line: -javaagent:C:\Users\Ric\AppData\Local\Programs\IntelliJ IDEA Community Edition\lib\idea_rt.jar=1894:C:\Users\Ric\AppData\Local\Programs\IntelliJ IDEA Community Edition\bin -Dfile.encoding=UTF-8 -Dsun.stdout.encoding=UTF-8 -Dsun.stderr.encoding=UTF-8 com.hasinarezida.biblio.BiblioApplication

Host: Intel(R) Core(TM) i5-3210M CPU @ 2.50GHz, 4 cores, 3G,  Windows 10 , 64 bit Build 19041 (10.0.19041.4717)
Time: Thu Sep 12 09:50:01 2024 E. Africa Standard Time elapsed time: 40.802819 seconds (0d 0h 0m 40s)

---------------  T H R E A D  ---------------

Current thread (0x000002313931eac0):  JavaThread "C2 CompilerThread0" daemon [_thread_in_native, id=8200, stack(0x000000c551e00000,0x000000c551f00000) (1024K)]


Current CompileTask:
C2:  40803 5938       4       org.springframework.core.ResolvableType::hasGenerics (14 bytes)

Stack: [0x000000c551e00000,0x000000c551f00000]
Native frames: (J=compiled Java code, j=interpreted, Vv=VM code, C=native code)
V  [jvm.dll+0x6c8e59]
V  [jvm.dll+0x853181]
V  [jvm.dll+0x8556ae]
V  [jvm.dll+0x855d83]
V  [jvm.dll+0x27d526]
V  [jvm.dll+0xc4aad]
V  [jvm.dll+0xc4fe3]
V  [jvm.dll+0x3b3fd2]
V  [jvm.dll+0x3809a5]
V  [jvm.dll+0x37fe1a]
V  [jvm.dll+0x246280]
V  [jvm.dll+0x24585f]
V  [jvm.dll+0x1c69de]
V  [jvm.dll+0x254d49]
V  [jvm.dll+0x2532da]
V  [jvm.dll+0x3ed426]
V  [jvm.dll+0x7fd65b]
V  [jvm.dll+0x6c753d]
C  [ucrtbase.dll+0x21bb2]
C  [KERNEL32.DLL+0x17374]
C  [ntdll.dll+0x4cc91]


---------------  P R O C E S S  ---------------

Threads class SMR info:
_java_thread_list=0x000002313953b180, length=32, elements={
0x000002311e6f5160, 0x0000023139315a20, 0x000002313931a8c0, 0x000002313931b4d0,
0x000002313931bf30, 0x000002313931c990, 0x000002313931d670, 0x000002313931eac0,
0x0000023139321720, 0x000002311e79f990, 0x0000023139792710, 0x00000231398886e0,
0x000002317f77c550, 0x000002317f787b60, 0x0000023101a03830, 0x0000023100d8ccc0,
0x0000023101152060, 0x0000023101154130, 0x0000023101153aa0, 0x0000023101152d80,
0x0000023101154e50, 0x00000231011526f0, 0x0000023101153410, 0x00000231011554e0,
0x000002310120ec10, 0x000002310120a3e0, 0x000002310120def0, 0x0000023101209030,
0x000002310120f2a0, 0x000002310120cb40, 0x00000231012096c0, 0x000002310120f930
}

Java Threads: ( => current thread )
  0x000002311e6f5160 JavaThread "main"                              [_thread_blocked, id=9520, stack(0x000000c551000000,0x000000c551100000) (1024K)]
  0x0000023139315a20 JavaThread "Reference Handler"          daemon [_thread_blocked, id=6468, stack(0x000000c551800000,0x000000c551900000) (1024K)]
  0x000002313931a8c0 JavaThread "Finalizer"                  daemon [_thread_blocked, id=6380, stack(0x000000c551900000,0x000000c551a00000) (1024K)]
  0x000002313931b4d0 JavaThread "Signal Dispatcher"          daemon [_thread_blocked, id=10780, stack(0x000000c551a00000,0x000000c551b00000) (1024K)]
  0x000002313931bf30 JavaThread "Attach Listener"            daemon [_thread_blocked, id=6696, stack(0x000000c551b00000,0x000000c551c00000) (1024K)]
  0x000002313931c990 JavaThread "Service Thread"             daemon [_thread_blocked, id=12864, stack(0x000000c551c00000,0x000000c551d00000) (1024K)]
  0x000002313931d670 JavaThread "Monitor Deflation Thread"   daemon [_thread_blocked, id=5408, stack(0x000000c551d00000,0x000000c551e00000) (1024K)]
=>0x000002313931eac0 JavaThread "C2 CompilerThread0"         daemon [_thread_in_native, id=8200, stack(0x000000c551e00000,0x000000c551f00000) (1024K)]
  0x0000023139321720 JavaThread "C1 CompilerThread0"         daemon [_thread_blocked, id=3944, stack(0x000000c551f00000,0x000000c552000000) (1024K)]
  0x000002311e79f990 JavaThread "Common-Cleaner"             daemon [_thread_blocked, id=8404, stack(0x000000c552000000,0x000000c552100000) (1024K)]
  0x0000023139792710 JavaThread "Monitor Ctrl-Break"         daemon [_thread_in_native, id=8268, stack(0x000000c552100000,0x000000c552200000) (1024K)]
  0x00000231398886e0 JavaThread "Notification Thread"        daemon [_thread_blocked, id=9120, stack(0x000000c552200000,0x000000c552300000) (1024K)]
  0x000002317f77c550 JavaThread "Thread-0"                          [_thread_blocked, id=1016, stack(0x000000c552600000,0x000000c552700000) (1024K)]
  0x000002317f787b60 JavaThread "restartedMain"                     [_thread_in_native, id=3380, stack(0x000000c552700000,0x000000c552800000) (1024K)]
  0x0000023101a03830 JavaThread "PostgreSQL-JDBC-Cleaner"    daemon [_thread_blocked, id=12996, stack(0x000000c552900000,0x000000c552a00000) (1024K)]
  0x0000023100d8ccc0 JavaThread "HikariPool-1 housekeeper"   daemon [_thread_blocked, id=9332, stack(0x000000c552a00000,0x000000c552b00000) (1024K)]
  0x0000023101152060 JavaThread "Catalina-utility-1"                [_thread_blocked, id=1764, stack(0x000000c552c00000,0x000000c552d00000) (1024K)]
  0x0000023101154130 JavaThread "Catalina-utility-2"                [_thread_blocked, id=4488, stack(0x000000c552d00000,0x000000c552e00000) (1024K)]
  0x0000023101153aa0 JavaThread "container-0"                       [_thread_blocked, id=4420, stack(0x000000c552e00000,0x000000c552f00000) (1024K)]
  0x0000023101152d80 JavaThread "File Watcher"               daemon [_thread_blocked, id=10004, stack(0x000000c552b00000,0x000000c552c00000) (1024K)]
  0x0000023101154e50 JavaThread "Live Reload Server"         daemon [_thread_in_native, id=7320, stack(0x000000c553000000,0x000000c553100000) (1024K)]
  0x00000231011526f0 JavaThread "http-nio-8080-exec-1"       daemon [_thread_blocked, id=8580, stack(0x000000c552f00000,0x000000c553000000) (1024K)]
  0x0000023101153410 JavaThread "http-nio-8080-exec-2"       daemon [_thread_blocked, id=6572, stack(0x000000c553100000,0x000000c553200000) (1024K)]
  0x00000231011554e0 JavaThread "http-nio-8080-exec-3"       daemon [_thread_blocked, id=12444, stack(0x000000c553200000,0x000000c553300000) (1024K)]
  0x000002310120ec10 JavaThread "http-nio-8080-exec-4"       daemon [_thread_blocked, id=9268, stack(0x000000c553300000,0x000000c553400000) (1024K)]
  0x000002310120a3e0 JavaThread "http-nio-8080-exec-5"       daemon [_thread_blocked, id=12192, stack(0x000000c553400000,0x000000c553500000) (1024K)]
  0x000002310120def0 JavaThread "http-nio-8080-exec-6"       daemon [_thread_blocked, id=6800, stack(0x000000c553500000,0x000000c553600000) (1024K)]
  0x0000023101209030 JavaThread "http-nio-8080-exec-7"       daemon [_thread_blocked, id=12848, stack(0x000000c553600000,0x000000c553700000) (1024K)]
  0x000002310120f2a0 JavaThread "http-nio-8080-exec-8"       daemon [_thread_blocked, id=7760, stack(0x000000c553700000,0x000000c553800000) (1024K)]
  0x000002310120cb40 JavaThread "http-nio-8080-exec-9"       daemon [_thread_blocked, id=2636, stack(0x000000c553800000,0x000000c553900000) (1024K)]
  0x00000231012096c0 JavaThread "http-nio-8080-exec-10"      daemon [_thread_blocked, id=4968, stack(0x000000c553900000,0x000000c553a00000) (1024K)]
  0x000002310120f930 JavaThread "http-nio-8080-Poller"       daemon [_thread_new, id=676, stack(0x0000000000000000,0x0000000000000000) (0B)]
Total: 32

Other Threads:
  0x000002311e7b3050 VMThread "VM Thread"                           [id=7816, stack(0x000000c551700000,0x000000c551800000) (1024K)]
  0x00000231392fda20 WatcherThread "VM Periodic Task Thread"        [id=6912, stack(0x000000c551600000,0x000000c551700000) (1024K)]
  0x000002311e72dab0 WorkerThread "GC Thread#0"                     [id=10984, stack(0x000000c551100000,0x000000c551200000) (1024K)]
  0x000002317f3c0620 WorkerThread "GC Thread#1"                     [id=6756, stack(0x000000c552300000,0x000000c552400000) (1024K)]
  0x000002317f39f000 WorkerThread "GC Thread#2"                     [id=7140, stack(0x000000c552400000,0x000000c552500000) (1024K)]
  0x000002317f362c00 WorkerThread "GC Thread#3"                     [id=7676, stack(0x000000c552500000,0x000000c552600000) (1024K)]
  0x000002311e7364a0 ConcurrentGCThread "G1 Main Marker"            [id=7732, stack(0x000000c551200000,0x000000c551300000) (1024K)]
  0x000002311e736eb0 WorkerThread "G1 Conc#0"                       [id=7784, stack(0x000000c551300000,0x000000c551400000) (1024K)]
  0x000002311e78d230 ConcurrentGCThread "G1 Refine#0"               [id=12880, stack(0x000000c551400000,0x000000c551500000) (1024K)]
  0x000002311e78e600 ConcurrentGCThread "G1 Service"                [id=9476, stack(0x000000c551500000,0x000000c551600000) (1024K)]
Total: 10

Threads with active compile tasks:
C2 CompilerThread0    40960 5938       4       org.springframework.core.ResolvableType::hasGenerics (14 bytes)
Total: 1

VM state: not at safepoint (normal execution)

VM Mutex/Monitor currently owned by a thread: None

Heap address: 0x00000000c2800000, size: 984 MB, Compressed Oops mode: 32-bit

CDS archive(s) mapped at: [0x000002313a000000-0x000002313ac90000-0x000002313ac90000), size 13172736, SharedBaseAddress: 0x000002313a000000, ArchiveRelocationMode: 1.
Compressed class space mapped at: 0x000002313b000000-0x000002317b000000, reserved size: 1073741824
Narrow klass base: 0x000002313a000000, Narrow klass shift: 0, Narrow klass range: 0x100000000

GC Precious Log:
 CardTable entry size: 512
 Card Set container configuration: InlinePtr #cards 5 size 8 Array Of Cards #cards 12 size 40 Howl #buckets 4 coarsen threshold 1843 Howl Bitmap #cards 512 size 80 coarsen threshold 460 Card regions per heap region 1 cards per card region 2048
 CPUs: 4 total, 4 available
 Memory: 3933M
 Large Page Support: Disabled
 NUMA Support: Disabled
 Compressed Oops: Enabled (32-bit)
 Heap Region Size: 1M
 Heap Min Capacity: 8M
 Heap Initial Capacity: 62M
 Heap Max Capacity: 984M
 Pre-touch: Disabled
 Parallel Workers: 4
 Concurrent Workers: 1
 Concurrent Refinement Workers: 4
 Periodic GC: Disabled

Heap:
 garbage-first heap   total 55296K, used 33312K [0x00000000c2800000, 0x0000000100000000)
  region size 1024K, 7 young (7168K), 3 survivors (3072K)
 Metaspace       used 64748K, committed 65472K, reserved 1114112K
  class space    used 8849K, committed 9152K, reserved 1048576K

Heap Regions: E=young(eden), S=young(survivor), O=old, HS=humongous(starts), HC=humongous(continues), CS=collection set, F=free, TAMS=top-at-mark-start, PB=parsable bottom
|   0|0x00000000c2800000, 0x00000000c2900000, 0x00000000c2900000|100%|HS|  |TAMS 0x00000000c2800000| PB 0x00000000c2800000| Complete 
|   1|0x00000000c2900000, 0x00000000c2a00000, 0x00000000c2a00000|100%| O|  |TAMS 0x00000000c2900000| PB 0x00000000c2900000| Untracked 
|   2|0x00000000c2a00000, 0x00000000c2b00000, 0x00000000c2b00000|100%| O|  |TAMS 0x00000000c2a00000| PB 0x00000000c2a00000| Untracked 
|   3|0x00000000c2b00000, 0x00000000c2c00000, 0x00000000c2c00000|100%| O|  |TAMS 0x00000000c2b00000| PB 0x00000000c2b00000| Untracked 
|   4|0x00000000c2c00000, 0x00000000c2d00000, 0x00000000c2d00000|100%| O|  |TAMS 0x00000000c2c00000| PB 0x00000000c2c00000| Untracked 
|   5|0x00000000c2d00000, 0x00000000c2e00000, 0x00000000c2e00000|100%| O|  |TAMS 0x00000000c2d00000| PB 0x00000000c2d00000| Untracked 
|   6|0x00000000c2e00000, 0x00000000c2f00000, 0x00000000c2f00000|100%| O|  |TAMS 0x00000000c2e00000| PB 0x00000000c2e00000| Untracked 
|   7|0x00000000c2f00000, 0x00000000c3000000, 0x00000000c3000000|100%| O|  |TAMS 0x00000000c2f00000| PB 0x00000000c2f00000| Untracked 
|   8|0x00000000c3000000, 0x00000000c3100000, 0x00000000c3100000|100%| O|  |TAMS 0x00000000c3000000| PB 0x00000000c3000000| Untracked 
|   9|0x00000000c3100000, 0x00000000c3200000, 0x00000000c3200000|100%| O|  |TAMS 0x00000000c3100000| PB 0x00000000c3100000| Untracked 
|  10|0x00000000c3200000, 0x00000000c3300000, 0x00000000c3300000|100%| O|  |TAMS 0x00000000c3200000| PB 0x00000000c3200000| Untracked 
|  11|0x00000000c3300000, 0x00000000c3400000, 0x00000000c3400000|100%| O|  |TAMS 0x00000000c3300000| PB 0x00000000c3300000| Untracked 
|  12|0x00000000c3400000, 0x00000000c3500000, 0x00000000c3500000|100%| O|  |TAMS 0x00000000c3400000| PB 0x00000000c3400000| Untracked 
|  13|0x00000000c3500000, 0x00000000c3500000, 0x00000000c3600000|  0%| F|  |TAMS 0x00000000c3500000| PB 0x00000000c3500000| Untracked 
|  14|0x00000000c3600000, 0x00000000c3700000, 0x00000000c3700000|100%| O|  |TAMS 0x00000000c3600000| PB 0x00000000c3600000| Untracked 
|  15|0x00000000c3700000, 0x00000000c3800000, 0x00000000c3800000|100%| O|  |TAMS 0x00000000c3700000| PB 0x00000000c3700000| Untracked 
|  16|0x00000000c3800000, 0x00000000c3900000, 0x00000000c3900000|100%| O|  |TAMS 0x00000000c3800000| PB 0x00000000c3800000| Untracked 
|  17|0x00000000c3900000, 0x00000000c3a00000, 0x00000000c3a00000|100%| O|  |TAMS 0x00000000c3900000| PB 0x00000000c3900000| Untracked 
|  18|0x00000000c3a00000, 0x00000000c3b00000, 0x00000000c3b00000|100%| O|  |TAMS 0x00000000c3a00000| PB 0x00000000c3a00000| Untracked 
|  19|0x00000000c3b00000, 0x00000000c3c00000, 0x00000000c3c00000|100%| O|  |TAMS 0x00000000c3b00000| PB 0x00000000c3b00000| Untracked 
|  20|0x00000000c3c00000, 0x00000000c3d00000, 0x00000000c3d00000|100%| O|  |TAMS 0x00000000c3c00000| PB 0x00000000c3c00000| Untracked 
|  21|0x00000000c3d00000, 0x00000000c3e00000, 0x00000000c3e00000|100%| O|  |TAMS 0x00000000c3d00000| PB 0x00000000c3d00000| Untracked 
|  22|0x00000000c3e00000, 0x00000000c3f00000, 0x00000000c3f00000|100%| O|  |TAMS 0x00000000c3e00000| PB 0x00000000c3e00000| Untracked 
|  23|0x00000000c3f00000, 0x00000000c4000000, 0x00000000c4000000|100%| O|  |TAMS 0x00000000c3f00000| PB 0x00000000c3f00000| Untracked 
|  24|0x00000000c4000000, 0x00000000c4100000, 0x00000000c4100000|100%| O|  |TAMS 0x00000000c4000000| PB 0x00000000c4000000| Untracked 
|  25|0x00000000c4100000, 0x00000000c4200000, 0x00000000c4200000|100%| O|  |TAMS 0x00000000c4100000| PB 0x00000000c4100000| Untracked 
|  26|0x00000000c4200000, 0x00000000c4300000, 0x00000000c4300000|100%| O|  |TAMS 0x00000000c4200000| PB 0x00000000c4200000| Untracked 
|  27|0x00000000c4300000, 0x00000000c4400000, 0x00000000c4400000|100%| O|  |TAMS 0x00000000c4300000| PB 0x00000000c4300000| Untracked 
|  28|0x00000000c4400000, 0x00000000c441e208, 0x00000000c4500000| 11%| O|  |TAMS 0x00000000c4400000| PB 0x00000000c4400000| Untracked 
|  29|0x00000000c4500000, 0x00000000c4500000, 0x00000000c4600000|  0%| F|  |TAMS 0x00000000c4500000| PB 0x00000000c4500000| Untracked 
|  30|0x00000000c4600000, 0x00000000c4669f80, 0x00000000c4700000| 41%| S|CS|TAMS 0x00000000c4600000| PB 0x00000000c4600000| Complete 
|  31|0x00000000c4700000, 0x00000000c4800000, 0x00000000c4800000|100%| S|CS|TAMS 0x00000000c4700000| PB 0x00000000c4700000| Complete 
|  32|0x00000000c4800000, 0x00000000c4800000, 0x00000000c4900000|  0%| F|  |TAMS 0x00000000c4800000| PB 0x00000000c4800000| Untracked 
|  33|0x00000000c4900000, 0x00000000c4900000, 0x00000000c4a00000|  0%| F|  |TAMS 0x00000000c4900000| PB 0x00000000c4900000| Untracked 
|  34|0x00000000c4a00000, 0x00000000c4a00000, 0x00000000c4b00000|  0%| F|  |TAMS 0x00000000c4a00000| PB 0x00000000c4a00000| Untracked 
|  35|0x00000000c4b00000, 0x00000000c4c00000, 0x00000000c4c00000|100%| S|CS|TAMS 0x00000000c4b00000| PB 0x00000000c4b00000| Complete 
|  36|0x00000000c4c00000, 0x00000000c4c00000, 0x00000000c4d00000|  0%| F|  |TAMS 0x00000000c4c00000| PB 0x00000000c4c00000| Untracked 
|  37|0x00000000c4d00000, 0x00000000c4d00000, 0x00000000c4e00000|  0%| F|  |TAMS 0x00000000c4d00000| PB 0x00000000c4d00000| Untracked 
|  38|0x00000000c4e00000, 0x00000000c4e00000, 0x00000000c4f00000|  0%| F|  |TAMS 0x00000000c4e00000| PB 0x00000000c4e00000| Untracked 
|  39|0x00000000c4f00000, 0x00000000c4f00000, 0x00000000c5000000|  0%| F|  |TAMS 0x00000000c4f00000| PB 0x00000000c4f00000| Untracked 
|  40|0x00000000c5000000, 0x00000000c5000000, 0x00000000c5100000|  0%| F|  |TAMS 0x00000000c5000000| PB 0x00000000c5000000| Untracked 
|  41|0x00000000c5100000, 0x00000000c5100000, 0x00000000c5200000|  0%| F|  |TAMS 0x00000000c5100000| PB 0x00000000c5100000| Untracked 
|  42|0x00000000c5200000, 0x00000000c5200000, 0x00000000c5300000|  0%| F|  |TAMS 0x00000000c5200000| PB 0x00000000c5200000| Untracked 
|  43|0x00000000c5300000, 0x00000000c5300000, 0x00000000c5400000|  0%| F|  |TAMS 0x00000000c5300000| PB 0x00000000c5300000| Untracked 
|  44|0x00000000c5400000, 0x00000000c5400000, 0x00000000c5500000|  0%| F|  |TAMS 0x00000000c5400000| PB 0x00000000c5400000| Untracked 
|  45|0x00000000c5500000, 0x00000000c5500000, 0x00000000c5600000|  0%| F|  |TAMS 0x00000000c5500000| PB 0x00000000c5500000| Untracked 
|  46|0x00000000c5600000, 0x00000000c5600000, 0x00000000c5700000|  0%| F|  |TAMS 0x00000000c5600000| PB 0x00000000c5600000| Untracked 
|  47|0x00000000c5700000, 0x00000000c5700000, 0x00000000c5800000|  0%| F|  |TAMS 0x00000000c5700000| PB 0x00000000c5700000| Untracked 
|  48|0x00000000c5800000, 0x00000000c5800000, 0x00000000c5900000|  0%| F|  |TAMS 0x00000000c5800000| PB 0x00000000c5800000| Untracked 
|  49|0x00000000c5900000, 0x00000000c5900000, 0x00000000c5a00000|  0%| F|  |TAMS 0x00000000c5900000| PB 0x00000000c5900000| Untracked 
|  50|0x00000000c5a00000, 0x00000000c5af6080, 0x00000000c5b00000| 96%| E|  |TAMS 0x00000000c5a00000| PB 0x00000000c5a00000| Complete 
|  51|0x00000000c5b00000, 0x00000000c5c00000, 0x00000000c5c00000|100%| E|CS|TAMS 0x00000000c5b00000| PB 0x00000000c5b00000| Complete 
|  52|0x00000000c5c00000, 0x00000000c5d00000, 0x00000000c5d00000|100%| E|CS|TAMS 0x00000000c5c00000| PB 0x00000000c5c00000| Complete 
|  61|0x00000000c6500000, 0x00000000c6600000, 0x00000000c6600000|100%| E|CS|TAMS 0x00000000c6500000| PB 0x00000000c6500000| Complete 

Card table byte_map: [0x0000023135d60000,0x0000023135f50000] _byte_map_base: 0x000002313574c000

Marking Bits: (CMBitMap*) 0x000002311e72e0c0
 Bits: [0x0000023135f50000, 0x0000023136eb0000)

Polling page: 0x000002311c6a0000

Metaspace:

Usage:
  Non-class:     54.59 MB used.
      Class:      8.64 MB used.
       Both:     63.23 MB used.

Virtual space:
  Non-class space:       64.00 MB reserved,      55.00 MB ( 86%) committed,  1 nodes.
      Class space:        1.00 GB reserved,       8.94 MB ( <1%) committed,  1 nodes.
             Both:        1.06 GB reserved,      63.94 MB (  6%) committed. 

Chunk freelists:
   Non-Class:  8.81 MB
       Class:  6.95 MB
        Both:  15.76 MB

MaxMetaspaceSize: unlimited
CompressedClassSpaceSize: 1.00 GB
Initial GC threshold: 21.00 MB
Current GC threshold: 98.25 MB
CDS: on
 - commit_granule_bytes: 65536.
 - commit_granule_words: 8192.
 - virtual_space_node_default_size: 8388608.
 - enlarge_chunks_in_place: 1.
 - use_allocation_guard: 0.


Internal statistics:

num_allocs_failed_limit: 9.
num_arena_births: 1004.
num_arena_deaths: 0.
num_vsnodes_births: 2.
num_vsnodes_deaths: 0.
num_space_committed: 1023.
num_space_uncommitted: 0.
num_chunks_returned_to_freelist: 9.
num_chunks_taken_from_freelist: 3420.
num_chunk_merges: 6.
num_chunk_splits: 2412.
num_chunks_enlarged: 1829.
num_inconsistent_stats: 0.

CodeHeap 'non-profiled nmethods': size=120000Kb used=3251Kb max_used=3251Kb free=116748Kb
 bounds [0x000002312e640000, 0x000002312e980000, 0x0000023135b70000]
CodeHeap 'profiled nmethods': size=120000Kb used=10154Kb max_used=10154Kb free=109846Kb
 bounds [0x0000023126b70000, 0x0000023127560000, 0x000002312e0a0000]
CodeHeap 'non-nmethods': size=5760Kb used=1658Kb max_used=1708Kb free=4101Kb
 bounds [0x000002312e0a0000, 0x000002312e310000, 0x000002312e640000]
 total_blobs=6033 nmethods=5335 adapters=602
 compilation: enabled
              stopped_count=0, restarted_count=0
 full_count=0

Compilation events (20 events):
Event: 40.210 Thread 0x0000023139321720 5989       3       org.springframework.core.annotation.AnnotatedElementUtils::findMergedAnnotation (59 bytes)
Event: 40.212 Thread 0x0000023139321720 nmethod 5989 0x0000023127555a90 code [0x0000023127555da0, 0x0000023127557038]
Event: 40.214 Thread 0x0000023139321720 5990       3       org.springframework.core.annotation.AnnotationsScanner::scan (21 bytes)
Event: 40.214 Thread 0x0000023139321720 nmethod 5990 0x0000023127557610 code [0x00000231275577c0, 0x00000231275579c0]
Event: 40.218 Thread 0x0000023139321720 5991       2       org.springframework.aop.framework.autoproxy.AutoProxyUtils::determineTargetClass (51 bytes)
Event: 40.219 Thread 0x0000023139321720 nmethod 5991 0x0000023127557b10 code [0x0000023127557d20, 0x00000231275581d0]
Event: 40.220 Thread 0x0000023139321720 5992   !   2       org.springframework.context.event.EventListenerMethodProcessor::processBean (353 bytes)
Event: 40.225 Thread 0x0000023139321720 nmethod 5992 0x0000023127558510 code [0x0000023127558980, 0x0000023127559aa8]
Event: 40.225 Thread 0x0000023139321720 5993       2       org.springframework.context.event.EventListenerMethodProcessor::isSpringContainerClass (32 bytes)
Event: 40.226 Thread 0x0000023139321720 nmethod 5993 0x000002312755a690 code [0x000002312755a880, 0x000002312755aae8]
Event: 40.292 Thread 0x000002313931eac0 nmethod 5790 0x000002312e96bb90 code [0x000002312e96c060, 0x000002312e96e750]
Event: 40.293 Thread 0x000002313931eac0 5852       4       org.springframework.core.annotation.TypeMappedAnnotations$MergedAnnotationFinder::finish (9 bytes)
Event: 40.295 Thread 0x000002313931eac0 nmethod 5852 0x000002312e6f3a90 code [0x000002312e6f3c20, 0x000002312e6f3ce0]
Event: 40.295 Thread 0x000002313931eac0 5839       4       org.springframework.core.annotation.TypeMappedAnnotations$MergedAnnotationFinder::<init> (37 bytes)
Event: 40.304 Thread 0x000002313931eac0 nmethod 5839 0x000002312e6f3410 code [0x000002312e6f35a0, 0x000002312e6f39d8]
Event: 40.304 Thread 0x000002313931eac0 5938       4       org.springframework.core.ResolvableType::hasGenerics (14 bytes)
Event: 40.771 Thread 0x0000023139321720 5998       2       java.io.File::isFile (34 bytes)
Event: 40.771 Thread 0x0000023139321720 nmethod 5998 0x000002312755ac90 code [0x000002312755ae40, 0x000002312755afe8]
Event: 40.773 Thread 0x0000023139321720 5999       2       java.lang.Long::hashCode (8 bytes)
Event: 40.773 Thread 0x0000023139321720 nmethod 5999 0x0000023126f70910 code [0x0000023126f70aa0, 0x0000023126f70b98]

GC Heap History (20 events):
Event: 11.252 GC heap before
{Heap before GC invocations=4 (full 0):
 garbage-first heap   total 63488K, used 27360K [0x00000000c2800000, 0x0000000100000000)
  region size 1024K, 21 young (21504K), 5 survivors (5120K)
 Metaspace       used 21203K, committed 21504K, reserved 1114112K
  class space    used 2536K, committed 2688K, reserved 1048576K
}
Event: 11.267 GC heap after
{Heap after GC invocations=5 (full 0):
 garbage-first heap   total 63488K, used 14333K [0x00000000c2800000, 0x0000000100000000)
  region size 1024K, 2 young (2048K), 2 survivors (2048K)
 Metaspace       used 21203K, committed 21504K, reserved 1114112K
  class space    used 2536K, committed 2688K, reserved 1048576K
}
Event: 16.799 GC heap before
{Heap before GC invocations=6 (full 0):
 garbage-first heap   total 55296K, used 45053K [0x00000000c2800000, 0x0000000100000000)
  region size 1024K, 32 young (32768K), 2 survivors (2048K)
 Metaspace       used 26445K, committed 26880K, reserved 1114112K
  class space    used 3299K, committed 3520K, reserved 1048576K
}
Event: 16.810 GC heap after
{Heap after GC invocations=7 (full 0):
 garbage-first heap   total 55296K, used 17108K [0x00000000c2800000, 0x0000000100000000)
  region size 1024K, 4 young (4096K), 4 survivors (4096K)
 Metaspace       used 26445K, committed 26880K, reserved 1114112K
  class space    used 3299K, committed 3520K, reserved 1048576K
}
Event: 20.167 GC heap before
{Heap before GC invocations=7 (full 0):
 garbage-first heap   total 55296K, used 42708K [0x00000000c2800000, 0x0000000100000000)
  region size 1024K, 30 young (30720K), 4 survivors (4096K)
 Metaspace       used 32286K, committed 32832K, reserved 1114112K
  class space    used 3998K, committed 4224K, reserved 1048576K
}
Event: 20.182 GC heap after
{Heap after GC invocations=8 (full 0):
 garbage-first heap   total 55296K, used 19406K [0x00000000c2800000, 0x0000000100000000)
  region size 1024K, 3 young (3072K), 3 survivors (3072K)
 Metaspace       used 32286K, committed 32832K, reserved 1114112K
  class space    used 3998K, committed 4224K, reserved 1048576K
}
Event: 21.305 GC heap before
{Heap before GC invocations=8 (full 0):
 garbage-first heap   total 55296K, used 32718K [0x00000000c2800000, 0x0000000100000000)
  region size 1024K, 18 young (18432K), 3 survivors (3072K)
 Metaspace       used 35438K, committed 35968K, reserved 1114112K
  class space    used 4415K, committed 4672K, reserved 1048576K
}
Event: 21.314 GC heap after
{Heap after GC invocations=9 (full 0):
 garbage-first heap   total 55296K, used 20569K [0x00000000c2800000, 0x0000000100000000)
  region size 1024K, 2 young (2048K), 2 survivors (2048K)
 Metaspace       used 35438K, committed 35968K, reserved 1114112K
  class space    used 4415K, committed 4672K, reserved 1048576K
}
Event: 23.552 GC heap before
{Heap before GC invocations=10 (full 0):
 garbage-first heap   total 55296K, used 44121K [0x00000000c2800000, 0x0000000100000000)
  region size 1024K, 26 young (26624K), 2 survivors (2048K)
 Metaspace       used 41453K, committed 42048K, reserved 1114112K
  class space    used 5409K, committed 5632K, reserved 1048576K
}
Event: 23.561 GC heap after
{Heap after GC invocations=11 (full 0):
 garbage-first heap   total 55296K, used 22079K [0x00000000c2800000, 0x0000000100000000)
  region size 1024K, 3 young (3072K), 3 survivors (3072K)
 Metaspace       used 41453K, committed 42048K, reserved 1114112K
  class space    used 5409K, committed 5632K, reserved 1048576K
}
Event: 25.567 GC heap before
{Heap before GC invocations=11 (full 0):
 garbage-first heap   total 55296K, used 45631K [0x00000000c2800000, 0x0000000100000000)
  region size 1024K, 27 young (27648K), 3 survivors (3072K)
 Metaspace       used 48512K, committed 49088K, reserved 1114112K
  class space    used 6423K, committed 6656K, reserved 1048576K
}
Event: 25.577 GC heap after
{Heap after GC invocations=12 (full 0):
 garbage-first heap   total 55296K, used 23227K [0x00000000c2800000, 0x0000000100000000)
  region size 1024K, 3 young (3072K), 3 survivors (3072K)
 Metaspace       used 48512K, committed 49088K, reserved 1114112K
  class space    used 6423K, committed 6656K, reserved 1048576K
}
Event: 27.950 GC heap before
{Heap before GC invocations=12 (full 0):
 garbage-first heap   total 55296K, used 46779K [0x00000000c2800000, 0x0000000100000000)
  region size 1024K, 27 young (27648K), 3 survivors (3072K)
 Metaspace       used 54759K, committed 55424K, reserved 1114112K
  class space    used 7397K, committed 7680K, reserved 1048576K
}
Event: 27.961 GC heap after
{Heap after GC invocations=13 (full 0):
 garbage-first heap   total 55296K, used 24078K [0x00000000c2800000, 0x0000000100000000)
  region size 1024K, 3 young (3072K), 3 survivors (3072K)
 Metaspace       used 54759K, committed 55424K, reserved 1114112K
  class space    used 7397K, committed 7680K, reserved 1048576K
}
Event: 31.844 GC heap before
{Heap before GC invocations=13 (full 0):
 garbage-first heap   total 55296K, used 45582K [0x00000000c2800000, 0x0000000100000000)
  region size 1024K, 25 young (25600K), 3 survivors (3072K)
 Metaspace       used 59411K, committed 60160K, reserved 1114112K
  class space    used 8018K, committed 8384K, reserved 1048576K
}
Event: 31.855 GC heap after
{Heap after GC invocations=14 (full 0):
 garbage-first heap   total 55296K, used 26257K [0x00000000c2800000, 0x0000000100000000)
  region size 1024K, 4 young (4096K), 4 survivors (4096K)
 Metaspace       used 59411K, committed 60160K, reserved 1114112K
  class space    used 8018K, committed 8384K, reserved 1048576K
}
Event: 37.284 GC heap before
{Heap before GC invocations=15 (full 0):
 garbage-first heap   total 55296K, used 45713K [0x00000000c2800000, 0x0000000100000000)
  region size 1024K, 23 young (23552K), 4 survivors (4096K)
 Metaspace       used 62130K, committed 62784K, reserved 1114112K
  class space    used 8469K, committed 8768K, reserved 1048576K
}
Event: 37.299 GC heap after
{Heap after GC invocations=16 (full 0):
 garbage-first heap   total 55296K, used 28277K [0x00000000c2800000, 0x0000000100000000)
  region size 1024K, 3 young (3072K), 3 survivors (3072K)
 Metaspace       used 62130K, committed 62784K, reserved 1114112K
  class space    used 8469K, committed 8768K, reserved 1048576K
}
Event: 39.692 GC heap before
{Heap before GC invocations=16 (full 0):
 garbage-first heap   total 55296K, used 46709K [0x00000000c2800000, 0x0000000100000000)
  region size 1024K, 21 young (21504K), 3 survivors (3072K)
 Metaspace       used 64243K, committed 64960K, reserved 1114112K
  class space    used 8785K, committed 9088K, reserved 1048576K
}
Event: 39.706 GC heap after
{Heap after GC invocations=17 (full 0):
 garbage-first heap   total 55296K, used 30240K [0x00000000c2800000, 0x0000000100000000)
  region size 1024K, 3 young (3072K), 3 survivors (3072K)
 Metaspace       used 64243K, committed 64960K, reserved 1114112K
  class space    used 8785K, committed 9088K, reserved 1048576K
}

Dll operation events (14 events):
Event: 0.052 Loaded shared library C:\Program Files\Java\jdk-21\bin\java.dll
Event: 0.152 Loaded shared library C:\Program Files\Java\jdk-21\bin\jsvml.dll
Event: 0.511 Loaded shared library C:\Program Files\Java\jdk-21\bin\zip.dll
Event: 0.524 Loaded shared library C:\Program Files\Java\jdk-21\bin\instrument.dll
Event: 0.538 Loaded shared library C:\Program Files\Java\jdk-21\bin\net.dll
Event: 0.543 Loaded shared library C:\Program Files\Java\jdk-21\bin\nio.dll
Event: 0.552 Loaded shared library C:\Program Files\Java\jdk-21\bin\zip.dll
Event: 0.927 Loaded shared library C:\Users\Ric\AppData\Local\Programs\IntelliJ IDEA Community Edition\bin\breakgen64.dll
Event: 1.003 Loaded shared library C:\Program Files\Java\jdk-21\bin\extnet.dll
Event: 1.126 Loaded shared library C:\Program Files\Java\jdk-21\bin\jimage.dll
Event: 2.357 Loaded shared library C:\Program Files\Java\jdk-21\bin\management.dll
Event: 2.370 Loaded shared library C:\Program Files\Java\jdk-21\bin\management_ext.dll
Event: 7.410 Loaded shared library C:\Program Files\Java\jdk-21\bin\sunmscapi.dll
Event: 21.968 Loaded shared library C:\Program Files\Java\jdk-21\bin\verify.dll

Deoptimization events (20 events):
Event: 39.594 Thread 0x000002317f787b60 Uncommon trap: trap_request=0xffffff45 fr.pc=0x000002312e7dc6b8 relative=0x0000000000000258
Event: 39.594 Thread 0x000002317f787b60 Uncommon trap: reason=unstable_if action=reinterpret pc=0x000002312e7dc6b8 method=org.springframework.beans.factory.support.AbstractAutowireCapableBeanFactory.determineTargetType(Ljava/lang/String;Lorg/springframework/beans/factory/support/RootBeanDefinit
Event: 39.594 Thread 0x000002317f787b60 DEOPT PACKING pc=0x000002312e7dc6b8 sp=0x000000c5527fd930
Event: 39.594 Thread 0x000002317f787b60 DEOPT UNPACKING pc=0x000002312e0f46a2 sp=0x000000c5527fd918 mode 2
Event: 39.675 Thread 0x000002317f787b60 Uncommon trap: trap_request=0xffffff45 fr.pc=0x000002312e64b3c8 relative=0x00000000000000a8
Event: 39.675 Thread 0x000002317f787b60 Uncommon trap: reason=unstable_if action=reinterpret pc=0x000002312e64b3c8 method=java.lang.String.isLatin1()Z @ 10 c2
Event: 39.675 Thread 0x000002317f787b60 DEOPT PACKING pc=0x000002312e64b3c8 sp=0x000000c5527fce00
Event: 39.675 Thread 0x000002317f787b60 DEOPT UNPACKING pc=0x000002312e0f46a2 sp=0x000000c5527fcd30 mode 2
Event: 40.202 Thread 0x000002317f787b60 Uncommon trap: trap_request=0xffffff45 fr.pc=0x000002312e71a584 relative=0x0000000000001764
Event: 40.202 Thread 0x000002317f787b60 Uncommon trap: reason=unstable_if action=reinterpret pc=0x000002312e71a584 method=org.springframework.core.annotation.AnnotationsScanner.processClassInheritedAnnotations(Ljava/lang/Object;Ljava/lang/Class;Lorg/springframework/core/annotation/MergedAnnotat
Event: 40.202 Thread 0x000002317f787b60 DEOPT PACKING pc=0x000002312e71a584 sp=0x000000c5527fe950
Event: 40.202 Thread 0x000002317f787b60 DEOPT UNPACKING pc=0x000002312e0f46a2 sp=0x000000c5527fe720 mode 2
Event: 40.202 Thread 0x000002317f787b60 Uncommon trap: trap_request=0xffffff45 fr.pc=0x000002312e789154 relative=0x00000000000016f4
Event: 40.202 Thread 0x000002317f787b60 Uncommon trap: reason=unstable_if action=reinterpret pc=0x000002312e789154 method=org.springframework.core.annotation.AnnotationsScanner.processClassInheritedAnnotations(Ljava/lang/Object;Ljava/lang/Class;Lorg/springframework/core/annotation/MergedAnnotat
Event: 40.202 Thread 0x000002317f787b60 DEOPT PACKING pc=0x000002312e789154 sp=0x000000c5527fe8a0
Event: 40.202 Thread 0x000002317f787b60 DEOPT UNPACKING pc=0x000002312e0f46a2 sp=0x000000c5527fe710 mode 2
Event: 40.377 Thread 0x000002317f787b60 Uncommon trap: trap_request=0xffffff45 fr.pc=0x000002312e6d2c38 relative=0x00000000000000f8
Event: 40.377 Thread 0x000002317f787b60 Uncommon trap: reason=unstable_if action=reinterpret pc=0x000002312e6d2c38 method=java.lang.ref.ReferenceQueue.poll()Ljava/lang/ref/Reference; @ 4 c2
Event: 40.377 Thread 0x000002317f787b60 DEOPT PACKING pc=0x000002312e6d2c38 sp=0x000000c5527fe9a0
Event: 40.377 Thread 0x000002317f787b60 DEOPT UNPACKING pc=0x000002312e0f46a2 sp=0x000000c5527fe868 mode 2

Classes loaded (20 events):
Event: 36.287 Loading class java/util/EnumMap$EnumMapIterator done
Event: 36.287 Loading class java/util/EnumMap$EntryIterator done
Event: 40.403 Loading class java/nio/channels/spi/SelectorProvider
Event: 40.407 Loading class java/nio/channels/spi/SelectorProvider done
Event: 40.407 Loading class java/nio/channels/spi/SelectorProvider$Holder
Event: 40.408 Loading class java/nio/channels/spi/SelectorProvider$Holder done
Event: 40.410 Loading class sun/nio/ch/DefaultSelectorProvider
Event: 40.437 Loading class sun/nio/ch/DefaultSelectorProvider done
Event: 40.437 Loading class sun/nio/ch/WEPollSelectorProvider
Event: 40.438 Loading class sun/nio/ch/SelectorProviderImpl
Event: 40.440 Loading class sun/nio/ch/SelectorProviderImpl done
Event: 40.440 Loading class sun/nio/ch/WEPollSelectorProvider done
Event: 40.441 Loading class sun/nio/ch/ServerSocketChannelImpl
Event: 40.444 Loading class sun/nio/ch/ServerSocketChannelImpl done
Event: 40.445 Loading class sun/nio/ch/ServerSocketAdaptor
Event: 40.446 Loading class sun/nio/ch/ServerSocketAdaptor done
Event: 40.447 Loading class sun/nio/ch/DummySocketImpl
Event: 40.447 Loading class sun/nio/ch/DummySocketImpl done
Event: 40.453 Loading class java/lang/IllegalThreadStateException
Event: 40.454 Loading class java/lang/IllegalThreadStateException done

Classes unloaded (0 events):
No events

Classes redefined (0 events):
No events

Internal exceptions (20 events):
Event: 27.472 Thread 0x000002317f787b60 Exception <a 'java/lang/NoSuchMethodError'{0x00000000c48db068}: 'java.lang.Object java.lang.invoke.Invokers$Holder.linkToTargetMethod(java.lang.Object, java.lang.Object, java.lang.Object, java.lang.Object, java.lang.Object, java.lang.Object, java.lang.Object, java.lang.Object, java.lang.Object, java.lang.Object, java.lang.Object, java.lang.Object)'> (0x00000000c48db068) 
thrown [s\open\src\hotspot\share\interpreter\linkResolver.cpp, line 773]
Event: 28.041 Thread 0x000002317f787b60 Exception <a 'java/lang/NoSuchMethodError'{0x00000000c6583440}: 'java.lang.Object java.lang.invoke.DirectMethodHandle$Holder.newInvokeSpecial(java.lang.Object, java.lang.Object, java.lang.Object, java.lang.Object, java.lang.Object, java.lang.Object, java.lang.Object, int)'> (0x00000000c6583440) 
thrown [s\open\src\hotspot\share\interpreter\linkResolver.cpp, line 773]
Event: 28.042 Thread 0x000002317f787b60 Exception <a 'java/lang/NoSuchMethodError'{0x00000000c65879a0}: 'java.lang.Object java.lang.invoke.DirectMethodHandle$Holder.invokeSpecial(java.lang.Object, java.lang.Object, java.lang.Object, java.lang.Object, java.lang.Object, java.lang.Object, java.lang.Object, java.lang.Object, int)'> (0x00000000c65879a0) 
thrown [s\open\src\hotspot\share\interpreter\linkResolver.cpp, line 773]
Event: 28.043 Thread 0x000002317f787b60 Exception <a 'java/lang/NoSuchMethodError'{0x00000000c658b9b8}: 'java.lang.Object java.lang.invoke.Invokers$Holder.linkToTargetMethod(java.lang.Object, java.lang.Object, java.lang.Object, java.lang.Object, java.lang.Object, java.lang.Object, int, java.lang.Object)'> (0x00000000c658b9b8) 
thrown [s\open\src\hotspot\share\interpreter\linkResolver.cpp, line 773]
Event: 28.193 Thread 0x000002317f787b60 Implicit null exception at 0x000002312e8edb41 to 0x000002312e8edcac
Event: 28.234 Thread 0x000002317f787b60 Exception <a 'java/lang/NoSuchMethodError'{0x00000000c5c61058}: 'java.lang.Object java.lang.invoke.DirectMethodHandle$Holder.newInvokeSpecial(java.lang.Object, java.lang.Object, int, java.lang.Object, int, java.lang.Object, java.lang.Object)'> (0x00000000c5c61058) 
thrown [s\open\src\hotspot\share\interpreter\linkResolver.cpp, line 773]
Event: 28.254 Thread 0x000002317f787b60 Exception <a 'java/lang/NoSuchMethodError'{0x00000000c5cb8348}: 'void java.lang.invoke.DirectMethodHandle$Holder.invokeInterface(java.lang.Object, java.lang.Object)'> (0x00000000c5cb8348) 
thrown [s\open\src\hotspot\share\interpreter\linkResolver.cpp, line 773]
Event: 29.331 Thread 0x000002317f787b60 Exception <a 'java/lang/NoSuchMethodError'{0x00000000c58c5228}: 'java.lang.Object java.lang.invoke.DirectMethodHandle$Holder.invokeSpecial(java.lang.Object, java.lang.Object, int, java.lang.Object, int)'> (0x00000000c58c5228) 
thrown [s\open\src\hotspot\share\interpreter\linkResolver.cpp, line 773]
Event: 29.941 Thread 0x000002317f787b60 Exception <a 'java/lang/NoSuchMethodError'{0x00000000c579aff0}: 'void java.lang.invoke.Invokers$Holder.invokeExact_MT(java.lang.Object, java.lang.Object, java.lang.Object, java.lang.Object)'> (0x00000000c579aff0) 
thrown [s\open\src\hotspot\share\interpreter\linkResolver.cpp, line 773]
Event: 30.542 Thread 0x000002317f787b60 Exception <a 'java/lang/IncompatibleClassChangeError'{0x00000000c5392fb0}: Found class java.lang.Object, but interface was expected> (0x00000000c5392fb0) 
thrown [s\open\src\hotspot\share\interpreter\linkResolver.cpp, line 840]
Event: 30.629 Thread 0x000002317f787b60 Exception <a 'java/lang/IncompatibleClassChangeError'{0x00000000c5217438}: Found class java.lang.Object, but interface was expected> (0x00000000c5217438) 
thrown [s\open\src\hotspot\share\interpreter\linkResolver.cpp, line 840]
Event: 30.911 Thread 0x000002317f787b60 Exception <a 'java/lang/IncompatibleClassChangeError'{0x00000000c519c128}: Found class java.lang.Object, but interface was expected> (0x00000000c519c128) 
thrown [s\open\src\hotspot\share\interpreter\linkResolver.cpp, line 840]
Event: 31.650 Thread 0x000002317f787b60 Exception <a 'java/lang/IncompatibleClassChangeError'{0x00000000c4ab6c90}: Found class java.lang.Object, but interface was expected> (0x00000000c4ab6c90) 
thrown [s\open\src\hotspot\share\interpreter\linkResolver.cpp, line 840]
Event: 32.086 Thread 0x000002317f787b60 Exception <a 'java/lang/IncompatibleClassChangeError'{0x00000000c65b1068}: Found class java.lang.Object, but interface was expected> (0x00000000c65b1068) 
thrown [s\open\src\hotspot\share\interpreter\linkResolver.cpp, line 840]
Event: 33.550 Thread 0x000002317f787b60 Exception <a 'java/lang/NoSuchMethodError'{0x00000000c5713b28}: 'java.lang.Object java.lang.invoke.DirectMethodHandle$Holder.newInvokeSpecial(java.lang.Object, java.lang.Object, java.lang.Object, java.lang.Object, java.lang.Object, java.lang.Object, java.lang.Object, java.lang.Object)'> (0x00000000c5713b28) 
thrown [s\open\src\hotspot\share\interpreter\linkResolver.cpp, line 773]
Event: 37.559 Thread 0x000002317f787b60 Exception <a 'java/lang/IncompatibleClassChangeError'{0x00000000c5b0ed58}: Found class java.lang.Object, but interface was expected> (0x00000000c5b0ed58) 
thrown [s\open\src\hotspot\share\interpreter\linkResolver.cpp, line 840]
Event: 38.328 Thread 0x000002317f787b60 Exception <a 'java/lang/NoSuchMethodError'{0x00000000c5655ea0}: 'void java.lang.invoke.DirectMethodHandle$Holder.invokeVirtual(java.lang.Object, java.lang.Object, long)'> (0x00000000c5655ea0) 
thrown [s\open\src\hotspot\share\interpreter\linkResolver.cpp, line 773]
Event: 38.808 Thread 0x000002317f787b60 Exception <a 'java/lang/IncompatibleClassChangeError'{0x00000000c51bdeb8}: Found class java.lang.Object, but interface was expected> (0x00000000c51bdeb8) 
thrown [s\open\src\hotspot\share\interpreter\linkResolver.cpp, line 840]
Event: 38.890 Thread 0x000002317f787b60 Implicit null exception at 0x000002312e77e268 to 0x000002312e77e4c0
Event: 40.379 Thread 0x000002317f787b60 Exception <a 'java/lang/NoSuchMethodError'{0x00000000c5b54518}: 'java.lang.Object java.lang.invoke.DirectMethodHandle$Holder.newInvokeSpecial(java.lang.Object, java.lang.Object, int, java.lang.Object, java.lang.Object)'> (0x00000000c5b54518) 
thrown [s\open\src\hotspot\share\interpreter\linkResolver.cpp, line 773]

ZGC Phase Switch (0 events):
No events

VM Operations (20 events):
Event: 35.197 Executing VM operation: HandshakeAllThreads (Deoptimize)
Event: 35.197 Executing VM operation: HandshakeAllThreads (Deoptimize) done
Event: 35.197 Executing VM operation: Cleanup
Event: 35.198 Executing VM operation: Cleanup done
Event: 35.200 Executing VM operation: HandshakeAllThreads (Deoptimize)
Event: 35.200 Executing VM operation: HandshakeAllThreads (Deoptimize) done
Event: 36.208 Executing VM operation: Cleanup
Event: 36.286 Executing VM operation: Cleanup done
Event: 37.282 Executing VM operation: G1CollectForAllocation (G1 Evacuation Pause)
Event: 37.299 Executing VM operation: G1CollectForAllocation (G1 Evacuation Pause) done
Event: 38.302 Executing VM operation: Cleanup
Event: 38.304 Executing VM operation: Cleanup done
Event: 38.417 Executing VM operation: HandshakeAllThreads (Deoptimize)
Event: 38.417 Executing VM operation: HandshakeAllThreads (Deoptimize) done
Event: 39.424 Executing VM operation: Cleanup
Event: 39.424 Executing VM operation: Cleanup done
Event: 39.692 Executing VM operation: G1CollectForAllocation (G1 Evacuation Pause)
Event: 39.707 Executing VM operation: G1CollectForAllocation (G1 Evacuation Pause) done
Event: 40.309 Executing VM operation: HandshakeAllThreads (Deoptimize)
Event: 40.371 Executing VM operation: HandshakeAllThreads (Deoptimize) done

Events (20 events):
Event: 32.072 Thread 0x000002311e7b3050 flushing nmethod 0x00000231273bb310
Event: 32.072 Thread 0x000002311e7b3050 flushing nmethod 0x00000231273bfc90
Event: 32.072 Thread 0x000002311e7b3050 flushing nmethod 0x00000231273c0410
Event: 32.072 Thread 0x000002311e7b3050 flushing nmethod 0x00000231273e4b10
Event: 32.072 Thread 0x000002311e7b3050 flushing nmethod 0x0000023127436c90
Event: 32.072 Thread 0x000002311e7b3050 flushing nmethod 0x000002312743b490
Event: 40.105 Thread 0x0000023101152d80 Thread added: 0x0000023101152d80
Event: 40.141 Thread 0x00000231011526f0 Thread added: 0x00000231011526f0
Event: 40.157 Thread 0x00000231011526f0 Thread exited: 0x00000231011526f0
Event: 40.177 Thread 0x0000023101154e50 Thread added: 0x0000023101154e50
Event: 40.458 Thread 0x00000231011526f0 Thread added: 0x00000231011526f0
Event: 40.459 Thread 0x0000023101153410 Thread added: 0x0000023101153410
Event: 40.459 Thread 0x00000231011554e0 Thread added: 0x00000231011554e0
Event: 40.459 Thread 0x000002310120ec10 Thread added: 0x000002310120ec10
Event: 40.459 Thread 0x000002310120a3e0 Thread added: 0x000002310120a3e0
Event: 40.461 Thread 0x000002310120def0 Thread added: 0x000002310120def0
Event: 40.710 Thread 0x0000023101209030 Thread added: 0x0000023101209030
Event: 40.712 Thread 0x000002310120f2a0 Thread added: 0x000002310120f2a0
Event: 40.713 Thread 0x000002310120cb40 Thread added: 0x000002310120cb40
Event: 40.715 Thread 0x00000231012096c0 Thread added: 0x00000231012096c0


Dynamic libraries:
0x00007ff725040000 - 0x00007ff725050000 	C:\Program Files\Java\jdk-21\bin\java.exe
0x00007ffcf7030000 - 0x00007ffcf7228000 	C:\Windows\SYSTEM32\ntdll.dll
0x00007ffcf6c90000 - 0x00007ffcf6d51000 	C:\Windows\System32\KERNEL32.DLL
0x00007ffcf49c0000 - 0x00007ffcf4cbd000 	C:\Windows\System32\KERNELBASE.dll
0x00007ffcf46e0000 - 0x00007ffcf47e0000 	C:\Windows\System32\ucrtbase.dll
0x00007ffcf2690000 - 0x00007ffcf26ab000 	C:\Program Files\Java\jdk-21\bin\VCRUNTIME140.dll
0x00007ffcf2670000 - 0x00007ffcf2689000 	C:\Program Files\Java\jdk-21\bin\jli.dll
0x00007ffcf6e90000 - 0x00007ffcf6f40000 	C:\Windows\System32\ADVAPI32.dll
0x00007ffcf6b00000 - 0x00007ffcf6b9e000 	C:\Windows\System32\msvcrt.dll
0x00007ffcf56c0000 - 0x00007ffcf5760000 	C:\Windows\System32\sechost.dll
0x00007ffcf65f0000 - 0x00007ffcf6713000 	C:\Windows\System32\RPCRT4.dll
0x00007ffcf4fe0000 - 0x00007ffcf5007000 	C:\Windows\System32\bcrypt.dll
0x00007ffcf67b0000 - 0x00007ffcf694d000 	C:\Windows\System32\USER32.dll
0x00007ffcf4fb0000 - 0x00007ffcf4fd2000 	C:\Windows\System32\win32u.dll
0x00007ffcf3970000 - 0x00007ffcf3c0a000 	C:\Windows\WinSxS\amd64_microsoft.windows.common-controls_6595b64144ccf1df_6.0.19041.4355_none_60b8b9eb71f62e16\COMCTL32.dll
0x00007ffcf5760000 - 0x00007ffcf578b000 	C:\Windows\System32\GDI32.dll
0x00007ffcf4e90000 - 0x00007ffcf4fa7000 	C:\Windows\System32\gdi32full.dll
0x00007ffcf47e0000 - 0x00007ffcf487d000 	C:\Windows\System32\msvcp_win.dll
0x00007ffcf1000000 - 0x00007ffcf100a000 	C:\Windows\SYSTEM32\VERSION.dll
0x00007ffcf6fc0000 - 0x00007ffcf6fef000 	C:\Windows\System32\IMM32.DLL
0x00007ffcf4180000 - 0x00007ffcf418c000 	C:\Program Files\Java\jdk-21\bin\vcruntime140_1.dll
0x00007ffceb3b0000 - 0x00007ffceb43e000 	C:\Program Files\Java\jdk-21\bin\msvcp140.dll
0x00007ffcc8470000 - 0x00007ffcc9183000 	C:\Program Files\Java\jdk-21\bin\server\jvm.dll
0x00007ffcf6740000 - 0x00007ffcf67ab000 	C:\Windows\System32\WS2_32.dll
0x00007ffce0a00000 - 0x00007ffce0a27000 	C:\Windows\SYSTEM32\WINMM.dll
0x00007ffcf4530000 - 0x00007ffcf457b000 	C:\Windows\SYSTEM32\POWRPROF.dll
0x00007ffcf4510000 - 0x00007ffcf4522000 	C:\Windows\SYSTEM32\UMPDC.dll
0x00007ffcf1730000 - 0x00007ffcf1742000 	C:\Windows\SYSTEM32\kernel.appcore.dll
0x00007ffcf2740000 - 0x00007ffcf274a000 	C:\Program Files\Java\jdk-21\bin\jimage.dll
0x00007ffcf3d40000 - 0x00007ffcf3f24000 	C:\Windows\SYSTEM32\DBGHELP.DLL
0x00007ffcf3d00000 - 0x00007ffcf3d34000 	C:\Windows\SYSTEM32\dbgcore.DLL
0x00007ffcf4880000 - 0x00007ffcf4902000 	C:\Windows\System32\bcryptPrimitives.dll
0x00007ffcf2660000 - 0x00007ffcf266f000 	C:\Program Files\Java\jdk-21\bin\instrument.dll
0x00007ffcf2640000 - 0x00007ffcf265f000 	C:\Program Files\Java\jdk-21\bin\java.dll
0x00007ffcf5790000 - 0x00007ffcf5eff000 	C:\Windows\System32\SHELL32.dll
0x00007ffcf1a10000 - 0x00007ffcf21af000 	C:\Windows\SYSTEM32\windows.storage.dll
0x00007ffcf5360000 - 0x00007ffcf56b3000 	C:\Windows\System32\combase.dll
0x00007ffcf38d0000 - 0x00007ffcf38fe000 	C:\Windows\SYSTEM32\Wldp.dll
0x00007ffcf5290000 - 0x00007ffcf535d000 	C:\Windows\System32\OLEAUT32.dll
0x00007ffcf5180000 - 0x00007ffcf522d000 	C:\Windows\System32\SHCORE.dll
0x00007ffcf5230000 - 0x00007ffcf5285000 	C:\Windows\System32\shlwapi.dll
0x00007ffcf4610000 - 0x00007ffcf4634000 	C:\Windows\SYSTEM32\profapi.dll
0x00007ffceb2d0000 - 0x00007ffceb3a7000 	C:\Program Files\Java\jdk-21\bin\jsvml.dll
0x00007ffce2f80000 - 0x00007ffce2f98000 	C:\Program Files\Java\jdk-21\bin\zip.dll
0x00007ffcf2610000 - 0x00007ffcf2620000 	C:\Program Files\Java\jdk-21\bin\net.dll
0x00007ffcecc30000 - 0x00007ffcecd3d000 	C:\Windows\SYSTEM32\WINHTTP.dll
0x00007ffcf3800000 - 0x00007ffcf386a000 	C:\Windows\system32\mswsock.dll
0x00007ffcf23e0000 - 0x00007ffcf23f6000 	C:\Program Files\Java\jdk-21\bin\nio.dll
0x00007ffce2d00000 - 0x00007ffce2d1a000 	C:\Users\Ric\AppData\Local\Programs\IntelliJ IDEA Community Edition\bin\breakgen64.dll
0x00007ffcf2600000 - 0x00007ffcf2609000 	C:\Program Files\Java\jdk-21\bin\extnet.dll
0x00007ffcf0690000 - 0x00007ffcf069a000 	C:\Program Files\Java\jdk-21\bin\management.dll
0x00007ffceb4a0000 - 0x00007ffceb4ab000 	C:\Program Files\Java\jdk-21\bin\management_ext.dll
0x00007ffcf5f00000 - 0x00007ffcf5f08000 	C:\Windows\System32\PSAPI.DLL
0x00007ffceb470000 - 0x00007ffceb47e000 	C:\Program Files\Java\jdk-21\bin\sunmscapi.dll
0x00007ffcf4d30000 - 0x00007ffcf4e8e000 	C:\Windows\System32\CRYPT32.dll
0x00007ffcf3940000 - 0x00007ffcf3969000 	C:\Windows\SYSTEM32\ncrypt.dll
0x00007ffcf3900000 - 0x00007ffcf393b000 	C:\Windows\SYSTEM32\NTASN1.dll
0x00007ffcf4370000 - 0x00007ffcf4388000 	C:\Windows\SYSTEM32\CRYPTSP.dll
0x00007ffcf3030000 - 0x00007ffcf3064000 	C:\Windows\system32\rsaenh.dll
0x00007ffcf4580000 - 0x00007ffcf45ae000 	C:\Windows\SYSTEM32\USERENV.dll
0x00007ffcf3890000 - 0x00007ffcf389c000 	C:\Windows\SYSTEM32\CRYPTBASE.dll
0x00007ffcf3390000 - 0x00007ffcf33cb000 	C:\Windows\SYSTEM32\IPHLPAPI.DLL
0x00007ffcf6730000 - 0x00007ffcf6738000 	C:\Windows\System32\NSI.dll
0x00007ffcf33d0000 - 0x00007ffcf349a000 	C:\Windows\SYSTEM32\DNSAPI.dll
0x00007ffce9000000 - 0x00007ffce900a000 	C:\Windows\System32\rasadhlp.dll
0x00007ffcea810000 - 0x00007ffcea890000 	C:\Windows\System32\fwpuclnt.dll
0x00007ffcf26c0000 - 0x00007ffcf26d0000 	C:\Program Files\Java\jdk-21\bin\verify.dll
0x00007ffce0f60000 - 0x00007ffce0f67000 	C:\Windows\system32\wshunix.dll

dbghelp: loaded successfully - version: 4.0.5 - missing functions: none
symbol engine: initialized successfully - sym options: 0x614 - pdb path: .;C:\Program Files\Java\jdk-21\bin;C:\Windows\SYSTEM32;C:\Windows\WinSxS\amd64_microsoft.windows.common-controls_6595b64144ccf1df_6.0.19041.4355_none_60b8b9eb71f62e16;C:\Program Files\Java\jdk-21\bin\server;C:\Users\Ric\AppData\Local\Programs\IntelliJ IDEA Community Edition\bin

VM Arguments:
jvm_args: -javaagent:C:\Users\Ric\AppData\Local\Programs\IntelliJ IDEA Community Edition\lib\idea_rt.jar=1894:C:\Users\Ric\AppData\Local\Programs\IntelliJ IDEA Community Edition\bin -Dfile.encoding=UTF-8 -Dsun.stdout.encoding=UTF-8 -Dsun.stderr.encoding=UTF-8 
java_command: com.hasinarezida.biblio.BiblioApplication
java_class_path (initial): C:\Users\Ric\Documents\projects\work\library\target\classes;C:\Users\Ric\.m2\repository\org\springframework\boot\spring-boot-starter-web\3.3.2\spring-boot-starter-web-3.3.2.jar;C:\Users\Ric\.m2\repository\org\springframework\boot\spring-boot-starter\3.3.2\spring-boot-starter-3.3.2.jar;C:\Users\Ric\.m2\repository\org\springframework\boot\spring-boot-starter-logging\3.3.2\spring-boot-starter-logging-3.3.2.jar;C:\Users\Ric\.m2\repository\ch\qos\logback\logback-classic\1.5.6\logback-classic-1.5.6.jar;C:\Users\Ric\.m2\repository\ch\qos\logback\logback-core\1.5.6\logback-core-1.5.6.jar;C:\Users\Ric\.m2\repository\org\apache\logging\log4j\log4j-to-slf4j\2.23.1\log4j-to-slf4j-2.23.1.jar;C:\Users\Ric\.m2\repository\org\apache\logging\log4j\log4j-api\2.23.1\log4j-api-2.23.1.jar;C:\Users\Ric\.m2\repository\org\slf4j\jul-to-slf4j\2.0.13\jul-to-slf4j-2.0.13.jar;C:\Users\Ric\.m2\repository\jakarta\annotation\jakarta.annotation-api\2.1.1\jakarta.annotation-api-2.1.1.jar;C:\Users\Ric\.m2\repository\org\yaml\snakeyaml\2.2\snakeyaml-2.2.jar;C:\Users\Ric\.m2\repository\org\springframework\boot\spring-boot-starter-json\3.3.2\spring-boot-starter-json-3.3.2.jar;C:\Users\Ric\.m2\repository\com\fasterxml\jackson\core\jackson-databind\2.17.2\jackson-databind-2.17.2.jar;C:\Users\Ric\.m2\repository\com\fasterxml\jackson\core\jackson-annotations\2.17.2\jackson-annotations-2.17.2.jar;C:\Users\Ric\.m2\repository\com\fasterxml\jackson\core\jackson-core\2.17.2\jackson-core-2.17.2.jar;C:\Users\Ric\.m2\repository\com\fasterxml\jackson\datatype\jackson-datatype-jdk8\2.17.2\jackson-datatype-jdk8-2.17.2.jar;C:\Users\Ric\.m2\repository\com\fasterxml\jackson\datatype\jackson-datatype-jsr310\2.17.2\jackson-datatype-jsr310-2.17.2.jar;C:\Users\Ric\.m2\repository\com\fasterxml\jackson\module\jackson-module-parameter-names\2.17.2\jackson-module-parameter-names-2.17.2.jar;C:\Users\Ric\.m2\repository\org\springframework\boot\spring-boot-starter-tomcat\3.3.2\spring-boot-starter-tomcat-3.3.2.jar;C:\Users\Ric\.m2\repository\org\apache\tomcat\embed\tomcat-embed-core\10.1.26\tomcat-embed-core-10.1.26.jar;C:\Users\Ric\.m2\repository\org\apache\tomcat\embed\tomcat-embed-el\10.1.26\tomcat-embed-el-10.1.26.jar;C:\Users\Ric\.m2\repository\org\apache\tomcat\embed\tomcat-embed-websocket\10.1.26\tomcat-embed-websocket-10.1.26.jar;C:\Users\Ric\.m2\repository\org\springframework\spring-web\6.1.11\spring-web-6.1.11.jar;C:\Users\Ric\.m2\repository\org\springframework\spring-beans\6.1.11\spring-beans-6.1.11.jar;C:\Users\Ric\.m2\repository\io\micrometer\micrometer-observation\1.13.2\micrometer-observation-1.13.2.jar;C:\Users\Ric\.m2\repository\io\micrometer\micrometer-commons\1.13.2\micrometer-commons-1.13.2.jar;C:\Users\Ric\.m2\repository\org\springframework\spring-webmvc\6.1.11\spring-webmvc-6.1.11.jar;C:\Users\Ric\.m2\repository\org\springframework\spring-context\6.1.11\spring-context-6.1.11.jar;C:\Users\Ric\.m2\repository\org\springframework\spring-expression\6.1.11\spring-expression-6.1.11.jar;C:\Users\Ric\.m2\repository\org\springframework\boot\spring-boot-starter-thymeleaf\3.3.2\spring-boot-starter-thymeleaf-3.3.2.jar;C:\Users\Ric\.m2\repository\org\thymeleaf\thymeleaf-spring6\3.1.2.RELEASE\thymeleaf-spring6-3.1.2.RELEASE.jar;C:\Users\Ric\.m2\repository\org\thymeleaf\thymeleaf\3.1.2.RELEASE\thymeleaf-3.1.2.RELEASE.jar;C:\Users\Ric\.m2\repository\org\attoparser\attoparser\2.0.7.RELEASE\attoparser-2.0.7.RELEASE.jar;C:\Users\Ric\.m2\repository\org\unbescape\unbescape\1.1.6.RELEASE\unbescape-1.1.6.RELEASE.jar;C:\Users\Ric\.m2\repository\org\slf4j\slf4j-api\2.0.13\slf4j-api-2.0.13.jar;C:\Users\Ric\.m2\repository\org\springframework\boot\spring-boot-starter-security\3.3.2\spring-boot-starter-security-3.3.2.jar;C:\Users\Ric\.m2\repository\org\springframework\spring-aop\6.1.11\spring-aop-6.1.11.jar;C:\Users\Ric\.m2\repository\org\springframework\security\spring-security-config\6.3.1\spring-security-config-6.3.1.jar;C:\Users\Ric\.m2\repository\org\springframework\security\spring-security-web\6.3.1\spring-security-web-6.3.1.jar;C:\Users\Ric\.m2\repository\org\springframework\boot\spring-boot-starter-data-jpa\3.3.2\spring-boot-starter-data-jpa-3.3.2.jar;C:\Users\Ric\.m2\repository\org\springframework\boot\spring-boot-starter-aop\3.3.2\spring-boot-starter-aop-3.3.2.jar;C:\Users\Ric\.m2\repository\org\aspectj\aspectjweaver\1.9.22.1\aspectjweaver-1.9.22.1.jar;C:\Users\Ric\.m2\repository\org\springframework\boot\spring-boot-starter-jdbc\3.3.2\spring-boot-starter-jdbc-3.3.2.jar;C:\Users\Ric\.m2\repository\com\zaxxer\HikariCP\5.1.0\HikariCP-5.1.0.jar;C:\Users\Ric\.m2\repository\org\springframework\spring-jdbc\6.1.11\spring-jdbc-6.1.11.jar;C:\Users\Ric\.m2\repository\org\hibernate\orm\hibernate-core\6.5.2.Final\hibernate-core-6.5.2.Final.jar;C:\Users\Ric\.m2\repository\jakarta\persistence\jakarta.persistence-api\3.1.0\jakarta.persistence-api-3.1.0.jar;C:\Users\Ric\.m2\repository\jakarta\transaction\jakarta.transaction-api\2.0.1\jakarta.transaction-api-2.0.1.jar;C:\Users\Ric\.m2\repository\org\jboss\logging\jboss-logging\3.5.3.Final\jboss-logging-3.5.3.Final.jar;C:\Users\Ric\.m2\repository\org\hibernate\common\hibernate-commons-annotations\6.0.6.Final\hibernate-commons-annotations-6.0.6.Final.jar;C:\Users\Ric\.m2\repository\io\smallrye\jandex\3.1.2\jandex-3.1.2.jar;C:\Users\Ric\.m2\repository\com\fasterxml\classmate\1.7.0\classmate-1.7.0.jar;C:\Users\Ric\.m2\repository\net\bytebuddy\byte-buddy\1.14.18\byte-buddy-1.14.18.jar;C:\Users\Ric\.m2\repository\org\glassfish\jaxb\jaxb-runtime\4.0.5\jaxb-runtime-4.0.5.jar;C:\Users\Ric\.m2\repository\org\glassfish\jaxb\jaxb-core\4.0.5\jaxb-core-4.0.5.jar;C:\Users\Ric\.m2\repository\org\eclipse\angus\angus-activation\2.0.2\angus-activation-2.0.2.jar;C:\Users\Ric\.m2\repository\org\glassfish\jaxb\txw2\4.0.5\txw2-4.0.5.jar;C:\Users\Ric\.m2\repository\com\sun\istack\istack-commons-runtime\4.1.2\istack-commons-runtime-4.1.2.jar;C:\Users\Ric\.m2\repository\jakarta\inject\jakarta.inject-api\2.0.1\jakarta.inject-api-2.0.1.jar;C:\Users\Ric\.m2\repository\org\antlr\antlr4-runtime\4.13.0\antlr4-runtime-4.13.0.jar;C:\Users\Ric\.m2\repository\org\springframework\data\spring-data-jpa\3.3.2\spring-data-jpa-3.3.2.jar;C:\Users\Ric\.m2\repository\org\springframework\data\spring-data-commons\3.3.2\spring-data-commons-3.3.2.jar;C:\Users\Ric\.m2\repository\org\springframework\spring-orm\6.1.11\spring-orm-6.1.11.jar;C:\Users\Ric\.m2\repository\org\springframework\spring-tx\6.1.11\spring-tx-6.1.11.jar;C:\Users\Ric\.m2\repository\org\springframework\spring-aspects\6.1.11\spring-aspects-6.1.11.jar;C:\Users\Ric\.m2\repository\org\postgresql\postgresql\42.7.3\postgresql-42.7.3.jar;C:\Users\Ric\.m2\repository\org\checkerframework\checker-qual\3.42.0\checker-qual-3.42.0.jar;C:\Users\Ric\.m2\repository\com\h2database\h2\2.2.224\h2-2.2.224.jar;C:\Users\Ric\.m2\repository\org\springframework\boot\spring-boot-devtools\3.3.2\spring-boot-devtools-3.3.2.jar;C:\Users\Ric\.m2\repository\org\springframework\boot\spring-boot\3.3.2\spring-boot-3.3.2.jar;C:\Users\Ric\.m2\repository\org\springframework\boot\spring-boot-autoconfigure\3.3.2\spring-boot-autoconfigure-3.3.2.jar;C:\Users\Ric\.m2\repository\jakarta\xml\bind\jakarta.xml.bind-api\4.0.2\jakarta.xml.bind-api-4.0.2.jar;C:\Users\Ric\.m2\repository\jakarta\activation\jakarta.activation-api\2.1.3\jakarta.activation-api-2.1.3.jar;C:\Users\Ric\.m2\repository\org\springframework\spring-core\6.1.11\spring-core-6.1.11.jar;C:\Users\Ric\.m2\repository\org\springframework\spring-jcl\6.1.11\spring-jcl-6.1.11.jar;C:\Users\Ric\.m2\repository\org\springframework\security\spring-security-core\6.3.1\spring-security-core-6.3.1.jar;C:\Users\Ric\.m2\repository\org\springframework\security\spring-security-crypto\6.3.1\spring-security-crypto-6.3.1.jar
Launcher Type: SUN_STANDARD

[Global flags]
     intx CICompilerCount                          = 3                                         {product} {ergonomic}
     uint ConcGCThreads                            = 1                                         {product} {ergonomic}
     uint G1ConcRefinementThreads                  = 4                                         {product} {ergonomic}
   size_t G1HeapRegionSize                         = 1048576                                   {product} {ergonomic}
    uintx GCDrainStackTargetSize                   = 64                                        {product} {ergonomic}
   size_t InitialHeapSize                          = 65011712                                  {product} {ergonomic}
   size_t MarkStackSize                            = 4194304                                   {product} {ergonomic}
   size_t MaxHeapSize                              = 1031798784                                {product} {ergonomic}
   size_t MaxNewSize                               = 618659840                                 {product} {ergonomic}
   size_t MinHeapDeltaBytes                        = 1048576                                   {product} {ergonomic}
   size_t MinHeapSize                              = 8388608                                   {product} {ergonomic}
    uintx NonNMethodCodeHeapSize                   = 5832780                                {pd product} {ergonomic}
    uintx NonProfiledCodeHeapSize                  = 122912730                              {pd product} {ergonomic}
    uintx ProfiledCodeHeapSize                     = 122912730                              {pd product} {ergonomic}
    uintx ReservedCodeCacheSize                    = 251658240                              {pd product} {ergonomic}
     bool SegmentedCodeCache                       = true                                      {product} {ergonomic}
   size_t SoftMaxHeapSize                          = 1031798784                             {manageable} {ergonomic}
     bool UseCompressedOops                        = true                           {product lp64_product} {ergonomic}
     bool UseG1GC                                  = true                                      {product} {ergonomic}
     bool UseLargePagesIndividualAllocation        = false                                  {pd product} {ergonomic}

Logging:
Log output configuration:
 #0: stdout all=warning uptime,level,tags foldmultilines=false
 #1: stderr all=off uptime,level,tags foldmultilines=false

Environment Variables:
PATH=C:\Program Files\Common Files\Oracle\Java\javapath;C:\Windows\system32;C:\Windows;C:\Windows\System32\Wbem;C:\Windows\System32\WindowsPowerShell\v1.0\;C:\Windows\System32\OpenSSH\;C:\Program Files\Microsoft SQL Server\150\Tools\Binn\;C:\Program Files\Git\bin;C:\Users\Ric\AppData\Roaming\nvm;C:\Program Files\nodejs;C:\Program Files\Docker\Docker\resources\bin;C:\Users\Ric\AppData\Local\Programs\Python\Python311\Scripts\;C:\Users\Ric\AppData\Local\Programs\Python\Python311\;C:\Users\Ric\AppData\Local\Microsoft\WindowsApps;C:\Users\Ric\.dotnet\tools;C:\Users\Ric\AppData\Local\Programs\Microsoft VS Code\bin;C:\dev\flutter\bin;C:\Users\Ric\AppData\Roaming\npm;C:\Users\Ric\AppData\Roaming\nvm;C:\Program Files\nodejs;C:\Users\Ric\AppData\Local\JetBrains\Toolbox\scripts;C:\Users\Ric\modelio\Modelio Open Source 5.4\plugins\org.apache.ant_1.10.9.v20201106-1946\META-INF;C:\Users\Ric\Documents\projects\work\biblio;C:\Program Files\PostgreSQL\16\bin;
USERNAME=Ric
OS=Windows_NT
PROCESSOR_IDENTIFIER=Intel64 Family 6 Model 58 Stepping 9, GenuineIntel
TMP=C:\Users\Ric\AppData\Local\Temp
TEMP=C:\Users\Ric\AppData\Local\Temp




Periodic native trim disabled

---------------  S Y S T E M  ---------------

OS:
 Windows 10 , 64 bit Build 19041 (10.0.19041.4717)
OS uptime: 0 days 13:28 hours
Hyper-V role detected

CPU: total 4 (initial active 4) (2 cores per cpu, 2 threads per core) family 6 model 58 stepping 9 microcode 0x21, cx8, cmov, fxsr, ht, mmx, sse, sse2, sse3, ssse3, sse4.1, sse4.2, popcnt, tsc, tscinvbit, avx, aes, erms, clmul, vzeroupper, clflush, hv, rdtscp, f16c
Processor Information for all 4 processors :
  Max Mhz: 2501, Current Mhz: 2100, Mhz Limit: 2075

Memory: 4k page, system-wide physical 3933M (101M free)
TotalPageFile size 8109M (AvailPageFile size 5M)
current process WorkingSet (physical memory assigned to process): 209M, peak: 230M
current process commit charge ("private bytes"): 271M, peak: 272M

vm_info: Java HotSpot(TM) 64-Bit Server VM (21.0.4+8-LTS-274) for windows-amd64 JRE (21.0.4+8-LTS-274), built on 2024-06-05T05:23:33Z by "mach5one" with MS VC++ 17.6 (VS2022)

END.
